[2022-03-28 07:08:38,677] {processor.py:163} INFO - Started process (PID=155) to work on /home/airflow/.local/lib/python3.7/site-packages/airflow/example_dags/example_skip_dag.py
[2022-03-28 07:08:38,679] {processor.py:642} INFO - Processing file /home/airflow/.local/lib/python3.7/site-packages/airflow/example_dags/example_skip_dag.py for tasks to queue
[2022-03-28 07:08:38,680] {logging_mixin.py:109} INFO - [2022-03-28 07:08:38,679] {dagbag.py:500} INFO - Filling up the DagBag from /home/airflow/.local/lib/python3.7/site-packages/airflow/example_dags/example_skip_dag.py
[2022-03-28 07:08:38,719] {processor.py:654} INFO - DAG(s) dict_keys(['example_skip_dag']) retrieved from /home/airflow/.local/lib/python3.7/site-packages/airflow/example_dags/example_skip_dag.py
[2022-03-28 07:08:40,873] {logging_mixin.py:109} INFO - [2022-03-28 07:08:40,873] {manager.py:496} INFO - Created Permission View: can read on DAG:example_skip_dag
[2022-03-28 07:08:40,883] {logging_mixin.py:109} INFO - [2022-03-28 07:08:40,883] {manager.py:496} INFO - Created Permission View: can edit on DAG:example_skip_dag
[2022-03-28 07:08:40,884] {logging_mixin.py:109} INFO - [2022-03-28 07:08:40,883] {dag.py:2398} INFO - Sync 1 DAGs
[2022-03-28 07:08:40,893] {logging_mixin.py:109} INFO - [2022-03-28 07:08:40,892] {dag.py:2417} INFO - Creating ORM DAG for example_skip_dag
[2022-03-28 07:08:40,909] {logging_mixin.py:109} INFO - [2022-03-28 07:08:40,908] {dag.py:2937} INFO - Setting next_dagrun for example_skip_dag to 2022-03-27T07:08:40.908561+00:00
[2022-03-28 07:08:40,924] {processor.py:171} INFO - Processing /home/airflow/.local/lib/python3.7/site-packages/airflow/example_dags/example_skip_dag.py took 2.249 seconds
[2022-03-28 07:09:11,081] {processor.py:163} INFO - Started process (PID=480) to work on /home/airflow/.local/lib/python3.7/site-packages/airflow/example_dags/example_skip_dag.py
[2022-03-28 07:09:11,082] {processor.py:642} INFO - Processing file /home/airflow/.local/lib/python3.7/site-packages/airflow/example_dags/example_skip_dag.py for tasks to queue
[2022-03-28 07:09:11,083] {logging_mixin.py:109} INFO - [2022-03-28 07:09:11,083] {dagbag.py:500} INFO - Filling up the DagBag from /home/airflow/.local/lib/python3.7/site-packages/airflow/example_dags/example_skip_dag.py
[2022-03-28 07:09:11,114] {processor.py:654} INFO - DAG(s) dict_keys(['example_skip_dag']) retrieved from /home/airflow/.local/lib/python3.7/site-packages/airflow/example_dags/example_skip_dag.py
[2022-03-28 07:09:11,127] {logging_mixin.py:109} INFO - [2022-03-28 07:09:11,127] {dag.py:2398} INFO - Sync 1 DAGs
[2022-03-28 07:09:11,145] {logging_mixin.py:109} INFO - [2022-03-28 07:09:11,145] {dag.py:2937} INFO - Setting next_dagrun for example_skip_dag to 2022-03-27T07:09:11.145172+00:00
[2022-03-28 07:09:11,157] {processor.py:171} INFO - Processing /home/airflow/.local/lib/python3.7/site-packages/airflow/example_dags/example_skip_dag.py took 0.079 seconds
[2022-03-28 07:09:42,056] {processor.py:163} INFO - Started process (PID=532) to work on /home/airflow/.local/lib/python3.7/site-packages/airflow/example_dags/example_skip_dag.py
[2022-03-28 07:09:42,057] {processor.py:642} INFO - Processing file /home/airflow/.local/lib/python3.7/site-packages/airflow/example_dags/example_skip_dag.py for tasks to queue
[2022-03-28 07:09:42,059] {logging_mixin.py:109} INFO - [2022-03-28 07:09:42,058] {dagbag.py:500} INFO - Filling up the DagBag from /home/airflow/.local/lib/python3.7/site-packages/airflow/example_dags/example_skip_dag.py
[2022-03-28 07:09:42,091] {processor.py:654} INFO - DAG(s) dict_keys(['example_skip_dag']) retrieved from /home/airflow/.local/lib/python3.7/site-packages/airflow/example_dags/example_skip_dag.py
[2022-03-28 07:09:42,105] {logging_mixin.py:109} INFO - [2022-03-28 07:09:42,104] {dag.py:2398} INFO - Sync 1 DAGs
[2022-03-28 07:09:42,120] {logging_mixin.py:109} INFO - [2022-03-28 07:09:42,120] {dag.py:2937} INFO - Setting next_dagrun for example_skip_dag to 2022-03-27T07:09:42.120463+00:00
[2022-03-28 07:09:42,132] {processor.py:171} INFO - Processing /home/airflow/.local/lib/python3.7/site-packages/airflow/example_dags/example_skip_dag.py took 0.080 seconds
[2022-03-28 07:10:12,666] {processor.py:163} INFO - Started process (PID=583) to work on /home/airflow/.local/lib/python3.7/site-packages/airflow/example_dags/example_skip_dag.py
[2022-03-28 07:10:12,667] {processor.py:642} INFO - Processing file /home/airflow/.local/lib/python3.7/site-packages/airflow/example_dags/example_skip_dag.py for tasks to queue
[2022-03-28 07:10:12,668] {logging_mixin.py:109} INFO - [2022-03-28 07:10:12,668] {dagbag.py:500} INFO - Filling up the DagBag from /home/airflow/.local/lib/python3.7/site-packages/airflow/example_dags/example_skip_dag.py
[2022-03-28 07:10:12,696] {processor.py:654} INFO - DAG(s) dict_keys(['example_skip_dag']) retrieved from /home/airflow/.local/lib/python3.7/site-packages/airflow/example_dags/example_skip_dag.py
[2022-03-28 07:10:12,706] {logging_mixin.py:109} INFO - [2022-03-28 07:10:12,706] {dag.py:2398} INFO - Sync 1 DAGs
[2022-03-28 07:10:12,719] {logging_mixin.py:109} INFO - [2022-03-28 07:10:12,719] {dag.py:2937} INFO - Setting next_dagrun for example_skip_dag to 2022-03-27T07:10:12.719287+00:00
[2022-03-28 07:10:12,730] {processor.py:171} INFO - Processing /home/airflow/.local/lib/python3.7/site-packages/airflow/example_dags/example_skip_dag.py took 0.067 seconds
[2022-03-28 07:10:43,383] {processor.py:163} INFO - Started process (PID=643) to work on /home/airflow/.local/lib/python3.7/site-packages/airflow/example_dags/example_skip_dag.py
[2022-03-28 07:10:43,384] {processor.py:642} INFO - Processing file /home/airflow/.local/lib/python3.7/site-packages/airflow/example_dags/example_skip_dag.py for tasks to queue
[2022-03-28 07:10:43,385] {logging_mixin.py:109} INFO - [2022-03-28 07:10:43,385] {dagbag.py:500} INFO - Filling up the DagBag from /home/airflow/.local/lib/python3.7/site-packages/airflow/example_dags/example_skip_dag.py
[2022-03-28 07:10:43,411] {processor.py:654} INFO - DAG(s) dict_keys(['example_skip_dag']) retrieved from /home/airflow/.local/lib/python3.7/site-packages/airflow/example_dags/example_skip_dag.py
[2022-03-28 07:10:43,421] {logging_mixin.py:109} INFO - [2022-03-28 07:10:43,421] {dag.py:2398} INFO - Sync 1 DAGs
[2022-03-28 07:10:43,435] {logging_mixin.py:109} INFO - [2022-03-28 07:10:43,435] {dag.py:2937} INFO - Setting next_dagrun for example_skip_dag to 2022-03-27T07:10:43.434859+00:00
[2022-03-28 07:10:43,445] {processor.py:171} INFO - Processing /home/airflow/.local/lib/python3.7/site-packages/airflow/example_dags/example_skip_dag.py took 0.064 seconds
[2022-03-28 07:11:13,860] {processor.py:163} INFO - Started process (PID=695) to work on /home/airflow/.local/lib/python3.7/site-packages/airflow/example_dags/example_skip_dag.py
[2022-03-28 07:11:13,862] {processor.py:642} INFO - Processing file /home/airflow/.local/lib/python3.7/site-packages/airflow/example_dags/example_skip_dag.py for tasks to queue
[2022-03-28 07:11:13,863] {logging_mixin.py:109} INFO - [2022-03-28 07:11:13,863] {dagbag.py:500} INFO - Filling up the DagBag from /home/airflow/.local/lib/python3.7/site-packages/airflow/example_dags/example_skip_dag.py
[2022-03-28 07:11:13,891] {processor.py:654} INFO - DAG(s) dict_keys(['example_skip_dag']) retrieved from /home/airflow/.local/lib/python3.7/site-packages/airflow/example_dags/example_skip_dag.py
[2022-03-28 07:11:13,902] {logging_mixin.py:109} INFO - [2022-03-28 07:11:13,902] {dag.py:2398} INFO - Sync 1 DAGs
[2022-03-28 07:11:13,918] {logging_mixin.py:109} INFO - [2022-03-28 07:11:13,918] {dag.py:2937} INFO - Setting next_dagrun for example_skip_dag to 2022-03-27T07:11:13.917982+00:00
[2022-03-28 07:11:13,928] {processor.py:171} INFO - Processing /home/airflow/.local/lib/python3.7/site-packages/airflow/example_dags/example_skip_dag.py took 0.070 seconds
[2022-03-28 07:11:44,299] {processor.py:163} INFO - Started process (PID=746) to work on /home/airflow/.local/lib/python3.7/site-packages/airflow/example_dags/example_skip_dag.py
[2022-03-28 07:11:44,301] {processor.py:642} INFO - Processing file /home/airflow/.local/lib/python3.7/site-packages/airflow/example_dags/example_skip_dag.py for tasks to queue
[2022-03-28 07:11:44,303] {logging_mixin.py:109} INFO - [2022-03-28 07:11:44,303] {dagbag.py:500} INFO - Filling up the DagBag from /home/airflow/.local/lib/python3.7/site-packages/airflow/example_dags/example_skip_dag.py
[2022-03-28 07:11:44,335] {processor.py:654} INFO - DAG(s) dict_keys(['example_skip_dag']) retrieved from /home/airflow/.local/lib/python3.7/site-packages/airflow/example_dags/example_skip_dag.py
[2022-03-28 07:11:44,346] {logging_mixin.py:109} INFO - [2022-03-28 07:11:44,346] {dag.py:2398} INFO - Sync 1 DAGs
[2022-03-28 07:11:44,359] {logging_mixin.py:109} INFO - [2022-03-28 07:11:44,359] {dag.py:2937} INFO - Setting next_dagrun for example_skip_dag to 2022-03-27T07:11:44.359324+00:00
[2022-03-28 07:11:44,369] {processor.py:171} INFO - Processing /home/airflow/.local/lib/python3.7/site-packages/airflow/example_dags/example_skip_dag.py took 0.075 seconds
[2022-03-28 07:12:14,734] {processor.py:163} INFO - Started process (PID=806) to work on /home/airflow/.local/lib/python3.7/site-packages/airflow/example_dags/example_skip_dag.py
[2022-03-28 07:12:14,736] {processor.py:642} INFO - Processing file /home/airflow/.local/lib/python3.7/site-packages/airflow/example_dags/example_skip_dag.py for tasks to queue
[2022-03-28 07:12:14,737] {logging_mixin.py:109} INFO - [2022-03-28 07:12:14,737] {dagbag.py:500} INFO - Filling up the DagBag from /home/airflow/.local/lib/python3.7/site-packages/airflow/example_dags/example_skip_dag.py
[2022-03-28 07:12:14,775] {processor.py:654} INFO - DAG(s) dict_keys(['example_skip_dag']) retrieved from /home/airflow/.local/lib/python3.7/site-packages/airflow/example_dags/example_skip_dag.py
[2022-03-28 07:12:14,792] {logging_mixin.py:109} INFO - [2022-03-28 07:12:14,792] {dag.py:2398} INFO - Sync 1 DAGs
[2022-03-28 07:12:14,814] {logging_mixin.py:109} INFO - [2022-03-28 07:12:14,814] {dag.py:2937} INFO - Setting next_dagrun for example_skip_dag to 2022-03-27T07:12:14.814301+00:00
[2022-03-28 07:12:14,827] {processor.py:171} INFO - Processing /home/airflow/.local/lib/python3.7/site-packages/airflow/example_dags/example_skip_dag.py took 0.098 seconds
[2022-03-28 07:12:45,409] {processor.py:163} INFO - Started process (PID=857) to work on /home/airflow/.local/lib/python3.7/site-packages/airflow/example_dags/example_skip_dag.py
[2022-03-28 07:12:45,411] {processor.py:642} INFO - Processing file /home/airflow/.local/lib/python3.7/site-packages/airflow/example_dags/example_skip_dag.py for tasks to queue
[2022-03-28 07:12:45,413] {logging_mixin.py:109} INFO - [2022-03-28 07:12:45,412] {dagbag.py:500} INFO - Filling up the DagBag from /home/airflow/.local/lib/python3.7/site-packages/airflow/example_dags/example_skip_dag.py
[2022-03-28 07:12:45,450] {processor.py:654} INFO - DAG(s) dict_keys(['example_skip_dag']) retrieved from /home/airflow/.local/lib/python3.7/site-packages/airflow/example_dags/example_skip_dag.py
[2022-03-28 07:12:45,465] {logging_mixin.py:109} INFO - [2022-03-28 07:12:45,465] {dag.py:2398} INFO - Sync 1 DAGs
[2022-03-28 07:12:45,497] {logging_mixin.py:109} INFO - [2022-03-28 07:12:45,497] {dag.py:2937} INFO - Setting next_dagrun for example_skip_dag to 2022-03-27T07:12:45.496805+00:00
[2022-03-28 07:12:45,517] {processor.py:171} INFO - Processing /home/airflow/.local/lib/python3.7/site-packages/airflow/example_dags/example_skip_dag.py took 0.110 seconds
[2022-03-28 07:13:15,857] {processor.py:163} INFO - Started process (PID=908) to work on /home/airflow/.local/lib/python3.7/site-packages/airflow/example_dags/example_skip_dag.py
[2022-03-28 07:13:15,859] {processor.py:642} INFO - Processing file /home/airflow/.local/lib/python3.7/site-packages/airflow/example_dags/example_skip_dag.py for tasks to queue
[2022-03-28 07:13:15,860] {logging_mixin.py:109} INFO - [2022-03-28 07:13:15,860] {dagbag.py:500} INFO - Filling up the DagBag from /home/airflow/.local/lib/python3.7/site-packages/airflow/example_dags/example_skip_dag.py
[2022-03-28 07:13:15,889] {processor.py:654} INFO - DAG(s) dict_keys(['example_skip_dag']) retrieved from /home/airflow/.local/lib/python3.7/site-packages/airflow/example_dags/example_skip_dag.py
[2022-03-28 07:13:15,900] {logging_mixin.py:109} INFO - [2022-03-28 07:13:15,900] {dag.py:2398} INFO - Sync 1 DAGs
[2022-03-28 07:13:15,915] {logging_mixin.py:109} INFO - [2022-03-28 07:13:15,915] {dag.py:2937} INFO - Setting next_dagrun for example_skip_dag to 2022-03-27T07:13:15.915140+00:00
[2022-03-28 07:13:15,925] {processor.py:171} INFO - Processing /home/airflow/.local/lib/python3.7/site-packages/airflow/example_dags/example_skip_dag.py took 0.071 seconds
[2022-03-28 07:13:46,362] {processor.py:163} INFO - Started process (PID=968) to work on /home/airflow/.local/lib/python3.7/site-packages/airflow/example_dags/example_skip_dag.py
[2022-03-28 07:13:46,363] {processor.py:642} INFO - Processing file /home/airflow/.local/lib/python3.7/site-packages/airflow/example_dags/example_skip_dag.py for tasks to queue
[2022-03-28 07:13:46,364] {logging_mixin.py:109} INFO - [2022-03-28 07:13:46,364] {dagbag.py:500} INFO - Filling up the DagBag from /home/airflow/.local/lib/python3.7/site-packages/airflow/example_dags/example_skip_dag.py
[2022-03-28 07:13:46,394] {processor.py:654} INFO - DAG(s) dict_keys(['example_skip_dag']) retrieved from /home/airflow/.local/lib/python3.7/site-packages/airflow/example_dags/example_skip_dag.py
[2022-03-28 07:13:46,405] {logging_mixin.py:109} INFO - [2022-03-28 07:13:46,405] {dag.py:2398} INFO - Sync 1 DAGs
[2022-03-28 07:13:46,420] {logging_mixin.py:109} INFO - [2022-03-28 07:13:46,420] {dag.py:2937} INFO - Setting next_dagrun for example_skip_dag to 2022-03-27T07:13:46.420184+00:00
[2022-03-28 07:13:46,429] {processor.py:171} INFO - Processing /home/airflow/.local/lib/python3.7/site-packages/airflow/example_dags/example_skip_dag.py took 0.069 seconds
[2022-03-28 07:14:17,001] {processor.py:163} INFO - Started process (PID=1019) to work on /home/airflow/.local/lib/python3.7/site-packages/airflow/example_dags/example_skip_dag.py
[2022-03-28 07:14:17,002] {processor.py:642} INFO - Processing file /home/airflow/.local/lib/python3.7/site-packages/airflow/example_dags/example_skip_dag.py for tasks to queue
[2022-03-28 07:14:17,003] {logging_mixin.py:109} INFO - [2022-03-28 07:14:17,003] {dagbag.py:500} INFO - Filling up the DagBag from /home/airflow/.local/lib/python3.7/site-packages/airflow/example_dags/example_skip_dag.py
[2022-03-28 07:14:17,036] {processor.py:654} INFO - DAG(s) dict_keys(['example_skip_dag']) retrieved from /home/airflow/.local/lib/python3.7/site-packages/airflow/example_dags/example_skip_dag.py
[2022-03-28 07:14:17,048] {logging_mixin.py:109} INFO - [2022-03-28 07:14:17,048] {dag.py:2398} INFO - Sync 1 DAGs
[2022-03-28 07:14:17,067] {logging_mixin.py:109} INFO - [2022-03-28 07:14:17,066] {dag.py:2937} INFO - Setting next_dagrun for example_skip_dag to 2022-03-27T07:14:17.066619+00:00
[2022-03-28 07:14:17,079] {processor.py:171} INFO - Processing /home/airflow/.local/lib/python3.7/site-packages/airflow/example_dags/example_skip_dag.py took 0.081 seconds
[2022-03-28 07:14:47,657] {processor.py:163} INFO - Started process (PID=1070) to work on /home/airflow/.local/lib/python3.7/site-packages/airflow/example_dags/example_skip_dag.py
[2022-03-28 07:14:47,659] {processor.py:642} INFO - Processing file /home/airflow/.local/lib/python3.7/site-packages/airflow/example_dags/example_skip_dag.py for tasks to queue
[2022-03-28 07:14:47,660] {logging_mixin.py:109} INFO - [2022-03-28 07:14:47,660] {dagbag.py:500} INFO - Filling up the DagBag from /home/airflow/.local/lib/python3.7/site-packages/airflow/example_dags/example_skip_dag.py
[2022-03-28 07:14:47,687] {processor.py:654} INFO - DAG(s) dict_keys(['example_skip_dag']) retrieved from /home/airflow/.local/lib/python3.7/site-packages/airflow/example_dags/example_skip_dag.py
[2022-03-28 07:14:47,697] {logging_mixin.py:109} INFO - [2022-03-28 07:14:47,697] {dag.py:2398} INFO - Sync 1 DAGs
[2022-03-28 07:14:47,712] {logging_mixin.py:109} INFO - [2022-03-28 07:14:47,712] {dag.py:2937} INFO - Setting next_dagrun for example_skip_dag to 2022-03-27T07:14:47.712140+00:00
[2022-03-28 07:14:47,722] {processor.py:171} INFO - Processing /home/airflow/.local/lib/python3.7/site-packages/airflow/example_dags/example_skip_dag.py took 0.068 seconds
[2022-03-28 07:15:18,374] {processor.py:163} INFO - Started process (PID=1130) to work on /home/airflow/.local/lib/python3.7/site-packages/airflow/example_dags/example_skip_dag.py
[2022-03-28 07:15:18,375] {processor.py:642} INFO - Processing file /home/airflow/.local/lib/python3.7/site-packages/airflow/example_dags/example_skip_dag.py for tasks to queue
[2022-03-28 07:15:18,376] {logging_mixin.py:109} INFO - [2022-03-28 07:15:18,376] {dagbag.py:500} INFO - Filling up the DagBag from /home/airflow/.local/lib/python3.7/site-packages/airflow/example_dags/example_skip_dag.py
[2022-03-28 07:15:18,405] {processor.py:654} INFO - DAG(s) dict_keys(['example_skip_dag']) retrieved from /home/airflow/.local/lib/python3.7/site-packages/airflow/example_dags/example_skip_dag.py
[2022-03-28 07:15:18,416] {logging_mixin.py:109} INFO - [2022-03-28 07:15:18,416] {dag.py:2398} INFO - Sync 1 DAGs
[2022-03-28 07:15:18,431] {logging_mixin.py:109} INFO - [2022-03-28 07:15:18,431] {dag.py:2937} INFO - Setting next_dagrun for example_skip_dag to 2022-03-27T07:15:18.431656+00:00
[2022-03-28 07:15:18,442] {processor.py:171} INFO - Processing /home/airflow/.local/lib/python3.7/site-packages/airflow/example_dags/example_skip_dag.py took 0.072 seconds
[2022-03-28 07:15:48,708] {processor.py:163} INFO - Started process (PID=1181) to work on /home/airflow/.local/lib/python3.7/site-packages/airflow/example_dags/example_skip_dag.py
[2022-03-28 07:15:48,709] {processor.py:642} INFO - Processing file /home/airflow/.local/lib/python3.7/site-packages/airflow/example_dags/example_skip_dag.py for tasks to queue
[2022-03-28 07:15:48,710] {logging_mixin.py:109} INFO - [2022-03-28 07:15:48,710] {dagbag.py:500} INFO - Filling up the DagBag from /home/airflow/.local/lib/python3.7/site-packages/airflow/example_dags/example_skip_dag.py
[2022-03-28 07:15:48,737] {processor.py:654} INFO - DAG(s) dict_keys(['example_skip_dag']) retrieved from /home/airflow/.local/lib/python3.7/site-packages/airflow/example_dags/example_skip_dag.py
[2022-03-28 07:15:48,751] {logging_mixin.py:109} INFO - [2022-03-28 07:15:48,751] {dag.py:2398} INFO - Sync 1 DAGs
[2022-03-28 07:15:48,765] {logging_mixin.py:109} INFO - [2022-03-28 07:15:48,765] {dag.py:2937} INFO - Setting next_dagrun for example_skip_dag to 2022-03-27T07:15:48.765098+00:00
[2022-03-28 07:15:48,774] {processor.py:171} INFO - Processing /home/airflow/.local/lib/python3.7/site-packages/airflow/example_dags/example_skip_dag.py took 0.069 seconds
[2022-03-28 07:16:19,241] {processor.py:163} INFO - Started process (PID=1239) to work on /home/airflow/.local/lib/python3.7/site-packages/airflow/example_dags/example_skip_dag.py
[2022-03-28 07:16:19,243] {processor.py:642} INFO - Processing file /home/airflow/.local/lib/python3.7/site-packages/airflow/example_dags/example_skip_dag.py for tasks to queue
[2022-03-28 07:16:19,244] {logging_mixin.py:109} INFO - [2022-03-28 07:16:19,243] {dagbag.py:500} INFO - Filling up the DagBag from /home/airflow/.local/lib/python3.7/site-packages/airflow/example_dags/example_skip_dag.py
[2022-03-28 07:16:19,282] {processor.py:654} INFO - DAG(s) dict_keys(['example_skip_dag']) retrieved from /home/airflow/.local/lib/python3.7/site-packages/airflow/example_dags/example_skip_dag.py
[2022-03-28 07:16:19,294] {logging_mixin.py:109} INFO - [2022-03-28 07:16:19,294] {dag.py:2398} INFO - Sync 1 DAGs
[2022-03-28 07:16:19,313] {logging_mixin.py:109} INFO - [2022-03-28 07:16:19,313] {dag.py:2937} INFO - Setting next_dagrun for example_skip_dag to 2022-03-27T07:16:19.312831+00:00
[2022-03-28 07:16:19,324] {processor.py:171} INFO - Processing /home/airflow/.local/lib/python3.7/site-packages/airflow/example_dags/example_skip_dag.py took 0.086 seconds
[2022-03-28 07:16:49,851] {processor.py:163} INFO - Started process (PID=1293) to work on /home/airflow/.local/lib/python3.7/site-packages/airflow/example_dags/example_skip_dag.py
[2022-03-28 07:16:49,853] {processor.py:642} INFO - Processing file /home/airflow/.local/lib/python3.7/site-packages/airflow/example_dags/example_skip_dag.py for tasks to queue
[2022-03-28 07:16:49,854] {logging_mixin.py:109} INFO - [2022-03-28 07:16:49,854] {dagbag.py:500} INFO - Filling up the DagBag from /home/airflow/.local/lib/python3.7/site-packages/airflow/example_dags/example_skip_dag.py
[2022-03-28 07:16:49,893] {processor.py:654} INFO - DAG(s) dict_keys(['example_skip_dag']) retrieved from /home/airflow/.local/lib/python3.7/site-packages/airflow/example_dags/example_skip_dag.py
[2022-03-28 07:16:49,906] {logging_mixin.py:109} INFO - [2022-03-28 07:16:49,906] {dag.py:2398} INFO - Sync 1 DAGs
[2022-03-28 07:16:49,926] {logging_mixin.py:109} INFO - [2022-03-28 07:16:49,926] {dag.py:2937} INFO - Setting next_dagrun for example_skip_dag to 2022-03-27T07:16:49.926612+00:00
[2022-03-28 07:16:49,937] {processor.py:171} INFO - Processing /home/airflow/.local/lib/python3.7/site-packages/airflow/example_dags/example_skip_dag.py took 0.089 seconds
[2022-03-28 07:17:20,369] {processor.py:163} INFO - Started process (PID=1344) to work on /home/airflow/.local/lib/python3.7/site-packages/airflow/example_dags/example_skip_dag.py
[2022-03-28 07:17:20,371] {processor.py:642} INFO - Processing file /home/airflow/.local/lib/python3.7/site-packages/airflow/example_dags/example_skip_dag.py for tasks to queue
[2022-03-28 07:17:20,372] {logging_mixin.py:109} INFO - [2022-03-28 07:17:20,372] {dagbag.py:500} INFO - Filling up the DagBag from /home/airflow/.local/lib/python3.7/site-packages/airflow/example_dags/example_skip_dag.py
[2022-03-28 07:17:20,401] {processor.py:654} INFO - DAG(s) dict_keys(['example_skip_dag']) retrieved from /home/airflow/.local/lib/python3.7/site-packages/airflow/example_dags/example_skip_dag.py
[2022-03-28 07:17:20,411] {logging_mixin.py:109} INFO - [2022-03-28 07:17:20,411] {dag.py:2398} INFO - Sync 1 DAGs
[2022-03-28 07:17:20,425] {logging_mixin.py:109} INFO - [2022-03-28 07:17:20,425] {dag.py:2937} INFO - Setting next_dagrun for example_skip_dag to 2022-03-27T07:17:20.424736+00:00
[2022-03-28 07:17:20,434] {processor.py:171} INFO - Processing /home/airflow/.local/lib/python3.7/site-packages/airflow/example_dags/example_skip_dag.py took 0.069 seconds
[2022-03-28 07:17:51,015] {processor.py:163} INFO - Started process (PID=1396) to work on /home/airflow/.local/lib/python3.7/site-packages/airflow/example_dags/example_skip_dag.py
[2022-03-28 07:17:51,017] {processor.py:642} INFO - Processing file /home/airflow/.local/lib/python3.7/site-packages/airflow/example_dags/example_skip_dag.py for tasks to queue
[2022-03-28 07:17:51,018] {logging_mixin.py:109} INFO - [2022-03-28 07:17:51,018] {dagbag.py:500} INFO - Filling up the DagBag from /home/airflow/.local/lib/python3.7/site-packages/airflow/example_dags/example_skip_dag.py
[2022-03-28 07:17:51,046] {processor.py:654} INFO - DAG(s) dict_keys(['example_skip_dag']) retrieved from /home/airflow/.local/lib/python3.7/site-packages/airflow/example_dags/example_skip_dag.py
[2022-03-28 07:17:51,055] {logging_mixin.py:109} INFO - [2022-03-28 07:17:51,055] {dag.py:2398} INFO - Sync 1 DAGs
[2022-03-28 07:17:51,070] {logging_mixin.py:109} INFO - [2022-03-28 07:17:51,070] {dag.py:2937} INFO - Setting next_dagrun for example_skip_dag to 2022-03-27T07:17:51.070436+00:00
[2022-03-28 07:17:51,080] {processor.py:171} INFO - Processing /home/airflow/.local/lib/python3.7/site-packages/airflow/example_dags/example_skip_dag.py took 0.068 seconds
[2022-03-28 07:18:21,603] {processor.py:163} INFO - Started process (PID=1456) to work on /home/airflow/.local/lib/python3.7/site-packages/airflow/example_dags/example_skip_dag.py
[2022-03-28 07:18:21,604] {processor.py:642} INFO - Processing file /home/airflow/.local/lib/python3.7/site-packages/airflow/example_dags/example_skip_dag.py for tasks to queue
[2022-03-28 07:18:21,605] {logging_mixin.py:109} INFO - [2022-03-28 07:18:21,605] {dagbag.py:500} INFO - Filling up the DagBag from /home/airflow/.local/lib/python3.7/site-packages/airflow/example_dags/example_skip_dag.py
[2022-03-28 07:18:21,634] {processor.py:654} INFO - DAG(s) dict_keys(['example_skip_dag']) retrieved from /home/airflow/.local/lib/python3.7/site-packages/airflow/example_dags/example_skip_dag.py
[2022-03-28 07:18:21,644] {logging_mixin.py:109} INFO - [2022-03-28 07:18:21,644] {dag.py:2398} INFO - Sync 1 DAGs
[2022-03-28 07:18:21,658] {logging_mixin.py:109} INFO - [2022-03-28 07:18:21,658] {dag.py:2937} INFO - Setting next_dagrun for example_skip_dag to 2022-03-27T07:18:21.658330+00:00
[2022-03-28 07:18:21,669] {processor.py:171} INFO - Processing /home/airflow/.local/lib/python3.7/site-packages/airflow/example_dags/example_skip_dag.py took 0.069 seconds
[2022-03-28 07:18:51,939] {processor.py:163} INFO - Started process (PID=1507) to work on /home/airflow/.local/lib/python3.7/site-packages/airflow/example_dags/example_skip_dag.py
[2022-03-28 07:18:51,941] {processor.py:642} INFO - Processing file /home/airflow/.local/lib/python3.7/site-packages/airflow/example_dags/example_skip_dag.py for tasks to queue
[2022-03-28 07:18:51,942] {logging_mixin.py:109} INFO - [2022-03-28 07:18:51,942] {dagbag.py:500} INFO - Filling up the DagBag from /home/airflow/.local/lib/python3.7/site-packages/airflow/example_dags/example_skip_dag.py
[2022-03-28 07:18:51,975] {processor.py:654} INFO - DAG(s) dict_keys(['example_skip_dag']) retrieved from /home/airflow/.local/lib/python3.7/site-packages/airflow/example_dags/example_skip_dag.py
[2022-03-28 07:18:51,985] {logging_mixin.py:109} INFO - [2022-03-28 07:18:51,985] {dag.py:2398} INFO - Sync 1 DAGs
[2022-03-28 07:18:51,998] {logging_mixin.py:109} INFO - [2022-03-28 07:18:51,998] {dag.py:2937} INFO - Setting next_dagrun for example_skip_dag to 2022-03-27T07:18:51.998398+00:00
[2022-03-28 07:18:52,008] {processor.py:171} INFO - Processing /home/airflow/.local/lib/python3.7/site-packages/airflow/example_dags/example_skip_dag.py took 0.073 seconds
[2022-03-28 07:19:22,534] {processor.py:163} INFO - Started process (PID=1558) to work on /home/airflow/.local/lib/python3.7/site-packages/airflow/example_dags/example_skip_dag.py
[2022-03-28 07:19:22,536] {processor.py:642} INFO - Processing file /home/airflow/.local/lib/python3.7/site-packages/airflow/example_dags/example_skip_dag.py for tasks to queue
[2022-03-28 07:19:22,537] {logging_mixin.py:109} INFO - [2022-03-28 07:19:22,537] {dagbag.py:500} INFO - Filling up the DagBag from /home/airflow/.local/lib/python3.7/site-packages/airflow/example_dags/example_skip_dag.py
[2022-03-28 07:19:22,569] {processor.py:654} INFO - DAG(s) dict_keys(['example_skip_dag']) retrieved from /home/airflow/.local/lib/python3.7/site-packages/airflow/example_dags/example_skip_dag.py
[2022-03-28 07:19:22,579] {logging_mixin.py:109} INFO - [2022-03-28 07:19:22,579] {dag.py:2398} INFO - Sync 1 DAGs
[2022-03-28 07:19:22,594] {logging_mixin.py:109} INFO - [2022-03-28 07:19:22,594] {dag.py:2937} INFO - Setting next_dagrun for example_skip_dag to 2022-03-27T07:19:22.593981+00:00
[2022-03-28 07:19:22,603] {processor.py:171} INFO - Processing /home/airflow/.local/lib/python3.7/site-packages/airflow/example_dags/example_skip_dag.py took 0.071 seconds
[2022-03-28 07:19:53,112] {processor.py:163} INFO - Started process (PID=1619) to work on /home/airflow/.local/lib/python3.7/site-packages/airflow/example_dags/example_skip_dag.py
[2022-03-28 07:19:53,113] {processor.py:642} INFO - Processing file /home/airflow/.local/lib/python3.7/site-packages/airflow/example_dags/example_skip_dag.py for tasks to queue
[2022-03-28 07:19:53,114] {logging_mixin.py:109} INFO - [2022-03-28 07:19:53,114] {dagbag.py:500} INFO - Filling up the DagBag from /home/airflow/.local/lib/python3.7/site-packages/airflow/example_dags/example_skip_dag.py
[2022-03-28 07:19:53,143] {processor.py:654} INFO - DAG(s) dict_keys(['example_skip_dag']) retrieved from /home/airflow/.local/lib/python3.7/site-packages/airflow/example_dags/example_skip_dag.py
[2022-03-28 07:19:53,155] {logging_mixin.py:109} INFO - [2022-03-28 07:19:53,155] {dag.py:2398} INFO - Sync 1 DAGs
[2022-03-28 07:19:53,169] {logging_mixin.py:109} INFO - [2022-03-28 07:19:53,169] {dag.py:2937} INFO - Setting next_dagrun for example_skip_dag to 2022-03-27T07:19:53.168755+00:00
[2022-03-28 07:19:53,178] {processor.py:171} INFO - Processing /home/airflow/.local/lib/python3.7/site-packages/airflow/example_dags/example_skip_dag.py took 0.068 seconds
[2022-03-28 07:20:23,253] {processor.py:163} INFO - Started process (PID=1671) to work on /home/airflow/.local/lib/python3.7/site-packages/airflow/example_dags/example_skip_dag.py
[2022-03-28 07:20:23,254] {processor.py:642} INFO - Processing file /home/airflow/.local/lib/python3.7/site-packages/airflow/example_dags/example_skip_dag.py for tasks to queue
[2022-03-28 07:20:23,255] {logging_mixin.py:109} INFO - [2022-03-28 07:20:23,255] {dagbag.py:500} INFO - Filling up the DagBag from /home/airflow/.local/lib/python3.7/site-packages/airflow/example_dags/example_skip_dag.py
[2022-03-28 07:20:23,282] {processor.py:654} INFO - DAG(s) dict_keys(['example_skip_dag']) retrieved from /home/airflow/.local/lib/python3.7/site-packages/airflow/example_dags/example_skip_dag.py
[2022-03-28 07:20:23,292] {logging_mixin.py:109} INFO - [2022-03-28 07:20:23,292] {dag.py:2398} INFO - Sync 1 DAGs
[2022-03-28 07:20:23,305] {logging_mixin.py:109} INFO - [2022-03-28 07:20:23,305] {dag.py:2937} INFO - Setting next_dagrun for example_skip_dag to 2022-03-27T07:20:23.305186+00:00
[2022-03-28 07:20:23,315] {processor.py:171} INFO - Processing /home/airflow/.local/lib/python3.7/site-packages/airflow/example_dags/example_skip_dag.py took 0.064 seconds
[2022-03-28 07:20:54,126] {processor.py:163} INFO - Started process (PID=1722) to work on /home/airflow/.local/lib/python3.7/site-packages/airflow/example_dags/example_skip_dag.py
[2022-03-28 07:20:54,127] {processor.py:642} INFO - Processing file /home/airflow/.local/lib/python3.7/site-packages/airflow/example_dags/example_skip_dag.py for tasks to queue
[2022-03-28 07:20:54,128] {logging_mixin.py:109} INFO - [2022-03-28 07:20:54,128] {dagbag.py:500} INFO - Filling up the DagBag from /home/airflow/.local/lib/python3.7/site-packages/airflow/example_dags/example_skip_dag.py
[2022-03-28 07:20:54,156] {processor.py:654} INFO - DAG(s) dict_keys(['example_skip_dag']) retrieved from /home/airflow/.local/lib/python3.7/site-packages/airflow/example_dags/example_skip_dag.py
[2022-03-28 07:20:54,166] {logging_mixin.py:109} INFO - [2022-03-28 07:20:54,166] {dag.py:2398} INFO - Sync 1 DAGs
[2022-03-28 07:20:54,180] {logging_mixin.py:109} INFO - [2022-03-28 07:20:54,180] {dag.py:2937} INFO - Setting next_dagrun for example_skip_dag to 2022-03-27T07:20:54.180128+00:00
[2022-03-28 07:20:54,190] {processor.py:171} INFO - Processing /home/airflow/.local/lib/python3.7/site-packages/airflow/example_dags/example_skip_dag.py took 0.067 seconds
[2022-03-28 07:21:24,257] {processor.py:163} INFO - Started process (PID=1782) to work on /home/airflow/.local/lib/python3.7/site-packages/airflow/example_dags/example_skip_dag.py
[2022-03-28 07:21:24,258] {processor.py:642} INFO - Processing file /home/airflow/.local/lib/python3.7/site-packages/airflow/example_dags/example_skip_dag.py for tasks to queue
[2022-03-28 07:21:24,259] {logging_mixin.py:109} INFO - [2022-03-28 07:21:24,259] {dagbag.py:500} INFO - Filling up the DagBag from /home/airflow/.local/lib/python3.7/site-packages/airflow/example_dags/example_skip_dag.py
[2022-03-28 07:21:24,291] {processor.py:654} INFO - DAG(s) dict_keys(['example_skip_dag']) retrieved from /home/airflow/.local/lib/python3.7/site-packages/airflow/example_dags/example_skip_dag.py
[2022-03-28 07:21:24,302] {logging_mixin.py:109} INFO - [2022-03-28 07:21:24,302] {dag.py:2398} INFO - Sync 1 DAGs
[2022-03-28 07:21:24,319] {logging_mixin.py:109} INFO - [2022-03-28 07:21:24,318] {dag.py:2937} INFO - Setting next_dagrun for example_skip_dag to 2022-03-27T07:21:24.318678+00:00
[2022-03-28 07:21:24,330] {processor.py:171} INFO - Processing /home/airflow/.local/lib/python3.7/site-packages/airflow/example_dags/example_skip_dag.py took 0.077 seconds
[2022-03-28 07:21:55,248] {processor.py:163} INFO - Started process (PID=1834) to work on /home/airflow/.local/lib/python3.7/site-packages/airflow/example_dags/example_skip_dag.py
[2022-03-28 07:21:55,249] {processor.py:642} INFO - Processing file /home/airflow/.local/lib/python3.7/site-packages/airflow/example_dags/example_skip_dag.py for tasks to queue
[2022-03-28 07:21:55,250] {logging_mixin.py:109} INFO - [2022-03-28 07:21:55,250] {dagbag.py:500} INFO - Filling up the DagBag from /home/airflow/.local/lib/python3.7/site-packages/airflow/example_dags/example_skip_dag.py
[2022-03-28 07:21:55,284] {processor.py:654} INFO - DAG(s) dict_keys(['example_skip_dag']) retrieved from /home/airflow/.local/lib/python3.7/site-packages/airflow/example_dags/example_skip_dag.py
[2022-03-28 07:21:55,298] {logging_mixin.py:109} INFO - [2022-03-28 07:21:55,298] {dag.py:2398} INFO - Sync 1 DAGs
[2022-03-28 07:21:55,318] {logging_mixin.py:109} INFO - [2022-03-28 07:21:55,318] {dag.py:2937} INFO - Setting next_dagrun for example_skip_dag to 2022-03-27T07:21:55.318441+00:00
[2022-03-28 07:21:55,331] {processor.py:171} INFO - Processing /home/airflow/.local/lib/python3.7/site-packages/airflow/example_dags/example_skip_dag.py took 0.088 seconds
[2022-03-28 07:22:25,392] {processor.py:163} INFO - Started process (PID=1885) to work on /home/airflow/.local/lib/python3.7/site-packages/airflow/example_dags/example_skip_dag.py
[2022-03-28 07:22:25,393] {processor.py:642} INFO - Processing file /home/airflow/.local/lib/python3.7/site-packages/airflow/example_dags/example_skip_dag.py for tasks to queue
[2022-03-28 07:22:25,395] {logging_mixin.py:109} INFO - [2022-03-28 07:22:25,394] {dagbag.py:500} INFO - Filling up the DagBag from /home/airflow/.local/lib/python3.7/site-packages/airflow/example_dags/example_skip_dag.py
[2022-03-28 07:22:25,423] {processor.py:654} INFO - DAG(s) dict_keys(['example_skip_dag']) retrieved from /home/airflow/.local/lib/python3.7/site-packages/airflow/example_dags/example_skip_dag.py
[2022-03-28 07:22:25,433] {logging_mixin.py:109} INFO - [2022-03-28 07:22:25,433] {dag.py:2398} INFO - Sync 1 DAGs
[2022-03-28 07:22:25,448] {logging_mixin.py:109} INFO - [2022-03-28 07:22:25,448] {dag.py:2937} INFO - Setting next_dagrun for example_skip_dag to 2022-03-27T07:22:25.448423+00:00
[2022-03-28 07:22:25,458] {processor.py:171} INFO - Processing /home/airflow/.local/lib/python3.7/site-packages/airflow/example_dags/example_skip_dag.py took 0.069 seconds
[2022-03-28 07:22:56,120] {processor.py:163} INFO - Started process (PID=1945) to work on /home/airflow/.local/lib/python3.7/site-packages/airflow/example_dags/example_skip_dag.py
[2022-03-28 07:22:56,121] {processor.py:642} INFO - Processing file /home/airflow/.local/lib/python3.7/site-packages/airflow/example_dags/example_skip_dag.py for tasks to queue
[2022-03-28 07:22:56,122] {logging_mixin.py:109} INFO - [2022-03-28 07:22:56,122] {dagbag.py:500} INFO - Filling up the DagBag from /home/airflow/.local/lib/python3.7/site-packages/airflow/example_dags/example_skip_dag.py
[2022-03-28 07:22:56,163] {processor.py:654} INFO - DAG(s) dict_keys(['example_skip_dag']) retrieved from /home/airflow/.local/lib/python3.7/site-packages/airflow/example_dags/example_skip_dag.py
[2022-03-28 07:22:56,179] {logging_mixin.py:109} INFO - [2022-03-28 07:22:56,179] {dag.py:2398} INFO - Sync 1 DAGs
[2022-03-28 07:22:56,201] {logging_mixin.py:109} INFO - [2022-03-28 07:22:56,201] {dag.py:2937} INFO - Setting next_dagrun for example_skip_dag to 2022-03-27T07:22:56.201015+00:00
[2022-03-28 07:22:56,215] {processor.py:171} INFO - Processing /home/airflow/.local/lib/python3.7/site-packages/airflow/example_dags/example_skip_dag.py took 0.099 seconds
[2022-03-28 07:23:26,911] {processor.py:163} INFO - Started process (PID=1996) to work on /home/airflow/.local/lib/python3.7/site-packages/airflow/example_dags/example_skip_dag.py
[2022-03-28 07:23:26,913] {processor.py:642} INFO - Processing file /home/airflow/.local/lib/python3.7/site-packages/airflow/example_dags/example_skip_dag.py for tasks to queue
[2022-03-28 07:23:26,914] {logging_mixin.py:109} INFO - [2022-03-28 07:23:26,913] {dagbag.py:500} INFO - Filling up the DagBag from /home/airflow/.local/lib/python3.7/site-packages/airflow/example_dags/example_skip_dag.py
[2022-03-28 07:23:26,958] {processor.py:654} INFO - DAG(s) dict_keys(['example_skip_dag']) retrieved from /home/airflow/.local/lib/python3.7/site-packages/airflow/example_dags/example_skip_dag.py
[2022-03-28 07:23:26,974] {logging_mixin.py:109} INFO - [2022-03-28 07:23:26,974] {dag.py:2398} INFO - Sync 1 DAGs
[2022-03-28 07:23:27,006] {logging_mixin.py:109} INFO - [2022-03-28 07:23:27,006] {dag.py:2937} INFO - Setting next_dagrun for example_skip_dag to 2022-03-27T07:23:27.006048+00:00
[2022-03-28 07:23:27,018] {processor.py:171} INFO - Processing /home/airflow/.local/lib/python3.7/site-packages/airflow/example_dags/example_skip_dag.py took 0.110 seconds
[2022-03-28 07:23:57,519] {processor.py:163} INFO - Started process (PID=2048) to work on /home/airflow/.local/lib/python3.7/site-packages/airflow/example_dags/example_skip_dag.py
[2022-03-28 07:23:57,521] {processor.py:642} INFO - Processing file /home/airflow/.local/lib/python3.7/site-packages/airflow/example_dags/example_skip_dag.py for tasks to queue
[2022-03-28 07:23:57,522] {logging_mixin.py:109} INFO - [2022-03-28 07:23:57,522] {dagbag.py:500} INFO - Filling up the DagBag from /home/airflow/.local/lib/python3.7/site-packages/airflow/example_dags/example_skip_dag.py
[2022-03-28 07:23:57,565] {processor.py:654} INFO - DAG(s) dict_keys(['example_skip_dag']) retrieved from /home/airflow/.local/lib/python3.7/site-packages/airflow/example_dags/example_skip_dag.py
[2022-03-28 07:23:57,583] {logging_mixin.py:109} INFO - [2022-03-28 07:23:57,583] {dag.py:2398} INFO - Sync 1 DAGs
[2022-03-28 07:23:57,604] {logging_mixin.py:109} INFO - [2022-03-28 07:23:57,604] {dag.py:2937} INFO - Setting next_dagrun for example_skip_dag to 2022-03-27T07:23:57.604537+00:00
[2022-03-28 07:23:57,624] {processor.py:171} INFO - Processing /home/airflow/.local/lib/python3.7/site-packages/airflow/example_dags/example_skip_dag.py took 0.110 seconds
[2022-03-28 07:24:27,704] {processor.py:163} INFO - Started process (PID=2100) to work on /home/airflow/.local/lib/python3.7/site-packages/airflow/example_dags/example_skip_dag.py
[2022-03-28 07:24:27,706] {processor.py:642} INFO - Processing file /home/airflow/.local/lib/python3.7/site-packages/airflow/example_dags/example_skip_dag.py for tasks to queue
[2022-03-28 07:24:27,707] {logging_mixin.py:109} INFO - [2022-03-28 07:24:27,707] {dagbag.py:500} INFO - Filling up the DagBag from /home/airflow/.local/lib/python3.7/site-packages/airflow/example_dags/example_skip_dag.py
[2022-03-28 07:24:27,741] {processor.py:654} INFO - DAG(s) dict_keys(['example_skip_dag']) retrieved from /home/airflow/.local/lib/python3.7/site-packages/airflow/example_dags/example_skip_dag.py
[2022-03-28 07:24:27,756] {logging_mixin.py:109} INFO - [2022-03-28 07:24:27,755] {dag.py:2398} INFO - Sync 1 DAGs
[2022-03-28 07:24:27,775] {logging_mixin.py:109} INFO - [2022-03-28 07:24:27,775] {dag.py:2937} INFO - Setting next_dagrun for example_skip_dag to 2022-03-27T07:24:27.775339+00:00
[2022-03-28 07:24:27,788] {processor.py:171} INFO - Processing /home/airflow/.local/lib/python3.7/site-packages/airflow/example_dags/example_skip_dag.py took 0.089 seconds
[2022-03-28 07:24:58,042] {processor.py:163} INFO - Started process (PID=2150) to work on /home/airflow/.local/lib/python3.7/site-packages/airflow/example_dags/example_skip_dag.py
[2022-03-28 07:24:58,043] {processor.py:642} INFO - Processing file /home/airflow/.local/lib/python3.7/site-packages/airflow/example_dags/example_skip_dag.py for tasks to queue
[2022-03-28 07:24:58,044] {logging_mixin.py:109} INFO - [2022-03-28 07:24:58,044] {dagbag.py:500} INFO - Filling up the DagBag from /home/airflow/.local/lib/python3.7/site-packages/airflow/example_dags/example_skip_dag.py
[2022-03-28 07:24:58,066] {processor.py:654} INFO - DAG(s) dict_keys(['example_skip_dag']) retrieved from /home/airflow/.local/lib/python3.7/site-packages/airflow/example_dags/example_skip_dag.py
[2022-03-28 07:24:58,075] {logging_mixin.py:109} INFO - [2022-03-28 07:24:58,075] {dag.py:2398} INFO - Sync 1 DAGs
[2022-03-28 07:24:58,087] {logging_mixin.py:109} INFO - [2022-03-28 07:24:58,087] {dag.py:2937} INFO - Setting next_dagrun for example_skip_dag to 2022-03-27T07:24:58.087050+00:00
[2022-03-28 07:24:58,094] {processor.py:171} INFO - Processing /home/airflow/.local/lib/python3.7/site-packages/airflow/example_dags/example_skip_dag.py took 0.055 seconds
[2022-03-28 07:25:28,235] {processor.py:163} INFO - Started process (PID=2212) to work on /home/airflow/.local/lib/python3.7/site-packages/airflow/example_dags/example_skip_dag.py
[2022-03-28 07:25:28,236] {processor.py:642} INFO - Processing file /home/airflow/.local/lib/python3.7/site-packages/airflow/example_dags/example_skip_dag.py for tasks to queue
[2022-03-28 07:25:28,237] {logging_mixin.py:109} INFO - [2022-03-28 07:25:28,237] {dagbag.py:500} INFO - Filling up the DagBag from /home/airflow/.local/lib/python3.7/site-packages/airflow/example_dags/example_skip_dag.py
[2022-03-28 07:25:28,265] {processor.py:654} INFO - DAG(s) dict_keys(['example_skip_dag']) retrieved from /home/airflow/.local/lib/python3.7/site-packages/airflow/example_dags/example_skip_dag.py
[2022-03-28 07:25:28,279] {logging_mixin.py:109} INFO - [2022-03-28 07:25:28,279] {dag.py:2398} INFO - Sync 1 DAGs
[2022-03-28 07:25:28,294] {logging_mixin.py:109} INFO - [2022-03-28 07:25:28,294] {dag.py:2937} INFO - Setting next_dagrun for example_skip_dag to 2022-03-27T07:25:28.293945+00:00
[2022-03-28 07:25:28,304] {processor.py:171} INFO - Processing /home/airflow/.local/lib/python3.7/site-packages/airflow/example_dags/example_skip_dag.py took 0.072 seconds
[2022-03-28 07:25:59,028] {processor.py:163} INFO - Started process (PID=2262) to work on /home/airflow/.local/lib/python3.7/site-packages/airflow/example_dags/example_skip_dag.py
[2022-03-28 07:25:59,030] {processor.py:642} INFO - Processing file /home/airflow/.local/lib/python3.7/site-packages/airflow/example_dags/example_skip_dag.py for tasks to queue
[2022-03-28 07:25:59,030] {logging_mixin.py:109} INFO - [2022-03-28 07:25:59,030] {dagbag.py:500} INFO - Filling up the DagBag from /home/airflow/.local/lib/python3.7/site-packages/airflow/example_dags/example_skip_dag.py
[2022-03-28 07:25:59,060] {processor.py:654} INFO - DAG(s) dict_keys(['example_skip_dag']) retrieved from /home/airflow/.local/lib/python3.7/site-packages/airflow/example_dags/example_skip_dag.py
[2022-03-28 07:25:59,071] {logging_mixin.py:109} INFO - [2022-03-28 07:25:59,071] {dag.py:2398} INFO - Sync 1 DAGs
[2022-03-28 07:25:59,088] {logging_mixin.py:109} INFO - [2022-03-28 07:25:59,088] {dag.py:2937} INFO - Setting next_dagrun for example_skip_dag to 2022-03-27T07:25:59.088047+00:00
[2022-03-28 07:25:59,099] {processor.py:171} INFO - Processing /home/airflow/.local/lib/python3.7/site-packages/airflow/example_dags/example_skip_dag.py took 0.075 seconds
[2022-03-28 07:26:29,753] {processor.py:163} INFO - Started process (PID=2314) to work on /home/airflow/.local/lib/python3.7/site-packages/airflow/example_dags/example_skip_dag.py
[2022-03-28 07:26:29,754] {processor.py:642} INFO - Processing file /home/airflow/.local/lib/python3.7/site-packages/airflow/example_dags/example_skip_dag.py for tasks to queue
[2022-03-28 07:26:29,755] {logging_mixin.py:109} INFO - [2022-03-28 07:26:29,755] {dagbag.py:500} INFO - Filling up the DagBag from /home/airflow/.local/lib/python3.7/site-packages/airflow/example_dags/example_skip_dag.py
[2022-03-28 07:26:29,786] {processor.py:654} INFO - DAG(s) dict_keys(['example_skip_dag']) retrieved from /home/airflow/.local/lib/python3.7/site-packages/airflow/example_dags/example_skip_dag.py
[2022-03-28 07:26:29,796] {logging_mixin.py:109} INFO - [2022-03-28 07:26:29,795] {dag.py:2398} INFO - Sync 1 DAGs
[2022-03-28 07:26:29,813] {logging_mixin.py:109} INFO - [2022-03-28 07:26:29,813] {dag.py:2937} INFO - Setting next_dagrun for example_skip_dag to 2022-03-27T07:26:29.812965+00:00
[2022-03-28 07:26:29,822] {processor.py:171} INFO - Processing /home/airflow/.local/lib/python3.7/site-packages/airflow/example_dags/example_skip_dag.py took 0.072 seconds
[2022-03-28 07:27:00,517] {processor.py:163} INFO - Started process (PID=2375) to work on /home/airflow/.local/lib/python3.7/site-packages/airflow/example_dags/example_skip_dag.py
[2022-03-28 07:27:00,518] {processor.py:642} INFO - Processing file /home/airflow/.local/lib/python3.7/site-packages/airflow/example_dags/example_skip_dag.py for tasks to queue
[2022-03-28 07:27:00,519] {logging_mixin.py:109} INFO - [2022-03-28 07:27:00,519] {dagbag.py:500} INFO - Filling up the DagBag from /home/airflow/.local/lib/python3.7/site-packages/airflow/example_dags/example_skip_dag.py
[2022-03-28 07:27:00,544] {processor.py:654} INFO - DAG(s) dict_keys(['example_skip_dag']) retrieved from /home/airflow/.local/lib/python3.7/site-packages/airflow/example_dags/example_skip_dag.py
[2022-03-28 07:27:00,555] {logging_mixin.py:109} INFO - [2022-03-28 07:27:00,555] {dag.py:2398} INFO - Sync 1 DAGs
[2022-03-28 07:27:00,568] {logging_mixin.py:109} INFO - [2022-03-28 07:27:00,568] {dag.py:2937} INFO - Setting next_dagrun for example_skip_dag to 2022-03-27T07:27:00.567983+00:00
[2022-03-28 07:27:00,578] {processor.py:171} INFO - Processing /home/airflow/.local/lib/python3.7/site-packages/airflow/example_dags/example_skip_dag.py took 0.063 seconds
[2022-03-28 07:27:31,067] {processor.py:163} INFO - Started process (PID=2426) to work on /home/airflow/.local/lib/python3.7/site-packages/airflow/example_dags/example_skip_dag.py
[2022-03-28 07:27:31,068] {processor.py:642} INFO - Processing file /home/airflow/.local/lib/python3.7/site-packages/airflow/example_dags/example_skip_dag.py for tasks to queue
[2022-03-28 07:27:31,069] {logging_mixin.py:109} INFO - [2022-03-28 07:27:31,069] {dagbag.py:500} INFO - Filling up the DagBag from /home/airflow/.local/lib/python3.7/site-packages/airflow/example_dags/example_skip_dag.py
[2022-03-28 07:27:31,096] {processor.py:654} INFO - DAG(s) dict_keys(['example_skip_dag']) retrieved from /home/airflow/.local/lib/python3.7/site-packages/airflow/example_dags/example_skip_dag.py
[2022-03-28 07:27:31,106] {logging_mixin.py:109} INFO - [2022-03-28 07:27:31,106] {dag.py:2398} INFO - Sync 1 DAGs
[2022-03-28 07:27:31,121] {logging_mixin.py:109} INFO - [2022-03-28 07:27:31,121] {dag.py:2937} INFO - Setting next_dagrun for example_skip_dag to 2022-03-27T07:27:31.121509+00:00
[2022-03-28 07:27:31,132] {processor.py:171} INFO - Processing /home/airflow/.local/lib/python3.7/site-packages/airflow/example_dags/example_skip_dag.py took 0.068 seconds
[2022-03-28 07:28:01,808] {processor.py:163} INFO - Started process (PID=2486) to work on /home/airflow/.local/lib/python3.7/site-packages/airflow/example_dags/example_skip_dag.py
[2022-03-28 07:28:01,810] {processor.py:642} INFO - Processing file /home/airflow/.local/lib/python3.7/site-packages/airflow/example_dags/example_skip_dag.py for tasks to queue
[2022-03-28 07:28:01,810] {logging_mixin.py:109} INFO - [2022-03-28 07:28:01,810] {dagbag.py:500} INFO - Filling up the DagBag from /home/airflow/.local/lib/python3.7/site-packages/airflow/example_dags/example_skip_dag.py
[2022-03-28 07:28:01,843] {processor.py:654} INFO - DAG(s) dict_keys(['example_skip_dag']) retrieved from /home/airflow/.local/lib/python3.7/site-packages/airflow/example_dags/example_skip_dag.py
[2022-03-28 07:28:01,855] {logging_mixin.py:109} INFO - [2022-03-28 07:28:01,855] {dag.py:2398} INFO - Sync 1 DAGs
[2022-03-28 07:28:01,873] {logging_mixin.py:109} INFO - [2022-03-28 07:28:01,873] {dag.py:2937} INFO - Setting next_dagrun for example_skip_dag to 2022-03-27T07:28:01.873578+00:00
[2022-03-28 07:28:01,885] {processor.py:171} INFO - Processing /home/airflow/.local/lib/python3.7/site-packages/airflow/example_dags/example_skip_dag.py took 0.079 seconds
[2022-03-28 07:28:32,409] {processor.py:163} INFO - Started process (PID=2537) to work on /home/airflow/.local/lib/python3.7/site-packages/airflow/example_dags/example_skip_dag.py
[2022-03-28 07:28:32,410] {processor.py:642} INFO - Processing file /home/airflow/.local/lib/python3.7/site-packages/airflow/example_dags/example_skip_dag.py for tasks to queue
[2022-03-28 07:28:32,411] {logging_mixin.py:109} INFO - [2022-03-28 07:28:32,411] {dagbag.py:500} INFO - Filling up the DagBag from /home/airflow/.local/lib/python3.7/site-packages/airflow/example_dags/example_skip_dag.py
[2022-03-28 07:28:32,435] {processor.py:654} INFO - DAG(s) dict_keys(['example_skip_dag']) retrieved from /home/airflow/.local/lib/python3.7/site-packages/airflow/example_dags/example_skip_dag.py
[2022-03-28 07:28:32,444] {logging_mixin.py:109} INFO - [2022-03-28 07:28:32,443] {dag.py:2398} INFO - Sync 1 DAGs
[2022-03-28 07:28:32,456] {logging_mixin.py:109} INFO - [2022-03-28 07:28:32,456] {dag.py:2937} INFO - Setting next_dagrun for example_skip_dag to 2022-03-27T07:28:32.456195+00:00
[2022-03-28 07:28:32,465] {processor.py:171} INFO - Processing /home/airflow/.local/lib/python3.7/site-packages/airflow/example_dags/example_skip_dag.py took 0.058 seconds
[2022-03-28 07:29:03,259] {processor.py:163} INFO - Started process (PID=2589) to work on /home/airflow/.local/lib/python3.7/site-packages/airflow/example_dags/example_skip_dag.py
[2022-03-28 07:29:03,260] {processor.py:642} INFO - Processing file /home/airflow/.local/lib/python3.7/site-packages/airflow/example_dags/example_skip_dag.py for tasks to queue
[2022-03-28 07:29:03,261] {logging_mixin.py:109} INFO - [2022-03-28 07:29:03,261] {dagbag.py:500} INFO - Filling up the DagBag from /home/airflow/.local/lib/python3.7/site-packages/airflow/example_dags/example_skip_dag.py
[2022-03-28 07:29:03,298] {processor.py:654} INFO - DAG(s) dict_keys(['example_skip_dag']) retrieved from /home/airflow/.local/lib/python3.7/site-packages/airflow/example_dags/example_skip_dag.py
[2022-03-28 07:29:03,312] {logging_mixin.py:109} INFO - [2022-03-28 07:29:03,312] {dag.py:2398} INFO - Sync 1 DAGs
[2022-03-28 07:29:03,334] {logging_mixin.py:109} INFO - [2022-03-28 07:29:03,334] {dag.py:2937} INFO - Setting next_dagrun for example_skip_dag to 2022-03-27T07:29:03.334055+00:00
[2022-03-28 07:29:03,347] {processor.py:171} INFO - Processing /home/airflow/.local/lib/python3.7/site-packages/airflow/example_dags/example_skip_dag.py took 0.092 seconds
[2022-03-28 07:29:33,905] {processor.py:163} INFO - Started process (PID=2650) to work on /home/airflow/.local/lib/python3.7/site-packages/airflow/example_dags/example_skip_dag.py
[2022-03-28 07:29:33,906] {processor.py:642} INFO - Processing file /home/airflow/.local/lib/python3.7/site-packages/airflow/example_dags/example_skip_dag.py for tasks to queue
[2022-03-28 07:29:33,907] {logging_mixin.py:109} INFO - [2022-03-28 07:29:33,907] {dagbag.py:500} INFO - Filling up the DagBag from /home/airflow/.local/lib/python3.7/site-packages/airflow/example_dags/example_skip_dag.py
[2022-03-28 07:29:33,935] {processor.py:654} INFO - DAG(s) dict_keys(['example_skip_dag']) retrieved from /home/airflow/.local/lib/python3.7/site-packages/airflow/example_dags/example_skip_dag.py
[2022-03-28 07:29:33,945] {logging_mixin.py:109} INFO - [2022-03-28 07:29:33,945] {dag.py:2398} INFO - Sync 1 DAGs
[2022-03-28 07:29:33,960] {logging_mixin.py:109} INFO - [2022-03-28 07:29:33,960] {dag.py:2937} INFO - Setting next_dagrun for example_skip_dag to 2022-03-27T07:29:33.960487+00:00
[2022-03-28 07:29:33,969] {processor.py:171} INFO - Processing /home/airflow/.local/lib/python3.7/site-packages/airflow/example_dags/example_skip_dag.py took 0.067 seconds
[2022-03-28 07:30:04,600] {processor.py:163} INFO - Started process (PID=2702) to work on /home/airflow/.local/lib/python3.7/site-packages/airflow/example_dags/example_skip_dag.py
[2022-03-28 07:30:04,601] {processor.py:642} INFO - Processing file /home/airflow/.local/lib/python3.7/site-packages/airflow/example_dags/example_skip_dag.py for tasks to queue
[2022-03-28 07:30:04,602] {logging_mixin.py:109} INFO - [2022-03-28 07:30:04,602] {dagbag.py:500} INFO - Filling up the DagBag from /home/airflow/.local/lib/python3.7/site-packages/airflow/example_dags/example_skip_dag.py
[2022-03-28 07:30:04,627] {processor.py:654} INFO - DAG(s) dict_keys(['example_skip_dag']) retrieved from /home/airflow/.local/lib/python3.7/site-packages/airflow/example_dags/example_skip_dag.py
[2022-03-28 07:30:04,637] {logging_mixin.py:109} INFO - [2022-03-28 07:30:04,637] {dag.py:2398} INFO - Sync 1 DAGs
[2022-03-28 07:30:04,651] {logging_mixin.py:109} INFO - [2022-03-28 07:30:04,651] {dag.py:2937} INFO - Setting next_dagrun for example_skip_dag to 2022-03-27T07:30:04.651563+00:00
[2022-03-28 07:30:04,661] {processor.py:171} INFO - Processing /home/airflow/.local/lib/python3.7/site-packages/airflow/example_dags/example_skip_dag.py took 0.063 seconds
[2022-03-28 07:30:34,702] {processor.py:163} INFO - Started process (PID=2761) to work on /home/airflow/.local/lib/python3.7/site-packages/airflow/example_dags/example_skip_dag.py
[2022-03-28 07:30:34,703] {processor.py:642} INFO - Processing file /home/airflow/.local/lib/python3.7/site-packages/airflow/example_dags/example_skip_dag.py for tasks to queue
[2022-03-28 07:30:34,704] {logging_mixin.py:109} INFO - [2022-03-28 07:30:34,704] {dagbag.py:500} INFO - Filling up the DagBag from /home/airflow/.local/lib/python3.7/site-packages/airflow/example_dags/example_skip_dag.py
[2022-03-28 07:30:34,743] {processor.py:654} INFO - DAG(s) dict_keys(['example_skip_dag']) retrieved from /home/airflow/.local/lib/python3.7/site-packages/airflow/example_dags/example_skip_dag.py
[2022-03-28 07:30:34,759] {logging_mixin.py:109} INFO - [2022-03-28 07:30:34,759] {dag.py:2398} INFO - Sync 1 DAGs
[2022-03-28 07:30:34,785] {logging_mixin.py:109} INFO - [2022-03-28 07:30:34,785] {dag.py:2937} INFO - Setting next_dagrun for example_skip_dag to 2022-03-27T07:30:34.785152+00:00
[2022-03-28 07:30:34,798] {processor.py:171} INFO - Processing /home/airflow/.local/lib/python3.7/site-packages/airflow/example_dags/example_skip_dag.py took 0.100 seconds
[2022-03-28 07:31:05,470] {processor.py:163} INFO - Started process (PID=2813) to work on /home/airflow/.local/lib/python3.7/site-packages/airflow/example_dags/example_skip_dag.py
[2022-03-28 07:31:05,471] {processor.py:642} INFO - Processing file /home/airflow/.local/lib/python3.7/site-packages/airflow/example_dags/example_skip_dag.py for tasks to queue
[2022-03-28 07:31:05,472] {logging_mixin.py:109} INFO - [2022-03-28 07:31:05,472] {dagbag.py:500} INFO - Filling up the DagBag from /home/airflow/.local/lib/python3.7/site-packages/airflow/example_dags/example_skip_dag.py
[2022-03-28 07:31:05,496] {processor.py:654} INFO - DAG(s) dict_keys(['example_skip_dag']) retrieved from /home/airflow/.local/lib/python3.7/site-packages/airflow/example_dags/example_skip_dag.py
[2022-03-28 07:31:05,506] {logging_mixin.py:109} INFO - [2022-03-28 07:31:05,506] {dag.py:2398} INFO - Sync 1 DAGs
[2022-03-28 07:31:05,520] {logging_mixin.py:109} INFO - [2022-03-28 07:31:05,520] {dag.py:2937} INFO - Setting next_dagrun for example_skip_dag to 2022-03-27T07:31:05.520616+00:00
[2022-03-28 07:31:05,528] {processor.py:171} INFO - Processing /home/airflow/.local/lib/python3.7/site-packages/airflow/example_dags/example_skip_dag.py took 0.061 seconds
[2022-03-28 07:31:36,105] {processor.py:163} INFO - Started process (PID=2865) to work on /home/airflow/.local/lib/python3.7/site-packages/airflow/example_dags/example_skip_dag.py
[2022-03-28 07:31:36,107] {processor.py:642} INFO - Processing file /home/airflow/.local/lib/python3.7/site-packages/airflow/example_dags/example_skip_dag.py for tasks to queue
[2022-03-28 07:31:36,110] {logging_mixin.py:109} INFO - [2022-03-28 07:31:36,109] {dagbag.py:500} INFO - Filling up the DagBag from /home/airflow/.local/lib/python3.7/site-packages/airflow/example_dags/example_skip_dag.py
[2022-03-28 07:31:36,183] {processor.py:654} INFO - DAG(s) dict_keys(['example_skip_dag']) retrieved from /home/airflow/.local/lib/python3.7/site-packages/airflow/example_dags/example_skip_dag.py
[2022-03-28 07:31:36,212] {logging_mixin.py:109} INFO - [2022-03-28 07:31:36,212] {dag.py:2398} INFO - Sync 1 DAGs
[2022-03-28 07:31:36,250] {logging_mixin.py:109} INFO - [2022-03-28 07:31:36,250] {dag.py:2937} INFO - Setting next_dagrun for example_skip_dag to 2022-03-27T07:31:36.250492+00:00
[2022-03-28 07:31:36,261] {processor.py:171} INFO - Processing /home/airflow/.local/lib/python3.7/site-packages/airflow/example_dags/example_skip_dag.py took 0.160 seconds
[2022-03-28 07:32:07,192] {processor.py:163} INFO - Started process (PID=2917) to work on /home/airflow/.local/lib/python3.7/site-packages/airflow/example_dags/example_skip_dag.py
[2022-03-28 07:32:07,194] {processor.py:642} INFO - Processing file /home/airflow/.local/lib/python3.7/site-packages/airflow/example_dags/example_skip_dag.py for tasks to queue
[2022-03-28 07:32:07,195] {logging_mixin.py:109} INFO - [2022-03-28 07:32:07,194] {dagbag.py:500} INFO - Filling up the DagBag from /home/airflow/.local/lib/python3.7/site-packages/airflow/example_dags/example_skip_dag.py
[2022-03-28 07:32:07,225] {processor.py:654} INFO - DAG(s) dict_keys(['example_skip_dag']) retrieved from /home/airflow/.local/lib/python3.7/site-packages/airflow/example_dags/example_skip_dag.py
[2022-03-28 07:32:07,236] {logging_mixin.py:109} INFO - [2022-03-28 07:32:07,236] {dag.py:2398} INFO - Sync 1 DAGs
[2022-03-28 07:32:07,253] {logging_mixin.py:109} INFO - [2022-03-28 07:32:07,253] {dag.py:2937} INFO - Setting next_dagrun for example_skip_dag to 2022-03-27T07:32:07.253098+00:00
[2022-03-28 07:32:07,265] {processor.py:171} INFO - Processing /home/airflow/.local/lib/python3.7/site-packages/airflow/example_dags/example_skip_dag.py took 0.075 seconds
