[2022-03-28 07:08:36,416] {processor.py:163} INFO - Started process (PID=129) to work on /home/airflow/.local/lib/python3.7/site-packages/airflow/example_dags/example_complex.py
[2022-03-28 07:08:36,418] {processor.py:642} INFO - Processing file /home/airflow/.local/lib/python3.7/site-packages/airflow/example_dags/example_complex.py for tasks to queue
[2022-03-28 07:08:36,419] {logging_mixin.py:109} INFO - [2022-03-28 07:08:36,419] {dagbag.py:500} INFO - Filling up the DagBag from /home/airflow/.local/lib/python3.7/site-packages/airflow/example_dags/example_complex.py
[2022-03-28 07:08:36,463] {processor.py:654} INFO - DAG(s) dict_keys(['example_complex']) retrieved from /home/airflow/.local/lib/python3.7/site-packages/airflow/example_dags/example_complex.py
[2022-03-28 07:08:38,598] {logging_mixin.py:109} INFO - [2022-03-28 07:08:38,598] {manager.py:496} INFO - Created Permission View: can read on DAG:example_complex
[2022-03-28 07:08:38,607] {logging_mixin.py:109} INFO - [2022-03-28 07:08:38,607] {manager.py:496} INFO - Created Permission View: can edit on DAG:example_complex
[2022-03-28 07:08:38,608] {logging_mixin.py:109} INFO - [2022-03-28 07:08:38,608] {dag.py:2398} INFO - Sync 1 DAGs
[2022-03-28 07:08:38,616] {logging_mixin.py:109} INFO - [2022-03-28 07:08:38,616] {dag.py:2417} INFO - Creating ORM DAG for example_complex
[2022-03-28 07:08:38,628] {logging_mixin.py:109} INFO - [2022-03-28 07:08:38,627] {dag.py:2937} INFO - Setting next_dagrun for example_complex to None
[2022-03-28 07:08:38,646] {processor.py:171} INFO - Processing /home/airflow/.local/lib/python3.7/site-packages/airflow/example_dags/example_complex.py took 2.234 seconds
[2022-03-28 07:09:08,947] {processor.py:163} INFO - Started process (PID=468) to work on /home/airflow/.local/lib/python3.7/site-packages/airflow/example_dags/example_complex.py
[2022-03-28 07:09:08,949] {processor.py:642} INFO - Processing file /home/airflow/.local/lib/python3.7/site-packages/airflow/example_dags/example_complex.py for tasks to queue
[2022-03-28 07:09:08,950] {logging_mixin.py:109} INFO - [2022-03-28 07:09:08,950] {dagbag.py:500} INFO - Filling up the DagBag from /home/airflow/.local/lib/python3.7/site-packages/airflow/example_dags/example_complex.py
[2022-03-28 07:09:09,002] {processor.py:654} INFO - DAG(s) dict_keys(['example_complex']) retrieved from /home/airflow/.local/lib/python3.7/site-packages/airflow/example_dags/example_complex.py
[2022-03-28 07:09:09,023] {logging_mixin.py:109} INFO - [2022-03-28 07:09:09,023] {dag.py:2398} INFO - Sync 1 DAGs
[2022-03-28 07:09:09,044] {logging_mixin.py:109} INFO - [2022-03-28 07:09:09,044] {dag.py:2937} INFO - Setting next_dagrun for example_complex to None
[2022-03-28 07:09:09,055] {processor.py:171} INFO - Processing /home/airflow/.local/lib/python3.7/site-packages/airflow/example_dags/example_complex.py took 0.110 seconds
[2022-03-28 07:09:39,931] {processor.py:163} INFO - Started process (PID=530) to work on /home/airflow/.local/lib/python3.7/site-packages/airflow/example_dags/example_complex.py
[2022-03-28 07:09:39,932] {processor.py:642} INFO - Processing file /home/airflow/.local/lib/python3.7/site-packages/airflow/example_dags/example_complex.py for tasks to queue
[2022-03-28 07:09:39,933] {logging_mixin.py:109} INFO - [2022-03-28 07:09:39,933] {dagbag.py:500} INFO - Filling up the DagBag from /home/airflow/.local/lib/python3.7/site-packages/airflow/example_dags/example_complex.py
[2022-03-28 07:09:39,977] {processor.py:654} INFO - DAG(s) dict_keys(['example_complex']) retrieved from /home/airflow/.local/lib/python3.7/site-packages/airflow/example_dags/example_complex.py
[2022-03-28 07:09:39,999] {logging_mixin.py:109} INFO - [2022-03-28 07:09:39,999] {dag.py:2398} INFO - Sync 1 DAGs
[2022-03-28 07:09:40,019] {logging_mixin.py:109} INFO - [2022-03-28 07:09:40,019] {dag.py:2937} INFO - Setting next_dagrun for example_complex to None
[2022-03-28 07:09:40,031] {processor.py:171} INFO - Processing /home/airflow/.local/lib/python3.7/site-packages/airflow/example_dags/example_complex.py took 0.103 seconds
[2022-03-28 07:10:10,559] {processor.py:163} INFO - Started process (PID=581) to work on /home/airflow/.local/lib/python3.7/site-packages/airflow/example_dags/example_complex.py
[2022-03-28 07:10:10,560] {processor.py:642} INFO - Processing file /home/airflow/.local/lib/python3.7/site-packages/airflow/example_dags/example_complex.py for tasks to queue
[2022-03-28 07:10:10,561] {logging_mixin.py:109} INFO - [2022-03-28 07:10:10,561] {dagbag.py:500} INFO - Filling up the DagBag from /home/airflow/.local/lib/python3.7/site-packages/airflow/example_dags/example_complex.py
[2022-03-28 07:10:10,603] {processor.py:654} INFO - DAG(s) dict_keys(['example_complex']) retrieved from /home/airflow/.local/lib/python3.7/site-packages/airflow/example_dags/example_complex.py
[2022-03-28 07:10:10,621] {logging_mixin.py:109} INFO - [2022-03-28 07:10:10,620] {dag.py:2398} INFO - Sync 1 DAGs
[2022-03-28 07:10:10,637] {logging_mixin.py:109} INFO - [2022-03-28 07:10:10,637] {dag.py:2937} INFO - Setting next_dagrun for example_complex to None
[2022-03-28 07:10:10,645] {processor.py:171} INFO - Processing /home/airflow/.local/lib/python3.7/site-packages/airflow/example_dags/example_complex.py took 0.090 seconds
[2022-03-28 07:10:41,273] {processor.py:163} INFO - Started process (PID=641) to work on /home/airflow/.local/lib/python3.7/site-packages/airflow/example_dags/example_complex.py
[2022-03-28 07:10:41,274] {processor.py:642} INFO - Processing file /home/airflow/.local/lib/python3.7/site-packages/airflow/example_dags/example_complex.py for tasks to queue
[2022-03-28 07:10:41,275] {logging_mixin.py:109} INFO - [2022-03-28 07:10:41,275] {dagbag.py:500} INFO - Filling up the DagBag from /home/airflow/.local/lib/python3.7/site-packages/airflow/example_dags/example_complex.py
[2022-03-28 07:10:41,316] {processor.py:654} INFO - DAG(s) dict_keys(['example_complex']) retrieved from /home/airflow/.local/lib/python3.7/site-packages/airflow/example_dags/example_complex.py
[2022-03-28 07:10:41,334] {logging_mixin.py:109} INFO - [2022-03-28 07:10:41,334] {dag.py:2398} INFO - Sync 1 DAGs
[2022-03-28 07:10:41,352] {logging_mixin.py:109} INFO - [2022-03-28 07:10:41,352] {dag.py:2937} INFO - Setting next_dagrun for example_complex to None
[2022-03-28 07:10:41,362] {processor.py:171} INFO - Processing /home/airflow/.local/lib/python3.7/site-packages/airflow/example_dags/example_complex.py took 0.092 seconds
[2022-03-28 07:11:11,717] {processor.py:163} INFO - Started process (PID=693) to work on /home/airflow/.local/lib/python3.7/site-packages/airflow/example_dags/example_complex.py
[2022-03-28 07:11:11,719] {processor.py:642} INFO - Processing file /home/airflow/.local/lib/python3.7/site-packages/airflow/example_dags/example_complex.py for tasks to queue
[2022-03-28 07:11:11,720] {logging_mixin.py:109} INFO - [2022-03-28 07:11:11,720] {dagbag.py:500} INFO - Filling up the DagBag from /home/airflow/.local/lib/python3.7/site-packages/airflow/example_dags/example_complex.py
[2022-03-28 07:11:11,785] {processor.py:654} INFO - DAG(s) dict_keys(['example_complex']) retrieved from /home/airflow/.local/lib/python3.7/site-packages/airflow/example_dags/example_complex.py
[2022-03-28 07:11:11,807] {logging_mixin.py:109} INFO - [2022-03-28 07:11:11,807] {dag.py:2398} INFO - Sync 1 DAGs
[2022-03-28 07:11:11,833] {logging_mixin.py:109} INFO - [2022-03-28 07:11:11,833] {dag.py:2937} INFO - Setting next_dagrun for example_complex to None
[2022-03-28 07:11:11,848] {processor.py:171} INFO - Processing /home/airflow/.local/lib/python3.7/site-packages/airflow/example_dags/example_complex.py took 0.134 seconds
[2022-03-28 07:11:42,186] {processor.py:163} INFO - Started process (PID=744) to work on /home/airflow/.local/lib/python3.7/site-packages/airflow/example_dags/example_complex.py
[2022-03-28 07:11:42,187] {processor.py:642} INFO - Processing file /home/airflow/.local/lib/python3.7/site-packages/airflow/example_dags/example_complex.py for tasks to queue
[2022-03-28 07:11:42,188] {logging_mixin.py:109} INFO - [2022-03-28 07:11:42,188] {dagbag.py:500} INFO - Filling up the DagBag from /home/airflow/.local/lib/python3.7/site-packages/airflow/example_dags/example_complex.py
[2022-03-28 07:11:42,223] {processor.py:654} INFO - DAG(s) dict_keys(['example_complex']) retrieved from /home/airflow/.local/lib/python3.7/site-packages/airflow/example_dags/example_complex.py
[2022-03-28 07:11:42,238] {logging_mixin.py:109} INFO - [2022-03-28 07:11:42,237] {dag.py:2398} INFO - Sync 1 DAGs
[2022-03-28 07:11:42,253] {logging_mixin.py:109} INFO - [2022-03-28 07:11:42,253] {dag.py:2937} INFO - Setting next_dagrun for example_complex to None
[2022-03-28 07:11:42,262] {processor.py:171} INFO - Processing /home/airflow/.local/lib/python3.7/site-packages/airflow/example_dags/example_complex.py took 0.079 seconds
[2022-03-28 07:12:12,603] {processor.py:163} INFO - Started process (PID=804) to work on /home/airflow/.local/lib/python3.7/site-packages/airflow/example_dags/example_complex.py
[2022-03-28 07:12:12,605] {processor.py:642} INFO - Processing file /home/airflow/.local/lib/python3.7/site-packages/airflow/example_dags/example_complex.py for tasks to queue
[2022-03-28 07:12:12,606] {logging_mixin.py:109} INFO - [2022-03-28 07:12:12,606] {dagbag.py:500} INFO - Filling up the DagBag from /home/airflow/.local/lib/python3.7/site-packages/airflow/example_dags/example_complex.py
[2022-03-28 07:12:12,650] {processor.py:654} INFO - DAG(s) dict_keys(['example_complex']) retrieved from /home/airflow/.local/lib/python3.7/site-packages/airflow/example_dags/example_complex.py
[2022-03-28 07:12:12,672] {logging_mixin.py:109} INFO - [2022-03-28 07:12:12,671] {dag.py:2398} INFO - Sync 1 DAGs
[2022-03-28 07:12:12,692] {logging_mixin.py:109} INFO - [2022-03-28 07:12:12,692] {dag.py:2937} INFO - Setting next_dagrun for example_complex to None
[2022-03-28 07:12:12,704] {processor.py:171} INFO - Processing /home/airflow/.local/lib/python3.7/site-packages/airflow/example_dags/example_complex.py took 0.105 seconds
[2022-03-28 07:12:43,306] {processor.py:163} INFO - Started process (PID=855) to work on /home/airflow/.local/lib/python3.7/site-packages/airflow/example_dags/example_complex.py
[2022-03-28 07:12:43,308] {processor.py:642} INFO - Processing file /home/airflow/.local/lib/python3.7/site-packages/airflow/example_dags/example_complex.py for tasks to queue
[2022-03-28 07:12:43,309] {logging_mixin.py:109} INFO - [2022-03-28 07:12:43,309] {dagbag.py:500} INFO - Filling up the DagBag from /home/airflow/.local/lib/python3.7/site-packages/airflow/example_dags/example_complex.py
[2022-03-28 07:12:43,344] {processor.py:654} INFO - DAG(s) dict_keys(['example_complex']) retrieved from /home/airflow/.local/lib/python3.7/site-packages/airflow/example_dags/example_complex.py
[2022-03-28 07:12:43,360] {logging_mixin.py:109} INFO - [2022-03-28 07:12:43,360] {dag.py:2398} INFO - Sync 1 DAGs
[2022-03-28 07:12:43,374] {logging_mixin.py:109} INFO - [2022-03-28 07:12:43,374] {dag.py:2937} INFO - Setting next_dagrun for example_complex to None
[2022-03-28 07:12:43,384] {processor.py:171} INFO - Processing /home/airflow/.local/lib/python3.7/site-packages/airflow/example_dags/example_complex.py took 0.081 seconds
[2022-03-28 07:13:13,744] {processor.py:163} INFO - Started process (PID=906) to work on /home/airflow/.local/lib/python3.7/site-packages/airflow/example_dags/example_complex.py
[2022-03-28 07:13:13,745] {processor.py:642} INFO - Processing file /home/airflow/.local/lib/python3.7/site-packages/airflow/example_dags/example_complex.py for tasks to queue
[2022-03-28 07:13:13,746] {logging_mixin.py:109} INFO - [2022-03-28 07:13:13,746] {dagbag.py:500} INFO - Filling up the DagBag from /home/airflow/.local/lib/python3.7/site-packages/airflow/example_dags/example_complex.py
[2022-03-28 07:13:13,784] {processor.py:654} INFO - DAG(s) dict_keys(['example_complex']) retrieved from /home/airflow/.local/lib/python3.7/site-packages/airflow/example_dags/example_complex.py
[2022-03-28 07:13:13,805] {logging_mixin.py:109} INFO - [2022-03-28 07:13:13,805] {dag.py:2398} INFO - Sync 1 DAGs
[2022-03-28 07:13:13,820] {logging_mixin.py:109} INFO - [2022-03-28 07:13:13,820] {dag.py:2937} INFO - Setting next_dagrun for example_complex to None
[2022-03-28 07:13:13,830] {processor.py:171} INFO - Processing /home/airflow/.local/lib/python3.7/site-packages/airflow/example_dags/example_complex.py took 0.090 seconds
[2022-03-28 07:13:44,253] {processor.py:163} INFO - Started process (PID=966) to work on /home/airflow/.local/lib/python3.7/site-packages/airflow/example_dags/example_complex.py
[2022-03-28 07:13:44,255] {processor.py:642} INFO - Processing file /home/airflow/.local/lib/python3.7/site-packages/airflow/example_dags/example_complex.py for tasks to queue
[2022-03-28 07:13:44,256] {logging_mixin.py:109} INFO - [2022-03-28 07:13:44,256] {dagbag.py:500} INFO - Filling up the DagBag from /home/airflow/.local/lib/python3.7/site-packages/airflow/example_dags/example_complex.py
[2022-03-28 07:13:44,296] {processor.py:654} INFO - DAG(s) dict_keys(['example_complex']) retrieved from /home/airflow/.local/lib/python3.7/site-packages/airflow/example_dags/example_complex.py
[2022-03-28 07:13:44,315] {logging_mixin.py:109} INFO - [2022-03-28 07:13:44,315] {dag.py:2398} INFO - Sync 1 DAGs
[2022-03-28 07:13:44,332] {logging_mixin.py:109} INFO - [2022-03-28 07:13:44,332] {dag.py:2937} INFO - Setting next_dagrun for example_complex to None
[2022-03-28 07:13:44,342] {processor.py:171} INFO - Processing /home/airflow/.local/lib/python3.7/site-packages/airflow/example_dags/example_complex.py took 0.093 seconds
[2022-03-28 07:14:14,874] {processor.py:163} INFO - Started process (PID=1017) to work on /home/airflow/.local/lib/python3.7/site-packages/airflow/example_dags/example_complex.py
[2022-03-28 07:14:14,876] {processor.py:642} INFO - Processing file /home/airflow/.local/lib/python3.7/site-packages/airflow/example_dags/example_complex.py for tasks to queue
[2022-03-28 07:14:14,877] {logging_mixin.py:109} INFO - [2022-03-28 07:14:14,877] {dagbag.py:500} INFO - Filling up the DagBag from /home/airflow/.local/lib/python3.7/site-packages/airflow/example_dags/example_complex.py
[2022-03-28 07:14:14,928] {processor.py:654} INFO - DAG(s) dict_keys(['example_complex']) retrieved from /home/airflow/.local/lib/python3.7/site-packages/airflow/example_dags/example_complex.py
[2022-03-28 07:14:14,945] {logging_mixin.py:109} INFO - [2022-03-28 07:14:14,945] {dag.py:2398} INFO - Sync 1 DAGs
[2022-03-28 07:14:14,969] {logging_mixin.py:109} INFO - [2022-03-28 07:14:14,969] {dag.py:2937} INFO - Setting next_dagrun for example_complex to None
[2022-03-28 07:14:14,979] {processor.py:171} INFO - Processing /home/airflow/.local/lib/python3.7/site-packages/airflow/example_dags/example_complex.py took 0.109 seconds
[2022-03-28 07:14:45,529] {processor.py:163} INFO - Started process (PID=1068) to work on /home/airflow/.local/lib/python3.7/site-packages/airflow/example_dags/example_complex.py
[2022-03-28 07:14:45,531] {processor.py:642} INFO - Processing file /home/airflow/.local/lib/python3.7/site-packages/airflow/example_dags/example_complex.py for tasks to queue
[2022-03-28 07:14:45,532] {logging_mixin.py:109} INFO - [2022-03-28 07:14:45,532] {dagbag.py:500} INFO - Filling up the DagBag from /home/airflow/.local/lib/python3.7/site-packages/airflow/example_dags/example_complex.py
[2022-03-28 07:14:45,584] {processor.py:654} INFO - DAG(s) dict_keys(['example_complex']) retrieved from /home/airflow/.local/lib/python3.7/site-packages/airflow/example_dags/example_complex.py
[2022-03-28 07:14:45,611] {logging_mixin.py:109} INFO - [2022-03-28 07:14:45,611] {dag.py:2398} INFO - Sync 1 DAGs
[2022-03-28 07:14:45,627] {logging_mixin.py:109} INFO - [2022-03-28 07:14:45,627] {dag.py:2937} INFO - Setting next_dagrun for example_complex to None
[2022-03-28 07:14:45,636] {processor.py:171} INFO - Processing /home/airflow/.local/lib/python3.7/site-packages/airflow/example_dags/example_complex.py took 0.111 seconds
[2022-03-28 07:15:16,232] {processor.py:163} INFO - Started process (PID=1128) to work on /home/airflow/.local/lib/python3.7/site-packages/airflow/example_dags/example_complex.py
[2022-03-28 07:15:16,233] {processor.py:642} INFO - Processing file /home/airflow/.local/lib/python3.7/site-packages/airflow/example_dags/example_complex.py for tasks to queue
[2022-03-28 07:15:16,234] {logging_mixin.py:109} INFO - [2022-03-28 07:15:16,234] {dagbag.py:500} INFO - Filling up the DagBag from /home/airflow/.local/lib/python3.7/site-packages/airflow/example_dags/example_complex.py
[2022-03-28 07:15:16,274] {processor.py:654} INFO - DAG(s) dict_keys(['example_complex']) retrieved from /home/airflow/.local/lib/python3.7/site-packages/airflow/example_dags/example_complex.py
[2022-03-28 07:15:16,295] {logging_mixin.py:109} INFO - [2022-03-28 07:15:16,294] {dag.py:2398} INFO - Sync 1 DAGs
[2022-03-28 07:15:16,312] {logging_mixin.py:109} INFO - [2022-03-28 07:15:16,311] {dag.py:2937} INFO - Setting next_dagrun for example_complex to None
[2022-03-28 07:15:16,321] {processor.py:171} INFO - Processing /home/airflow/.local/lib/python3.7/site-packages/airflow/example_dags/example_complex.py took 0.092 seconds
[2022-03-28 07:15:46,570] {processor.py:163} INFO - Started process (PID=1179) to work on /home/airflow/.local/lib/python3.7/site-packages/airflow/example_dags/example_complex.py
[2022-03-28 07:15:46,572] {processor.py:642} INFO - Processing file /home/airflow/.local/lib/python3.7/site-packages/airflow/example_dags/example_complex.py for tasks to queue
[2022-03-28 07:15:46,573] {logging_mixin.py:109} INFO - [2022-03-28 07:15:46,573] {dagbag.py:500} INFO - Filling up the DagBag from /home/airflow/.local/lib/python3.7/site-packages/airflow/example_dags/example_complex.py
[2022-03-28 07:15:46,614] {processor.py:654} INFO - DAG(s) dict_keys(['example_complex']) retrieved from /home/airflow/.local/lib/python3.7/site-packages/airflow/example_dags/example_complex.py
[2022-03-28 07:15:46,631] {logging_mixin.py:109} INFO - [2022-03-28 07:15:46,631] {dag.py:2398} INFO - Sync 1 DAGs
[2022-03-28 07:15:46,648] {logging_mixin.py:109} INFO - [2022-03-28 07:15:46,648] {dag.py:2937} INFO - Setting next_dagrun for example_complex to None
[2022-03-28 07:15:46,657] {processor.py:171} INFO - Processing /home/airflow/.local/lib/python3.7/site-packages/airflow/example_dags/example_complex.py took 0.090 seconds
[2022-03-28 07:16:17,119] {processor.py:163} INFO - Started process (PID=1229) to work on /home/airflow/.local/lib/python3.7/site-packages/airflow/example_dags/example_complex.py
[2022-03-28 07:16:17,121] {processor.py:642} INFO - Processing file /home/airflow/.local/lib/python3.7/site-packages/airflow/example_dags/example_complex.py for tasks to queue
[2022-03-28 07:16:17,121] {logging_mixin.py:109} INFO - [2022-03-28 07:16:17,121] {dagbag.py:500} INFO - Filling up the DagBag from /home/airflow/.local/lib/python3.7/site-packages/airflow/example_dags/example_complex.py
[2022-03-28 07:16:17,170] {processor.py:654} INFO - DAG(s) dict_keys(['example_complex']) retrieved from /home/airflow/.local/lib/python3.7/site-packages/airflow/example_dags/example_complex.py
[2022-03-28 07:16:17,188] {logging_mixin.py:109} INFO - [2022-03-28 07:16:17,188] {dag.py:2398} INFO - Sync 1 DAGs
[2022-03-28 07:16:17,204] {logging_mixin.py:109} INFO - [2022-03-28 07:16:17,204] {dag.py:2937} INFO - Setting next_dagrun for example_complex to None
[2022-03-28 07:16:17,215] {processor.py:171} INFO - Processing /home/airflow/.local/lib/python3.7/site-packages/airflow/example_dags/example_complex.py took 0.099 seconds
[2022-03-28 07:16:47,708] {processor.py:163} INFO - Started process (PID=1291) to work on /home/airflow/.local/lib/python3.7/site-packages/airflow/example_dags/example_complex.py
[2022-03-28 07:16:47,710] {processor.py:642} INFO - Processing file /home/airflow/.local/lib/python3.7/site-packages/airflow/example_dags/example_complex.py for tasks to queue
[2022-03-28 07:16:47,711] {logging_mixin.py:109} INFO - [2022-03-28 07:16:47,711] {dagbag.py:500} INFO - Filling up the DagBag from /home/airflow/.local/lib/python3.7/site-packages/airflow/example_dags/example_complex.py
[2022-03-28 07:16:47,764] {processor.py:654} INFO - DAG(s) dict_keys(['example_complex']) retrieved from /home/airflow/.local/lib/python3.7/site-packages/airflow/example_dags/example_complex.py
[2022-03-28 07:16:47,787] {logging_mixin.py:109} INFO - [2022-03-28 07:16:47,787] {dag.py:2398} INFO - Sync 1 DAGs
[2022-03-28 07:16:47,808] {logging_mixin.py:109} INFO - [2022-03-28 07:16:47,808] {dag.py:2937} INFO - Setting next_dagrun for example_complex to None
[2022-03-28 07:16:47,819] {processor.py:171} INFO - Processing /home/airflow/.local/lib/python3.7/site-packages/airflow/example_dags/example_complex.py took 0.115 seconds
[2022-03-28 07:17:18,257] {processor.py:163} INFO - Started process (PID=1342) to work on /home/airflow/.local/lib/python3.7/site-packages/airflow/example_dags/example_complex.py
[2022-03-28 07:17:18,258] {processor.py:642} INFO - Processing file /home/airflow/.local/lib/python3.7/site-packages/airflow/example_dags/example_complex.py for tasks to queue
[2022-03-28 07:17:18,259] {logging_mixin.py:109} INFO - [2022-03-28 07:17:18,259] {dagbag.py:500} INFO - Filling up the DagBag from /home/airflow/.local/lib/python3.7/site-packages/airflow/example_dags/example_complex.py
[2022-03-28 07:17:18,297] {processor.py:654} INFO - DAG(s) dict_keys(['example_complex']) retrieved from /home/airflow/.local/lib/python3.7/site-packages/airflow/example_dags/example_complex.py
[2022-03-28 07:17:18,313] {logging_mixin.py:109} INFO - [2022-03-28 07:17:18,312] {dag.py:2398} INFO - Sync 1 DAGs
[2022-03-28 07:17:18,326] {logging_mixin.py:109} INFO - [2022-03-28 07:17:18,326] {dag.py:2937} INFO - Setting next_dagrun for example_complex to None
[2022-03-28 07:17:18,337] {processor.py:171} INFO - Processing /home/airflow/.local/lib/python3.7/site-packages/airflow/example_dags/example_complex.py took 0.083 seconds
[2022-03-28 07:17:48,911] {processor.py:163} INFO - Started process (PID=1394) to work on /home/airflow/.local/lib/python3.7/site-packages/airflow/example_dags/example_complex.py
[2022-03-28 07:17:48,912] {processor.py:642} INFO - Processing file /home/airflow/.local/lib/python3.7/site-packages/airflow/example_dags/example_complex.py for tasks to queue
[2022-03-28 07:17:48,913] {logging_mixin.py:109} INFO - [2022-03-28 07:17:48,913] {dagbag.py:500} INFO - Filling up the DagBag from /home/airflow/.local/lib/python3.7/site-packages/airflow/example_dags/example_complex.py
[2022-03-28 07:17:48,950] {processor.py:654} INFO - DAG(s) dict_keys(['example_complex']) retrieved from /home/airflow/.local/lib/python3.7/site-packages/airflow/example_dags/example_complex.py
[2022-03-28 07:17:48,965] {logging_mixin.py:109} INFO - [2022-03-28 07:17:48,965] {dag.py:2398} INFO - Sync 1 DAGs
[2022-03-28 07:17:48,980] {logging_mixin.py:109} INFO - [2022-03-28 07:17:48,979] {dag.py:2937} INFO - Setting next_dagrun for example_complex to None
[2022-03-28 07:17:48,990] {processor.py:171} INFO - Processing /home/airflow/.local/lib/python3.7/site-packages/airflow/example_dags/example_complex.py took 0.082 seconds
[2022-03-28 07:18:19,477] {processor.py:163} INFO - Started process (PID=1454) to work on /home/airflow/.local/lib/python3.7/site-packages/airflow/example_dags/example_complex.py
[2022-03-28 07:18:19,479] {processor.py:642} INFO - Processing file /home/airflow/.local/lib/python3.7/site-packages/airflow/example_dags/example_complex.py for tasks to queue
[2022-03-28 07:18:19,480] {logging_mixin.py:109} INFO - [2022-03-28 07:18:19,480] {dagbag.py:500} INFO - Filling up the DagBag from /home/airflow/.local/lib/python3.7/site-packages/airflow/example_dags/example_complex.py
[2022-03-28 07:18:19,526] {processor.py:654} INFO - DAG(s) dict_keys(['example_complex']) retrieved from /home/airflow/.local/lib/python3.7/site-packages/airflow/example_dags/example_complex.py
[2022-03-28 07:18:19,549] {logging_mixin.py:109} INFO - [2022-03-28 07:18:19,548] {dag.py:2398} INFO - Sync 1 DAGs
[2022-03-28 07:18:19,570] {logging_mixin.py:109} INFO - [2022-03-28 07:18:19,570] {dag.py:2937} INFO - Setting next_dagrun for example_complex to None
[2022-03-28 07:18:19,580] {processor.py:171} INFO - Processing /home/airflow/.local/lib/python3.7/site-packages/airflow/example_dags/example_complex.py took 0.107 seconds
[2022-03-28 07:18:49,825] {processor.py:163} INFO - Started process (PID=1505) to work on /home/airflow/.local/lib/python3.7/site-packages/airflow/example_dags/example_complex.py
[2022-03-28 07:18:49,826] {processor.py:642} INFO - Processing file /home/airflow/.local/lib/python3.7/site-packages/airflow/example_dags/example_complex.py for tasks to queue
[2022-03-28 07:18:49,827] {logging_mixin.py:109} INFO - [2022-03-28 07:18:49,827] {dagbag.py:500} INFO - Filling up the DagBag from /home/airflow/.local/lib/python3.7/site-packages/airflow/example_dags/example_complex.py
[2022-03-28 07:18:49,865] {processor.py:654} INFO - DAG(s) dict_keys(['example_complex']) retrieved from /home/airflow/.local/lib/python3.7/site-packages/airflow/example_dags/example_complex.py
[2022-03-28 07:18:49,883] {logging_mixin.py:109} INFO - [2022-03-28 07:18:49,882] {dag.py:2398} INFO - Sync 1 DAGs
[2022-03-28 07:18:49,898] {logging_mixin.py:109} INFO - [2022-03-28 07:18:49,897] {dag.py:2937} INFO - Setting next_dagrun for example_complex to None
[2022-03-28 07:18:49,907] {processor.py:171} INFO - Processing /home/airflow/.local/lib/python3.7/site-packages/airflow/example_dags/example_complex.py took 0.085 seconds
[2022-03-28 07:19:20,431] {processor.py:163} INFO - Started process (PID=1556) to work on /home/airflow/.local/lib/python3.7/site-packages/airflow/example_dags/example_complex.py
[2022-03-28 07:19:20,432] {processor.py:642} INFO - Processing file /home/airflow/.local/lib/python3.7/site-packages/airflow/example_dags/example_complex.py for tasks to queue
[2022-03-28 07:19:20,433] {logging_mixin.py:109} INFO - [2022-03-28 07:19:20,433] {dagbag.py:500} INFO - Filling up the DagBag from /home/airflow/.local/lib/python3.7/site-packages/airflow/example_dags/example_complex.py
[2022-03-28 07:19:20,469] {processor.py:654} INFO - DAG(s) dict_keys(['example_complex']) retrieved from /home/airflow/.local/lib/python3.7/site-packages/airflow/example_dags/example_complex.py
[2022-03-28 07:19:20,486] {logging_mixin.py:109} INFO - [2022-03-28 07:19:20,486] {dag.py:2398} INFO - Sync 1 DAGs
[2022-03-28 07:19:20,501] {logging_mixin.py:109} INFO - [2022-03-28 07:19:20,501] {dag.py:2937} INFO - Setting next_dagrun for example_complex to None
[2022-03-28 07:19:20,512] {processor.py:171} INFO - Processing /home/airflow/.local/lib/python3.7/site-packages/airflow/example_dags/example_complex.py took 0.084 seconds
[2022-03-28 07:19:51,001] {processor.py:163} INFO - Started process (PID=1617) to work on /home/airflow/.local/lib/python3.7/site-packages/airflow/example_dags/example_complex.py
[2022-03-28 07:19:51,003] {processor.py:642} INFO - Processing file /home/airflow/.local/lib/python3.7/site-packages/airflow/example_dags/example_complex.py for tasks to queue
[2022-03-28 07:19:51,004] {logging_mixin.py:109} INFO - [2022-03-28 07:19:51,003] {dagbag.py:500} INFO - Filling up the DagBag from /home/airflow/.local/lib/python3.7/site-packages/airflow/example_dags/example_complex.py
[2022-03-28 07:19:51,052] {processor.py:654} INFO - DAG(s) dict_keys(['example_complex']) retrieved from /home/airflow/.local/lib/python3.7/site-packages/airflow/example_dags/example_complex.py
[2022-03-28 07:19:51,070] {logging_mixin.py:109} INFO - [2022-03-28 07:19:51,070] {dag.py:2398} INFO - Sync 1 DAGs
[2022-03-28 07:19:51,088] {logging_mixin.py:109} INFO - [2022-03-28 07:19:51,088] {dag.py:2937} INFO - Setting next_dagrun for example_complex to None
[2022-03-28 07:19:51,097] {processor.py:171} INFO - Processing /home/airflow/.local/lib/python3.7/site-packages/airflow/example_dags/example_complex.py took 0.100 seconds
[2022-03-28 07:20:21,133] {processor.py:163} INFO - Started process (PID=1669) to work on /home/airflow/.local/lib/python3.7/site-packages/airflow/example_dags/example_complex.py
[2022-03-28 07:20:21,135] {processor.py:642} INFO - Processing file /home/airflow/.local/lib/python3.7/site-packages/airflow/example_dags/example_complex.py for tasks to queue
[2022-03-28 07:20:21,135] {logging_mixin.py:109} INFO - [2022-03-28 07:20:21,135] {dagbag.py:500} INFO - Filling up the DagBag from /home/airflow/.local/lib/python3.7/site-packages/airflow/example_dags/example_complex.py
[2022-03-28 07:20:21,174] {processor.py:654} INFO - DAG(s) dict_keys(['example_complex']) retrieved from /home/airflow/.local/lib/python3.7/site-packages/airflow/example_dags/example_complex.py
[2022-03-28 07:20:21,192] {logging_mixin.py:109} INFO - [2022-03-28 07:20:21,192] {dag.py:2398} INFO - Sync 1 DAGs
[2022-03-28 07:20:21,208] {logging_mixin.py:109} INFO - [2022-03-28 07:20:21,208] {dag.py:2937} INFO - Setting next_dagrun for example_complex to None
[2022-03-28 07:20:21,218] {processor.py:171} INFO - Processing /home/airflow/.local/lib/python3.7/site-packages/airflow/example_dags/example_complex.py took 0.088 seconds
[2022-03-28 07:20:52,013] {processor.py:163} INFO - Started process (PID=1720) to work on /home/airflow/.local/lib/python3.7/site-packages/airflow/example_dags/example_complex.py
[2022-03-28 07:20:52,014] {processor.py:642} INFO - Processing file /home/airflow/.local/lib/python3.7/site-packages/airflow/example_dags/example_complex.py for tasks to queue
[2022-03-28 07:20:52,015] {logging_mixin.py:109} INFO - [2022-03-28 07:20:52,015] {dagbag.py:500} INFO - Filling up the DagBag from /home/airflow/.local/lib/python3.7/site-packages/airflow/example_dags/example_complex.py
[2022-03-28 07:20:52,049] {processor.py:654} INFO - DAG(s) dict_keys(['example_complex']) retrieved from /home/airflow/.local/lib/python3.7/site-packages/airflow/example_dags/example_complex.py
[2022-03-28 07:20:52,066] {logging_mixin.py:109} INFO - [2022-03-28 07:20:52,066] {dag.py:2398} INFO - Sync 1 DAGs
[2022-03-28 07:20:52,080] {logging_mixin.py:109} INFO - [2022-03-28 07:20:52,080] {dag.py:2937} INFO - Setting next_dagrun for example_complex to None
[2022-03-28 07:20:52,090] {processor.py:171} INFO - Processing /home/airflow/.local/lib/python3.7/site-packages/airflow/example_dags/example_complex.py took 0.080 seconds
[2022-03-28 07:21:22,136] {processor.py:163} INFO - Started process (PID=1780) to work on /home/airflow/.local/lib/python3.7/site-packages/airflow/example_dags/example_complex.py
[2022-03-28 07:21:22,138] {processor.py:642} INFO - Processing file /home/airflow/.local/lib/python3.7/site-packages/airflow/example_dags/example_complex.py for tasks to queue
[2022-03-28 07:21:22,139] {logging_mixin.py:109} INFO - [2022-03-28 07:21:22,139] {dagbag.py:500} INFO - Filling up the DagBag from /home/airflow/.local/lib/python3.7/site-packages/airflow/example_dags/example_complex.py
[2022-03-28 07:21:22,183] {processor.py:654} INFO - DAG(s) dict_keys(['example_complex']) retrieved from /home/airflow/.local/lib/python3.7/site-packages/airflow/example_dags/example_complex.py
[2022-03-28 07:21:22,201] {logging_mixin.py:109} INFO - [2022-03-28 07:21:22,201] {dag.py:2398} INFO - Sync 1 DAGs
[2022-03-28 07:21:22,219] {logging_mixin.py:109} INFO - [2022-03-28 07:21:22,219] {dag.py:2937} INFO - Setting next_dagrun for example_complex to None
[2022-03-28 07:21:22,231] {processor.py:171} INFO - Processing /home/airflow/.local/lib/python3.7/site-packages/airflow/example_dags/example_complex.py took 0.097 seconds
[2022-03-28 07:21:53,121] {processor.py:163} INFO - Started process (PID=1832) to work on /home/airflow/.local/lib/python3.7/site-packages/airflow/example_dags/example_complex.py
[2022-03-28 07:21:53,123] {processor.py:642} INFO - Processing file /home/airflow/.local/lib/python3.7/site-packages/airflow/example_dags/example_complex.py for tasks to queue
[2022-03-28 07:21:53,124] {logging_mixin.py:109} INFO - [2022-03-28 07:21:53,124] {dagbag.py:500} INFO - Filling up the DagBag from /home/airflow/.local/lib/python3.7/site-packages/airflow/example_dags/example_complex.py
[2022-03-28 07:21:53,161] {processor.py:654} INFO - DAG(s) dict_keys(['example_complex']) retrieved from /home/airflow/.local/lib/python3.7/site-packages/airflow/example_dags/example_complex.py
[2022-03-28 07:21:53,181] {logging_mixin.py:109} INFO - [2022-03-28 07:21:53,181] {dag.py:2398} INFO - Sync 1 DAGs
[2022-03-28 07:21:53,197] {logging_mixin.py:109} INFO - [2022-03-28 07:21:53,197] {dag.py:2937} INFO - Setting next_dagrun for example_complex to None
[2022-03-28 07:21:53,207] {processor.py:171} INFO - Processing /home/airflow/.local/lib/python3.7/site-packages/airflow/example_dags/example_complex.py took 0.088 seconds
[2022-03-28 07:22:23,248] {processor.py:163} INFO - Started process (PID=1882) to work on /home/airflow/.local/lib/python3.7/site-packages/airflow/example_dags/example_complex.py
[2022-03-28 07:22:23,249] {processor.py:642} INFO - Processing file /home/airflow/.local/lib/python3.7/site-packages/airflow/example_dags/example_complex.py for tasks to queue
[2022-03-28 07:22:23,250] {logging_mixin.py:109} INFO - [2022-03-28 07:22:23,250] {dagbag.py:500} INFO - Filling up the DagBag from /home/airflow/.local/lib/python3.7/site-packages/airflow/example_dags/example_complex.py
[2022-03-28 07:22:23,294] {processor.py:654} INFO - DAG(s) dict_keys(['example_complex']) retrieved from /home/airflow/.local/lib/python3.7/site-packages/airflow/example_dags/example_complex.py
[2022-03-28 07:22:23,314] {logging_mixin.py:109} INFO - [2022-03-28 07:22:23,313] {dag.py:2398} INFO - Sync 1 DAGs
[2022-03-28 07:22:23,331] {logging_mixin.py:109} INFO - [2022-03-28 07:22:23,331] {dag.py:2937} INFO - Setting next_dagrun for example_complex to None
[2022-03-28 07:22:23,343] {processor.py:171} INFO - Processing /home/airflow/.local/lib/python3.7/site-packages/airflow/example_dags/example_complex.py took 0.098 seconds
[2022-03-28 07:22:53,948] {processor.py:163} INFO - Started process (PID=1934) to work on /home/airflow/.local/lib/python3.7/site-packages/airflow/example_dags/example_complex.py
[2022-03-28 07:22:53,950] {processor.py:642} INFO - Processing file /home/airflow/.local/lib/python3.7/site-packages/airflow/example_dags/example_complex.py for tasks to queue
[2022-03-28 07:22:53,952] {logging_mixin.py:109} INFO - [2022-03-28 07:22:53,952] {dagbag.py:500} INFO - Filling up the DagBag from /home/airflow/.local/lib/python3.7/site-packages/airflow/example_dags/example_complex.py
[2022-03-28 07:22:54,011] {processor.py:654} INFO - DAG(s) dict_keys(['example_complex']) retrieved from /home/airflow/.local/lib/python3.7/site-packages/airflow/example_dags/example_complex.py
[2022-03-28 07:22:54,038] {logging_mixin.py:109} INFO - [2022-03-28 07:22:54,038] {dag.py:2398} INFO - Sync 1 DAGs
[2022-03-28 07:22:54,057] {logging_mixin.py:109} INFO - [2022-03-28 07:22:54,057] {dag.py:2937} INFO - Setting next_dagrun for example_complex to None
[2022-03-28 07:22:54,069] {processor.py:171} INFO - Processing /home/airflow/.local/lib/python3.7/site-packages/airflow/example_dags/example_complex.py took 0.125 seconds
[2022-03-28 07:23:24,732] {processor.py:163} INFO - Started process (PID=1994) to work on /home/airflow/.local/lib/python3.7/site-packages/airflow/example_dags/example_complex.py
[2022-03-28 07:23:24,734] {processor.py:642} INFO - Processing file /home/airflow/.local/lib/python3.7/site-packages/airflow/example_dags/example_complex.py for tasks to queue
[2022-03-28 07:23:24,736] {logging_mixin.py:109} INFO - [2022-03-28 07:23:24,735] {dagbag.py:500} INFO - Filling up the DagBag from /home/airflow/.local/lib/python3.7/site-packages/airflow/example_dags/example_complex.py
[2022-03-28 07:23:24,786] {processor.py:654} INFO - DAG(s) dict_keys(['example_complex']) retrieved from /home/airflow/.local/lib/python3.7/site-packages/airflow/example_dags/example_complex.py
[2022-03-28 07:23:24,813] {logging_mixin.py:109} INFO - [2022-03-28 07:23:24,812] {dag.py:2398} INFO - Sync 1 DAGs
[2022-03-28 07:23:24,839] {logging_mixin.py:109} INFO - [2022-03-28 07:23:24,839] {dag.py:2937} INFO - Setting next_dagrun for example_complex to None
[2022-03-28 07:23:24,855] {processor.py:171} INFO - Processing /home/airflow/.local/lib/python3.7/site-packages/airflow/example_dags/example_complex.py took 0.127 seconds
[2022-03-28 07:23:55,317] {processor.py:163} INFO - Started process (PID=2046) to work on /home/airflow/.local/lib/python3.7/site-packages/airflow/example_dags/example_complex.py
[2022-03-28 07:23:55,319] {processor.py:642} INFO - Processing file /home/airflow/.local/lib/python3.7/site-packages/airflow/example_dags/example_complex.py for tasks to queue
[2022-03-28 07:23:55,321] {logging_mixin.py:109} INFO - [2022-03-28 07:23:55,321] {dagbag.py:500} INFO - Filling up the DagBag from /home/airflow/.local/lib/python3.7/site-packages/airflow/example_dags/example_complex.py
[2022-03-28 07:23:55,384] {processor.py:654} INFO - DAG(s) dict_keys(['example_complex']) retrieved from /home/airflow/.local/lib/python3.7/site-packages/airflow/example_dags/example_complex.py
[2022-03-28 07:23:55,415] {logging_mixin.py:109} INFO - [2022-03-28 07:23:55,415] {dag.py:2398} INFO - Sync 1 DAGs
[2022-03-28 07:23:55,440] {logging_mixin.py:109} INFO - [2022-03-28 07:23:55,440] {dag.py:2937} INFO - Setting next_dagrun for example_complex to None
[2022-03-28 07:23:55,454] {processor.py:171} INFO - Processing /home/airflow/.local/lib/python3.7/site-packages/airflow/example_dags/example_complex.py took 0.140 seconds
[2022-03-28 07:24:25,561] {processor.py:163} INFO - Started process (PID=2097) to work on /home/airflow/.local/lib/python3.7/site-packages/airflow/example_dags/example_complex.py
[2022-03-28 07:24:25,562] {processor.py:642} INFO - Processing file /home/airflow/.local/lib/python3.7/site-packages/airflow/example_dags/example_complex.py for tasks to queue
[2022-03-28 07:24:25,563] {logging_mixin.py:109} INFO - [2022-03-28 07:24:25,563] {dagbag.py:500} INFO - Filling up the DagBag from /home/airflow/.local/lib/python3.7/site-packages/airflow/example_dags/example_complex.py
[2022-03-28 07:24:25,609] {processor.py:654} INFO - DAG(s) dict_keys(['example_complex']) retrieved from /home/airflow/.local/lib/python3.7/site-packages/airflow/example_dags/example_complex.py
[2022-03-28 07:24:25,628] {logging_mixin.py:109} INFO - [2022-03-28 07:24:25,628] {dag.py:2398} INFO - Sync 1 DAGs
[2022-03-28 07:24:25,649] {logging_mixin.py:109} INFO - [2022-03-28 07:24:25,649] {dag.py:2937} INFO - Setting next_dagrun for example_complex to None
[2022-03-28 07:24:25,662] {processor.py:171} INFO - Processing /home/airflow/.local/lib/python3.7/site-packages/airflow/example_dags/example_complex.py took 0.104 seconds
[2022-03-28 07:24:55,694] {processor.py:163} INFO - Started process (PID=2147) to work on /home/airflow/.local/lib/python3.7/site-packages/airflow/example_dags/example_complex.py
[2022-03-28 07:24:55,695] {processor.py:642} INFO - Processing file /home/airflow/.local/lib/python3.7/site-packages/airflow/example_dags/example_complex.py for tasks to queue
[2022-03-28 07:24:55,696] {logging_mixin.py:109} INFO - [2022-03-28 07:24:55,696] {dagbag.py:500} INFO - Filling up the DagBag from /home/airflow/.local/lib/python3.7/site-packages/airflow/example_dags/example_complex.py
[2022-03-28 07:24:55,725] {processor.py:654} INFO - DAG(s) dict_keys(['example_complex']) retrieved from /home/airflow/.local/lib/python3.7/site-packages/airflow/example_dags/example_complex.py
[2022-03-28 07:24:55,739] {logging_mixin.py:109} INFO - [2022-03-28 07:24:55,739] {dag.py:2398} INFO - Sync 1 DAGs
[2022-03-28 07:24:55,751] {logging_mixin.py:109} INFO - [2022-03-28 07:24:55,751] {dag.py:2937} INFO - Setting next_dagrun for example_complex to None
[2022-03-28 07:24:55,759] {processor.py:171} INFO - Processing /home/airflow/.local/lib/python3.7/site-packages/airflow/example_dags/example_complex.py took 0.067 seconds
[2022-03-28 07:25:25,937] {processor.py:163} INFO - Started process (PID=2199) to work on /home/airflow/.local/lib/python3.7/site-packages/airflow/example_dags/example_complex.py
[2022-03-28 07:25:25,938] {processor.py:642} INFO - Processing file /home/airflow/.local/lib/python3.7/site-packages/airflow/example_dags/example_complex.py for tasks to queue
[2022-03-28 07:25:25,938] {logging_mixin.py:109} INFO - [2022-03-28 07:25:25,938] {dagbag.py:500} INFO - Filling up the DagBag from /home/airflow/.local/lib/python3.7/site-packages/airflow/example_dags/example_complex.py
[2022-03-28 07:25:25,967] {processor.py:654} INFO - DAG(s) dict_keys(['example_complex']) retrieved from /home/airflow/.local/lib/python3.7/site-packages/airflow/example_dags/example_complex.py
[2022-03-28 07:25:25,981] {logging_mixin.py:109} INFO - [2022-03-28 07:25:25,981] {dag.py:2398} INFO - Sync 1 DAGs
[2022-03-28 07:25:25,993] {logging_mixin.py:109} INFO - [2022-03-28 07:25:25,993] {dag.py:2937} INFO - Setting next_dagrun for example_complex to None
[2022-03-28 07:25:26,002] {processor.py:171} INFO - Processing /home/airflow/.local/lib/python3.7/site-packages/airflow/example_dags/example_complex.py took 0.068 seconds
[2022-03-28 07:25:56,748] {processor.py:163} INFO - Started process (PID=2258) to work on /home/airflow/.local/lib/python3.7/site-packages/airflow/example_dags/example_complex.py
[2022-03-28 07:25:56,749] {processor.py:642} INFO - Processing file /home/airflow/.local/lib/python3.7/site-packages/airflow/example_dags/example_complex.py for tasks to queue
[2022-03-28 07:25:56,750] {logging_mixin.py:109} INFO - [2022-03-28 07:25:56,750] {dagbag.py:500} INFO - Filling up the DagBag from /home/airflow/.local/lib/python3.7/site-packages/airflow/example_dags/example_complex.py
[2022-03-28 07:25:56,787] {processor.py:654} INFO - DAG(s) dict_keys(['example_complex']) retrieved from /home/airflow/.local/lib/python3.7/site-packages/airflow/example_dags/example_complex.py
[2022-03-28 07:25:56,801] {logging_mixin.py:109} INFO - [2022-03-28 07:25:56,801] {dag.py:2398} INFO - Sync 1 DAGs
[2022-03-28 07:25:56,815] {logging_mixin.py:109} INFO - [2022-03-28 07:25:56,815] {dag.py:2937} INFO - Setting next_dagrun for example_complex to None
[2022-03-28 07:25:56,823] {processor.py:171} INFO - Processing /home/airflow/.local/lib/python3.7/site-packages/airflow/example_dags/example_complex.py took 0.079 seconds
[2022-03-28 07:26:27,434] {processor.py:163} INFO - Started process (PID=2310) to work on /home/airflow/.local/lib/python3.7/site-packages/airflow/example_dags/example_complex.py
[2022-03-28 07:26:27,435] {processor.py:642} INFO - Processing file /home/airflow/.local/lib/python3.7/site-packages/airflow/example_dags/example_complex.py for tasks to queue
[2022-03-28 07:26:27,436] {logging_mixin.py:109} INFO - [2022-03-28 07:26:27,436] {dagbag.py:500} INFO - Filling up the DagBag from /home/airflow/.local/lib/python3.7/site-packages/airflow/example_dags/example_complex.py
[2022-03-28 07:26:27,465] {processor.py:654} INFO - DAG(s) dict_keys(['example_complex']) retrieved from /home/airflow/.local/lib/python3.7/site-packages/airflow/example_dags/example_complex.py
[2022-03-28 07:26:27,480] {logging_mixin.py:109} INFO - [2022-03-28 07:26:27,480] {dag.py:2398} INFO - Sync 1 DAGs
[2022-03-28 07:26:27,492] {logging_mixin.py:109} INFO - [2022-03-28 07:26:27,491] {dag.py:2937} INFO - Setting next_dagrun for example_complex to None
[2022-03-28 07:26:27,500] {processor.py:171} INFO - Processing /home/airflow/.local/lib/python3.7/site-packages/airflow/example_dags/example_complex.py took 0.069 seconds
[2022-03-28 07:26:58,198] {processor.py:163} INFO - Started process (PID=2371) to work on /home/airflow/.local/lib/python3.7/site-packages/airflow/example_dags/example_complex.py
[2022-03-28 07:26:58,199] {processor.py:642} INFO - Processing file /home/airflow/.local/lib/python3.7/site-packages/airflow/example_dags/example_complex.py for tasks to queue
[2022-03-28 07:26:58,200] {logging_mixin.py:109} INFO - [2022-03-28 07:26:58,200] {dagbag.py:500} INFO - Filling up the DagBag from /home/airflow/.local/lib/python3.7/site-packages/airflow/example_dags/example_complex.py
[2022-03-28 07:26:58,237] {processor.py:654} INFO - DAG(s) dict_keys(['example_complex']) retrieved from /home/airflow/.local/lib/python3.7/site-packages/airflow/example_dags/example_complex.py
[2022-03-28 07:26:58,255] {logging_mixin.py:109} INFO - [2022-03-28 07:26:58,255] {dag.py:2398} INFO - Sync 1 DAGs
[2022-03-28 07:26:58,272] {logging_mixin.py:109} INFO - [2022-03-28 07:26:58,271] {dag.py:2937} INFO - Setting next_dagrun for example_complex to None
[2022-03-28 07:26:58,281] {processor.py:171} INFO - Processing /home/airflow/.local/lib/python3.7/site-packages/airflow/example_dags/example_complex.py took 0.086 seconds
[2022-03-28 07:27:28,879] {processor.py:163} INFO - Started process (PID=2422) to work on /home/airflow/.local/lib/python3.7/site-packages/airflow/example_dags/example_complex.py
[2022-03-28 07:27:28,881] {processor.py:642} INFO - Processing file /home/airflow/.local/lib/python3.7/site-packages/airflow/example_dags/example_complex.py for tasks to queue
[2022-03-28 07:27:28,882] {logging_mixin.py:109} INFO - [2022-03-28 07:27:28,882] {dagbag.py:500} INFO - Filling up the DagBag from /home/airflow/.local/lib/python3.7/site-packages/airflow/example_dags/example_complex.py
[2022-03-28 07:27:28,913] {processor.py:654} INFO - DAG(s) dict_keys(['example_complex']) retrieved from /home/airflow/.local/lib/python3.7/site-packages/airflow/example_dags/example_complex.py
[2022-03-28 07:27:28,927] {logging_mixin.py:109} INFO - [2022-03-28 07:27:28,927] {dag.py:2398} INFO - Sync 1 DAGs
[2022-03-28 07:27:28,939] {logging_mixin.py:109} INFO - [2022-03-28 07:27:28,939] {dag.py:2937} INFO - Setting next_dagrun for example_complex to None
[2022-03-28 07:27:28,948] {processor.py:171} INFO - Processing /home/airflow/.local/lib/python3.7/site-packages/airflow/example_dags/example_complex.py took 0.072 seconds
[2022-03-28 07:27:59,499] {processor.py:163} INFO - Started process (PID=2473) to work on /home/airflow/.local/lib/python3.7/site-packages/airflow/example_dags/example_complex.py
[2022-03-28 07:27:59,500] {processor.py:642} INFO - Processing file /home/airflow/.local/lib/python3.7/site-packages/airflow/example_dags/example_complex.py for tasks to queue
[2022-03-28 07:27:59,501] {logging_mixin.py:109} INFO - [2022-03-28 07:27:59,501] {dagbag.py:500} INFO - Filling up the DagBag from /home/airflow/.local/lib/python3.7/site-packages/airflow/example_dags/example_complex.py
[2022-03-28 07:27:59,535] {processor.py:654} INFO - DAG(s) dict_keys(['example_complex']) retrieved from /home/airflow/.local/lib/python3.7/site-packages/airflow/example_dags/example_complex.py
[2022-03-28 07:27:59,550] {logging_mixin.py:109} INFO - [2022-03-28 07:27:59,550] {dag.py:2398} INFO - Sync 1 DAGs
[2022-03-28 07:27:59,563] {logging_mixin.py:109} INFO - [2022-03-28 07:27:59,563] {dag.py:2937} INFO - Setting next_dagrun for example_complex to None
[2022-03-28 07:27:59,575] {processor.py:171} INFO - Processing /home/airflow/.local/lib/python3.7/site-packages/airflow/example_dags/example_complex.py took 0.079 seconds
[2022-03-28 07:28:30,151] {processor.py:163} INFO - Started process (PID=2533) to work on /home/airflow/.local/lib/python3.7/site-packages/airflow/example_dags/example_complex.py
[2022-03-28 07:28:30,152] {processor.py:642} INFO - Processing file /home/airflow/.local/lib/python3.7/site-packages/airflow/example_dags/example_complex.py for tasks to queue
[2022-03-28 07:28:30,153] {logging_mixin.py:109} INFO - [2022-03-28 07:28:30,153] {dagbag.py:500} INFO - Filling up the DagBag from /home/airflow/.local/lib/python3.7/site-packages/airflow/example_dags/example_complex.py
[2022-03-28 07:28:30,183] {processor.py:654} INFO - DAG(s) dict_keys(['example_complex']) retrieved from /home/airflow/.local/lib/python3.7/site-packages/airflow/example_dags/example_complex.py
[2022-03-28 07:28:30,198] {logging_mixin.py:109} INFO - [2022-03-28 07:28:30,198] {dag.py:2398} INFO - Sync 1 DAGs
[2022-03-28 07:28:30,211] {logging_mixin.py:109} INFO - [2022-03-28 07:28:30,211] {dag.py:2937} INFO - Setting next_dagrun for example_complex to None
[2022-03-28 07:28:30,219] {processor.py:171} INFO - Processing /home/airflow/.local/lib/python3.7/site-packages/airflow/example_dags/example_complex.py took 0.070 seconds
[2022-03-28 07:29:00,981] {processor.py:163} INFO - Started process (PID=2585) to work on /home/airflow/.local/lib/python3.7/site-packages/airflow/example_dags/example_complex.py
[2022-03-28 07:29:00,982] {processor.py:642} INFO - Processing file /home/airflow/.local/lib/python3.7/site-packages/airflow/example_dags/example_complex.py for tasks to queue
[2022-03-28 07:29:00,983] {logging_mixin.py:109} INFO - [2022-03-28 07:29:00,983] {dagbag.py:500} INFO - Filling up the DagBag from /home/airflow/.local/lib/python3.7/site-packages/airflow/example_dags/example_complex.py
[2022-03-28 07:29:01,015] {processor.py:654} INFO - DAG(s) dict_keys(['example_complex']) retrieved from /home/airflow/.local/lib/python3.7/site-packages/airflow/example_dags/example_complex.py
[2022-03-28 07:29:01,029] {logging_mixin.py:109} INFO - [2022-03-28 07:29:01,029] {dag.py:2398} INFO - Sync 1 DAGs
[2022-03-28 07:29:01,045] {logging_mixin.py:109} INFO - [2022-03-28 07:29:01,044] {dag.py:2937} INFO - Setting next_dagrun for example_complex to None
[2022-03-28 07:29:01,053] {processor.py:171} INFO - Processing /home/airflow/.local/lib/python3.7/site-packages/airflow/example_dags/example_complex.py took 0.074 seconds
[2022-03-28 07:29:31,608] {processor.py:163} INFO - Started process (PID=2646) to work on /home/airflow/.local/lib/python3.7/site-packages/airflow/example_dags/example_complex.py
[2022-03-28 07:29:31,609] {processor.py:642} INFO - Processing file /home/airflow/.local/lib/python3.7/site-packages/airflow/example_dags/example_complex.py for tasks to queue
[2022-03-28 07:29:31,610] {logging_mixin.py:109} INFO - [2022-03-28 07:29:31,610] {dagbag.py:500} INFO - Filling up the DagBag from /home/airflow/.local/lib/python3.7/site-packages/airflow/example_dags/example_complex.py
[2022-03-28 07:29:31,645] {processor.py:654} INFO - DAG(s) dict_keys(['example_complex']) retrieved from /home/airflow/.local/lib/python3.7/site-packages/airflow/example_dags/example_complex.py
[2022-03-28 07:29:31,661] {logging_mixin.py:109} INFO - [2022-03-28 07:29:31,661] {dag.py:2398} INFO - Sync 1 DAGs
[2022-03-28 07:29:31,676] {logging_mixin.py:109} INFO - [2022-03-28 07:29:31,676] {dag.py:2937} INFO - Setting next_dagrun for example_complex to None
[2022-03-28 07:29:31,685] {processor.py:171} INFO - Processing /home/airflow/.local/lib/python3.7/site-packages/airflow/example_dags/example_complex.py took 0.079 seconds
[2022-03-28 07:30:02,308] {processor.py:163} INFO - Started process (PID=2698) to work on /home/airflow/.local/lib/python3.7/site-packages/airflow/example_dags/example_complex.py
[2022-03-28 07:30:02,309] {processor.py:642} INFO - Processing file /home/airflow/.local/lib/python3.7/site-packages/airflow/example_dags/example_complex.py for tasks to queue
[2022-03-28 07:30:02,309] {logging_mixin.py:109} INFO - [2022-03-28 07:30:02,309] {dagbag.py:500} INFO - Filling up the DagBag from /home/airflow/.local/lib/python3.7/site-packages/airflow/example_dags/example_complex.py
[2022-03-28 07:30:02,341] {processor.py:654} INFO - DAG(s) dict_keys(['example_complex']) retrieved from /home/airflow/.local/lib/python3.7/site-packages/airflow/example_dags/example_complex.py
[2022-03-28 07:30:02,357] {logging_mixin.py:109} INFO - [2022-03-28 07:30:02,357] {dag.py:2398} INFO - Sync 1 DAGs
[2022-03-28 07:30:02,370] {logging_mixin.py:109} INFO - [2022-03-28 07:30:02,370] {dag.py:2937} INFO - Setting next_dagrun for example_complex to None
[2022-03-28 07:30:02,380] {processor.py:171} INFO - Processing /home/airflow/.local/lib/python3.7/site-packages/airflow/example_dags/example_complex.py took 0.075 seconds
[2022-03-28 07:30:33,147] {processor.py:163} INFO - Started process (PID=2749) to work on /home/airflow/.local/lib/python3.7/site-packages/airflow/example_dags/example_complex.py
[2022-03-28 07:30:33,148] {processor.py:642} INFO - Processing file /home/airflow/.local/lib/python3.7/site-packages/airflow/example_dags/example_complex.py for tasks to queue
[2022-03-28 07:30:33,149] {logging_mixin.py:109} INFO - [2022-03-28 07:30:33,149] {dagbag.py:500} INFO - Filling up the DagBag from /home/airflow/.local/lib/python3.7/site-packages/airflow/example_dags/example_complex.py
[2022-03-28 07:30:33,185] {processor.py:654} INFO - DAG(s) dict_keys(['example_complex']) retrieved from /home/airflow/.local/lib/python3.7/site-packages/airflow/example_dags/example_complex.py
[2022-03-28 07:30:33,204] {logging_mixin.py:109} INFO - [2022-03-28 07:30:33,204] {dag.py:2398} INFO - Sync 1 DAGs
[2022-03-28 07:30:33,219] {logging_mixin.py:109} INFO - [2022-03-28 07:30:33,219] {dag.py:2937} INFO - Setting next_dagrun for example_complex to None
[2022-03-28 07:30:33,228] {processor.py:171} INFO - Processing /home/airflow/.local/lib/python3.7/site-packages/airflow/example_dags/example_complex.py took 0.084 seconds
[2022-03-28 07:31:03,280] {processor.py:163} INFO - Started process (PID=2808) to work on /home/airflow/.local/lib/python3.7/site-packages/airflow/example_dags/example_complex.py
[2022-03-28 07:31:03,281] {processor.py:642} INFO - Processing file /home/airflow/.local/lib/python3.7/site-packages/airflow/example_dags/example_complex.py for tasks to queue
[2022-03-28 07:31:03,282] {logging_mixin.py:109} INFO - [2022-03-28 07:31:03,282] {dagbag.py:500} INFO - Filling up the DagBag from /home/airflow/.local/lib/python3.7/site-packages/airflow/example_dags/example_complex.py
[2022-03-28 07:31:03,318] {processor.py:654} INFO - DAG(s) dict_keys(['example_complex']) retrieved from /home/airflow/.local/lib/python3.7/site-packages/airflow/example_dags/example_complex.py
[2022-03-28 07:31:03,334] {logging_mixin.py:109} INFO - [2022-03-28 07:31:03,334] {dag.py:2398} INFO - Sync 1 DAGs
[2022-03-28 07:31:03,349] {logging_mixin.py:109} INFO - [2022-03-28 07:31:03,349] {dag.py:2937} INFO - Setting next_dagrun for example_complex to None
[2022-03-28 07:31:03,358] {processor.py:171} INFO - Processing /home/airflow/.local/lib/python3.7/site-packages/airflow/example_dags/example_complex.py took 0.081 seconds
[2022-03-28 07:31:33,560] {processor.py:163} INFO - Started process (PID=2860) to work on /home/airflow/.local/lib/python3.7/site-packages/airflow/example_dags/example_complex.py
[2022-03-28 07:31:33,563] {processor.py:642} INFO - Processing file /home/airflow/.local/lib/python3.7/site-packages/airflow/example_dags/example_complex.py for tasks to queue
[2022-03-28 07:31:33,564] {logging_mixin.py:109} INFO - [2022-03-28 07:31:33,564] {dagbag.py:500} INFO - Filling up the DagBag from /home/airflow/.local/lib/python3.7/site-packages/airflow/example_dags/example_complex.py
[2022-03-28 07:31:33,605] {processor.py:654} INFO - DAG(s) dict_keys(['example_complex']) retrieved from /home/airflow/.local/lib/python3.7/site-packages/airflow/example_dags/example_complex.py
[2022-03-28 07:31:33,620] {logging_mixin.py:109} INFO - [2022-03-28 07:31:33,620] {dag.py:2398} INFO - Sync 1 DAGs
[2022-03-28 07:31:33,632] {logging_mixin.py:109} INFO - [2022-03-28 07:31:33,632] {dag.py:2937} INFO - Setting next_dagrun for example_complex to None
[2022-03-28 07:31:33,640] {processor.py:171} INFO - Processing /home/airflow/.local/lib/python3.7/site-packages/airflow/example_dags/example_complex.py took 0.088 seconds
[2022-03-28 07:32:03,670] {processor.py:163} INFO - Started process (PID=2912) to work on /home/airflow/.local/lib/python3.7/site-packages/airflow/example_dags/example_complex.py
[2022-03-28 07:32:03,672] {processor.py:642} INFO - Processing file /home/airflow/.local/lib/python3.7/site-packages/airflow/example_dags/example_complex.py for tasks to queue
[2022-03-28 07:32:03,672] {logging_mixin.py:109} INFO - [2022-03-28 07:32:03,672] {dagbag.py:500} INFO - Filling up the DagBag from /home/airflow/.local/lib/python3.7/site-packages/airflow/example_dags/example_complex.py
[2022-03-28 07:32:03,718] {processor.py:654} INFO - DAG(s) dict_keys(['example_complex']) retrieved from /home/airflow/.local/lib/python3.7/site-packages/airflow/example_dags/example_complex.py
[2022-03-28 07:32:03,737] {logging_mixin.py:109} INFO - [2022-03-28 07:32:03,737] {dag.py:2398} INFO - Sync 1 DAGs
[2022-03-28 07:32:03,755] {logging_mixin.py:109} INFO - [2022-03-28 07:32:03,755] {dag.py:2937} INFO - Setting next_dagrun for example_complex to None
[2022-03-28 07:32:03,768] {processor.py:171} INFO - Processing /home/airflow/.local/lib/python3.7/site-packages/airflow/example_dags/example_complex.py took 0.101 seconds
