[2022-03-28 07:08:57,132] {processor.py:163} INFO - Started process (PID=381) to work on /home/airflow/.local/lib/python3.7/site-packages/airflow/example_dags/example_trigger_controller_dag.py
[2022-03-28 07:08:57,134] {processor.py:642} INFO - Processing file /home/airflow/.local/lib/python3.7/site-packages/airflow/example_dags/example_trigger_controller_dag.py for tasks to queue
[2022-03-28 07:08:57,135] {logging_mixin.py:109} INFO - [2022-03-28 07:08:57,135] {dagbag.py:500} INFO - Filling up the DagBag from /home/airflow/.local/lib/python3.7/site-packages/airflow/example_dags/example_trigger_controller_dag.py
[2022-03-28 07:08:57,174] {processor.py:654} INFO - DAG(s) dict_keys(['example_trigger_controller_dag']) retrieved from /home/airflow/.local/lib/python3.7/site-packages/airflow/example_dags/example_trigger_controller_dag.py
[2022-03-28 07:08:59,317] {logging_mixin.py:109} INFO - [2022-03-28 07:08:59,316] {manager.py:496} INFO - Created Permission View: can read on DAG:example_trigger_controller_dag
[2022-03-28 07:08:59,323] {logging_mixin.py:109} INFO - [2022-03-28 07:08:59,323] {manager.py:496} INFO - Created Permission View: can edit on DAG:example_trigger_controller_dag
[2022-03-28 07:08:59,324] {logging_mixin.py:109} INFO - [2022-03-28 07:08:59,324] {dag.py:2398} INFO - Sync 1 DAGs
[2022-03-28 07:08:59,331] {logging_mixin.py:109} INFO - [2022-03-28 07:08:59,331] {dag.py:2417} INFO - Creating ORM DAG for example_trigger_controller_dag
[2022-03-28 07:08:59,339] {logging_mixin.py:109} INFO - [2022-03-28 07:08:59,339] {dag.py:2937} INFO - Setting next_dagrun for example_trigger_controller_dag to 2021-01-01T00:00:00+00:00
[2022-03-28 07:08:59,352] {processor.py:171} INFO - Processing /home/airflow/.local/lib/python3.7/site-packages/airflow/example_dags/example_trigger_controller_dag.py took 2.223 seconds
[2022-03-28 07:09:30,107] {processor.py:163} INFO - Started process (PID=506) to work on /home/airflow/.local/lib/python3.7/site-packages/airflow/example_dags/example_trigger_controller_dag.py
[2022-03-28 07:09:30,109] {processor.py:642} INFO - Processing file /home/airflow/.local/lib/python3.7/site-packages/airflow/example_dags/example_trigger_controller_dag.py for tasks to queue
[2022-03-28 07:09:30,110] {logging_mixin.py:109} INFO - [2022-03-28 07:09:30,110] {dagbag.py:500} INFO - Filling up the DagBag from /home/airflow/.local/lib/python3.7/site-packages/airflow/example_dags/example_trigger_controller_dag.py
[2022-03-28 07:09:30,139] {processor.py:654} INFO - DAG(s) dict_keys(['example_trigger_controller_dag']) retrieved from /home/airflow/.local/lib/python3.7/site-packages/airflow/example_dags/example_trigger_controller_dag.py
[2022-03-28 07:09:30,150] {logging_mixin.py:109} INFO - [2022-03-28 07:09:30,150] {dag.py:2398} INFO - Sync 1 DAGs
[2022-03-28 07:09:30,165] {logging_mixin.py:109} INFO - [2022-03-28 07:09:30,165] {dag.py:2937} INFO - Setting next_dagrun for example_trigger_controller_dag to 2021-01-01T00:00:00+00:00
[2022-03-28 07:09:30,175] {processor.py:171} INFO - Processing /home/airflow/.local/lib/python3.7/site-packages/airflow/example_dags/example_trigger_controller_dag.py took 0.072 seconds
[2022-03-28 07:10:00,777] {processor.py:163} INFO - Started process (PID=556) to work on /home/airflow/.local/lib/python3.7/site-packages/airflow/example_dags/example_trigger_controller_dag.py
[2022-03-28 07:10:00,779] {processor.py:642} INFO - Processing file /home/airflow/.local/lib/python3.7/site-packages/airflow/example_dags/example_trigger_controller_dag.py for tasks to queue
[2022-03-28 07:10:00,780] {logging_mixin.py:109} INFO - [2022-03-28 07:10:00,780] {dagbag.py:500} INFO - Filling up the DagBag from /home/airflow/.local/lib/python3.7/site-packages/airflow/example_dags/example_trigger_controller_dag.py
[2022-03-28 07:10:00,831] {processor.py:654} INFO - DAG(s) dict_keys(['example_trigger_controller_dag']) retrieved from /home/airflow/.local/lib/python3.7/site-packages/airflow/example_dags/example_trigger_controller_dag.py
[2022-03-28 07:10:00,844] {logging_mixin.py:109} INFO - [2022-03-28 07:10:00,844] {dag.py:2398} INFO - Sync 1 DAGs
[2022-03-28 07:10:00,873] {logging_mixin.py:109} INFO - [2022-03-28 07:10:00,873] {dag.py:2937} INFO - Setting next_dagrun for example_trigger_controller_dag to 2021-01-01T00:00:00+00:00
[2022-03-28 07:10:00,884] {processor.py:171} INFO - Processing /home/airflow/.local/lib/python3.7/site-packages/airflow/example_dags/example_trigger_controller_dag.py took 0.110 seconds
[2022-03-28 07:10:31,489] {processor.py:163} INFO - Started process (PID=617) to work on /home/airflow/.local/lib/python3.7/site-packages/airflow/example_dags/example_trigger_controller_dag.py
[2022-03-28 07:10:31,491] {processor.py:642} INFO - Processing file /home/airflow/.local/lib/python3.7/site-packages/airflow/example_dags/example_trigger_controller_dag.py for tasks to queue
[2022-03-28 07:10:31,492] {logging_mixin.py:109} INFO - [2022-03-28 07:10:31,491] {dagbag.py:500} INFO - Filling up the DagBag from /home/airflow/.local/lib/python3.7/site-packages/airflow/example_dags/example_trigger_controller_dag.py
[2022-03-28 07:10:31,523] {processor.py:654} INFO - DAG(s) dict_keys(['example_trigger_controller_dag']) retrieved from /home/airflow/.local/lib/python3.7/site-packages/airflow/example_dags/example_trigger_controller_dag.py
[2022-03-28 07:10:31,536] {logging_mixin.py:109} INFO - [2022-03-28 07:10:31,535] {dag.py:2398} INFO - Sync 1 DAGs
[2022-03-28 07:10:31,558] {logging_mixin.py:109} INFO - [2022-03-28 07:10:31,558] {dag.py:2937} INFO - Setting next_dagrun for example_trigger_controller_dag to 2021-01-01T00:00:00+00:00
[2022-03-28 07:10:31,571] {processor.py:171} INFO - Processing /home/airflow/.local/lib/python3.7/site-packages/airflow/example_dags/example_trigger_controller_dag.py took 0.085 seconds
[2022-03-28 07:11:01,982] {processor.py:163} INFO - Started process (PID=668) to work on /home/airflow/.local/lib/python3.7/site-packages/airflow/example_dags/example_trigger_controller_dag.py
[2022-03-28 07:11:01,984] {processor.py:642} INFO - Processing file /home/airflow/.local/lib/python3.7/site-packages/airflow/example_dags/example_trigger_controller_dag.py for tasks to queue
[2022-03-28 07:11:01,985] {logging_mixin.py:109} INFO - [2022-03-28 07:11:01,984] {dagbag.py:500} INFO - Filling up the DagBag from /home/airflow/.local/lib/python3.7/site-packages/airflow/example_dags/example_trigger_controller_dag.py
[2022-03-28 07:11:02,012] {processor.py:654} INFO - DAG(s) dict_keys(['example_trigger_controller_dag']) retrieved from /home/airflow/.local/lib/python3.7/site-packages/airflow/example_dags/example_trigger_controller_dag.py
[2022-03-28 07:11:02,023] {logging_mixin.py:109} INFO - [2022-03-28 07:11:02,023] {dag.py:2398} INFO - Sync 1 DAGs
[2022-03-28 07:11:02,038] {logging_mixin.py:109} INFO - [2022-03-28 07:11:02,038] {dag.py:2937} INFO - Setting next_dagrun for example_trigger_controller_dag to 2021-01-01T00:00:00+00:00
[2022-03-28 07:11:02,047] {processor.py:171} INFO - Processing /home/airflow/.local/lib/python3.7/site-packages/airflow/example_dags/example_trigger_controller_dag.py took 0.067 seconds
[2022-03-28 07:11:32,481] {processor.py:163} INFO - Started process (PID=729) to work on /home/airflow/.local/lib/python3.7/site-packages/airflow/example_dags/example_trigger_controller_dag.py
[2022-03-28 07:11:32,483] {processor.py:642} INFO - Processing file /home/airflow/.local/lib/python3.7/site-packages/airflow/example_dags/example_trigger_controller_dag.py for tasks to queue
[2022-03-28 07:11:32,484] {logging_mixin.py:109} INFO - [2022-03-28 07:11:32,483] {dagbag.py:500} INFO - Filling up the DagBag from /home/airflow/.local/lib/python3.7/site-packages/airflow/example_dags/example_trigger_controller_dag.py
[2022-03-28 07:11:32,514] {processor.py:654} INFO - DAG(s) dict_keys(['example_trigger_controller_dag']) retrieved from /home/airflow/.local/lib/python3.7/site-packages/airflow/example_dags/example_trigger_controller_dag.py
[2022-03-28 07:11:32,526] {logging_mixin.py:109} INFO - [2022-03-28 07:11:32,526] {dag.py:2398} INFO - Sync 1 DAGs
[2022-03-28 07:11:32,541] {logging_mixin.py:109} INFO - [2022-03-28 07:11:32,541] {dag.py:2937} INFO - Setting next_dagrun for example_trigger_controller_dag to 2021-01-01T00:00:00+00:00
[2022-03-28 07:11:32,552] {processor.py:171} INFO - Processing /home/airflow/.local/lib/python3.7/site-packages/airflow/example_dags/example_trigger_controller_dag.py took 0.073 seconds
[2022-03-28 07:12:02,956] {processor.py:163} INFO - Started process (PID=779) to work on /home/airflow/.local/lib/python3.7/site-packages/airflow/example_dags/example_trigger_controller_dag.py
[2022-03-28 07:12:02,957] {processor.py:642} INFO - Processing file /home/airflow/.local/lib/python3.7/site-packages/airflow/example_dags/example_trigger_controller_dag.py for tasks to queue
[2022-03-28 07:12:02,958] {logging_mixin.py:109} INFO - [2022-03-28 07:12:02,958] {dagbag.py:500} INFO - Filling up the DagBag from /home/airflow/.local/lib/python3.7/site-packages/airflow/example_dags/example_trigger_controller_dag.py
[2022-03-28 07:12:02,991] {processor.py:654} INFO - DAG(s) dict_keys(['example_trigger_controller_dag']) retrieved from /home/airflow/.local/lib/python3.7/site-packages/airflow/example_dags/example_trigger_controller_dag.py
[2022-03-28 07:12:03,003] {logging_mixin.py:109} INFO - [2022-03-28 07:12:03,003] {dag.py:2398} INFO - Sync 1 DAGs
[2022-03-28 07:12:03,018] {logging_mixin.py:109} INFO - [2022-03-28 07:12:03,017] {dag.py:2937} INFO - Setting next_dagrun for example_trigger_controller_dag to 2021-01-01T00:00:00+00:00
[2022-03-28 07:12:03,030] {processor.py:171} INFO - Processing /home/airflow/.local/lib/python3.7/site-packages/airflow/example_dags/example_trigger_controller_dag.py took 0.077 seconds
[2022-03-28 07:12:33,543] {processor.py:163} INFO - Started process (PID=831) to work on /home/airflow/.local/lib/python3.7/site-packages/airflow/example_dags/example_trigger_controller_dag.py
[2022-03-28 07:12:33,544] {processor.py:642} INFO - Processing file /home/airflow/.local/lib/python3.7/site-packages/airflow/example_dags/example_trigger_controller_dag.py for tasks to queue
[2022-03-28 07:12:33,545] {logging_mixin.py:109} INFO - [2022-03-28 07:12:33,545] {dagbag.py:500} INFO - Filling up the DagBag from /home/airflow/.local/lib/python3.7/site-packages/airflow/example_dags/example_trigger_controller_dag.py
[2022-03-28 07:12:33,573] {processor.py:654} INFO - DAG(s) dict_keys(['example_trigger_controller_dag']) retrieved from /home/airflow/.local/lib/python3.7/site-packages/airflow/example_dags/example_trigger_controller_dag.py
[2022-03-28 07:12:33,582] {logging_mixin.py:109} INFO - [2022-03-28 07:12:33,582] {dag.py:2398} INFO - Sync 1 DAGs
[2022-03-28 07:12:33,597] {logging_mixin.py:109} INFO - [2022-03-28 07:12:33,597] {dag.py:2937} INFO - Setting next_dagrun for example_trigger_controller_dag to 2021-01-01T00:00:00+00:00
[2022-03-28 07:12:33,608] {processor.py:171} INFO - Processing /home/airflow/.local/lib/python3.7/site-packages/airflow/example_dags/example_trigger_controller_dag.py took 0.068 seconds
[2022-03-28 07:13:04,088] {processor.py:163} INFO - Started process (PID=891) to work on /home/airflow/.local/lib/python3.7/site-packages/airflow/example_dags/example_trigger_controller_dag.py
[2022-03-28 07:13:04,090] {processor.py:642} INFO - Processing file /home/airflow/.local/lib/python3.7/site-packages/airflow/example_dags/example_trigger_controller_dag.py for tasks to queue
[2022-03-28 07:13:04,090] {logging_mixin.py:109} INFO - [2022-03-28 07:13:04,090] {dagbag.py:500} INFO - Filling up the DagBag from /home/airflow/.local/lib/python3.7/site-packages/airflow/example_dags/example_trigger_controller_dag.py
[2022-03-28 07:13:04,119] {processor.py:654} INFO - DAG(s) dict_keys(['example_trigger_controller_dag']) retrieved from /home/airflow/.local/lib/python3.7/site-packages/airflow/example_dags/example_trigger_controller_dag.py
[2022-03-28 07:13:04,132] {logging_mixin.py:109} INFO - [2022-03-28 07:13:04,132] {dag.py:2398} INFO - Sync 1 DAGs
[2022-03-28 07:13:04,147] {logging_mixin.py:109} INFO - [2022-03-28 07:13:04,147] {dag.py:2937} INFO - Setting next_dagrun for example_trigger_controller_dag to 2021-01-01T00:00:00+00:00
[2022-03-28 07:13:04,159] {processor.py:171} INFO - Processing /home/airflow/.local/lib/python3.7/site-packages/airflow/example_dags/example_trigger_controller_dag.py took 0.074 seconds
[2022-03-28 07:13:34,609] {processor.py:163} INFO - Started process (PID=942) to work on /home/airflow/.local/lib/python3.7/site-packages/airflow/example_dags/example_trigger_controller_dag.py
[2022-03-28 07:13:34,610] {processor.py:642} INFO - Processing file /home/airflow/.local/lib/python3.7/site-packages/airflow/example_dags/example_trigger_controller_dag.py for tasks to queue
[2022-03-28 07:13:34,611] {logging_mixin.py:109} INFO - [2022-03-28 07:13:34,611] {dagbag.py:500} INFO - Filling up the DagBag from /home/airflow/.local/lib/python3.7/site-packages/airflow/example_dags/example_trigger_controller_dag.py
[2022-03-28 07:13:34,636] {processor.py:654} INFO - DAG(s) dict_keys(['example_trigger_controller_dag']) retrieved from /home/airflow/.local/lib/python3.7/site-packages/airflow/example_dags/example_trigger_controller_dag.py
[2022-03-28 07:13:34,647] {logging_mixin.py:109} INFO - [2022-03-28 07:13:34,647] {dag.py:2398} INFO - Sync 1 DAGs
[2022-03-28 07:13:34,662] {logging_mixin.py:109} INFO - [2022-03-28 07:13:34,662] {dag.py:2937} INFO - Setting next_dagrun for example_trigger_controller_dag to 2021-01-01T00:00:00+00:00
[2022-03-28 07:13:34,671] {processor.py:171} INFO - Processing /home/airflow/.local/lib/python3.7/site-packages/airflow/example_dags/example_trigger_controller_dag.py took 0.065 seconds
[2022-03-28 07:14:05,154] {processor.py:163} INFO - Started process (PID=993) to work on /home/airflow/.local/lib/python3.7/site-packages/airflow/example_dags/example_trigger_controller_dag.py
[2022-03-28 07:14:05,156] {processor.py:642} INFO - Processing file /home/airflow/.local/lib/python3.7/site-packages/airflow/example_dags/example_trigger_controller_dag.py for tasks to queue
[2022-03-28 07:14:05,157] {logging_mixin.py:109} INFO - [2022-03-28 07:14:05,157] {dagbag.py:500} INFO - Filling up the DagBag from /home/airflow/.local/lib/python3.7/site-packages/airflow/example_dags/example_trigger_controller_dag.py
[2022-03-28 07:14:05,186] {processor.py:654} INFO - DAG(s) dict_keys(['example_trigger_controller_dag']) retrieved from /home/airflow/.local/lib/python3.7/site-packages/airflow/example_dags/example_trigger_controller_dag.py
[2022-03-28 07:14:05,195] {logging_mixin.py:109} INFO - [2022-03-28 07:14:05,195] {dag.py:2398} INFO - Sync 1 DAGs
[2022-03-28 07:14:05,211] {logging_mixin.py:109} INFO - [2022-03-28 07:14:05,211] {dag.py:2937} INFO - Setting next_dagrun for example_trigger_controller_dag to 2021-01-01T00:00:00+00:00
[2022-03-28 07:14:05,222] {processor.py:171} INFO - Processing /home/airflow/.local/lib/python3.7/site-packages/airflow/example_dags/example_trigger_controller_dag.py took 0.071 seconds
[2022-03-28 07:14:35,725] {processor.py:163} INFO - Started process (PID=1053) to work on /home/airflow/.local/lib/python3.7/site-packages/airflow/example_dags/example_trigger_controller_dag.py
[2022-03-28 07:14:35,726] {processor.py:642} INFO - Processing file /home/airflow/.local/lib/python3.7/site-packages/airflow/example_dags/example_trigger_controller_dag.py for tasks to queue
[2022-03-28 07:14:35,727] {logging_mixin.py:109} INFO - [2022-03-28 07:14:35,727] {dagbag.py:500} INFO - Filling up the DagBag from /home/airflow/.local/lib/python3.7/site-packages/airflow/example_dags/example_trigger_controller_dag.py
[2022-03-28 07:14:35,758] {processor.py:654} INFO - DAG(s) dict_keys(['example_trigger_controller_dag']) retrieved from /home/airflow/.local/lib/python3.7/site-packages/airflow/example_dags/example_trigger_controller_dag.py
[2022-03-28 07:14:35,769] {logging_mixin.py:109} INFO - [2022-03-28 07:14:35,768] {dag.py:2398} INFO - Sync 1 DAGs
[2022-03-28 07:14:35,787] {logging_mixin.py:109} INFO - [2022-03-28 07:14:35,786] {dag.py:2937} INFO - Setting next_dagrun for example_trigger_controller_dag to 2021-01-01T00:00:00+00:00
[2022-03-28 07:14:35,798] {processor.py:171} INFO - Processing /home/airflow/.local/lib/python3.7/site-packages/airflow/example_dags/example_trigger_controller_dag.py took 0.077 seconds
[2022-03-28 07:15:06,403] {processor.py:163} INFO - Started process (PID=1103) to work on /home/airflow/.local/lib/python3.7/site-packages/airflow/example_dags/example_trigger_controller_dag.py
[2022-03-28 07:15:06,404] {processor.py:642} INFO - Processing file /home/airflow/.local/lib/python3.7/site-packages/airflow/example_dags/example_trigger_controller_dag.py for tasks to queue
[2022-03-28 07:15:06,405] {logging_mixin.py:109} INFO - [2022-03-28 07:15:06,405] {dagbag.py:500} INFO - Filling up the DagBag from /home/airflow/.local/lib/python3.7/site-packages/airflow/example_dags/example_trigger_controller_dag.py
[2022-03-28 07:15:06,434] {processor.py:654} INFO - DAG(s) dict_keys(['example_trigger_controller_dag']) retrieved from /home/airflow/.local/lib/python3.7/site-packages/airflow/example_dags/example_trigger_controller_dag.py
[2022-03-28 07:15:06,443] {logging_mixin.py:109} INFO - [2022-03-28 07:15:06,443] {dag.py:2398} INFO - Sync 1 DAGs
[2022-03-28 07:15:06,459] {logging_mixin.py:109} INFO - [2022-03-28 07:15:06,459] {dag.py:2937} INFO - Setting next_dagrun for example_trigger_controller_dag to 2021-01-01T00:00:00+00:00
[2022-03-28 07:15:06,470] {processor.py:171} INFO - Processing /home/airflow/.local/lib/python3.7/site-packages/airflow/example_dags/example_trigger_controller_dag.py took 0.070 seconds
[2022-03-28 07:15:36,980] {processor.py:163} INFO - Started process (PID=1154) to work on /home/airflow/.local/lib/python3.7/site-packages/airflow/example_dags/example_trigger_controller_dag.py
[2022-03-28 07:15:36,981] {processor.py:642} INFO - Processing file /home/airflow/.local/lib/python3.7/site-packages/airflow/example_dags/example_trigger_controller_dag.py for tasks to queue
[2022-03-28 07:15:36,982] {logging_mixin.py:109} INFO - [2022-03-28 07:15:36,982] {dagbag.py:500} INFO - Filling up the DagBag from /home/airflow/.local/lib/python3.7/site-packages/airflow/example_dags/example_trigger_controller_dag.py
[2022-03-28 07:15:37,009] {processor.py:654} INFO - DAG(s) dict_keys(['example_trigger_controller_dag']) retrieved from /home/airflow/.local/lib/python3.7/site-packages/airflow/example_dags/example_trigger_controller_dag.py
[2022-03-28 07:15:37,019] {logging_mixin.py:109} INFO - [2022-03-28 07:15:37,018] {dag.py:2398} INFO - Sync 1 DAGs
[2022-03-28 07:15:37,032] {logging_mixin.py:109} INFO - [2022-03-28 07:15:37,032] {dag.py:2937} INFO - Setting next_dagrun for example_trigger_controller_dag to 2021-01-01T00:00:00+00:00
[2022-03-28 07:15:37,043] {processor.py:171} INFO - Processing /home/airflow/.local/lib/python3.7/site-packages/airflow/example_dags/example_trigger_controller_dag.py took 0.065 seconds
[2022-03-28 07:16:07,438] {processor.py:163} INFO - Started process (PID=1214) to work on /home/airflow/.local/lib/python3.7/site-packages/airflow/example_dags/example_trigger_controller_dag.py
[2022-03-28 07:16:07,439] {processor.py:642} INFO - Processing file /home/airflow/.local/lib/python3.7/site-packages/airflow/example_dags/example_trigger_controller_dag.py for tasks to queue
[2022-03-28 07:16:07,440] {logging_mixin.py:109} INFO - [2022-03-28 07:16:07,440] {dagbag.py:500} INFO - Filling up the DagBag from /home/airflow/.local/lib/python3.7/site-packages/airflow/example_dags/example_trigger_controller_dag.py
[2022-03-28 07:16:07,469] {processor.py:654} INFO - DAG(s) dict_keys(['example_trigger_controller_dag']) retrieved from /home/airflow/.local/lib/python3.7/site-packages/airflow/example_dags/example_trigger_controller_dag.py
[2022-03-28 07:16:07,478] {logging_mixin.py:109} INFO - [2022-03-28 07:16:07,478] {dag.py:2398} INFO - Sync 1 DAGs
[2022-03-28 07:16:07,495] {logging_mixin.py:109} INFO - [2022-03-28 07:16:07,495] {dag.py:2937} INFO - Setting next_dagrun for example_trigger_controller_dag to 2021-01-01T00:00:00+00:00
[2022-03-28 07:16:07,507] {processor.py:171} INFO - Processing /home/airflow/.local/lib/python3.7/site-packages/airflow/example_dags/example_trigger_controller_dag.py took 0.072 seconds
[2022-03-28 07:16:38,035] {processor.py:163} INFO - Started process (PID=1266) to work on /home/airflow/.local/lib/python3.7/site-packages/airflow/example_dags/example_trigger_controller_dag.py
[2022-03-28 07:16:38,037] {processor.py:642} INFO - Processing file /home/airflow/.local/lib/python3.7/site-packages/airflow/example_dags/example_trigger_controller_dag.py for tasks to queue
[2022-03-28 07:16:38,038] {logging_mixin.py:109} INFO - [2022-03-28 07:16:38,037] {dagbag.py:500} INFO - Filling up the DagBag from /home/airflow/.local/lib/python3.7/site-packages/airflow/example_dags/example_trigger_controller_dag.py
[2022-03-28 07:16:38,064] {processor.py:654} INFO - DAG(s) dict_keys(['example_trigger_controller_dag']) retrieved from /home/airflow/.local/lib/python3.7/site-packages/airflow/example_dags/example_trigger_controller_dag.py
[2022-03-28 07:16:38,074] {logging_mixin.py:109} INFO - [2022-03-28 07:16:38,074] {dag.py:2398} INFO - Sync 1 DAGs
[2022-03-28 07:16:38,089] {logging_mixin.py:109} INFO - [2022-03-28 07:16:38,089] {dag.py:2937} INFO - Setting next_dagrun for example_trigger_controller_dag to 2021-01-01T00:00:00+00:00
[2022-03-28 07:16:38,100] {processor.py:171} INFO - Processing /home/airflow/.local/lib/python3.7/site-packages/airflow/example_dags/example_trigger_controller_dag.py took 0.069 seconds
[2022-03-28 07:17:08,592] {processor.py:163} INFO - Started process (PID=1318) to work on /home/airflow/.local/lib/python3.7/site-packages/airflow/example_dags/example_trigger_controller_dag.py
[2022-03-28 07:17:08,593] {processor.py:642} INFO - Processing file /home/airflow/.local/lib/python3.7/site-packages/airflow/example_dags/example_trigger_controller_dag.py for tasks to queue
[2022-03-28 07:17:08,594] {logging_mixin.py:109} INFO - [2022-03-28 07:17:08,594] {dagbag.py:500} INFO - Filling up the DagBag from /home/airflow/.local/lib/python3.7/site-packages/airflow/example_dags/example_trigger_controller_dag.py
[2022-03-28 07:17:08,619] {processor.py:654} INFO - DAG(s) dict_keys(['example_trigger_controller_dag']) retrieved from /home/airflow/.local/lib/python3.7/site-packages/airflow/example_dags/example_trigger_controller_dag.py
[2022-03-28 07:17:08,628] {logging_mixin.py:109} INFO - [2022-03-28 07:17:08,628] {dag.py:2398} INFO - Sync 1 DAGs
[2022-03-28 07:17:08,643] {logging_mixin.py:109} INFO - [2022-03-28 07:17:08,643] {dag.py:2937} INFO - Setting next_dagrun for example_trigger_controller_dag to 2021-01-01T00:00:00+00:00
[2022-03-28 07:17:08,654] {processor.py:171} INFO - Processing /home/airflow/.local/lib/python3.7/site-packages/airflow/example_dags/example_trigger_controller_dag.py took 0.065 seconds
[2022-03-28 07:17:39,160] {processor.py:163} INFO - Started process (PID=1379) to work on /home/airflow/.local/lib/python3.7/site-packages/airflow/example_dags/example_trigger_controller_dag.py
[2022-03-28 07:17:39,162] {processor.py:642} INFO - Processing file /home/airflow/.local/lib/python3.7/site-packages/airflow/example_dags/example_trigger_controller_dag.py for tasks to queue
[2022-03-28 07:17:39,163] {logging_mixin.py:109} INFO - [2022-03-28 07:17:39,163] {dagbag.py:500} INFO - Filling up the DagBag from /home/airflow/.local/lib/python3.7/site-packages/airflow/example_dags/example_trigger_controller_dag.py
[2022-03-28 07:17:39,197] {processor.py:654} INFO - DAG(s) dict_keys(['example_trigger_controller_dag']) retrieved from /home/airflow/.local/lib/python3.7/site-packages/airflow/example_dags/example_trigger_controller_dag.py
[2022-03-28 07:17:39,209] {logging_mixin.py:109} INFO - [2022-03-28 07:17:39,209] {dag.py:2398} INFO - Sync 1 DAGs
[2022-03-28 07:17:39,227] {logging_mixin.py:109} INFO - [2022-03-28 07:17:39,227] {dag.py:2937} INFO - Setting next_dagrun for example_trigger_controller_dag to 2021-01-01T00:00:00+00:00
[2022-03-28 07:17:39,238] {processor.py:171} INFO - Processing /home/airflow/.local/lib/python3.7/site-packages/airflow/example_dags/example_trigger_controller_dag.py took 0.081 seconds
[2022-03-28 07:18:09,800] {processor.py:163} INFO - Started process (PID=1430) to work on /home/airflow/.local/lib/python3.7/site-packages/airflow/example_dags/example_trigger_controller_dag.py
[2022-03-28 07:18:09,802] {processor.py:642} INFO - Processing file /home/airflow/.local/lib/python3.7/site-packages/airflow/example_dags/example_trigger_controller_dag.py for tasks to queue
[2022-03-28 07:18:09,803] {logging_mixin.py:109} INFO - [2022-03-28 07:18:09,802] {dagbag.py:500} INFO - Filling up the DagBag from /home/airflow/.local/lib/python3.7/site-packages/airflow/example_dags/example_trigger_controller_dag.py
[2022-03-28 07:18:09,831] {processor.py:654} INFO - DAG(s) dict_keys(['example_trigger_controller_dag']) retrieved from /home/airflow/.local/lib/python3.7/site-packages/airflow/example_dags/example_trigger_controller_dag.py
[2022-03-28 07:18:09,841] {logging_mixin.py:109} INFO - [2022-03-28 07:18:09,841] {dag.py:2398} INFO - Sync 1 DAGs
[2022-03-28 07:18:09,855] {logging_mixin.py:109} INFO - [2022-03-28 07:18:09,855] {dag.py:2937} INFO - Setting next_dagrun for example_trigger_controller_dag to 2021-01-01T00:00:00+00:00
[2022-03-28 07:18:09,867] {processor.py:171} INFO - Processing /home/airflow/.local/lib/python3.7/site-packages/airflow/example_dags/example_trigger_controller_dag.py took 0.070 seconds
[2022-03-28 07:18:40,204] {processor.py:163} INFO - Started process (PID=1481) to work on /home/airflow/.local/lib/python3.7/site-packages/airflow/example_dags/example_trigger_controller_dag.py
[2022-03-28 07:18:40,205] {processor.py:642} INFO - Processing file /home/airflow/.local/lib/python3.7/site-packages/airflow/example_dags/example_trigger_controller_dag.py for tasks to queue
[2022-03-28 07:18:40,206] {logging_mixin.py:109} INFO - [2022-03-28 07:18:40,206] {dagbag.py:500} INFO - Filling up the DagBag from /home/airflow/.local/lib/python3.7/site-packages/airflow/example_dags/example_trigger_controller_dag.py
[2022-03-28 07:18:40,234] {processor.py:654} INFO - DAG(s) dict_keys(['example_trigger_controller_dag']) retrieved from /home/airflow/.local/lib/python3.7/site-packages/airflow/example_dags/example_trigger_controller_dag.py
[2022-03-28 07:18:40,245] {logging_mixin.py:109} INFO - [2022-03-28 07:18:40,244] {dag.py:2398} INFO - Sync 1 DAGs
[2022-03-28 07:18:40,258] {logging_mixin.py:109} INFO - [2022-03-28 07:18:40,258] {dag.py:2937} INFO - Setting next_dagrun for example_trigger_controller_dag to 2021-01-01T00:00:00+00:00
[2022-03-28 07:18:40,267] {processor.py:171} INFO - Processing /home/airflow/.local/lib/python3.7/site-packages/airflow/example_dags/example_trigger_controller_dag.py took 0.065 seconds
[2022-03-28 07:19:10,761] {processor.py:163} INFO - Started process (PID=1539) to work on /home/airflow/.local/lib/python3.7/site-packages/airflow/example_dags/example_trigger_controller_dag.py
[2022-03-28 07:19:10,762] {processor.py:642} INFO - Processing file /home/airflow/.local/lib/python3.7/site-packages/airflow/example_dags/example_trigger_controller_dag.py for tasks to queue
[2022-03-28 07:19:10,763] {logging_mixin.py:109} INFO - [2022-03-28 07:19:10,763] {dagbag.py:500} INFO - Filling up the DagBag from /home/airflow/.local/lib/python3.7/site-packages/airflow/example_dags/example_trigger_controller_dag.py
[2022-03-28 07:19:10,796] {processor.py:654} INFO - DAG(s) dict_keys(['example_trigger_controller_dag']) retrieved from /home/airflow/.local/lib/python3.7/site-packages/airflow/example_dags/example_trigger_controller_dag.py
[2022-03-28 07:19:10,809] {logging_mixin.py:109} INFO - [2022-03-28 07:19:10,808] {dag.py:2398} INFO - Sync 1 DAGs
[2022-03-28 07:19:10,829] {logging_mixin.py:109} INFO - [2022-03-28 07:19:10,829] {dag.py:2937} INFO - Setting next_dagrun for example_trigger_controller_dag to 2021-01-01T00:00:00+00:00
[2022-03-28 07:19:10,841] {processor.py:171} INFO - Processing /home/airflow/.local/lib/python3.7/site-packages/airflow/example_dags/example_trigger_controller_dag.py took 0.085 seconds
[2022-03-28 07:19:41,184] {processor.py:163} INFO - Started process (PID=1593) to work on /home/airflow/.local/lib/python3.7/site-packages/airflow/example_dags/example_trigger_controller_dag.py
[2022-03-28 07:19:41,186] {processor.py:642} INFO - Processing file /home/airflow/.local/lib/python3.7/site-packages/airflow/example_dags/example_trigger_controller_dag.py for tasks to queue
[2022-03-28 07:19:41,187] {logging_mixin.py:109} INFO - [2022-03-28 07:19:41,187] {dagbag.py:500} INFO - Filling up the DagBag from /home/airflow/.local/lib/python3.7/site-packages/airflow/example_dags/example_trigger_controller_dag.py
[2022-03-28 07:19:41,220] {processor.py:654} INFO - DAG(s) dict_keys(['example_trigger_controller_dag']) retrieved from /home/airflow/.local/lib/python3.7/site-packages/airflow/example_dags/example_trigger_controller_dag.py
[2022-03-28 07:19:41,230] {logging_mixin.py:109} INFO - [2022-03-28 07:19:41,230] {dag.py:2398} INFO - Sync 1 DAGs
[2022-03-28 07:19:41,248] {logging_mixin.py:109} INFO - [2022-03-28 07:19:41,247] {dag.py:2937} INFO - Setting next_dagrun for example_trigger_controller_dag to 2021-01-01T00:00:00+00:00
[2022-03-28 07:19:41,260] {processor.py:171} INFO - Processing /home/airflow/.local/lib/python3.7/site-packages/airflow/example_dags/example_trigger_controller_dag.py took 0.080 seconds
[2022-03-28 07:20:12,103] {processor.py:163} INFO - Started process (PID=1644) to work on /home/airflow/.local/lib/python3.7/site-packages/airflow/example_dags/example_trigger_controller_dag.py
[2022-03-28 07:20:12,104] {processor.py:642} INFO - Processing file /home/airflow/.local/lib/python3.7/site-packages/airflow/example_dags/example_trigger_controller_dag.py for tasks to queue
[2022-03-28 07:20:12,105] {logging_mixin.py:109} INFO - [2022-03-28 07:20:12,105] {dagbag.py:500} INFO - Filling up the DagBag from /home/airflow/.local/lib/python3.7/site-packages/airflow/example_dags/example_trigger_controller_dag.py
[2022-03-28 07:20:12,134] {processor.py:654} INFO - DAG(s) dict_keys(['example_trigger_controller_dag']) retrieved from /home/airflow/.local/lib/python3.7/site-packages/airflow/example_dags/example_trigger_controller_dag.py
[2022-03-28 07:20:12,143] {logging_mixin.py:109} INFO - [2022-03-28 07:20:12,142] {dag.py:2398} INFO - Sync 1 DAGs
[2022-03-28 07:20:12,158] {logging_mixin.py:109} INFO - [2022-03-28 07:20:12,158] {dag.py:2937} INFO - Setting next_dagrun for example_trigger_controller_dag to 2021-01-01T00:00:00+00:00
[2022-03-28 07:20:12,169] {processor.py:171} INFO - Processing /home/airflow/.local/lib/python3.7/site-packages/airflow/example_dags/example_trigger_controller_dag.py took 0.069 seconds
[2022-03-28 07:20:42,237] {processor.py:163} INFO - Started process (PID=1705) to work on /home/airflow/.local/lib/python3.7/site-packages/airflow/example_dags/example_trigger_controller_dag.py
[2022-03-28 07:20:42,238] {processor.py:642} INFO - Processing file /home/airflow/.local/lib/python3.7/site-packages/airflow/example_dags/example_trigger_controller_dag.py for tasks to queue
[2022-03-28 07:20:42,239] {logging_mixin.py:109} INFO - [2022-03-28 07:20:42,239] {dagbag.py:500} INFO - Filling up the DagBag from /home/airflow/.local/lib/python3.7/site-packages/airflow/example_dags/example_trigger_controller_dag.py
[2022-03-28 07:20:42,275] {processor.py:654} INFO - DAG(s) dict_keys(['example_trigger_controller_dag']) retrieved from /home/airflow/.local/lib/python3.7/site-packages/airflow/example_dags/example_trigger_controller_dag.py
[2022-03-28 07:20:42,287] {logging_mixin.py:109} INFO - [2022-03-28 07:20:42,287] {dag.py:2398} INFO - Sync 1 DAGs
[2022-03-28 07:20:42,306] {logging_mixin.py:109} INFO - [2022-03-28 07:20:42,306] {dag.py:2937} INFO - Setting next_dagrun for example_trigger_controller_dag to 2021-01-01T00:00:00+00:00
[2022-03-28 07:20:42,316] {processor.py:171} INFO - Processing /home/airflow/.local/lib/python3.7/site-packages/airflow/example_dags/example_trigger_controller_dag.py took 0.082 seconds
[2022-03-28 07:21:12,852] {processor.py:163} INFO - Started process (PID=1756) to work on /home/airflow/.local/lib/python3.7/site-packages/airflow/example_dags/example_trigger_controller_dag.py
[2022-03-28 07:21:12,854] {processor.py:642} INFO - Processing file /home/airflow/.local/lib/python3.7/site-packages/airflow/example_dags/example_trigger_controller_dag.py for tasks to queue
[2022-03-28 07:21:12,855] {logging_mixin.py:109} INFO - [2022-03-28 07:21:12,855] {dagbag.py:500} INFO - Filling up the DagBag from /home/airflow/.local/lib/python3.7/site-packages/airflow/example_dags/example_trigger_controller_dag.py
[2022-03-28 07:21:12,897] {processor.py:654} INFO - DAG(s) dict_keys(['example_trigger_controller_dag']) retrieved from /home/airflow/.local/lib/python3.7/site-packages/airflow/example_dags/example_trigger_controller_dag.py
[2022-03-28 07:21:12,914] {logging_mixin.py:109} INFO - [2022-03-28 07:21:12,914] {dag.py:2398} INFO - Sync 1 DAGs
[2022-03-28 07:21:12,933] {logging_mixin.py:109} INFO - [2022-03-28 07:21:12,933] {dag.py:2937} INFO - Setting next_dagrun for example_trigger_controller_dag to 2021-01-01T00:00:00+00:00
[2022-03-28 07:21:12,945] {processor.py:171} INFO - Processing /home/airflow/.local/lib/python3.7/site-packages/airflow/example_dags/example_trigger_controller_dag.py took 0.096 seconds
[2022-03-28 07:21:43,013] {processor.py:163} INFO - Started process (PID=1807) to work on /home/airflow/.local/lib/python3.7/site-packages/airflow/example_dags/example_trigger_controller_dag.py
[2022-03-28 07:21:43,015] {processor.py:642} INFO - Processing file /home/airflow/.local/lib/python3.7/site-packages/airflow/example_dags/example_trigger_controller_dag.py for tasks to queue
[2022-03-28 07:21:43,016] {logging_mixin.py:109} INFO - [2022-03-28 07:21:43,016] {dagbag.py:500} INFO - Filling up the DagBag from /home/airflow/.local/lib/python3.7/site-packages/airflow/example_dags/example_trigger_controller_dag.py
[2022-03-28 07:21:43,041] {processor.py:654} INFO - DAG(s) dict_keys(['example_trigger_controller_dag']) retrieved from /home/airflow/.local/lib/python3.7/site-packages/airflow/example_dags/example_trigger_controller_dag.py
[2022-03-28 07:21:43,051] {logging_mixin.py:109} INFO - [2022-03-28 07:21:43,051] {dag.py:2398} INFO - Sync 1 DAGs
[2022-03-28 07:21:43,064] {logging_mixin.py:109} INFO - [2022-03-28 07:21:43,064] {dag.py:2937} INFO - Setting next_dagrun for example_trigger_controller_dag to 2021-01-01T00:00:00+00:00
[2022-03-28 07:21:43,073] {processor.py:171} INFO - Processing /home/airflow/.local/lib/python3.7/site-packages/airflow/example_dags/example_trigger_controller_dag.py took 0.062 seconds
[2022-03-28 07:22:13,252] {processor.py:163} INFO - Started process (PID=1857) to work on /home/airflow/.local/lib/python3.7/site-packages/airflow/example_dags/example_trigger_controller_dag.py
[2022-03-28 07:22:13,254] {processor.py:642} INFO - Processing file /home/airflow/.local/lib/python3.7/site-packages/airflow/example_dags/example_trigger_controller_dag.py for tasks to queue
[2022-03-28 07:22:13,256] {logging_mixin.py:109} INFO - [2022-03-28 07:22:13,256] {dagbag.py:500} INFO - Filling up the DagBag from /home/airflow/.local/lib/python3.7/site-packages/airflow/example_dags/example_trigger_controller_dag.py
[2022-03-28 07:22:13,334] {processor.py:654} INFO - DAG(s) dict_keys(['example_trigger_controller_dag']) retrieved from /home/airflow/.local/lib/python3.7/site-packages/airflow/example_dags/example_trigger_controller_dag.py
[2022-03-28 07:22:13,354] {logging_mixin.py:109} INFO - [2022-03-28 07:22:13,354] {dag.py:2398} INFO - Sync 1 DAGs
[2022-03-28 07:22:13,410] {logging_mixin.py:109} INFO - [2022-03-28 07:22:13,410] {dag.py:2937} INFO - Setting next_dagrun for example_trigger_controller_dag to 2021-01-01T00:00:00+00:00
[2022-03-28 07:22:13,433] {processor.py:171} INFO - Processing /home/airflow/.local/lib/python3.7/site-packages/airflow/example_dags/example_trigger_controller_dag.py took 0.186 seconds
[2022-03-28 07:22:43,838] {processor.py:163} INFO - Started process (PID=1918) to work on /home/airflow/.local/lib/python3.7/site-packages/airflow/example_dags/example_trigger_controller_dag.py
[2022-03-28 07:22:43,839] {processor.py:642} INFO - Processing file /home/airflow/.local/lib/python3.7/site-packages/airflow/example_dags/example_trigger_controller_dag.py for tasks to queue
[2022-03-28 07:22:43,840] {logging_mixin.py:109} INFO - [2022-03-28 07:22:43,840] {dagbag.py:500} INFO - Filling up the DagBag from /home/airflow/.local/lib/python3.7/site-packages/airflow/example_dags/example_trigger_controller_dag.py
[2022-03-28 07:22:43,872] {processor.py:654} INFO - DAG(s) dict_keys(['example_trigger_controller_dag']) retrieved from /home/airflow/.local/lib/python3.7/site-packages/airflow/example_dags/example_trigger_controller_dag.py
[2022-03-28 07:22:43,886] {logging_mixin.py:109} INFO - [2022-03-28 07:22:43,886] {dag.py:2398} INFO - Sync 1 DAGs
[2022-03-28 07:22:43,906] {logging_mixin.py:109} INFO - [2022-03-28 07:22:43,906] {dag.py:2937} INFO - Setting next_dagrun for example_trigger_controller_dag to 2021-01-01T00:00:00+00:00
[2022-03-28 07:22:43,919] {processor.py:171} INFO - Processing /home/airflow/.local/lib/python3.7/site-packages/airflow/example_dags/example_trigger_controller_dag.py took 0.086 seconds
[2022-03-28 07:23:14,250] {processor.py:163} INFO - Started process (PID=1968) to work on /home/airflow/.local/lib/python3.7/site-packages/airflow/example_dags/example_trigger_controller_dag.py
[2022-03-28 07:23:14,252] {processor.py:642} INFO - Processing file /home/airflow/.local/lib/python3.7/site-packages/airflow/example_dags/example_trigger_controller_dag.py for tasks to queue
[2022-03-28 07:23:14,253] {logging_mixin.py:109} INFO - [2022-03-28 07:23:14,253] {dagbag.py:500} INFO - Filling up the DagBag from /home/airflow/.local/lib/python3.7/site-packages/airflow/example_dags/example_trigger_controller_dag.py
[2022-03-28 07:23:14,286] {processor.py:654} INFO - DAG(s) dict_keys(['example_trigger_controller_dag']) retrieved from /home/airflow/.local/lib/python3.7/site-packages/airflow/example_dags/example_trigger_controller_dag.py
[2022-03-28 07:23:14,300] {logging_mixin.py:109} INFO - [2022-03-28 07:23:14,300] {dag.py:2398} INFO - Sync 1 DAGs
[2022-03-28 07:23:14,319] {logging_mixin.py:109} INFO - [2022-03-28 07:23:14,319] {dag.py:2937} INFO - Setting next_dagrun for example_trigger_controller_dag to 2021-01-01T00:00:00+00:00
[2022-03-28 07:23:14,331] {processor.py:171} INFO - Processing /home/airflow/.local/lib/python3.7/site-packages/airflow/example_dags/example_trigger_controller_dag.py took 0.083 seconds
[2022-03-28 07:23:44,985] {processor.py:163} INFO - Started process (PID=2020) to work on /home/airflow/.local/lib/python3.7/site-packages/airflow/example_dags/example_trigger_controller_dag.py
[2022-03-28 07:23:44,988] {processor.py:642} INFO - Processing file /home/airflow/.local/lib/python3.7/site-packages/airflow/example_dags/example_trigger_controller_dag.py for tasks to queue
[2022-03-28 07:23:44,989] {logging_mixin.py:109} INFO - [2022-03-28 07:23:44,989] {dagbag.py:500} INFO - Filling up the DagBag from /home/airflow/.local/lib/python3.7/site-packages/airflow/example_dags/example_trigger_controller_dag.py
[2022-03-28 07:23:45,037] {processor.py:654} INFO - DAG(s) dict_keys(['example_trigger_controller_dag']) retrieved from /home/airflow/.local/lib/python3.7/site-packages/airflow/example_dags/example_trigger_controller_dag.py
[2022-03-28 07:23:45,053] {logging_mixin.py:109} INFO - [2022-03-28 07:23:45,053] {dag.py:2398} INFO - Sync 1 DAGs
[2022-03-28 07:23:45,075] {logging_mixin.py:109} INFO - [2022-03-28 07:23:45,075] {dag.py:2937} INFO - Setting next_dagrun for example_trigger_controller_dag to 2021-01-01T00:00:00+00:00
[2022-03-28 07:23:45,089] {processor.py:171} INFO - Processing /home/airflow/.local/lib/python3.7/site-packages/airflow/example_dags/example_trigger_controller_dag.py took 0.110 seconds
[2022-03-28 07:24:15,572] {processor.py:163} INFO - Started process (PID=2072) to work on /home/airflow/.local/lib/python3.7/site-packages/airflow/example_dags/example_trigger_controller_dag.py
[2022-03-28 07:24:15,574] {processor.py:642} INFO - Processing file /home/airflow/.local/lib/python3.7/site-packages/airflow/example_dags/example_trigger_controller_dag.py for tasks to queue
[2022-03-28 07:24:15,576] {logging_mixin.py:109} INFO - [2022-03-28 07:24:15,576] {dagbag.py:500} INFO - Filling up the DagBag from /home/airflow/.local/lib/python3.7/site-packages/airflow/example_dags/example_trigger_controller_dag.py
[2022-03-28 07:24:15,615] {processor.py:654} INFO - DAG(s) dict_keys(['example_trigger_controller_dag']) retrieved from /home/airflow/.local/lib/python3.7/site-packages/airflow/example_dags/example_trigger_controller_dag.py
[2022-03-28 07:24:15,627] {logging_mixin.py:109} INFO - [2022-03-28 07:24:15,627] {dag.py:2398} INFO - Sync 1 DAGs
[2022-03-28 07:24:15,651] {logging_mixin.py:109} INFO - [2022-03-28 07:24:15,651] {dag.py:2937} INFO - Setting next_dagrun for example_trigger_controller_dag to 2021-01-01T00:00:00+00:00
[2022-03-28 07:24:15,666] {processor.py:171} INFO - Processing /home/airflow/.local/lib/python3.7/site-packages/airflow/example_dags/example_trigger_controller_dag.py took 0.098 seconds
[2022-03-28 07:24:45,795] {processor.py:163} INFO - Started process (PID=2123) to work on /home/airflow/.local/lib/python3.7/site-packages/airflow/example_dags/example_trigger_controller_dag.py
[2022-03-28 07:24:45,798] {processor.py:642} INFO - Processing file /home/airflow/.local/lib/python3.7/site-packages/airflow/example_dags/example_trigger_controller_dag.py for tasks to queue
[2022-03-28 07:24:45,799] {logging_mixin.py:109} INFO - [2022-03-28 07:24:45,799] {dagbag.py:500} INFO - Filling up the DagBag from /home/airflow/.local/lib/python3.7/site-packages/airflow/example_dags/example_trigger_controller_dag.py
[2022-03-28 07:24:45,846] {processor.py:654} INFO - DAG(s) dict_keys(['example_trigger_controller_dag']) retrieved from /home/airflow/.local/lib/python3.7/site-packages/airflow/example_dags/example_trigger_controller_dag.py
[2022-03-28 07:24:45,858] {logging_mixin.py:109} INFO - [2022-03-28 07:24:45,858] {dag.py:2398} INFO - Sync 1 DAGs
[2022-03-28 07:24:45,878] {logging_mixin.py:109} INFO - [2022-03-28 07:24:45,878] {dag.py:2937} INFO - Setting next_dagrun for example_trigger_controller_dag to 2021-01-01T00:00:00+00:00
[2022-03-28 07:24:45,894] {processor.py:171} INFO - Processing /home/airflow/.local/lib/python3.7/site-packages/airflow/example_dags/example_trigger_controller_dag.py took 0.104 seconds
[2022-03-28 07:25:16,883] {processor.py:163} INFO - Started process (PID=2184) to work on /home/airflow/.local/lib/python3.7/site-packages/airflow/example_dags/example_trigger_controller_dag.py
[2022-03-28 07:25:16,884] {processor.py:642} INFO - Processing file /home/airflow/.local/lib/python3.7/site-packages/airflow/example_dags/example_trigger_controller_dag.py for tasks to queue
[2022-03-28 07:25:16,885] {logging_mixin.py:109} INFO - [2022-03-28 07:25:16,885] {dagbag.py:500} INFO - Filling up the DagBag from /home/airflow/.local/lib/python3.7/site-packages/airflow/example_dags/example_trigger_controller_dag.py
[2022-03-28 07:25:16,909] {processor.py:654} INFO - DAG(s) dict_keys(['example_trigger_controller_dag']) retrieved from /home/airflow/.local/lib/python3.7/site-packages/airflow/example_dags/example_trigger_controller_dag.py
[2022-03-28 07:25:16,917] {logging_mixin.py:109} INFO - [2022-03-28 07:25:16,917] {dag.py:2398} INFO - Sync 1 DAGs
[2022-03-28 07:25:16,929] {logging_mixin.py:109} INFO - [2022-03-28 07:25:16,929] {dag.py:2937} INFO - Setting next_dagrun for example_trigger_controller_dag to 2021-01-01T00:00:00+00:00
[2022-03-28 07:25:16,938] {processor.py:171} INFO - Processing /home/airflow/.local/lib/python3.7/site-packages/airflow/example_dags/example_trigger_controller_dag.py took 0.057 seconds
[2022-03-28 07:25:47,021] {processor.py:163} INFO - Started process (PID=2235) to work on /home/airflow/.local/lib/python3.7/site-packages/airflow/example_dags/example_trigger_controller_dag.py
[2022-03-28 07:25:47,022] {processor.py:642} INFO - Processing file /home/airflow/.local/lib/python3.7/site-packages/airflow/example_dags/example_trigger_controller_dag.py for tasks to queue
[2022-03-28 07:25:47,023] {logging_mixin.py:109} INFO - [2022-03-28 07:25:47,023] {dagbag.py:500} INFO - Filling up the DagBag from /home/airflow/.local/lib/python3.7/site-packages/airflow/example_dags/example_trigger_controller_dag.py
[2022-03-28 07:25:47,045] {processor.py:654} INFO - DAG(s) dict_keys(['example_trigger_controller_dag']) retrieved from /home/airflow/.local/lib/python3.7/site-packages/airflow/example_dags/example_trigger_controller_dag.py
[2022-03-28 07:25:47,053] {logging_mixin.py:109} INFO - [2022-03-28 07:25:47,053] {dag.py:2398} INFO - Sync 1 DAGs
[2022-03-28 07:25:47,065] {logging_mixin.py:109} INFO - [2022-03-28 07:25:47,065] {dag.py:2937} INFO - Setting next_dagrun for example_trigger_controller_dag to 2021-01-01T00:00:00+00:00
[2022-03-28 07:25:47,074] {processor.py:171} INFO - Processing /home/airflow/.local/lib/python3.7/site-packages/airflow/example_dags/example_trigger_controller_dag.py took 0.055 seconds
[2022-03-28 07:26:17,792] {processor.py:163} INFO - Started process (PID=2286) to work on /home/airflow/.local/lib/python3.7/site-packages/airflow/example_dags/example_trigger_controller_dag.py
[2022-03-28 07:26:17,794] {processor.py:642} INFO - Processing file /home/airflow/.local/lib/python3.7/site-packages/airflow/example_dags/example_trigger_controller_dag.py for tasks to queue
[2022-03-28 07:26:17,795] {logging_mixin.py:109} INFO - [2022-03-28 07:26:17,795] {dagbag.py:500} INFO - Filling up the DagBag from /home/airflow/.local/lib/python3.7/site-packages/airflow/example_dags/example_trigger_controller_dag.py
[2022-03-28 07:26:17,825] {processor.py:654} INFO - DAG(s) dict_keys(['example_trigger_controller_dag']) retrieved from /home/airflow/.local/lib/python3.7/site-packages/airflow/example_dags/example_trigger_controller_dag.py
[2022-03-28 07:26:17,834] {logging_mixin.py:109} INFO - [2022-03-28 07:26:17,834] {dag.py:2398} INFO - Sync 1 DAGs
[2022-03-28 07:26:17,846] {logging_mixin.py:109} INFO - [2022-03-28 07:26:17,846] {dag.py:2937} INFO - Setting next_dagrun for example_trigger_controller_dag to 2021-01-01T00:00:00+00:00
[2022-03-28 07:26:17,855] {processor.py:171} INFO - Processing /home/airflow/.local/lib/python3.7/site-packages/airflow/example_dags/example_trigger_controller_dag.py took 0.068 seconds
[2022-03-28 07:26:48,555] {processor.py:163} INFO - Started process (PID=2347) to work on /home/airflow/.local/lib/python3.7/site-packages/airflow/example_dags/example_trigger_controller_dag.py
[2022-03-28 07:26:48,556] {processor.py:642} INFO - Processing file /home/airflow/.local/lib/python3.7/site-packages/airflow/example_dags/example_trigger_controller_dag.py for tasks to queue
[2022-03-28 07:26:48,557] {logging_mixin.py:109} INFO - [2022-03-28 07:26:48,557] {dagbag.py:500} INFO - Filling up the DagBag from /home/airflow/.local/lib/python3.7/site-packages/airflow/example_dags/example_trigger_controller_dag.py
[2022-03-28 07:26:48,581] {processor.py:654} INFO - DAG(s) dict_keys(['example_trigger_controller_dag']) retrieved from /home/airflow/.local/lib/python3.7/site-packages/airflow/example_dags/example_trigger_controller_dag.py
[2022-03-28 07:26:48,590] {logging_mixin.py:109} INFO - [2022-03-28 07:26:48,590] {dag.py:2398} INFO - Sync 1 DAGs
[2022-03-28 07:26:48,603] {logging_mixin.py:109} INFO - [2022-03-28 07:26:48,603] {dag.py:2937} INFO - Setting next_dagrun for example_trigger_controller_dag to 2021-01-01T00:00:00+00:00
[2022-03-28 07:26:48,612] {processor.py:171} INFO - Processing /home/airflow/.local/lib/python3.7/site-packages/airflow/example_dags/example_trigger_controller_dag.py took 0.060 seconds
[2022-03-28 07:27:19,141] {processor.py:163} INFO - Started process (PID=2398) to work on /home/airflow/.local/lib/python3.7/site-packages/airflow/example_dags/example_trigger_controller_dag.py
[2022-03-28 07:27:19,142] {processor.py:642} INFO - Processing file /home/airflow/.local/lib/python3.7/site-packages/airflow/example_dags/example_trigger_controller_dag.py for tasks to queue
[2022-03-28 07:27:19,143] {logging_mixin.py:109} INFO - [2022-03-28 07:27:19,143] {dagbag.py:500} INFO - Filling up the DagBag from /home/airflow/.local/lib/python3.7/site-packages/airflow/example_dags/example_trigger_controller_dag.py
[2022-03-28 07:27:19,166] {processor.py:654} INFO - DAG(s) dict_keys(['example_trigger_controller_dag']) retrieved from /home/airflow/.local/lib/python3.7/site-packages/airflow/example_dags/example_trigger_controller_dag.py
[2022-03-28 07:27:19,173] {logging_mixin.py:109} INFO - [2022-03-28 07:27:19,173] {dag.py:2398} INFO - Sync 1 DAGs
[2022-03-28 07:27:19,188] {logging_mixin.py:109} INFO - [2022-03-28 07:27:19,187] {dag.py:2937} INFO - Setting next_dagrun for example_trigger_controller_dag to 2021-01-01T00:00:00+00:00
[2022-03-28 07:27:19,196] {processor.py:171} INFO - Processing /home/airflow/.local/lib/python3.7/site-packages/airflow/example_dags/example_trigger_controller_dag.py took 0.057 seconds
[2022-03-28 07:27:49,929] {processor.py:163} INFO - Started process (PID=2459) to work on /home/airflow/.local/lib/python3.7/site-packages/airflow/example_dags/example_trigger_controller_dag.py
[2022-03-28 07:27:49,930] {processor.py:642} INFO - Processing file /home/airflow/.local/lib/python3.7/site-packages/airflow/example_dags/example_trigger_controller_dag.py for tasks to queue
[2022-03-28 07:27:49,931] {logging_mixin.py:109} INFO - [2022-03-28 07:27:49,931] {dagbag.py:500} INFO - Filling up the DagBag from /home/airflow/.local/lib/python3.7/site-packages/airflow/example_dags/example_trigger_controller_dag.py
[2022-03-28 07:27:49,965] {processor.py:654} INFO - DAG(s) dict_keys(['example_trigger_controller_dag']) retrieved from /home/airflow/.local/lib/python3.7/site-packages/airflow/example_dags/example_trigger_controller_dag.py
[2022-03-28 07:27:49,975] {logging_mixin.py:109} INFO - [2022-03-28 07:27:49,975] {dag.py:2398} INFO - Sync 1 DAGs
[2022-03-28 07:27:49,989] {logging_mixin.py:109} INFO - [2022-03-28 07:27:49,989] {dag.py:2937} INFO - Setting next_dagrun for example_trigger_controller_dag to 2021-01-01T00:00:00+00:00
[2022-03-28 07:27:49,997] {processor.py:171} INFO - Processing /home/airflow/.local/lib/python3.7/site-packages/airflow/example_dags/example_trigger_controller_dag.py took 0.071 seconds
[2022-03-28 07:28:20,474] {processor.py:163} INFO - Started process (PID=2509) to work on /home/airflow/.local/lib/python3.7/site-packages/airflow/example_dags/example_trigger_controller_dag.py
[2022-03-28 07:28:20,475] {processor.py:642} INFO - Processing file /home/airflow/.local/lib/python3.7/site-packages/airflow/example_dags/example_trigger_controller_dag.py for tasks to queue
[2022-03-28 07:28:20,476] {logging_mixin.py:109} INFO - [2022-03-28 07:28:20,476] {dagbag.py:500} INFO - Filling up the DagBag from /home/airflow/.local/lib/python3.7/site-packages/airflow/example_dags/example_trigger_controller_dag.py
[2022-03-28 07:28:20,499] {processor.py:654} INFO - DAG(s) dict_keys(['example_trigger_controller_dag']) retrieved from /home/airflow/.local/lib/python3.7/site-packages/airflow/example_dags/example_trigger_controller_dag.py
[2022-03-28 07:28:20,507] {logging_mixin.py:109} INFO - [2022-03-28 07:28:20,507] {dag.py:2398} INFO - Sync 1 DAGs
[2022-03-28 07:28:20,521] {logging_mixin.py:109} INFO - [2022-03-28 07:28:20,521] {dag.py:2937} INFO - Setting next_dagrun for example_trigger_controller_dag to 2021-01-01T00:00:00+00:00
[2022-03-28 07:28:20,530] {processor.py:171} INFO - Processing /home/airflow/.local/lib/python3.7/site-packages/airflow/example_dags/example_trigger_controller_dag.py took 0.058 seconds
[2022-03-28 07:28:51,205] {processor.py:163} INFO - Started process (PID=2569) to work on /home/airflow/.local/lib/python3.7/site-packages/airflow/example_dags/example_trigger_controller_dag.py
[2022-03-28 07:28:51,206] {processor.py:642} INFO - Processing file /home/airflow/.local/lib/python3.7/site-packages/airflow/example_dags/example_trigger_controller_dag.py for tasks to queue
[2022-03-28 07:28:51,207] {logging_mixin.py:109} INFO - [2022-03-28 07:28:51,207] {dagbag.py:500} INFO - Filling up the DagBag from /home/airflow/.local/lib/python3.7/site-packages/airflow/example_dags/example_trigger_controller_dag.py
[2022-03-28 07:28:51,238] {processor.py:654} INFO - DAG(s) dict_keys(['example_trigger_controller_dag']) retrieved from /home/airflow/.local/lib/python3.7/site-packages/airflow/example_dags/example_trigger_controller_dag.py
[2022-03-28 07:28:51,250] {logging_mixin.py:109} INFO - [2022-03-28 07:28:51,249] {dag.py:2398} INFO - Sync 1 DAGs
[2022-03-28 07:28:51,267] {logging_mixin.py:109} INFO - [2022-03-28 07:28:51,267] {dag.py:2937} INFO - Setting next_dagrun for example_trigger_controller_dag to 2021-01-01T00:00:00+00:00
[2022-03-28 07:28:51,276] {processor.py:171} INFO - Processing /home/airflow/.local/lib/python3.7/site-packages/airflow/example_dags/example_trigger_controller_dag.py took 0.075 seconds
[2022-03-28 07:29:22,028] {processor.py:163} INFO - Started process (PID=2622) to work on /home/airflow/.local/lib/python3.7/site-packages/airflow/example_dags/example_trigger_controller_dag.py
[2022-03-28 07:29:22,029] {processor.py:642} INFO - Processing file /home/airflow/.local/lib/python3.7/site-packages/airflow/example_dags/example_trigger_controller_dag.py for tasks to queue
[2022-03-28 07:29:22,029] {logging_mixin.py:109} INFO - [2022-03-28 07:29:22,029] {dagbag.py:500} INFO - Filling up the DagBag from /home/airflow/.local/lib/python3.7/site-packages/airflow/example_dags/example_trigger_controller_dag.py
[2022-03-28 07:29:22,052] {processor.py:654} INFO - DAG(s) dict_keys(['example_trigger_controller_dag']) retrieved from /home/airflow/.local/lib/python3.7/site-packages/airflow/example_dags/example_trigger_controller_dag.py
[2022-03-28 07:29:22,060] {logging_mixin.py:109} INFO - [2022-03-28 07:29:22,059] {dag.py:2398} INFO - Sync 1 DAGs
[2022-03-28 07:29:22,071] {logging_mixin.py:109} INFO - [2022-03-28 07:29:22,071] {dag.py:2937} INFO - Setting next_dagrun for example_trigger_controller_dag to 2021-01-01T00:00:00+00:00
[2022-03-28 07:29:22,081] {processor.py:171} INFO - Processing /home/airflow/.local/lib/python3.7/site-packages/airflow/example_dags/example_trigger_controller_dag.py took 0.055 seconds
[2022-03-28 07:29:52,709] {processor.py:163} INFO - Started process (PID=2674) to work on /home/airflow/.local/lib/python3.7/site-packages/airflow/example_dags/example_trigger_controller_dag.py
[2022-03-28 07:29:52,711] {processor.py:642} INFO - Processing file /home/airflow/.local/lib/python3.7/site-packages/airflow/example_dags/example_trigger_controller_dag.py for tasks to queue
[2022-03-28 07:29:52,711] {logging_mixin.py:109} INFO - [2022-03-28 07:29:52,711] {dagbag.py:500} INFO - Filling up the DagBag from /home/airflow/.local/lib/python3.7/site-packages/airflow/example_dags/example_trigger_controller_dag.py
[2022-03-28 07:29:52,735] {processor.py:654} INFO - DAG(s) dict_keys(['example_trigger_controller_dag']) retrieved from /home/airflow/.local/lib/python3.7/site-packages/airflow/example_dags/example_trigger_controller_dag.py
[2022-03-28 07:29:52,744] {logging_mixin.py:109} INFO - [2022-03-28 07:29:52,744] {dag.py:2398} INFO - Sync 1 DAGs
[2022-03-28 07:29:52,756] {logging_mixin.py:109} INFO - [2022-03-28 07:29:52,756] {dag.py:2937} INFO - Setting next_dagrun for example_trigger_controller_dag to 2021-01-01T00:00:00+00:00
[2022-03-28 07:29:52,766] {processor.py:171} INFO - Processing /home/airflow/.local/lib/python3.7/site-packages/airflow/example_dags/example_trigger_controller_dag.py took 0.060 seconds
[2022-03-28 07:30:23,380] {processor.py:163} INFO - Started process (PID=2735) to work on /home/airflow/.local/lib/python3.7/site-packages/airflow/example_dags/example_trigger_controller_dag.py
[2022-03-28 07:30:23,381] {processor.py:642} INFO - Processing file /home/airflow/.local/lib/python3.7/site-packages/airflow/example_dags/example_trigger_controller_dag.py for tasks to queue
[2022-03-28 07:30:23,382] {logging_mixin.py:109} INFO - [2022-03-28 07:30:23,382] {dagbag.py:500} INFO - Filling up the DagBag from /home/airflow/.local/lib/python3.7/site-packages/airflow/example_dags/example_trigger_controller_dag.py
[2022-03-28 07:30:23,416] {processor.py:654} INFO - DAG(s) dict_keys(['example_trigger_controller_dag']) retrieved from /home/airflow/.local/lib/python3.7/site-packages/airflow/example_dags/example_trigger_controller_dag.py
[2022-03-28 07:30:23,427] {logging_mixin.py:109} INFO - [2022-03-28 07:30:23,427] {dag.py:2398} INFO - Sync 1 DAGs
[2022-03-28 07:30:23,445] {logging_mixin.py:109} INFO - [2022-03-28 07:30:23,445] {dag.py:2937} INFO - Setting next_dagrun for example_trigger_controller_dag to 2021-01-01T00:00:00+00:00
[2022-03-28 07:30:23,457] {processor.py:171} INFO - Processing /home/airflow/.local/lib/python3.7/site-packages/airflow/example_dags/example_trigger_controller_dag.py took 0.081 seconds
[2022-03-28 07:30:53,603] {processor.py:163} INFO - Started process (PID=2786) to work on /home/airflow/.local/lib/python3.7/site-packages/airflow/example_dags/example_trigger_controller_dag.py
[2022-03-28 07:30:53,604] {processor.py:642} INFO - Processing file /home/airflow/.local/lib/python3.7/site-packages/airflow/example_dags/example_trigger_controller_dag.py for tasks to queue
[2022-03-28 07:30:53,605] {logging_mixin.py:109} INFO - [2022-03-28 07:30:53,605] {dagbag.py:500} INFO - Filling up the DagBag from /home/airflow/.local/lib/python3.7/site-packages/airflow/example_dags/example_trigger_controller_dag.py
[2022-03-28 07:30:53,632] {processor.py:654} INFO - DAG(s) dict_keys(['example_trigger_controller_dag']) retrieved from /home/airflow/.local/lib/python3.7/site-packages/airflow/example_dags/example_trigger_controller_dag.py
[2022-03-28 07:30:53,641] {logging_mixin.py:109} INFO - [2022-03-28 07:30:53,641] {dag.py:2398} INFO - Sync 1 DAGs
[2022-03-28 07:30:53,658] {logging_mixin.py:109} INFO - [2022-03-28 07:30:53,658] {dag.py:2937} INFO - Setting next_dagrun for example_trigger_controller_dag to 2021-01-01T00:00:00+00:00
[2022-03-28 07:30:53,668] {processor.py:171} INFO - Processing /home/airflow/.local/lib/python3.7/site-packages/airflow/example_dags/example_trigger_controller_dag.py took 0.068 seconds
[2022-03-28 07:31:23,910] {processor.py:163} INFO - Started process (PID=2837) to work on /home/airflow/.local/lib/python3.7/site-packages/airflow/example_dags/example_trigger_controller_dag.py
[2022-03-28 07:31:23,911] {processor.py:642} INFO - Processing file /home/airflow/.local/lib/python3.7/site-packages/airflow/example_dags/example_trigger_controller_dag.py for tasks to queue
[2022-03-28 07:31:23,912] {logging_mixin.py:109} INFO - [2022-03-28 07:31:23,912] {dagbag.py:500} INFO - Filling up the DagBag from /home/airflow/.local/lib/python3.7/site-packages/airflow/example_dags/example_trigger_controller_dag.py
[2022-03-28 07:31:23,946] {processor.py:654} INFO - DAG(s) dict_keys(['example_trigger_controller_dag']) retrieved from /home/airflow/.local/lib/python3.7/site-packages/airflow/example_dags/example_trigger_controller_dag.py
[2022-03-28 07:31:23,961] {logging_mixin.py:109} INFO - [2022-03-28 07:31:23,961] {dag.py:2398} INFO - Sync 1 DAGs
[2022-03-28 07:31:23,985] {logging_mixin.py:109} INFO - [2022-03-28 07:31:23,985] {dag.py:2937} INFO - Setting next_dagrun for example_trigger_controller_dag to 2021-01-01T00:00:00+00:00
[2022-03-28 07:31:23,999] {processor.py:171} INFO - Processing /home/airflow/.local/lib/python3.7/site-packages/airflow/example_dags/example_trigger_controller_dag.py took 0.092 seconds
[2022-03-28 07:31:54,202] {processor.py:163} INFO - Started process (PID=2889) to work on /home/airflow/.local/lib/python3.7/site-packages/airflow/example_dags/example_trigger_controller_dag.py
[2022-03-28 07:31:54,204] {processor.py:642} INFO - Processing file /home/airflow/.local/lib/python3.7/site-packages/airflow/example_dags/example_trigger_controller_dag.py for tasks to queue
[2022-03-28 07:31:54,205] {logging_mixin.py:109} INFO - [2022-03-28 07:31:54,205] {dagbag.py:500} INFO - Filling up the DagBag from /home/airflow/.local/lib/python3.7/site-packages/airflow/example_dags/example_trigger_controller_dag.py
[2022-03-28 07:31:54,230] {processor.py:654} INFO - DAG(s) dict_keys(['example_trigger_controller_dag']) retrieved from /home/airflow/.local/lib/python3.7/site-packages/airflow/example_dags/example_trigger_controller_dag.py
[2022-03-28 07:31:54,242] {logging_mixin.py:109} INFO - [2022-03-28 07:31:54,242] {dag.py:2398} INFO - Sync 1 DAGs
[2022-03-28 07:31:54,258] {logging_mixin.py:109} INFO - [2022-03-28 07:31:54,258] {dag.py:2937} INFO - Setting next_dagrun for example_trigger_controller_dag to 2021-01-01T00:00:00+00:00
[2022-03-28 07:31:54,270] {processor.py:171} INFO - Processing /home/airflow/.local/lib/python3.7/site-packages/airflow/example_dags/example_trigger_controller_dag.py took 0.070 seconds
[2022-03-28 07:32:25,070] {processor.py:163} INFO - Started process (PID=2949) to work on /home/airflow/.local/lib/python3.7/site-packages/airflow/example_dags/example_trigger_controller_dag.py
[2022-03-28 07:32:25,072] {processor.py:642} INFO - Processing file /home/airflow/.local/lib/python3.7/site-packages/airflow/example_dags/example_trigger_controller_dag.py for tasks to queue
[2022-03-28 07:32:25,073] {logging_mixin.py:109} INFO - [2022-03-28 07:32:25,073] {dagbag.py:500} INFO - Filling up the DagBag from /home/airflow/.local/lib/python3.7/site-packages/airflow/example_dags/example_trigger_controller_dag.py
[2022-03-28 07:32:25,103] {processor.py:654} INFO - DAG(s) dict_keys(['example_trigger_controller_dag']) retrieved from /home/airflow/.local/lib/python3.7/site-packages/airflow/example_dags/example_trigger_controller_dag.py
[2022-03-28 07:32:25,114] {logging_mixin.py:109} INFO - [2022-03-28 07:32:25,114] {dag.py:2398} INFO - Sync 1 DAGs
[2022-03-28 07:32:25,133] {logging_mixin.py:109} INFO - [2022-03-28 07:32:25,132] {dag.py:2937} INFO - Setting next_dagrun for example_trigger_controller_dag to 2021-01-01T00:00:00+00:00
[2022-03-28 07:32:25,143] {processor.py:171} INFO - Processing /home/airflow/.local/lib/python3.7/site-packages/airflow/example_dags/example_trigger_controller_dag.py took 0.076 seconds
