[2022-03-28 07:08:57,224] {processor.py:163} INFO - Started process (PID=382) to work on /home/airflow/.local/lib/python3.7/site-packages/airflow/example_dags/example_latest_only_with_trigger.py
[2022-03-28 07:08:57,226] {processor.py:642} INFO - Processing file /home/airflow/.local/lib/python3.7/site-packages/airflow/example_dags/example_latest_only_with_trigger.py for tasks to queue
[2022-03-28 07:08:57,226] {logging_mixin.py:109} INFO - [2022-03-28 07:08:57,226] {dagbag.py:500} INFO - Filling up the DagBag from /home/airflow/.local/lib/python3.7/site-packages/airflow/example_dags/example_latest_only_with_trigger.py
[2022-03-28 07:08:57,278] {processor.py:654} INFO - DAG(s) dict_keys(['latest_only_with_trigger']) retrieved from /home/airflow/.local/lib/python3.7/site-packages/airflow/example_dags/example_latest_only_with_trigger.py
[2022-03-28 07:08:59,477] {logging_mixin.py:109} INFO - [2022-03-28 07:08:59,477] {manager.py:496} INFO - Created Permission View: can read on DAG:latest_only_with_trigger
[2022-03-28 07:08:59,486] {logging_mixin.py:109} INFO - [2022-03-28 07:08:59,485] {manager.py:496} INFO - Created Permission View: can edit on DAG:latest_only_with_trigger
[2022-03-28 07:08:59,487] {logging_mixin.py:109} INFO - [2022-03-28 07:08:59,486] {dag.py:2398} INFO - Sync 1 DAGs
[2022-03-28 07:08:59,495] {logging_mixin.py:109} INFO - [2022-03-28 07:08:59,495] {dag.py:2417} INFO - Creating ORM DAG for latest_only_with_trigger
[2022-03-28 07:08:59,506] {logging_mixin.py:109} INFO - [2022-03-28 07:08:59,506] {dag.py:2937} INFO - Setting next_dagrun for latest_only_with_trigger to 2022-03-28T03:08:59.506654+00:00
[2022-03-28 07:08:59,519] {processor.py:171} INFO - Processing /home/airflow/.local/lib/python3.7/site-packages/airflow/example_dags/example_latest_only_with_trigger.py took 2.298 seconds
[2022-03-28 07:09:30,107] {processor.py:163} INFO - Started process (PID=507) to work on /home/airflow/.local/lib/python3.7/site-packages/airflow/example_dags/example_latest_only_with_trigger.py
[2022-03-28 07:09:30,109] {processor.py:642} INFO - Processing file /home/airflow/.local/lib/python3.7/site-packages/airflow/example_dags/example_latest_only_with_trigger.py for tasks to queue
[2022-03-28 07:09:30,110] {logging_mixin.py:109} INFO - [2022-03-28 07:09:30,110] {dagbag.py:500} INFO - Filling up the DagBag from /home/airflow/.local/lib/python3.7/site-packages/airflow/example_dags/example_latest_only_with_trigger.py
[2022-03-28 07:09:30,139] {processor.py:654} INFO - DAG(s) dict_keys(['latest_only_with_trigger']) retrieved from /home/airflow/.local/lib/python3.7/site-packages/airflow/example_dags/example_latest_only_with_trigger.py
[2022-03-28 07:09:30,152] {logging_mixin.py:109} INFO - [2022-03-28 07:09:30,152] {dag.py:2398} INFO - Sync 1 DAGs
[2022-03-28 07:09:30,166] {logging_mixin.py:109} INFO - [2022-03-28 07:09:30,165] {dag.py:2937} INFO - Setting next_dagrun for latest_only_with_trigger to 2022-03-28T03:09:30.165658+00:00
[2022-03-28 07:09:30,176] {processor.py:171} INFO - Processing /home/airflow/.local/lib/python3.7/site-packages/airflow/example_dags/example_latest_only_with_trigger.py took 0.073 seconds
[2022-03-28 07:10:00,777] {processor.py:163} INFO - Started process (PID=557) to work on /home/airflow/.local/lib/python3.7/site-packages/airflow/example_dags/example_latest_only_with_trigger.py
[2022-03-28 07:10:00,779] {processor.py:642} INFO - Processing file /home/airflow/.local/lib/python3.7/site-packages/airflow/example_dags/example_latest_only_with_trigger.py for tasks to queue
[2022-03-28 07:10:00,780] {logging_mixin.py:109} INFO - [2022-03-28 07:10:00,780] {dagbag.py:500} INFO - Filling up the DagBag from /home/airflow/.local/lib/python3.7/site-packages/airflow/example_dags/example_latest_only_with_trigger.py
[2022-03-28 07:10:00,831] {processor.py:654} INFO - DAG(s) dict_keys(['latest_only_with_trigger']) retrieved from /home/airflow/.local/lib/python3.7/site-packages/airflow/example_dags/example_latest_only_with_trigger.py
[2022-03-28 07:10:00,845] {logging_mixin.py:109} INFO - [2022-03-28 07:10:00,845] {dag.py:2398} INFO - Sync 1 DAGs
[2022-03-28 07:10:00,871] {logging_mixin.py:109} INFO - [2022-03-28 07:10:00,871] {dag.py:2937} INFO - Setting next_dagrun for latest_only_with_trigger to 2022-03-28T03:10:00.870701+00:00
[2022-03-28 07:10:00,884] {processor.py:171} INFO - Processing /home/airflow/.local/lib/python3.7/site-packages/airflow/example_dags/example_latest_only_with_trigger.py took 0.110 seconds
[2022-03-28 07:10:31,489] {processor.py:163} INFO - Started process (PID=618) to work on /home/airflow/.local/lib/python3.7/site-packages/airflow/example_dags/example_latest_only_with_trigger.py
[2022-03-28 07:10:31,491] {processor.py:642} INFO - Processing file /home/airflow/.local/lib/python3.7/site-packages/airflow/example_dags/example_latest_only_with_trigger.py for tasks to queue
[2022-03-28 07:10:31,492] {logging_mixin.py:109} INFO - [2022-03-28 07:10:31,492] {dagbag.py:500} INFO - Filling up the DagBag from /home/airflow/.local/lib/python3.7/site-packages/airflow/example_dags/example_latest_only_with_trigger.py
[2022-03-28 07:10:31,524] {processor.py:654} INFO - DAG(s) dict_keys(['latest_only_with_trigger']) retrieved from /home/airflow/.local/lib/python3.7/site-packages/airflow/example_dags/example_latest_only_with_trigger.py
[2022-03-28 07:10:31,539] {logging_mixin.py:109} INFO - [2022-03-28 07:10:31,538] {dag.py:2398} INFO - Sync 1 DAGs
[2022-03-28 07:10:31,563] {logging_mixin.py:109} INFO - [2022-03-28 07:10:31,563] {dag.py:2937} INFO - Setting next_dagrun for latest_only_with_trigger to 2022-03-28T03:10:31.562793+00:00
[2022-03-28 07:10:31,574] {processor.py:171} INFO - Processing /home/airflow/.local/lib/python3.7/site-packages/airflow/example_dags/example_latest_only_with_trigger.py took 0.087 seconds
[2022-03-28 07:11:01,983] {processor.py:163} INFO - Started process (PID=669) to work on /home/airflow/.local/lib/python3.7/site-packages/airflow/example_dags/example_latest_only_with_trigger.py
[2022-03-28 07:11:01,984] {processor.py:642} INFO - Processing file /home/airflow/.local/lib/python3.7/site-packages/airflow/example_dags/example_latest_only_with_trigger.py for tasks to queue
[2022-03-28 07:11:01,985] {logging_mixin.py:109} INFO - [2022-03-28 07:11:01,985] {dagbag.py:500} INFO - Filling up the DagBag from /home/airflow/.local/lib/python3.7/site-packages/airflow/example_dags/example_latest_only_with_trigger.py
[2022-03-28 07:11:02,012] {processor.py:654} INFO - DAG(s) dict_keys(['latest_only_with_trigger']) retrieved from /home/airflow/.local/lib/python3.7/site-packages/airflow/example_dags/example_latest_only_with_trigger.py
[2022-03-28 07:11:02,024] {logging_mixin.py:109} INFO - [2022-03-28 07:11:02,024] {dag.py:2398} INFO - Sync 1 DAGs
[2022-03-28 07:11:02,039] {logging_mixin.py:109} INFO - [2022-03-28 07:11:02,039] {dag.py:2937} INFO - Setting next_dagrun for latest_only_with_trigger to 2022-03-28T03:11:02.039003+00:00
[2022-03-28 07:11:02,048] {processor.py:171} INFO - Processing /home/airflow/.local/lib/python3.7/site-packages/airflow/example_dags/example_latest_only_with_trigger.py took 0.068 seconds
[2022-03-28 07:11:32,481] {processor.py:163} INFO - Started process (PID=730) to work on /home/airflow/.local/lib/python3.7/site-packages/airflow/example_dags/example_latest_only_with_trigger.py
[2022-03-28 07:11:32,483] {processor.py:642} INFO - Processing file /home/airflow/.local/lib/python3.7/site-packages/airflow/example_dags/example_latest_only_with_trigger.py for tasks to queue
[2022-03-28 07:11:32,484] {logging_mixin.py:109} INFO - [2022-03-28 07:11:32,483] {dagbag.py:500} INFO - Filling up the DagBag from /home/airflow/.local/lib/python3.7/site-packages/airflow/example_dags/example_latest_only_with_trigger.py
[2022-03-28 07:11:32,515] {processor.py:654} INFO - DAG(s) dict_keys(['latest_only_with_trigger']) retrieved from /home/airflow/.local/lib/python3.7/site-packages/airflow/example_dags/example_latest_only_with_trigger.py
[2022-03-28 07:11:32,526] {logging_mixin.py:109} INFO - [2022-03-28 07:11:32,526] {dag.py:2398} INFO - Sync 1 DAGs
[2022-03-28 07:11:32,542] {logging_mixin.py:109} INFO - [2022-03-28 07:11:32,542] {dag.py:2937} INFO - Setting next_dagrun for latest_only_with_trigger to 2022-03-28T03:11:32.541792+00:00
[2022-03-28 07:11:32,553] {processor.py:171} INFO - Processing /home/airflow/.local/lib/python3.7/site-packages/airflow/example_dags/example_latest_only_with_trigger.py took 0.074 seconds
[2022-03-28 07:12:02,956] {processor.py:163} INFO - Started process (PID=780) to work on /home/airflow/.local/lib/python3.7/site-packages/airflow/example_dags/example_latest_only_with_trigger.py
[2022-03-28 07:12:02,957] {processor.py:642} INFO - Processing file /home/airflow/.local/lib/python3.7/site-packages/airflow/example_dags/example_latest_only_with_trigger.py for tasks to queue
[2022-03-28 07:12:02,958] {logging_mixin.py:109} INFO - [2022-03-28 07:12:02,958] {dagbag.py:500} INFO - Filling up the DagBag from /home/airflow/.local/lib/python3.7/site-packages/airflow/example_dags/example_latest_only_with_trigger.py
[2022-03-28 07:12:02,992] {processor.py:654} INFO - DAG(s) dict_keys(['latest_only_with_trigger']) retrieved from /home/airflow/.local/lib/python3.7/site-packages/airflow/example_dags/example_latest_only_with_trigger.py
[2022-03-28 07:12:03,004] {logging_mixin.py:109} INFO - [2022-03-28 07:12:03,004] {dag.py:2398} INFO - Sync 1 DAGs
[2022-03-28 07:12:03,019] {logging_mixin.py:109} INFO - [2022-03-28 07:12:03,019] {dag.py:2937} INFO - Setting next_dagrun for latest_only_with_trigger to 2022-03-28T03:12:03.019548+00:00
[2022-03-28 07:12:03,031] {processor.py:171} INFO - Processing /home/airflow/.local/lib/python3.7/site-packages/airflow/example_dags/example_latest_only_with_trigger.py took 0.078 seconds
[2022-03-28 07:12:33,543] {processor.py:163} INFO - Started process (PID=832) to work on /home/airflow/.local/lib/python3.7/site-packages/airflow/example_dags/example_latest_only_with_trigger.py
[2022-03-28 07:12:33,544] {processor.py:642} INFO - Processing file /home/airflow/.local/lib/python3.7/site-packages/airflow/example_dags/example_latest_only_with_trigger.py for tasks to queue
[2022-03-28 07:12:33,545] {logging_mixin.py:109} INFO - [2022-03-28 07:12:33,545] {dagbag.py:500} INFO - Filling up the DagBag from /home/airflow/.local/lib/python3.7/site-packages/airflow/example_dags/example_latest_only_with_trigger.py
[2022-03-28 07:12:33,574] {processor.py:654} INFO - DAG(s) dict_keys(['latest_only_with_trigger']) retrieved from /home/airflow/.local/lib/python3.7/site-packages/airflow/example_dags/example_latest_only_with_trigger.py
[2022-03-28 07:12:33,583] {logging_mixin.py:109} INFO - [2022-03-28 07:12:33,583] {dag.py:2398} INFO - Sync 1 DAGs
[2022-03-28 07:12:33,598] {logging_mixin.py:109} INFO - [2022-03-28 07:12:33,598] {dag.py:2937} INFO - Setting next_dagrun for latest_only_with_trigger to 2022-03-28T03:12:33.598002+00:00
[2022-03-28 07:12:33,609] {processor.py:171} INFO - Processing /home/airflow/.local/lib/python3.7/site-packages/airflow/example_dags/example_latest_only_with_trigger.py took 0.069 seconds
[2022-03-28 07:13:04,088] {processor.py:163} INFO - Started process (PID=892) to work on /home/airflow/.local/lib/python3.7/site-packages/airflow/example_dags/example_latest_only_with_trigger.py
[2022-03-28 07:13:04,090] {processor.py:642} INFO - Processing file /home/airflow/.local/lib/python3.7/site-packages/airflow/example_dags/example_latest_only_with_trigger.py for tasks to queue
[2022-03-28 07:13:04,090] {logging_mixin.py:109} INFO - [2022-03-28 07:13:04,090] {dagbag.py:500} INFO - Filling up the DagBag from /home/airflow/.local/lib/python3.7/site-packages/airflow/example_dags/example_latest_only_with_trigger.py
[2022-03-28 07:13:04,120] {processor.py:654} INFO - DAG(s) dict_keys(['latest_only_with_trigger']) retrieved from /home/airflow/.local/lib/python3.7/site-packages/airflow/example_dags/example_latest_only_with_trigger.py
[2022-03-28 07:13:04,133] {logging_mixin.py:109} INFO - [2022-03-28 07:13:04,133] {dag.py:2398} INFO - Sync 1 DAGs
[2022-03-28 07:13:04,150] {logging_mixin.py:109} INFO - [2022-03-28 07:13:04,150] {dag.py:2937} INFO - Setting next_dagrun for latest_only_with_trigger to 2022-03-28T03:13:04.150021+00:00
[2022-03-28 07:13:04,161] {processor.py:171} INFO - Processing /home/airflow/.local/lib/python3.7/site-packages/airflow/example_dags/example_latest_only_with_trigger.py took 0.076 seconds
[2022-03-28 07:13:34,609] {processor.py:163} INFO - Started process (PID=943) to work on /home/airflow/.local/lib/python3.7/site-packages/airflow/example_dags/example_latest_only_with_trigger.py
[2022-03-28 07:13:34,610] {processor.py:642} INFO - Processing file /home/airflow/.local/lib/python3.7/site-packages/airflow/example_dags/example_latest_only_with_trigger.py for tasks to queue
[2022-03-28 07:13:34,611] {logging_mixin.py:109} INFO - [2022-03-28 07:13:34,611] {dagbag.py:500} INFO - Filling up the DagBag from /home/airflow/.local/lib/python3.7/site-packages/airflow/example_dags/example_latest_only_with_trigger.py
[2022-03-28 07:13:34,637] {processor.py:654} INFO - DAG(s) dict_keys(['latest_only_with_trigger']) retrieved from /home/airflow/.local/lib/python3.7/site-packages/airflow/example_dags/example_latest_only_with_trigger.py
[2022-03-28 07:13:34,648] {logging_mixin.py:109} INFO - [2022-03-28 07:13:34,648] {dag.py:2398} INFO - Sync 1 DAGs
[2022-03-28 07:13:34,662] {logging_mixin.py:109} INFO - [2022-03-28 07:13:34,662] {dag.py:2937} INFO - Setting next_dagrun for latest_only_with_trigger to 2022-03-28T03:13:34.662055+00:00
[2022-03-28 07:13:34,671] {processor.py:171} INFO - Processing /home/airflow/.local/lib/python3.7/site-packages/airflow/example_dags/example_latest_only_with_trigger.py took 0.066 seconds
[2022-03-28 07:14:05,154] {processor.py:163} INFO - Started process (PID=994) to work on /home/airflow/.local/lib/python3.7/site-packages/airflow/example_dags/example_latest_only_with_trigger.py
[2022-03-28 07:14:05,156] {processor.py:642} INFO - Processing file /home/airflow/.local/lib/python3.7/site-packages/airflow/example_dags/example_latest_only_with_trigger.py for tasks to queue
[2022-03-28 07:14:05,157] {logging_mixin.py:109} INFO - [2022-03-28 07:14:05,157] {dagbag.py:500} INFO - Filling up the DagBag from /home/airflow/.local/lib/python3.7/site-packages/airflow/example_dags/example_latest_only_with_trigger.py
[2022-03-28 07:14:05,186] {processor.py:654} INFO - DAG(s) dict_keys(['latest_only_with_trigger']) retrieved from /home/airflow/.local/lib/python3.7/site-packages/airflow/example_dags/example_latest_only_with_trigger.py
[2022-03-28 07:14:05,196] {logging_mixin.py:109} INFO - [2022-03-28 07:14:05,196] {dag.py:2398} INFO - Sync 1 DAGs
[2022-03-28 07:14:05,212] {logging_mixin.py:109} INFO - [2022-03-28 07:14:05,212] {dag.py:2937} INFO - Setting next_dagrun for latest_only_with_trigger to 2022-03-28T03:14:05.211896+00:00
[2022-03-28 07:14:05,222] {processor.py:171} INFO - Processing /home/airflow/.local/lib/python3.7/site-packages/airflow/example_dags/example_latest_only_with_trigger.py took 0.071 seconds
[2022-03-28 07:14:35,725] {processor.py:163} INFO - Started process (PID=1054) to work on /home/airflow/.local/lib/python3.7/site-packages/airflow/example_dags/example_latest_only_with_trigger.py
[2022-03-28 07:14:35,726] {processor.py:642} INFO - Processing file /home/airflow/.local/lib/python3.7/site-packages/airflow/example_dags/example_latest_only_with_trigger.py for tasks to queue
[2022-03-28 07:14:35,727] {logging_mixin.py:109} INFO - [2022-03-28 07:14:35,727] {dagbag.py:500} INFO - Filling up the DagBag from /home/airflow/.local/lib/python3.7/site-packages/airflow/example_dags/example_latest_only_with_trigger.py
[2022-03-28 07:14:35,763] {processor.py:654} INFO - DAG(s) dict_keys(['latest_only_with_trigger']) retrieved from /home/airflow/.local/lib/python3.7/site-packages/airflow/example_dags/example_latest_only_with_trigger.py
[2022-03-28 07:14:35,774] {logging_mixin.py:109} INFO - [2022-03-28 07:14:35,774] {dag.py:2398} INFO - Sync 1 DAGs
[2022-03-28 07:14:35,791] {logging_mixin.py:109} INFO - [2022-03-28 07:14:35,791] {dag.py:2937} INFO - Setting next_dagrun for latest_only_with_trigger to 2022-03-28T03:14:35.790930+00:00
[2022-03-28 07:14:35,802] {processor.py:171} INFO - Processing /home/airflow/.local/lib/python3.7/site-packages/airflow/example_dags/example_latest_only_with_trigger.py took 0.081 seconds
[2022-03-28 07:15:06,403] {processor.py:163} INFO - Started process (PID=1104) to work on /home/airflow/.local/lib/python3.7/site-packages/airflow/example_dags/example_latest_only_with_trigger.py
[2022-03-28 07:15:06,404] {processor.py:642} INFO - Processing file /home/airflow/.local/lib/python3.7/site-packages/airflow/example_dags/example_latest_only_with_trigger.py for tasks to queue
[2022-03-28 07:15:06,405] {logging_mixin.py:109} INFO - [2022-03-28 07:15:06,405] {dagbag.py:500} INFO - Filling up the DagBag from /home/airflow/.local/lib/python3.7/site-packages/airflow/example_dags/example_latest_only_with_trigger.py
[2022-03-28 07:15:06,434] {processor.py:654} INFO - DAG(s) dict_keys(['latest_only_with_trigger']) retrieved from /home/airflow/.local/lib/python3.7/site-packages/airflow/example_dags/example_latest_only_with_trigger.py
[2022-03-28 07:15:06,444] {logging_mixin.py:109} INFO - [2022-03-28 07:15:06,444] {dag.py:2398} INFO - Sync 1 DAGs
[2022-03-28 07:15:06,460] {logging_mixin.py:109} INFO - [2022-03-28 07:15:06,460] {dag.py:2937} INFO - Setting next_dagrun for latest_only_with_trigger to 2022-03-28T03:15:06.459794+00:00
[2022-03-28 07:15:06,470] {processor.py:171} INFO - Processing /home/airflow/.local/lib/python3.7/site-packages/airflow/example_dags/example_latest_only_with_trigger.py took 0.071 seconds
[2022-03-28 07:15:36,980] {processor.py:163} INFO - Started process (PID=1155) to work on /home/airflow/.local/lib/python3.7/site-packages/airflow/example_dags/example_latest_only_with_trigger.py
[2022-03-28 07:15:36,981] {processor.py:642} INFO - Processing file /home/airflow/.local/lib/python3.7/site-packages/airflow/example_dags/example_latest_only_with_trigger.py for tasks to queue
[2022-03-28 07:15:36,982] {logging_mixin.py:109} INFO - [2022-03-28 07:15:36,982] {dagbag.py:500} INFO - Filling up the DagBag from /home/airflow/.local/lib/python3.7/site-packages/airflow/example_dags/example_latest_only_with_trigger.py
[2022-03-28 07:15:37,010] {processor.py:654} INFO - DAG(s) dict_keys(['latest_only_with_trigger']) retrieved from /home/airflow/.local/lib/python3.7/site-packages/airflow/example_dags/example_latest_only_with_trigger.py
[2022-03-28 07:15:37,019] {logging_mixin.py:109} INFO - [2022-03-28 07:15:37,019] {dag.py:2398} INFO - Sync 1 DAGs
[2022-03-28 07:15:37,033] {logging_mixin.py:109} INFO - [2022-03-28 07:15:37,033] {dag.py:2937} INFO - Setting next_dagrun for latest_only_with_trigger to 2022-03-28T03:15:37.032847+00:00
[2022-03-28 07:15:37,043] {processor.py:171} INFO - Processing /home/airflow/.local/lib/python3.7/site-packages/airflow/example_dags/example_latest_only_with_trigger.py took 0.066 seconds
[2022-03-28 07:16:07,438] {processor.py:163} INFO - Started process (PID=1215) to work on /home/airflow/.local/lib/python3.7/site-packages/airflow/example_dags/example_latest_only_with_trigger.py
[2022-03-28 07:16:07,439] {processor.py:642} INFO - Processing file /home/airflow/.local/lib/python3.7/site-packages/airflow/example_dags/example_latest_only_with_trigger.py for tasks to queue
[2022-03-28 07:16:07,440] {logging_mixin.py:109} INFO - [2022-03-28 07:16:07,440] {dagbag.py:500} INFO - Filling up the DagBag from /home/airflow/.local/lib/python3.7/site-packages/airflow/example_dags/example_latest_only_with_trigger.py
[2022-03-28 07:16:07,469] {processor.py:654} INFO - DAG(s) dict_keys(['latest_only_with_trigger']) retrieved from /home/airflow/.local/lib/python3.7/site-packages/airflow/example_dags/example_latest_only_with_trigger.py
[2022-03-28 07:16:07,479] {logging_mixin.py:109} INFO - [2022-03-28 07:16:07,479] {dag.py:2398} INFO - Sync 1 DAGs
[2022-03-28 07:16:07,495] {logging_mixin.py:109} INFO - [2022-03-28 07:16:07,495] {dag.py:2937} INFO - Setting next_dagrun for latest_only_with_trigger to 2022-03-28T03:16:07.495197+00:00
[2022-03-28 07:16:07,507] {processor.py:171} INFO - Processing /home/airflow/.local/lib/python3.7/site-packages/airflow/example_dags/example_latest_only_with_trigger.py took 0.071 seconds
[2022-03-28 07:16:38,036] {processor.py:163} INFO - Started process (PID=1267) to work on /home/airflow/.local/lib/python3.7/site-packages/airflow/example_dags/example_latest_only_with_trigger.py
[2022-03-28 07:16:38,037] {processor.py:642} INFO - Processing file /home/airflow/.local/lib/python3.7/site-packages/airflow/example_dags/example_latest_only_with_trigger.py for tasks to queue
[2022-03-28 07:16:38,038] {logging_mixin.py:109} INFO - [2022-03-28 07:16:38,038] {dagbag.py:500} INFO - Filling up the DagBag from /home/airflow/.local/lib/python3.7/site-packages/airflow/example_dags/example_latest_only_with_trigger.py
[2022-03-28 07:16:38,065] {processor.py:654} INFO - DAG(s) dict_keys(['latest_only_with_trigger']) retrieved from /home/airflow/.local/lib/python3.7/site-packages/airflow/example_dags/example_latest_only_with_trigger.py
[2022-03-28 07:16:38,074] {logging_mixin.py:109} INFO - [2022-03-28 07:16:38,074] {dag.py:2398} INFO - Sync 1 DAGs
[2022-03-28 07:16:38,089] {logging_mixin.py:109} INFO - [2022-03-28 07:16:38,089] {dag.py:2937} INFO - Setting next_dagrun for latest_only_with_trigger to 2022-03-28T03:16:38.089481+00:00
[2022-03-28 07:16:38,101] {processor.py:171} INFO - Processing /home/airflow/.local/lib/python3.7/site-packages/airflow/example_dags/example_latest_only_with_trigger.py took 0.069 seconds
[2022-03-28 07:17:08,592] {processor.py:163} INFO - Started process (PID=1319) to work on /home/airflow/.local/lib/python3.7/site-packages/airflow/example_dags/example_latest_only_with_trigger.py
[2022-03-28 07:17:08,593] {processor.py:642} INFO - Processing file /home/airflow/.local/lib/python3.7/site-packages/airflow/example_dags/example_latest_only_with_trigger.py for tasks to queue
[2022-03-28 07:17:08,594] {logging_mixin.py:109} INFO - [2022-03-28 07:17:08,594] {dagbag.py:500} INFO - Filling up the DagBag from /home/airflow/.local/lib/python3.7/site-packages/airflow/example_dags/example_latest_only_with_trigger.py
[2022-03-28 07:17:08,619] {processor.py:654} INFO - DAG(s) dict_keys(['latest_only_with_trigger']) retrieved from /home/airflow/.local/lib/python3.7/site-packages/airflow/example_dags/example_latest_only_with_trigger.py
[2022-03-28 07:17:08,629] {logging_mixin.py:109} INFO - [2022-03-28 07:17:08,629] {dag.py:2398} INFO - Sync 1 DAGs
[2022-03-28 07:17:08,643] {logging_mixin.py:109} INFO - [2022-03-28 07:17:08,643] {dag.py:2937} INFO - Setting next_dagrun for latest_only_with_trigger to 2022-03-28T03:17:08.643119+00:00
[2022-03-28 07:17:08,655] {processor.py:171} INFO - Processing /home/airflow/.local/lib/python3.7/site-packages/airflow/example_dags/example_latest_only_with_trigger.py took 0.066 seconds
[2022-03-28 07:17:39,161] {processor.py:163} INFO - Started process (PID=1380) to work on /home/airflow/.local/lib/python3.7/site-packages/airflow/example_dags/example_latest_only_with_trigger.py
[2022-03-28 07:17:39,162] {processor.py:642} INFO - Processing file /home/airflow/.local/lib/python3.7/site-packages/airflow/example_dags/example_latest_only_with_trigger.py for tasks to queue
[2022-03-28 07:17:39,163] {logging_mixin.py:109} INFO - [2022-03-28 07:17:39,163] {dagbag.py:500} INFO - Filling up the DagBag from /home/airflow/.local/lib/python3.7/site-packages/airflow/example_dags/example_latest_only_with_trigger.py
[2022-03-28 07:17:39,199] {processor.py:654} INFO - DAG(s) dict_keys(['latest_only_with_trigger']) retrieved from /home/airflow/.local/lib/python3.7/site-packages/airflow/example_dags/example_latest_only_with_trigger.py
[2022-03-28 07:17:39,213] {logging_mixin.py:109} INFO - [2022-03-28 07:17:39,213] {dag.py:2398} INFO - Sync 1 DAGs
[2022-03-28 07:17:39,230] {logging_mixin.py:109} INFO - [2022-03-28 07:17:39,230] {dag.py:2937} INFO - Setting next_dagrun for latest_only_with_trigger to 2022-03-28T03:17:39.230566+00:00
[2022-03-28 07:17:39,241] {processor.py:171} INFO - Processing /home/airflow/.local/lib/python3.7/site-packages/airflow/example_dags/example_latest_only_with_trigger.py took 0.084 seconds
[2022-03-28 07:18:09,800] {processor.py:163} INFO - Started process (PID=1431) to work on /home/airflow/.local/lib/python3.7/site-packages/airflow/example_dags/example_latest_only_with_trigger.py
[2022-03-28 07:18:09,802] {processor.py:642} INFO - Processing file /home/airflow/.local/lib/python3.7/site-packages/airflow/example_dags/example_latest_only_with_trigger.py for tasks to queue
[2022-03-28 07:18:09,803] {logging_mixin.py:109} INFO - [2022-03-28 07:18:09,803] {dagbag.py:500} INFO - Filling up the DagBag from /home/airflow/.local/lib/python3.7/site-packages/airflow/example_dags/example_latest_only_with_trigger.py
[2022-03-28 07:18:09,832] {processor.py:654} INFO - DAG(s) dict_keys(['latest_only_with_trigger']) retrieved from /home/airflow/.local/lib/python3.7/site-packages/airflow/example_dags/example_latest_only_with_trigger.py
[2022-03-28 07:18:09,842] {logging_mixin.py:109} INFO - [2022-03-28 07:18:09,841] {dag.py:2398} INFO - Sync 1 DAGs
[2022-03-28 07:18:09,855] {logging_mixin.py:109} INFO - [2022-03-28 07:18:09,855] {dag.py:2937} INFO - Setting next_dagrun for latest_only_with_trigger to 2022-03-28T03:18:09.855445+00:00
[2022-03-28 07:18:09,868] {processor.py:171} INFO - Processing /home/airflow/.local/lib/python3.7/site-packages/airflow/example_dags/example_latest_only_with_trigger.py took 0.071 seconds
[2022-03-28 07:18:40,204] {processor.py:163} INFO - Started process (PID=1482) to work on /home/airflow/.local/lib/python3.7/site-packages/airflow/example_dags/example_latest_only_with_trigger.py
[2022-03-28 07:18:40,205] {processor.py:642} INFO - Processing file /home/airflow/.local/lib/python3.7/site-packages/airflow/example_dags/example_latest_only_with_trigger.py for tasks to queue
[2022-03-28 07:18:40,206] {logging_mixin.py:109} INFO - [2022-03-28 07:18:40,206] {dagbag.py:500} INFO - Filling up the DagBag from /home/airflow/.local/lib/python3.7/site-packages/airflow/example_dags/example_latest_only_with_trigger.py
[2022-03-28 07:18:40,236] {processor.py:654} INFO - DAG(s) dict_keys(['latest_only_with_trigger']) retrieved from /home/airflow/.local/lib/python3.7/site-packages/airflow/example_dags/example_latest_only_with_trigger.py
[2022-03-28 07:18:40,246] {logging_mixin.py:109} INFO - [2022-03-28 07:18:40,246] {dag.py:2398} INFO - Sync 1 DAGs
[2022-03-28 07:18:40,259] {logging_mixin.py:109} INFO - [2022-03-28 07:18:40,259] {dag.py:2937} INFO - Setting next_dagrun for latest_only_with_trigger to 2022-03-28T03:18:40.259552+00:00
[2022-03-28 07:18:40,268] {processor.py:171} INFO - Processing /home/airflow/.local/lib/python3.7/site-packages/airflow/example_dags/example_latest_only_with_trigger.py took 0.067 seconds
[2022-03-28 07:19:10,760] {processor.py:163} INFO - Started process (PID=1540) to work on /home/airflow/.local/lib/python3.7/site-packages/airflow/example_dags/example_latest_only_with_trigger.py
[2022-03-28 07:19:10,761] {processor.py:642} INFO - Processing file /home/airflow/.local/lib/python3.7/site-packages/airflow/example_dags/example_latest_only_with_trigger.py for tasks to queue
[2022-03-28 07:19:10,762] {logging_mixin.py:109} INFO - [2022-03-28 07:19:10,762] {dagbag.py:500} INFO - Filling up the DagBag from /home/airflow/.local/lib/python3.7/site-packages/airflow/example_dags/example_latest_only_with_trigger.py
[2022-03-28 07:19:10,796] {processor.py:654} INFO - DAG(s) dict_keys(['latest_only_with_trigger']) retrieved from /home/airflow/.local/lib/python3.7/site-packages/airflow/example_dags/example_latest_only_with_trigger.py
[2022-03-28 07:19:10,810] {logging_mixin.py:109} INFO - [2022-03-28 07:19:10,810] {dag.py:2398} INFO - Sync 1 DAGs
[2022-03-28 07:19:10,830] {logging_mixin.py:109} INFO - [2022-03-28 07:19:10,829] {dag.py:2937} INFO - Setting next_dagrun for latest_only_with_trigger to 2022-03-28T03:19:10.829536+00:00
[2022-03-28 07:19:10,841] {processor.py:171} INFO - Processing /home/airflow/.local/lib/python3.7/site-packages/airflow/example_dags/example_latest_only_with_trigger.py took 0.085 seconds
[2022-03-28 07:19:41,185] {processor.py:163} INFO - Started process (PID=1594) to work on /home/airflow/.local/lib/python3.7/site-packages/airflow/example_dags/example_latest_only_with_trigger.py
[2022-03-28 07:19:41,187] {processor.py:642} INFO - Processing file /home/airflow/.local/lib/python3.7/site-packages/airflow/example_dags/example_latest_only_with_trigger.py for tasks to queue
[2022-03-28 07:19:41,188] {logging_mixin.py:109} INFO - [2022-03-28 07:19:41,188] {dagbag.py:500} INFO - Filling up the DagBag from /home/airflow/.local/lib/python3.7/site-packages/airflow/example_dags/example_latest_only_with_trigger.py
[2022-03-28 07:19:41,222] {processor.py:654} INFO - DAG(s) dict_keys(['latest_only_with_trigger']) retrieved from /home/airflow/.local/lib/python3.7/site-packages/airflow/example_dags/example_latest_only_with_trigger.py
[2022-03-28 07:19:41,233] {logging_mixin.py:109} INFO - [2022-03-28 07:19:41,233] {dag.py:2398} INFO - Sync 1 DAGs
[2022-03-28 07:19:41,254] {logging_mixin.py:109} INFO - [2022-03-28 07:19:41,254] {dag.py:2937} INFO - Setting next_dagrun for latest_only_with_trigger to 2022-03-28T03:19:41.254017+00:00
[2022-03-28 07:19:41,265] {processor.py:171} INFO - Processing /home/airflow/.local/lib/python3.7/site-packages/airflow/example_dags/example_latest_only_with_trigger.py took 0.084 seconds
[2022-03-28 07:20:12,103] {processor.py:163} INFO - Started process (PID=1645) to work on /home/airflow/.local/lib/python3.7/site-packages/airflow/example_dags/example_latest_only_with_trigger.py
[2022-03-28 07:20:12,105] {processor.py:642} INFO - Processing file /home/airflow/.local/lib/python3.7/site-packages/airflow/example_dags/example_latest_only_with_trigger.py for tasks to queue
[2022-03-28 07:20:12,106] {logging_mixin.py:109} INFO - [2022-03-28 07:20:12,106] {dagbag.py:500} INFO - Filling up the DagBag from /home/airflow/.local/lib/python3.7/site-packages/airflow/example_dags/example_latest_only_with_trigger.py
[2022-03-28 07:20:12,135] {processor.py:654} INFO - DAG(s) dict_keys(['latest_only_with_trigger']) retrieved from /home/airflow/.local/lib/python3.7/site-packages/airflow/example_dags/example_latest_only_with_trigger.py
[2022-03-28 07:20:12,144] {logging_mixin.py:109} INFO - [2022-03-28 07:20:12,144] {dag.py:2398} INFO - Sync 1 DAGs
[2022-03-28 07:20:12,160] {logging_mixin.py:109} INFO - [2022-03-28 07:20:12,159] {dag.py:2937} INFO - Setting next_dagrun for latest_only_with_trigger to 2022-03-28T03:20:12.159709+00:00
[2022-03-28 07:20:12,170] {processor.py:171} INFO - Processing /home/airflow/.local/lib/python3.7/site-packages/airflow/example_dags/example_latest_only_with_trigger.py took 0.069 seconds
[2022-03-28 07:20:42,237] {processor.py:163} INFO - Started process (PID=1706) to work on /home/airflow/.local/lib/python3.7/site-packages/airflow/example_dags/example_latest_only_with_trigger.py
[2022-03-28 07:20:42,238] {processor.py:642} INFO - Processing file /home/airflow/.local/lib/python3.7/site-packages/airflow/example_dags/example_latest_only_with_trigger.py for tasks to queue
[2022-03-28 07:20:42,239] {logging_mixin.py:109} INFO - [2022-03-28 07:20:42,239] {dagbag.py:500} INFO - Filling up the DagBag from /home/airflow/.local/lib/python3.7/site-packages/airflow/example_dags/example_latest_only_with_trigger.py
[2022-03-28 07:20:42,275] {processor.py:654} INFO - DAG(s) dict_keys(['latest_only_with_trigger']) retrieved from /home/airflow/.local/lib/python3.7/site-packages/airflow/example_dags/example_latest_only_with_trigger.py
[2022-03-28 07:20:42,287] {logging_mixin.py:109} INFO - [2022-03-28 07:20:42,287] {dag.py:2398} INFO - Sync 1 DAGs
[2022-03-28 07:20:42,304] {logging_mixin.py:109} INFO - [2022-03-28 07:20:42,304] {dag.py:2937} INFO - Setting next_dagrun for latest_only_with_trigger to 2022-03-28T03:20:42.304176+00:00
[2022-03-28 07:20:42,316] {processor.py:171} INFO - Processing /home/airflow/.local/lib/python3.7/site-packages/airflow/example_dags/example_latest_only_with_trigger.py took 0.082 seconds
[2022-03-28 07:21:12,853] {processor.py:163} INFO - Started process (PID=1757) to work on /home/airflow/.local/lib/python3.7/site-packages/airflow/example_dags/example_latest_only_with_trigger.py
[2022-03-28 07:21:12,854] {processor.py:642} INFO - Processing file /home/airflow/.local/lib/python3.7/site-packages/airflow/example_dags/example_latest_only_with_trigger.py for tasks to queue
[2022-03-28 07:21:12,855] {logging_mixin.py:109} INFO - [2022-03-28 07:21:12,855] {dagbag.py:500} INFO - Filling up the DagBag from /home/airflow/.local/lib/python3.7/site-packages/airflow/example_dags/example_latest_only_with_trigger.py
[2022-03-28 07:21:12,899] {processor.py:654} INFO - DAG(s) dict_keys(['latest_only_with_trigger']) retrieved from /home/airflow/.local/lib/python3.7/site-packages/airflow/example_dags/example_latest_only_with_trigger.py
[2022-03-28 07:21:12,914] {logging_mixin.py:109} INFO - [2022-03-28 07:21:12,914] {dag.py:2398} INFO - Sync 1 DAGs
[2022-03-28 07:21:12,933] {logging_mixin.py:109} INFO - [2022-03-28 07:21:12,933] {dag.py:2937} INFO - Setting next_dagrun for latest_only_with_trigger to 2022-03-28T03:21:12.933482+00:00
[2022-03-28 07:21:12,946] {processor.py:171} INFO - Processing /home/airflow/.local/lib/python3.7/site-packages/airflow/example_dags/example_latest_only_with_trigger.py took 0.096 seconds
[2022-03-28 07:21:43,093] {processor.py:163} INFO - Started process (PID=1808) to work on /home/airflow/.local/lib/python3.7/site-packages/airflow/example_dags/example_latest_only_with_trigger.py
[2022-03-28 07:21:43,094] {processor.py:642} INFO - Processing file /home/airflow/.local/lib/python3.7/site-packages/airflow/example_dags/example_latest_only_with_trigger.py for tasks to queue
[2022-03-28 07:21:43,095] {logging_mixin.py:109} INFO - [2022-03-28 07:21:43,095] {dagbag.py:500} INFO - Filling up the DagBag from /home/airflow/.local/lib/python3.7/site-packages/airflow/example_dags/example_latest_only_with_trigger.py
[2022-03-28 07:21:43,121] {processor.py:654} INFO - DAG(s) dict_keys(['latest_only_with_trigger']) retrieved from /home/airflow/.local/lib/python3.7/site-packages/airflow/example_dags/example_latest_only_with_trigger.py
[2022-03-28 07:21:43,131] {logging_mixin.py:109} INFO - [2022-03-28 07:21:43,131] {dag.py:2398} INFO - Sync 1 DAGs
[2022-03-28 07:21:43,145] {logging_mixin.py:109} INFO - [2022-03-28 07:21:43,145] {dag.py:2937} INFO - Setting next_dagrun for latest_only_with_trigger to 2022-03-28T03:21:43.145123+00:00
[2022-03-28 07:21:43,154] {processor.py:171} INFO - Processing /home/airflow/.local/lib/python3.7/site-packages/airflow/example_dags/example_latest_only_with_trigger.py took 0.064 seconds
[2022-03-28 07:22:13,252] {processor.py:163} INFO - Started process (PID=1858) to work on /home/airflow/.local/lib/python3.7/site-packages/airflow/example_dags/example_latest_only_with_trigger.py
[2022-03-28 07:22:13,254] {processor.py:642} INFO - Processing file /home/airflow/.local/lib/python3.7/site-packages/airflow/example_dags/example_latest_only_with_trigger.py for tasks to queue
[2022-03-28 07:22:13,256] {logging_mixin.py:109} INFO - [2022-03-28 07:22:13,256] {dagbag.py:500} INFO - Filling up the DagBag from /home/airflow/.local/lib/python3.7/site-packages/airflow/example_dags/example_latest_only_with_trigger.py
[2022-03-28 07:22:13,333] {processor.py:654} INFO - DAG(s) dict_keys(['latest_only_with_trigger']) retrieved from /home/airflow/.local/lib/python3.7/site-packages/airflow/example_dags/example_latest_only_with_trigger.py
[2022-03-28 07:22:13,353] {logging_mixin.py:109} INFO - [2022-03-28 07:22:13,353] {dag.py:2398} INFO - Sync 1 DAGs
[2022-03-28 07:22:13,406] {logging_mixin.py:109} INFO - [2022-03-28 07:22:13,406] {dag.py:2937} INFO - Setting next_dagrun for latest_only_with_trigger to 2022-03-28T03:22:13.406113+00:00
[2022-03-28 07:22:13,421] {processor.py:171} INFO - Processing /home/airflow/.local/lib/python3.7/site-packages/airflow/example_dags/example_latest_only_with_trigger.py took 0.174 seconds
[2022-03-28 07:22:43,838] {processor.py:163} INFO - Started process (PID=1919) to work on /home/airflow/.local/lib/python3.7/site-packages/airflow/example_dags/example_latest_only_with_trigger.py
[2022-03-28 07:22:43,839] {processor.py:642} INFO - Processing file /home/airflow/.local/lib/python3.7/site-packages/airflow/example_dags/example_latest_only_with_trigger.py for tasks to queue
[2022-03-28 07:22:43,840] {logging_mixin.py:109} INFO - [2022-03-28 07:22:43,840] {dagbag.py:500} INFO - Filling up the DagBag from /home/airflow/.local/lib/python3.7/site-packages/airflow/example_dags/example_latest_only_with_trigger.py
[2022-03-28 07:22:43,878] {processor.py:654} INFO - DAG(s) dict_keys(['latest_only_with_trigger']) retrieved from /home/airflow/.local/lib/python3.7/site-packages/airflow/example_dags/example_latest_only_with_trigger.py
[2022-03-28 07:22:43,894] {logging_mixin.py:109} INFO - [2022-03-28 07:22:43,894] {dag.py:2398} INFO - Sync 1 DAGs
[2022-03-28 07:22:43,917] {logging_mixin.py:109} INFO - [2022-03-28 07:22:43,917] {dag.py:2937} INFO - Setting next_dagrun for latest_only_with_trigger to 2022-03-28T03:22:43.916772+00:00
[2022-03-28 07:22:43,930] {processor.py:171} INFO - Processing /home/airflow/.local/lib/python3.7/site-packages/airflow/example_dags/example_latest_only_with_trigger.py took 0.097 seconds
[2022-03-28 07:23:14,250] {processor.py:163} INFO - Started process (PID=1969) to work on /home/airflow/.local/lib/python3.7/site-packages/airflow/example_dags/example_latest_only_with_trigger.py
[2022-03-28 07:23:14,252] {processor.py:642} INFO - Processing file /home/airflow/.local/lib/python3.7/site-packages/airflow/example_dags/example_latest_only_with_trigger.py for tasks to queue
[2022-03-28 07:23:14,253] {logging_mixin.py:109} INFO - [2022-03-28 07:23:14,253] {dagbag.py:500} INFO - Filling up the DagBag from /home/airflow/.local/lib/python3.7/site-packages/airflow/example_dags/example_latest_only_with_trigger.py
[2022-03-28 07:23:14,292] {processor.py:654} INFO - DAG(s) dict_keys(['latest_only_with_trigger']) retrieved from /home/airflow/.local/lib/python3.7/site-packages/airflow/example_dags/example_latest_only_with_trigger.py
[2022-03-28 07:23:14,306] {logging_mixin.py:109} INFO - [2022-03-28 07:23:14,306] {dag.py:2398} INFO - Sync 1 DAGs
[2022-03-28 07:23:14,325] {logging_mixin.py:109} INFO - [2022-03-28 07:23:14,325] {dag.py:2937} INFO - Setting next_dagrun for latest_only_with_trigger to 2022-03-28T03:23:14.325217+00:00
[2022-03-28 07:23:14,337] {processor.py:171} INFO - Processing /home/airflow/.local/lib/python3.7/site-packages/airflow/example_dags/example_latest_only_with_trigger.py took 0.090 seconds
[2022-03-28 07:23:44,985] {processor.py:163} INFO - Started process (PID=2021) to work on /home/airflow/.local/lib/python3.7/site-packages/airflow/example_dags/example_latest_only_with_trigger.py
[2022-03-28 07:23:44,988] {processor.py:642} INFO - Processing file /home/airflow/.local/lib/python3.7/site-packages/airflow/example_dags/example_latest_only_with_trigger.py for tasks to queue
[2022-03-28 07:23:44,989] {logging_mixin.py:109} INFO - [2022-03-28 07:23:44,989] {dagbag.py:500} INFO - Filling up the DagBag from /home/airflow/.local/lib/python3.7/site-packages/airflow/example_dags/example_latest_only_with_trigger.py
[2022-03-28 07:23:45,039] {processor.py:654} INFO - DAG(s) dict_keys(['latest_only_with_trigger']) retrieved from /home/airflow/.local/lib/python3.7/site-packages/airflow/example_dags/example_latest_only_with_trigger.py
[2022-03-28 07:23:45,054] {logging_mixin.py:109} INFO - [2022-03-28 07:23:45,054] {dag.py:2398} INFO - Sync 1 DAGs
[2022-03-28 07:23:45,077] {logging_mixin.py:109} INFO - [2022-03-28 07:23:45,077] {dag.py:2937} INFO - Setting next_dagrun for latest_only_with_trigger to 2022-03-28T03:23:45.077058+00:00
[2022-03-28 07:23:45,090] {processor.py:171} INFO - Processing /home/airflow/.local/lib/python3.7/site-packages/airflow/example_dags/example_latest_only_with_trigger.py took 0.110 seconds
[2022-03-28 07:24:15,572] {processor.py:163} INFO - Started process (PID=2073) to work on /home/airflow/.local/lib/python3.7/site-packages/airflow/example_dags/example_latest_only_with_trigger.py
[2022-03-28 07:24:15,574] {processor.py:642} INFO - Processing file /home/airflow/.local/lib/python3.7/site-packages/airflow/example_dags/example_latest_only_with_trigger.py for tasks to queue
[2022-03-28 07:24:15,575] {logging_mixin.py:109} INFO - [2022-03-28 07:24:15,575] {dagbag.py:500} INFO - Filling up the DagBag from /home/airflow/.local/lib/python3.7/site-packages/airflow/example_dags/example_latest_only_with_trigger.py
[2022-03-28 07:24:15,615] {processor.py:654} INFO - DAG(s) dict_keys(['latest_only_with_trigger']) retrieved from /home/airflow/.local/lib/python3.7/site-packages/airflow/example_dags/example_latest_only_with_trigger.py
[2022-03-28 07:24:15,629] {logging_mixin.py:109} INFO - [2022-03-28 07:24:15,629] {dag.py:2398} INFO - Sync 1 DAGs
[2022-03-28 07:24:15,655] {logging_mixin.py:109} INFO - [2022-03-28 07:24:15,655] {dag.py:2937} INFO - Setting next_dagrun for latest_only_with_trigger to 2022-03-28T03:24:15.654632+00:00
[2022-03-28 07:24:15,669] {processor.py:171} INFO - Processing /home/airflow/.local/lib/python3.7/site-packages/airflow/example_dags/example_latest_only_with_trigger.py took 0.101 seconds
[2022-03-28 07:24:45,795] {processor.py:163} INFO - Started process (PID=2124) to work on /home/airflow/.local/lib/python3.7/site-packages/airflow/example_dags/example_latest_only_with_trigger.py
[2022-03-28 07:24:45,798] {processor.py:642} INFO - Processing file /home/airflow/.local/lib/python3.7/site-packages/airflow/example_dags/example_latest_only_with_trigger.py for tasks to queue
[2022-03-28 07:24:45,800] {logging_mixin.py:109} INFO - [2022-03-28 07:24:45,800] {dagbag.py:500} INFO - Filling up the DagBag from /home/airflow/.local/lib/python3.7/site-packages/airflow/example_dags/example_latest_only_with_trigger.py
[2022-03-28 07:24:45,848] {processor.py:654} INFO - DAG(s) dict_keys(['latest_only_with_trigger']) retrieved from /home/airflow/.local/lib/python3.7/site-packages/airflow/example_dags/example_latest_only_with_trigger.py
[2022-03-28 07:24:45,861] {logging_mixin.py:109} INFO - [2022-03-28 07:24:45,860] {dag.py:2398} INFO - Sync 1 DAGs
[2022-03-28 07:24:45,881] {logging_mixin.py:109} INFO - [2022-03-28 07:24:45,880] {dag.py:2937} INFO - Setting next_dagrun for latest_only_with_trigger to 2022-03-28T03:24:45.880467+00:00
[2022-03-28 07:24:45,895] {processor.py:171} INFO - Processing /home/airflow/.local/lib/python3.7/site-packages/airflow/example_dags/example_latest_only_with_trigger.py took 0.105 seconds
[2022-03-28 07:25:16,883] {processor.py:163} INFO - Started process (PID=2185) to work on /home/airflow/.local/lib/python3.7/site-packages/airflow/example_dags/example_latest_only_with_trigger.py
[2022-03-28 07:25:16,884] {processor.py:642} INFO - Processing file /home/airflow/.local/lib/python3.7/site-packages/airflow/example_dags/example_latest_only_with_trigger.py for tasks to queue
[2022-03-28 07:25:16,885] {logging_mixin.py:109} INFO - [2022-03-28 07:25:16,885] {dagbag.py:500} INFO - Filling up the DagBag from /home/airflow/.local/lib/python3.7/site-packages/airflow/example_dags/example_latest_only_with_trigger.py
[2022-03-28 07:25:16,909] {processor.py:654} INFO - DAG(s) dict_keys(['latest_only_with_trigger']) retrieved from /home/airflow/.local/lib/python3.7/site-packages/airflow/example_dags/example_latest_only_with_trigger.py
[2022-03-28 07:25:16,917] {logging_mixin.py:109} INFO - [2022-03-28 07:25:16,917] {dag.py:2398} INFO - Sync 1 DAGs
[2022-03-28 07:25:16,930] {logging_mixin.py:109} INFO - [2022-03-28 07:25:16,930] {dag.py:2937} INFO - Setting next_dagrun for latest_only_with_trigger to 2022-03-28T03:25:16.929821+00:00
[2022-03-28 07:25:16,939] {processor.py:171} INFO - Processing /home/airflow/.local/lib/python3.7/site-packages/airflow/example_dags/example_latest_only_with_trigger.py took 0.058 seconds
[2022-03-28 07:25:47,021] {processor.py:163} INFO - Started process (PID=2236) to work on /home/airflow/.local/lib/python3.7/site-packages/airflow/example_dags/example_latest_only_with_trigger.py
[2022-03-28 07:25:47,022] {processor.py:642} INFO - Processing file /home/airflow/.local/lib/python3.7/site-packages/airflow/example_dags/example_latest_only_with_trigger.py for tasks to queue
[2022-03-28 07:25:47,023] {logging_mixin.py:109} INFO - [2022-03-28 07:25:47,023] {dagbag.py:500} INFO - Filling up the DagBag from /home/airflow/.local/lib/python3.7/site-packages/airflow/example_dags/example_latest_only_with_trigger.py
[2022-03-28 07:25:47,045] {processor.py:654} INFO - DAG(s) dict_keys(['latest_only_with_trigger']) retrieved from /home/airflow/.local/lib/python3.7/site-packages/airflow/example_dags/example_latest_only_with_trigger.py
[2022-03-28 07:25:47,053] {logging_mixin.py:109} INFO - [2022-03-28 07:25:47,053] {dag.py:2398} INFO - Sync 1 DAGs
[2022-03-28 07:25:47,065] {logging_mixin.py:109} INFO - [2022-03-28 07:25:47,065] {dag.py:2937} INFO - Setting next_dagrun for latest_only_with_trigger to 2022-03-28T03:25:47.065221+00:00
[2022-03-28 07:25:47,074] {processor.py:171} INFO - Processing /home/airflow/.local/lib/python3.7/site-packages/airflow/example_dags/example_latest_only_with_trigger.py took 0.055 seconds
[2022-03-28 07:26:17,792] {processor.py:163} INFO - Started process (PID=2287) to work on /home/airflow/.local/lib/python3.7/site-packages/airflow/example_dags/example_latest_only_with_trigger.py
[2022-03-28 07:26:17,794] {processor.py:642} INFO - Processing file /home/airflow/.local/lib/python3.7/site-packages/airflow/example_dags/example_latest_only_with_trigger.py for tasks to queue
[2022-03-28 07:26:17,795] {logging_mixin.py:109} INFO - [2022-03-28 07:26:17,795] {dagbag.py:500} INFO - Filling up the DagBag from /home/airflow/.local/lib/python3.7/site-packages/airflow/example_dags/example_latest_only_with_trigger.py
[2022-03-28 07:26:17,828] {processor.py:654} INFO - DAG(s) dict_keys(['latest_only_with_trigger']) retrieved from /home/airflow/.local/lib/python3.7/site-packages/airflow/example_dags/example_latest_only_with_trigger.py
[2022-03-28 07:26:17,838] {logging_mixin.py:109} INFO - [2022-03-28 07:26:17,838] {dag.py:2398} INFO - Sync 1 DAGs
[2022-03-28 07:26:17,851] {logging_mixin.py:109} INFO - [2022-03-28 07:26:17,851] {dag.py:2937} INFO - Setting next_dagrun for latest_only_with_trigger to 2022-03-28T03:26:17.850931+00:00
[2022-03-28 07:26:17,859] {processor.py:171} INFO - Processing /home/airflow/.local/lib/python3.7/site-packages/airflow/example_dags/example_latest_only_with_trigger.py took 0.072 seconds
[2022-03-28 07:26:48,555] {processor.py:163} INFO - Started process (PID=2348) to work on /home/airflow/.local/lib/python3.7/site-packages/airflow/example_dags/example_latest_only_with_trigger.py
[2022-03-28 07:26:48,556] {processor.py:642} INFO - Processing file /home/airflow/.local/lib/python3.7/site-packages/airflow/example_dags/example_latest_only_with_trigger.py for tasks to queue
[2022-03-28 07:26:48,557] {logging_mixin.py:109} INFO - [2022-03-28 07:26:48,557] {dagbag.py:500} INFO - Filling up the DagBag from /home/airflow/.local/lib/python3.7/site-packages/airflow/example_dags/example_latest_only_with_trigger.py
[2022-03-28 07:26:48,582] {processor.py:654} INFO - DAG(s) dict_keys(['latest_only_with_trigger']) retrieved from /home/airflow/.local/lib/python3.7/site-packages/airflow/example_dags/example_latest_only_with_trigger.py
[2022-03-28 07:26:48,590] {logging_mixin.py:109} INFO - [2022-03-28 07:26:48,590] {dag.py:2398} INFO - Sync 1 DAGs
[2022-03-28 07:26:48,603] {logging_mixin.py:109} INFO - [2022-03-28 07:26:48,603] {dag.py:2937} INFO - Setting next_dagrun for latest_only_with_trigger to 2022-03-28T03:26:48.603506+00:00
[2022-03-28 07:26:48,613] {processor.py:171} INFO - Processing /home/airflow/.local/lib/python3.7/site-packages/airflow/example_dags/example_latest_only_with_trigger.py took 0.060 seconds
[2022-03-28 07:27:19,141] {processor.py:163} INFO - Started process (PID=2399) to work on /home/airflow/.local/lib/python3.7/site-packages/airflow/example_dags/example_latest_only_with_trigger.py
[2022-03-28 07:27:19,142] {processor.py:642} INFO - Processing file /home/airflow/.local/lib/python3.7/site-packages/airflow/example_dags/example_latest_only_with_trigger.py for tasks to queue
[2022-03-28 07:27:19,143] {logging_mixin.py:109} INFO - [2022-03-28 07:27:19,143] {dagbag.py:500} INFO - Filling up the DagBag from /home/airflow/.local/lib/python3.7/site-packages/airflow/example_dags/example_latest_only_with_trigger.py
[2022-03-28 07:27:19,166] {processor.py:654} INFO - DAG(s) dict_keys(['latest_only_with_trigger']) retrieved from /home/airflow/.local/lib/python3.7/site-packages/airflow/example_dags/example_latest_only_with_trigger.py
[2022-03-28 07:27:19,174] {logging_mixin.py:109} INFO - [2022-03-28 07:27:19,174] {dag.py:2398} INFO - Sync 1 DAGs
[2022-03-28 07:27:19,188] {logging_mixin.py:109} INFO - [2022-03-28 07:27:19,188] {dag.py:2937} INFO - Setting next_dagrun for latest_only_with_trigger to 2022-03-28T03:27:19.187984+00:00
[2022-03-28 07:27:19,197] {processor.py:171} INFO - Processing /home/airflow/.local/lib/python3.7/site-packages/airflow/example_dags/example_latest_only_with_trigger.py took 0.057 seconds
[2022-03-28 07:27:49,929] {processor.py:163} INFO - Started process (PID=2460) to work on /home/airflow/.local/lib/python3.7/site-packages/airflow/example_dags/example_latest_only_with_trigger.py
[2022-03-28 07:27:49,930] {processor.py:642} INFO - Processing file /home/airflow/.local/lib/python3.7/site-packages/airflow/example_dags/example_latest_only_with_trigger.py for tasks to queue
[2022-03-28 07:27:49,931] {logging_mixin.py:109} INFO - [2022-03-28 07:27:49,931] {dagbag.py:500} INFO - Filling up the DagBag from /home/airflow/.local/lib/python3.7/site-packages/airflow/example_dags/example_latest_only_with_trigger.py
[2022-03-28 07:27:49,967] {processor.py:654} INFO - DAG(s) dict_keys(['latest_only_with_trigger']) retrieved from /home/airflow/.local/lib/python3.7/site-packages/airflow/example_dags/example_latest_only_with_trigger.py
[2022-03-28 07:27:49,977] {logging_mixin.py:109} INFO - [2022-03-28 07:27:49,977] {dag.py:2398} INFO - Sync 1 DAGs
[2022-03-28 07:27:49,991] {logging_mixin.py:109} INFO - [2022-03-28 07:27:49,991] {dag.py:2937} INFO - Setting next_dagrun for latest_only_with_trigger to 2022-03-28T03:27:49.991095+00:00
[2022-03-28 07:27:49,998] {processor.py:171} INFO - Processing /home/airflow/.local/lib/python3.7/site-packages/airflow/example_dags/example_latest_only_with_trigger.py took 0.072 seconds
[2022-03-28 07:28:20,474] {processor.py:163} INFO - Started process (PID=2510) to work on /home/airflow/.local/lib/python3.7/site-packages/airflow/example_dags/example_latest_only_with_trigger.py
[2022-03-28 07:28:20,475] {processor.py:642} INFO - Processing file /home/airflow/.local/lib/python3.7/site-packages/airflow/example_dags/example_latest_only_with_trigger.py for tasks to queue
[2022-03-28 07:28:20,476] {logging_mixin.py:109} INFO - [2022-03-28 07:28:20,476] {dagbag.py:500} INFO - Filling up the DagBag from /home/airflow/.local/lib/python3.7/site-packages/airflow/example_dags/example_latest_only_with_trigger.py
[2022-03-28 07:28:20,499] {processor.py:654} INFO - DAG(s) dict_keys(['latest_only_with_trigger']) retrieved from /home/airflow/.local/lib/python3.7/site-packages/airflow/example_dags/example_latest_only_with_trigger.py
[2022-03-28 07:28:20,509] {logging_mixin.py:109} INFO - [2022-03-28 07:28:20,508] {dag.py:2398} INFO - Sync 1 DAGs
[2022-03-28 07:28:20,522] {logging_mixin.py:109} INFO - [2022-03-28 07:28:20,522] {dag.py:2937} INFO - Setting next_dagrun for latest_only_with_trigger to 2022-03-28T03:28:20.522145+00:00
[2022-03-28 07:28:20,530] {processor.py:171} INFO - Processing /home/airflow/.local/lib/python3.7/site-packages/airflow/example_dags/example_latest_only_with_trigger.py took 0.059 seconds
[2022-03-28 07:28:51,204] {processor.py:163} INFO - Started process (PID=2570) to work on /home/airflow/.local/lib/python3.7/site-packages/airflow/example_dags/example_latest_only_with_trigger.py
[2022-03-28 07:28:51,206] {processor.py:642} INFO - Processing file /home/airflow/.local/lib/python3.7/site-packages/airflow/example_dags/example_latest_only_with_trigger.py for tasks to queue
[2022-03-28 07:28:51,206] {logging_mixin.py:109} INFO - [2022-03-28 07:28:51,206] {dagbag.py:500} INFO - Filling up the DagBag from /home/airflow/.local/lib/python3.7/site-packages/airflow/example_dags/example_latest_only_with_trigger.py
[2022-03-28 07:28:51,238] {processor.py:654} INFO - DAG(s) dict_keys(['latest_only_with_trigger']) retrieved from /home/airflow/.local/lib/python3.7/site-packages/airflow/example_dags/example_latest_only_with_trigger.py
[2022-03-28 07:28:51,250] {logging_mixin.py:109} INFO - [2022-03-28 07:28:51,249] {dag.py:2398} INFO - Sync 1 DAGs
[2022-03-28 07:28:51,267] {logging_mixin.py:109} INFO - [2022-03-28 07:28:51,267] {dag.py:2937} INFO - Setting next_dagrun for latest_only_with_trigger to 2022-03-28T03:28:51.267121+00:00
[2022-03-28 07:28:51,276] {processor.py:171} INFO - Processing /home/airflow/.local/lib/python3.7/site-packages/airflow/example_dags/example_latest_only_with_trigger.py took 0.075 seconds
[2022-03-28 07:29:22,028] {processor.py:163} INFO - Started process (PID=2623) to work on /home/airflow/.local/lib/python3.7/site-packages/airflow/example_dags/example_latest_only_with_trigger.py
[2022-03-28 07:29:22,029] {processor.py:642} INFO - Processing file /home/airflow/.local/lib/python3.7/site-packages/airflow/example_dags/example_latest_only_with_trigger.py for tasks to queue
[2022-03-28 07:29:22,029] {logging_mixin.py:109} INFO - [2022-03-28 07:29:22,029] {dagbag.py:500} INFO - Filling up the DagBag from /home/airflow/.local/lib/python3.7/site-packages/airflow/example_dags/example_latest_only_with_trigger.py
[2022-03-28 07:29:22,052] {processor.py:654} INFO - DAG(s) dict_keys(['latest_only_with_trigger']) retrieved from /home/airflow/.local/lib/python3.7/site-packages/airflow/example_dags/example_latest_only_with_trigger.py
[2022-03-28 07:29:22,060] {logging_mixin.py:109} INFO - [2022-03-28 07:29:22,060] {dag.py:2398} INFO - Sync 1 DAGs
[2022-03-28 07:29:22,072] {logging_mixin.py:109} INFO - [2022-03-28 07:29:22,071] {dag.py:2937} INFO - Setting next_dagrun for latest_only_with_trigger to 2022-03-28T03:29:22.071733+00:00
[2022-03-28 07:29:22,081] {processor.py:171} INFO - Processing /home/airflow/.local/lib/python3.7/site-packages/airflow/example_dags/example_latest_only_with_trigger.py took 0.056 seconds
[2022-03-28 07:29:52,709] {processor.py:163} INFO - Started process (PID=2675) to work on /home/airflow/.local/lib/python3.7/site-packages/airflow/example_dags/example_latest_only_with_trigger.py
[2022-03-28 07:29:52,711] {processor.py:642} INFO - Processing file /home/airflow/.local/lib/python3.7/site-packages/airflow/example_dags/example_latest_only_with_trigger.py for tasks to queue
[2022-03-28 07:29:52,711] {logging_mixin.py:109} INFO - [2022-03-28 07:29:52,711] {dagbag.py:500} INFO - Filling up the DagBag from /home/airflow/.local/lib/python3.7/site-packages/airflow/example_dags/example_latest_only_with_trigger.py
[2022-03-28 07:29:52,735] {processor.py:654} INFO - DAG(s) dict_keys(['latest_only_with_trigger']) retrieved from /home/airflow/.local/lib/python3.7/site-packages/airflow/example_dags/example_latest_only_with_trigger.py
[2022-03-28 07:29:52,744] {logging_mixin.py:109} INFO - [2022-03-28 07:29:52,744] {dag.py:2398} INFO - Sync 1 DAGs
[2022-03-28 07:29:52,756] {logging_mixin.py:109} INFO - [2022-03-28 07:29:52,756] {dag.py:2937} INFO - Setting next_dagrun for latest_only_with_trigger to 2022-03-28T03:29:52.756287+00:00
[2022-03-28 07:29:52,767] {processor.py:171} INFO - Processing /home/airflow/.local/lib/python3.7/site-packages/airflow/example_dags/example_latest_only_with_trigger.py took 0.060 seconds
[2022-03-28 07:30:23,379] {processor.py:163} INFO - Started process (PID=2736) to work on /home/airflow/.local/lib/python3.7/site-packages/airflow/example_dags/example_latest_only_with_trigger.py
[2022-03-28 07:30:23,381] {processor.py:642} INFO - Processing file /home/airflow/.local/lib/python3.7/site-packages/airflow/example_dags/example_latest_only_with_trigger.py for tasks to queue
[2022-03-28 07:30:23,382] {logging_mixin.py:109} INFO - [2022-03-28 07:30:23,381] {dagbag.py:500} INFO - Filling up the DagBag from /home/airflow/.local/lib/python3.7/site-packages/airflow/example_dags/example_latest_only_with_trigger.py
[2022-03-28 07:30:23,414] {processor.py:654} INFO - DAG(s) dict_keys(['latest_only_with_trigger']) retrieved from /home/airflow/.local/lib/python3.7/site-packages/airflow/example_dags/example_latest_only_with_trigger.py
[2022-03-28 07:30:23,428] {logging_mixin.py:109} INFO - [2022-03-28 07:30:23,428] {dag.py:2398} INFO - Sync 1 DAGs
[2022-03-28 07:30:23,445] {logging_mixin.py:109} INFO - [2022-03-28 07:30:23,445] {dag.py:2937} INFO - Setting next_dagrun for latest_only_with_trigger to 2022-03-28T03:30:23.445437+00:00
[2022-03-28 07:30:23,457] {processor.py:171} INFO - Processing /home/airflow/.local/lib/python3.7/site-packages/airflow/example_dags/example_latest_only_with_trigger.py took 0.081 seconds
[2022-03-28 07:30:53,603] {processor.py:163} INFO - Started process (PID=2787) to work on /home/airflow/.local/lib/python3.7/site-packages/airflow/example_dags/example_latest_only_with_trigger.py
[2022-03-28 07:30:53,605] {processor.py:642} INFO - Processing file /home/airflow/.local/lib/python3.7/site-packages/airflow/example_dags/example_latest_only_with_trigger.py for tasks to queue
[2022-03-28 07:30:53,605] {logging_mixin.py:109} INFO - [2022-03-28 07:30:53,605] {dagbag.py:500} INFO - Filling up the DagBag from /home/airflow/.local/lib/python3.7/site-packages/airflow/example_dags/example_latest_only_with_trigger.py
[2022-03-28 07:30:53,632] {processor.py:654} INFO - DAG(s) dict_keys(['latest_only_with_trigger']) retrieved from /home/airflow/.local/lib/python3.7/site-packages/airflow/example_dags/example_latest_only_with_trigger.py
[2022-03-28 07:30:53,641] {logging_mixin.py:109} INFO - [2022-03-28 07:30:53,641] {dag.py:2398} INFO - Sync 1 DAGs
[2022-03-28 07:30:53,659] {logging_mixin.py:109} INFO - [2022-03-28 07:30:53,658] {dag.py:2937} INFO - Setting next_dagrun for latest_only_with_trigger to 2022-03-28T03:30:53.658776+00:00
[2022-03-28 07:30:53,667] {processor.py:171} INFO - Processing /home/airflow/.local/lib/python3.7/site-packages/airflow/example_dags/example_latest_only_with_trigger.py took 0.068 seconds
[2022-03-28 07:31:23,910] {processor.py:163} INFO - Started process (PID=2838) to work on /home/airflow/.local/lib/python3.7/site-packages/airflow/example_dags/example_latest_only_with_trigger.py
[2022-03-28 07:31:23,911] {processor.py:642} INFO - Processing file /home/airflow/.local/lib/python3.7/site-packages/airflow/example_dags/example_latest_only_with_trigger.py for tasks to queue
[2022-03-28 07:31:23,912] {logging_mixin.py:109} INFO - [2022-03-28 07:31:23,912] {dagbag.py:500} INFO - Filling up the DagBag from /home/airflow/.local/lib/python3.7/site-packages/airflow/example_dags/example_latest_only_with_trigger.py
[2022-03-28 07:31:23,951] {processor.py:654} INFO - DAG(s) dict_keys(['latest_only_with_trigger']) retrieved from /home/airflow/.local/lib/python3.7/site-packages/airflow/example_dags/example_latest_only_with_trigger.py
[2022-03-28 07:31:23,965] {logging_mixin.py:109} INFO - [2022-03-28 07:31:23,965] {dag.py:2398} INFO - Sync 1 DAGs
[2022-03-28 07:31:23,990] {logging_mixin.py:109} INFO - [2022-03-28 07:31:23,990] {dag.py:2937} INFO - Setting next_dagrun for latest_only_with_trigger to 2022-03-28T03:31:23.990068+00:00
[2022-03-28 07:31:24,004] {processor.py:171} INFO - Processing /home/airflow/.local/lib/python3.7/site-packages/airflow/example_dags/example_latest_only_with_trigger.py took 0.096 seconds
[2022-03-28 07:31:54,203] {processor.py:163} INFO - Started process (PID=2890) to work on /home/airflow/.local/lib/python3.7/site-packages/airflow/example_dags/example_latest_only_with_trigger.py
[2022-03-28 07:31:54,204] {processor.py:642} INFO - Processing file /home/airflow/.local/lib/python3.7/site-packages/airflow/example_dags/example_latest_only_with_trigger.py for tasks to queue
[2022-03-28 07:31:54,205] {logging_mixin.py:109} INFO - [2022-03-28 07:31:54,205] {dagbag.py:500} INFO - Filling up the DagBag from /home/airflow/.local/lib/python3.7/site-packages/airflow/example_dags/example_latest_only_with_trigger.py
[2022-03-28 07:31:54,231] {processor.py:654} INFO - DAG(s) dict_keys(['latest_only_with_trigger']) retrieved from /home/airflow/.local/lib/python3.7/site-packages/airflow/example_dags/example_latest_only_with_trigger.py
[2022-03-28 07:31:54,242] {logging_mixin.py:109} INFO - [2022-03-28 07:31:54,242] {dag.py:2398} INFO - Sync 1 DAGs
[2022-03-28 07:31:54,258] {logging_mixin.py:109} INFO - [2022-03-28 07:31:54,258] {dag.py:2937} INFO - Setting next_dagrun for latest_only_with_trigger to 2022-03-28T03:31:54.258029+00:00
[2022-03-28 07:31:54,270] {processor.py:171} INFO - Processing /home/airflow/.local/lib/python3.7/site-packages/airflow/example_dags/example_latest_only_with_trigger.py took 0.070 seconds
[2022-03-28 07:32:25,072] {processor.py:163} INFO - Started process (PID=2950) to work on /home/airflow/.local/lib/python3.7/site-packages/airflow/example_dags/example_latest_only_with_trigger.py
[2022-03-28 07:32:25,073] {processor.py:642} INFO - Processing file /home/airflow/.local/lib/python3.7/site-packages/airflow/example_dags/example_latest_only_with_trigger.py for tasks to queue
[2022-03-28 07:32:25,074] {logging_mixin.py:109} INFO - [2022-03-28 07:32:25,074] {dagbag.py:500} INFO - Filling up the DagBag from /home/airflow/.local/lib/python3.7/site-packages/airflow/example_dags/example_latest_only_with_trigger.py
[2022-03-28 07:32:25,108] {processor.py:654} INFO - DAG(s) dict_keys(['latest_only_with_trigger']) retrieved from /home/airflow/.local/lib/python3.7/site-packages/airflow/example_dags/example_latest_only_with_trigger.py
[2022-03-28 07:32:25,120] {logging_mixin.py:109} INFO - [2022-03-28 07:32:25,120] {dag.py:2398} INFO - Sync 1 DAGs
[2022-03-28 07:32:25,141] {logging_mixin.py:109} INFO - [2022-03-28 07:32:25,140] {dag.py:2937} INFO - Setting next_dagrun for latest_only_with_trigger to 2022-03-28T03:32:25.140628+00:00
[2022-03-28 07:32:25,151] {processor.py:171} INFO - Processing /home/airflow/.local/lib/python3.7/site-packages/airflow/example_dags/example_latest_only_with_trigger.py took 0.082 seconds
