[2022-03-28 07:08:45,690] {processor.py:163} INFO - Started process (PID=242) to work on /home/airflow/.local/lib/python3.7/site-packages/airflow/example_dags/example_python_operator.py
[2022-03-28 07:08:45,691] {processor.py:642} INFO - Processing file /home/airflow/.local/lib/python3.7/site-packages/airflow/example_dags/example_python_operator.py for tasks to queue
[2022-03-28 07:08:45,692] {logging_mixin.py:109} INFO - [2022-03-28 07:08:45,692] {dagbag.py:500} INFO - Filling up the DagBag from /home/airflow/.local/lib/python3.7/site-packages/airflow/example_dags/example_python_operator.py
[2022-03-28 07:08:45,731] {processor.py:654} INFO - DAG(s) dict_keys(['example_python_operator']) retrieved from /home/airflow/.local/lib/python3.7/site-packages/airflow/example_dags/example_python_operator.py
[2022-03-28 07:08:47,979] {logging_mixin.py:109} INFO - [2022-03-28 07:08:47,979] {manager.py:496} INFO - Created Permission View: can read on DAG:example_python_operator
[2022-03-28 07:08:47,990] {logging_mixin.py:109} INFO - [2022-03-28 07:08:47,989] {manager.py:496} INFO - Created Permission View: can edit on DAG:example_python_operator
[2022-03-28 07:08:47,990] {logging_mixin.py:109} INFO - [2022-03-28 07:08:47,990] {dag.py:2398} INFO - Sync 1 DAGs
[2022-03-28 07:08:47,999] {logging_mixin.py:109} INFO - [2022-03-28 07:08:47,999] {dag.py:2417} INFO - Creating ORM DAG for example_python_operator
[2022-03-28 07:08:48,010] {logging_mixin.py:109} INFO - [2022-03-28 07:08:48,010] {dag.py:2937} INFO - Setting next_dagrun for example_python_operator to None
[2022-03-28 07:08:48,029] {processor.py:171} INFO - Processing /home/airflow/.local/lib/python3.7/site-packages/airflow/example_dags/example_python_operator.py took 2.341 seconds
[2022-03-28 07:09:18,629] {processor.py:163} INFO - Started process (PID=485) to work on /home/airflow/.local/lib/python3.7/site-packages/airflow/example_dags/example_python_operator.py
[2022-03-28 07:09:18,630] {processor.py:642} INFO - Processing file /home/airflow/.local/lib/python3.7/site-packages/airflow/example_dags/example_python_operator.py for tasks to queue
[2022-03-28 07:09:18,631] {logging_mixin.py:109} INFO - [2022-03-28 07:09:18,631] {dagbag.py:500} INFO - Filling up the DagBag from /home/airflow/.local/lib/python3.7/site-packages/airflow/example_dags/example_python_operator.py
[2022-03-28 07:09:18,665] {processor.py:654} INFO - DAG(s) dict_keys(['example_python_operator']) retrieved from /home/airflow/.local/lib/python3.7/site-packages/airflow/example_dags/example_python_operator.py
[2022-03-28 07:09:18,674] {logging_mixin.py:109} INFO - [2022-03-28 07:09:18,674] {dag.py:2398} INFO - Sync 1 DAGs
[2022-03-28 07:09:18,686] {logging_mixin.py:109} INFO - [2022-03-28 07:09:18,686] {dag.py:2937} INFO - Setting next_dagrun for example_python_operator to None
[2022-03-28 07:09:18,695] {processor.py:171} INFO - Processing /home/airflow/.local/lib/python3.7/site-packages/airflow/example_dags/example_python_operator.py took 0.069 seconds
[2022-03-28 07:09:49,301] {processor.py:163} INFO - Started process (PID=546) to work on /home/airflow/.local/lib/python3.7/site-packages/airflow/example_dags/example_python_operator.py
[2022-03-28 07:09:49,302] {processor.py:642} INFO - Processing file /home/airflow/.local/lib/python3.7/site-packages/airflow/example_dags/example_python_operator.py for tasks to queue
[2022-03-28 07:09:49,304] {logging_mixin.py:109} INFO - [2022-03-28 07:09:49,303] {dagbag.py:500} INFO - Filling up the DagBag from /home/airflow/.local/lib/python3.7/site-packages/airflow/example_dags/example_python_operator.py
[2022-03-28 07:09:49,339] {processor.py:654} INFO - DAG(s) dict_keys(['example_python_operator']) retrieved from /home/airflow/.local/lib/python3.7/site-packages/airflow/example_dags/example_python_operator.py
[2022-03-28 07:09:49,351] {logging_mixin.py:109} INFO - [2022-03-28 07:09:49,351] {dag.py:2398} INFO - Sync 1 DAGs
[2022-03-28 07:09:49,367] {logging_mixin.py:109} INFO - [2022-03-28 07:09:49,367] {dag.py:2937} INFO - Setting next_dagrun for example_python_operator to None
[2022-03-28 07:09:49,379] {processor.py:171} INFO - Processing /home/airflow/.local/lib/python3.7/site-packages/airflow/example_dags/example_python_operator.py took 0.080 seconds
[2022-03-28 07:10:19,910] {processor.py:163} INFO - Started process (PID=598) to work on /home/airflow/.local/lib/python3.7/site-packages/airflow/example_dags/example_python_operator.py
[2022-03-28 07:10:19,912] {processor.py:642} INFO - Processing file /home/airflow/.local/lib/python3.7/site-packages/airflow/example_dags/example_python_operator.py for tasks to queue
[2022-03-28 07:10:19,912] {logging_mixin.py:109} INFO - [2022-03-28 07:10:19,912] {dagbag.py:500} INFO - Filling up the DagBag from /home/airflow/.local/lib/python3.7/site-packages/airflow/example_dags/example_python_operator.py
[2022-03-28 07:10:19,952] {processor.py:654} INFO - DAG(s) dict_keys(['example_python_operator']) retrieved from /home/airflow/.local/lib/python3.7/site-packages/airflow/example_dags/example_python_operator.py
[2022-03-28 07:10:19,963] {logging_mixin.py:109} INFO - [2022-03-28 07:10:19,963] {dag.py:2398} INFO - Sync 1 DAGs
[2022-03-28 07:10:19,978] {logging_mixin.py:109} INFO - [2022-03-28 07:10:19,978] {dag.py:2937} INFO - Setting next_dagrun for example_python_operator to None
[2022-03-28 07:10:19,988] {processor.py:171} INFO - Processing /home/airflow/.local/lib/python3.7/site-packages/airflow/example_dags/example_python_operator.py took 0.080 seconds
[2022-03-28 07:10:50,625] {processor.py:163} INFO - Started process (PID=648) to work on /home/airflow/.local/lib/python3.7/site-packages/airflow/example_dags/example_python_operator.py
[2022-03-28 07:10:50,626] {processor.py:642} INFO - Processing file /home/airflow/.local/lib/python3.7/site-packages/airflow/example_dags/example_python_operator.py for tasks to queue
[2022-03-28 07:10:50,627] {logging_mixin.py:109} INFO - [2022-03-28 07:10:50,627] {dagbag.py:500} INFO - Filling up the DagBag from /home/airflow/.local/lib/python3.7/site-packages/airflow/example_dags/example_python_operator.py
[2022-03-28 07:10:50,659] {processor.py:654} INFO - DAG(s) dict_keys(['example_python_operator']) retrieved from /home/airflow/.local/lib/python3.7/site-packages/airflow/example_dags/example_python_operator.py
[2022-03-28 07:10:50,671] {logging_mixin.py:109} INFO - [2022-03-28 07:10:50,670] {dag.py:2398} INFO - Sync 1 DAGs
[2022-03-28 07:10:50,684] {logging_mixin.py:109} INFO - [2022-03-28 07:10:50,684] {dag.py:2937} INFO - Setting next_dagrun for example_python_operator to None
[2022-03-28 07:10:50,695] {processor.py:171} INFO - Processing /home/airflow/.local/lib/python3.7/site-packages/airflow/example_dags/example_python_operator.py took 0.074 seconds
[2022-03-28 07:11:21,010] {processor.py:163} INFO - Started process (PID=709) to work on /home/airflow/.local/lib/python3.7/site-packages/airflow/example_dags/example_python_operator.py
[2022-03-28 07:11:21,012] {processor.py:642} INFO - Processing file /home/airflow/.local/lib/python3.7/site-packages/airflow/example_dags/example_python_operator.py for tasks to queue
[2022-03-28 07:11:21,013] {logging_mixin.py:109} INFO - [2022-03-28 07:11:21,013] {dagbag.py:500} INFO - Filling up the DagBag from /home/airflow/.local/lib/python3.7/site-packages/airflow/example_dags/example_python_operator.py
[2022-03-28 07:11:21,049] {processor.py:654} INFO - DAG(s) dict_keys(['example_python_operator']) retrieved from /home/airflow/.local/lib/python3.7/site-packages/airflow/example_dags/example_python_operator.py
[2022-03-28 07:11:21,060] {logging_mixin.py:109} INFO - [2022-03-28 07:11:21,060] {dag.py:2398} INFO - Sync 1 DAGs
[2022-03-28 07:11:21,074] {logging_mixin.py:109} INFO - [2022-03-28 07:11:21,074] {dag.py:2937} INFO - Setting next_dagrun for example_python_operator to None
[2022-03-28 07:11:21,085] {processor.py:171} INFO - Processing /home/airflow/.local/lib/python3.7/site-packages/airflow/example_dags/example_python_operator.py took 0.078 seconds
[2022-03-28 07:11:51,461] {processor.py:163} INFO - Started process (PID=760) to work on /home/airflow/.local/lib/python3.7/site-packages/airflow/example_dags/example_python_operator.py
[2022-03-28 07:11:51,463] {processor.py:642} INFO - Processing file /home/airflow/.local/lib/python3.7/site-packages/airflow/example_dags/example_python_operator.py for tasks to queue
[2022-03-28 07:11:51,464] {logging_mixin.py:109} INFO - [2022-03-28 07:11:51,463] {dagbag.py:500} INFO - Filling up the DagBag from /home/airflow/.local/lib/python3.7/site-packages/airflow/example_dags/example_python_operator.py
[2022-03-28 07:11:51,508] {processor.py:654} INFO - DAG(s) dict_keys(['example_python_operator']) retrieved from /home/airflow/.local/lib/python3.7/site-packages/airflow/example_dags/example_python_operator.py
[2022-03-28 07:11:51,521] {logging_mixin.py:109} INFO - [2022-03-28 07:11:51,521] {dag.py:2398} INFO - Sync 1 DAGs
[2022-03-28 07:11:51,538] {logging_mixin.py:109} INFO - [2022-03-28 07:11:51,538] {dag.py:2937} INFO - Setting next_dagrun for example_python_operator to None
[2022-03-28 07:11:51,549] {processor.py:171} INFO - Processing /home/airflow/.local/lib/python3.7/site-packages/airflow/example_dags/example_python_operator.py took 0.091 seconds
[2022-03-28 07:12:21,990] {processor.py:163} INFO - Started process (PID=811) to work on /home/airflow/.local/lib/python3.7/site-packages/airflow/example_dags/example_python_operator.py
[2022-03-28 07:12:21,992] {processor.py:642} INFO - Processing file /home/airflow/.local/lib/python3.7/site-packages/airflow/example_dags/example_python_operator.py for tasks to queue
[2022-03-28 07:12:21,993] {logging_mixin.py:109} INFO - [2022-03-28 07:12:21,993] {dagbag.py:500} INFO - Filling up the DagBag from /home/airflow/.local/lib/python3.7/site-packages/airflow/example_dags/example_python_operator.py
[2022-03-28 07:12:22,024] {processor.py:654} INFO - DAG(s) dict_keys(['example_python_operator']) retrieved from /home/airflow/.local/lib/python3.7/site-packages/airflow/example_dags/example_python_operator.py
[2022-03-28 07:12:22,034] {logging_mixin.py:109} INFO - [2022-03-28 07:12:22,034] {dag.py:2398} INFO - Sync 1 DAGs
[2022-03-28 07:12:22,047] {logging_mixin.py:109} INFO - [2022-03-28 07:12:22,047] {dag.py:2937} INFO - Setting next_dagrun for example_python_operator to None
[2022-03-28 07:12:22,056] {processor.py:171} INFO - Processing /home/airflow/.local/lib/python3.7/site-packages/airflow/example_dags/example_python_operator.py took 0.068 seconds
[2022-03-28 07:12:52,584] {processor.py:163} INFO - Started process (PID=872) to work on /home/airflow/.local/lib/python3.7/site-packages/airflow/example_dags/example_python_operator.py
[2022-03-28 07:12:52,585] {processor.py:642} INFO - Processing file /home/airflow/.local/lib/python3.7/site-packages/airflow/example_dags/example_python_operator.py for tasks to queue
[2022-03-28 07:12:52,586] {logging_mixin.py:109} INFO - [2022-03-28 07:12:52,586] {dagbag.py:500} INFO - Filling up the DagBag from /home/airflow/.local/lib/python3.7/site-packages/airflow/example_dags/example_python_operator.py
[2022-03-28 07:12:52,628] {processor.py:654} INFO - DAG(s) dict_keys(['example_python_operator']) retrieved from /home/airflow/.local/lib/python3.7/site-packages/airflow/example_dags/example_python_operator.py
[2022-03-28 07:12:52,639] {logging_mixin.py:109} INFO - [2022-03-28 07:12:52,639] {dag.py:2398} INFO - Sync 1 DAGs
[2022-03-28 07:12:52,657] {logging_mixin.py:109} INFO - [2022-03-28 07:12:52,657] {dag.py:2937} INFO - Setting next_dagrun for example_python_operator to None
[2022-03-28 07:12:52,668] {processor.py:171} INFO - Processing /home/airflow/.local/lib/python3.7/site-packages/airflow/example_dags/example_python_operator.py took 0.089 seconds
[2022-03-28 07:13:23,055] {processor.py:163} INFO - Started process (PID=922) to work on /home/airflow/.local/lib/python3.7/site-packages/airflow/example_dags/example_python_operator.py
[2022-03-28 07:13:23,056] {processor.py:642} INFO - Processing file /home/airflow/.local/lib/python3.7/site-packages/airflow/example_dags/example_python_operator.py for tasks to queue
[2022-03-28 07:13:23,057] {logging_mixin.py:109} INFO - [2022-03-28 07:13:23,057] {dagbag.py:500} INFO - Filling up the DagBag from /home/airflow/.local/lib/python3.7/site-packages/airflow/example_dags/example_python_operator.py
[2022-03-28 07:13:23,086] {processor.py:654} INFO - DAG(s) dict_keys(['example_python_operator']) retrieved from /home/airflow/.local/lib/python3.7/site-packages/airflow/example_dags/example_python_operator.py
[2022-03-28 07:13:23,097] {logging_mixin.py:109} INFO - [2022-03-28 07:13:23,097] {dag.py:2398} INFO - Sync 1 DAGs
[2022-03-28 07:13:23,111] {logging_mixin.py:109} INFO - [2022-03-28 07:13:23,111] {dag.py:2937} INFO - Setting next_dagrun for example_python_operator to None
[2022-03-28 07:13:23,121] {processor.py:171} INFO - Processing /home/airflow/.local/lib/python3.7/site-packages/airflow/example_dags/example_python_operator.py took 0.068 seconds
[2022-03-28 07:13:53,591] {processor.py:163} INFO - Started process (PID=973) to work on /home/airflow/.local/lib/python3.7/site-packages/airflow/example_dags/example_python_operator.py
[2022-03-28 07:13:53,592] {processor.py:642} INFO - Processing file /home/airflow/.local/lib/python3.7/site-packages/airflow/example_dags/example_python_operator.py for tasks to queue
[2022-03-28 07:13:53,593] {logging_mixin.py:109} INFO - [2022-03-28 07:13:53,593] {dagbag.py:500} INFO - Filling up the DagBag from /home/airflow/.local/lib/python3.7/site-packages/airflow/example_dags/example_python_operator.py
[2022-03-28 07:13:53,637] {processor.py:654} INFO - DAG(s) dict_keys(['example_python_operator']) retrieved from /home/airflow/.local/lib/python3.7/site-packages/airflow/example_dags/example_python_operator.py
[2022-03-28 07:13:53,649] {logging_mixin.py:109} INFO - [2022-03-28 07:13:53,649] {dag.py:2398} INFO - Sync 1 DAGs
[2022-03-28 07:13:53,664] {logging_mixin.py:109} INFO - [2022-03-28 07:13:53,664] {dag.py:2937} INFO - Setting next_dagrun for example_python_operator to None
[2022-03-28 07:13:53,674] {processor.py:171} INFO - Processing /home/airflow/.local/lib/python3.7/site-packages/airflow/example_dags/example_python_operator.py took 0.086 seconds
[2022-03-28 07:14:24,167] {processor.py:163} INFO - Started process (PID=1034) to work on /home/airflow/.local/lib/python3.7/site-packages/airflow/example_dags/example_python_operator.py
[2022-03-28 07:14:24,168] {processor.py:642} INFO - Processing file /home/airflow/.local/lib/python3.7/site-packages/airflow/example_dags/example_python_operator.py for tasks to queue
[2022-03-28 07:14:24,169] {logging_mixin.py:109} INFO - [2022-03-28 07:14:24,169] {dagbag.py:500} INFO - Filling up the DagBag from /home/airflow/.local/lib/python3.7/site-packages/airflow/example_dags/example_python_operator.py
[2022-03-28 07:14:24,206] {processor.py:654} INFO - DAG(s) dict_keys(['example_python_operator']) retrieved from /home/airflow/.local/lib/python3.7/site-packages/airflow/example_dags/example_python_operator.py
[2022-03-28 07:14:24,218] {logging_mixin.py:109} INFO - [2022-03-28 07:14:24,218] {dag.py:2398} INFO - Sync 1 DAGs
[2022-03-28 07:14:24,240] {logging_mixin.py:109} INFO - [2022-03-28 07:14:24,240] {dag.py:2937} INFO - Setting next_dagrun for example_python_operator to None
[2022-03-28 07:14:24,253] {processor.py:171} INFO - Processing /home/airflow/.local/lib/python3.7/site-packages/airflow/example_dags/example_python_operator.py took 0.090 seconds
[2022-03-28 07:14:54,799] {processor.py:163} INFO - Started process (PID=1084) to work on /home/airflow/.local/lib/python3.7/site-packages/airflow/example_dags/example_python_operator.py
[2022-03-28 07:14:54,801] {processor.py:642} INFO - Processing file /home/airflow/.local/lib/python3.7/site-packages/airflow/example_dags/example_python_operator.py for tasks to queue
[2022-03-28 07:14:54,802] {logging_mixin.py:109} INFO - [2022-03-28 07:14:54,802] {dagbag.py:500} INFO - Filling up the DagBag from /home/airflow/.local/lib/python3.7/site-packages/airflow/example_dags/example_python_operator.py
[2022-03-28 07:14:54,930] {processor.py:654} INFO - DAG(s) dict_keys(['example_python_operator']) retrieved from /home/airflow/.local/lib/python3.7/site-packages/airflow/example_dags/example_python_operator.py
[2022-03-28 07:14:54,941] {logging_mixin.py:109} INFO - [2022-03-28 07:14:54,941] {dag.py:2398} INFO - Sync 1 DAGs
[2022-03-28 07:14:54,969] {logging_mixin.py:109} INFO - [2022-03-28 07:14:54,969] {dag.py:2937} INFO - Setting next_dagrun for example_python_operator to None
[2022-03-28 07:14:54,983] {processor.py:171} INFO - Processing /home/airflow/.local/lib/python3.7/site-packages/airflow/example_dags/example_python_operator.py took 0.189 seconds
[2022-03-28 07:15:25,505] {processor.py:163} INFO - Started process (PID=1135) to work on /home/airflow/.local/lib/python3.7/site-packages/airflow/example_dags/example_python_operator.py
[2022-03-28 07:15:25,507] {processor.py:642} INFO - Processing file /home/airflow/.local/lib/python3.7/site-packages/airflow/example_dags/example_python_operator.py for tasks to queue
[2022-03-28 07:15:25,508] {logging_mixin.py:109} INFO - [2022-03-28 07:15:25,508] {dagbag.py:500} INFO - Filling up the DagBag from /home/airflow/.local/lib/python3.7/site-packages/airflow/example_dags/example_python_operator.py
[2022-03-28 07:15:25,542] {processor.py:654} INFO - DAG(s) dict_keys(['example_python_operator']) retrieved from /home/airflow/.local/lib/python3.7/site-packages/airflow/example_dags/example_python_operator.py
[2022-03-28 07:15:25,552] {logging_mixin.py:109} INFO - [2022-03-28 07:15:25,552] {dag.py:2398} INFO - Sync 1 DAGs
[2022-03-28 07:15:25,567] {logging_mixin.py:109} INFO - [2022-03-28 07:15:25,567] {dag.py:2937} INFO - Setting next_dagrun for example_python_operator to None
[2022-03-28 07:15:25,576] {processor.py:171} INFO - Processing /home/airflow/.local/lib/python3.7/site-packages/airflow/example_dags/example_python_operator.py took 0.076 seconds
[2022-03-28 07:15:55,943] {processor.py:163} INFO - Started process (PID=1195) to work on /home/airflow/.local/lib/python3.7/site-packages/airflow/example_dags/example_python_operator.py
[2022-03-28 07:15:55,945] {processor.py:642} INFO - Processing file /home/airflow/.local/lib/python3.7/site-packages/airflow/example_dags/example_python_operator.py for tasks to queue
[2022-03-28 07:15:55,946] {logging_mixin.py:109} INFO - [2022-03-28 07:15:55,946] {dagbag.py:500} INFO - Filling up the DagBag from /home/airflow/.local/lib/python3.7/site-packages/airflow/example_dags/example_python_operator.py
[2022-03-28 07:15:55,988] {processor.py:654} INFO - DAG(s) dict_keys(['example_python_operator']) retrieved from /home/airflow/.local/lib/python3.7/site-packages/airflow/example_dags/example_python_operator.py
[2022-03-28 07:15:56,000] {logging_mixin.py:109} INFO - [2022-03-28 07:15:56,000] {dag.py:2398} INFO - Sync 1 DAGs
[2022-03-28 07:15:56,015] {logging_mixin.py:109} INFO - [2022-03-28 07:15:56,015] {dag.py:2937} INFO - Setting next_dagrun for example_python_operator to None
[2022-03-28 07:15:56,026] {processor.py:171} INFO - Processing /home/airflow/.local/lib/python3.7/site-packages/airflow/example_dags/example_python_operator.py took 0.088 seconds
[2022-03-28 07:16:26,500] {processor.py:163} INFO - Started process (PID=1246) to work on /home/airflow/.local/lib/python3.7/site-packages/airflow/example_dags/example_python_operator.py
[2022-03-28 07:16:26,501] {processor.py:642} INFO - Processing file /home/airflow/.local/lib/python3.7/site-packages/airflow/example_dags/example_python_operator.py for tasks to queue
[2022-03-28 07:16:26,502] {logging_mixin.py:109} INFO - [2022-03-28 07:16:26,502] {dagbag.py:500} INFO - Filling up the DagBag from /home/airflow/.local/lib/python3.7/site-packages/airflow/example_dags/example_python_operator.py
[2022-03-28 07:16:26,540] {processor.py:654} INFO - DAG(s) dict_keys(['example_python_operator']) retrieved from /home/airflow/.local/lib/python3.7/site-packages/airflow/example_dags/example_python_operator.py
[2022-03-28 07:16:26,551] {logging_mixin.py:109} INFO - [2022-03-28 07:16:26,550] {dag.py:2398} INFO - Sync 1 DAGs
[2022-03-28 07:16:26,565] {logging_mixin.py:109} INFO - [2022-03-28 07:16:26,565] {dag.py:2937} INFO - Setting next_dagrun for example_python_operator to None
[2022-03-28 07:16:26,576] {processor.py:171} INFO - Processing /home/airflow/.local/lib/python3.7/site-packages/airflow/example_dags/example_python_operator.py took 0.078 seconds
[2022-03-28 07:16:57,110] {processor.py:163} INFO - Started process (PID=1298) to work on /home/airflow/.local/lib/python3.7/site-packages/airflow/example_dags/example_python_operator.py
[2022-03-28 07:16:57,111] {processor.py:642} INFO - Processing file /home/airflow/.local/lib/python3.7/site-packages/airflow/example_dags/example_python_operator.py for tasks to queue
[2022-03-28 07:16:57,112] {logging_mixin.py:109} INFO - [2022-03-28 07:16:57,112] {dagbag.py:500} INFO - Filling up the DagBag from /home/airflow/.local/lib/python3.7/site-packages/airflow/example_dags/example_python_operator.py
[2022-03-28 07:16:57,147] {processor.py:654} INFO - DAG(s) dict_keys(['example_python_operator']) retrieved from /home/airflow/.local/lib/python3.7/site-packages/airflow/example_dags/example_python_operator.py
[2022-03-28 07:16:57,157] {logging_mixin.py:109} INFO - [2022-03-28 07:16:57,157] {dag.py:2398} INFO - Sync 1 DAGs
[2022-03-28 07:16:57,173] {logging_mixin.py:109} INFO - [2022-03-28 07:16:57,172] {dag.py:2937} INFO - Setting next_dagrun for example_python_operator to None
[2022-03-28 07:16:57,183] {processor.py:171} INFO - Processing /home/airflow/.local/lib/python3.7/site-packages/airflow/example_dags/example_python_operator.py took 0.076 seconds
[2022-03-28 07:17:27,516] {processor.py:163} INFO - Started process (PID=1359) to work on /home/airflow/.local/lib/python3.7/site-packages/airflow/example_dags/example_python_operator.py
[2022-03-28 07:17:27,518] {processor.py:642} INFO - Processing file /home/airflow/.local/lib/python3.7/site-packages/airflow/example_dags/example_python_operator.py for tasks to queue
[2022-03-28 07:17:27,519] {logging_mixin.py:109} INFO - [2022-03-28 07:17:27,519] {dagbag.py:500} INFO - Filling up the DagBag from /home/airflow/.local/lib/python3.7/site-packages/airflow/example_dags/example_python_operator.py
[2022-03-28 07:17:27,558] {processor.py:654} INFO - DAG(s) dict_keys(['example_python_operator']) retrieved from /home/airflow/.local/lib/python3.7/site-packages/airflow/example_dags/example_python_operator.py
[2022-03-28 07:17:27,571] {logging_mixin.py:109} INFO - [2022-03-28 07:17:27,571] {dag.py:2398} INFO - Sync 1 DAGs
[2022-03-28 07:17:27,587] {logging_mixin.py:109} INFO - [2022-03-28 07:17:27,587] {dag.py:2937} INFO - Setting next_dagrun for example_python_operator to None
[2022-03-28 07:17:27,595] {processor.py:171} INFO - Processing /home/airflow/.local/lib/python3.7/site-packages/airflow/example_dags/example_python_operator.py took 0.083 seconds
[2022-03-28 07:17:58,247] {processor.py:163} INFO - Started process (PID=1411) to work on /home/airflow/.local/lib/python3.7/site-packages/airflow/example_dags/example_python_operator.py
[2022-03-28 07:17:58,248] {processor.py:642} INFO - Processing file /home/airflow/.local/lib/python3.7/site-packages/airflow/example_dags/example_python_operator.py for tasks to queue
[2022-03-28 07:17:58,249] {logging_mixin.py:109} INFO - [2022-03-28 07:17:58,249] {dagbag.py:500} INFO - Filling up the DagBag from /home/airflow/.local/lib/python3.7/site-packages/airflow/example_dags/example_python_operator.py
[2022-03-28 07:17:58,285] {processor.py:654} INFO - DAG(s) dict_keys(['example_python_operator']) retrieved from /home/airflow/.local/lib/python3.7/site-packages/airflow/example_dags/example_python_operator.py
[2022-03-28 07:17:58,295] {logging_mixin.py:109} INFO - [2022-03-28 07:17:58,294] {dag.py:2398} INFO - Sync 1 DAGs
[2022-03-28 07:17:58,309] {logging_mixin.py:109} INFO - [2022-03-28 07:17:58,308] {dag.py:2937} INFO - Setting next_dagrun for example_python_operator to None
[2022-03-28 07:17:58,319] {processor.py:171} INFO - Processing /home/airflow/.local/lib/python3.7/site-packages/airflow/example_dags/example_python_operator.py took 0.076 seconds
[2022-03-28 07:18:28,747] {processor.py:163} INFO - Started process (PID=1461) to work on /home/airflow/.local/lib/python3.7/site-packages/airflow/example_dags/example_python_operator.py
[2022-03-28 07:18:28,749] {processor.py:642} INFO - Processing file /home/airflow/.local/lib/python3.7/site-packages/airflow/example_dags/example_python_operator.py for tasks to queue
[2022-03-28 07:18:28,749] {logging_mixin.py:109} INFO - [2022-03-28 07:18:28,749] {dagbag.py:500} INFO - Filling up the DagBag from /home/airflow/.local/lib/python3.7/site-packages/airflow/example_dags/example_python_operator.py
[2022-03-28 07:18:28,781] {processor.py:654} INFO - DAG(s) dict_keys(['example_python_operator']) retrieved from /home/airflow/.local/lib/python3.7/site-packages/airflow/example_dags/example_python_operator.py
[2022-03-28 07:18:28,791] {logging_mixin.py:109} INFO - [2022-03-28 07:18:28,791] {dag.py:2398} INFO - Sync 1 DAGs
[2022-03-28 07:18:28,804] {logging_mixin.py:109} INFO - [2022-03-28 07:18:28,804] {dag.py:2937} INFO - Setting next_dagrun for example_python_operator to None
[2022-03-28 07:18:28,814] {processor.py:171} INFO - Processing /home/airflow/.local/lib/python3.7/site-packages/airflow/example_dags/example_python_operator.py took 0.070 seconds
[2022-03-28 07:18:59,167] {processor.py:163} INFO - Started process (PID=1522) to work on /home/airflow/.local/lib/python3.7/site-packages/airflow/example_dags/example_python_operator.py
[2022-03-28 07:18:59,168] {processor.py:642} INFO - Processing file /home/airflow/.local/lib/python3.7/site-packages/airflow/example_dags/example_python_operator.py for tasks to queue
[2022-03-28 07:18:59,169] {logging_mixin.py:109} INFO - [2022-03-28 07:18:59,169] {dagbag.py:500} INFO - Filling up the DagBag from /home/airflow/.local/lib/python3.7/site-packages/airflow/example_dags/example_python_operator.py
[2022-03-28 07:18:59,222] {processor.py:654} INFO - DAG(s) dict_keys(['example_python_operator']) retrieved from /home/airflow/.local/lib/python3.7/site-packages/airflow/example_dags/example_python_operator.py
[2022-03-28 07:18:59,237] {logging_mixin.py:109} INFO - [2022-03-28 07:18:59,237] {dag.py:2398} INFO - Sync 1 DAGs
[2022-03-28 07:18:59,254] {logging_mixin.py:109} INFO - [2022-03-28 07:18:59,254] {dag.py:2937} INFO - Setting next_dagrun for example_python_operator to None
[2022-03-28 07:18:59,268] {processor.py:171} INFO - Processing /home/airflow/.local/lib/python3.7/site-packages/airflow/example_dags/example_python_operator.py took 0.106 seconds
[2022-03-28 07:19:29,709] {processor.py:163} INFO - Started process (PID=1573) to work on /home/airflow/.local/lib/python3.7/site-packages/airflow/example_dags/example_python_operator.py
[2022-03-28 07:19:29,711] {processor.py:642} INFO - Processing file /home/airflow/.local/lib/python3.7/site-packages/airflow/example_dags/example_python_operator.py for tasks to queue
[2022-03-28 07:19:29,712] {logging_mixin.py:109} INFO - [2022-03-28 07:19:29,711] {dagbag.py:500} INFO - Filling up the DagBag from /home/airflow/.local/lib/python3.7/site-packages/airflow/example_dags/example_python_operator.py
[2022-03-28 07:19:29,748] {processor.py:654} INFO - DAG(s) dict_keys(['example_python_operator']) retrieved from /home/airflow/.local/lib/python3.7/site-packages/airflow/example_dags/example_python_operator.py
[2022-03-28 07:19:29,759] {logging_mixin.py:109} INFO - [2022-03-28 07:19:29,759] {dag.py:2398} INFO - Sync 1 DAGs
[2022-03-28 07:19:29,776] {logging_mixin.py:109} INFO - [2022-03-28 07:19:29,776] {dag.py:2937} INFO - Setting next_dagrun for example_python_operator to None
[2022-03-28 07:19:29,787] {processor.py:171} INFO - Processing /home/airflow/.local/lib/python3.7/site-packages/airflow/example_dags/example_python_operator.py took 0.080 seconds
[2022-03-28 07:20:00,424] {processor.py:163} INFO - Started process (PID=1624) to work on /home/airflow/.local/lib/python3.7/site-packages/airflow/example_dags/example_python_operator.py
[2022-03-28 07:20:00,426] {processor.py:642} INFO - Processing file /home/airflow/.local/lib/python3.7/site-packages/airflow/example_dags/example_python_operator.py for tasks to queue
[2022-03-28 07:20:00,427] {logging_mixin.py:109} INFO - [2022-03-28 07:20:00,427] {dagbag.py:500} INFO - Filling up the DagBag from /home/airflow/.local/lib/python3.7/site-packages/airflow/example_dags/example_python_operator.py
[2022-03-28 07:20:00,459] {processor.py:654} INFO - DAG(s) dict_keys(['example_python_operator']) retrieved from /home/airflow/.local/lib/python3.7/site-packages/airflow/example_dags/example_python_operator.py
[2022-03-28 07:20:00,469] {logging_mixin.py:109} INFO - [2022-03-28 07:20:00,469] {dag.py:2398} INFO - Sync 1 DAGs
[2022-03-28 07:20:00,482] {logging_mixin.py:109} INFO - [2022-03-28 07:20:00,482] {dag.py:2937} INFO - Setting next_dagrun for example_python_operator to None
[2022-03-28 07:20:00,492] {processor.py:171} INFO - Processing /home/airflow/.local/lib/python3.7/site-packages/airflow/example_dags/example_python_operator.py took 0.071 seconds
[2022-03-28 07:20:30,742] {processor.py:163} INFO - Started process (PID=1686) to work on /home/airflow/.local/lib/python3.7/site-packages/airflow/example_dags/example_python_operator.py
[2022-03-28 07:20:30,744] {processor.py:642} INFO - Processing file /home/airflow/.local/lib/python3.7/site-packages/airflow/example_dags/example_python_operator.py for tasks to queue
[2022-03-28 07:20:30,745] {logging_mixin.py:109} INFO - [2022-03-28 07:20:30,745] {dagbag.py:500} INFO - Filling up the DagBag from /home/airflow/.local/lib/python3.7/site-packages/airflow/example_dags/example_python_operator.py
[2022-03-28 07:20:30,787] {processor.py:654} INFO - DAG(s) dict_keys(['example_python_operator']) retrieved from /home/airflow/.local/lib/python3.7/site-packages/airflow/example_dags/example_python_operator.py
[2022-03-28 07:20:30,798] {logging_mixin.py:109} INFO - [2022-03-28 07:20:30,798] {dag.py:2398} INFO - Sync 1 DAGs
[2022-03-28 07:20:30,815] {logging_mixin.py:109} INFO - [2022-03-28 07:20:30,815] {dag.py:2937} INFO - Setting next_dagrun for example_python_operator to None
[2022-03-28 07:20:30,826] {processor.py:171} INFO - Processing /home/airflow/.local/lib/python3.7/site-packages/airflow/example_dags/example_python_operator.py took 0.087 seconds
[2022-03-28 07:21:01,272] {processor.py:163} INFO - Started process (PID=1737) to work on /home/airflow/.local/lib/python3.7/site-packages/airflow/example_dags/example_python_operator.py
[2022-03-28 07:21:01,274] {processor.py:642} INFO - Processing file /home/airflow/.local/lib/python3.7/site-packages/airflow/example_dags/example_python_operator.py for tasks to queue
[2022-03-28 07:21:01,275] {logging_mixin.py:109} INFO - [2022-03-28 07:21:01,275] {dagbag.py:500} INFO - Filling up the DagBag from /home/airflow/.local/lib/python3.7/site-packages/airflow/example_dags/example_python_operator.py
[2022-03-28 07:21:01,309] {processor.py:654} INFO - DAG(s) dict_keys(['example_python_operator']) retrieved from /home/airflow/.local/lib/python3.7/site-packages/airflow/example_dags/example_python_operator.py
[2022-03-28 07:21:01,319] {logging_mixin.py:109} INFO - [2022-03-28 07:21:01,319] {dag.py:2398} INFO - Sync 1 DAGs
[2022-03-28 07:21:01,333] {logging_mixin.py:109} INFO - [2022-03-28 07:21:01,333] {dag.py:2937} INFO - Setting next_dagrun for example_python_operator to None
[2022-03-28 07:21:01,344] {processor.py:171} INFO - Processing /home/airflow/.local/lib/python3.7/site-packages/airflow/example_dags/example_python_operator.py took 0.074 seconds
[2022-03-28 07:21:31,584] {processor.py:163} INFO - Started process (PID=1787) to work on /home/airflow/.local/lib/python3.7/site-packages/airflow/example_dags/example_python_operator.py
[2022-03-28 07:21:31,585] {processor.py:642} INFO - Processing file /home/airflow/.local/lib/python3.7/site-packages/airflow/example_dags/example_python_operator.py for tasks to queue
[2022-03-28 07:21:31,586] {logging_mixin.py:109} INFO - [2022-03-28 07:21:31,586] {dagbag.py:500} INFO - Filling up the DagBag from /home/airflow/.local/lib/python3.7/site-packages/airflow/example_dags/example_python_operator.py
[2022-03-28 07:21:31,617] {processor.py:654} INFO - DAG(s) dict_keys(['example_python_operator']) retrieved from /home/airflow/.local/lib/python3.7/site-packages/airflow/example_dags/example_python_operator.py
[2022-03-28 07:21:31,627] {logging_mixin.py:109} INFO - [2022-03-28 07:21:31,627] {dag.py:2398} INFO - Sync 1 DAGs
[2022-03-28 07:21:31,641] {logging_mixin.py:109} INFO - [2022-03-28 07:21:31,641] {dag.py:2937} INFO - Setting next_dagrun for example_python_operator to None
[2022-03-28 07:21:31,650] {processor.py:171} INFO - Processing /home/airflow/.local/lib/python3.7/site-packages/airflow/example_dags/example_python_operator.py took 0.069 seconds
[2022-03-28 07:22:01,709] {processor.py:163} INFO - Started process (PID=1848) to work on /home/airflow/.local/lib/python3.7/site-packages/airflow/example_dags/example_python_operator.py
[2022-03-28 07:22:01,711] {processor.py:642} INFO - Processing file /home/airflow/.local/lib/python3.7/site-packages/airflow/example_dags/example_python_operator.py for tasks to queue
[2022-03-28 07:22:01,712] {logging_mixin.py:109} INFO - [2022-03-28 07:22:01,711] {dagbag.py:500} INFO - Filling up the DagBag from /home/airflow/.local/lib/python3.7/site-packages/airflow/example_dags/example_python_operator.py
[2022-03-28 07:22:01,762] {processor.py:654} INFO - DAG(s) dict_keys(['example_python_operator']) retrieved from /home/airflow/.local/lib/python3.7/site-packages/airflow/example_dags/example_python_operator.py
[2022-03-28 07:22:01,775] {logging_mixin.py:109} INFO - [2022-03-28 07:22:01,775] {dag.py:2398} INFO - Sync 1 DAGs
[2022-03-28 07:22:01,790] {logging_mixin.py:109} INFO - [2022-03-28 07:22:01,790] {dag.py:2937} INFO - Setting next_dagrun for example_python_operator to None
[2022-03-28 07:22:01,799] {processor.py:171} INFO - Processing /home/airflow/.local/lib/python3.7/site-packages/airflow/example_dags/example_python_operator.py took 0.093 seconds
[2022-03-28 07:22:32,198] {processor.py:163} INFO - Started process (PID=1899) to work on /home/airflow/.local/lib/python3.7/site-packages/airflow/example_dags/example_python_operator.py
[2022-03-28 07:22:32,201] {processor.py:642} INFO - Processing file /home/airflow/.local/lib/python3.7/site-packages/airflow/example_dags/example_python_operator.py for tasks to queue
[2022-03-28 07:22:32,202] {logging_mixin.py:109} INFO - [2022-03-28 07:22:32,202] {dagbag.py:500} INFO - Filling up the DagBag from /home/airflow/.local/lib/python3.7/site-packages/airflow/example_dags/example_python_operator.py
[2022-03-28 07:22:32,251] {processor.py:654} INFO - DAG(s) dict_keys(['example_python_operator']) retrieved from /home/airflow/.local/lib/python3.7/site-packages/airflow/example_dags/example_python_operator.py
[2022-03-28 07:22:32,262] {logging_mixin.py:109} INFO - [2022-03-28 07:22:32,262] {dag.py:2398} INFO - Sync 1 DAGs
[2022-03-28 07:22:32,280] {logging_mixin.py:109} INFO - [2022-03-28 07:22:32,280] {dag.py:2937} INFO - Setting next_dagrun for example_python_operator to None
[2022-03-28 07:22:32,291] {processor.py:171} INFO - Processing /home/airflow/.local/lib/python3.7/site-packages/airflow/example_dags/example_python_operator.py took 0.099 seconds
[2022-03-28 07:23:02,520] {processor.py:163} INFO - Started process (PID=1950) to work on /home/airflow/.local/lib/python3.7/site-packages/airflow/example_dags/example_python_operator.py
[2022-03-28 07:23:02,522] {processor.py:642} INFO - Processing file /home/airflow/.local/lib/python3.7/site-packages/airflow/example_dags/example_python_operator.py for tasks to queue
[2022-03-28 07:23:02,524] {logging_mixin.py:109} INFO - [2022-03-28 07:23:02,524] {dagbag.py:500} INFO - Filling up the DagBag from /home/airflow/.local/lib/python3.7/site-packages/airflow/example_dags/example_python_operator.py
[2022-03-28 07:23:02,675] {processor.py:654} INFO - DAG(s) dict_keys(['example_python_operator']) retrieved from /home/airflow/.local/lib/python3.7/site-packages/airflow/example_dags/example_python_operator.py
[2022-03-28 07:23:02,693] {logging_mixin.py:109} INFO - [2022-03-28 07:23:02,693] {dag.py:2398} INFO - Sync 1 DAGs
[2022-03-28 07:23:02,734] {logging_mixin.py:109} INFO - [2022-03-28 07:23:02,733] {dag.py:2937} INFO - Setting next_dagrun for example_python_operator to None
[2022-03-28 07:23:02,758] {processor.py:171} INFO - Processing /home/airflow/.local/lib/python3.7/site-packages/airflow/example_dags/example_python_operator.py took 0.244 seconds
[2022-03-28 07:23:33,366] {processor.py:163} INFO - Started process (PID=2001) to work on /home/airflow/.local/lib/python3.7/site-packages/airflow/example_dags/example_python_operator.py
[2022-03-28 07:23:33,368] {processor.py:642} INFO - Processing file /home/airflow/.local/lib/python3.7/site-packages/airflow/example_dags/example_python_operator.py for tasks to queue
[2022-03-28 07:23:33,370] {logging_mixin.py:109} INFO - [2022-03-28 07:23:33,369] {dagbag.py:500} INFO - Filling up the DagBag from /home/airflow/.local/lib/python3.7/site-packages/airflow/example_dags/example_python_operator.py
[2022-03-28 07:23:33,419] {processor.py:654} INFO - DAG(s) dict_keys(['example_python_operator']) retrieved from /home/airflow/.local/lib/python3.7/site-packages/airflow/example_dags/example_python_operator.py
[2022-03-28 07:23:33,438] {logging_mixin.py:109} INFO - [2022-03-28 07:23:33,437] {dag.py:2398} INFO - Sync 1 DAGs
[2022-03-28 07:23:33,460] {logging_mixin.py:109} INFO - [2022-03-28 07:23:33,460] {dag.py:2937} INFO - Setting next_dagrun for example_python_operator to None
[2022-03-28 07:23:33,478] {processor.py:171} INFO - Processing /home/airflow/.local/lib/python3.7/site-packages/airflow/example_dags/example_python_operator.py took 0.117 seconds
[2022-03-28 07:24:03,994] {processor.py:163} INFO - Started process (PID=2053) to work on /home/airflow/.local/lib/python3.7/site-packages/airflow/example_dags/example_python_operator.py
[2022-03-28 07:24:03,995] {processor.py:642} INFO - Processing file /home/airflow/.local/lib/python3.7/site-packages/airflow/example_dags/example_python_operator.py for tasks to queue
[2022-03-28 07:24:03,997] {logging_mixin.py:109} INFO - [2022-03-28 07:24:03,996] {dagbag.py:500} INFO - Filling up the DagBag from /home/airflow/.local/lib/python3.7/site-packages/airflow/example_dags/example_python_operator.py
[2022-03-28 07:24:04,050] {processor.py:654} INFO - DAG(s) dict_keys(['example_python_operator']) retrieved from /home/airflow/.local/lib/python3.7/site-packages/airflow/example_dags/example_python_operator.py
[2022-03-28 07:24:04,070] {logging_mixin.py:109} INFO - [2022-03-28 07:24:04,069] {dag.py:2398} INFO - Sync 1 DAGs
[2022-03-28 07:24:04,096] {logging_mixin.py:109} INFO - [2022-03-28 07:24:04,096] {dag.py:2937} INFO - Setting next_dagrun for example_python_operator to None
[2022-03-28 07:24:04,115] {processor.py:171} INFO - Processing /home/airflow/.local/lib/python3.7/site-packages/airflow/example_dags/example_python_operator.py took 0.126 seconds
[2022-03-28 07:24:34,332] {processor.py:163} INFO - Started process (PID=2114) to work on /home/airflow/.local/lib/python3.7/site-packages/airflow/example_dags/example_python_operator.py
[2022-03-28 07:24:34,333] {processor.py:642} INFO - Processing file /home/airflow/.local/lib/python3.7/site-packages/airflow/example_dags/example_python_operator.py for tasks to queue
[2022-03-28 07:24:34,334] {logging_mixin.py:109} INFO - [2022-03-28 07:24:34,334] {dagbag.py:500} INFO - Filling up the DagBag from /home/airflow/.local/lib/python3.7/site-packages/airflow/example_dags/example_python_operator.py
[2022-03-28 07:24:34,375] {processor.py:654} INFO - DAG(s) dict_keys(['example_python_operator']) retrieved from /home/airflow/.local/lib/python3.7/site-packages/airflow/example_dags/example_python_operator.py
[2022-03-28 07:24:34,387] {logging_mixin.py:109} INFO - [2022-03-28 07:24:34,386] {dag.py:2398} INFO - Sync 1 DAGs
[2022-03-28 07:24:34,403] {logging_mixin.py:109} INFO - [2022-03-28 07:24:34,403] {dag.py:2937} INFO - Setting next_dagrun for example_python_operator to None
[2022-03-28 07:24:34,413] {processor.py:171} INFO - Processing /home/airflow/.local/lib/python3.7/site-packages/airflow/example_dags/example_python_operator.py took 0.085 seconds
[2022-03-28 07:25:04,522] {processor.py:163} INFO - Started process (PID=2165) to work on /home/airflow/.local/lib/python3.7/site-packages/airflow/example_dags/example_python_operator.py
[2022-03-28 07:25:04,523] {processor.py:642} INFO - Processing file /home/airflow/.local/lib/python3.7/site-packages/airflow/example_dags/example_python_operator.py for tasks to queue
[2022-03-28 07:25:04,524] {logging_mixin.py:109} INFO - [2022-03-28 07:25:04,524] {dagbag.py:500} INFO - Filling up the DagBag from /home/airflow/.local/lib/python3.7/site-packages/airflow/example_dags/example_python_operator.py
[2022-03-28 07:25:04,553] {processor.py:654} INFO - DAG(s) dict_keys(['example_python_operator']) retrieved from /home/airflow/.local/lib/python3.7/site-packages/airflow/example_dags/example_python_operator.py
[2022-03-28 07:25:04,562] {logging_mixin.py:109} INFO - [2022-03-28 07:25:04,562] {dag.py:2398} INFO - Sync 1 DAGs
[2022-03-28 07:25:04,574] {logging_mixin.py:109} INFO - [2022-03-28 07:25:04,574] {dag.py:2937} INFO - Setting next_dagrun for example_python_operator to None
[2022-03-28 07:25:04,581] {processor.py:171} INFO - Processing /home/airflow/.local/lib/python3.7/site-packages/airflow/example_dags/example_python_operator.py took 0.062 seconds
[2022-03-28 07:25:35,449] {processor.py:163} INFO - Started process (PID=2217) to work on /home/airflow/.local/lib/python3.7/site-packages/airflow/example_dags/example_python_operator.py
[2022-03-28 07:25:35,450] {processor.py:642} INFO - Processing file /home/airflow/.local/lib/python3.7/site-packages/airflow/example_dags/example_python_operator.py for tasks to queue
[2022-03-28 07:25:35,451] {logging_mixin.py:109} INFO - [2022-03-28 07:25:35,451] {dagbag.py:500} INFO - Filling up the DagBag from /home/airflow/.local/lib/python3.7/site-packages/airflow/example_dags/example_python_operator.py
[2022-03-28 07:25:35,478] {processor.py:654} INFO - DAG(s) dict_keys(['example_python_operator']) retrieved from /home/airflow/.local/lib/python3.7/site-packages/airflow/example_dags/example_python_operator.py
[2022-03-28 07:25:35,486] {logging_mixin.py:109} INFO - [2022-03-28 07:25:35,486] {dag.py:2398} INFO - Sync 1 DAGs
[2022-03-28 07:25:35,497] {logging_mixin.py:109} INFO - [2022-03-28 07:25:35,497] {dag.py:2937} INFO - Setting next_dagrun for example_python_operator to None
[2022-03-28 07:25:35,506] {processor.py:171} INFO - Processing /home/airflow/.local/lib/python3.7/site-packages/airflow/example_dags/example_python_operator.py took 0.060 seconds
[2022-03-28 07:26:06,240] {processor.py:163} INFO - Started process (PID=2277) to work on /home/airflow/.local/lib/python3.7/site-packages/airflow/example_dags/example_python_operator.py
[2022-03-28 07:26:06,242] {processor.py:642} INFO - Processing file /home/airflow/.local/lib/python3.7/site-packages/airflow/example_dags/example_python_operator.py for tasks to queue
[2022-03-28 07:26:06,242] {logging_mixin.py:109} INFO - [2022-03-28 07:26:06,242] {dagbag.py:500} INFO - Filling up the DagBag from /home/airflow/.local/lib/python3.7/site-packages/airflow/example_dags/example_python_operator.py
[2022-03-28 07:26:06,278] {processor.py:654} INFO - DAG(s) dict_keys(['example_python_operator']) retrieved from /home/airflow/.local/lib/python3.7/site-packages/airflow/example_dags/example_python_operator.py
[2022-03-28 07:26:06,288] {logging_mixin.py:109} INFO - [2022-03-28 07:26:06,288] {dag.py:2398} INFO - Sync 1 DAGs
[2022-03-28 07:26:06,303] {logging_mixin.py:109} INFO - [2022-03-28 07:26:06,303] {dag.py:2937} INFO - Setting next_dagrun for example_python_operator to None
[2022-03-28 07:26:06,313] {processor.py:171} INFO - Processing /home/airflow/.local/lib/python3.7/site-packages/airflow/example_dags/example_python_operator.py took 0.077 seconds
[2022-03-28 07:26:37,008] {processor.py:163} INFO - Started process (PID=2328) to work on /home/airflow/.local/lib/python3.7/site-packages/airflow/example_dags/example_python_operator.py
[2022-03-28 07:26:37,009] {processor.py:642} INFO - Processing file /home/airflow/.local/lib/python3.7/site-packages/airflow/example_dags/example_python_operator.py for tasks to queue
[2022-03-28 07:26:37,010] {logging_mixin.py:109} INFO - [2022-03-28 07:26:37,010] {dagbag.py:500} INFO - Filling up the DagBag from /home/airflow/.local/lib/python3.7/site-packages/airflow/example_dags/example_python_operator.py
[2022-03-28 07:26:37,050] {processor.py:654} INFO - DAG(s) dict_keys(['example_python_operator']) retrieved from /home/airflow/.local/lib/python3.7/site-packages/airflow/example_dags/example_python_operator.py
[2022-03-28 07:26:37,062] {logging_mixin.py:109} INFO - [2022-03-28 07:26:37,062] {dag.py:2398} INFO - Sync 1 DAGs
[2022-03-28 07:26:37,081] {logging_mixin.py:109} INFO - [2022-03-28 07:26:37,081] {dag.py:2937} INFO - Setting next_dagrun for example_python_operator to None
[2022-03-28 07:26:37,091] {processor.py:171} INFO - Processing /home/airflow/.local/lib/python3.7/site-packages/airflow/example_dags/example_python_operator.py took 0.088 seconds
[2022-03-28 07:27:07,751] {processor.py:163} INFO - Started process (PID=2380) to work on /home/airflow/.local/lib/python3.7/site-packages/airflow/example_dags/example_python_operator.py
[2022-03-28 07:27:07,752] {processor.py:642} INFO - Processing file /home/airflow/.local/lib/python3.7/site-packages/airflow/example_dags/example_python_operator.py for tasks to queue
[2022-03-28 07:27:07,753] {logging_mixin.py:109} INFO - [2022-03-28 07:27:07,753] {dagbag.py:500} INFO - Filling up the DagBag from /home/airflow/.local/lib/python3.7/site-packages/airflow/example_dags/example_python_operator.py
[2022-03-28 07:27:07,779] {processor.py:654} INFO - DAG(s) dict_keys(['example_python_operator']) retrieved from /home/airflow/.local/lib/python3.7/site-packages/airflow/example_dags/example_python_operator.py
[2022-03-28 07:27:07,787] {logging_mixin.py:109} INFO - [2022-03-28 07:27:07,786] {dag.py:2398} INFO - Sync 1 DAGs
[2022-03-28 07:27:07,799] {logging_mixin.py:109} INFO - [2022-03-28 07:27:07,799] {dag.py:2937} INFO - Setting next_dagrun for example_python_operator to None
[2022-03-28 07:27:07,807] {processor.py:171} INFO - Processing /home/airflow/.local/lib/python3.7/site-packages/airflow/example_dags/example_python_operator.py took 0.058 seconds
[2022-03-28 07:27:38,377] {processor.py:163} INFO - Started process (PID=2440) to work on /home/airflow/.local/lib/python3.7/site-packages/airflow/example_dags/example_python_operator.py
[2022-03-28 07:27:38,379] {processor.py:642} INFO - Processing file /home/airflow/.local/lib/python3.7/site-packages/airflow/example_dags/example_python_operator.py for tasks to queue
[2022-03-28 07:27:38,380] {logging_mixin.py:109} INFO - [2022-03-28 07:27:38,379] {dagbag.py:500} INFO - Filling up the DagBag from /home/airflow/.local/lib/python3.7/site-packages/airflow/example_dags/example_python_operator.py
[2022-03-28 07:27:38,416] {processor.py:654} INFO - DAG(s) dict_keys(['example_python_operator']) retrieved from /home/airflow/.local/lib/python3.7/site-packages/airflow/example_dags/example_python_operator.py
[2022-03-28 07:27:38,426] {logging_mixin.py:109} INFO - [2022-03-28 07:27:38,426] {dag.py:2398} INFO - Sync 1 DAGs
[2022-03-28 07:27:38,439] {logging_mixin.py:109} INFO - [2022-03-28 07:27:38,439] {dag.py:2937} INFO - Setting next_dagrun for example_python_operator to None
[2022-03-28 07:27:38,447] {processor.py:171} INFO - Processing /home/airflow/.local/lib/python3.7/site-packages/airflow/example_dags/example_python_operator.py took 0.072 seconds
[2022-03-28 07:28:08,987] {processor.py:163} INFO - Started process (PID=2491) to work on /home/airflow/.local/lib/python3.7/site-packages/airflow/example_dags/example_python_operator.py
[2022-03-28 07:28:08,988] {processor.py:642} INFO - Processing file /home/airflow/.local/lib/python3.7/site-packages/airflow/example_dags/example_python_operator.py for tasks to queue
[2022-03-28 07:28:08,989] {logging_mixin.py:109} INFO - [2022-03-28 07:28:08,989] {dagbag.py:500} INFO - Filling up the DagBag from /home/airflow/.local/lib/python3.7/site-packages/airflow/example_dags/example_python_operator.py
[2022-03-28 07:28:09,040] {processor.py:654} INFO - DAG(s) dict_keys(['example_python_operator']) retrieved from /home/airflow/.local/lib/python3.7/site-packages/airflow/example_dags/example_python_operator.py
[2022-03-28 07:28:09,052] {logging_mixin.py:109} INFO - [2022-03-28 07:28:09,052] {dag.py:2398} INFO - Sync 1 DAGs
[2022-03-28 07:28:09,070] {logging_mixin.py:109} INFO - [2022-03-28 07:28:09,070] {dag.py:2937} INFO - Setting next_dagrun for example_python_operator to None
[2022-03-28 07:28:09,082] {processor.py:171} INFO - Processing /home/airflow/.local/lib/python3.7/site-packages/airflow/example_dags/example_python_operator.py took 0.099 seconds
[2022-03-28 07:28:39,655] {processor.py:163} INFO - Started process (PID=2552) to work on /home/airflow/.local/lib/python3.7/site-packages/airflow/example_dags/example_python_operator.py
[2022-03-28 07:28:39,657] {processor.py:642} INFO - Processing file /home/airflow/.local/lib/python3.7/site-packages/airflow/example_dags/example_python_operator.py for tasks to queue
[2022-03-28 07:28:39,657] {logging_mixin.py:109} INFO - [2022-03-28 07:28:39,657] {dagbag.py:500} INFO - Filling up the DagBag from /home/airflow/.local/lib/python3.7/site-packages/airflow/example_dags/example_python_operator.py
[2022-03-28 07:28:39,700] {processor.py:654} INFO - DAG(s) dict_keys(['example_python_operator']) retrieved from /home/airflow/.local/lib/python3.7/site-packages/airflow/example_dags/example_python_operator.py
[2022-03-28 07:28:39,710] {logging_mixin.py:109} INFO - [2022-03-28 07:28:39,710] {dag.py:2398} INFO - Sync 1 DAGs
[2022-03-28 07:28:39,726] {logging_mixin.py:109} INFO - [2022-03-28 07:28:39,726] {dag.py:2937} INFO - Setting next_dagrun for example_python_operator to None
[2022-03-28 07:28:39,735] {processor.py:171} INFO - Processing /home/airflow/.local/lib/python3.7/site-packages/airflow/example_dags/example_python_operator.py took 0.083 seconds
[2022-03-28 07:29:10,484] {processor.py:163} INFO - Started process (PID=2603) to work on /home/airflow/.local/lib/python3.7/site-packages/airflow/example_dags/example_python_operator.py
[2022-03-28 07:29:10,485] {processor.py:642} INFO - Processing file /home/airflow/.local/lib/python3.7/site-packages/airflow/example_dags/example_python_operator.py for tasks to queue
[2022-03-28 07:29:10,486] {logging_mixin.py:109} INFO - [2022-03-28 07:29:10,486] {dagbag.py:500} INFO - Filling up the DagBag from /home/airflow/.local/lib/python3.7/site-packages/airflow/example_dags/example_python_operator.py
[2022-03-28 07:29:10,515] {processor.py:654} INFO - DAG(s) dict_keys(['example_python_operator']) retrieved from /home/airflow/.local/lib/python3.7/site-packages/airflow/example_dags/example_python_operator.py
[2022-03-28 07:29:10,524] {logging_mixin.py:109} INFO - [2022-03-28 07:29:10,524] {dag.py:2398} INFO - Sync 1 DAGs
[2022-03-28 07:29:10,541] {logging_mixin.py:109} INFO - [2022-03-28 07:29:10,541] {dag.py:2937} INFO - Setting next_dagrun for example_python_operator to None
[2022-03-28 07:29:10,550] {processor.py:171} INFO - Processing /home/airflow/.local/lib/python3.7/site-packages/airflow/example_dags/example_python_operator.py took 0.068 seconds
[2022-03-28 07:29:41,130] {processor.py:163} INFO - Started process (PID=2655) to work on /home/airflow/.local/lib/python3.7/site-packages/airflow/example_dags/example_python_operator.py
[2022-03-28 07:29:41,132] {processor.py:642} INFO - Processing file /home/airflow/.local/lib/python3.7/site-packages/airflow/example_dags/example_python_operator.py for tasks to queue
[2022-03-28 07:29:41,133] {logging_mixin.py:109} INFO - [2022-03-28 07:29:41,133] {dagbag.py:500} INFO - Filling up the DagBag from /home/airflow/.local/lib/python3.7/site-packages/airflow/example_dags/example_python_operator.py
[2022-03-28 07:29:41,165] {processor.py:654} INFO - DAG(s) dict_keys(['example_python_operator']) retrieved from /home/airflow/.local/lib/python3.7/site-packages/airflow/example_dags/example_python_operator.py
[2022-03-28 07:29:41,175] {logging_mixin.py:109} INFO - [2022-03-28 07:29:41,175] {dag.py:2398} INFO - Sync 1 DAGs
[2022-03-28 07:29:41,192] {logging_mixin.py:109} INFO - [2022-03-28 07:29:41,192] {dag.py:2937} INFO - Setting next_dagrun for example_python_operator to None
[2022-03-28 07:29:41,201] {processor.py:171} INFO - Processing /home/airflow/.local/lib/python3.7/site-packages/airflow/example_dags/example_python_operator.py took 0.074 seconds
[2022-03-28 07:30:11,799] {processor.py:163} INFO - Started process (PID=2716) to work on /home/airflow/.local/lib/python3.7/site-packages/airflow/example_dags/example_python_operator.py
[2022-03-28 07:30:11,801] {processor.py:642} INFO - Processing file /home/airflow/.local/lib/python3.7/site-packages/airflow/example_dags/example_python_operator.py for tasks to queue
[2022-03-28 07:30:11,802] {logging_mixin.py:109} INFO - [2022-03-28 07:30:11,802] {dagbag.py:500} INFO - Filling up the DagBag from /home/airflow/.local/lib/python3.7/site-packages/airflow/example_dags/example_python_operator.py
[2022-03-28 07:30:11,844] {processor.py:654} INFO - DAG(s) dict_keys(['example_python_operator']) retrieved from /home/airflow/.local/lib/python3.7/site-packages/airflow/example_dags/example_python_operator.py
[2022-03-28 07:30:11,861] {logging_mixin.py:109} INFO - [2022-03-28 07:30:11,861] {dag.py:2398} INFO - Sync 1 DAGs
[2022-03-28 07:30:11,879] {logging_mixin.py:109} INFO - [2022-03-28 07:30:11,879] {dag.py:2937} INFO - Setting next_dagrun for example_python_operator to None
[2022-03-28 07:30:11,895] {processor.py:171} INFO - Processing /home/airflow/.local/lib/python3.7/site-packages/airflow/example_dags/example_python_operator.py took 0.099 seconds
[2022-03-28 07:30:42,045] {processor.py:163} INFO - Started process (PID=2766) to work on /home/airflow/.local/lib/python3.7/site-packages/airflow/example_dags/example_python_operator.py
[2022-03-28 07:30:42,047] {processor.py:642} INFO - Processing file /home/airflow/.local/lib/python3.7/site-packages/airflow/example_dags/example_python_operator.py for tasks to queue
[2022-03-28 07:30:42,048] {logging_mixin.py:109} INFO - [2022-03-28 07:30:42,048] {dagbag.py:500} INFO - Filling up the DagBag from /home/airflow/.local/lib/python3.7/site-packages/airflow/example_dags/example_python_operator.py
[2022-03-28 07:30:42,105] {processor.py:654} INFO - DAG(s) dict_keys(['example_python_operator']) retrieved from /home/airflow/.local/lib/python3.7/site-packages/airflow/example_dags/example_python_operator.py
[2022-03-28 07:30:42,122] {logging_mixin.py:109} INFO - [2022-03-28 07:30:42,121] {dag.py:2398} INFO - Sync 1 DAGs
[2022-03-28 07:30:42,145] {logging_mixin.py:109} INFO - [2022-03-28 07:30:42,144] {dag.py:2937} INFO - Setting next_dagrun for example_python_operator to None
[2022-03-28 07:30:42,160] {processor.py:171} INFO - Processing /home/airflow/.local/lib/python3.7/site-packages/airflow/example_dags/example_python_operator.py took 0.120 seconds
[2022-03-28 07:31:12,773] {processor.py:163} INFO - Started process (PID=2818) to work on /home/airflow/.local/lib/python3.7/site-packages/airflow/example_dags/example_python_operator.py
[2022-03-28 07:31:12,775] {processor.py:642} INFO - Processing file /home/airflow/.local/lib/python3.7/site-packages/airflow/example_dags/example_python_operator.py for tasks to queue
[2022-03-28 07:31:12,777] {logging_mixin.py:109} INFO - [2022-03-28 07:31:12,776] {dagbag.py:500} INFO - Filling up the DagBag from /home/airflow/.local/lib/python3.7/site-packages/airflow/example_dags/example_python_operator.py
[2022-03-28 07:31:12,830] {processor.py:654} INFO - DAG(s) dict_keys(['example_python_operator']) retrieved from /home/airflow/.local/lib/python3.7/site-packages/airflow/example_dags/example_python_operator.py
[2022-03-28 07:31:12,844] {logging_mixin.py:109} INFO - [2022-03-28 07:31:12,844] {dag.py:2398} INFO - Sync 1 DAGs
[2022-03-28 07:31:12,867] {logging_mixin.py:109} INFO - [2022-03-28 07:31:12,867] {dag.py:2937} INFO - Setting next_dagrun for example_python_operator to None
[2022-03-28 07:31:12,880] {processor.py:171} INFO - Processing /home/airflow/.local/lib/python3.7/site-packages/airflow/example_dags/example_python_operator.py took 0.114 seconds
[2022-03-28 07:31:43,477] {processor.py:163} INFO - Started process (PID=2880) to work on /home/airflow/.local/lib/python3.7/site-packages/airflow/example_dags/example_python_operator.py
[2022-03-28 07:31:43,478] {processor.py:642} INFO - Processing file /home/airflow/.local/lib/python3.7/site-packages/airflow/example_dags/example_python_operator.py for tasks to queue
[2022-03-28 07:31:43,480] {logging_mixin.py:109} INFO - [2022-03-28 07:31:43,480] {dagbag.py:500} INFO - Filling up the DagBag from /home/airflow/.local/lib/python3.7/site-packages/airflow/example_dags/example_python_operator.py
[2022-03-28 07:31:43,531] {processor.py:654} INFO - DAG(s) dict_keys(['example_python_operator']) retrieved from /home/airflow/.local/lib/python3.7/site-packages/airflow/example_dags/example_python_operator.py
[2022-03-28 07:31:43,550] {logging_mixin.py:109} INFO - [2022-03-28 07:31:43,550] {dag.py:2398} INFO - Sync 1 DAGs
[2022-03-28 07:31:43,579] {logging_mixin.py:109} INFO - [2022-03-28 07:31:43,579] {dag.py:2937} INFO - Setting next_dagrun for example_python_operator to None
[2022-03-28 07:31:43,595] {processor.py:171} INFO - Processing /home/airflow/.local/lib/python3.7/site-packages/airflow/example_dags/example_python_operator.py took 0.123 seconds
[2022-03-28 07:32:14,322] {processor.py:163} INFO - Started process (PID=2931) to work on /home/airflow/.local/lib/python3.7/site-packages/airflow/example_dags/example_python_operator.py
[2022-03-28 07:32:14,323] {processor.py:642} INFO - Processing file /home/airflow/.local/lib/python3.7/site-packages/airflow/example_dags/example_python_operator.py for tasks to queue
[2022-03-28 07:32:14,324] {logging_mixin.py:109} INFO - [2022-03-28 07:32:14,324] {dagbag.py:500} INFO - Filling up the DagBag from /home/airflow/.local/lib/python3.7/site-packages/airflow/example_dags/example_python_operator.py
[2022-03-28 07:32:14,356] {processor.py:654} INFO - DAG(s) dict_keys(['example_python_operator']) retrieved from /home/airflow/.local/lib/python3.7/site-packages/airflow/example_dags/example_python_operator.py
[2022-03-28 07:32:14,366] {logging_mixin.py:109} INFO - [2022-03-28 07:32:14,366] {dag.py:2398} INFO - Sync 1 DAGs
[2022-03-28 07:32:14,382] {logging_mixin.py:109} INFO - [2022-03-28 07:32:14,382] {dag.py:2937} INFO - Setting next_dagrun for example_python_operator to None
[2022-03-28 07:32:14,392] {processor.py:171} INFO - Processing /home/airflow/.local/lib/python3.7/site-packages/airflow/example_dags/example_python_operator.py took 0.073 seconds
