[2022-03-28 07:08:59,382] {processor.py:163} INFO - Started process (PID=407) to work on /home/airflow/.local/lib/python3.7/site-packages/airflow/example_dags/example_trigger_target_dag.py
[2022-03-28 07:08:59,383] {processor.py:642} INFO - Processing file /home/airflow/.local/lib/python3.7/site-packages/airflow/example_dags/example_trigger_target_dag.py for tasks to queue
[2022-03-28 07:08:59,384] {logging_mixin.py:109} INFO - [2022-03-28 07:08:59,384] {dagbag.py:500} INFO - Filling up the DagBag from /home/airflow/.local/lib/python3.7/site-packages/airflow/example_dags/example_trigger_target_dag.py
[2022-03-28 07:08:59,419] {processor.py:654} INFO - DAG(s) dict_keys(['example_trigger_target_dag']) retrieved from /home/airflow/.local/lib/python3.7/site-packages/airflow/example_dags/example_trigger_target_dag.py
[2022-03-28 07:09:01,448] {logging_mixin.py:109} INFO - [2022-03-28 07:09:01,448] {manager.py:496} INFO - Created Permission View: can read on DAG:example_trigger_target_dag
[2022-03-28 07:09:01,456] {logging_mixin.py:109} INFO - [2022-03-28 07:09:01,456] {manager.py:496} INFO - Created Permission View: can edit on DAG:example_trigger_target_dag
[2022-03-28 07:09:01,457] {logging_mixin.py:109} INFO - [2022-03-28 07:09:01,456] {dag.py:2398} INFO - Sync 1 DAGs
[2022-03-28 07:09:01,463] {logging_mixin.py:109} INFO - [2022-03-28 07:09:01,463] {dag.py:2417} INFO - Creating ORM DAG for example_trigger_target_dag
[2022-03-28 07:09:01,470] {logging_mixin.py:109} INFO - [2022-03-28 07:09:01,470] {dag.py:2937} INFO - Setting next_dagrun for example_trigger_target_dag to None
[2022-03-28 07:09:01,482] {processor.py:171} INFO - Processing /home/airflow/.local/lib/python3.7/site-packages/airflow/example_dags/example_trigger_target_dag.py took 2.103 seconds
[2022-03-28 07:09:32,126] {processor.py:163} INFO - Started process (PID=508) to work on /home/airflow/.local/lib/python3.7/site-packages/airflow/example_dags/example_trigger_target_dag.py
[2022-03-28 07:09:32,127] {processor.py:642} INFO - Processing file /home/airflow/.local/lib/python3.7/site-packages/airflow/example_dags/example_trigger_target_dag.py for tasks to queue
[2022-03-28 07:09:32,128] {logging_mixin.py:109} INFO - [2022-03-28 07:09:32,128] {dagbag.py:500} INFO - Filling up the DagBag from /home/airflow/.local/lib/python3.7/site-packages/airflow/example_dags/example_trigger_target_dag.py
[2022-03-28 07:09:32,160] {processor.py:654} INFO - DAG(s) dict_keys(['example_trigger_target_dag']) retrieved from /home/airflow/.local/lib/python3.7/site-packages/airflow/example_dags/example_trigger_target_dag.py
[2022-03-28 07:09:32,170] {logging_mixin.py:109} INFO - [2022-03-28 07:09:32,169] {dag.py:2398} INFO - Sync 1 DAGs
[2022-03-28 07:09:32,182] {logging_mixin.py:109} INFO - [2022-03-28 07:09:32,182] {dag.py:2937} INFO - Setting next_dagrun for example_trigger_target_dag to None
[2022-03-28 07:09:32,191] {processor.py:171} INFO - Processing /home/airflow/.local/lib/python3.7/site-packages/airflow/example_dags/example_trigger_target_dag.py took 0.070 seconds
[2022-03-28 07:10:02,796] {processor.py:163} INFO - Started process (PID=568) to work on /home/airflow/.local/lib/python3.7/site-packages/airflow/example_dags/example_trigger_target_dag.py
[2022-03-28 07:10:02,797] {processor.py:642} INFO - Processing file /home/airflow/.local/lib/python3.7/site-packages/airflow/example_dags/example_trigger_target_dag.py for tasks to queue
[2022-03-28 07:10:02,798] {logging_mixin.py:109} INFO - [2022-03-28 07:10:02,798] {dagbag.py:500} INFO - Filling up the DagBag from /home/airflow/.local/lib/python3.7/site-packages/airflow/example_dags/example_trigger_target_dag.py
[2022-03-28 07:10:02,834] {processor.py:654} INFO - DAG(s) dict_keys(['example_trigger_target_dag']) retrieved from /home/airflow/.local/lib/python3.7/site-packages/airflow/example_dags/example_trigger_target_dag.py
[2022-03-28 07:10:02,845] {logging_mixin.py:109} INFO - [2022-03-28 07:10:02,845] {dag.py:2398} INFO - Sync 1 DAGs
[2022-03-28 07:10:02,863] {logging_mixin.py:109} INFO - [2022-03-28 07:10:02,863] {dag.py:2937} INFO - Setting next_dagrun for example_trigger_target_dag to None
[2022-03-28 07:10:02,874] {processor.py:171} INFO - Processing /home/airflow/.local/lib/python3.7/site-packages/airflow/example_dags/example_trigger_target_dag.py took 0.081 seconds
[2022-03-28 07:10:33,503] {processor.py:163} INFO - Started process (PID=619) to work on /home/airflow/.local/lib/python3.7/site-packages/airflow/example_dags/example_trigger_target_dag.py
[2022-03-28 07:10:33,505] {processor.py:642} INFO - Processing file /home/airflow/.local/lib/python3.7/site-packages/airflow/example_dags/example_trigger_target_dag.py for tasks to queue
[2022-03-28 07:10:33,506] {logging_mixin.py:109} INFO - [2022-03-28 07:10:33,506] {dagbag.py:500} INFO - Filling up the DagBag from /home/airflow/.local/lib/python3.7/site-packages/airflow/example_dags/example_trigger_target_dag.py
[2022-03-28 07:10:33,544] {processor.py:654} INFO - DAG(s) dict_keys(['example_trigger_target_dag']) retrieved from /home/airflow/.local/lib/python3.7/site-packages/airflow/example_dags/example_trigger_target_dag.py
[2022-03-28 07:10:33,554] {logging_mixin.py:109} INFO - [2022-03-28 07:10:33,554] {dag.py:2398} INFO - Sync 1 DAGs
[2022-03-28 07:10:33,573] {logging_mixin.py:109} INFO - [2022-03-28 07:10:33,573] {dag.py:2937} INFO - Setting next_dagrun for example_trigger_target_dag to None
[2022-03-28 07:10:33,585] {processor.py:171} INFO - Processing /home/airflow/.local/lib/python3.7/site-packages/airflow/example_dags/example_trigger_target_dag.py took 0.086 seconds
[2022-03-28 07:11:03,995] {processor.py:163} INFO - Started process (PID=670) to work on /home/airflow/.local/lib/python3.7/site-packages/airflow/example_dags/example_trigger_target_dag.py
[2022-03-28 07:11:03,996] {processor.py:642} INFO - Processing file /home/airflow/.local/lib/python3.7/site-packages/airflow/example_dags/example_trigger_target_dag.py for tasks to queue
[2022-03-28 07:11:03,998] {logging_mixin.py:109} INFO - [2022-03-28 07:11:03,997] {dagbag.py:500} INFO - Filling up the DagBag from /home/airflow/.local/lib/python3.7/site-packages/airflow/example_dags/example_trigger_target_dag.py
[2022-03-28 07:11:04,032] {processor.py:654} INFO - DAG(s) dict_keys(['example_trigger_target_dag']) retrieved from /home/airflow/.local/lib/python3.7/site-packages/airflow/example_dags/example_trigger_target_dag.py
[2022-03-28 07:11:04,043] {logging_mixin.py:109} INFO - [2022-03-28 07:11:04,043] {dag.py:2398} INFO - Sync 1 DAGs
[2022-03-28 07:11:04,060] {logging_mixin.py:109} INFO - [2022-03-28 07:11:04,059] {dag.py:2937} INFO - Setting next_dagrun for example_trigger_target_dag to None
[2022-03-28 07:11:04,071] {processor.py:171} INFO - Processing /home/airflow/.local/lib/python3.7/site-packages/airflow/example_dags/example_trigger_target_dag.py took 0.079 seconds
[2022-03-28 07:11:34,493] {processor.py:163} INFO - Started process (PID=731) to work on /home/airflow/.local/lib/python3.7/site-packages/airflow/example_dags/example_trigger_target_dag.py
[2022-03-28 07:11:34,495] {processor.py:642} INFO - Processing file /home/airflow/.local/lib/python3.7/site-packages/airflow/example_dags/example_trigger_target_dag.py for tasks to queue
[2022-03-28 07:11:34,496] {logging_mixin.py:109} INFO - [2022-03-28 07:11:34,496] {dagbag.py:500} INFO - Filling up the DagBag from /home/airflow/.local/lib/python3.7/site-packages/airflow/example_dags/example_trigger_target_dag.py
[2022-03-28 07:11:34,539] {processor.py:654} INFO - DAG(s) dict_keys(['example_trigger_target_dag']) retrieved from /home/airflow/.local/lib/python3.7/site-packages/airflow/example_dags/example_trigger_target_dag.py
[2022-03-28 07:11:34,550] {logging_mixin.py:109} INFO - [2022-03-28 07:11:34,549] {dag.py:2398} INFO - Sync 1 DAGs
[2022-03-28 07:11:34,565] {logging_mixin.py:109} INFO - [2022-03-28 07:11:34,565] {dag.py:2937} INFO - Setting next_dagrun for example_trigger_target_dag to None
[2022-03-28 07:11:34,575] {processor.py:171} INFO - Processing /home/airflow/.local/lib/python3.7/site-packages/airflow/example_dags/example_trigger_target_dag.py took 0.085 seconds
[2022-03-28 07:12:04,970] {processor.py:163} INFO - Started process (PID=781) to work on /home/airflow/.local/lib/python3.7/site-packages/airflow/example_dags/example_trigger_target_dag.py
[2022-03-28 07:12:04,972] {processor.py:642} INFO - Processing file /home/airflow/.local/lib/python3.7/site-packages/airflow/example_dags/example_trigger_target_dag.py for tasks to queue
[2022-03-28 07:12:04,973] {logging_mixin.py:109} INFO - [2022-03-28 07:12:04,972] {dagbag.py:500} INFO - Filling up the DagBag from /home/airflow/.local/lib/python3.7/site-packages/airflow/example_dags/example_trigger_target_dag.py
[2022-03-28 07:12:05,008] {processor.py:654} INFO - DAG(s) dict_keys(['example_trigger_target_dag']) retrieved from /home/airflow/.local/lib/python3.7/site-packages/airflow/example_dags/example_trigger_target_dag.py
[2022-03-28 07:12:05,019] {logging_mixin.py:109} INFO - [2022-03-28 07:12:05,019] {dag.py:2398} INFO - Sync 1 DAGs
[2022-03-28 07:12:05,036] {logging_mixin.py:109} INFO - [2022-03-28 07:12:05,036] {dag.py:2937} INFO - Setting next_dagrun for example_trigger_target_dag to None
[2022-03-28 07:12:05,047] {processor.py:171} INFO - Processing /home/airflow/.local/lib/python3.7/site-packages/airflow/example_dags/example_trigger_target_dag.py took 0.080 seconds
[2022-03-28 07:12:35,552] {processor.py:163} INFO - Started process (PID=833) to work on /home/airflow/.local/lib/python3.7/site-packages/airflow/example_dags/example_trigger_target_dag.py
[2022-03-28 07:12:35,553] {processor.py:642} INFO - Processing file /home/airflow/.local/lib/python3.7/site-packages/airflow/example_dags/example_trigger_target_dag.py for tasks to queue
[2022-03-28 07:12:35,554] {logging_mixin.py:109} INFO - [2022-03-28 07:12:35,554] {dagbag.py:500} INFO - Filling up the DagBag from /home/airflow/.local/lib/python3.7/site-packages/airflow/example_dags/example_trigger_target_dag.py
[2022-03-28 07:12:35,584] {processor.py:654} INFO - DAG(s) dict_keys(['example_trigger_target_dag']) retrieved from /home/airflow/.local/lib/python3.7/site-packages/airflow/example_dags/example_trigger_target_dag.py
[2022-03-28 07:12:35,593] {logging_mixin.py:109} INFO - [2022-03-28 07:12:35,593] {dag.py:2398} INFO - Sync 1 DAGs
[2022-03-28 07:12:35,607] {logging_mixin.py:109} INFO - [2022-03-28 07:12:35,606] {dag.py:2937} INFO - Setting next_dagrun for example_trigger_target_dag to None
[2022-03-28 07:12:35,617] {processor.py:171} INFO - Processing /home/airflow/.local/lib/python3.7/site-packages/airflow/example_dags/example_trigger_target_dag.py took 0.068 seconds
[2022-03-28 07:13:06,114] {processor.py:163} INFO - Started process (PID=893) to work on /home/airflow/.local/lib/python3.7/site-packages/airflow/example_dags/example_trigger_target_dag.py
[2022-03-28 07:13:06,116] {processor.py:642} INFO - Processing file /home/airflow/.local/lib/python3.7/site-packages/airflow/example_dags/example_trigger_target_dag.py for tasks to queue
[2022-03-28 07:13:06,117] {logging_mixin.py:109} INFO - [2022-03-28 07:13:06,116] {dagbag.py:500} INFO - Filling up the DagBag from /home/airflow/.local/lib/python3.7/site-packages/airflow/example_dags/example_trigger_target_dag.py
[2022-03-28 07:13:06,150] {processor.py:654} INFO - DAG(s) dict_keys(['example_trigger_target_dag']) retrieved from /home/airflow/.local/lib/python3.7/site-packages/airflow/example_dags/example_trigger_target_dag.py
[2022-03-28 07:13:06,161] {logging_mixin.py:109} INFO - [2022-03-28 07:13:06,161] {dag.py:2398} INFO - Sync 1 DAGs
[2022-03-28 07:13:06,175] {logging_mixin.py:109} INFO - [2022-03-28 07:13:06,175] {dag.py:2937} INFO - Setting next_dagrun for example_trigger_target_dag to None
[2022-03-28 07:13:06,185] {processor.py:171} INFO - Processing /home/airflow/.local/lib/python3.7/site-packages/airflow/example_dags/example_trigger_target_dag.py took 0.075 seconds
[2022-03-28 07:13:36,623] {processor.py:163} INFO - Started process (PID=944) to work on /home/airflow/.local/lib/python3.7/site-packages/airflow/example_dags/example_trigger_target_dag.py
[2022-03-28 07:13:36,625] {processor.py:642} INFO - Processing file /home/airflow/.local/lib/python3.7/site-packages/airflow/example_dags/example_trigger_target_dag.py for tasks to queue
[2022-03-28 07:13:36,627] {logging_mixin.py:109} INFO - [2022-03-28 07:13:36,626] {dagbag.py:500} INFO - Filling up the DagBag from /home/airflow/.local/lib/python3.7/site-packages/airflow/example_dags/example_trigger_target_dag.py
[2022-03-28 07:13:36,656] {processor.py:654} INFO - DAG(s) dict_keys(['example_trigger_target_dag']) retrieved from /home/airflow/.local/lib/python3.7/site-packages/airflow/example_dags/example_trigger_target_dag.py
[2022-03-28 07:13:36,667] {logging_mixin.py:109} INFO - [2022-03-28 07:13:36,667] {dag.py:2398} INFO - Sync 1 DAGs
[2022-03-28 07:13:36,681] {logging_mixin.py:109} INFO - [2022-03-28 07:13:36,681] {dag.py:2937} INFO - Setting next_dagrun for example_trigger_target_dag to None
[2022-03-28 07:13:36,694] {processor.py:171} INFO - Processing /home/airflow/.local/lib/python3.7/site-packages/airflow/example_dags/example_trigger_target_dag.py took 0.073 seconds
[2022-03-28 07:14:07,165] {processor.py:163} INFO - Started process (PID=995) to work on /home/airflow/.local/lib/python3.7/site-packages/airflow/example_dags/example_trigger_target_dag.py
[2022-03-28 07:14:07,166] {processor.py:642} INFO - Processing file /home/airflow/.local/lib/python3.7/site-packages/airflow/example_dags/example_trigger_target_dag.py for tasks to queue
[2022-03-28 07:14:07,167] {logging_mixin.py:109} INFO - [2022-03-28 07:14:07,167] {dagbag.py:500} INFO - Filling up the DagBag from /home/airflow/.local/lib/python3.7/site-packages/airflow/example_dags/example_trigger_target_dag.py
[2022-03-28 07:14:07,200] {processor.py:654} INFO - DAG(s) dict_keys(['example_trigger_target_dag']) retrieved from /home/airflow/.local/lib/python3.7/site-packages/airflow/example_dags/example_trigger_target_dag.py
[2022-03-28 07:14:07,210] {logging_mixin.py:109} INFO - [2022-03-28 07:14:07,210] {dag.py:2398} INFO - Sync 1 DAGs
[2022-03-28 07:14:07,226] {logging_mixin.py:109} INFO - [2022-03-28 07:14:07,226] {dag.py:2937} INFO - Setting next_dagrun for example_trigger_target_dag to None
[2022-03-28 07:14:07,237] {processor.py:171} INFO - Processing /home/airflow/.local/lib/python3.7/site-packages/airflow/example_dags/example_trigger_target_dag.py took 0.074 seconds
[2022-03-28 07:14:37,834] {processor.py:163} INFO - Started process (PID=1055) to work on /home/airflow/.local/lib/python3.7/site-packages/airflow/example_dags/example_trigger_target_dag.py
[2022-03-28 07:14:37,836] {processor.py:642} INFO - Processing file /home/airflow/.local/lib/python3.7/site-packages/airflow/example_dags/example_trigger_target_dag.py for tasks to queue
[2022-03-28 07:14:37,837] {logging_mixin.py:109} INFO - [2022-03-28 07:14:37,837] {dagbag.py:500} INFO - Filling up the DagBag from /home/airflow/.local/lib/python3.7/site-packages/airflow/example_dags/example_trigger_target_dag.py
[2022-03-28 07:14:37,876] {processor.py:654} INFO - DAG(s) dict_keys(['example_trigger_target_dag']) retrieved from /home/airflow/.local/lib/python3.7/site-packages/airflow/example_dags/example_trigger_target_dag.py
[2022-03-28 07:14:37,888] {logging_mixin.py:109} INFO - [2022-03-28 07:14:37,888] {dag.py:2398} INFO - Sync 1 DAGs
[2022-03-28 07:14:37,908] {logging_mixin.py:109} INFO - [2022-03-28 07:14:37,908] {dag.py:2937} INFO - Setting next_dagrun for example_trigger_target_dag to None
[2022-03-28 07:14:37,919] {processor.py:171} INFO - Processing /home/airflow/.local/lib/python3.7/site-packages/airflow/example_dags/example_trigger_target_dag.py took 0.087 seconds
[2022-03-28 07:15:08,418] {processor.py:163} INFO - Started process (PID=1105) to work on /home/airflow/.local/lib/python3.7/site-packages/airflow/example_dags/example_trigger_target_dag.py
[2022-03-28 07:15:08,420] {processor.py:642} INFO - Processing file /home/airflow/.local/lib/python3.7/site-packages/airflow/example_dags/example_trigger_target_dag.py for tasks to queue
[2022-03-28 07:15:08,421] {logging_mixin.py:109} INFO - [2022-03-28 07:15:08,421] {dagbag.py:500} INFO - Filling up the DagBag from /home/airflow/.local/lib/python3.7/site-packages/airflow/example_dags/example_trigger_target_dag.py
[2022-03-28 07:15:08,459] {processor.py:654} INFO - DAG(s) dict_keys(['example_trigger_target_dag']) retrieved from /home/airflow/.local/lib/python3.7/site-packages/airflow/example_dags/example_trigger_target_dag.py
[2022-03-28 07:15:08,471] {logging_mixin.py:109} INFO - [2022-03-28 07:15:08,471] {dag.py:2398} INFO - Sync 1 DAGs
[2022-03-28 07:15:08,491] {logging_mixin.py:109} INFO - [2022-03-28 07:15:08,491] {dag.py:2937} INFO - Setting next_dagrun for example_trigger_target_dag to None
[2022-03-28 07:15:08,503] {processor.py:171} INFO - Processing /home/airflow/.local/lib/python3.7/site-packages/airflow/example_dags/example_trigger_target_dag.py took 0.088 seconds
[2022-03-28 07:15:39,008] {processor.py:163} INFO - Started process (PID=1156) to work on /home/airflow/.local/lib/python3.7/site-packages/airflow/example_dags/example_trigger_target_dag.py
[2022-03-28 07:15:39,009] {processor.py:642} INFO - Processing file /home/airflow/.local/lib/python3.7/site-packages/airflow/example_dags/example_trigger_target_dag.py for tasks to queue
[2022-03-28 07:15:39,010] {logging_mixin.py:109} INFO - [2022-03-28 07:15:39,010] {dagbag.py:500} INFO - Filling up the DagBag from /home/airflow/.local/lib/python3.7/site-packages/airflow/example_dags/example_trigger_target_dag.py
[2022-03-28 07:15:39,041] {processor.py:654} INFO - DAG(s) dict_keys(['example_trigger_target_dag']) retrieved from /home/airflow/.local/lib/python3.7/site-packages/airflow/example_dags/example_trigger_target_dag.py
[2022-03-28 07:15:39,051] {logging_mixin.py:109} INFO - [2022-03-28 07:15:39,051] {dag.py:2398} INFO - Sync 1 DAGs
[2022-03-28 07:15:39,067] {logging_mixin.py:109} INFO - [2022-03-28 07:15:39,066] {dag.py:2937} INFO - Setting next_dagrun for example_trigger_target_dag to None
[2022-03-28 07:15:39,079] {processor.py:171} INFO - Processing /home/airflow/.local/lib/python3.7/site-packages/airflow/example_dags/example_trigger_target_dag.py took 0.074 seconds
[2022-03-28 07:16:09,462] {processor.py:163} INFO - Started process (PID=1216) to work on /home/airflow/.local/lib/python3.7/site-packages/airflow/example_dags/example_trigger_target_dag.py
[2022-03-28 07:16:09,464] {processor.py:642} INFO - Processing file /home/airflow/.local/lib/python3.7/site-packages/airflow/example_dags/example_trigger_target_dag.py for tasks to queue
[2022-03-28 07:16:09,465] {logging_mixin.py:109} INFO - [2022-03-28 07:16:09,465] {dagbag.py:500} INFO - Filling up the DagBag from /home/airflow/.local/lib/python3.7/site-packages/airflow/example_dags/example_trigger_target_dag.py
[2022-03-28 07:16:09,509] {processor.py:654} INFO - DAG(s) dict_keys(['example_trigger_target_dag']) retrieved from /home/airflow/.local/lib/python3.7/site-packages/airflow/example_dags/example_trigger_target_dag.py
[2022-03-28 07:16:09,521] {logging_mixin.py:109} INFO - [2022-03-28 07:16:09,521] {dag.py:2398} INFO - Sync 1 DAGs
[2022-03-28 07:16:09,538] {logging_mixin.py:109} INFO - [2022-03-28 07:16:09,538] {dag.py:2937} INFO - Setting next_dagrun for example_trigger_target_dag to None
[2022-03-28 07:16:09,547] {processor.py:171} INFO - Processing /home/airflow/.local/lib/python3.7/site-packages/airflow/example_dags/example_trigger_target_dag.py took 0.087 seconds
[2022-03-28 07:16:40,043] {processor.py:163} INFO - Started process (PID=1268) to work on /home/airflow/.local/lib/python3.7/site-packages/airflow/example_dags/example_trigger_target_dag.py
[2022-03-28 07:16:40,044] {processor.py:642} INFO - Processing file /home/airflow/.local/lib/python3.7/site-packages/airflow/example_dags/example_trigger_target_dag.py for tasks to queue
[2022-03-28 07:16:40,045] {logging_mixin.py:109} INFO - [2022-03-28 07:16:40,045] {dagbag.py:500} INFO - Filling up the DagBag from /home/airflow/.local/lib/python3.7/site-packages/airflow/example_dags/example_trigger_target_dag.py
[2022-03-28 07:16:40,076] {processor.py:654} INFO - DAG(s) dict_keys(['example_trigger_target_dag']) retrieved from /home/airflow/.local/lib/python3.7/site-packages/airflow/example_dags/example_trigger_target_dag.py
[2022-03-28 07:16:40,087] {logging_mixin.py:109} INFO - [2022-03-28 07:16:40,087] {dag.py:2398} INFO - Sync 1 DAGs
[2022-03-28 07:16:40,101] {logging_mixin.py:109} INFO - [2022-03-28 07:16:40,101] {dag.py:2937} INFO - Setting next_dagrun for example_trigger_target_dag to None
[2022-03-28 07:16:40,109] {processor.py:171} INFO - Processing /home/airflow/.local/lib/python3.7/site-packages/airflow/example_dags/example_trigger_target_dag.py took 0.069 seconds
[2022-03-28 07:17:10,608] {processor.py:163} INFO - Started process (PID=1320) to work on /home/airflow/.local/lib/python3.7/site-packages/airflow/example_dags/example_trigger_target_dag.py
[2022-03-28 07:17:10,610] {processor.py:642} INFO - Processing file /home/airflow/.local/lib/python3.7/site-packages/airflow/example_dags/example_trigger_target_dag.py for tasks to queue
[2022-03-28 07:17:10,611] {logging_mixin.py:109} INFO - [2022-03-28 07:17:10,611] {dagbag.py:500} INFO - Filling up the DagBag from /home/airflow/.local/lib/python3.7/site-packages/airflow/example_dags/example_trigger_target_dag.py
[2022-03-28 07:17:10,645] {processor.py:654} INFO - DAG(s) dict_keys(['example_trigger_target_dag']) retrieved from /home/airflow/.local/lib/python3.7/site-packages/airflow/example_dags/example_trigger_target_dag.py
[2022-03-28 07:17:10,654] {logging_mixin.py:109} INFO - [2022-03-28 07:17:10,654] {dag.py:2398} INFO - Sync 1 DAGs
[2022-03-28 07:17:10,668] {logging_mixin.py:109} INFO - [2022-03-28 07:17:10,668] {dag.py:2937} INFO - Setting next_dagrun for example_trigger_target_dag to None
[2022-03-28 07:17:10,677] {processor.py:171} INFO - Processing /home/airflow/.local/lib/python3.7/site-packages/airflow/example_dags/example_trigger_target_dag.py took 0.072 seconds
[2022-03-28 07:17:41,272] {processor.py:163} INFO - Started process (PID=1381) to work on /home/airflow/.local/lib/python3.7/site-packages/airflow/example_dags/example_trigger_target_dag.py
[2022-03-28 07:17:41,273] {processor.py:642} INFO - Processing file /home/airflow/.local/lib/python3.7/site-packages/airflow/example_dags/example_trigger_target_dag.py for tasks to queue
[2022-03-28 07:17:41,274] {logging_mixin.py:109} INFO - [2022-03-28 07:17:41,274] {dagbag.py:500} INFO - Filling up the DagBag from /home/airflow/.local/lib/python3.7/site-packages/airflow/example_dags/example_trigger_target_dag.py
[2022-03-28 07:17:41,313] {processor.py:654} INFO - DAG(s) dict_keys(['example_trigger_target_dag']) retrieved from /home/airflow/.local/lib/python3.7/site-packages/airflow/example_dags/example_trigger_target_dag.py
[2022-03-28 07:17:41,325] {logging_mixin.py:109} INFO - [2022-03-28 07:17:41,324] {dag.py:2398} INFO - Sync 1 DAGs
[2022-03-28 07:17:41,344] {logging_mixin.py:109} INFO - [2022-03-28 07:17:41,343] {dag.py:2937} INFO - Setting next_dagrun for example_trigger_target_dag to None
[2022-03-28 07:17:41,356] {processor.py:171} INFO - Processing /home/airflow/.local/lib/python3.7/site-packages/airflow/example_dags/example_trigger_target_dag.py took 0.087 seconds
[2022-03-28 07:18:11,813] {processor.py:163} INFO - Started process (PID=1432) to work on /home/airflow/.local/lib/python3.7/site-packages/airflow/example_dags/example_trigger_target_dag.py
[2022-03-28 07:18:11,814] {processor.py:642} INFO - Processing file /home/airflow/.local/lib/python3.7/site-packages/airflow/example_dags/example_trigger_target_dag.py for tasks to queue
[2022-03-28 07:18:11,815] {logging_mixin.py:109} INFO - [2022-03-28 07:18:11,815] {dagbag.py:500} INFO - Filling up the DagBag from /home/airflow/.local/lib/python3.7/site-packages/airflow/example_dags/example_trigger_target_dag.py
[2022-03-28 07:18:11,850] {processor.py:654} INFO - DAG(s) dict_keys(['example_trigger_target_dag']) retrieved from /home/airflow/.local/lib/python3.7/site-packages/airflow/example_dags/example_trigger_target_dag.py
[2022-03-28 07:18:11,860] {logging_mixin.py:109} INFO - [2022-03-28 07:18:11,860] {dag.py:2398} INFO - Sync 1 DAGs
[2022-03-28 07:18:11,875] {logging_mixin.py:109} INFO - [2022-03-28 07:18:11,874] {dag.py:2937} INFO - Setting next_dagrun for example_trigger_target_dag to None
[2022-03-28 07:18:11,884] {processor.py:171} INFO - Processing /home/airflow/.local/lib/python3.7/site-packages/airflow/example_dags/example_trigger_target_dag.py took 0.075 seconds
[2022-03-28 07:18:42,217] {processor.py:163} INFO - Started process (PID=1483) to work on /home/airflow/.local/lib/python3.7/site-packages/airflow/example_dags/example_trigger_target_dag.py
[2022-03-28 07:18:42,218] {processor.py:642} INFO - Processing file /home/airflow/.local/lib/python3.7/site-packages/airflow/example_dags/example_trigger_target_dag.py for tasks to queue
[2022-03-28 07:18:42,219] {logging_mixin.py:109} INFO - [2022-03-28 07:18:42,219] {dagbag.py:500} INFO - Filling up the DagBag from /home/airflow/.local/lib/python3.7/site-packages/airflow/example_dags/example_trigger_target_dag.py
[2022-03-28 07:18:42,249] {processor.py:654} INFO - DAG(s) dict_keys(['example_trigger_target_dag']) retrieved from /home/airflow/.local/lib/python3.7/site-packages/airflow/example_dags/example_trigger_target_dag.py
[2022-03-28 07:18:42,257] {logging_mixin.py:109} INFO - [2022-03-28 07:18:42,257] {dag.py:2398} INFO - Sync 1 DAGs
[2022-03-28 07:18:42,270] {logging_mixin.py:109} INFO - [2022-03-28 07:18:42,270] {dag.py:2937} INFO - Setting next_dagrun for example_trigger_target_dag to None
[2022-03-28 07:18:42,280] {processor.py:171} INFO - Processing /home/airflow/.local/lib/python3.7/site-packages/airflow/example_dags/example_trigger_target_dag.py took 0.066 seconds
[2022-03-28 07:19:12,774] {processor.py:163} INFO - Started process (PID=1543) to work on /home/airflow/.local/lib/python3.7/site-packages/airflow/example_dags/example_trigger_target_dag.py
[2022-03-28 07:19:12,776] {processor.py:642} INFO - Processing file /home/airflow/.local/lib/python3.7/site-packages/airflow/example_dags/example_trigger_target_dag.py for tasks to queue
[2022-03-28 07:19:12,777] {logging_mixin.py:109} INFO - [2022-03-28 07:19:12,777] {dagbag.py:500} INFO - Filling up the DagBag from /home/airflow/.local/lib/python3.7/site-packages/airflow/example_dags/example_trigger_target_dag.py
[2022-03-28 07:19:12,817] {processor.py:654} INFO - DAG(s) dict_keys(['example_trigger_target_dag']) retrieved from /home/airflow/.local/lib/python3.7/site-packages/airflow/example_dags/example_trigger_target_dag.py
[2022-03-28 07:19:12,828] {logging_mixin.py:109} INFO - [2022-03-28 07:19:12,828] {dag.py:2398} INFO - Sync 1 DAGs
[2022-03-28 07:19:12,845] {logging_mixin.py:109} INFO - [2022-03-28 07:19:12,845] {dag.py:2937} INFO - Setting next_dagrun for example_trigger_target_dag to None
[2022-03-28 07:19:12,856] {processor.py:171} INFO - Processing /home/airflow/.local/lib/python3.7/site-packages/airflow/example_dags/example_trigger_target_dag.py took 0.084 seconds
[2022-03-28 07:19:43,295] {processor.py:163} INFO - Started process (PID=1595) to work on /home/airflow/.local/lib/python3.7/site-packages/airflow/example_dags/example_trigger_target_dag.py
[2022-03-28 07:19:43,297] {processor.py:642} INFO - Processing file /home/airflow/.local/lib/python3.7/site-packages/airflow/example_dags/example_trigger_target_dag.py for tasks to queue
[2022-03-28 07:19:43,298] {logging_mixin.py:109} INFO - [2022-03-28 07:19:43,298] {dagbag.py:500} INFO - Filling up the DagBag from /home/airflow/.local/lib/python3.7/site-packages/airflow/example_dags/example_trigger_target_dag.py
[2022-03-28 07:19:43,332] {processor.py:654} INFO - DAG(s) dict_keys(['example_trigger_target_dag']) retrieved from /home/airflow/.local/lib/python3.7/site-packages/airflow/example_dags/example_trigger_target_dag.py
[2022-03-28 07:19:43,341] {logging_mixin.py:109} INFO - [2022-03-28 07:19:43,341] {dag.py:2398} INFO - Sync 1 DAGs
[2022-03-28 07:19:43,358] {logging_mixin.py:109} INFO - [2022-03-28 07:19:43,358] {dag.py:2937} INFO - Setting next_dagrun for example_trigger_target_dag to None
[2022-03-28 07:19:43,369] {processor.py:171} INFO - Processing /home/airflow/.local/lib/python3.7/site-packages/airflow/example_dags/example_trigger_target_dag.py took 0.077 seconds
[2022-03-28 07:20:14,123] {processor.py:163} INFO - Started process (PID=1646) to work on /home/airflow/.local/lib/python3.7/site-packages/airflow/example_dags/example_trigger_target_dag.py
[2022-03-28 07:20:14,125] {processor.py:642} INFO - Processing file /home/airflow/.local/lib/python3.7/site-packages/airflow/example_dags/example_trigger_target_dag.py for tasks to queue
[2022-03-28 07:20:14,126] {logging_mixin.py:109} INFO - [2022-03-28 07:20:14,126] {dagbag.py:500} INFO - Filling up the DagBag from /home/airflow/.local/lib/python3.7/site-packages/airflow/example_dags/example_trigger_target_dag.py
[2022-03-28 07:20:14,160] {processor.py:654} INFO - DAG(s) dict_keys(['example_trigger_target_dag']) retrieved from /home/airflow/.local/lib/python3.7/site-packages/airflow/example_dags/example_trigger_target_dag.py
[2022-03-28 07:20:14,169] {logging_mixin.py:109} INFO - [2022-03-28 07:20:14,169] {dag.py:2398} INFO - Sync 1 DAGs
[2022-03-28 07:20:14,183] {logging_mixin.py:109} INFO - [2022-03-28 07:20:14,183] {dag.py:2937} INFO - Setting next_dagrun for example_trigger_target_dag to None
[2022-03-28 07:20:14,193] {processor.py:171} INFO - Processing /home/airflow/.local/lib/python3.7/site-packages/airflow/example_dags/example_trigger_target_dag.py took 0.074 seconds
[2022-03-28 07:20:44,248] {processor.py:163} INFO - Started process (PID=1707) to work on /home/airflow/.local/lib/python3.7/site-packages/airflow/example_dags/example_trigger_target_dag.py
[2022-03-28 07:20:44,249] {processor.py:642} INFO - Processing file /home/airflow/.local/lib/python3.7/site-packages/airflow/example_dags/example_trigger_target_dag.py for tasks to queue
[2022-03-28 07:20:44,250] {logging_mixin.py:109} INFO - [2022-03-28 07:20:44,250] {dagbag.py:500} INFO - Filling up the DagBag from /home/airflow/.local/lib/python3.7/site-packages/airflow/example_dags/example_trigger_target_dag.py
[2022-03-28 07:20:44,294] {processor.py:654} INFO - DAG(s) dict_keys(['example_trigger_target_dag']) retrieved from /home/airflow/.local/lib/python3.7/site-packages/airflow/example_dags/example_trigger_target_dag.py
[2022-03-28 07:20:44,305] {logging_mixin.py:109} INFO - [2022-03-28 07:20:44,305] {dag.py:2398} INFO - Sync 1 DAGs
[2022-03-28 07:20:44,324] {logging_mixin.py:109} INFO - [2022-03-28 07:20:44,324] {dag.py:2937} INFO - Setting next_dagrun for example_trigger_target_dag to None
[2022-03-28 07:20:44,335] {processor.py:171} INFO - Processing /home/airflow/.local/lib/python3.7/site-packages/airflow/example_dags/example_trigger_target_dag.py took 0.092 seconds
[2022-03-28 07:21:14,868] {processor.py:163} INFO - Started process (PID=1758) to work on /home/airflow/.local/lib/python3.7/site-packages/airflow/example_dags/example_trigger_target_dag.py
[2022-03-28 07:21:14,870] {processor.py:642} INFO - Processing file /home/airflow/.local/lib/python3.7/site-packages/airflow/example_dags/example_trigger_target_dag.py for tasks to queue
[2022-03-28 07:21:14,871] {logging_mixin.py:109} INFO - [2022-03-28 07:21:14,871] {dagbag.py:500} INFO - Filling up the DagBag from /home/airflow/.local/lib/python3.7/site-packages/airflow/example_dags/example_trigger_target_dag.py
[2022-03-28 07:21:14,903] {processor.py:654} INFO - DAG(s) dict_keys(['example_trigger_target_dag']) retrieved from /home/airflow/.local/lib/python3.7/site-packages/airflow/example_dags/example_trigger_target_dag.py
[2022-03-28 07:21:14,912] {logging_mixin.py:109} INFO - [2022-03-28 07:21:14,912] {dag.py:2398} INFO - Sync 1 DAGs
[2022-03-28 07:21:14,928] {logging_mixin.py:109} INFO - [2022-03-28 07:21:14,928] {dag.py:2937} INFO - Setting next_dagrun for example_trigger_target_dag to None
[2022-03-28 07:21:14,939] {processor.py:171} INFO - Processing /home/airflow/.local/lib/python3.7/site-packages/airflow/example_dags/example_trigger_target_dag.py took 0.073 seconds
[2022-03-28 07:21:45,201] {processor.py:163} INFO - Started process (PID=1809) to work on /home/airflow/.local/lib/python3.7/site-packages/airflow/example_dags/example_trigger_target_dag.py
[2022-03-28 07:21:45,202] {processor.py:642} INFO - Processing file /home/airflow/.local/lib/python3.7/site-packages/airflow/example_dags/example_trigger_target_dag.py for tasks to queue
[2022-03-28 07:21:45,203] {logging_mixin.py:109} INFO - [2022-03-28 07:21:45,203] {dagbag.py:500} INFO - Filling up the DagBag from /home/airflow/.local/lib/python3.7/site-packages/airflow/example_dags/example_trigger_target_dag.py
[2022-03-28 07:21:45,234] {processor.py:654} INFO - DAG(s) dict_keys(['example_trigger_target_dag']) retrieved from /home/airflow/.local/lib/python3.7/site-packages/airflow/example_dags/example_trigger_target_dag.py
[2022-03-28 07:21:45,243] {logging_mixin.py:109} INFO - [2022-03-28 07:21:45,242] {dag.py:2398} INFO - Sync 1 DAGs
[2022-03-28 07:21:45,257] {logging_mixin.py:109} INFO - [2022-03-28 07:21:45,256] {dag.py:2937} INFO - Setting next_dagrun for example_trigger_target_dag to None
[2022-03-28 07:21:45,267] {processor.py:171} INFO - Processing /home/airflow/.local/lib/python3.7/site-packages/airflow/example_dags/example_trigger_target_dag.py took 0.069 seconds
[2022-03-28 07:22:15,480] {processor.py:163} INFO - Started process (PID=1870) to work on /home/airflow/.local/lib/python3.7/site-packages/airflow/example_dags/example_trigger_target_dag.py
[2022-03-28 07:22:15,482] {processor.py:642} INFO - Processing file /home/airflow/.local/lib/python3.7/site-packages/airflow/example_dags/example_trigger_target_dag.py for tasks to queue
[2022-03-28 07:22:15,483] {logging_mixin.py:109} INFO - [2022-03-28 07:22:15,483] {dagbag.py:500} INFO - Filling up the DagBag from /home/airflow/.local/lib/python3.7/site-packages/airflow/example_dags/example_trigger_target_dag.py
[2022-03-28 07:22:15,553] {processor.py:654} INFO - DAG(s) dict_keys(['example_trigger_target_dag']) retrieved from /home/airflow/.local/lib/python3.7/site-packages/airflow/example_dags/example_trigger_target_dag.py
[2022-03-28 07:22:15,575] {logging_mixin.py:109} INFO - [2022-03-28 07:22:15,574] {dag.py:2398} INFO - Sync 1 DAGs
[2022-03-28 07:22:15,611] {logging_mixin.py:109} INFO - [2022-03-28 07:22:15,611] {dag.py:2937} INFO - Setting next_dagrun for example_trigger_target_dag to None
[2022-03-28 07:22:15,622] {processor.py:171} INFO - Processing /home/airflow/.local/lib/python3.7/site-packages/airflow/example_dags/example_trigger_target_dag.py took 0.145 seconds
[2022-03-28 07:22:45,987] {processor.py:163} INFO - Started process (PID=1921) to work on /home/airflow/.local/lib/python3.7/site-packages/airflow/example_dags/example_trigger_target_dag.py
[2022-03-28 07:22:45,988] {processor.py:642} INFO - Processing file /home/airflow/.local/lib/python3.7/site-packages/airflow/example_dags/example_trigger_target_dag.py for tasks to queue
[2022-03-28 07:22:45,989] {logging_mixin.py:109} INFO - [2022-03-28 07:22:45,989] {dagbag.py:500} INFO - Filling up the DagBag from /home/airflow/.local/lib/python3.7/site-packages/airflow/example_dags/example_trigger_target_dag.py
[2022-03-28 07:22:46,038] {processor.py:654} INFO - DAG(s) dict_keys(['example_trigger_target_dag']) retrieved from /home/airflow/.local/lib/python3.7/site-packages/airflow/example_dags/example_trigger_target_dag.py
[2022-03-28 07:22:46,056] {logging_mixin.py:109} INFO - [2022-03-28 07:22:46,056] {dag.py:2398} INFO - Sync 1 DAGs
[2022-03-28 07:22:46,085] {logging_mixin.py:109} INFO - [2022-03-28 07:22:46,085] {dag.py:2937} INFO - Setting next_dagrun for example_trigger_target_dag to None
[2022-03-28 07:22:46,101] {processor.py:171} INFO - Processing /home/airflow/.local/lib/python3.7/site-packages/airflow/example_dags/example_trigger_target_dag.py took 0.120 seconds
[2022-03-28 07:23:16,444] {processor.py:163} INFO - Started process (PID=1971) to work on /home/airflow/.local/lib/python3.7/site-packages/airflow/example_dags/example_trigger_target_dag.py
[2022-03-28 07:23:16,446] {processor.py:642} INFO - Processing file /home/airflow/.local/lib/python3.7/site-packages/airflow/example_dags/example_trigger_target_dag.py for tasks to queue
[2022-03-28 07:23:16,447] {logging_mixin.py:109} INFO - [2022-03-28 07:23:16,447] {dagbag.py:500} INFO - Filling up the DagBag from /home/airflow/.local/lib/python3.7/site-packages/airflow/example_dags/example_trigger_target_dag.py
[2022-03-28 07:23:16,501] {processor.py:654} INFO - DAG(s) dict_keys(['example_trigger_target_dag']) retrieved from /home/airflow/.local/lib/python3.7/site-packages/airflow/example_dags/example_trigger_target_dag.py
[2022-03-28 07:23:16,516] {logging_mixin.py:109} INFO - [2022-03-28 07:23:16,515] {dag.py:2398} INFO - Sync 1 DAGs
[2022-03-28 07:23:16,539] {logging_mixin.py:109} INFO - [2022-03-28 07:23:16,539] {dag.py:2937} INFO - Setting next_dagrun for example_trigger_target_dag to None
[2022-03-28 07:23:16,551] {processor.py:171} INFO - Processing /home/airflow/.local/lib/python3.7/site-packages/airflow/example_dags/example_trigger_target_dag.py took 0.112 seconds
[2022-03-28 07:23:47,148] {processor.py:163} INFO - Started process (PID=2023) to work on /home/airflow/.local/lib/python3.7/site-packages/airflow/example_dags/example_trigger_target_dag.py
[2022-03-28 07:23:47,150] {processor.py:642} INFO - Processing file /home/airflow/.local/lib/python3.7/site-packages/airflow/example_dags/example_trigger_target_dag.py for tasks to queue
[2022-03-28 07:23:47,151] {logging_mixin.py:109} INFO - [2022-03-28 07:23:47,151] {dagbag.py:500} INFO - Filling up the DagBag from /home/airflow/.local/lib/python3.7/site-packages/airflow/example_dags/example_trigger_target_dag.py
[2022-03-28 07:23:47,211] {processor.py:654} INFO - DAG(s) dict_keys(['example_trigger_target_dag']) retrieved from /home/airflow/.local/lib/python3.7/site-packages/airflow/example_dags/example_trigger_target_dag.py
[2022-03-28 07:23:47,227] {logging_mixin.py:109} INFO - [2022-03-28 07:23:47,226] {dag.py:2398} INFO - Sync 1 DAGs
[2022-03-28 07:23:47,252] {logging_mixin.py:109} INFO - [2022-03-28 07:23:47,252] {dag.py:2937} INFO - Setting next_dagrun for example_trigger_target_dag to None
[2022-03-28 07:23:47,267] {processor.py:171} INFO - Processing /home/airflow/.local/lib/python3.7/site-packages/airflow/example_dags/example_trigger_target_dag.py took 0.124 seconds
[2022-03-28 07:24:17,718] {processor.py:163} INFO - Started process (PID=2075) to work on /home/airflow/.local/lib/python3.7/site-packages/airflow/example_dags/example_trigger_target_dag.py
[2022-03-28 07:24:17,719] {processor.py:642} INFO - Processing file /home/airflow/.local/lib/python3.7/site-packages/airflow/example_dags/example_trigger_target_dag.py for tasks to queue
[2022-03-28 07:24:17,720] {logging_mixin.py:109} INFO - [2022-03-28 07:24:17,720] {dagbag.py:500} INFO - Filling up the DagBag from /home/airflow/.local/lib/python3.7/site-packages/airflow/example_dags/example_trigger_target_dag.py
[2022-03-28 07:24:17,758] {processor.py:654} INFO - DAG(s) dict_keys(['example_trigger_target_dag']) retrieved from /home/airflow/.local/lib/python3.7/site-packages/airflow/example_dags/example_trigger_target_dag.py
[2022-03-28 07:24:17,770] {logging_mixin.py:109} INFO - [2022-03-28 07:24:17,770] {dag.py:2398} INFO - Sync 1 DAGs
[2022-03-28 07:24:17,789] {logging_mixin.py:109} INFO - [2022-03-28 07:24:17,789] {dag.py:2937} INFO - Setting next_dagrun for example_trigger_target_dag to None
[2022-03-28 07:24:17,802] {processor.py:171} INFO - Processing /home/airflow/.local/lib/python3.7/site-packages/airflow/example_dags/example_trigger_target_dag.py took 0.087 seconds
[2022-03-28 07:24:47,970] {processor.py:163} INFO - Started process (PID=2135) to work on /home/airflow/.local/lib/python3.7/site-packages/airflow/example_dags/example_trigger_target_dag.py
[2022-03-28 07:24:47,972] {processor.py:642} INFO - Processing file /home/airflow/.local/lib/python3.7/site-packages/airflow/example_dags/example_trigger_target_dag.py for tasks to queue
[2022-03-28 07:24:47,973] {logging_mixin.py:109} INFO - [2022-03-28 07:24:47,972] {dagbag.py:500} INFO - Filling up the DagBag from /home/airflow/.local/lib/python3.7/site-packages/airflow/example_dags/example_trigger_target_dag.py
[2022-03-28 07:24:48,014] {processor.py:654} INFO - DAG(s) dict_keys(['example_trigger_target_dag']) retrieved from /home/airflow/.local/lib/python3.7/site-packages/airflow/example_dags/example_trigger_target_dag.py
[2022-03-28 07:24:48,024] {logging_mixin.py:109} INFO - [2022-03-28 07:24:48,024] {dag.py:2398} INFO - Sync 1 DAGs
[2022-03-28 07:24:48,047] {logging_mixin.py:109} INFO - [2022-03-28 07:24:48,047] {dag.py:2937} INFO - Setting next_dagrun for example_trigger_target_dag to None
[2022-03-28 07:24:48,060] {processor.py:171} INFO - Processing /home/airflow/.local/lib/python3.7/site-packages/airflow/example_dags/example_trigger_target_dag.py took 0.093 seconds
[2022-03-28 07:25:18,166] {processor.py:163} INFO - Started process (PID=2187) to work on /home/airflow/.local/lib/python3.7/site-packages/airflow/example_dags/example_trigger_target_dag.py
[2022-03-28 07:25:18,167] {processor.py:642} INFO - Processing file /home/airflow/.local/lib/python3.7/site-packages/airflow/example_dags/example_trigger_target_dag.py for tasks to queue
[2022-03-28 07:25:18,168] {logging_mixin.py:109} INFO - [2022-03-28 07:25:18,168] {dagbag.py:500} INFO - Filling up the DagBag from /home/airflow/.local/lib/python3.7/site-packages/airflow/example_dags/example_trigger_target_dag.py
[2022-03-28 07:25:18,193] {processor.py:654} INFO - DAG(s) dict_keys(['example_trigger_target_dag']) retrieved from /home/airflow/.local/lib/python3.7/site-packages/airflow/example_dags/example_trigger_target_dag.py
[2022-03-28 07:25:18,201] {logging_mixin.py:109} INFO - [2022-03-28 07:25:18,201] {dag.py:2398} INFO - Sync 1 DAGs
[2022-03-28 07:25:18,213] {logging_mixin.py:109} INFO - [2022-03-28 07:25:18,213] {dag.py:2937} INFO - Setting next_dagrun for example_trigger_target_dag to None
[2022-03-28 07:25:18,221] {processor.py:171} INFO - Processing /home/airflow/.local/lib/python3.7/site-packages/airflow/example_dags/example_trigger_target_dag.py took 0.057 seconds
[2022-03-28 07:25:49,032] {processor.py:163} INFO - Started process (PID=2238) to work on /home/airflow/.local/lib/python3.7/site-packages/airflow/example_dags/example_trigger_target_dag.py
[2022-03-28 07:25:49,033] {processor.py:642} INFO - Processing file /home/airflow/.local/lib/python3.7/site-packages/airflow/example_dags/example_trigger_target_dag.py for tasks to queue
[2022-03-28 07:25:49,034] {logging_mixin.py:109} INFO - [2022-03-28 07:25:49,034] {dagbag.py:500} INFO - Filling up the DagBag from /home/airflow/.local/lib/python3.7/site-packages/airflow/example_dags/example_trigger_target_dag.py
[2022-03-28 07:25:49,059] {processor.py:654} INFO - DAG(s) dict_keys(['example_trigger_target_dag']) retrieved from /home/airflow/.local/lib/python3.7/site-packages/airflow/example_dags/example_trigger_target_dag.py
[2022-03-28 07:25:49,066] {logging_mixin.py:109} INFO - [2022-03-28 07:25:49,066] {dag.py:2398} INFO - Sync 1 DAGs
[2022-03-28 07:25:49,079] {logging_mixin.py:109} INFO - [2022-03-28 07:25:49,079] {dag.py:2937} INFO - Setting next_dagrun for example_trigger_target_dag to None
[2022-03-28 07:25:49,088] {processor.py:171} INFO - Processing /home/airflow/.local/lib/python3.7/site-packages/airflow/example_dags/example_trigger_target_dag.py took 0.058 seconds
[2022-03-28 07:26:19,852] {processor.py:163} INFO - Started process (PID=2299) to work on /home/airflow/.local/lib/python3.7/site-packages/airflow/example_dags/example_trigger_target_dag.py
[2022-03-28 07:26:19,853] {processor.py:642} INFO - Processing file /home/airflow/.local/lib/python3.7/site-packages/airflow/example_dags/example_trigger_target_dag.py for tasks to queue
[2022-03-28 07:26:19,854] {logging_mixin.py:109} INFO - [2022-03-28 07:26:19,854] {dagbag.py:500} INFO - Filling up the DagBag from /home/airflow/.local/lib/python3.7/site-packages/airflow/example_dags/example_trigger_target_dag.py
[2022-03-28 07:26:19,885] {processor.py:654} INFO - DAG(s) dict_keys(['example_trigger_target_dag']) retrieved from /home/airflow/.local/lib/python3.7/site-packages/airflow/example_dags/example_trigger_target_dag.py
[2022-03-28 07:26:19,896] {logging_mixin.py:109} INFO - [2022-03-28 07:26:19,896] {dag.py:2398} INFO - Sync 1 DAGs
[2022-03-28 07:26:19,911] {logging_mixin.py:109} INFO - [2022-03-28 07:26:19,911] {dag.py:2937} INFO - Setting next_dagrun for example_trigger_target_dag to None
[2022-03-28 07:26:19,921] {processor.py:171} INFO - Processing /home/airflow/.local/lib/python3.7/site-packages/airflow/example_dags/example_trigger_target_dag.py took 0.071 seconds
[2022-03-28 07:26:50,568] {processor.py:163} INFO - Started process (PID=2350) to work on /home/airflow/.local/lib/python3.7/site-packages/airflow/example_dags/example_trigger_target_dag.py
[2022-03-28 07:26:50,569] {processor.py:642} INFO - Processing file /home/airflow/.local/lib/python3.7/site-packages/airflow/example_dags/example_trigger_target_dag.py for tasks to queue
[2022-03-28 07:26:50,570] {logging_mixin.py:109} INFO - [2022-03-28 07:26:50,570] {dagbag.py:500} INFO - Filling up the DagBag from /home/airflow/.local/lib/python3.7/site-packages/airflow/example_dags/example_trigger_target_dag.py
[2022-03-28 07:26:50,597] {processor.py:654} INFO - DAG(s) dict_keys(['example_trigger_target_dag']) retrieved from /home/airflow/.local/lib/python3.7/site-packages/airflow/example_dags/example_trigger_target_dag.py
[2022-03-28 07:26:50,607] {logging_mixin.py:109} INFO - [2022-03-28 07:26:50,607] {dag.py:2398} INFO - Sync 1 DAGs
[2022-03-28 07:26:50,626] {logging_mixin.py:109} INFO - [2022-03-28 07:26:50,626] {dag.py:2937} INFO - Setting next_dagrun for example_trigger_target_dag to None
[2022-03-28 07:26:50,638] {processor.py:171} INFO - Processing /home/airflow/.local/lib/python3.7/site-packages/airflow/example_dags/example_trigger_target_dag.py took 0.074 seconds
[2022-03-28 07:27:21,156] {processor.py:163} INFO - Started process (PID=2401) to work on /home/airflow/.local/lib/python3.7/site-packages/airflow/example_dags/example_trigger_target_dag.py
[2022-03-28 07:27:21,157] {processor.py:642} INFO - Processing file /home/airflow/.local/lib/python3.7/site-packages/airflow/example_dags/example_trigger_target_dag.py for tasks to queue
[2022-03-28 07:27:21,158] {logging_mixin.py:109} INFO - [2022-03-28 07:27:21,158] {dagbag.py:500} INFO - Filling up the DagBag from /home/airflow/.local/lib/python3.7/site-packages/airflow/example_dags/example_trigger_target_dag.py
[2022-03-28 07:27:21,195] {processor.py:654} INFO - DAG(s) dict_keys(['example_trigger_target_dag']) retrieved from /home/airflow/.local/lib/python3.7/site-packages/airflow/example_dags/example_trigger_target_dag.py
[2022-03-28 07:27:21,218] {logging_mixin.py:109} INFO - [2022-03-28 07:27:21,218] {dag.py:2398} INFO - Sync 1 DAGs
[2022-03-28 07:27:21,234] {logging_mixin.py:109} INFO - [2022-03-28 07:27:21,233] {dag.py:2937} INFO - Setting next_dagrun for example_trigger_target_dag to None
[2022-03-28 07:27:21,243] {processor.py:171} INFO - Processing /home/airflow/.local/lib/python3.7/site-packages/airflow/example_dags/example_trigger_target_dag.py took 0.090 seconds
[2022-03-28 07:27:51,960] {processor.py:163} INFO - Started process (PID=2462) to work on /home/airflow/.local/lib/python3.7/site-packages/airflow/example_dags/example_trigger_target_dag.py
[2022-03-28 07:27:51,961] {processor.py:642} INFO - Processing file /home/airflow/.local/lib/python3.7/site-packages/airflow/example_dags/example_trigger_target_dag.py for tasks to queue
[2022-03-28 07:27:51,962] {logging_mixin.py:109} INFO - [2022-03-28 07:27:51,962] {dagbag.py:500} INFO - Filling up the DagBag from /home/airflow/.local/lib/python3.7/site-packages/airflow/example_dags/example_trigger_target_dag.py
[2022-03-28 07:27:51,994] {processor.py:654} INFO - DAG(s) dict_keys(['example_trigger_target_dag']) retrieved from /home/airflow/.local/lib/python3.7/site-packages/airflow/example_dags/example_trigger_target_dag.py
[2022-03-28 07:27:52,006] {logging_mixin.py:109} INFO - [2022-03-28 07:27:52,005] {dag.py:2398} INFO - Sync 1 DAGs
[2022-03-28 07:27:52,022] {logging_mixin.py:109} INFO - [2022-03-28 07:27:52,022] {dag.py:2937} INFO - Setting next_dagrun for example_trigger_target_dag to None
[2022-03-28 07:27:52,032] {processor.py:171} INFO - Processing /home/airflow/.local/lib/python3.7/site-packages/airflow/example_dags/example_trigger_target_dag.py took 0.075 seconds
[2022-03-28 07:28:22,549] {processor.py:163} INFO - Started process (PID=2512) to work on /home/airflow/.local/lib/python3.7/site-packages/airflow/example_dags/example_trigger_target_dag.py
[2022-03-28 07:28:22,551] {processor.py:642} INFO - Processing file /home/airflow/.local/lib/python3.7/site-packages/airflow/example_dags/example_trigger_target_dag.py for tasks to queue
[2022-03-28 07:28:22,552] {logging_mixin.py:109} INFO - [2022-03-28 07:28:22,551] {dagbag.py:500} INFO - Filling up the DagBag from /home/airflow/.local/lib/python3.7/site-packages/airflow/example_dags/example_trigger_target_dag.py
[2022-03-28 07:28:22,582] {processor.py:654} INFO - DAG(s) dict_keys(['example_trigger_target_dag']) retrieved from /home/airflow/.local/lib/python3.7/site-packages/airflow/example_dags/example_trigger_target_dag.py
[2022-03-28 07:28:22,591] {logging_mixin.py:109} INFO - [2022-03-28 07:28:22,591] {dag.py:2398} INFO - Sync 1 DAGs
[2022-03-28 07:28:22,607] {logging_mixin.py:109} INFO - [2022-03-28 07:28:22,607] {dag.py:2937} INFO - Setting next_dagrun for example_trigger_target_dag to None
[2022-03-28 07:28:22,618] {processor.py:171} INFO - Processing /home/airflow/.local/lib/python3.7/site-packages/airflow/example_dags/example_trigger_target_dag.py took 0.072 seconds
[2022-03-28 07:28:53,283] {processor.py:163} INFO - Started process (PID=2574) to work on /home/airflow/.local/lib/python3.7/site-packages/airflow/example_dags/example_trigger_target_dag.py
[2022-03-28 07:28:53,284] {processor.py:642} INFO - Processing file /home/airflow/.local/lib/python3.7/site-packages/airflow/example_dags/example_trigger_target_dag.py for tasks to queue
[2022-03-28 07:28:53,285] {logging_mixin.py:109} INFO - [2022-03-28 07:28:53,285] {dagbag.py:500} INFO - Filling up the DagBag from /home/airflow/.local/lib/python3.7/site-packages/airflow/example_dags/example_trigger_target_dag.py
[2022-03-28 07:28:53,318] {processor.py:654} INFO - DAG(s) dict_keys(['example_trigger_target_dag']) retrieved from /home/airflow/.local/lib/python3.7/site-packages/airflow/example_dags/example_trigger_target_dag.py
[2022-03-28 07:28:53,330] {logging_mixin.py:109} INFO - [2022-03-28 07:28:53,330] {dag.py:2398} INFO - Sync 1 DAGs
[2022-03-28 07:28:53,347] {logging_mixin.py:109} INFO - [2022-03-28 07:28:53,347] {dag.py:2937} INFO - Setting next_dagrun for example_trigger_target_dag to None
[2022-03-28 07:28:53,360] {processor.py:171} INFO - Processing /home/airflow/.local/lib/python3.7/site-packages/airflow/example_dags/example_trigger_target_dag.py took 0.080 seconds
[2022-03-28 07:29:24,045] {processor.py:163} INFO - Started process (PID=2625) to work on /home/airflow/.local/lib/python3.7/site-packages/airflow/example_dags/example_trigger_target_dag.py
[2022-03-28 07:29:24,046] {processor.py:642} INFO - Processing file /home/airflow/.local/lib/python3.7/site-packages/airflow/example_dags/example_trigger_target_dag.py for tasks to queue
[2022-03-28 07:29:24,047] {logging_mixin.py:109} INFO - [2022-03-28 07:29:24,047] {dagbag.py:500} INFO - Filling up the DagBag from /home/airflow/.local/lib/python3.7/site-packages/airflow/example_dags/example_trigger_target_dag.py
[2022-03-28 07:29:24,075] {processor.py:654} INFO - DAG(s) dict_keys(['example_trigger_target_dag']) retrieved from /home/airflow/.local/lib/python3.7/site-packages/airflow/example_dags/example_trigger_target_dag.py
[2022-03-28 07:29:24,083] {logging_mixin.py:109} INFO - [2022-03-28 07:29:24,083] {dag.py:2398} INFO - Sync 1 DAGs
[2022-03-28 07:29:24,097] {logging_mixin.py:109} INFO - [2022-03-28 07:29:24,097] {dag.py:2937} INFO - Setting next_dagrun for example_trigger_target_dag to None
[2022-03-28 07:29:24,106] {processor.py:171} INFO - Processing /home/airflow/.local/lib/python3.7/site-packages/airflow/example_dags/example_trigger_target_dag.py took 0.063 seconds
[2022-03-28 07:29:54,731] {processor.py:163} INFO - Started process (PID=2677) to work on /home/airflow/.local/lib/python3.7/site-packages/airflow/example_dags/example_trigger_target_dag.py
[2022-03-28 07:29:54,732] {processor.py:642} INFO - Processing file /home/airflow/.local/lib/python3.7/site-packages/airflow/example_dags/example_trigger_target_dag.py for tasks to queue
[2022-03-28 07:29:54,733] {logging_mixin.py:109} INFO - [2022-03-28 07:29:54,733] {dagbag.py:500} INFO - Filling up the DagBag from /home/airflow/.local/lib/python3.7/site-packages/airflow/example_dags/example_trigger_target_dag.py
[2022-03-28 07:29:54,760] {processor.py:654} INFO - DAG(s) dict_keys(['example_trigger_target_dag']) retrieved from /home/airflow/.local/lib/python3.7/site-packages/airflow/example_dags/example_trigger_target_dag.py
[2022-03-28 07:29:54,768] {logging_mixin.py:109} INFO - [2022-03-28 07:29:54,768] {dag.py:2398} INFO - Sync 1 DAGs
[2022-03-28 07:29:54,782] {logging_mixin.py:109} INFO - [2022-03-28 07:29:54,782] {dag.py:2937} INFO - Setting next_dagrun for example_trigger_target_dag to None
[2022-03-28 07:29:54,792] {processor.py:171} INFO - Processing /home/airflow/.local/lib/python3.7/site-packages/airflow/example_dags/example_trigger_target_dag.py took 0.063 seconds
[2022-03-28 07:30:25,479] {processor.py:163} INFO - Started process (PID=2738) to work on /home/airflow/.local/lib/python3.7/site-packages/airflow/example_dags/example_trigger_target_dag.py
[2022-03-28 07:30:25,481] {processor.py:642} INFO - Processing file /home/airflow/.local/lib/python3.7/site-packages/airflow/example_dags/example_trigger_target_dag.py for tasks to queue
[2022-03-28 07:30:25,481] {logging_mixin.py:109} INFO - [2022-03-28 07:30:25,481] {dagbag.py:500} INFO - Filling up the DagBag from /home/airflow/.local/lib/python3.7/site-packages/airflow/example_dags/example_trigger_target_dag.py
[2022-03-28 07:30:25,507] {processor.py:654} INFO - DAG(s) dict_keys(['example_trigger_target_dag']) retrieved from /home/airflow/.local/lib/python3.7/site-packages/airflow/example_dags/example_trigger_target_dag.py
[2022-03-28 07:30:25,515] {logging_mixin.py:109} INFO - [2022-03-28 07:30:25,515] {dag.py:2398} INFO - Sync 1 DAGs
[2022-03-28 07:30:25,528] {logging_mixin.py:109} INFO - [2022-03-28 07:30:25,528] {dag.py:2937} INFO - Setting next_dagrun for example_trigger_target_dag to None
[2022-03-28 07:30:25,537] {processor.py:171} INFO - Processing /home/airflow/.local/lib/python3.7/site-packages/airflow/example_dags/example_trigger_target_dag.py took 0.061 seconds
[2022-03-28 07:30:55,644] {processor.py:163} INFO - Started process (PID=2788) to work on /home/airflow/.local/lib/python3.7/site-packages/airflow/example_dags/example_trigger_target_dag.py
[2022-03-28 07:30:55,647] {processor.py:642} INFO - Processing file /home/airflow/.local/lib/python3.7/site-packages/airflow/example_dags/example_trigger_target_dag.py for tasks to queue
[2022-03-28 07:30:55,648] {logging_mixin.py:109} INFO - [2022-03-28 07:30:55,648] {dagbag.py:500} INFO - Filling up the DagBag from /home/airflow/.local/lib/python3.7/site-packages/airflow/example_dags/example_trigger_target_dag.py
[2022-03-28 07:30:55,676] {processor.py:654} INFO - DAG(s) dict_keys(['example_trigger_target_dag']) retrieved from /home/airflow/.local/lib/python3.7/site-packages/airflow/example_dags/example_trigger_target_dag.py
[2022-03-28 07:30:55,683] {logging_mixin.py:109} INFO - [2022-03-28 07:30:55,683] {dag.py:2398} INFO - Sync 1 DAGs
[2022-03-28 07:30:55,699] {logging_mixin.py:109} INFO - [2022-03-28 07:30:55,699] {dag.py:2937} INFO - Setting next_dagrun for example_trigger_target_dag to None
[2022-03-28 07:30:55,707] {processor.py:171} INFO - Processing /home/airflow/.local/lib/python3.7/site-packages/airflow/example_dags/example_trigger_target_dag.py took 0.067 seconds
[2022-03-28 07:31:26,038] {processor.py:163} INFO - Started process (PID=2839) to work on /home/airflow/.local/lib/python3.7/site-packages/airflow/example_dags/example_trigger_target_dag.py
[2022-03-28 07:31:26,039] {processor.py:642} INFO - Processing file /home/airflow/.local/lib/python3.7/site-packages/airflow/example_dags/example_trigger_target_dag.py for tasks to queue
[2022-03-28 07:31:26,040] {logging_mixin.py:109} INFO - [2022-03-28 07:31:26,040] {dagbag.py:500} INFO - Filling up the DagBag from /home/airflow/.local/lib/python3.7/site-packages/airflow/example_dags/example_trigger_target_dag.py
[2022-03-28 07:31:26,081] {processor.py:654} INFO - DAG(s) dict_keys(['example_trigger_target_dag']) retrieved from /home/airflow/.local/lib/python3.7/site-packages/airflow/example_dags/example_trigger_target_dag.py
[2022-03-28 07:31:26,094] {logging_mixin.py:109} INFO - [2022-03-28 07:31:26,093] {dag.py:2398} INFO - Sync 1 DAGs
[2022-03-28 07:31:26,110] {logging_mixin.py:109} INFO - [2022-03-28 07:31:26,110] {dag.py:2937} INFO - Setting next_dagrun for example_trigger_target_dag to None
[2022-03-28 07:31:26,123] {processor.py:171} INFO - Processing /home/airflow/.local/lib/python3.7/site-packages/airflow/example_dags/example_trigger_target_dag.py took 0.088 seconds
[2022-03-28 07:31:56,219] {processor.py:163} INFO - Started process (PID=2901) to work on /home/airflow/.local/lib/python3.7/site-packages/airflow/example_dags/example_trigger_target_dag.py
[2022-03-28 07:31:56,220] {processor.py:642} INFO - Processing file /home/airflow/.local/lib/python3.7/site-packages/airflow/example_dags/example_trigger_target_dag.py for tasks to queue
[2022-03-28 07:31:56,221] {logging_mixin.py:109} INFO - [2022-03-28 07:31:56,221] {dagbag.py:500} INFO - Filling up the DagBag from /home/airflow/.local/lib/python3.7/site-packages/airflow/example_dags/example_trigger_target_dag.py
[2022-03-28 07:31:56,257] {processor.py:654} INFO - DAG(s) dict_keys(['example_trigger_target_dag']) retrieved from /home/airflow/.local/lib/python3.7/site-packages/airflow/example_dags/example_trigger_target_dag.py
[2022-03-28 07:31:56,268] {logging_mixin.py:109} INFO - [2022-03-28 07:31:56,268] {dag.py:2398} INFO - Sync 1 DAGs
[2022-03-28 07:31:56,284] {logging_mixin.py:109} INFO - [2022-03-28 07:31:56,283] {dag.py:2937} INFO - Setting next_dagrun for example_trigger_target_dag to None
[2022-03-28 07:31:56,294] {processor.py:171} INFO - Processing /home/airflow/.local/lib/python3.7/site-packages/airflow/example_dags/example_trigger_target_dag.py took 0.079 seconds
[2022-03-28 07:32:27,177] {processor.py:163} INFO - Started process (PID=2951) to work on /home/airflow/.local/lib/python3.7/site-packages/airflow/example_dags/example_trigger_target_dag.py
[2022-03-28 07:32:27,179] {processor.py:642} INFO - Processing file /home/airflow/.local/lib/python3.7/site-packages/airflow/example_dags/example_trigger_target_dag.py for tasks to queue
[2022-03-28 07:32:27,180] {logging_mixin.py:109} INFO - [2022-03-28 07:32:27,180] {dagbag.py:500} INFO - Filling up the DagBag from /home/airflow/.local/lib/python3.7/site-packages/airflow/example_dags/example_trigger_target_dag.py
[2022-03-28 07:32:27,236] {processor.py:654} INFO - DAG(s) dict_keys(['example_trigger_target_dag']) retrieved from /home/airflow/.local/lib/python3.7/site-packages/airflow/example_dags/example_trigger_target_dag.py
[2022-03-28 07:32:27,253] {logging_mixin.py:109} INFO - [2022-03-28 07:32:27,253] {dag.py:2398} INFO - Sync 1 DAGs
