[2022-03-28 07:08:50,459] {processor.py:163} INFO - Started process (PID=294) to work on /home/airflow/.local/lib/python3.7/site-packages/airflow/example_dags/example_nested_branch_dag.py
[2022-03-28 07:08:50,461] {processor.py:642} INFO - Processing file /home/airflow/.local/lib/python3.7/site-packages/airflow/example_dags/example_nested_branch_dag.py for tasks to queue
[2022-03-28 07:08:50,462] {logging_mixin.py:109} INFO - [2022-03-28 07:08:50,462] {dagbag.py:500} INFO - Filling up the DagBag from /home/airflow/.local/lib/python3.7/site-packages/airflow/example_dags/example_nested_branch_dag.py
[2022-03-28 07:08:50,500] {processor.py:654} INFO - DAG(s) dict_keys(['example_nested_branch_dag']) retrieved from /home/airflow/.local/lib/python3.7/site-packages/airflow/example_dags/example_nested_branch_dag.py
[2022-03-28 07:08:52,502] {logging_mixin.py:109} INFO - [2022-03-28 07:08:52,502] {manager.py:496} INFO - Created Permission View: can read on DAG:example_nested_branch_dag
[2022-03-28 07:08:52,513] {logging_mixin.py:109} INFO - [2022-03-28 07:08:52,513] {manager.py:496} INFO - Created Permission View: can edit on DAG:example_nested_branch_dag
[2022-03-28 07:08:52,514] {logging_mixin.py:109} INFO - [2022-03-28 07:08:52,514] {dag.py:2398} INFO - Sync 1 DAGs
[2022-03-28 07:08:52,523] {logging_mixin.py:109} INFO - [2022-03-28 07:08:52,523] {dag.py:2417} INFO - Creating ORM DAG for example_nested_branch_dag
[2022-03-28 07:08:52,536] {logging_mixin.py:109} INFO - [2022-03-28 07:08:52,536] {dag.py:2937} INFO - Setting next_dagrun for example_nested_branch_dag to 2022-03-27 00:00:00+00:00
[2022-03-28 07:08:52,549] {processor.py:171} INFO - Processing /home/airflow/.local/lib/python3.7/site-packages/airflow/example_dags/example_nested_branch_dag.py took 2.093 seconds
[2022-03-28 07:09:22,850] {processor.py:163} INFO - Started process (PID=500) to work on /home/airflow/.local/lib/python3.7/site-packages/airflow/example_dags/example_nested_branch_dag.py
[2022-03-28 07:09:22,852] {processor.py:642} INFO - Processing file /home/airflow/.local/lib/python3.7/site-packages/airflow/example_dags/example_nested_branch_dag.py for tasks to queue
[2022-03-28 07:09:22,853] {logging_mixin.py:109} INFO - [2022-03-28 07:09:22,853] {dagbag.py:500} INFO - Filling up the DagBag from /home/airflow/.local/lib/python3.7/site-packages/airflow/example_dags/example_nested_branch_dag.py
[2022-03-28 07:09:22,888] {processor.py:654} INFO - DAG(s) dict_keys(['example_nested_branch_dag']) retrieved from /home/airflow/.local/lib/python3.7/site-packages/airflow/example_dags/example_nested_branch_dag.py
[2022-03-28 07:09:22,899] {logging_mixin.py:109} INFO - [2022-03-28 07:09:22,899] {dag.py:2398} INFO - Sync 1 DAGs
[2022-03-28 07:09:22,919] {logging_mixin.py:109} INFO - [2022-03-28 07:09:22,919] {dag.py:2937} INFO - Setting next_dagrun for example_nested_branch_dag to 2022-03-27 00:00:00+00:00
[2022-03-28 07:09:22,929] {processor.py:171} INFO - Processing /home/airflow/.local/lib/python3.7/site-packages/airflow/example_dags/example_nested_branch_dag.py took 0.081 seconds
[2022-03-28 07:09:53,517] {processor.py:163} INFO - Started process (PID=550) to work on /home/airflow/.local/lib/python3.7/site-packages/airflow/example_dags/example_nested_branch_dag.py
[2022-03-28 07:09:53,519] {processor.py:642} INFO - Processing file /home/airflow/.local/lib/python3.7/site-packages/airflow/example_dags/example_nested_branch_dag.py for tasks to queue
[2022-03-28 07:09:53,520] {logging_mixin.py:109} INFO - [2022-03-28 07:09:53,520] {dagbag.py:500} INFO - Filling up the DagBag from /home/airflow/.local/lib/python3.7/site-packages/airflow/example_dags/example_nested_branch_dag.py
[2022-03-28 07:09:53,557] {processor.py:654} INFO - DAG(s) dict_keys(['example_nested_branch_dag']) retrieved from /home/airflow/.local/lib/python3.7/site-packages/airflow/example_dags/example_nested_branch_dag.py
[2022-03-28 07:09:53,570] {logging_mixin.py:109} INFO - [2022-03-28 07:09:53,570] {dag.py:2398} INFO - Sync 1 DAGs
[2022-03-28 07:09:53,591] {logging_mixin.py:109} INFO - [2022-03-28 07:09:53,591] {dag.py:2937} INFO - Setting next_dagrun for example_nested_branch_dag to 2022-03-27 00:00:00+00:00
[2022-03-28 07:09:53,603] {processor.py:171} INFO - Processing /home/airflow/.local/lib/python3.7/site-packages/airflow/example_dags/example_nested_branch_dag.py took 0.090 seconds
[2022-03-28 07:10:24,164] {processor.py:163} INFO - Started process (PID=602) to work on /home/airflow/.local/lib/python3.7/site-packages/airflow/example_dags/example_nested_branch_dag.py
[2022-03-28 07:10:24,165] {processor.py:642} INFO - Processing file /home/airflow/.local/lib/python3.7/site-packages/airflow/example_dags/example_nested_branch_dag.py for tasks to queue
[2022-03-28 07:10:24,166] {logging_mixin.py:109} INFO - [2022-03-28 07:10:24,166] {dagbag.py:500} INFO - Filling up the DagBag from /home/airflow/.local/lib/python3.7/site-packages/airflow/example_dags/example_nested_branch_dag.py
[2022-03-28 07:10:24,195] {processor.py:654} INFO - DAG(s) dict_keys(['example_nested_branch_dag']) retrieved from /home/airflow/.local/lib/python3.7/site-packages/airflow/example_dags/example_nested_branch_dag.py
[2022-03-28 07:10:24,204] {logging_mixin.py:109} INFO - [2022-03-28 07:10:24,204] {dag.py:2398} INFO - Sync 1 DAGs
[2022-03-28 07:10:24,218] {logging_mixin.py:109} INFO - [2022-03-28 07:10:24,218] {dag.py:2937} INFO - Setting next_dagrun for example_nested_branch_dag to 2022-03-27 00:00:00+00:00
[2022-03-28 07:10:24,229] {processor.py:171} INFO - Processing /home/airflow/.local/lib/python3.7/site-packages/airflow/example_dags/example_nested_branch_dag.py took 0.067 seconds
[2022-03-28 07:10:54,733] {processor.py:163} INFO - Started process (PID=662) to work on /home/airflow/.local/lib/python3.7/site-packages/airflow/example_dags/example_nested_branch_dag.py
[2022-03-28 07:10:54,735] {processor.py:642} INFO - Processing file /home/airflow/.local/lib/python3.7/site-packages/airflow/example_dags/example_nested_branch_dag.py for tasks to queue
[2022-03-28 07:10:54,736] {logging_mixin.py:109} INFO - [2022-03-28 07:10:54,735] {dagbag.py:500} INFO - Filling up the DagBag from /home/airflow/.local/lib/python3.7/site-packages/airflow/example_dags/example_nested_branch_dag.py
[2022-03-28 07:10:54,768] {processor.py:654} INFO - DAG(s) dict_keys(['example_nested_branch_dag']) retrieved from /home/airflow/.local/lib/python3.7/site-packages/airflow/example_dags/example_nested_branch_dag.py
[2022-03-28 07:10:54,782] {logging_mixin.py:109} INFO - [2022-03-28 07:10:54,782] {dag.py:2398} INFO - Sync 1 DAGs
[2022-03-28 07:10:54,801] {logging_mixin.py:109} INFO - [2022-03-28 07:10:54,801] {dag.py:2937} INFO - Setting next_dagrun for example_nested_branch_dag to 2022-03-27 00:00:00+00:00
[2022-03-28 07:10:54,811] {processor.py:171} INFO - Processing /home/airflow/.local/lib/python3.7/site-packages/airflow/example_dags/example_nested_branch_dag.py took 0.081 seconds
[2022-03-28 07:11:25,248] {processor.py:163} INFO - Started process (PID=713) to work on /home/airflow/.local/lib/python3.7/site-packages/airflow/example_dags/example_nested_branch_dag.py
[2022-03-28 07:11:25,250] {processor.py:642} INFO - Processing file /home/airflow/.local/lib/python3.7/site-packages/airflow/example_dags/example_nested_branch_dag.py for tasks to queue
[2022-03-28 07:11:25,251] {logging_mixin.py:109} INFO - [2022-03-28 07:11:25,251] {dagbag.py:500} INFO - Filling up the DagBag from /home/airflow/.local/lib/python3.7/site-packages/airflow/example_dags/example_nested_branch_dag.py
[2022-03-28 07:11:25,281] {processor.py:654} INFO - DAG(s) dict_keys(['example_nested_branch_dag']) retrieved from /home/airflow/.local/lib/python3.7/site-packages/airflow/example_dags/example_nested_branch_dag.py
[2022-03-28 07:11:25,292] {logging_mixin.py:109} INFO - [2022-03-28 07:11:25,292] {dag.py:2398} INFO - Sync 1 DAGs
[2022-03-28 07:11:25,309] {logging_mixin.py:109} INFO - [2022-03-28 07:11:25,309] {dag.py:2937} INFO - Setting next_dagrun for example_nested_branch_dag to 2022-03-27 00:00:00+00:00
[2022-03-28 07:11:25,320] {processor.py:171} INFO - Processing /home/airflow/.local/lib/python3.7/site-packages/airflow/example_dags/example_nested_branch_dag.py took 0.074 seconds
[2022-03-28 07:11:55,699] {processor.py:163} INFO - Started process (PID=764) to work on /home/airflow/.local/lib/python3.7/site-packages/airflow/example_dags/example_nested_branch_dag.py
[2022-03-28 07:11:55,700] {processor.py:642} INFO - Processing file /home/airflow/.local/lib/python3.7/site-packages/airflow/example_dags/example_nested_branch_dag.py for tasks to queue
[2022-03-28 07:11:55,702] {logging_mixin.py:109} INFO - [2022-03-28 07:11:55,701] {dagbag.py:500} INFO - Filling up the DagBag from /home/airflow/.local/lib/python3.7/site-packages/airflow/example_dags/example_nested_branch_dag.py
[2022-03-28 07:11:55,735] {processor.py:654} INFO - DAG(s) dict_keys(['example_nested_branch_dag']) retrieved from /home/airflow/.local/lib/python3.7/site-packages/airflow/example_dags/example_nested_branch_dag.py
[2022-03-28 07:11:55,745] {logging_mixin.py:109} INFO - [2022-03-28 07:11:55,745] {dag.py:2398} INFO - Sync 1 DAGs
[2022-03-28 07:11:55,766] {logging_mixin.py:109} INFO - [2022-03-28 07:11:55,765] {dag.py:2937} INFO - Setting next_dagrun for example_nested_branch_dag to 2022-03-27 00:00:00+00:00
[2022-03-28 07:11:55,776] {processor.py:171} INFO - Processing /home/airflow/.local/lib/python3.7/site-packages/airflow/example_dags/example_nested_branch_dag.py took 0.081 seconds
[2022-03-28 07:12:26,266] {processor.py:163} INFO - Started process (PID=825) to work on /home/airflow/.local/lib/python3.7/site-packages/airflow/example_dags/example_nested_branch_dag.py
[2022-03-28 07:12:26,268] {processor.py:642} INFO - Processing file /home/airflow/.local/lib/python3.7/site-packages/airflow/example_dags/example_nested_branch_dag.py for tasks to queue
[2022-03-28 07:12:26,269] {logging_mixin.py:109} INFO - [2022-03-28 07:12:26,269] {dagbag.py:500} INFO - Filling up the DagBag from /home/airflow/.local/lib/python3.7/site-packages/airflow/example_dags/example_nested_branch_dag.py
[2022-03-28 07:12:26,309] {processor.py:654} INFO - DAG(s) dict_keys(['example_nested_branch_dag']) retrieved from /home/airflow/.local/lib/python3.7/site-packages/airflow/example_dags/example_nested_branch_dag.py
[2022-03-28 07:12:26,322] {logging_mixin.py:109} INFO - [2022-03-28 07:12:26,322] {dag.py:2398} INFO - Sync 1 DAGs
[2022-03-28 07:12:26,340] {logging_mixin.py:109} INFO - [2022-03-28 07:12:26,340] {dag.py:2937} INFO - Setting next_dagrun for example_nested_branch_dag to 2022-03-27 00:00:00+00:00
[2022-03-28 07:12:26,349] {processor.py:171} INFO - Processing /home/airflow/.local/lib/python3.7/site-packages/airflow/example_dags/example_nested_branch_dag.py took 0.086 seconds
[2022-03-28 07:12:56,826] {processor.py:163} INFO - Started process (PID=876) to work on /home/airflow/.local/lib/python3.7/site-packages/airflow/example_dags/example_nested_branch_dag.py
[2022-03-28 07:12:56,827] {processor.py:642} INFO - Processing file /home/airflow/.local/lib/python3.7/site-packages/airflow/example_dags/example_nested_branch_dag.py for tasks to queue
[2022-03-28 07:12:56,828] {logging_mixin.py:109} INFO - [2022-03-28 07:12:56,828] {dagbag.py:500} INFO - Filling up the DagBag from /home/airflow/.local/lib/python3.7/site-packages/airflow/example_dags/example_nested_branch_dag.py
[2022-03-28 07:12:56,857] {processor.py:654} INFO - DAG(s) dict_keys(['example_nested_branch_dag']) retrieved from /home/airflow/.local/lib/python3.7/site-packages/airflow/example_dags/example_nested_branch_dag.py
[2022-03-28 07:12:56,868] {logging_mixin.py:109} INFO - [2022-03-28 07:12:56,868] {dag.py:2398} INFO - Sync 1 DAGs
[2022-03-28 07:12:56,886] {logging_mixin.py:109} INFO - [2022-03-28 07:12:56,885] {dag.py:2937} INFO - Setting next_dagrun for example_nested_branch_dag to 2022-03-27 00:00:00+00:00
[2022-03-28 07:12:56,896] {processor.py:171} INFO - Processing /home/airflow/.local/lib/python3.7/site-packages/airflow/example_dags/example_nested_branch_dag.py took 0.072 seconds
[2022-03-28 07:13:27,338] {processor.py:163} INFO - Started process (PID=926) to work on /home/airflow/.local/lib/python3.7/site-packages/airflow/example_dags/example_nested_branch_dag.py
[2022-03-28 07:13:27,340] {processor.py:642} INFO - Processing file /home/airflow/.local/lib/python3.7/site-packages/airflow/example_dags/example_nested_branch_dag.py for tasks to queue
[2022-03-28 07:13:27,341] {logging_mixin.py:109} INFO - [2022-03-28 07:13:27,341] {dagbag.py:500} INFO - Filling up the DagBag from /home/airflow/.local/lib/python3.7/site-packages/airflow/example_dags/example_nested_branch_dag.py
[2022-03-28 07:13:27,370] {processor.py:654} INFO - DAG(s) dict_keys(['example_nested_branch_dag']) retrieved from /home/airflow/.local/lib/python3.7/site-packages/airflow/example_dags/example_nested_branch_dag.py
[2022-03-28 07:13:27,381] {logging_mixin.py:109} INFO - [2022-03-28 07:13:27,380] {dag.py:2398} INFO - Sync 1 DAGs
[2022-03-28 07:13:27,398] {logging_mixin.py:109} INFO - [2022-03-28 07:13:27,397] {dag.py:2937} INFO - Setting next_dagrun for example_nested_branch_dag to 2022-03-27 00:00:00+00:00
[2022-03-28 07:13:27,408] {processor.py:171} INFO - Processing /home/airflow/.local/lib/python3.7/site-packages/airflow/example_dags/example_nested_branch_dag.py took 0.072 seconds
[2022-03-28 07:13:57,782] {processor.py:163} INFO - Started process (PID=987) to work on /home/airflow/.local/lib/python3.7/site-packages/airflow/example_dags/example_nested_branch_dag.py
[2022-03-28 07:13:57,784] {processor.py:642} INFO - Processing file /home/airflow/.local/lib/python3.7/site-packages/airflow/example_dags/example_nested_branch_dag.py for tasks to queue
[2022-03-28 07:13:57,785] {logging_mixin.py:109} INFO - [2022-03-28 07:13:57,785] {dagbag.py:500} INFO - Filling up the DagBag from /home/airflow/.local/lib/python3.7/site-packages/airflow/example_dags/example_nested_branch_dag.py
[2022-03-28 07:13:57,825] {processor.py:654} INFO - DAG(s) dict_keys(['example_nested_branch_dag']) retrieved from /home/airflow/.local/lib/python3.7/site-packages/airflow/example_dags/example_nested_branch_dag.py
[2022-03-28 07:13:57,839] {logging_mixin.py:109} INFO - [2022-03-28 07:13:57,839] {dag.py:2398} INFO - Sync 1 DAGs
[2022-03-28 07:13:57,864] {logging_mixin.py:109} INFO - [2022-03-28 07:13:57,864] {dag.py:2937} INFO - Setting next_dagrun for example_nested_branch_dag to 2022-03-27 00:00:00+00:00
[2022-03-28 07:13:57,877] {processor.py:171} INFO - Processing /home/airflow/.local/lib/python3.7/site-packages/airflow/example_dags/example_nested_branch_dag.py took 0.098 seconds
[2022-03-28 07:14:28,390] {processor.py:163} INFO - Started process (PID=1038) to work on /home/airflow/.local/lib/python3.7/site-packages/airflow/example_dags/example_nested_branch_dag.py
[2022-03-28 07:14:28,392] {processor.py:642} INFO - Processing file /home/airflow/.local/lib/python3.7/site-packages/airflow/example_dags/example_nested_branch_dag.py for tasks to queue
[2022-03-28 07:14:28,393] {logging_mixin.py:109} INFO - [2022-03-28 07:14:28,393] {dagbag.py:500} INFO - Filling up the DagBag from /home/airflow/.local/lib/python3.7/site-packages/airflow/example_dags/example_nested_branch_dag.py
[2022-03-28 07:14:28,423] {processor.py:654} INFO - DAG(s) dict_keys(['example_nested_branch_dag']) retrieved from /home/airflow/.local/lib/python3.7/site-packages/airflow/example_dags/example_nested_branch_dag.py
[2022-03-28 07:14:28,434] {logging_mixin.py:109} INFO - [2022-03-28 07:14:28,434] {dag.py:2398} INFO - Sync 1 DAGs
[2022-03-28 07:14:28,450] {logging_mixin.py:109} INFO - [2022-03-28 07:14:28,449] {dag.py:2937} INFO - Setting next_dagrun for example_nested_branch_dag to 2022-03-27 00:00:00+00:00
[2022-03-28 07:14:28,460] {processor.py:171} INFO - Processing /home/airflow/.local/lib/python3.7/site-packages/airflow/example_dags/example_nested_branch_dag.py took 0.073 seconds
[2022-03-28 07:14:59,138] {processor.py:163} INFO - Started process (PID=1088) to work on /home/airflow/.local/lib/python3.7/site-packages/airflow/example_dags/example_nested_branch_dag.py
[2022-03-28 07:14:59,139] {processor.py:642} INFO - Processing file /home/airflow/.local/lib/python3.7/site-packages/airflow/example_dags/example_nested_branch_dag.py for tasks to queue
[2022-03-28 07:14:59,140] {logging_mixin.py:109} INFO - [2022-03-28 07:14:59,140] {dagbag.py:500} INFO - Filling up the DagBag from /home/airflow/.local/lib/python3.7/site-packages/airflow/example_dags/example_nested_branch_dag.py
[2022-03-28 07:14:59,171] {processor.py:654} INFO - DAG(s) dict_keys(['example_nested_branch_dag']) retrieved from /home/airflow/.local/lib/python3.7/site-packages/airflow/example_dags/example_nested_branch_dag.py
[2022-03-28 07:14:59,183] {logging_mixin.py:109} INFO - [2022-03-28 07:14:59,183] {dag.py:2398} INFO - Sync 1 DAGs
[2022-03-28 07:14:59,202] {logging_mixin.py:109} INFO - [2022-03-28 07:14:59,202] {dag.py:2937} INFO - Setting next_dagrun for example_nested_branch_dag to 2022-03-27 00:00:00+00:00
[2022-03-28 07:14:59,213] {processor.py:171} INFO - Processing /home/airflow/.local/lib/python3.7/site-packages/airflow/example_dags/example_nested_branch_dag.py took 0.078 seconds
[2022-03-28 07:15:29,739] {processor.py:163} INFO - Started process (PID=1148) to work on /home/airflow/.local/lib/python3.7/site-packages/airflow/example_dags/example_nested_branch_dag.py
[2022-03-28 07:15:29,741] {processor.py:642} INFO - Processing file /home/airflow/.local/lib/python3.7/site-packages/airflow/example_dags/example_nested_branch_dag.py for tasks to queue
[2022-03-28 07:15:29,742] {logging_mixin.py:109} INFO - [2022-03-28 07:15:29,742] {dagbag.py:500} INFO - Filling up the DagBag from /home/airflow/.local/lib/python3.7/site-packages/airflow/example_dags/example_nested_branch_dag.py
[2022-03-28 07:15:29,789] {processor.py:654} INFO - DAG(s) dict_keys(['example_nested_branch_dag']) retrieved from /home/airflow/.local/lib/python3.7/site-packages/airflow/example_dags/example_nested_branch_dag.py
[2022-03-28 07:15:29,801] {logging_mixin.py:109} INFO - [2022-03-28 07:15:29,801] {dag.py:2398} INFO - Sync 1 DAGs
[2022-03-28 07:15:29,820] {logging_mixin.py:109} INFO - [2022-03-28 07:15:29,820] {dag.py:2937} INFO - Setting next_dagrun for example_nested_branch_dag to 2022-03-27 00:00:00+00:00
[2022-03-28 07:15:29,829] {processor.py:171} INFO - Processing /home/airflow/.local/lib/python3.7/site-packages/airflow/example_dags/example_nested_branch_dag.py took 0.095 seconds
[2022-03-28 07:16:00,200] {processor.py:163} INFO - Started process (PID=1199) to work on /home/airflow/.local/lib/python3.7/site-packages/airflow/example_dags/example_nested_branch_dag.py
[2022-03-28 07:16:00,202] {processor.py:642} INFO - Processing file /home/airflow/.local/lib/python3.7/site-packages/airflow/example_dags/example_nested_branch_dag.py for tasks to queue
[2022-03-28 07:16:00,202] {logging_mixin.py:109} INFO - [2022-03-28 07:16:00,202] {dagbag.py:500} INFO - Filling up the DagBag from /home/airflow/.local/lib/python3.7/site-packages/airflow/example_dags/example_nested_branch_dag.py
[2022-03-28 07:16:00,236] {processor.py:654} INFO - DAG(s) dict_keys(['example_nested_branch_dag']) retrieved from /home/airflow/.local/lib/python3.7/site-packages/airflow/example_dags/example_nested_branch_dag.py
[2022-03-28 07:16:00,246] {logging_mixin.py:109} INFO - [2022-03-28 07:16:00,246] {dag.py:2398} INFO - Sync 1 DAGs
[2022-03-28 07:16:00,262] {logging_mixin.py:109} INFO - [2022-03-28 07:16:00,262] {dag.py:2937} INFO - Setting next_dagrun for example_nested_branch_dag to 2022-03-27 00:00:00+00:00
[2022-03-28 07:16:00,273] {processor.py:171} INFO - Processing /home/airflow/.local/lib/python3.7/site-packages/airflow/example_dags/example_nested_branch_dag.py took 0.075 seconds
[2022-03-28 07:16:30,765] {processor.py:163} INFO - Started process (PID=1250) to work on /home/airflow/.local/lib/python3.7/site-packages/airflow/example_dags/example_nested_branch_dag.py
[2022-03-28 07:16:30,767] {processor.py:642} INFO - Processing file /home/airflow/.local/lib/python3.7/site-packages/airflow/example_dags/example_nested_branch_dag.py for tasks to queue
[2022-03-28 07:16:30,768] {logging_mixin.py:109} INFO - [2022-03-28 07:16:30,768] {dagbag.py:500} INFO - Filling up the DagBag from /home/airflow/.local/lib/python3.7/site-packages/airflow/example_dags/example_nested_branch_dag.py
[2022-03-28 07:16:30,809] {processor.py:654} INFO - DAG(s) dict_keys(['example_nested_branch_dag']) retrieved from /home/airflow/.local/lib/python3.7/site-packages/airflow/example_dags/example_nested_branch_dag.py
[2022-03-28 07:16:30,824] {logging_mixin.py:109} INFO - [2022-03-28 07:16:30,824] {dag.py:2398} INFO - Sync 1 DAGs
[2022-03-28 07:16:30,848] {logging_mixin.py:109} INFO - [2022-03-28 07:16:30,848] {dag.py:2937} INFO - Setting next_dagrun for example_nested_branch_dag to 2022-03-27 00:00:00+00:00
[2022-03-28 07:16:30,863] {processor.py:171} INFO - Processing /home/airflow/.local/lib/python3.7/site-packages/airflow/example_dags/example_nested_branch_dag.py took 0.102 seconds
[2022-03-28 07:17:01,329] {processor.py:163} INFO - Started process (PID=1312) to work on /home/airflow/.local/lib/python3.7/site-packages/airflow/example_dags/example_nested_branch_dag.py
[2022-03-28 07:17:01,331] {processor.py:642} INFO - Processing file /home/airflow/.local/lib/python3.7/site-packages/airflow/example_dags/example_nested_branch_dag.py for tasks to queue
[2022-03-28 07:17:01,332] {logging_mixin.py:109} INFO - [2022-03-28 07:17:01,332] {dagbag.py:500} INFO - Filling up the DagBag from /home/airflow/.local/lib/python3.7/site-packages/airflow/example_dags/example_nested_branch_dag.py
[2022-03-28 07:17:01,373] {processor.py:654} INFO - DAG(s) dict_keys(['example_nested_branch_dag']) retrieved from /home/airflow/.local/lib/python3.7/site-packages/airflow/example_dags/example_nested_branch_dag.py
[2022-03-28 07:17:01,390] {logging_mixin.py:109} INFO - [2022-03-28 07:17:01,390] {dag.py:2398} INFO - Sync 1 DAGs
[2022-03-28 07:17:01,411] {logging_mixin.py:109} INFO - [2022-03-28 07:17:01,411] {dag.py:2937} INFO - Setting next_dagrun for example_nested_branch_dag to 2022-03-27 00:00:00+00:00
[2022-03-28 07:17:01,424] {processor.py:171} INFO - Processing /home/airflow/.local/lib/python3.7/site-packages/airflow/example_dags/example_nested_branch_dag.py took 0.098 seconds
[2022-03-28 07:17:31,713] {processor.py:163} INFO - Started process (PID=1363) to work on /home/airflow/.local/lib/python3.7/site-packages/airflow/example_dags/example_nested_branch_dag.py
[2022-03-28 07:17:31,715] {processor.py:642} INFO - Processing file /home/airflow/.local/lib/python3.7/site-packages/airflow/example_dags/example_nested_branch_dag.py for tasks to queue
[2022-03-28 07:17:31,716] {logging_mixin.py:109} INFO - [2022-03-28 07:17:31,716] {dagbag.py:500} INFO - Filling up the DagBag from /home/airflow/.local/lib/python3.7/site-packages/airflow/example_dags/example_nested_branch_dag.py
[2022-03-28 07:17:31,801] {processor.py:654} INFO - DAG(s) dict_keys(['example_nested_branch_dag']) retrieved from /home/airflow/.local/lib/python3.7/site-packages/airflow/example_dags/example_nested_branch_dag.py
[2022-03-28 07:17:31,816] {logging_mixin.py:109} INFO - [2022-03-28 07:17:31,816] {dag.py:2398} INFO - Sync 1 DAGs
[2022-03-28 07:17:31,848] {logging_mixin.py:109} INFO - [2022-03-28 07:17:31,848] {dag.py:2937} INFO - Setting next_dagrun for example_nested_branch_dag to 2022-03-27 00:00:00+00:00
[2022-03-28 07:17:31,861] {processor.py:171} INFO - Processing /home/airflow/.local/lib/python3.7/site-packages/airflow/example_dags/example_nested_branch_dag.py took 0.151 seconds
[2022-03-28 07:18:02,442] {processor.py:163} INFO - Started process (PID=1415) to work on /home/airflow/.local/lib/python3.7/site-packages/airflow/example_dags/example_nested_branch_dag.py
[2022-03-28 07:18:02,444] {processor.py:642} INFO - Processing file /home/airflow/.local/lib/python3.7/site-packages/airflow/example_dags/example_nested_branch_dag.py for tasks to queue
[2022-03-28 07:18:02,445] {logging_mixin.py:109} INFO - [2022-03-28 07:18:02,445] {dagbag.py:500} INFO - Filling up the DagBag from /home/airflow/.local/lib/python3.7/site-packages/airflow/example_dags/example_nested_branch_dag.py
[2022-03-28 07:18:02,476] {processor.py:654} INFO - DAG(s) dict_keys(['example_nested_branch_dag']) retrieved from /home/airflow/.local/lib/python3.7/site-packages/airflow/example_dags/example_nested_branch_dag.py
[2022-03-28 07:18:02,488] {logging_mixin.py:109} INFO - [2022-03-28 07:18:02,488] {dag.py:2398} INFO - Sync 1 DAGs
[2022-03-28 07:18:02,504] {logging_mixin.py:109} INFO - [2022-03-28 07:18:02,504] {dag.py:2937} INFO - Setting next_dagrun for example_nested_branch_dag to 2022-03-27 00:00:00+00:00
[2022-03-28 07:18:02,516] {processor.py:171} INFO - Processing /home/airflow/.local/lib/python3.7/site-packages/airflow/example_dags/example_nested_branch_dag.py took 0.077 seconds
[2022-03-28 07:18:32,951] {processor.py:163} INFO - Started process (PID=1475) to work on /home/airflow/.local/lib/python3.7/site-packages/airflow/example_dags/example_nested_branch_dag.py
[2022-03-28 07:18:32,953] {processor.py:642} INFO - Processing file /home/airflow/.local/lib/python3.7/site-packages/airflow/example_dags/example_nested_branch_dag.py for tasks to queue
[2022-03-28 07:18:32,954] {logging_mixin.py:109} INFO - [2022-03-28 07:18:32,954] {dagbag.py:500} INFO - Filling up the DagBag from /home/airflow/.local/lib/python3.7/site-packages/airflow/example_dags/example_nested_branch_dag.py
[2022-03-28 07:18:32,990] {processor.py:654} INFO - DAG(s) dict_keys(['example_nested_branch_dag']) retrieved from /home/airflow/.local/lib/python3.7/site-packages/airflow/example_dags/example_nested_branch_dag.py
[2022-03-28 07:18:33,004] {logging_mixin.py:109} INFO - [2022-03-28 07:18:33,004] {dag.py:2398} INFO - Sync 1 DAGs
[2022-03-28 07:18:33,026] {logging_mixin.py:109} INFO - [2022-03-28 07:18:33,026] {dag.py:2937} INFO - Setting next_dagrun for example_nested_branch_dag to 2022-03-27 00:00:00+00:00
[2022-03-28 07:18:33,036] {processor.py:171} INFO - Processing /home/airflow/.local/lib/python3.7/site-packages/airflow/example_dags/example_nested_branch_dag.py took 0.088 seconds
[2022-03-28 07:19:03,422] {processor.py:163} INFO - Started process (PID=1526) to work on /home/airflow/.local/lib/python3.7/site-packages/airflow/example_dags/example_nested_branch_dag.py
[2022-03-28 07:19:03,423] {processor.py:642} INFO - Processing file /home/airflow/.local/lib/python3.7/site-packages/airflow/example_dags/example_nested_branch_dag.py for tasks to queue
[2022-03-28 07:19:03,424] {logging_mixin.py:109} INFO - [2022-03-28 07:19:03,424] {dagbag.py:500} INFO - Filling up the DagBag from /home/airflow/.local/lib/python3.7/site-packages/airflow/example_dags/example_nested_branch_dag.py
[2022-03-28 07:19:03,457] {processor.py:654} INFO - DAG(s) dict_keys(['example_nested_branch_dag']) retrieved from /home/airflow/.local/lib/python3.7/site-packages/airflow/example_dags/example_nested_branch_dag.py
[2022-03-28 07:19:03,468] {logging_mixin.py:109} INFO - [2022-03-28 07:19:03,468] {dag.py:2398} INFO - Sync 1 DAGs
[2022-03-28 07:19:03,484] {logging_mixin.py:109} INFO - [2022-03-28 07:19:03,484] {dag.py:2937} INFO - Setting next_dagrun for example_nested_branch_dag to 2022-03-27 00:00:00+00:00
[2022-03-28 07:19:03,494] {processor.py:171} INFO - Processing /home/airflow/.local/lib/python3.7/site-packages/airflow/example_dags/example_nested_branch_dag.py took 0.075 seconds
[2022-03-28 07:19:33,929] {processor.py:163} INFO - Started process (PID=1577) to work on /home/airflow/.local/lib/python3.7/site-packages/airflow/example_dags/example_nested_branch_dag.py
[2022-03-28 07:19:33,930] {processor.py:642} INFO - Processing file /home/airflow/.local/lib/python3.7/site-packages/airflow/example_dags/example_nested_branch_dag.py for tasks to queue
[2022-03-28 07:19:33,932] {logging_mixin.py:109} INFO - [2022-03-28 07:19:33,931] {dagbag.py:500} INFO - Filling up the DagBag from /home/airflow/.local/lib/python3.7/site-packages/airflow/example_dags/example_nested_branch_dag.py
[2022-03-28 07:19:33,965] {processor.py:654} INFO - DAG(s) dict_keys(['example_nested_branch_dag']) retrieved from /home/airflow/.local/lib/python3.7/site-packages/airflow/example_dags/example_nested_branch_dag.py
[2022-03-28 07:19:33,976] {logging_mixin.py:109} INFO - [2022-03-28 07:19:33,976] {dag.py:2398} INFO - Sync 1 DAGs
[2022-03-28 07:19:33,992] {logging_mixin.py:109} INFO - [2022-03-28 07:19:33,992] {dag.py:2937} INFO - Setting next_dagrun for example_nested_branch_dag to 2022-03-27 00:00:00+00:00
[2022-03-28 07:19:34,002] {processor.py:171} INFO - Processing /home/airflow/.local/lib/python3.7/site-packages/airflow/example_dags/example_nested_branch_dag.py took 0.076 seconds
[2022-03-28 07:20:04,633] {processor.py:163} INFO - Started process (PID=1638) to work on /home/airflow/.local/lib/python3.7/site-packages/airflow/example_dags/example_nested_branch_dag.py
[2022-03-28 07:20:04,634] {processor.py:642} INFO - Processing file /home/airflow/.local/lib/python3.7/site-packages/airflow/example_dags/example_nested_branch_dag.py for tasks to queue
[2022-03-28 07:20:04,635] {logging_mixin.py:109} INFO - [2022-03-28 07:20:04,635] {dagbag.py:500} INFO - Filling up the DagBag from /home/airflow/.local/lib/python3.7/site-packages/airflow/example_dags/example_nested_branch_dag.py
[2022-03-28 07:20:04,671] {processor.py:654} INFO - DAG(s) dict_keys(['example_nested_branch_dag']) retrieved from /home/airflow/.local/lib/python3.7/site-packages/airflow/example_dags/example_nested_branch_dag.py
[2022-03-28 07:20:04,682] {logging_mixin.py:109} INFO - [2022-03-28 07:20:04,682] {dag.py:2398} INFO - Sync 1 DAGs
[2022-03-28 07:20:04,701] {logging_mixin.py:109} INFO - [2022-03-28 07:20:04,700] {dag.py:2937} INFO - Setting next_dagrun for example_nested_branch_dag to 2022-03-27 00:00:00+00:00
[2022-03-28 07:20:04,710] {processor.py:171} INFO - Processing /home/airflow/.local/lib/python3.7/site-packages/airflow/example_dags/example_nested_branch_dag.py took 0.081 seconds
[2022-03-28 07:20:34,987] {processor.py:163} INFO - Started process (PID=1690) to work on /home/airflow/.local/lib/python3.7/site-packages/airflow/example_dags/example_nested_branch_dag.py
[2022-03-28 07:20:34,988] {processor.py:642} INFO - Processing file /home/airflow/.local/lib/python3.7/site-packages/airflow/example_dags/example_nested_branch_dag.py for tasks to queue
[2022-03-28 07:20:34,989] {logging_mixin.py:109} INFO - [2022-03-28 07:20:34,989] {dagbag.py:500} INFO - Filling up the DagBag from /home/airflow/.local/lib/python3.7/site-packages/airflow/example_dags/example_nested_branch_dag.py
[2022-03-28 07:20:35,023] {processor.py:654} INFO - DAG(s) dict_keys(['example_nested_branch_dag']) retrieved from /home/airflow/.local/lib/python3.7/site-packages/airflow/example_dags/example_nested_branch_dag.py
[2022-03-28 07:20:35,035] {logging_mixin.py:109} INFO - [2022-03-28 07:20:35,035] {dag.py:2398} INFO - Sync 1 DAGs
[2022-03-28 07:20:35,053] {logging_mixin.py:109} INFO - [2022-03-28 07:20:35,052] {dag.py:2937} INFO - Setting next_dagrun for example_nested_branch_dag to 2022-03-27 00:00:00+00:00
[2022-03-28 07:20:35,063] {processor.py:171} INFO - Processing /home/airflow/.local/lib/python3.7/site-packages/airflow/example_dags/example_nested_branch_dag.py took 0.078 seconds
[2022-03-28 07:21:05,512] {processor.py:163} INFO - Started process (PID=1741) to work on /home/airflow/.local/lib/python3.7/site-packages/airflow/example_dags/example_nested_branch_dag.py
[2022-03-28 07:21:05,513] {processor.py:642} INFO - Processing file /home/airflow/.local/lib/python3.7/site-packages/airflow/example_dags/example_nested_branch_dag.py for tasks to queue
[2022-03-28 07:21:05,514] {logging_mixin.py:109} INFO - [2022-03-28 07:21:05,514] {dagbag.py:500} INFO - Filling up the DagBag from /home/airflow/.local/lib/python3.7/site-packages/airflow/example_dags/example_nested_branch_dag.py
[2022-03-28 07:21:05,544] {processor.py:654} INFO - DAG(s) dict_keys(['example_nested_branch_dag']) retrieved from /home/airflow/.local/lib/python3.7/site-packages/airflow/example_dags/example_nested_branch_dag.py
[2022-03-28 07:21:05,553] {logging_mixin.py:109} INFO - [2022-03-28 07:21:05,553] {dag.py:2398} INFO - Sync 1 DAGs
[2022-03-28 07:21:05,569] {logging_mixin.py:109} INFO - [2022-03-28 07:21:05,569] {dag.py:2937} INFO - Setting next_dagrun for example_nested_branch_dag to 2022-03-27 00:00:00+00:00
[2022-03-28 07:21:05,579] {processor.py:171} INFO - Processing /home/airflow/.local/lib/python3.7/site-packages/airflow/example_dags/example_nested_branch_dag.py took 0.070 seconds
[2022-03-28 07:21:35,797] {processor.py:163} INFO - Started process (PID=1801) to work on /home/airflow/.local/lib/python3.7/site-packages/airflow/example_dags/example_nested_branch_dag.py
[2022-03-28 07:21:35,799] {processor.py:642} INFO - Processing file /home/airflow/.local/lib/python3.7/site-packages/airflow/example_dags/example_nested_branch_dag.py for tasks to queue
[2022-03-28 07:21:35,800] {logging_mixin.py:109} INFO - [2022-03-28 07:21:35,800] {dagbag.py:500} INFO - Filling up the DagBag from /home/airflow/.local/lib/python3.7/site-packages/airflow/example_dags/example_nested_branch_dag.py
[2022-03-28 07:21:35,835] {processor.py:654} INFO - DAG(s) dict_keys(['example_nested_branch_dag']) retrieved from /home/airflow/.local/lib/python3.7/site-packages/airflow/example_dags/example_nested_branch_dag.py
[2022-03-28 07:21:35,847] {logging_mixin.py:109} INFO - [2022-03-28 07:21:35,847] {dag.py:2398} INFO - Sync 1 DAGs
[2022-03-28 07:21:35,867] {logging_mixin.py:109} INFO - [2022-03-28 07:21:35,866] {dag.py:2937} INFO - Setting next_dagrun for example_nested_branch_dag to 2022-03-27 00:00:00+00:00
[2022-03-28 07:21:35,878] {processor.py:171} INFO - Processing /home/airflow/.local/lib/python3.7/site-packages/airflow/example_dags/example_nested_branch_dag.py took 0.084 seconds
[2022-03-28 07:22:05,987] {processor.py:163} INFO - Started process (PID=1852) to work on /home/airflow/.local/lib/python3.7/site-packages/airflow/example_dags/example_nested_branch_dag.py
[2022-03-28 07:22:05,988] {processor.py:642} INFO - Processing file /home/airflow/.local/lib/python3.7/site-packages/airflow/example_dags/example_nested_branch_dag.py for tasks to queue
[2022-03-28 07:22:05,989] {logging_mixin.py:109} INFO - [2022-03-28 07:22:05,989] {dagbag.py:500} INFO - Filling up the DagBag from /home/airflow/.local/lib/python3.7/site-packages/airflow/example_dags/example_nested_branch_dag.py
[2022-03-28 07:22:06,026] {processor.py:654} INFO - DAG(s) dict_keys(['example_nested_branch_dag']) retrieved from /home/airflow/.local/lib/python3.7/site-packages/airflow/example_dags/example_nested_branch_dag.py
[2022-03-28 07:22:06,039] {logging_mixin.py:109} INFO - [2022-03-28 07:22:06,039] {dag.py:2398} INFO - Sync 1 DAGs
[2022-03-28 07:22:06,062] {logging_mixin.py:109} INFO - [2022-03-28 07:22:06,062] {dag.py:2937} INFO - Setting next_dagrun for example_nested_branch_dag to 2022-03-27 00:00:00+00:00
[2022-03-28 07:22:06,072] {processor.py:171} INFO - Processing /home/airflow/.local/lib/python3.7/site-packages/airflow/example_dags/example_nested_branch_dag.py took 0.089 seconds
[2022-03-28 07:22:36,536] {processor.py:163} INFO - Started process (PID=1903) to work on /home/airflow/.local/lib/python3.7/site-packages/airflow/example_dags/example_nested_branch_dag.py
[2022-03-28 07:22:36,538] {processor.py:642} INFO - Processing file /home/airflow/.local/lib/python3.7/site-packages/airflow/example_dags/example_nested_branch_dag.py for tasks to queue
[2022-03-28 07:22:36,539] {logging_mixin.py:109} INFO - [2022-03-28 07:22:36,539] {dagbag.py:500} INFO - Filling up the DagBag from /home/airflow/.local/lib/python3.7/site-packages/airflow/example_dags/example_nested_branch_dag.py
[2022-03-28 07:22:36,589] {processor.py:654} INFO - DAG(s) dict_keys(['example_nested_branch_dag']) retrieved from /home/airflow/.local/lib/python3.7/site-packages/airflow/example_dags/example_nested_branch_dag.py
[2022-03-28 07:22:36,604] {logging_mixin.py:109} INFO - [2022-03-28 07:22:36,604] {dag.py:2398} INFO - Sync 1 DAGs
[2022-03-28 07:22:36,627] {logging_mixin.py:109} INFO - [2022-03-28 07:22:36,627] {dag.py:2937} INFO - Setting next_dagrun for example_nested_branch_dag to 2022-03-27 00:00:00+00:00
[2022-03-28 07:22:36,646] {processor.py:171} INFO - Processing /home/airflow/.local/lib/python3.7/site-packages/airflow/example_dags/example_nested_branch_dag.py took 0.115 seconds
[2022-03-28 07:23:06,981] {processor.py:163} INFO - Started process (PID=1954) to work on /home/airflow/.local/lib/python3.7/site-packages/airflow/example_dags/example_nested_branch_dag.py
[2022-03-28 07:23:06,983] {processor.py:642} INFO - Processing file /home/airflow/.local/lib/python3.7/site-packages/airflow/example_dags/example_nested_branch_dag.py for tasks to queue
[2022-03-28 07:23:06,985] {logging_mixin.py:109} INFO - [2022-03-28 07:23:06,985] {dagbag.py:500} INFO - Filling up the DagBag from /home/airflow/.local/lib/python3.7/site-packages/airflow/example_dags/example_nested_branch_dag.py
[2022-03-28 07:23:07,039] {processor.py:654} INFO - DAG(s) dict_keys(['example_nested_branch_dag']) retrieved from /home/airflow/.local/lib/python3.7/site-packages/airflow/example_dags/example_nested_branch_dag.py
[2022-03-28 07:23:07,055] {logging_mixin.py:109} INFO - [2022-03-28 07:23:07,055] {dag.py:2398} INFO - Sync 1 DAGs
[2022-03-28 07:23:07,082] {logging_mixin.py:109} INFO - [2022-03-28 07:23:07,082] {dag.py:2937} INFO - Setting next_dagrun for example_nested_branch_dag to 2022-03-27 00:00:00+00:00
[2022-03-28 07:23:07,096] {processor.py:171} INFO - Processing /home/airflow/.local/lib/python3.7/site-packages/airflow/example_dags/example_nested_branch_dag.py took 0.119 seconds
[2022-03-28 07:23:37,682] {processor.py:163} INFO - Started process (PID=2015) to work on /home/airflow/.local/lib/python3.7/site-packages/airflow/example_dags/example_nested_branch_dag.py
[2022-03-28 07:23:37,684] {processor.py:642} INFO - Processing file /home/airflow/.local/lib/python3.7/site-packages/airflow/example_dags/example_nested_branch_dag.py for tasks to queue
[2022-03-28 07:23:37,685] {logging_mixin.py:109} INFO - [2022-03-28 07:23:37,685] {dagbag.py:500} INFO - Filling up the DagBag from /home/airflow/.local/lib/python3.7/site-packages/airflow/example_dags/example_nested_branch_dag.py
[2022-03-28 07:23:37,735] {processor.py:654} INFO - DAG(s) dict_keys(['example_nested_branch_dag']) retrieved from /home/airflow/.local/lib/python3.7/site-packages/airflow/example_dags/example_nested_branch_dag.py
[2022-03-28 07:23:37,752] {logging_mixin.py:109} INFO - [2022-03-28 07:23:37,751] {dag.py:2398} INFO - Sync 1 DAGs
[2022-03-28 07:23:37,780] {logging_mixin.py:109} INFO - [2022-03-28 07:23:37,779] {dag.py:2937} INFO - Setting next_dagrun for example_nested_branch_dag to 2022-03-27 00:00:00+00:00
[2022-03-28 07:23:37,794] {processor.py:171} INFO - Processing /home/airflow/.local/lib/python3.7/site-packages/airflow/example_dags/example_nested_branch_dag.py took 0.118 seconds
[2022-03-28 07:24:08,283] {processor.py:163} INFO - Started process (PID=2067) to work on /home/airflow/.local/lib/python3.7/site-packages/airflow/example_dags/example_nested_branch_dag.py
[2022-03-28 07:24:08,285] {processor.py:642} INFO - Processing file /home/airflow/.local/lib/python3.7/site-packages/airflow/example_dags/example_nested_branch_dag.py for tasks to queue
[2022-03-28 07:24:08,286] {logging_mixin.py:109} INFO - [2022-03-28 07:24:08,286] {dagbag.py:500} INFO - Filling up the DagBag from /home/airflow/.local/lib/python3.7/site-packages/airflow/example_dags/example_nested_branch_dag.py
[2022-03-28 07:24:08,332] {processor.py:654} INFO - DAG(s) dict_keys(['example_nested_branch_dag']) retrieved from /home/airflow/.local/lib/python3.7/site-packages/airflow/example_dags/example_nested_branch_dag.py
[2022-03-28 07:24:08,344] {logging_mixin.py:109} INFO - [2022-03-28 07:24:08,344] {dag.py:2398} INFO - Sync 1 DAGs
[2022-03-28 07:24:08,368] {logging_mixin.py:109} INFO - [2022-03-28 07:24:08,367] {dag.py:2937} INFO - Setting next_dagrun for example_nested_branch_dag to 2022-03-27 00:00:00+00:00
[2022-03-28 07:24:08,381] {processor.py:171} INFO - Processing /home/airflow/.local/lib/python3.7/site-packages/airflow/example_dags/example_nested_branch_dag.py took 0.101 seconds
[2022-03-28 07:24:38,465] {processor.py:163} INFO - Started process (PID=2118) to work on /home/airflow/.local/lib/python3.7/site-packages/airflow/example_dags/example_nested_branch_dag.py
[2022-03-28 07:24:38,467] {processor.py:642} INFO - Processing file /home/airflow/.local/lib/python3.7/site-packages/airflow/example_dags/example_nested_branch_dag.py for tasks to queue
[2022-03-28 07:24:38,468] {logging_mixin.py:109} INFO - [2022-03-28 07:24:38,468] {dagbag.py:500} INFO - Filling up the DagBag from /home/airflow/.local/lib/python3.7/site-packages/airflow/example_dags/example_nested_branch_dag.py
[2022-03-28 07:24:38,498] {processor.py:654} INFO - DAG(s) dict_keys(['example_nested_branch_dag']) retrieved from /home/airflow/.local/lib/python3.7/site-packages/airflow/example_dags/example_nested_branch_dag.py
[2022-03-28 07:24:38,509] {logging_mixin.py:109} INFO - [2022-03-28 07:24:38,509] {dag.py:2398} INFO - Sync 1 DAGs
[2022-03-28 07:24:38,525] {logging_mixin.py:109} INFO - [2022-03-28 07:24:38,525] {dag.py:2937} INFO - Setting next_dagrun for example_nested_branch_dag to 2022-03-27 00:00:00+00:00
[2022-03-28 07:24:38,535] {processor.py:171} INFO - Processing /home/airflow/.local/lib/python3.7/site-packages/airflow/example_dags/example_nested_branch_dag.py took 0.074 seconds
[2022-03-28 07:25:08,631] {processor.py:163} INFO - Started process (PID=2168) to work on /home/airflow/.local/lib/python3.7/site-packages/airflow/example_dags/example_nested_branch_dag.py
[2022-03-28 07:25:08,632] {processor.py:642} INFO - Processing file /home/airflow/.local/lib/python3.7/site-packages/airflow/example_dags/example_nested_branch_dag.py for tasks to queue
[2022-03-28 07:25:08,633] {logging_mixin.py:109} INFO - [2022-03-28 07:25:08,633] {dagbag.py:500} INFO - Filling up the DagBag from /home/airflow/.local/lib/python3.7/site-packages/airflow/example_dags/example_nested_branch_dag.py
[2022-03-28 07:25:08,657] {processor.py:654} INFO - DAG(s) dict_keys(['example_nested_branch_dag']) retrieved from /home/airflow/.local/lib/python3.7/site-packages/airflow/example_dags/example_nested_branch_dag.py
[2022-03-28 07:25:08,666] {logging_mixin.py:109} INFO - [2022-03-28 07:25:08,666] {dag.py:2398} INFO - Sync 1 DAGs
[2022-03-28 07:25:08,679] {logging_mixin.py:109} INFO - [2022-03-28 07:25:08,679] {dag.py:2937} INFO - Setting next_dagrun for example_nested_branch_dag to 2022-03-27 00:00:00+00:00
[2022-03-28 07:25:08,686] {processor.py:171} INFO - Processing /home/airflow/.local/lib/python3.7/site-packages/airflow/example_dags/example_nested_branch_dag.py took 0.058 seconds
[2022-03-28 07:25:39,624] {processor.py:163} INFO - Started process (PID=2228) to work on /home/airflow/.local/lib/python3.7/site-packages/airflow/example_dags/example_nested_branch_dag.py
[2022-03-28 07:25:39,625] {processor.py:642} INFO - Processing file /home/airflow/.local/lib/python3.7/site-packages/airflow/example_dags/example_nested_branch_dag.py for tasks to queue
[2022-03-28 07:25:39,626] {logging_mixin.py:109} INFO - [2022-03-28 07:25:39,626] {dagbag.py:500} INFO - Filling up the DagBag from /home/airflow/.local/lib/python3.7/site-packages/airflow/example_dags/example_nested_branch_dag.py
[2022-03-28 07:25:39,653] {processor.py:654} INFO - DAG(s) dict_keys(['example_nested_branch_dag']) retrieved from /home/airflow/.local/lib/python3.7/site-packages/airflow/example_dags/example_nested_branch_dag.py
[2022-03-28 07:25:39,667] {logging_mixin.py:109} INFO - [2022-03-28 07:25:39,666] {dag.py:2398} INFO - Sync 1 DAGs
[2022-03-28 07:25:39,684] {logging_mixin.py:109} INFO - [2022-03-28 07:25:39,684] {dag.py:2937} INFO - Setting next_dagrun for example_nested_branch_dag to 2022-03-27 00:00:00+00:00
[2022-03-28 07:25:39,693] {processor.py:171} INFO - Processing /home/airflow/.local/lib/python3.7/site-packages/airflow/example_dags/example_nested_branch_dag.py took 0.072 seconds
[2022-03-28 07:26:10,461] {processor.py:163} INFO - Started process (PID=2281) to work on /home/airflow/.local/lib/python3.7/site-packages/airflow/example_dags/example_nested_branch_dag.py
[2022-03-28 07:26:10,463] {processor.py:642} INFO - Processing file /home/airflow/.local/lib/python3.7/site-packages/airflow/example_dags/example_nested_branch_dag.py for tasks to queue
[2022-03-28 07:26:10,464] {logging_mixin.py:109} INFO - [2022-03-28 07:26:10,464] {dagbag.py:500} INFO - Filling up the DagBag from /home/airflow/.local/lib/python3.7/site-packages/airflow/example_dags/example_nested_branch_dag.py
[2022-03-28 07:26:10,495] {processor.py:654} INFO - DAG(s) dict_keys(['example_nested_branch_dag']) retrieved from /home/airflow/.local/lib/python3.7/site-packages/airflow/example_dags/example_nested_branch_dag.py
[2022-03-28 07:26:10,507] {logging_mixin.py:109} INFO - [2022-03-28 07:26:10,507] {dag.py:2398} INFO - Sync 1 DAGs
[2022-03-28 07:26:10,523] {logging_mixin.py:109} INFO - [2022-03-28 07:26:10,523] {dag.py:2937} INFO - Setting next_dagrun for example_nested_branch_dag to 2022-03-27 00:00:00+00:00
[2022-03-28 07:26:10,532] {processor.py:171} INFO - Processing /home/airflow/.local/lib/python3.7/site-packages/airflow/example_dags/example_nested_branch_dag.py took 0.075 seconds
[2022-03-28 07:26:41,280] {processor.py:163} INFO - Started process (PID=2332) to work on /home/airflow/.local/lib/python3.7/site-packages/airflow/example_dags/example_nested_branch_dag.py
[2022-03-28 07:26:41,281] {processor.py:642} INFO - Processing file /home/airflow/.local/lib/python3.7/site-packages/airflow/example_dags/example_nested_branch_dag.py for tasks to queue
[2022-03-28 07:26:41,282] {logging_mixin.py:109} INFO - [2022-03-28 07:26:41,282] {dagbag.py:500} INFO - Filling up the DagBag from /home/airflow/.local/lib/python3.7/site-packages/airflow/example_dags/example_nested_branch_dag.py
[2022-03-28 07:26:41,307] {processor.py:654} INFO - DAG(s) dict_keys(['example_nested_branch_dag']) retrieved from /home/airflow/.local/lib/python3.7/site-packages/airflow/example_dags/example_nested_branch_dag.py
[2022-03-28 07:26:41,315] {logging_mixin.py:109} INFO - [2022-03-28 07:26:41,315] {dag.py:2398} INFO - Sync 1 DAGs
[2022-03-28 07:26:41,329] {logging_mixin.py:109} INFO - [2022-03-28 07:26:41,329] {dag.py:2937} INFO - Setting next_dagrun for example_nested_branch_dag to 2022-03-27 00:00:00+00:00
[2022-03-28 07:26:41,336] {processor.py:171} INFO - Processing /home/airflow/.local/lib/python3.7/site-packages/airflow/example_dags/example_nested_branch_dag.py took 0.058 seconds
[2022-03-28 07:27:11,933] {processor.py:163} INFO - Started process (PID=2393) to work on /home/airflow/.local/lib/python3.7/site-packages/airflow/example_dags/example_nested_branch_dag.py
[2022-03-28 07:27:11,934] {processor.py:642} INFO - Processing file /home/airflow/.local/lib/python3.7/site-packages/airflow/example_dags/example_nested_branch_dag.py for tasks to queue
[2022-03-28 07:27:11,935] {logging_mixin.py:109} INFO - [2022-03-28 07:27:11,935] {dagbag.py:500} INFO - Filling up the DagBag from /home/airflow/.local/lib/python3.7/site-packages/airflow/example_dags/example_nested_branch_dag.py
[2022-03-28 07:27:11,960] {processor.py:654} INFO - DAG(s) dict_keys(['example_nested_branch_dag']) retrieved from /home/airflow/.local/lib/python3.7/site-packages/airflow/example_dags/example_nested_branch_dag.py
[2022-03-28 07:27:11,968] {logging_mixin.py:109} INFO - [2022-03-28 07:27:11,968] {dag.py:2398} INFO - Sync 1 DAGs
[2022-03-28 07:27:11,981] {logging_mixin.py:109} INFO - [2022-03-28 07:27:11,981] {dag.py:2937} INFO - Setting next_dagrun for example_nested_branch_dag to 2022-03-27 00:00:00+00:00
[2022-03-28 07:27:11,989] {processor.py:171} INFO - Processing /home/airflow/.local/lib/python3.7/site-packages/airflow/example_dags/example_nested_branch_dag.py took 0.058 seconds
[2022-03-28 07:27:42,671] {processor.py:163} INFO - Started process (PID=2444) to work on /home/airflow/.local/lib/python3.7/site-packages/airflow/example_dags/example_nested_branch_dag.py
[2022-03-28 07:27:42,672] {processor.py:642} INFO - Processing file /home/airflow/.local/lib/python3.7/site-packages/airflow/example_dags/example_nested_branch_dag.py for tasks to queue
[2022-03-28 07:27:42,674] {logging_mixin.py:109} INFO - [2022-03-28 07:27:42,673] {dagbag.py:500} INFO - Filling up the DagBag from /home/airflow/.local/lib/python3.7/site-packages/airflow/example_dags/example_nested_branch_dag.py
[2022-03-28 07:27:42,698] {processor.py:654} INFO - DAG(s) dict_keys(['example_nested_branch_dag']) retrieved from /home/airflow/.local/lib/python3.7/site-packages/airflow/example_dags/example_nested_branch_dag.py
[2022-03-28 07:27:42,708] {logging_mixin.py:109} INFO - [2022-03-28 07:27:42,708] {dag.py:2398} INFO - Sync 1 DAGs
[2022-03-28 07:27:42,721] {logging_mixin.py:109} INFO - [2022-03-28 07:27:42,721] {dag.py:2937} INFO - Setting next_dagrun for example_nested_branch_dag to 2022-03-27 00:00:00+00:00
[2022-03-28 07:27:42,730] {processor.py:171} INFO - Processing /home/airflow/.local/lib/python3.7/site-packages/airflow/example_dags/example_nested_branch_dag.py took 0.061 seconds
[2022-03-28 07:28:13,216] {processor.py:163} INFO - Started process (PID=2504) to work on /home/airflow/.local/lib/python3.7/site-packages/airflow/example_dags/example_nested_branch_dag.py
[2022-03-28 07:28:13,217] {processor.py:642} INFO - Processing file /home/airflow/.local/lib/python3.7/site-packages/airflow/example_dags/example_nested_branch_dag.py for tasks to queue
[2022-03-28 07:28:13,218] {logging_mixin.py:109} INFO - [2022-03-28 07:28:13,218] {dagbag.py:500} INFO - Filling up the DagBag from /home/airflow/.local/lib/python3.7/site-packages/airflow/example_dags/example_nested_branch_dag.py
[2022-03-28 07:28:13,251] {processor.py:654} INFO - DAG(s) dict_keys(['example_nested_branch_dag']) retrieved from /home/airflow/.local/lib/python3.7/site-packages/airflow/example_dags/example_nested_branch_dag.py
[2022-03-28 07:28:13,262] {logging_mixin.py:109} INFO - [2022-03-28 07:28:13,262] {dag.py:2398} INFO - Sync 1 DAGs
[2022-03-28 07:28:13,279] {logging_mixin.py:109} INFO - [2022-03-28 07:28:13,279] {dag.py:2937} INFO - Setting next_dagrun for example_nested_branch_dag to 2022-03-27 00:00:00+00:00
[2022-03-28 07:28:13,288] {processor.py:171} INFO - Processing /home/airflow/.local/lib/python3.7/site-packages/airflow/example_dags/example_nested_branch_dag.py took 0.075 seconds
[2022-03-28 07:28:43,861] {processor.py:163} INFO - Started process (PID=2556) to work on /home/airflow/.local/lib/python3.7/site-packages/airflow/example_dags/example_nested_branch_dag.py
[2022-03-28 07:28:43,862] {processor.py:642} INFO - Processing file /home/airflow/.local/lib/python3.7/site-packages/airflow/example_dags/example_nested_branch_dag.py for tasks to queue
[2022-03-28 07:28:43,863] {logging_mixin.py:109} INFO - [2022-03-28 07:28:43,863] {dagbag.py:500} INFO - Filling up the DagBag from /home/airflow/.local/lib/python3.7/site-packages/airflow/example_dags/example_nested_branch_dag.py
[2022-03-28 07:28:43,889] {processor.py:654} INFO - DAG(s) dict_keys(['example_nested_branch_dag']) retrieved from /home/airflow/.local/lib/python3.7/site-packages/airflow/example_dags/example_nested_branch_dag.py
[2022-03-28 07:28:43,900] {logging_mixin.py:109} INFO - [2022-03-28 07:28:43,900] {dag.py:2398} INFO - Sync 1 DAGs
[2022-03-28 07:28:43,923] {logging_mixin.py:109} INFO - [2022-03-28 07:28:43,923] {dag.py:2937} INFO - Setting next_dagrun for example_nested_branch_dag to 2022-03-27 00:00:00+00:00
[2022-03-28 07:28:43,934] {processor.py:171} INFO - Processing /home/airflow/.local/lib/python3.7/site-packages/airflow/example_dags/example_nested_branch_dag.py took 0.076 seconds
[2022-03-28 07:29:14,754] {processor.py:163} INFO - Started process (PID=2607) to work on /home/airflow/.local/lib/python3.7/site-packages/airflow/example_dags/example_nested_branch_dag.py
[2022-03-28 07:29:14,755] {processor.py:642} INFO - Processing file /home/airflow/.local/lib/python3.7/site-packages/airflow/example_dags/example_nested_branch_dag.py for tasks to queue
[2022-03-28 07:29:14,756] {logging_mixin.py:109} INFO - [2022-03-28 07:29:14,756] {dagbag.py:500} INFO - Filling up the DagBag from /home/airflow/.local/lib/python3.7/site-packages/airflow/example_dags/example_nested_branch_dag.py
[2022-03-28 07:29:14,783] {processor.py:654} INFO - DAG(s) dict_keys(['example_nested_branch_dag']) retrieved from /home/airflow/.local/lib/python3.7/site-packages/airflow/example_dags/example_nested_branch_dag.py
[2022-03-28 07:29:14,792] {logging_mixin.py:109} INFO - [2022-03-28 07:29:14,792] {dag.py:2398} INFO - Sync 1 DAGs
[2022-03-28 07:29:14,807] {logging_mixin.py:109} INFO - [2022-03-28 07:29:14,807] {dag.py:2937} INFO - Setting next_dagrun for example_nested_branch_dag to 2022-03-27 00:00:00+00:00
[2022-03-28 07:29:14,816] {processor.py:171} INFO - Processing /home/airflow/.local/lib/python3.7/site-packages/airflow/example_dags/example_nested_branch_dag.py took 0.064 seconds
[2022-03-28 07:29:45,424] {processor.py:163} INFO - Started process (PID=2669) to work on /home/airflow/.local/lib/python3.7/site-packages/airflow/example_dags/example_nested_branch_dag.py
[2022-03-28 07:29:45,425] {processor.py:642} INFO - Processing file /home/airflow/.local/lib/python3.7/site-packages/airflow/example_dags/example_nested_branch_dag.py for tasks to queue
[2022-03-28 07:29:45,426] {logging_mixin.py:109} INFO - [2022-03-28 07:29:45,426] {dagbag.py:500} INFO - Filling up the DagBag from /home/airflow/.local/lib/python3.7/site-packages/airflow/example_dags/example_nested_branch_dag.py
[2022-03-28 07:29:45,452] {processor.py:654} INFO - DAG(s) dict_keys(['example_nested_branch_dag']) retrieved from /home/airflow/.local/lib/python3.7/site-packages/airflow/example_dags/example_nested_branch_dag.py
[2022-03-28 07:29:45,462] {logging_mixin.py:109} INFO - [2022-03-28 07:29:45,462] {dag.py:2398} INFO - Sync 1 DAGs
[2022-03-28 07:29:45,476] {logging_mixin.py:109} INFO - [2022-03-28 07:29:45,476] {dag.py:2937} INFO - Setting next_dagrun for example_nested_branch_dag to 2022-03-27 00:00:00+00:00
[2022-03-28 07:29:45,484] {processor.py:171} INFO - Processing /home/airflow/.local/lib/python3.7/site-packages/airflow/example_dags/example_nested_branch_dag.py took 0.063 seconds
[2022-03-28 07:30:16,044] {processor.py:163} INFO - Started process (PID=2720) to work on /home/airflow/.local/lib/python3.7/site-packages/airflow/example_dags/example_nested_branch_dag.py
[2022-03-28 07:30:16,046] {processor.py:642} INFO - Processing file /home/airflow/.local/lib/python3.7/site-packages/airflow/example_dags/example_nested_branch_dag.py for tasks to queue
[2022-03-28 07:30:16,047] {logging_mixin.py:109} INFO - [2022-03-28 07:30:16,047] {dagbag.py:500} INFO - Filling up the DagBag from /home/airflow/.local/lib/python3.7/site-packages/airflow/example_dags/example_nested_branch_dag.py
[2022-03-28 07:30:16,078] {processor.py:654} INFO - DAG(s) dict_keys(['example_nested_branch_dag']) retrieved from /home/airflow/.local/lib/python3.7/site-packages/airflow/example_dags/example_nested_branch_dag.py
[2022-03-28 07:30:16,090] {logging_mixin.py:109} INFO - [2022-03-28 07:30:16,090] {dag.py:2398} INFO - Sync 1 DAGs
[2022-03-28 07:30:16,110] {logging_mixin.py:109} INFO - [2022-03-28 07:30:16,109] {dag.py:2937} INFO - Setting next_dagrun for example_nested_branch_dag to 2022-03-27 00:00:00+00:00
[2022-03-28 07:30:16,121] {processor.py:171} INFO - Processing /home/airflow/.local/lib/python3.7/site-packages/airflow/example_dags/example_nested_branch_dag.py took 0.080 seconds
[2022-03-28 07:30:46,227] {processor.py:163} INFO - Started process (PID=2770) to work on /home/airflow/.local/lib/python3.7/site-packages/airflow/example_dags/example_nested_branch_dag.py
[2022-03-28 07:30:46,228] {processor.py:642} INFO - Processing file /home/airflow/.local/lib/python3.7/site-packages/airflow/example_dags/example_nested_branch_dag.py for tasks to queue
[2022-03-28 07:30:46,229] {logging_mixin.py:109} INFO - [2022-03-28 07:30:46,229] {dagbag.py:500} INFO - Filling up the DagBag from /home/airflow/.local/lib/python3.7/site-packages/airflow/example_dags/example_nested_branch_dag.py
[2022-03-28 07:30:46,264] {processor.py:654} INFO - DAG(s) dict_keys(['example_nested_branch_dag']) retrieved from /home/airflow/.local/lib/python3.7/site-packages/airflow/example_dags/example_nested_branch_dag.py
[2022-03-28 07:30:46,276] {logging_mixin.py:109} INFO - [2022-03-28 07:30:46,276] {dag.py:2398} INFO - Sync 1 DAGs
[2022-03-28 07:30:46,295] {logging_mixin.py:109} INFO - [2022-03-28 07:30:46,295] {dag.py:2937} INFO - Setting next_dagrun for example_nested_branch_dag to 2022-03-27 00:00:00+00:00
[2022-03-28 07:30:46,305] {processor.py:171} INFO - Processing /home/airflow/.local/lib/python3.7/site-packages/airflow/example_dags/example_nested_branch_dag.py took 0.082 seconds
[2022-03-28 07:31:17,155] {processor.py:163} INFO - Started process (PID=2832) to work on /home/airflow/.local/lib/python3.7/site-packages/airflow/example_dags/example_nested_branch_dag.py
[2022-03-28 07:31:17,157] {processor.py:642} INFO - Processing file /home/airflow/.local/lib/python3.7/site-packages/airflow/example_dags/example_nested_branch_dag.py for tasks to queue
[2022-03-28 07:31:17,158] {logging_mixin.py:109} INFO - [2022-03-28 07:31:17,158] {dagbag.py:500} INFO - Filling up the DagBag from /home/airflow/.local/lib/python3.7/site-packages/airflow/example_dags/example_nested_branch_dag.py
[2022-03-28 07:31:17,204] {processor.py:654} INFO - DAG(s) dict_keys(['example_nested_branch_dag']) retrieved from /home/airflow/.local/lib/python3.7/site-packages/airflow/example_dags/example_nested_branch_dag.py
[2022-03-28 07:31:17,218] {logging_mixin.py:109} INFO - [2022-03-28 07:31:17,217] {dag.py:2398} INFO - Sync 1 DAGs
[2022-03-28 07:31:17,243] {logging_mixin.py:109} INFO - [2022-03-28 07:31:17,243] {dag.py:2937} INFO - Setting next_dagrun for example_nested_branch_dag to 2022-03-27 00:00:00+00:00
[2022-03-28 07:31:17,257] {processor.py:171} INFO - Processing /home/airflow/.local/lib/python3.7/site-packages/airflow/example_dags/example_nested_branch_dag.py took 0.105 seconds
[2022-03-28 07:31:47,802] {processor.py:163} INFO - Started process (PID=2884) to work on /home/airflow/.local/lib/python3.7/site-packages/airflow/example_dags/example_nested_branch_dag.py
[2022-03-28 07:31:47,804] {processor.py:642} INFO - Processing file /home/airflow/.local/lib/python3.7/site-packages/airflow/example_dags/example_nested_branch_dag.py for tasks to queue
[2022-03-28 07:31:47,805] {logging_mixin.py:109} INFO - [2022-03-28 07:31:47,805] {dagbag.py:500} INFO - Filling up the DagBag from /home/airflow/.local/lib/python3.7/site-packages/airflow/example_dags/example_nested_branch_dag.py
[2022-03-28 07:31:47,834] {processor.py:654} INFO - DAG(s) dict_keys(['example_nested_branch_dag']) retrieved from /home/airflow/.local/lib/python3.7/site-packages/airflow/example_dags/example_nested_branch_dag.py
[2022-03-28 07:31:47,850] {logging_mixin.py:109} INFO - [2022-03-28 07:31:47,849] {dag.py:2398} INFO - Sync 1 DAGs
[2022-03-28 07:31:47,868] {logging_mixin.py:109} INFO - [2022-03-28 07:31:47,868] {dag.py:2937} INFO - Setting next_dagrun for example_nested_branch_dag to 2022-03-27 00:00:00+00:00
[2022-03-28 07:31:47,880] {processor.py:171} INFO - Processing /home/airflow/.local/lib/python3.7/site-packages/airflow/example_dags/example_nested_branch_dag.py took 0.081 seconds
[2022-03-28 07:32:18,635] {processor.py:163} INFO - Started process (PID=2935) to work on /home/airflow/.local/lib/python3.7/site-packages/airflow/example_dags/example_nested_branch_dag.py
[2022-03-28 07:32:18,637] {processor.py:642} INFO - Processing file /home/airflow/.local/lib/python3.7/site-packages/airflow/example_dags/example_nested_branch_dag.py for tasks to queue
[2022-03-28 07:32:18,638] {logging_mixin.py:109} INFO - [2022-03-28 07:32:18,638] {dagbag.py:500} INFO - Filling up the DagBag from /home/airflow/.local/lib/python3.7/site-packages/airflow/example_dags/example_nested_branch_dag.py
[2022-03-28 07:32:18,677] {processor.py:654} INFO - DAG(s) dict_keys(['example_nested_branch_dag']) retrieved from /home/airflow/.local/lib/python3.7/site-packages/airflow/example_dags/example_nested_branch_dag.py
[2022-03-28 07:32:18,691] {logging_mixin.py:109} INFO - [2022-03-28 07:32:18,691] {dag.py:2398} INFO - Sync 1 DAGs
[2022-03-28 07:32:18,710] {logging_mixin.py:109} INFO - [2022-03-28 07:32:18,710] {dag.py:2937} INFO - Setting next_dagrun for example_nested_branch_dag to 2022-03-27 00:00:00+00:00
[2022-03-28 07:32:18,721] {processor.py:171} INFO - Processing /home/airflow/.local/lib/python3.7/site-packages/airflow/example_dags/example_nested_branch_dag.py took 0.089 seconds
