[2022-03-28 07:08:33,848] {processor.py:163} INFO - Started process (PID=103) to work on /home/airflow/.local/lib/python3.7/site-packages/airflow/example_dags/example_dag_decorator.py
[2022-03-28 07:08:33,850] {processor.py:642} INFO - Processing file /home/airflow/.local/lib/python3.7/site-packages/airflow/example_dags/example_dag_decorator.py for tasks to queue
[2022-03-28 07:08:33,852] {logging_mixin.py:109} INFO - [2022-03-28 07:08:33,852] {dagbag.py:500} INFO - Filling up the DagBag from /home/airflow/.local/lib/python3.7/site-packages/airflow/example_dags/example_dag_decorator.py
[2022-03-28 07:08:33,924] {processor.py:654} INFO - DAG(s) dict_keys(['example_dag_decorator']) retrieved from /home/airflow/.local/lib/python3.7/site-packages/airflow/example_dags/example_dag_decorator.py
[2022-03-28 07:08:36,339] {logging_mixin.py:109} INFO - [2022-03-28 07:08:36,339] {manager.py:496} INFO - Created Permission View: can read on DAG:example_dag_decorator
[2022-03-28 07:08:36,348] {logging_mixin.py:109} INFO - [2022-03-28 07:08:36,348] {manager.py:496} INFO - Created Permission View: can edit on DAG:example_dag_decorator
[2022-03-28 07:08:36,349] {logging_mixin.py:109} INFO - [2022-03-28 07:08:36,349] {dag.py:2398} INFO - Sync 1 DAGs
[2022-03-28 07:08:36,357] {logging_mixin.py:109} INFO - [2022-03-28 07:08:36,356] {dag.py:2417} INFO - Creating ORM DAG for example_dag_decorator
[2022-03-28 07:08:36,367] {logging_mixin.py:109} INFO - [2022-03-28 07:08:36,367] {dag.py:2937} INFO - Setting next_dagrun for example_dag_decorator to None
[2022-03-28 07:08:36,382] {processor.py:171} INFO - Processing /home/airflow/.local/lib/python3.7/site-packages/airflow/example_dags/example_dag_decorator.py took 2.538 seconds
[2022-03-28 07:09:06,839] {processor.py:163} INFO - Started process (PID=466) to work on /home/airflow/.local/lib/python3.7/site-packages/airflow/example_dags/example_dag_decorator.py
[2022-03-28 07:09:06,841] {processor.py:642} INFO - Processing file /home/airflow/.local/lib/python3.7/site-packages/airflow/example_dags/example_dag_decorator.py for tasks to queue
[2022-03-28 07:09:06,842] {logging_mixin.py:109} INFO - [2022-03-28 07:09:06,842] {dagbag.py:500} INFO - Filling up the DagBag from /home/airflow/.local/lib/python3.7/site-packages/airflow/example_dags/example_dag_decorator.py
[2022-03-28 07:09:06,883] {processor.py:654} INFO - DAG(s) dict_keys(['example_dag_decorator']) retrieved from /home/airflow/.local/lib/python3.7/site-packages/airflow/example_dags/example_dag_decorator.py
[2022-03-28 07:09:07,080] {logging_mixin.py:109} INFO - [2022-03-28 07:09:07,079] {dag.py:2398} INFO - Sync 1 DAGs
[2022-03-28 07:09:07,092] {logging_mixin.py:109} INFO - [2022-03-28 07:09:07,091] {dag.py:2937} INFO - Setting next_dagrun for example_dag_decorator to None
[2022-03-28 07:09:07,102] {processor.py:171} INFO - Processing /home/airflow/.local/lib/python3.7/site-packages/airflow/example_dags/example_dag_decorator.py took 0.266 seconds
[2022-03-28 07:09:37,724] {processor.py:163} INFO - Started process (PID=528) to work on /home/airflow/.local/lib/python3.7/site-packages/airflow/example_dags/example_dag_decorator.py
[2022-03-28 07:09:37,725] {processor.py:642} INFO - Processing file /home/airflow/.local/lib/python3.7/site-packages/airflow/example_dags/example_dag_decorator.py for tasks to queue
[2022-03-28 07:09:37,726] {logging_mixin.py:109} INFO - [2022-03-28 07:09:37,726] {dagbag.py:500} INFO - Filling up the DagBag from /home/airflow/.local/lib/python3.7/site-packages/airflow/example_dags/example_dag_decorator.py
[2022-03-28 07:09:37,771] {processor.py:654} INFO - DAG(s) dict_keys(['example_dag_decorator']) retrieved from /home/airflow/.local/lib/python3.7/site-packages/airflow/example_dags/example_dag_decorator.py
[2022-03-28 07:09:37,995] {logging_mixin.py:109} INFO - [2022-03-28 07:09:37,995] {dag.py:2398} INFO - Sync 1 DAGs
[2022-03-28 07:09:38,014] {logging_mixin.py:109} INFO - [2022-03-28 07:09:38,014] {dag.py:2937} INFO - Setting next_dagrun for example_dag_decorator to None
[2022-03-28 07:09:38,025] {processor.py:171} INFO - Processing /home/airflow/.local/lib/python3.7/site-packages/airflow/example_dags/example_dag_decorator.py took 0.304 seconds
[2022-03-28 07:10:08,436] {processor.py:163} INFO - Started process (PID=579) to work on /home/airflow/.local/lib/python3.7/site-packages/airflow/example_dags/example_dag_decorator.py
[2022-03-28 07:10:08,437] {processor.py:642} INFO - Processing file /home/airflow/.local/lib/python3.7/site-packages/airflow/example_dags/example_dag_decorator.py for tasks to queue
[2022-03-28 07:10:08,438] {logging_mixin.py:109} INFO - [2022-03-28 07:10:08,438] {dagbag.py:500} INFO - Filling up the DagBag from /home/airflow/.local/lib/python3.7/site-packages/airflow/example_dags/example_dag_decorator.py
[2022-03-28 07:10:08,483] {processor.py:654} INFO - DAG(s) dict_keys(['example_dag_decorator']) retrieved from /home/airflow/.local/lib/python3.7/site-packages/airflow/example_dags/example_dag_decorator.py
[2022-03-28 07:10:08,702] {logging_mixin.py:109} INFO - [2022-03-28 07:10:08,702] {dag.py:2398} INFO - Sync 1 DAGs
[2022-03-28 07:10:08,715] {logging_mixin.py:109} INFO - [2022-03-28 07:10:08,715] {dag.py:2937} INFO - Setting next_dagrun for example_dag_decorator to None
[2022-03-28 07:10:08,726] {processor.py:171} INFO - Processing /home/airflow/.local/lib/python3.7/site-packages/airflow/example_dags/example_dag_decorator.py took 0.295 seconds
[2022-03-28 07:10:39,136] {processor.py:163} INFO - Started process (PID=630) to work on /home/airflow/.local/lib/python3.7/site-packages/airflow/example_dags/example_dag_decorator.py
[2022-03-28 07:10:39,138] {processor.py:642} INFO - Processing file /home/airflow/.local/lib/python3.7/site-packages/airflow/example_dags/example_dag_decorator.py for tasks to queue
[2022-03-28 07:10:39,140] {logging_mixin.py:109} INFO - [2022-03-28 07:10:39,139] {dagbag.py:500} INFO - Filling up the DagBag from /home/airflow/.local/lib/python3.7/site-packages/airflow/example_dags/example_dag_decorator.py
[2022-03-28 07:10:39,190] {processor.py:654} INFO - DAG(s) dict_keys(['example_dag_decorator']) retrieved from /home/airflow/.local/lib/python3.7/site-packages/airflow/example_dags/example_dag_decorator.py
[2022-03-28 07:10:39,434] {logging_mixin.py:109} INFO - [2022-03-28 07:10:39,434] {dag.py:2398} INFO - Sync 1 DAGs
[2022-03-28 07:10:39,449] {logging_mixin.py:109} INFO - [2022-03-28 07:10:39,449] {dag.py:2937} INFO - Setting next_dagrun for example_dag_decorator to None
[2022-03-28 07:10:39,460] {processor.py:171} INFO - Processing /home/airflow/.local/lib/python3.7/site-packages/airflow/example_dags/example_dag_decorator.py took 0.328 seconds
[2022-03-28 07:11:09,552] {processor.py:163} INFO - Started process (PID=691) to work on /home/airflow/.local/lib/python3.7/site-packages/airflow/example_dags/example_dag_decorator.py
[2022-03-28 07:11:09,553] {processor.py:642} INFO - Processing file /home/airflow/.local/lib/python3.7/site-packages/airflow/example_dags/example_dag_decorator.py for tasks to queue
[2022-03-28 07:11:09,554] {logging_mixin.py:109} INFO - [2022-03-28 07:11:09,554] {dagbag.py:500} INFO - Filling up the DagBag from /home/airflow/.local/lib/python3.7/site-packages/airflow/example_dags/example_dag_decorator.py
[2022-03-28 07:11:09,595] {processor.py:654} INFO - DAG(s) dict_keys(['example_dag_decorator']) retrieved from /home/airflow/.local/lib/python3.7/site-packages/airflow/example_dags/example_dag_decorator.py
[2022-03-28 07:11:09,797] {logging_mixin.py:109} INFO - [2022-03-28 07:11:09,797] {dag.py:2398} INFO - Sync 1 DAGs
[2022-03-28 07:11:09,809] {logging_mixin.py:109} INFO - [2022-03-28 07:11:09,809] {dag.py:2937} INFO - Setting next_dagrun for example_dag_decorator to None
[2022-03-28 07:11:09,820] {processor.py:171} INFO - Processing /home/airflow/.local/lib/python3.7/site-packages/airflow/example_dags/example_dag_decorator.py took 0.272 seconds
[2022-03-28 07:11:40,080] {processor.py:163} INFO - Started process (PID=742) to work on /home/airflow/.local/lib/python3.7/site-packages/airflow/example_dags/example_dag_decorator.py
[2022-03-28 07:11:40,081] {processor.py:642} INFO - Processing file /home/airflow/.local/lib/python3.7/site-packages/airflow/example_dags/example_dag_decorator.py for tasks to queue
[2022-03-28 07:11:40,082] {logging_mixin.py:109} INFO - [2022-03-28 07:11:40,082] {dagbag.py:500} INFO - Filling up the DagBag from /home/airflow/.local/lib/python3.7/site-packages/airflow/example_dags/example_dag_decorator.py
[2022-03-28 07:11:40,123] {processor.py:654} INFO - DAG(s) dict_keys(['example_dag_decorator']) retrieved from /home/airflow/.local/lib/python3.7/site-packages/airflow/example_dags/example_dag_decorator.py
[2022-03-28 07:11:40,343] {logging_mixin.py:109} INFO - [2022-03-28 07:11:40,343] {dag.py:2398} INFO - Sync 1 DAGs
[2022-03-28 07:11:40,360] {logging_mixin.py:109} INFO - [2022-03-28 07:11:40,360] {dag.py:2937} INFO - Setting next_dagrun for example_dag_decorator to None
[2022-03-28 07:11:40,373] {processor.py:171} INFO - Processing /home/airflow/.local/lib/python3.7/site-packages/airflow/example_dags/example_dag_decorator.py took 0.296 seconds
[2022-03-28 07:12:10,499] {processor.py:163} INFO - Started process (PID=792) to work on /home/airflow/.local/lib/python3.7/site-packages/airflow/example_dags/example_dag_decorator.py
[2022-03-28 07:12:10,500] {processor.py:642} INFO - Processing file /home/airflow/.local/lib/python3.7/site-packages/airflow/example_dags/example_dag_decorator.py for tasks to queue
[2022-03-28 07:12:10,501] {logging_mixin.py:109} INFO - [2022-03-28 07:12:10,501] {dagbag.py:500} INFO - Filling up the DagBag from /home/airflow/.local/lib/python3.7/site-packages/airflow/example_dags/example_dag_decorator.py
[2022-03-28 07:12:10,542] {processor.py:654} INFO - DAG(s) dict_keys(['example_dag_decorator']) retrieved from /home/airflow/.local/lib/python3.7/site-packages/airflow/example_dags/example_dag_decorator.py
[2022-03-28 07:12:10,750] {logging_mixin.py:109} INFO - [2022-03-28 07:12:10,750] {dag.py:2398} INFO - Sync 1 DAGs
[2022-03-28 07:12:10,763] {logging_mixin.py:109} INFO - [2022-03-28 07:12:10,763] {dag.py:2937} INFO - Setting next_dagrun for example_dag_decorator to None
[2022-03-28 07:12:10,774] {processor.py:171} INFO - Processing /home/airflow/.local/lib/python3.7/site-packages/airflow/example_dags/example_dag_decorator.py took 0.278 seconds
[2022-03-28 07:12:41,202] {processor.py:163} INFO - Started process (PID=853) to work on /home/airflow/.local/lib/python3.7/site-packages/airflow/example_dags/example_dag_decorator.py
[2022-03-28 07:12:41,204] {processor.py:642} INFO - Processing file /home/airflow/.local/lib/python3.7/site-packages/airflow/example_dags/example_dag_decorator.py for tasks to queue
[2022-03-28 07:12:41,205] {logging_mixin.py:109} INFO - [2022-03-28 07:12:41,205] {dagbag.py:500} INFO - Filling up the DagBag from /home/airflow/.local/lib/python3.7/site-packages/airflow/example_dags/example_dag_decorator.py
[2022-03-28 07:12:41,243] {processor.py:654} INFO - DAG(s) dict_keys(['example_dag_decorator']) retrieved from /home/airflow/.local/lib/python3.7/site-packages/airflow/example_dags/example_dag_decorator.py
[2022-03-28 07:12:41,431] {logging_mixin.py:109} INFO - [2022-03-28 07:12:41,431] {dag.py:2398} INFO - Sync 1 DAGs
[2022-03-28 07:12:41,442] {logging_mixin.py:109} INFO - [2022-03-28 07:12:41,442] {dag.py:2937} INFO - Setting next_dagrun for example_dag_decorator to None
[2022-03-28 07:12:41,453] {processor.py:171} INFO - Processing /home/airflow/.local/lib/python3.7/site-packages/airflow/example_dags/example_dag_decorator.py took 0.254 seconds
[2022-03-28 07:13:11,625] {processor.py:163} INFO - Started process (PID=904) to work on /home/airflow/.local/lib/python3.7/site-packages/airflow/example_dags/example_dag_decorator.py
[2022-03-28 07:13:11,626] {processor.py:642} INFO - Processing file /home/airflow/.local/lib/python3.7/site-packages/airflow/example_dags/example_dag_decorator.py for tasks to queue
[2022-03-28 07:13:11,627] {logging_mixin.py:109} INFO - [2022-03-28 07:13:11,627] {dagbag.py:500} INFO - Filling up the DagBag from /home/airflow/.local/lib/python3.7/site-packages/airflow/example_dags/example_dag_decorator.py
[2022-03-28 07:13:11,674] {processor.py:654} INFO - DAG(s) dict_keys(['example_dag_decorator']) retrieved from /home/airflow/.local/lib/python3.7/site-packages/airflow/example_dags/example_dag_decorator.py
[2022-03-28 07:13:11,880] {logging_mixin.py:109} INFO - [2022-03-28 07:13:11,880] {dag.py:2398} INFO - Sync 1 DAGs
[2022-03-28 07:13:11,895] {logging_mixin.py:109} INFO - [2022-03-28 07:13:11,895] {dag.py:2937} INFO - Setting next_dagrun for example_dag_decorator to None
[2022-03-28 07:13:11,909] {processor.py:171} INFO - Processing /home/airflow/.local/lib/python3.7/site-packages/airflow/example_dags/example_dag_decorator.py took 0.288 seconds
[2022-03-28 07:13:42,149] {processor.py:163} INFO - Started process (PID=955) to work on /home/airflow/.local/lib/python3.7/site-packages/airflow/example_dags/example_dag_decorator.py
[2022-03-28 07:13:42,150] {processor.py:642} INFO - Processing file /home/airflow/.local/lib/python3.7/site-packages/airflow/example_dags/example_dag_decorator.py for tasks to queue
[2022-03-28 07:13:42,151] {logging_mixin.py:109} INFO - [2022-03-28 07:13:42,151] {dagbag.py:500} INFO - Filling up the DagBag from /home/airflow/.local/lib/python3.7/site-packages/airflow/example_dags/example_dag_decorator.py
[2022-03-28 07:13:42,187] {processor.py:654} INFO - DAG(s) dict_keys(['example_dag_decorator']) retrieved from /home/airflow/.local/lib/python3.7/site-packages/airflow/example_dags/example_dag_decorator.py
[2022-03-28 07:13:42,422] {logging_mixin.py:109} INFO - [2022-03-28 07:13:42,422] {dag.py:2398} INFO - Sync 1 DAGs
[2022-03-28 07:13:42,448] {logging_mixin.py:109} INFO - [2022-03-28 07:13:42,448] {dag.py:2937} INFO - Setting next_dagrun for example_dag_decorator to None
[2022-03-28 07:13:42,461] {processor.py:171} INFO - Processing /home/airflow/.local/lib/python3.7/site-packages/airflow/example_dags/example_dag_decorator.py took 0.316 seconds
[2022-03-28 07:14:12,738] {processor.py:163} INFO - Started process (PID=1015) to work on /home/airflow/.local/lib/python3.7/site-packages/airflow/example_dags/example_dag_decorator.py
[2022-03-28 07:14:12,739] {processor.py:642} INFO - Processing file /home/airflow/.local/lib/python3.7/site-packages/airflow/example_dags/example_dag_decorator.py for tasks to queue
[2022-03-28 07:14:12,740] {logging_mixin.py:109} INFO - [2022-03-28 07:14:12,740] {dagbag.py:500} INFO - Filling up the DagBag from /home/airflow/.local/lib/python3.7/site-packages/airflow/example_dags/example_dag_decorator.py
[2022-03-28 07:14:12,781] {processor.py:654} INFO - DAG(s) dict_keys(['example_dag_decorator']) retrieved from /home/airflow/.local/lib/python3.7/site-packages/airflow/example_dags/example_dag_decorator.py
[2022-03-28 07:14:12,968] {logging_mixin.py:109} INFO - [2022-03-28 07:14:12,968] {dag.py:2398} INFO - Sync 1 DAGs
[2022-03-28 07:14:12,980] {logging_mixin.py:109} INFO - [2022-03-28 07:14:12,980] {dag.py:2937} INFO - Setting next_dagrun for example_dag_decorator to None
[2022-03-28 07:14:12,989] {processor.py:171} INFO - Processing /home/airflow/.local/lib/python3.7/site-packages/airflow/example_dags/example_dag_decorator.py took 0.254 seconds
[2022-03-28 07:14:43,389] {processor.py:163} INFO - Started process (PID=1066) to work on /home/airflow/.local/lib/python3.7/site-packages/airflow/example_dags/example_dag_decorator.py
[2022-03-28 07:14:43,391] {processor.py:642} INFO - Processing file /home/airflow/.local/lib/python3.7/site-packages/airflow/example_dags/example_dag_decorator.py for tasks to queue
[2022-03-28 07:14:43,392] {logging_mixin.py:109} INFO - [2022-03-28 07:14:43,392] {dagbag.py:500} INFO - Filling up the DagBag from /home/airflow/.local/lib/python3.7/site-packages/airflow/example_dags/example_dag_decorator.py
[2022-03-28 07:14:43,428] {processor.py:654} INFO - DAG(s) dict_keys(['example_dag_decorator']) retrieved from /home/airflow/.local/lib/python3.7/site-packages/airflow/example_dags/example_dag_decorator.py
[2022-03-28 07:14:43,617] {logging_mixin.py:109} INFO - [2022-03-28 07:14:43,617] {dag.py:2398} INFO - Sync 1 DAGs
[2022-03-28 07:14:43,629] {logging_mixin.py:109} INFO - [2022-03-28 07:14:43,629] {dag.py:2937} INFO - Setting next_dagrun for example_dag_decorator to None
[2022-03-28 07:14:43,640] {processor.py:171} INFO - Processing /home/airflow/.local/lib/python3.7/site-packages/airflow/example_dags/example_dag_decorator.py took 0.254 seconds
[2022-03-28 07:15:14,043] {processor.py:163} INFO - Started process (PID=1116) to work on /home/airflow/.local/lib/python3.7/site-packages/airflow/example_dags/example_dag_decorator.py
[2022-03-28 07:15:14,045] {processor.py:642} INFO - Processing file /home/airflow/.local/lib/python3.7/site-packages/airflow/example_dags/example_dag_decorator.py for tasks to queue
[2022-03-28 07:15:14,046] {logging_mixin.py:109} INFO - [2022-03-28 07:15:14,046] {dagbag.py:500} INFO - Filling up the DagBag from /home/airflow/.local/lib/python3.7/site-packages/airflow/example_dags/example_dag_decorator.py
[2022-03-28 07:15:14,131] {processor.py:654} INFO - DAG(s) dict_keys(['example_dag_decorator']) retrieved from /home/airflow/.local/lib/python3.7/site-packages/airflow/example_dags/example_dag_decorator.py
[2022-03-28 07:15:14,397] {logging_mixin.py:109} INFO - [2022-03-28 07:15:14,397] {dag.py:2398} INFO - Sync 1 DAGs
[2022-03-28 07:15:14,412] {logging_mixin.py:109} INFO - [2022-03-28 07:15:14,412] {dag.py:2937} INFO - Setting next_dagrun for example_dag_decorator to None
[2022-03-28 07:15:14,426] {processor.py:171} INFO - Processing /home/airflow/.local/lib/python3.7/site-packages/airflow/example_dags/example_dag_decorator.py took 0.387 seconds
[2022-03-28 07:15:44,467] {processor.py:163} INFO - Started process (PID=1177) to work on /home/airflow/.local/lib/python3.7/site-packages/airflow/example_dags/example_dag_decorator.py
[2022-03-28 07:15:44,468] {processor.py:642} INFO - Processing file /home/airflow/.local/lib/python3.7/site-packages/airflow/example_dags/example_dag_decorator.py for tasks to queue
[2022-03-28 07:15:44,469] {logging_mixin.py:109} INFO - [2022-03-28 07:15:44,469] {dagbag.py:500} INFO - Filling up the DagBag from /home/airflow/.local/lib/python3.7/site-packages/airflow/example_dags/example_dag_decorator.py
[2022-03-28 07:15:44,505] {processor.py:654} INFO - DAG(s) dict_keys(['example_dag_decorator']) retrieved from /home/airflow/.local/lib/python3.7/site-packages/airflow/example_dags/example_dag_decorator.py
[2022-03-28 07:15:44,703] {logging_mixin.py:109} INFO - [2022-03-28 07:15:44,703] {dag.py:2398} INFO - Sync 1 DAGs
[2022-03-28 07:15:44,715] {logging_mixin.py:109} INFO - [2022-03-28 07:15:44,715] {dag.py:2937} INFO - Setting next_dagrun for example_dag_decorator to None
[2022-03-28 07:15:44,727] {processor.py:171} INFO - Processing /home/airflow/.local/lib/python3.7/site-packages/airflow/example_dags/example_dag_decorator.py took 0.264 seconds
[2022-03-28 07:16:14,946] {processor.py:163} INFO - Started process (PID=1227) to work on /home/airflow/.local/lib/python3.7/site-packages/airflow/example_dags/example_dag_decorator.py
[2022-03-28 07:16:14,948] {processor.py:642} INFO - Processing file /home/airflow/.local/lib/python3.7/site-packages/airflow/example_dags/example_dag_decorator.py for tasks to queue
[2022-03-28 07:16:14,949] {logging_mixin.py:109} INFO - [2022-03-28 07:16:14,949] {dagbag.py:500} INFO - Filling up the DagBag from /home/airflow/.local/lib/python3.7/site-packages/airflow/example_dags/example_dag_decorator.py
[2022-03-28 07:16:14,996] {processor.py:654} INFO - DAG(s) dict_keys(['example_dag_decorator']) retrieved from /home/airflow/.local/lib/python3.7/site-packages/airflow/example_dags/example_dag_decorator.py
[2022-03-28 07:16:15,202] {logging_mixin.py:109} INFO - [2022-03-28 07:16:15,202] {dag.py:2398} INFO - Sync 1 DAGs
[2022-03-28 07:16:15,213] {logging_mixin.py:109} INFO - [2022-03-28 07:16:15,213] {dag.py:2937} INFO - Setting next_dagrun for example_dag_decorator to None
[2022-03-28 07:16:15,224] {processor.py:171} INFO - Processing /home/airflow/.local/lib/python3.7/site-packages/airflow/example_dags/example_dag_decorator.py took 0.281 seconds
[2022-03-28 07:16:45,588] {processor.py:163} INFO - Started process (PID=1287) to work on /home/airflow/.local/lib/python3.7/site-packages/airflow/example_dags/example_dag_decorator.py
[2022-03-28 07:16:45,589] {processor.py:642} INFO - Processing file /home/airflow/.local/lib/python3.7/site-packages/airflow/example_dags/example_dag_decorator.py for tasks to queue
[2022-03-28 07:16:45,590] {logging_mixin.py:109} INFO - [2022-03-28 07:16:45,590] {dagbag.py:500} INFO - Filling up the DagBag from /home/airflow/.local/lib/python3.7/site-packages/airflow/example_dags/example_dag_decorator.py
[2022-03-28 07:16:45,632] {processor.py:654} INFO - DAG(s) dict_keys(['example_dag_decorator']) retrieved from /home/airflow/.local/lib/python3.7/site-packages/airflow/example_dags/example_dag_decorator.py
[2022-03-28 07:16:45,862] {logging_mixin.py:109} INFO - [2022-03-28 07:16:45,862] {dag.py:2398} INFO - Sync 1 DAGs
[2022-03-28 07:16:45,875] {logging_mixin.py:109} INFO - [2022-03-28 07:16:45,875] {dag.py:2937} INFO - Setting next_dagrun for example_dag_decorator to None
[2022-03-28 07:16:45,886] {processor.py:171} INFO - Processing /home/airflow/.local/lib/python3.7/site-packages/airflow/example_dags/example_dag_decorator.py took 0.301 seconds
[2022-03-28 07:17:16,148] {processor.py:163} INFO - Started process (PID=1340) to work on /home/airflow/.local/lib/python3.7/site-packages/airflow/example_dags/example_dag_decorator.py
[2022-03-28 07:17:16,149] {processor.py:642} INFO - Processing file /home/airflow/.local/lib/python3.7/site-packages/airflow/example_dags/example_dag_decorator.py for tasks to queue
[2022-03-28 07:17:16,150] {logging_mixin.py:109} INFO - [2022-03-28 07:17:16,150] {dagbag.py:500} INFO - Filling up the DagBag from /home/airflow/.local/lib/python3.7/site-packages/airflow/example_dags/example_dag_decorator.py
[2022-03-28 07:17:16,186] {processor.py:654} INFO - DAG(s) dict_keys(['example_dag_decorator']) retrieved from /home/airflow/.local/lib/python3.7/site-packages/airflow/example_dags/example_dag_decorator.py
[2022-03-28 07:17:16,401] {logging_mixin.py:109} INFO - [2022-03-28 07:17:16,401] {dag.py:2398} INFO - Sync 1 DAGs
[2022-03-28 07:17:16,416] {logging_mixin.py:109} INFO - [2022-03-28 07:17:16,415] {dag.py:2937} INFO - Setting next_dagrun for example_dag_decorator to None
[2022-03-28 07:17:16,424] {processor.py:171} INFO - Processing /home/airflow/.local/lib/python3.7/site-packages/airflow/example_dags/example_dag_decorator.py took 0.279 seconds
[2022-03-28 07:17:46,810] {processor.py:163} INFO - Started process (PID=1392) to work on /home/airflow/.local/lib/python3.7/site-packages/airflow/example_dags/example_dag_decorator.py
[2022-03-28 07:17:46,811] {processor.py:642} INFO - Processing file /home/airflow/.local/lib/python3.7/site-packages/airflow/example_dags/example_dag_decorator.py for tasks to queue
[2022-03-28 07:17:46,812] {logging_mixin.py:109} INFO - [2022-03-28 07:17:46,812] {dagbag.py:500} INFO - Filling up the DagBag from /home/airflow/.local/lib/python3.7/site-packages/airflow/example_dags/example_dag_decorator.py
[2022-03-28 07:17:46,850] {processor.py:654} INFO - DAG(s) dict_keys(['example_dag_decorator']) retrieved from /home/airflow/.local/lib/python3.7/site-packages/airflow/example_dags/example_dag_decorator.py
[2022-03-28 07:17:47,038] {logging_mixin.py:109} INFO - [2022-03-28 07:17:47,038] {dag.py:2398} INFO - Sync 1 DAGs
[2022-03-28 07:17:47,054] {logging_mixin.py:109} INFO - [2022-03-28 07:17:47,054] {dag.py:2937} INFO - Setting next_dagrun for example_dag_decorator to None
[2022-03-28 07:17:47,066] {processor.py:171} INFO - Processing /home/airflow/.local/lib/python3.7/site-packages/airflow/example_dags/example_dag_decorator.py took 0.259 seconds
[2022-03-28 07:18:17,335] {processor.py:163} INFO - Started process (PID=1443) to work on /home/airflow/.local/lib/python3.7/site-packages/airflow/example_dags/example_dag_decorator.py
[2022-03-28 07:18:17,337] {processor.py:642} INFO - Processing file /home/airflow/.local/lib/python3.7/site-packages/airflow/example_dags/example_dag_decorator.py for tasks to queue
[2022-03-28 07:18:17,338] {logging_mixin.py:109} INFO - [2022-03-28 07:18:17,338] {dagbag.py:500} INFO - Filling up the DagBag from /home/airflow/.local/lib/python3.7/site-packages/airflow/example_dags/example_dag_decorator.py
[2022-03-28 07:18:17,377] {processor.py:654} INFO - DAG(s) dict_keys(['example_dag_decorator']) retrieved from /home/airflow/.local/lib/python3.7/site-packages/airflow/example_dags/example_dag_decorator.py
[2022-03-28 07:18:17,556] {logging_mixin.py:109} INFO - [2022-03-28 07:18:17,556] {dag.py:2398} INFO - Sync 1 DAGs
[2022-03-28 07:18:17,567] {logging_mixin.py:109} INFO - [2022-03-28 07:18:17,566] {dag.py:2937} INFO - Setting next_dagrun for example_dag_decorator to None
[2022-03-28 07:18:17,575] {processor.py:171} INFO - Processing /home/airflow/.local/lib/python3.7/site-packages/airflow/example_dags/example_dag_decorator.py took 0.243 seconds
[2022-03-28 07:18:47,720] {processor.py:163} INFO - Started process (PID=1503) to work on /home/airflow/.local/lib/python3.7/site-packages/airflow/example_dags/example_dag_decorator.py
[2022-03-28 07:18:47,722] {processor.py:642} INFO - Processing file /home/airflow/.local/lib/python3.7/site-packages/airflow/example_dags/example_dag_decorator.py for tasks to queue
[2022-03-28 07:18:47,723] {logging_mixin.py:109} INFO - [2022-03-28 07:18:47,723] {dagbag.py:500} INFO - Filling up the DagBag from /home/airflow/.local/lib/python3.7/site-packages/airflow/example_dags/example_dag_decorator.py
[2022-03-28 07:18:47,759] {processor.py:654} INFO - DAG(s) dict_keys(['example_dag_decorator']) retrieved from /home/airflow/.local/lib/python3.7/site-packages/airflow/example_dags/example_dag_decorator.py
[2022-03-28 07:18:47,953] {logging_mixin.py:109} INFO - [2022-03-28 07:18:47,953] {dag.py:2398} INFO - Sync 1 DAGs
[2022-03-28 07:18:47,965] {logging_mixin.py:109} INFO - [2022-03-28 07:18:47,964] {dag.py:2937} INFO - Setting next_dagrun for example_dag_decorator to None
[2022-03-28 07:18:47,977] {processor.py:171} INFO - Processing /home/airflow/.local/lib/python3.7/site-packages/airflow/example_dags/example_dag_decorator.py took 0.259 seconds
[2022-03-28 07:19:18,315] {processor.py:163} INFO - Started process (PID=1554) to work on /home/airflow/.local/lib/python3.7/site-packages/airflow/example_dags/example_dag_decorator.py
[2022-03-28 07:19:18,317] {processor.py:642} INFO - Processing file /home/airflow/.local/lib/python3.7/site-packages/airflow/example_dags/example_dag_decorator.py for tasks to queue
[2022-03-28 07:19:18,319] {logging_mixin.py:109} INFO - [2022-03-28 07:19:18,318] {dagbag.py:500} INFO - Filling up the DagBag from /home/airflow/.local/lib/python3.7/site-packages/airflow/example_dags/example_dag_decorator.py
[2022-03-28 07:19:18,355] {processor.py:654} INFO - DAG(s) dict_keys(['example_dag_decorator']) retrieved from /home/airflow/.local/lib/python3.7/site-packages/airflow/example_dags/example_dag_decorator.py
[2022-03-28 07:19:18,364] {logging_mixin.py:109} INFO - [2022-03-28 07:19:18,364] {dag.py:2398} INFO - Sync 1 DAGs
[2022-03-28 07:19:18,377] {logging_mixin.py:109} INFO - [2022-03-28 07:19:18,377] {dag.py:2937} INFO - Setting next_dagrun for example_dag_decorator to None
[2022-03-28 07:19:18,387] {processor.py:171} INFO - Processing /home/airflow/.local/lib/python3.7/site-packages/airflow/example_dags/example_dag_decorator.py took 0.075 seconds
[2022-03-28 07:19:48,887] {processor.py:163} INFO - Started process (PID=1606) to work on /home/airflow/.local/lib/python3.7/site-packages/airflow/example_dags/example_dag_decorator.py
[2022-03-28 07:19:48,888] {processor.py:642} INFO - Processing file /home/airflow/.local/lib/python3.7/site-packages/airflow/example_dags/example_dag_decorator.py for tasks to queue
[2022-03-28 07:19:48,889] {logging_mixin.py:109} INFO - [2022-03-28 07:19:48,889] {dagbag.py:500} INFO - Filling up the DagBag from /home/airflow/.local/lib/python3.7/site-packages/airflow/example_dags/example_dag_decorator.py
[2022-03-28 07:19:48,932] {processor.py:654} INFO - DAG(s) dict_keys(['example_dag_decorator']) retrieved from /home/airflow/.local/lib/python3.7/site-packages/airflow/example_dags/example_dag_decorator.py
[2022-03-28 07:19:49,175] {logging_mixin.py:109} INFO - [2022-03-28 07:19:49,174] {dag.py:2398} INFO - Sync 1 DAGs
[2022-03-28 07:19:49,189] {logging_mixin.py:109} INFO - [2022-03-28 07:19:49,189] {dag.py:2937} INFO - Setting next_dagrun for example_dag_decorator to None
[2022-03-28 07:19:49,201] {processor.py:171} INFO - Processing /home/airflow/.local/lib/python3.7/site-packages/airflow/example_dags/example_dag_decorator.py took 0.317 seconds
[2022-03-28 07:20:20,016] {processor.py:163} INFO - Started process (PID=1667) to work on /home/airflow/.local/lib/python3.7/site-packages/airflow/example_dags/example_dag_decorator.py
[2022-03-28 07:20:20,017] {processor.py:642} INFO - Processing file /home/airflow/.local/lib/python3.7/site-packages/airflow/example_dags/example_dag_decorator.py for tasks to queue
[2022-03-28 07:20:20,018] {logging_mixin.py:109} INFO - [2022-03-28 07:20:20,018] {dagbag.py:500} INFO - Filling up the DagBag from /home/airflow/.local/lib/python3.7/site-packages/airflow/example_dags/example_dag_decorator.py
[2022-03-28 07:20:20,131] {processor.py:654} INFO - DAG(s) dict_keys(['example_dag_decorator']) retrieved from /home/airflow/.local/lib/python3.7/site-packages/airflow/example_dags/example_dag_decorator.py
[2022-03-28 07:20:20,338] {logging_mixin.py:109} INFO - [2022-03-28 07:20:20,338] {dag.py:2398} INFO - Sync 1 DAGs
[2022-03-28 07:20:20,351] {logging_mixin.py:109} INFO - [2022-03-28 07:20:20,351] {dag.py:2937} INFO - Setting next_dagrun for example_dag_decorator to None
[2022-03-28 07:20:20,362] {processor.py:171} INFO - Processing /home/airflow/.local/lib/python3.7/site-packages/airflow/example_dags/example_dag_decorator.py took 0.350 seconds
[2022-03-28 07:20:50,933] {processor.py:163} INFO - Started process (PID=1718) to work on /home/airflow/.local/lib/python3.7/site-packages/airflow/example_dags/example_dag_decorator.py
[2022-03-28 07:20:50,934] {processor.py:642} INFO - Processing file /home/airflow/.local/lib/python3.7/site-packages/airflow/example_dags/example_dag_decorator.py for tasks to queue
[2022-03-28 07:20:50,935] {logging_mixin.py:109} INFO - [2022-03-28 07:20:50,935] {dagbag.py:500} INFO - Filling up the DagBag from /home/airflow/.local/lib/python3.7/site-packages/airflow/example_dags/example_dag_decorator.py
[2022-03-28 07:20:50,968] {processor.py:654} INFO - DAG(s) dict_keys(['example_dag_decorator']) retrieved from /home/airflow/.local/lib/python3.7/site-packages/airflow/example_dags/example_dag_decorator.py
[2022-03-28 07:20:51,139] {logging_mixin.py:109} INFO - [2022-03-28 07:20:51,138] {dag.py:2398} INFO - Sync 1 DAGs
[2022-03-28 07:20:51,150] {logging_mixin.py:109} INFO - [2022-03-28 07:20:51,150] {dag.py:2937} INFO - Setting next_dagrun for example_dag_decorator to None
[2022-03-28 07:20:51,160] {processor.py:171} INFO - Processing /home/airflow/.local/lib/python3.7/site-packages/airflow/example_dags/example_dag_decorator.py took 0.229 seconds
[2022-03-28 07:21:21,831] {processor.py:163} INFO - Started process (PID=1778) to work on /home/airflow/.local/lib/python3.7/site-packages/airflow/example_dags/example_dag_decorator.py
[2022-03-28 07:21:21,832] {processor.py:642} INFO - Processing file /home/airflow/.local/lib/python3.7/site-packages/airflow/example_dags/example_dag_decorator.py for tasks to queue
[2022-03-28 07:21:21,833] {logging_mixin.py:109} INFO - [2022-03-28 07:21:21,833] {dagbag.py:500} INFO - Filling up the DagBag from /home/airflow/.local/lib/python3.7/site-packages/airflow/example_dags/example_dag_decorator.py
[2022-03-28 07:21:21,870] {processor.py:654} INFO - DAG(s) dict_keys(['example_dag_decorator']) retrieved from /home/airflow/.local/lib/python3.7/site-packages/airflow/example_dags/example_dag_decorator.py
[2022-03-28 07:21:22,074] {logging_mixin.py:109} INFO - [2022-03-28 07:21:22,074] {dag.py:2398} INFO - Sync 1 DAGs
[2022-03-28 07:21:22,090] {logging_mixin.py:109} INFO - [2022-03-28 07:21:22,090] {dag.py:2937} INFO - Setting next_dagrun for example_dag_decorator to None
[2022-03-28 07:21:22,100] {processor.py:171} INFO - Processing /home/airflow/.local/lib/python3.7/site-packages/airflow/example_dags/example_dag_decorator.py took 0.273 seconds
[2022-03-28 07:21:53,026] {processor.py:163} INFO - Started process (PID=1830) to work on /home/airflow/.local/lib/python3.7/site-packages/airflow/example_dags/example_dag_decorator.py
[2022-03-28 07:21:53,027] {processor.py:642} INFO - Processing file /home/airflow/.local/lib/python3.7/site-packages/airflow/example_dags/example_dag_decorator.py for tasks to queue
[2022-03-28 07:21:53,028] {logging_mixin.py:109} INFO - [2022-03-28 07:21:53,028] {dagbag.py:500} INFO - Filling up the DagBag from /home/airflow/.local/lib/python3.7/site-packages/airflow/example_dags/example_dag_decorator.py
[2022-03-28 07:21:53,074] {processor.py:654} INFO - DAG(s) dict_keys(['example_dag_decorator']) retrieved from /home/airflow/.local/lib/python3.7/site-packages/airflow/example_dags/example_dag_decorator.py
[2022-03-28 07:21:53,288] {logging_mixin.py:109} INFO - [2022-03-28 07:21:53,288] {dag.py:2398} INFO - Sync 1 DAGs
[2022-03-28 07:21:53,301] {logging_mixin.py:109} INFO - [2022-03-28 07:21:53,301] {dag.py:2937} INFO - Setting next_dagrun for example_dag_decorator to None
[2022-03-28 07:21:53,311] {processor.py:171} INFO - Processing /home/airflow/.local/lib/python3.7/site-packages/airflow/example_dags/example_dag_decorator.py took 0.288 seconds
[2022-03-28 07:22:23,354] {processor.py:163} INFO - Started process (PID=1883) to work on /home/airflow/.local/lib/python3.7/site-packages/airflow/example_dags/example_dag_decorator.py
[2022-03-28 07:22:23,356] {processor.py:642} INFO - Processing file /home/airflow/.local/lib/python3.7/site-packages/airflow/example_dags/example_dag_decorator.py for tasks to queue
[2022-03-28 07:22:23,357] {logging_mixin.py:109} INFO - [2022-03-28 07:22:23,357] {dagbag.py:500} INFO - Filling up the DagBag from /home/airflow/.local/lib/python3.7/site-packages/airflow/example_dags/example_dag_decorator.py
[2022-03-28 07:22:23,396] {processor.py:654} INFO - DAG(s) dict_keys(['example_dag_decorator']) retrieved from /home/airflow/.local/lib/python3.7/site-packages/airflow/example_dags/example_dag_decorator.py
[2022-03-28 07:22:23,622] {logging_mixin.py:109} INFO - [2022-03-28 07:22:23,622] {dag.py:2398} INFO - Sync 1 DAGs
[2022-03-28 07:22:23,642] {logging_mixin.py:109} INFO - [2022-03-28 07:22:23,642] {dag.py:2937} INFO - Setting next_dagrun for example_dag_decorator to None
[2022-03-28 07:22:23,653] {processor.py:171} INFO - Processing /home/airflow/.local/lib/python3.7/site-packages/airflow/example_dags/example_dag_decorator.py took 0.302 seconds
[2022-03-28 07:22:53,829] {processor.py:163} INFO - Started process (PID=1932) to work on /home/airflow/.local/lib/python3.7/site-packages/airflow/example_dags/example_dag_decorator.py
[2022-03-28 07:22:53,830] {processor.py:642} INFO - Processing file /home/airflow/.local/lib/python3.7/site-packages/airflow/example_dags/example_dag_decorator.py for tasks to queue
[2022-03-28 07:22:53,831] {logging_mixin.py:109} INFO - [2022-03-28 07:22:53,831] {dagbag.py:500} INFO - Filling up the DagBag from /home/airflow/.local/lib/python3.7/site-packages/airflow/example_dags/example_dag_decorator.py
[2022-03-28 07:22:53,879] {processor.py:654} INFO - DAG(s) dict_keys(['example_dag_decorator']) retrieved from /home/airflow/.local/lib/python3.7/site-packages/airflow/example_dags/example_dag_decorator.py
[2022-03-28 07:22:54,158] {logging_mixin.py:109} INFO - [2022-03-28 07:22:54,157] {dag.py:2398} INFO - Sync 1 DAGs
[2022-03-28 07:22:54,176] {logging_mixin.py:109} INFO - [2022-03-28 07:22:54,175] {dag.py:2937} INFO - Setting next_dagrun for example_dag_decorator to None
[2022-03-28 07:22:54,187] {processor.py:171} INFO - Processing /home/airflow/.local/lib/python3.7/site-packages/airflow/example_dags/example_dag_decorator.py took 0.362 seconds
[2022-03-28 07:23:24,569] {processor.py:163} INFO - Started process (PID=1992) to work on /home/airflow/.local/lib/python3.7/site-packages/airflow/example_dags/example_dag_decorator.py
[2022-03-28 07:23:24,571] {processor.py:642} INFO - Processing file /home/airflow/.local/lib/python3.7/site-packages/airflow/example_dags/example_dag_decorator.py for tasks to queue
[2022-03-28 07:23:24,573] {logging_mixin.py:109} INFO - [2022-03-28 07:23:24,572] {dagbag.py:500} INFO - Filling up the DagBag from /home/airflow/.local/lib/python3.7/site-packages/airflow/example_dags/example_dag_decorator.py
[2022-03-28 07:23:24,644] {processor.py:654} INFO - DAG(s) dict_keys(['example_dag_decorator']) retrieved from /home/airflow/.local/lib/python3.7/site-packages/airflow/example_dags/example_dag_decorator.py
[2022-03-28 07:23:24,987] {logging_mixin.py:109} INFO - [2022-03-28 07:23:24,987] {dag.py:2398} INFO - Sync 1 DAGs
[2022-03-28 07:23:25,009] {logging_mixin.py:109} INFO - [2022-03-28 07:23:25,009] {dag.py:2937} INFO - Setting next_dagrun for example_dag_decorator to None
[2022-03-28 07:23:25,024] {processor.py:171} INFO - Processing /home/airflow/.local/lib/python3.7/site-packages/airflow/example_dags/example_dag_decorator.py took 0.460 seconds
[2022-03-28 07:23:55,179] {processor.py:163} INFO - Started process (PID=2044) to work on /home/airflow/.local/lib/python3.7/site-packages/airflow/example_dags/example_dag_decorator.py
[2022-03-28 07:23:55,180] {processor.py:642} INFO - Processing file /home/airflow/.local/lib/python3.7/site-packages/airflow/example_dags/example_dag_decorator.py for tasks to queue
[2022-03-28 07:23:55,181] {logging_mixin.py:109} INFO - [2022-03-28 07:23:55,181] {dagbag.py:500} INFO - Filling up the DagBag from /home/airflow/.local/lib/python3.7/site-packages/airflow/example_dags/example_dag_decorator.py
[2022-03-28 07:23:55,239] {processor.py:654} INFO - DAG(s) dict_keys(['example_dag_decorator']) retrieved from /home/airflow/.local/lib/python3.7/site-packages/airflow/example_dags/example_dag_decorator.py
[2022-03-28 07:23:55,569] {logging_mixin.py:109} INFO - [2022-03-28 07:23:55,569] {dag.py:2398} INFO - Sync 1 DAGs
[2022-03-28 07:23:55,588] {logging_mixin.py:109} INFO - [2022-03-28 07:23:55,588] {dag.py:2937} INFO - Setting next_dagrun for example_dag_decorator to None
[2022-03-28 07:23:55,604] {processor.py:171} INFO - Processing /home/airflow/.local/lib/python3.7/site-packages/airflow/example_dags/example_dag_decorator.py took 0.430 seconds
[2022-03-28 07:24:25,672] {processor.py:163} INFO - Started process (PID=2098) to work on /home/airflow/.local/lib/python3.7/site-packages/airflow/example_dags/example_dag_decorator.py
[2022-03-28 07:24:25,674] {processor.py:642} INFO - Processing file /home/airflow/.local/lib/python3.7/site-packages/airflow/example_dags/example_dag_decorator.py for tasks to queue
[2022-03-28 07:24:25,675] {logging_mixin.py:109} INFO - [2022-03-28 07:24:25,675] {dagbag.py:500} INFO - Filling up the DagBag from /home/airflow/.local/lib/python3.7/site-packages/airflow/example_dags/example_dag_decorator.py
[2022-03-28 07:24:25,731] {processor.py:654} INFO - DAG(s) dict_keys(['example_dag_decorator']) retrieved from /home/airflow/.local/lib/python3.7/site-packages/airflow/example_dags/example_dag_decorator.py
[2022-03-28 07:24:26,002] {logging_mixin.py:109} INFO - [2022-03-28 07:24:26,002] {dag.py:2398} INFO - Sync 1 DAGs
[2022-03-28 07:24:26,020] {logging_mixin.py:109} INFO - [2022-03-28 07:24:26,020] {dag.py:2937} INFO - Setting next_dagrun for example_dag_decorator to None
[2022-03-28 07:24:26,038] {processor.py:171} INFO - Processing /home/airflow/.local/lib/python3.7/site-packages/airflow/example_dags/example_dag_decorator.py took 0.370 seconds
[2022-03-28 07:24:56,779] {processor.py:163} INFO - Started process (PID=2148) to work on /home/airflow/.local/lib/python3.7/site-packages/airflow/example_dags/example_dag_decorator.py
[2022-03-28 07:24:56,780] {processor.py:642} INFO - Processing file /home/airflow/.local/lib/python3.7/site-packages/airflow/example_dags/example_dag_decorator.py for tasks to queue
[2022-03-28 07:24:56,780] {logging_mixin.py:109} INFO - [2022-03-28 07:24:56,780] {dagbag.py:500} INFO - Filling up the DagBag from /home/airflow/.local/lib/python3.7/site-packages/airflow/example_dags/example_dag_decorator.py
[2022-03-28 07:24:56,809] {processor.py:654} INFO - DAG(s) dict_keys(['example_dag_decorator']) retrieved from /home/airflow/.local/lib/python3.7/site-packages/airflow/example_dags/example_dag_decorator.py
[2022-03-28 07:24:56,988] {logging_mixin.py:109} INFO - [2022-03-28 07:24:56,988] {dag.py:2398} INFO - Sync 1 DAGs
[2022-03-28 07:24:57,001] {logging_mixin.py:109} INFO - [2022-03-28 07:24:57,001] {dag.py:2937} INFO - Setting next_dagrun for example_dag_decorator to None
[2022-03-28 07:24:57,013] {processor.py:171} INFO - Processing /home/airflow/.local/lib/python3.7/site-packages/airflow/example_dags/example_dag_decorator.py took 0.237 seconds
[2022-03-28 07:25:27,946] {processor.py:163} INFO - Started process (PID=2210) to work on /home/airflow/.local/lib/python3.7/site-packages/airflow/example_dags/example_dag_decorator.py
[2022-03-28 07:25:27,947] {processor.py:642} INFO - Processing file /home/airflow/.local/lib/python3.7/site-packages/airflow/example_dags/example_dag_decorator.py for tasks to queue
[2022-03-28 07:25:27,948] {logging_mixin.py:109} INFO - [2022-03-28 07:25:27,948] {dagbag.py:500} INFO - Filling up the DagBag from /home/airflow/.local/lib/python3.7/site-packages/airflow/example_dags/example_dag_decorator.py
[2022-03-28 07:25:27,991] {processor.py:654} INFO - DAG(s) dict_keys(['example_dag_decorator']) retrieved from /home/airflow/.local/lib/python3.7/site-packages/airflow/example_dags/example_dag_decorator.py
[2022-03-28 07:25:28,185] {logging_mixin.py:109} INFO - [2022-03-28 07:25:28,185] {dag.py:2398} INFO - Sync 1 DAGs
[2022-03-28 07:25:28,197] {logging_mixin.py:109} INFO - [2022-03-28 07:25:28,197] {dag.py:2937} INFO - Setting next_dagrun for example_dag_decorator to None
[2022-03-28 07:25:28,209] {processor.py:171} INFO - Processing /home/airflow/.local/lib/python3.7/site-packages/airflow/example_dags/example_dag_decorator.py took 0.266 seconds
[2022-03-28 07:25:58,942] {processor.py:163} INFO - Started process (PID=2260) to work on /home/airflow/.local/lib/python3.7/site-packages/airflow/example_dags/example_dag_decorator.py
[2022-03-28 07:25:58,944] {processor.py:642} INFO - Processing file /home/airflow/.local/lib/python3.7/site-packages/airflow/example_dags/example_dag_decorator.py for tasks to queue
[2022-03-28 07:25:58,945] {logging_mixin.py:109} INFO - [2022-03-28 07:25:58,945] {dagbag.py:500} INFO - Filling up the DagBag from /home/airflow/.local/lib/python3.7/site-packages/airflow/example_dags/example_dag_decorator.py
[2022-03-28 07:25:58,981] {processor.py:654} INFO - DAG(s) dict_keys(['example_dag_decorator']) retrieved from /home/airflow/.local/lib/python3.7/site-packages/airflow/example_dags/example_dag_decorator.py
[2022-03-28 07:25:59,189] {logging_mixin.py:109} INFO - [2022-03-28 07:25:59,189] {dag.py:2398} INFO - Sync 1 DAGs
[2022-03-28 07:25:59,203] {logging_mixin.py:109} INFO - [2022-03-28 07:25:59,203] {dag.py:2937} INFO - Setting next_dagrun for example_dag_decorator to None
[2022-03-28 07:25:59,218] {processor.py:171} INFO - Processing /home/airflow/.local/lib/python3.7/site-packages/airflow/example_dags/example_dag_decorator.py took 0.278 seconds
[2022-03-28 07:26:29,607] {processor.py:163} INFO - Started process (PID=2312) to work on /home/airflow/.local/lib/python3.7/site-packages/airflow/example_dags/example_dag_decorator.py
[2022-03-28 07:26:29,609] {processor.py:642} INFO - Processing file /home/airflow/.local/lib/python3.7/site-packages/airflow/example_dags/example_dag_decorator.py for tasks to queue
[2022-03-28 07:26:29,609] {logging_mixin.py:109} INFO - [2022-03-28 07:26:29,609] {dagbag.py:500} INFO - Filling up the DagBag from /home/airflow/.local/lib/python3.7/site-packages/airflow/example_dags/example_dag_decorator.py
[2022-03-28 07:26:29,641] {processor.py:654} INFO - DAG(s) dict_keys(['example_dag_decorator']) retrieved from /home/airflow/.local/lib/python3.7/site-packages/airflow/example_dags/example_dag_decorator.py
[2022-03-28 07:26:29,833] {logging_mixin.py:109} INFO - [2022-03-28 07:26:29,833] {dag.py:2398} INFO - Sync 1 DAGs
[2022-03-28 07:26:29,844] {logging_mixin.py:109} INFO - [2022-03-28 07:26:29,844] {dag.py:2937} INFO - Setting next_dagrun for example_dag_decorator to None
[2022-03-28 07:26:29,853] {processor.py:171} INFO - Processing /home/airflow/.local/lib/python3.7/site-packages/airflow/example_dags/example_dag_decorator.py took 0.248 seconds
[2022-03-28 07:27:00,440] {processor.py:163} INFO - Started process (PID=2373) to work on /home/airflow/.local/lib/python3.7/site-packages/airflow/example_dags/example_dag_decorator.py
[2022-03-28 07:27:00,441] {processor.py:642} INFO - Processing file /home/airflow/.local/lib/python3.7/site-packages/airflow/example_dags/example_dag_decorator.py for tasks to queue
[2022-03-28 07:27:00,442] {logging_mixin.py:109} INFO - [2022-03-28 07:27:00,442] {dagbag.py:500} INFO - Filling up the DagBag from /home/airflow/.local/lib/python3.7/site-packages/airflow/example_dags/example_dag_decorator.py
[2022-03-28 07:27:00,474] {processor.py:654} INFO - DAG(s) dict_keys(['example_dag_decorator']) retrieved from /home/airflow/.local/lib/python3.7/site-packages/airflow/example_dags/example_dag_decorator.py
[2022-03-28 07:27:00,666] {logging_mixin.py:109} INFO - [2022-03-28 07:27:00,666] {dag.py:2398} INFO - Sync 1 DAGs
[2022-03-28 07:27:00,677] {logging_mixin.py:109} INFO - [2022-03-28 07:27:00,677] {dag.py:2937} INFO - Setting next_dagrun for example_dag_decorator to None
[2022-03-28 07:27:00,686] {processor.py:171} INFO - Processing /home/airflow/.local/lib/python3.7/site-packages/airflow/example_dags/example_dag_decorator.py took 0.248 seconds
[2022-03-28 07:27:30,984] {processor.py:163} INFO - Started process (PID=2424) to work on /home/airflow/.local/lib/python3.7/site-packages/airflow/example_dags/example_dag_decorator.py
[2022-03-28 07:27:30,985] {processor.py:642} INFO - Processing file /home/airflow/.local/lib/python3.7/site-packages/airflow/example_dags/example_dag_decorator.py for tasks to queue
[2022-03-28 07:27:30,986] {logging_mixin.py:109} INFO - [2022-03-28 07:27:30,986] {dagbag.py:500} INFO - Filling up the DagBag from /home/airflow/.local/lib/python3.7/site-packages/airflow/example_dags/example_dag_decorator.py
[2022-03-28 07:27:31,024] {processor.py:654} INFO - DAG(s) dict_keys(['example_dag_decorator']) retrieved from /home/airflow/.local/lib/python3.7/site-packages/airflow/example_dags/example_dag_decorator.py
[2022-03-28 07:27:31,215] {logging_mixin.py:109} INFO - [2022-03-28 07:27:31,215] {dag.py:2398} INFO - Sync 1 DAGs
[2022-03-28 07:27:31,231] {logging_mixin.py:109} INFO - [2022-03-28 07:27:31,231] {dag.py:2937} INFO - Setting next_dagrun for example_dag_decorator to None
[2022-03-28 07:27:31,242] {processor.py:171} INFO - Processing /home/airflow/.local/lib/python3.7/site-packages/airflow/example_dags/example_dag_decorator.py took 0.261 seconds
[2022-03-28 07:28:01,717] {processor.py:163} INFO - Started process (PID=2484) to work on /home/airflow/.local/lib/python3.7/site-packages/airflow/example_dags/example_dag_decorator.py
[2022-03-28 07:28:01,719] {processor.py:642} INFO - Processing file /home/airflow/.local/lib/python3.7/site-packages/airflow/example_dags/example_dag_decorator.py for tasks to queue
[2022-03-28 07:28:01,720] {logging_mixin.py:109} INFO - [2022-03-28 07:28:01,720] {dagbag.py:500} INFO - Filling up the DagBag from /home/airflow/.local/lib/python3.7/site-packages/airflow/example_dags/example_dag_decorator.py
[2022-03-28 07:28:01,757] {processor.py:654} INFO - DAG(s) dict_keys(['example_dag_decorator']) retrieved from /home/airflow/.local/lib/python3.7/site-packages/airflow/example_dags/example_dag_decorator.py
[2022-03-28 07:28:01,985] {logging_mixin.py:109} INFO - [2022-03-28 07:28:01,984] {dag.py:2398} INFO - Sync 1 DAGs
[2022-03-28 07:28:01,998] {logging_mixin.py:109} INFO - [2022-03-28 07:28:01,997] {dag.py:2937} INFO - Setting next_dagrun for example_dag_decorator to None
[2022-03-28 07:28:02,009] {processor.py:171} INFO - Processing /home/airflow/.local/lib/python3.7/site-packages/airflow/example_dags/example_dag_decorator.py took 0.297 seconds
[2022-03-28 07:28:32,335] {processor.py:163} INFO - Started process (PID=2535) to work on /home/airflow/.local/lib/python3.7/site-packages/airflow/example_dags/example_dag_decorator.py
[2022-03-28 07:28:32,336] {processor.py:642} INFO - Processing file /home/airflow/.local/lib/python3.7/site-packages/airflow/example_dags/example_dag_decorator.py for tasks to queue
[2022-03-28 07:28:32,337] {logging_mixin.py:109} INFO - [2022-03-28 07:28:32,337] {dagbag.py:500} INFO - Filling up the DagBag from /home/airflow/.local/lib/python3.7/site-packages/airflow/example_dags/example_dag_decorator.py
[2022-03-28 07:28:32,367] {processor.py:654} INFO - DAG(s) dict_keys(['example_dag_decorator']) retrieved from /home/airflow/.local/lib/python3.7/site-packages/airflow/example_dags/example_dag_decorator.py
[2022-03-28 07:28:32,545] {logging_mixin.py:109} INFO - [2022-03-28 07:28:32,545] {dag.py:2398} INFO - Sync 1 DAGs
[2022-03-28 07:28:32,557] {logging_mixin.py:109} INFO - [2022-03-28 07:28:32,557] {dag.py:2937} INFO - Setting next_dagrun for example_dag_decorator to None
[2022-03-28 07:28:32,565] {processor.py:171} INFO - Processing /home/airflow/.local/lib/python3.7/site-packages/airflow/example_dags/example_dag_decorator.py took 0.233 seconds
[2022-03-28 07:29:03,163] {processor.py:163} INFO - Started process (PID=2587) to work on /home/airflow/.local/lib/python3.7/site-packages/airflow/example_dags/example_dag_decorator.py
[2022-03-28 07:29:03,164] {processor.py:642} INFO - Processing file /home/airflow/.local/lib/python3.7/site-packages/airflow/example_dags/example_dag_decorator.py for tasks to queue
[2022-03-28 07:29:03,165] {logging_mixin.py:109} INFO - [2022-03-28 07:29:03,165] {dagbag.py:500} INFO - Filling up the DagBag from /home/airflow/.local/lib/python3.7/site-packages/airflow/example_dags/example_dag_decorator.py
[2022-03-28 07:29:03,207] {processor.py:654} INFO - DAG(s) dict_keys(['example_dag_decorator']) retrieved from /home/airflow/.local/lib/python3.7/site-packages/airflow/example_dags/example_dag_decorator.py
[2022-03-28 07:29:03,456] {logging_mixin.py:109} INFO - [2022-03-28 07:29:03,456] {dag.py:2398} INFO - Sync 1 DAGs
[2022-03-28 07:29:03,471] {logging_mixin.py:109} INFO - [2022-03-28 07:29:03,470] {dag.py:2937} INFO - Setting next_dagrun for example_dag_decorator to None
[2022-03-28 07:29:03,481] {processor.py:171} INFO - Processing /home/airflow/.local/lib/python3.7/site-packages/airflow/example_dags/example_dag_decorator.py took 0.322 seconds
[2022-03-28 07:29:33,817] {processor.py:163} INFO - Started process (PID=2648) to work on /home/airflow/.local/lib/python3.7/site-packages/airflow/example_dags/example_dag_decorator.py
[2022-03-28 07:29:33,819] {processor.py:642} INFO - Processing file /home/airflow/.local/lib/python3.7/site-packages/airflow/example_dags/example_dag_decorator.py for tasks to queue
[2022-03-28 07:29:33,820] {logging_mixin.py:109} INFO - [2022-03-28 07:29:33,819] {dagbag.py:500} INFO - Filling up the DagBag from /home/airflow/.local/lib/python3.7/site-packages/airflow/example_dags/example_dag_decorator.py
[2022-03-28 07:29:33,855] {processor.py:654} INFO - DAG(s) dict_keys(['example_dag_decorator']) retrieved from /home/airflow/.local/lib/python3.7/site-packages/airflow/example_dags/example_dag_decorator.py
[2022-03-28 07:29:34,040] {logging_mixin.py:109} INFO - [2022-03-28 07:29:34,040] {dag.py:2398} INFO - Sync 1 DAGs
[2022-03-28 07:29:34,053] {logging_mixin.py:109} INFO - [2022-03-28 07:29:34,053] {dag.py:2937} INFO - Setting next_dagrun for example_dag_decorator to None
[2022-03-28 07:29:34,063] {processor.py:171} INFO - Processing /home/airflow/.local/lib/python3.7/site-packages/airflow/example_dags/example_dag_decorator.py took 0.248 seconds
[2022-03-28 07:30:04,518] {processor.py:163} INFO - Started process (PID=2700) to work on /home/airflow/.local/lib/python3.7/site-packages/airflow/example_dags/example_dag_decorator.py
[2022-03-28 07:30:04,520] {processor.py:642} INFO - Processing file /home/airflow/.local/lib/python3.7/site-packages/airflow/example_dags/example_dag_decorator.py for tasks to queue
[2022-03-28 07:30:04,522] {logging_mixin.py:109} INFO - [2022-03-28 07:30:04,522] {dagbag.py:500} INFO - Filling up the DagBag from /home/airflow/.local/lib/python3.7/site-packages/airflow/example_dags/example_dag_decorator.py
[2022-03-28 07:30:04,554] {processor.py:654} INFO - DAG(s) dict_keys(['example_dag_decorator']) retrieved from /home/airflow/.local/lib/python3.7/site-packages/airflow/example_dags/example_dag_decorator.py
[2022-03-28 07:30:04,746] {logging_mixin.py:109} INFO - [2022-03-28 07:30:04,745] {dag.py:2398} INFO - Sync 1 DAGs
[2022-03-28 07:30:04,759] {logging_mixin.py:109} INFO - [2022-03-28 07:30:04,759] {dag.py:2937} INFO - Setting next_dagrun for example_dag_decorator to None
[2022-03-28 07:30:04,770] {processor.py:171} INFO - Processing /home/airflow/.local/lib/python3.7/site-packages/airflow/example_dags/example_dag_decorator.py took 0.254 seconds
[2022-03-28 07:30:34,821] {processor.py:163} INFO - Started process (PID=2762) to work on /home/airflow/.local/lib/python3.7/site-packages/airflow/example_dags/example_dag_decorator.py
[2022-03-28 07:30:34,822] {processor.py:642} INFO - Processing file /home/airflow/.local/lib/python3.7/site-packages/airflow/example_dags/example_dag_decorator.py for tasks to queue
[2022-03-28 07:30:34,823] {logging_mixin.py:109} INFO - [2022-03-28 07:30:34,823] {dagbag.py:500} INFO - Filling up the DagBag from /home/airflow/.local/lib/python3.7/site-packages/airflow/example_dags/example_dag_decorator.py
[2022-03-28 07:30:34,860] {processor.py:654} INFO - DAG(s) dict_keys(['example_dag_decorator']) retrieved from /home/airflow/.local/lib/python3.7/site-packages/airflow/example_dags/example_dag_decorator.py
[2022-03-28 07:30:35,111] {logging_mixin.py:109} INFO - [2022-03-28 07:30:35,111] {dag.py:2398} INFO - Sync 1 DAGs
[2022-03-28 07:30:35,130] {logging_mixin.py:109} INFO - [2022-03-28 07:30:35,130] {dag.py:2937} INFO - Setting next_dagrun for example_dag_decorator to None
[2022-03-28 07:30:35,144] {processor.py:171} INFO - Processing /home/airflow/.local/lib/python3.7/site-packages/airflow/example_dags/example_dag_decorator.py took 0.326 seconds
[2022-03-28 07:31:05,391] {processor.py:163} INFO - Started process (PID=2811) to work on /home/airflow/.local/lib/python3.7/site-packages/airflow/example_dags/example_dag_decorator.py
[2022-03-28 07:31:05,392] {processor.py:642} INFO - Processing file /home/airflow/.local/lib/python3.7/site-packages/airflow/example_dags/example_dag_decorator.py for tasks to queue
[2022-03-28 07:31:05,393] {logging_mixin.py:109} INFO - [2022-03-28 07:31:05,393] {dagbag.py:500} INFO - Filling up the DagBag from /home/airflow/.local/lib/python3.7/site-packages/airflow/example_dags/example_dag_decorator.py
[2022-03-28 07:31:05,425] {processor.py:654} INFO - DAG(s) dict_keys(['example_dag_decorator']) retrieved from /home/airflow/.local/lib/python3.7/site-packages/airflow/example_dags/example_dag_decorator.py
[2022-03-28 07:31:05,604] {logging_mixin.py:109} INFO - [2022-03-28 07:31:05,604] {dag.py:2398} INFO - Sync 1 DAGs
[2022-03-28 07:31:05,616] {logging_mixin.py:109} INFO - [2022-03-28 07:31:05,616] {dag.py:2937} INFO - Setting next_dagrun for example_dag_decorator to None
[2022-03-28 07:31:05,625] {processor.py:171} INFO - Processing /home/airflow/.local/lib/python3.7/site-packages/airflow/example_dags/example_dag_decorator.py took 0.238 seconds
[2022-03-28 07:31:35,962] {processor.py:163} INFO - Started process (PID=2863) to work on /home/airflow/.local/lib/python3.7/site-packages/airflow/example_dags/example_dag_decorator.py
[2022-03-28 07:31:35,964] {processor.py:642} INFO - Processing file /home/airflow/.local/lib/python3.7/site-packages/airflow/example_dags/example_dag_decorator.py for tasks to queue
[2022-03-28 07:31:35,966] {logging_mixin.py:109} INFO - [2022-03-28 07:31:35,965] {dagbag.py:500} INFO - Filling up the DagBag from /home/airflow/.local/lib/python3.7/site-packages/airflow/example_dags/example_dag_decorator.py
[2022-03-28 07:31:36,035] {processor.py:654} INFO - DAG(s) dict_keys(['example_dag_decorator']) retrieved from /home/airflow/.local/lib/python3.7/site-packages/airflow/example_dags/example_dag_decorator.py
[2022-03-28 07:31:36,411] {logging_mixin.py:109} INFO - [2022-03-28 07:31:36,410] {dag.py:2398} INFO - Sync 1 DAGs
[2022-03-28 07:31:36,428] {logging_mixin.py:109} INFO - [2022-03-28 07:31:36,428] {dag.py:2937} INFO - Setting next_dagrun for example_dag_decorator to None
[2022-03-28 07:31:36,443] {processor.py:171} INFO - Processing /home/airflow/.local/lib/python3.7/site-packages/airflow/example_dags/example_dag_decorator.py took 0.486 seconds
[2022-03-28 07:32:07,097] {processor.py:163} INFO - Started process (PID=2915) to work on /home/airflow/.local/lib/python3.7/site-packages/airflow/example_dags/example_dag_decorator.py
[2022-03-28 07:32:07,098] {processor.py:642} INFO - Processing file /home/airflow/.local/lib/python3.7/site-packages/airflow/example_dags/example_dag_decorator.py for tasks to queue
[2022-03-28 07:32:07,099] {logging_mixin.py:109} INFO - [2022-03-28 07:32:07,099] {dagbag.py:500} INFO - Filling up the DagBag from /home/airflow/.local/lib/python3.7/site-packages/airflow/example_dags/example_dag_decorator.py
[2022-03-28 07:32:07,139] {processor.py:654} INFO - DAG(s) dict_keys(['example_dag_decorator']) retrieved from /home/airflow/.local/lib/python3.7/site-packages/airflow/example_dags/example_dag_decorator.py
[2022-03-28 07:32:07,354] {logging_mixin.py:109} INFO - [2022-03-28 07:32:07,354] {dag.py:2398} INFO - Sync 1 DAGs
[2022-03-28 07:32:07,367] {logging_mixin.py:109} INFO - [2022-03-28 07:32:07,366] {dag.py:2937} INFO - Setting next_dagrun for example_dag_decorator to None
[2022-03-28 07:32:07,377] {processor.py:171} INFO - Processing /home/airflow/.local/lib/python3.7/site-packages/airflow/example_dags/example_dag_decorator.py took 0.284 seconds
