[2022-03-28 07:08:50,537] {processor.py:163} INFO - Started process (PID=295) to work on /home/airflow/.local/lib/python3.7/site-packages/airflow/example_dags/example_time_delta_sensor_async.py
[2022-03-28 07:08:50,539] {processor.py:642} INFO - Processing file /home/airflow/.local/lib/python3.7/site-packages/airflow/example_dags/example_time_delta_sensor_async.py for tasks to queue
[2022-03-28 07:08:50,540] {logging_mixin.py:109} INFO - [2022-03-28 07:08:50,540] {dagbag.py:500} INFO - Filling up the DagBag from /home/airflow/.local/lib/python3.7/site-packages/airflow/example_dags/example_time_delta_sensor_async.py
[2022-03-28 07:08:50,574] {processor.py:654} INFO - DAG(s) dict_keys(['example_time_delta_sensor_async']) retrieved from /home/airflow/.local/lib/python3.7/site-packages/airflow/example_dags/example_time_delta_sensor_async.py
[2022-03-28 07:08:52,544] {logging_mixin.py:109} INFO - [2022-03-28 07:08:52,544] {manager.py:496} INFO - Created Permission View: can read on DAG:example_time_delta_sensor_async
[2022-03-28 07:08:52,555] {logging_mixin.py:109} INFO - [2022-03-28 07:08:52,555] {manager.py:496} INFO - Created Permission View: can edit on DAG:example_time_delta_sensor_async
[2022-03-28 07:08:52,556] {logging_mixin.py:109} INFO - [2022-03-28 07:08:52,555] {dag.py:2398} INFO - Sync 1 DAGs
[2022-03-28 07:08:52,563] {logging_mixin.py:109} INFO - [2022-03-28 07:08:52,563] {dag.py:2417} INFO - Creating ORM DAG for example_time_delta_sensor_async
[2022-03-28 07:08:52,574] {logging_mixin.py:109} INFO - [2022-03-28 07:08:52,574] {dag.py:2937} INFO - Setting next_dagrun for example_time_delta_sensor_async to None
[2022-03-28 07:08:52,587] {processor.py:171} INFO - Processing /home/airflow/.local/lib/python3.7/site-packages/airflow/example_dags/example_time_delta_sensor_async.py took 2.054 seconds
[2022-03-28 07:09:22,850] {processor.py:163} INFO - Started process (PID=501) to work on /home/airflow/.local/lib/python3.7/site-packages/airflow/example_dags/example_time_delta_sensor_async.py
[2022-03-28 07:09:22,852] {processor.py:642} INFO - Processing file /home/airflow/.local/lib/python3.7/site-packages/airflow/example_dags/example_time_delta_sensor_async.py for tasks to queue
[2022-03-28 07:09:22,853] {logging_mixin.py:109} INFO - [2022-03-28 07:09:22,853] {dagbag.py:500} INFO - Filling up the DagBag from /home/airflow/.local/lib/python3.7/site-packages/airflow/example_dags/example_time_delta_sensor_async.py
[2022-03-28 07:09:22,882] {processor.py:654} INFO - DAG(s) dict_keys(['example_time_delta_sensor_async']) retrieved from /home/airflow/.local/lib/python3.7/site-packages/airflow/example_dags/example_time_delta_sensor_async.py
[2022-03-28 07:09:22,892] {logging_mixin.py:109} INFO - [2022-03-28 07:09:22,891] {dag.py:2398} INFO - Sync 1 DAGs
[2022-03-28 07:09:22,908] {logging_mixin.py:109} INFO - [2022-03-28 07:09:22,908] {dag.py:2937} INFO - Setting next_dagrun for example_time_delta_sensor_async to None
[2022-03-28 07:09:22,920] {processor.py:171} INFO - Processing /home/airflow/.local/lib/python3.7/site-packages/airflow/example_dags/example_time_delta_sensor_async.py took 0.072 seconds
[2022-03-28 07:09:53,515] {processor.py:163} INFO - Started process (PID=551) to work on /home/airflow/.local/lib/python3.7/site-packages/airflow/example_dags/example_time_delta_sensor_async.py
[2022-03-28 07:09:53,517] {processor.py:642} INFO - Processing file /home/airflow/.local/lib/python3.7/site-packages/airflow/example_dags/example_time_delta_sensor_async.py for tasks to queue
[2022-03-28 07:09:53,518] {logging_mixin.py:109} INFO - [2022-03-28 07:09:53,518] {dagbag.py:500} INFO - Filling up the DagBag from /home/airflow/.local/lib/python3.7/site-packages/airflow/example_dags/example_time_delta_sensor_async.py
[2022-03-28 07:09:53,547] {processor.py:654} INFO - DAG(s) dict_keys(['example_time_delta_sensor_async']) retrieved from /home/airflow/.local/lib/python3.7/site-packages/airflow/example_dags/example_time_delta_sensor_async.py
[2022-03-28 07:09:53,559] {logging_mixin.py:109} INFO - [2022-03-28 07:09:53,558] {dag.py:2398} INFO - Sync 1 DAGs
[2022-03-28 07:09:53,576] {logging_mixin.py:109} INFO - [2022-03-28 07:09:53,575] {dag.py:2937} INFO - Setting next_dagrun for example_time_delta_sensor_async to None
[2022-03-28 07:09:53,587] {processor.py:171} INFO - Processing /home/airflow/.local/lib/python3.7/site-packages/airflow/example_dags/example_time_delta_sensor_async.py took 0.075 seconds
[2022-03-28 07:10:24,164] {processor.py:163} INFO - Started process (PID=603) to work on /home/airflow/.local/lib/python3.7/site-packages/airflow/example_dags/example_time_delta_sensor_async.py
[2022-03-28 07:10:24,165] {processor.py:642} INFO - Processing file /home/airflow/.local/lib/python3.7/site-packages/airflow/example_dags/example_time_delta_sensor_async.py for tasks to queue
[2022-03-28 07:10:24,166] {logging_mixin.py:109} INFO - [2022-03-28 07:10:24,166] {dagbag.py:500} INFO - Filling up the DagBag from /home/airflow/.local/lib/python3.7/site-packages/airflow/example_dags/example_time_delta_sensor_async.py
[2022-03-28 07:10:24,193] {processor.py:654} INFO - DAG(s) dict_keys(['example_time_delta_sensor_async']) retrieved from /home/airflow/.local/lib/python3.7/site-packages/airflow/example_dags/example_time_delta_sensor_async.py
[2022-03-28 07:10:24,201] {logging_mixin.py:109} INFO - [2022-03-28 07:10:24,201] {dag.py:2398} INFO - Sync 1 DAGs
[2022-03-28 07:10:24,214] {logging_mixin.py:109} INFO - [2022-03-28 07:10:24,214] {dag.py:2937} INFO - Setting next_dagrun for example_time_delta_sensor_async to None
[2022-03-28 07:10:24,225] {processor.py:171} INFO - Processing /home/airflow/.local/lib/python3.7/site-packages/airflow/example_dags/example_time_delta_sensor_async.py took 0.063 seconds
[2022-03-28 07:10:54,733] {processor.py:163} INFO - Started process (PID=663) to work on /home/airflow/.local/lib/python3.7/site-packages/airflow/example_dags/example_time_delta_sensor_async.py
[2022-03-28 07:10:54,735] {processor.py:642} INFO - Processing file /home/airflow/.local/lib/python3.7/site-packages/airflow/example_dags/example_time_delta_sensor_async.py for tasks to queue
[2022-03-28 07:10:54,736] {logging_mixin.py:109} INFO - [2022-03-28 07:10:54,735] {dagbag.py:500} INFO - Filling up the DagBag from /home/airflow/.local/lib/python3.7/site-packages/airflow/example_dags/example_time_delta_sensor_async.py
[2022-03-28 07:10:54,765] {processor.py:654} INFO - DAG(s) dict_keys(['example_time_delta_sensor_async']) retrieved from /home/airflow/.local/lib/python3.7/site-packages/airflow/example_dags/example_time_delta_sensor_async.py
[2022-03-28 07:10:54,775] {logging_mixin.py:109} INFO - [2022-03-28 07:10:54,775] {dag.py:2398} INFO - Sync 1 DAGs
[2022-03-28 07:10:54,792] {logging_mixin.py:109} INFO - [2022-03-28 07:10:54,792] {dag.py:2937} INFO - Setting next_dagrun for example_time_delta_sensor_async to None
[2022-03-28 07:10:54,802] {processor.py:171} INFO - Processing /home/airflow/.local/lib/python3.7/site-packages/airflow/example_dags/example_time_delta_sensor_async.py took 0.072 seconds
[2022-03-28 07:11:25,249] {processor.py:163} INFO - Started process (PID=714) to work on /home/airflow/.local/lib/python3.7/site-packages/airflow/example_dags/example_time_delta_sensor_async.py
[2022-03-28 07:11:25,250] {processor.py:642} INFO - Processing file /home/airflow/.local/lib/python3.7/site-packages/airflow/example_dags/example_time_delta_sensor_async.py for tasks to queue
[2022-03-28 07:11:25,251] {logging_mixin.py:109} INFO - [2022-03-28 07:11:25,251] {dagbag.py:500} INFO - Filling up the DagBag from /home/airflow/.local/lib/python3.7/site-packages/airflow/example_dags/example_time_delta_sensor_async.py
[2022-03-28 07:11:25,278] {processor.py:654} INFO - DAG(s) dict_keys(['example_time_delta_sensor_async']) retrieved from /home/airflow/.local/lib/python3.7/site-packages/airflow/example_dags/example_time_delta_sensor_async.py
[2022-03-28 07:11:25,287] {logging_mixin.py:109} INFO - [2022-03-28 07:11:25,287] {dag.py:2398} INFO - Sync 1 DAGs
[2022-03-28 07:11:25,303] {logging_mixin.py:109} INFO - [2022-03-28 07:11:25,303] {dag.py:2937} INFO - Setting next_dagrun for example_time_delta_sensor_async to None
[2022-03-28 07:11:25,313] {processor.py:171} INFO - Processing /home/airflow/.local/lib/python3.7/site-packages/airflow/example_dags/example_time_delta_sensor_async.py took 0.066 seconds
[2022-03-28 07:11:55,699] {processor.py:163} INFO - Started process (PID=765) to work on /home/airflow/.local/lib/python3.7/site-packages/airflow/example_dags/example_time_delta_sensor_async.py
[2022-03-28 07:11:55,700] {processor.py:642} INFO - Processing file /home/airflow/.local/lib/python3.7/site-packages/airflow/example_dags/example_time_delta_sensor_async.py for tasks to queue
[2022-03-28 07:11:55,702] {logging_mixin.py:109} INFO - [2022-03-28 07:11:55,702] {dagbag.py:500} INFO - Filling up the DagBag from /home/airflow/.local/lib/python3.7/site-packages/airflow/example_dags/example_time_delta_sensor_async.py
[2022-03-28 07:11:55,731] {processor.py:654} INFO - DAG(s) dict_keys(['example_time_delta_sensor_async']) retrieved from /home/airflow/.local/lib/python3.7/site-packages/airflow/example_dags/example_time_delta_sensor_async.py
[2022-03-28 07:11:55,741] {logging_mixin.py:109} INFO - [2022-03-28 07:11:55,741] {dag.py:2398} INFO - Sync 1 DAGs
[2022-03-28 07:11:55,756] {logging_mixin.py:109} INFO - [2022-03-28 07:11:55,756] {dag.py:2937} INFO - Setting next_dagrun for example_time_delta_sensor_async to None
[2022-03-28 07:11:55,767] {processor.py:171} INFO - Processing /home/airflow/.local/lib/python3.7/site-packages/airflow/example_dags/example_time_delta_sensor_async.py took 0.071 seconds
[2022-03-28 07:12:26,266] {processor.py:163} INFO - Started process (PID=826) to work on /home/airflow/.local/lib/python3.7/site-packages/airflow/example_dags/example_time_delta_sensor_async.py
[2022-03-28 07:12:26,268] {processor.py:642} INFO - Processing file /home/airflow/.local/lib/python3.7/site-packages/airflow/example_dags/example_time_delta_sensor_async.py for tasks to queue
[2022-03-28 07:12:26,269] {logging_mixin.py:109} INFO - [2022-03-28 07:12:26,269] {dagbag.py:500} INFO - Filling up the DagBag from /home/airflow/.local/lib/python3.7/site-packages/airflow/example_dags/example_time_delta_sensor_async.py
[2022-03-28 07:12:26,299] {processor.py:654} INFO - DAG(s) dict_keys(['example_time_delta_sensor_async']) retrieved from /home/airflow/.local/lib/python3.7/site-packages/airflow/example_dags/example_time_delta_sensor_async.py
[2022-03-28 07:12:26,311] {logging_mixin.py:109} INFO - [2022-03-28 07:12:26,311] {dag.py:2398} INFO - Sync 1 DAGs
[2022-03-28 07:12:26,328] {logging_mixin.py:109} INFO - [2022-03-28 07:12:26,328] {dag.py:2937} INFO - Setting next_dagrun for example_time_delta_sensor_async to None
[2022-03-28 07:12:26,338] {processor.py:171} INFO - Processing /home/airflow/.local/lib/python3.7/site-packages/airflow/example_dags/example_time_delta_sensor_async.py took 0.074 seconds
[2022-03-28 07:12:56,826] {processor.py:163} INFO - Started process (PID=877) to work on /home/airflow/.local/lib/python3.7/site-packages/airflow/example_dags/example_time_delta_sensor_async.py
[2022-03-28 07:12:56,827] {processor.py:642} INFO - Processing file /home/airflow/.local/lib/python3.7/site-packages/airflow/example_dags/example_time_delta_sensor_async.py for tasks to queue
[2022-03-28 07:12:56,828] {logging_mixin.py:109} INFO - [2022-03-28 07:12:56,828] {dagbag.py:500} INFO - Filling up the DagBag from /home/airflow/.local/lib/python3.7/site-packages/airflow/example_dags/example_time_delta_sensor_async.py
[2022-03-28 07:12:56,853] {processor.py:654} INFO - DAG(s) dict_keys(['example_time_delta_sensor_async']) retrieved from /home/airflow/.local/lib/python3.7/site-packages/airflow/example_dags/example_time_delta_sensor_async.py
[2022-03-28 07:12:56,862] {logging_mixin.py:109} INFO - [2022-03-28 07:12:56,862] {dag.py:2398} INFO - Sync 1 DAGs
[2022-03-28 07:12:56,875] {logging_mixin.py:109} INFO - [2022-03-28 07:12:56,875] {dag.py:2937} INFO - Setting next_dagrun for example_time_delta_sensor_async to None
[2022-03-28 07:12:56,885] {processor.py:171} INFO - Processing /home/airflow/.local/lib/python3.7/site-packages/airflow/example_dags/example_time_delta_sensor_async.py took 0.062 seconds
[2022-03-28 07:13:27,338] {processor.py:163} INFO - Started process (PID=927) to work on /home/airflow/.local/lib/python3.7/site-packages/airflow/example_dags/example_time_delta_sensor_async.py
[2022-03-28 07:13:27,340] {processor.py:642} INFO - Processing file /home/airflow/.local/lib/python3.7/site-packages/airflow/example_dags/example_time_delta_sensor_async.py for tasks to queue
[2022-03-28 07:13:27,341] {logging_mixin.py:109} INFO - [2022-03-28 07:13:27,341] {dagbag.py:500} INFO - Filling up the DagBag from /home/airflow/.local/lib/python3.7/site-packages/airflow/example_dags/example_time_delta_sensor_async.py
[2022-03-28 07:13:27,369] {processor.py:654} INFO - DAG(s) dict_keys(['example_time_delta_sensor_async']) retrieved from /home/airflow/.local/lib/python3.7/site-packages/airflow/example_dags/example_time_delta_sensor_async.py
[2022-03-28 07:13:27,378] {logging_mixin.py:109} INFO - [2022-03-28 07:13:27,378] {dag.py:2398} INFO - Sync 1 DAGs
[2022-03-28 07:13:27,395] {logging_mixin.py:109} INFO - [2022-03-28 07:13:27,395] {dag.py:2937} INFO - Setting next_dagrun for example_time_delta_sensor_async to None
[2022-03-28 07:13:27,406] {processor.py:171} INFO - Processing /home/airflow/.local/lib/python3.7/site-packages/airflow/example_dags/example_time_delta_sensor_async.py took 0.070 seconds
[2022-03-28 07:13:57,783] {processor.py:163} INFO - Started process (PID=988) to work on /home/airflow/.local/lib/python3.7/site-packages/airflow/example_dags/example_time_delta_sensor_async.py
[2022-03-28 07:13:57,784] {processor.py:642} INFO - Processing file /home/airflow/.local/lib/python3.7/site-packages/airflow/example_dags/example_time_delta_sensor_async.py for tasks to queue
[2022-03-28 07:13:57,785] {logging_mixin.py:109} INFO - [2022-03-28 07:13:57,785] {dagbag.py:500} INFO - Filling up the DagBag from /home/airflow/.local/lib/python3.7/site-packages/airflow/example_dags/example_time_delta_sensor_async.py
[2022-03-28 07:13:57,825] {processor.py:654} INFO - DAG(s) dict_keys(['example_time_delta_sensor_async']) retrieved from /home/airflow/.local/lib/python3.7/site-packages/airflow/example_dags/example_time_delta_sensor_async.py
[2022-03-28 07:13:57,839] {logging_mixin.py:109} INFO - [2022-03-28 07:13:57,839] {dag.py:2398} INFO - Sync 1 DAGs
[2022-03-28 07:13:57,858] {logging_mixin.py:109} INFO - [2022-03-28 07:13:57,858] {dag.py:2937} INFO - Setting next_dagrun for example_time_delta_sensor_async to None
[2022-03-28 07:13:57,869] {processor.py:171} INFO - Processing /home/airflow/.local/lib/python3.7/site-packages/airflow/example_dags/example_time_delta_sensor_async.py took 0.090 seconds
[2022-03-28 07:14:28,390] {processor.py:163} INFO - Started process (PID=1039) to work on /home/airflow/.local/lib/python3.7/site-packages/airflow/example_dags/example_time_delta_sensor_async.py
[2022-03-28 07:14:28,392] {processor.py:642} INFO - Processing file /home/airflow/.local/lib/python3.7/site-packages/airflow/example_dags/example_time_delta_sensor_async.py for tasks to queue
[2022-03-28 07:14:28,393] {logging_mixin.py:109} INFO - [2022-03-28 07:14:28,392] {dagbag.py:500} INFO - Filling up the DagBag from /home/airflow/.local/lib/python3.7/site-packages/airflow/example_dags/example_time_delta_sensor_async.py
[2022-03-28 07:14:28,420] {processor.py:654} INFO - DAG(s) dict_keys(['example_time_delta_sensor_async']) retrieved from /home/airflow/.local/lib/python3.7/site-packages/airflow/example_dags/example_time_delta_sensor_async.py
[2022-03-28 07:14:28,429] {logging_mixin.py:109} INFO - [2022-03-28 07:14:28,428] {dag.py:2398} INFO - Sync 1 DAGs
[2022-03-28 07:14:28,442] {logging_mixin.py:109} INFO - [2022-03-28 07:14:28,442] {dag.py:2937} INFO - Setting next_dagrun for example_time_delta_sensor_async to None
[2022-03-28 07:14:28,453] {processor.py:171} INFO - Processing /home/airflow/.local/lib/python3.7/site-packages/airflow/example_dags/example_time_delta_sensor_async.py took 0.065 seconds
[2022-03-28 07:14:59,138] {processor.py:163} INFO - Started process (PID=1089) to work on /home/airflow/.local/lib/python3.7/site-packages/airflow/example_dags/example_time_delta_sensor_async.py
[2022-03-28 07:14:59,139] {processor.py:642} INFO - Processing file /home/airflow/.local/lib/python3.7/site-packages/airflow/example_dags/example_time_delta_sensor_async.py for tasks to queue
[2022-03-28 07:14:59,140] {logging_mixin.py:109} INFO - [2022-03-28 07:14:59,140] {dagbag.py:500} INFO - Filling up the DagBag from /home/airflow/.local/lib/python3.7/site-packages/airflow/example_dags/example_time_delta_sensor_async.py
[2022-03-28 07:14:59,169] {processor.py:654} INFO - DAG(s) dict_keys(['example_time_delta_sensor_async']) retrieved from /home/airflow/.local/lib/python3.7/site-packages/airflow/example_dags/example_time_delta_sensor_async.py
[2022-03-28 07:14:59,180] {logging_mixin.py:109} INFO - [2022-03-28 07:14:59,180] {dag.py:2398} INFO - Sync 1 DAGs
[2022-03-28 07:14:59,197] {logging_mixin.py:109} INFO - [2022-03-28 07:14:59,197] {dag.py:2937} INFO - Setting next_dagrun for example_time_delta_sensor_async to None
[2022-03-28 07:14:59,207] {processor.py:171} INFO - Processing /home/airflow/.local/lib/python3.7/site-packages/airflow/example_dags/example_time_delta_sensor_async.py took 0.072 seconds
[2022-03-28 07:15:29,738] {processor.py:163} INFO - Started process (PID=1149) to work on /home/airflow/.local/lib/python3.7/site-packages/airflow/example_dags/example_time_delta_sensor_async.py
[2022-03-28 07:15:29,740] {processor.py:642} INFO - Processing file /home/airflow/.local/lib/python3.7/site-packages/airflow/example_dags/example_time_delta_sensor_async.py for tasks to queue
[2022-03-28 07:15:29,741] {logging_mixin.py:109} INFO - [2022-03-28 07:15:29,741] {dagbag.py:500} INFO - Filling up the DagBag from /home/airflow/.local/lib/python3.7/site-packages/airflow/example_dags/example_time_delta_sensor_async.py
[2022-03-28 07:15:29,775] {processor.py:654} INFO - DAG(s) dict_keys(['example_time_delta_sensor_async']) retrieved from /home/airflow/.local/lib/python3.7/site-packages/airflow/example_dags/example_time_delta_sensor_async.py
[2022-03-28 07:15:29,786] {logging_mixin.py:109} INFO - [2022-03-28 07:15:29,785] {dag.py:2398} INFO - Sync 1 DAGs
[2022-03-28 07:15:29,803] {logging_mixin.py:109} INFO - [2022-03-28 07:15:29,803] {dag.py:2937} INFO - Setting next_dagrun for example_time_delta_sensor_async to None
[2022-03-28 07:15:29,815] {processor.py:171} INFO - Processing /home/airflow/.local/lib/python3.7/site-packages/airflow/example_dags/example_time_delta_sensor_async.py took 0.080 seconds
[2022-03-28 07:16:00,201] {processor.py:163} INFO - Started process (PID=1200) to work on /home/airflow/.local/lib/python3.7/site-packages/airflow/example_dags/example_time_delta_sensor_async.py
[2022-03-28 07:16:00,202] {processor.py:642} INFO - Processing file /home/airflow/.local/lib/python3.7/site-packages/airflow/example_dags/example_time_delta_sensor_async.py for tasks to queue
[2022-03-28 07:16:00,203] {logging_mixin.py:109} INFO - [2022-03-28 07:16:00,203] {dagbag.py:500} INFO - Filling up the DagBag from /home/airflow/.local/lib/python3.7/site-packages/airflow/example_dags/example_time_delta_sensor_async.py
[2022-03-28 07:16:00,232] {processor.py:654} INFO - DAG(s) dict_keys(['example_time_delta_sensor_async']) retrieved from /home/airflow/.local/lib/python3.7/site-packages/airflow/example_dags/example_time_delta_sensor_async.py
[2022-03-28 07:16:00,241] {logging_mixin.py:109} INFO - [2022-03-28 07:16:00,241] {dag.py:2398} INFO - Sync 1 DAGs
[2022-03-28 07:16:00,255] {logging_mixin.py:109} INFO - [2022-03-28 07:16:00,255] {dag.py:2937} INFO - Setting next_dagrun for example_time_delta_sensor_async to None
[2022-03-28 07:16:00,265] {processor.py:171} INFO - Processing /home/airflow/.local/lib/python3.7/site-packages/airflow/example_dags/example_time_delta_sensor_async.py took 0.066 seconds
[2022-03-28 07:16:30,764] {processor.py:163} INFO - Started process (PID=1251) to work on /home/airflow/.local/lib/python3.7/site-packages/airflow/example_dags/example_time_delta_sensor_async.py
[2022-03-28 07:16:30,766] {processor.py:642} INFO - Processing file /home/airflow/.local/lib/python3.7/site-packages/airflow/example_dags/example_time_delta_sensor_async.py for tasks to queue
[2022-03-28 07:16:30,768] {logging_mixin.py:109} INFO - [2022-03-28 07:16:30,767] {dagbag.py:500} INFO - Filling up the DagBag from /home/airflow/.local/lib/python3.7/site-packages/airflow/example_dags/example_time_delta_sensor_async.py
[2022-03-28 07:16:30,803] {processor.py:654} INFO - DAG(s) dict_keys(['example_time_delta_sensor_async']) retrieved from /home/airflow/.local/lib/python3.7/site-packages/airflow/example_dags/example_time_delta_sensor_async.py
[2022-03-28 07:16:30,815] {logging_mixin.py:109} INFO - [2022-03-28 07:16:30,815] {dag.py:2398} INFO - Sync 1 DAGs
[2022-03-28 07:16:30,838] {logging_mixin.py:109} INFO - [2022-03-28 07:16:30,837] {dag.py:2937} INFO - Setting next_dagrun for example_time_delta_sensor_async to None
[2022-03-28 07:16:30,851] {processor.py:171} INFO - Processing /home/airflow/.local/lib/python3.7/site-packages/airflow/example_dags/example_time_delta_sensor_async.py took 0.091 seconds
[2022-03-28 07:17:01,329] {processor.py:163} INFO - Started process (PID=1313) to work on /home/airflow/.local/lib/python3.7/site-packages/airflow/example_dags/example_time_delta_sensor_async.py
[2022-03-28 07:17:01,331] {processor.py:642} INFO - Processing file /home/airflow/.local/lib/python3.7/site-packages/airflow/example_dags/example_time_delta_sensor_async.py for tasks to queue
[2022-03-28 07:17:01,332] {logging_mixin.py:109} INFO - [2022-03-28 07:17:01,332] {dagbag.py:500} INFO - Filling up the DagBag from /home/airflow/.local/lib/python3.7/site-packages/airflow/example_dags/example_time_delta_sensor_async.py
[2022-03-28 07:17:01,366] {processor.py:654} INFO - DAG(s) dict_keys(['example_time_delta_sensor_async']) retrieved from /home/airflow/.local/lib/python3.7/site-packages/airflow/example_dags/example_time_delta_sensor_async.py
[2022-03-28 07:17:01,381] {logging_mixin.py:109} INFO - [2022-03-28 07:17:01,381] {dag.py:2398} INFO - Sync 1 DAGs
[2022-03-28 07:17:01,401] {logging_mixin.py:109} INFO - [2022-03-28 07:17:01,401] {dag.py:2937} INFO - Setting next_dagrun for example_time_delta_sensor_async to None
[2022-03-28 07:17:01,414] {processor.py:171} INFO - Processing /home/airflow/.local/lib/python3.7/site-packages/airflow/example_dags/example_time_delta_sensor_async.py took 0.089 seconds
[2022-03-28 07:17:31,713] {processor.py:163} INFO - Started process (PID=1364) to work on /home/airflow/.local/lib/python3.7/site-packages/airflow/example_dags/example_time_delta_sensor_async.py
[2022-03-28 07:17:31,715] {processor.py:642} INFO - Processing file /home/airflow/.local/lib/python3.7/site-packages/airflow/example_dags/example_time_delta_sensor_async.py for tasks to queue
[2022-03-28 07:17:31,716] {logging_mixin.py:109} INFO - [2022-03-28 07:17:31,716] {dagbag.py:500} INFO - Filling up the DagBag from /home/airflow/.local/lib/python3.7/site-packages/airflow/example_dags/example_time_delta_sensor_async.py
[2022-03-28 07:17:31,800] {processor.py:654} INFO - DAG(s) dict_keys(['example_time_delta_sensor_async']) retrieved from /home/airflow/.local/lib/python3.7/site-packages/airflow/example_dags/example_time_delta_sensor_async.py
[2022-03-28 07:17:31,812] {logging_mixin.py:109} INFO - [2022-03-28 07:17:31,812] {dag.py:2398} INFO - Sync 1 DAGs
[2022-03-28 07:17:31,841] {logging_mixin.py:109} INFO - [2022-03-28 07:17:31,841] {dag.py:2937} INFO - Setting next_dagrun for example_time_delta_sensor_async to None
[2022-03-28 07:17:31,854] {processor.py:171} INFO - Processing /home/airflow/.local/lib/python3.7/site-packages/airflow/example_dags/example_time_delta_sensor_async.py took 0.145 seconds
[2022-03-28 07:18:02,443] {processor.py:163} INFO - Started process (PID=1416) to work on /home/airflow/.local/lib/python3.7/site-packages/airflow/example_dags/example_time_delta_sensor_async.py
[2022-03-28 07:18:02,445] {processor.py:642} INFO - Processing file /home/airflow/.local/lib/python3.7/site-packages/airflow/example_dags/example_time_delta_sensor_async.py for tasks to queue
[2022-03-28 07:18:02,446] {logging_mixin.py:109} INFO - [2022-03-28 07:18:02,445] {dagbag.py:500} INFO - Filling up the DagBag from /home/airflow/.local/lib/python3.7/site-packages/airflow/example_dags/example_time_delta_sensor_async.py
[2022-03-28 07:18:02,474] {processor.py:654} INFO - DAG(s) dict_keys(['example_time_delta_sensor_async']) retrieved from /home/airflow/.local/lib/python3.7/site-packages/airflow/example_dags/example_time_delta_sensor_async.py
[2022-03-28 07:18:02,484] {logging_mixin.py:109} INFO - [2022-03-28 07:18:02,484] {dag.py:2398} INFO - Sync 1 DAGs
[2022-03-28 07:18:02,499] {logging_mixin.py:109} INFO - [2022-03-28 07:18:02,498] {dag.py:2937} INFO - Setting next_dagrun for example_time_delta_sensor_async to None
[2022-03-28 07:18:02,509] {processor.py:171} INFO - Processing /home/airflow/.local/lib/python3.7/site-packages/airflow/example_dags/example_time_delta_sensor_async.py took 0.069 seconds
[2022-03-28 07:18:32,951] {processor.py:163} INFO - Started process (PID=1476) to work on /home/airflow/.local/lib/python3.7/site-packages/airflow/example_dags/example_time_delta_sensor_async.py
[2022-03-28 07:18:32,953] {processor.py:642} INFO - Processing file /home/airflow/.local/lib/python3.7/site-packages/airflow/example_dags/example_time_delta_sensor_async.py for tasks to queue
[2022-03-28 07:18:32,954] {logging_mixin.py:109} INFO - [2022-03-28 07:18:32,954] {dagbag.py:500} INFO - Filling up the DagBag from /home/airflow/.local/lib/python3.7/site-packages/airflow/example_dags/example_time_delta_sensor_async.py
[2022-03-28 07:18:32,985] {processor.py:654} INFO - DAG(s) dict_keys(['example_time_delta_sensor_async']) retrieved from /home/airflow/.local/lib/python3.7/site-packages/airflow/example_dags/example_time_delta_sensor_async.py
[2022-03-28 07:18:32,997] {logging_mixin.py:109} INFO - [2022-03-28 07:18:32,997] {dag.py:2398} INFO - Sync 1 DAGs
[2022-03-28 07:18:33,017] {logging_mixin.py:109} INFO - [2022-03-28 07:18:33,016] {dag.py:2937} INFO - Setting next_dagrun for example_time_delta_sensor_async to None
[2022-03-28 07:18:33,029] {processor.py:171} INFO - Processing /home/airflow/.local/lib/python3.7/site-packages/airflow/example_dags/example_time_delta_sensor_async.py took 0.080 seconds
[2022-03-28 07:19:03,422] {processor.py:163} INFO - Started process (PID=1527) to work on /home/airflow/.local/lib/python3.7/site-packages/airflow/example_dags/example_time_delta_sensor_async.py
[2022-03-28 07:19:03,423] {processor.py:642} INFO - Processing file /home/airflow/.local/lib/python3.7/site-packages/airflow/example_dags/example_time_delta_sensor_async.py for tasks to queue
[2022-03-28 07:19:03,424] {logging_mixin.py:109} INFO - [2022-03-28 07:19:03,424] {dagbag.py:500} INFO - Filling up the DagBag from /home/airflow/.local/lib/python3.7/site-packages/airflow/example_dags/example_time_delta_sensor_async.py
[2022-03-28 07:19:03,453] {processor.py:654} INFO - DAG(s) dict_keys(['example_time_delta_sensor_async']) retrieved from /home/airflow/.local/lib/python3.7/site-packages/airflow/example_dags/example_time_delta_sensor_async.py
[2022-03-28 07:19:03,462] {logging_mixin.py:109} INFO - [2022-03-28 07:19:03,462] {dag.py:2398} INFO - Sync 1 DAGs
[2022-03-28 07:19:03,477] {logging_mixin.py:109} INFO - [2022-03-28 07:19:03,477] {dag.py:2937} INFO - Setting next_dagrun for example_time_delta_sensor_async to None
[2022-03-28 07:19:03,487] {processor.py:171} INFO - Processing /home/airflow/.local/lib/python3.7/site-packages/airflow/example_dags/example_time_delta_sensor_async.py took 0.067 seconds
[2022-03-28 07:19:33,929] {processor.py:163} INFO - Started process (PID=1578) to work on /home/airflow/.local/lib/python3.7/site-packages/airflow/example_dags/example_time_delta_sensor_async.py
[2022-03-28 07:19:33,930] {processor.py:642} INFO - Processing file /home/airflow/.local/lib/python3.7/site-packages/airflow/example_dags/example_time_delta_sensor_async.py for tasks to queue
[2022-03-28 07:19:33,931] {logging_mixin.py:109} INFO - [2022-03-28 07:19:33,931] {dagbag.py:500} INFO - Filling up the DagBag from /home/airflow/.local/lib/python3.7/site-packages/airflow/example_dags/example_time_delta_sensor_async.py
[2022-03-28 07:19:33,962] {processor.py:654} INFO - DAG(s) dict_keys(['example_time_delta_sensor_async']) retrieved from /home/airflow/.local/lib/python3.7/site-packages/airflow/example_dags/example_time_delta_sensor_async.py
[2022-03-28 07:19:33,972] {logging_mixin.py:109} INFO - [2022-03-28 07:19:33,972] {dag.py:2398} INFO - Sync 1 DAGs
[2022-03-28 07:19:33,987] {logging_mixin.py:109} INFO - [2022-03-28 07:19:33,987] {dag.py:2937} INFO - Setting next_dagrun for example_time_delta_sensor_async to None
[2022-03-28 07:19:33,995] {processor.py:171} INFO - Processing /home/airflow/.local/lib/python3.7/site-packages/airflow/example_dags/example_time_delta_sensor_async.py took 0.069 seconds
[2022-03-28 07:20:04,633] {processor.py:163} INFO - Started process (PID=1639) to work on /home/airflow/.local/lib/python3.7/site-packages/airflow/example_dags/example_time_delta_sensor_async.py
[2022-03-28 07:20:04,634] {processor.py:642} INFO - Processing file /home/airflow/.local/lib/python3.7/site-packages/airflow/example_dags/example_time_delta_sensor_async.py for tasks to queue
[2022-03-28 07:20:04,635] {logging_mixin.py:109} INFO - [2022-03-28 07:20:04,635] {dagbag.py:500} INFO - Filling up the DagBag from /home/airflow/.local/lib/python3.7/site-packages/airflow/example_dags/example_time_delta_sensor_async.py
[2022-03-28 07:20:04,667] {processor.py:654} INFO - DAG(s) dict_keys(['example_time_delta_sensor_async']) retrieved from /home/airflow/.local/lib/python3.7/site-packages/airflow/example_dags/example_time_delta_sensor_async.py
[2022-03-28 07:20:04,678] {logging_mixin.py:109} INFO - [2022-03-28 07:20:04,678] {dag.py:2398} INFO - Sync 1 DAGs
[2022-03-28 07:20:04,694] {logging_mixin.py:109} INFO - [2022-03-28 07:20:04,694] {dag.py:2937} INFO - Setting next_dagrun for example_time_delta_sensor_async to None
[2022-03-28 07:20:04,704] {processor.py:171} INFO - Processing /home/airflow/.local/lib/python3.7/site-packages/airflow/example_dags/example_time_delta_sensor_async.py took 0.074 seconds
[2022-03-28 07:20:34,987] {processor.py:163} INFO - Started process (PID=1691) to work on /home/airflow/.local/lib/python3.7/site-packages/airflow/example_dags/example_time_delta_sensor_async.py
[2022-03-28 07:20:34,988] {processor.py:642} INFO - Processing file /home/airflow/.local/lib/python3.7/site-packages/airflow/example_dags/example_time_delta_sensor_async.py for tasks to queue
[2022-03-28 07:20:34,989] {logging_mixin.py:109} INFO - [2022-03-28 07:20:34,989] {dagbag.py:500} INFO - Filling up the DagBag from /home/airflow/.local/lib/python3.7/site-packages/airflow/example_dags/example_time_delta_sensor_async.py
[2022-03-28 07:20:35,020] {processor.py:654} INFO - DAG(s) dict_keys(['example_time_delta_sensor_async']) retrieved from /home/airflow/.local/lib/python3.7/site-packages/airflow/example_dags/example_time_delta_sensor_async.py
[2022-03-28 07:20:35,030] {logging_mixin.py:109} INFO - [2022-03-28 07:20:35,030] {dag.py:2398} INFO - Sync 1 DAGs
[2022-03-28 07:20:35,044] {logging_mixin.py:109} INFO - [2022-03-28 07:20:35,044] {dag.py:2937} INFO - Setting next_dagrun for example_time_delta_sensor_async to None
[2022-03-28 07:20:35,055] {processor.py:171} INFO - Processing /home/airflow/.local/lib/python3.7/site-packages/airflow/example_dags/example_time_delta_sensor_async.py took 0.071 seconds
[2022-03-28 07:21:05,512] {processor.py:163} INFO - Started process (PID=1742) to work on /home/airflow/.local/lib/python3.7/site-packages/airflow/example_dags/example_time_delta_sensor_async.py
[2022-03-28 07:21:05,513] {processor.py:642} INFO - Processing file /home/airflow/.local/lib/python3.7/site-packages/airflow/example_dags/example_time_delta_sensor_async.py for tasks to queue
[2022-03-28 07:21:05,514] {logging_mixin.py:109} INFO - [2022-03-28 07:21:05,514] {dagbag.py:500} INFO - Filling up the DagBag from /home/airflow/.local/lib/python3.7/site-packages/airflow/example_dags/example_time_delta_sensor_async.py
[2022-03-28 07:21:05,541] {processor.py:654} INFO - DAG(s) dict_keys(['example_time_delta_sensor_async']) retrieved from /home/airflow/.local/lib/python3.7/site-packages/airflow/example_dags/example_time_delta_sensor_async.py
[2022-03-28 07:21:05,550] {logging_mixin.py:109} INFO - [2022-03-28 07:21:05,550] {dag.py:2398} INFO - Sync 1 DAGs
[2022-03-28 07:21:05,564] {logging_mixin.py:109} INFO - [2022-03-28 07:21:05,564] {dag.py:2937} INFO - Setting next_dagrun for example_time_delta_sensor_async to None
[2022-03-28 07:21:05,573] {processor.py:171} INFO - Processing /home/airflow/.local/lib/python3.7/site-packages/airflow/example_dags/example_time_delta_sensor_async.py took 0.064 seconds
[2022-03-28 07:21:35,798] {processor.py:163} INFO - Started process (PID=1802) to work on /home/airflow/.local/lib/python3.7/site-packages/airflow/example_dags/example_time_delta_sensor_async.py
[2022-03-28 07:21:35,799] {processor.py:642} INFO - Processing file /home/airflow/.local/lib/python3.7/site-packages/airflow/example_dags/example_time_delta_sensor_async.py for tasks to queue
[2022-03-28 07:21:35,800] {logging_mixin.py:109} INFO - [2022-03-28 07:21:35,800] {dagbag.py:500} INFO - Filling up the DagBag from /home/airflow/.local/lib/python3.7/site-packages/airflow/example_dags/example_time_delta_sensor_async.py
[2022-03-28 07:21:35,832] {processor.py:654} INFO - DAG(s) dict_keys(['example_time_delta_sensor_async']) retrieved from /home/airflow/.local/lib/python3.7/site-packages/airflow/example_dags/example_time_delta_sensor_async.py
[2022-03-28 07:21:35,843] {logging_mixin.py:109} INFO - [2022-03-28 07:21:35,843] {dag.py:2398} INFO - Sync 1 DAGs
[2022-03-28 07:21:35,859] {logging_mixin.py:109} INFO - [2022-03-28 07:21:35,859] {dag.py:2937} INFO - Setting next_dagrun for example_time_delta_sensor_async to None
[2022-03-28 07:21:35,870] {processor.py:171} INFO - Processing /home/airflow/.local/lib/python3.7/site-packages/airflow/example_dags/example_time_delta_sensor_async.py took 0.076 seconds
[2022-03-28 07:22:05,988] {processor.py:163} INFO - Started process (PID=1853) to work on /home/airflow/.local/lib/python3.7/site-packages/airflow/example_dags/example_time_delta_sensor_async.py
[2022-03-28 07:22:05,989] {processor.py:642} INFO - Processing file /home/airflow/.local/lib/python3.7/site-packages/airflow/example_dags/example_time_delta_sensor_async.py for tasks to queue
[2022-03-28 07:22:05,990] {logging_mixin.py:109} INFO - [2022-03-28 07:22:05,990] {dagbag.py:500} INFO - Filling up the DagBag from /home/airflow/.local/lib/python3.7/site-packages/airflow/example_dags/example_time_delta_sensor_async.py
[2022-03-28 07:22:06,022] {processor.py:654} INFO - DAG(s) dict_keys(['example_time_delta_sensor_async']) retrieved from /home/airflow/.local/lib/python3.7/site-packages/airflow/example_dags/example_time_delta_sensor_async.py
[2022-03-28 07:22:06,032] {logging_mixin.py:109} INFO - [2022-03-28 07:22:06,032] {dag.py:2398} INFO - Sync 1 DAGs
[2022-03-28 07:22:06,052] {logging_mixin.py:109} INFO - [2022-03-28 07:22:06,052] {dag.py:2937} INFO - Setting next_dagrun for example_time_delta_sensor_async to None
[2022-03-28 07:22:06,063] {processor.py:171} INFO - Processing /home/airflow/.local/lib/python3.7/site-packages/airflow/example_dags/example_time_delta_sensor_async.py took 0.080 seconds
[2022-03-28 07:22:36,536] {processor.py:163} INFO - Started process (PID=1904) to work on /home/airflow/.local/lib/python3.7/site-packages/airflow/example_dags/example_time_delta_sensor_async.py
[2022-03-28 07:22:36,538] {processor.py:642} INFO - Processing file /home/airflow/.local/lib/python3.7/site-packages/airflow/example_dags/example_time_delta_sensor_async.py for tasks to queue
[2022-03-28 07:22:36,539] {logging_mixin.py:109} INFO - [2022-03-28 07:22:36,539] {dagbag.py:500} INFO - Filling up the DagBag from /home/airflow/.local/lib/python3.7/site-packages/airflow/example_dags/example_time_delta_sensor_async.py
[2022-03-28 07:22:36,583] {processor.py:654} INFO - DAG(s) dict_keys(['example_time_delta_sensor_async']) retrieved from /home/airflow/.local/lib/python3.7/site-packages/airflow/example_dags/example_time_delta_sensor_async.py
[2022-03-28 07:22:36,595] {logging_mixin.py:109} INFO - [2022-03-28 07:22:36,595] {dag.py:2398} INFO - Sync 1 DAGs
[2022-03-28 07:22:36,615] {logging_mixin.py:109} INFO - [2022-03-28 07:22:36,615] {dag.py:2937} INFO - Setting next_dagrun for example_time_delta_sensor_async to None
[2022-03-28 07:22:36,625] {processor.py:171} INFO - Processing /home/airflow/.local/lib/python3.7/site-packages/airflow/example_dags/example_time_delta_sensor_async.py took 0.094 seconds
[2022-03-28 07:23:06,981] {processor.py:163} INFO - Started process (PID=1955) to work on /home/airflow/.local/lib/python3.7/site-packages/airflow/example_dags/example_time_delta_sensor_async.py
[2022-03-28 07:23:06,983] {processor.py:642} INFO - Processing file /home/airflow/.local/lib/python3.7/site-packages/airflow/example_dags/example_time_delta_sensor_async.py for tasks to queue
[2022-03-28 07:23:06,985] {logging_mixin.py:109} INFO - [2022-03-28 07:23:06,985] {dagbag.py:500} INFO - Filling up the DagBag from /home/airflow/.local/lib/python3.7/site-packages/airflow/example_dags/example_time_delta_sensor_async.py
[2022-03-28 07:23:07,030] {processor.py:654} INFO - DAG(s) dict_keys(['example_time_delta_sensor_async']) retrieved from /home/airflow/.local/lib/python3.7/site-packages/airflow/example_dags/example_time_delta_sensor_async.py
[2022-03-28 07:23:07,045] {logging_mixin.py:109} INFO - [2022-03-28 07:23:07,045] {dag.py:2398} INFO - Sync 1 DAGs
[2022-03-28 07:23:07,069] {logging_mixin.py:109} INFO - [2022-03-28 07:23:07,069] {dag.py:2937} INFO - Setting next_dagrun for example_time_delta_sensor_async to None
[2022-03-28 07:23:07,086] {processor.py:171} INFO - Processing /home/airflow/.local/lib/python3.7/site-packages/airflow/example_dags/example_time_delta_sensor_async.py took 0.108 seconds
[2022-03-28 07:23:37,681] {processor.py:163} INFO - Started process (PID=2016) to work on /home/airflow/.local/lib/python3.7/site-packages/airflow/example_dags/example_time_delta_sensor_async.py
[2022-03-28 07:23:37,683] {processor.py:642} INFO - Processing file /home/airflow/.local/lib/python3.7/site-packages/airflow/example_dags/example_time_delta_sensor_async.py for tasks to queue
[2022-03-28 07:23:37,685] {logging_mixin.py:109} INFO - [2022-03-28 07:23:37,684] {dagbag.py:500} INFO - Filling up the DagBag from /home/airflow/.local/lib/python3.7/site-packages/airflow/example_dags/example_time_delta_sensor_async.py
[2022-03-28 07:23:37,725] {processor.py:654} INFO - DAG(s) dict_keys(['example_time_delta_sensor_async']) retrieved from /home/airflow/.local/lib/python3.7/site-packages/airflow/example_dags/example_time_delta_sensor_async.py
[2022-03-28 07:23:37,738] {logging_mixin.py:109} INFO - [2022-03-28 07:23:37,738] {dag.py:2398} INFO - Sync 1 DAGs
[2022-03-28 07:23:37,759] {logging_mixin.py:109} INFO - [2022-03-28 07:23:37,759] {dag.py:2937} INFO - Setting next_dagrun for example_time_delta_sensor_async to None
[2022-03-28 07:23:37,775] {processor.py:171} INFO - Processing /home/airflow/.local/lib/python3.7/site-packages/airflow/example_dags/example_time_delta_sensor_async.py took 0.099 seconds
[2022-03-28 07:24:08,283] {processor.py:163} INFO - Started process (PID=2068) to work on /home/airflow/.local/lib/python3.7/site-packages/airflow/example_dags/example_time_delta_sensor_async.py
[2022-03-28 07:24:08,285] {processor.py:642} INFO - Processing file /home/airflow/.local/lib/python3.7/site-packages/airflow/example_dags/example_time_delta_sensor_async.py for tasks to queue
[2022-03-28 07:24:08,286] {logging_mixin.py:109} INFO - [2022-03-28 07:24:08,286] {dagbag.py:500} INFO - Filling up the DagBag from /home/airflow/.local/lib/python3.7/site-packages/airflow/example_dags/example_time_delta_sensor_async.py
[2022-03-28 07:24:08,329] {processor.py:654} INFO - DAG(s) dict_keys(['example_time_delta_sensor_async']) retrieved from /home/airflow/.local/lib/python3.7/site-packages/airflow/example_dags/example_time_delta_sensor_async.py
[2022-03-28 07:24:08,341] {logging_mixin.py:109} INFO - [2022-03-28 07:24:08,341] {dag.py:2398} INFO - Sync 1 DAGs
[2022-03-28 07:24:08,358] {logging_mixin.py:109} INFO - [2022-03-28 07:24:08,358] {dag.py:2937} INFO - Setting next_dagrun for example_time_delta_sensor_async to None
[2022-03-28 07:24:08,369] {processor.py:171} INFO - Processing /home/airflow/.local/lib/python3.7/site-packages/airflow/example_dags/example_time_delta_sensor_async.py took 0.089 seconds
[2022-03-28 07:24:38,558] {processor.py:163} INFO - Started process (PID=2119) to work on /home/airflow/.local/lib/python3.7/site-packages/airflow/example_dags/example_time_delta_sensor_async.py
[2022-03-28 07:24:38,559] {processor.py:642} INFO - Processing file /home/airflow/.local/lib/python3.7/site-packages/airflow/example_dags/example_time_delta_sensor_async.py for tasks to queue
[2022-03-28 07:24:38,560] {logging_mixin.py:109} INFO - [2022-03-28 07:24:38,560] {dagbag.py:500} INFO - Filling up the DagBag from /home/airflow/.local/lib/python3.7/site-packages/airflow/example_dags/example_time_delta_sensor_async.py
[2022-03-28 07:24:38,588] {processor.py:654} INFO - DAG(s) dict_keys(['example_time_delta_sensor_async']) retrieved from /home/airflow/.local/lib/python3.7/site-packages/airflow/example_dags/example_time_delta_sensor_async.py
[2022-03-28 07:24:38,599] {logging_mixin.py:109} INFO - [2022-03-28 07:24:38,599] {dag.py:2398} INFO - Sync 1 DAGs
[2022-03-28 07:24:38,614] {logging_mixin.py:109} INFO - [2022-03-28 07:24:38,614] {dag.py:2937} INFO - Setting next_dagrun for example_time_delta_sensor_async to None
[2022-03-28 07:24:38,625] {processor.py:171} INFO - Processing /home/airflow/.local/lib/python3.7/site-packages/airflow/example_dags/example_time_delta_sensor_async.py took 0.070 seconds
[2022-03-28 07:25:08,696] {processor.py:163} INFO - Started process (PID=2169) to work on /home/airflow/.local/lib/python3.7/site-packages/airflow/example_dags/example_time_delta_sensor_async.py
[2022-03-28 07:25:08,697] {processor.py:642} INFO - Processing file /home/airflow/.local/lib/python3.7/site-packages/airflow/example_dags/example_time_delta_sensor_async.py for tasks to queue
[2022-03-28 07:25:08,698] {logging_mixin.py:109} INFO - [2022-03-28 07:25:08,698] {dagbag.py:500} INFO - Filling up the DagBag from /home/airflow/.local/lib/python3.7/site-packages/airflow/example_dags/example_time_delta_sensor_async.py
[2022-03-28 07:25:08,721] {processor.py:654} INFO - DAG(s) dict_keys(['example_time_delta_sensor_async']) retrieved from /home/airflow/.local/lib/python3.7/site-packages/airflow/example_dags/example_time_delta_sensor_async.py
[2022-03-28 07:25:08,728] {logging_mixin.py:109} INFO - [2022-03-28 07:25:08,728] {dag.py:2398} INFO - Sync 1 DAGs
[2022-03-28 07:25:08,740] {logging_mixin.py:109} INFO - [2022-03-28 07:25:08,740] {dag.py:2937} INFO - Setting next_dagrun for example_time_delta_sensor_async to None
[2022-03-28 07:25:08,747] {processor.py:171} INFO - Processing /home/airflow/.local/lib/python3.7/site-packages/airflow/example_dags/example_time_delta_sensor_async.py took 0.053 seconds
[2022-03-28 07:25:39,712] {processor.py:163} INFO - Started process (PID=2229) to work on /home/airflow/.local/lib/python3.7/site-packages/airflow/example_dags/example_time_delta_sensor_async.py
[2022-03-28 07:25:39,713] {processor.py:642} INFO - Processing file /home/airflow/.local/lib/python3.7/site-packages/airflow/example_dags/example_time_delta_sensor_async.py for tasks to queue
[2022-03-28 07:25:39,713] {logging_mixin.py:109} INFO - [2022-03-28 07:25:39,713] {dagbag.py:500} INFO - Filling up the DagBag from /home/airflow/.local/lib/python3.7/site-packages/airflow/example_dags/example_time_delta_sensor_async.py
[2022-03-28 07:25:39,746] {processor.py:654} INFO - DAG(s) dict_keys(['example_time_delta_sensor_async']) retrieved from /home/airflow/.local/lib/python3.7/site-packages/airflow/example_dags/example_time_delta_sensor_async.py
[2022-03-28 07:25:39,755] {logging_mixin.py:109} INFO - [2022-03-28 07:25:39,755] {dag.py:2398} INFO - Sync 1 DAGs
[2022-03-28 07:25:39,771] {logging_mixin.py:109} INFO - [2022-03-28 07:25:39,771] {dag.py:2937} INFO - Setting next_dagrun for example_time_delta_sensor_async to None
[2022-03-28 07:25:39,780] {processor.py:171} INFO - Processing /home/airflow/.local/lib/python3.7/site-packages/airflow/example_dags/example_time_delta_sensor_async.py took 0.072 seconds
[2022-03-28 07:26:10,552] {processor.py:163} INFO - Started process (PID=2282) to work on /home/airflow/.local/lib/python3.7/site-packages/airflow/example_dags/example_time_delta_sensor_async.py
[2022-03-28 07:26:10,554] {processor.py:642} INFO - Processing file /home/airflow/.local/lib/python3.7/site-packages/airflow/example_dags/example_time_delta_sensor_async.py for tasks to queue
[2022-03-28 07:26:10,555] {logging_mixin.py:109} INFO - [2022-03-28 07:26:10,555] {dagbag.py:500} INFO - Filling up the DagBag from /home/airflow/.local/lib/python3.7/site-packages/airflow/example_dags/example_time_delta_sensor_async.py
[2022-03-28 07:26:10,580] {processor.py:654} INFO - DAG(s) dict_keys(['example_time_delta_sensor_async']) retrieved from /home/airflow/.local/lib/python3.7/site-packages/airflow/example_dags/example_time_delta_sensor_async.py
[2022-03-28 07:26:10,590] {logging_mixin.py:109} INFO - [2022-03-28 07:26:10,590] {dag.py:2398} INFO - Sync 1 DAGs
[2022-03-28 07:26:10,605] {logging_mixin.py:109} INFO - [2022-03-28 07:26:10,605] {dag.py:2937} INFO - Setting next_dagrun for example_time_delta_sensor_async to None
[2022-03-28 07:26:10,615] {processor.py:171} INFO - Processing /home/airflow/.local/lib/python3.7/site-packages/airflow/example_dags/example_time_delta_sensor_async.py took 0.066 seconds
[2022-03-28 07:26:41,353] {processor.py:163} INFO - Started process (PID=2333) to work on /home/airflow/.local/lib/python3.7/site-packages/airflow/example_dags/example_time_delta_sensor_async.py
[2022-03-28 07:26:41,354] {processor.py:642} INFO - Processing file /home/airflow/.local/lib/python3.7/site-packages/airflow/example_dags/example_time_delta_sensor_async.py for tasks to queue
[2022-03-28 07:26:41,355] {logging_mixin.py:109} INFO - [2022-03-28 07:26:41,355] {dagbag.py:500} INFO - Filling up the DagBag from /home/airflow/.local/lib/python3.7/site-packages/airflow/example_dags/example_time_delta_sensor_async.py
[2022-03-28 07:26:41,378] {processor.py:654} INFO - DAG(s) dict_keys(['example_time_delta_sensor_async']) retrieved from /home/airflow/.local/lib/python3.7/site-packages/airflow/example_dags/example_time_delta_sensor_async.py
[2022-03-28 07:26:41,386] {logging_mixin.py:109} INFO - [2022-03-28 07:26:41,385] {dag.py:2398} INFO - Sync 1 DAGs
[2022-03-28 07:26:41,399] {logging_mixin.py:109} INFO - [2022-03-28 07:26:41,399] {dag.py:2937} INFO - Setting next_dagrun for example_time_delta_sensor_async to None
[2022-03-28 07:26:41,409] {processor.py:171} INFO - Processing /home/airflow/.local/lib/python3.7/site-packages/airflow/example_dags/example_time_delta_sensor_async.py took 0.059 seconds
[2022-03-28 07:27:12,018] {processor.py:163} INFO - Started process (PID=2394) to work on /home/airflow/.local/lib/python3.7/site-packages/airflow/example_dags/example_time_delta_sensor_async.py
[2022-03-28 07:27:12,019] {processor.py:642} INFO - Processing file /home/airflow/.local/lib/python3.7/site-packages/airflow/example_dags/example_time_delta_sensor_async.py for tasks to queue
[2022-03-28 07:27:12,020] {logging_mixin.py:109} INFO - [2022-03-28 07:27:12,020] {dagbag.py:500} INFO - Filling up the DagBag from /home/airflow/.local/lib/python3.7/site-packages/airflow/example_dags/example_time_delta_sensor_async.py
[2022-03-28 07:27:12,043] {processor.py:654} INFO - DAG(s) dict_keys(['example_time_delta_sensor_async']) retrieved from /home/airflow/.local/lib/python3.7/site-packages/airflow/example_dags/example_time_delta_sensor_async.py
[2022-03-28 07:27:12,052] {logging_mixin.py:109} INFO - [2022-03-28 07:27:12,052] {dag.py:2398} INFO - Sync 1 DAGs
[2022-03-28 07:27:12,064] {logging_mixin.py:109} INFO - [2022-03-28 07:27:12,064] {dag.py:2937} INFO - Setting next_dagrun for example_time_delta_sensor_async to None
[2022-03-28 07:27:12,073] {processor.py:171} INFO - Processing /home/airflow/.local/lib/python3.7/site-packages/airflow/example_dags/example_time_delta_sensor_async.py took 0.057 seconds
[2022-03-28 07:27:42,749] {processor.py:163} INFO - Started process (PID=2445) to work on /home/airflow/.local/lib/python3.7/site-packages/airflow/example_dags/example_time_delta_sensor_async.py
[2022-03-28 07:27:42,750] {processor.py:642} INFO - Processing file /home/airflow/.local/lib/python3.7/site-packages/airflow/example_dags/example_time_delta_sensor_async.py for tasks to queue
[2022-03-28 07:27:42,751] {logging_mixin.py:109} INFO - [2022-03-28 07:27:42,751] {dagbag.py:500} INFO - Filling up the DagBag from /home/airflow/.local/lib/python3.7/site-packages/airflow/example_dags/example_time_delta_sensor_async.py
[2022-03-28 07:27:42,774] {processor.py:654} INFO - DAG(s) dict_keys(['example_time_delta_sensor_async']) retrieved from /home/airflow/.local/lib/python3.7/site-packages/airflow/example_dags/example_time_delta_sensor_async.py
[2022-03-28 07:27:42,781] {logging_mixin.py:109} INFO - [2022-03-28 07:27:42,781] {dag.py:2398} INFO - Sync 1 DAGs
[2022-03-28 07:27:42,794] {logging_mixin.py:109} INFO - [2022-03-28 07:27:42,794] {dag.py:2937} INFO - Setting next_dagrun for example_time_delta_sensor_async to None
[2022-03-28 07:27:42,802] {processor.py:171} INFO - Processing /home/airflow/.local/lib/python3.7/site-packages/airflow/example_dags/example_time_delta_sensor_async.py took 0.055 seconds
[2022-03-28 07:28:13,319] {processor.py:163} INFO - Started process (PID=2505) to work on /home/airflow/.local/lib/python3.7/site-packages/airflow/example_dags/example_time_delta_sensor_async.py
[2022-03-28 07:28:13,321] {processor.py:642} INFO - Processing file /home/airflow/.local/lib/python3.7/site-packages/airflow/example_dags/example_time_delta_sensor_async.py for tasks to queue
[2022-03-28 07:28:13,322] {logging_mixin.py:109} INFO - [2022-03-28 07:28:13,322] {dagbag.py:500} INFO - Filling up the DagBag from /home/airflow/.local/lib/python3.7/site-packages/airflow/example_dags/example_time_delta_sensor_async.py
[2022-03-28 07:28:13,347] {processor.py:654} INFO - DAG(s) dict_keys(['example_time_delta_sensor_async']) retrieved from /home/airflow/.local/lib/python3.7/site-packages/airflow/example_dags/example_time_delta_sensor_async.py
[2022-03-28 07:28:13,356] {logging_mixin.py:109} INFO - [2022-03-28 07:28:13,356] {dag.py:2398} INFO - Sync 1 DAGs
[2022-03-28 07:28:13,371] {logging_mixin.py:109} INFO - [2022-03-28 07:28:13,371] {dag.py:2937} INFO - Setting next_dagrun for example_time_delta_sensor_async to None
[2022-03-28 07:28:13,381] {processor.py:171} INFO - Processing /home/airflow/.local/lib/python3.7/site-packages/airflow/example_dags/example_time_delta_sensor_async.py took 0.065 seconds
[2022-03-28 07:28:44,004] {processor.py:163} INFO - Started process (PID=2557) to work on /home/airflow/.local/lib/python3.7/site-packages/airflow/example_dags/example_time_delta_sensor_async.py
[2022-03-28 07:28:44,005] {processor.py:642} INFO - Processing file /home/airflow/.local/lib/python3.7/site-packages/airflow/example_dags/example_time_delta_sensor_async.py for tasks to queue
[2022-03-28 07:28:44,006] {logging_mixin.py:109} INFO - [2022-03-28 07:28:44,006] {dagbag.py:500} INFO - Filling up the DagBag from /home/airflow/.local/lib/python3.7/site-packages/airflow/example_dags/example_time_delta_sensor_async.py
[2022-03-28 07:28:44,036] {processor.py:654} INFO - DAG(s) dict_keys(['example_time_delta_sensor_async']) retrieved from /home/airflow/.local/lib/python3.7/site-packages/airflow/example_dags/example_time_delta_sensor_async.py
[2022-03-28 07:28:44,045] {logging_mixin.py:109} INFO - [2022-03-28 07:28:44,045] {dag.py:2398} INFO - Sync 1 DAGs
[2022-03-28 07:28:44,064] {logging_mixin.py:109} INFO - [2022-03-28 07:28:44,064] {dag.py:2937} INFO - Setting next_dagrun for example_time_delta_sensor_async to None
[2022-03-28 07:28:44,073] {processor.py:171} INFO - Processing /home/airflow/.local/lib/python3.7/site-packages/airflow/example_dags/example_time_delta_sensor_async.py took 0.072 seconds
[2022-03-28 07:29:14,834] {processor.py:163} INFO - Started process (PID=2608) to work on /home/airflow/.local/lib/python3.7/site-packages/airflow/example_dags/example_time_delta_sensor_async.py
[2022-03-28 07:29:14,835] {processor.py:642} INFO - Processing file /home/airflow/.local/lib/python3.7/site-packages/airflow/example_dags/example_time_delta_sensor_async.py for tasks to queue
[2022-03-28 07:29:14,836] {logging_mixin.py:109} INFO - [2022-03-28 07:29:14,836] {dagbag.py:500} INFO - Filling up the DagBag from /home/airflow/.local/lib/python3.7/site-packages/airflow/example_dags/example_time_delta_sensor_async.py
[2022-03-28 07:29:14,862] {processor.py:654} INFO - DAG(s) dict_keys(['example_time_delta_sensor_async']) retrieved from /home/airflow/.local/lib/python3.7/site-packages/airflow/example_dags/example_time_delta_sensor_async.py
[2022-03-28 07:29:14,871] {logging_mixin.py:109} INFO - [2022-03-28 07:29:14,870] {dag.py:2398} INFO - Sync 1 DAGs
[2022-03-28 07:29:14,884] {logging_mixin.py:109} INFO - [2022-03-28 07:29:14,884] {dag.py:2937} INFO - Setting next_dagrun for example_time_delta_sensor_async to None
[2022-03-28 07:29:14,892] {processor.py:171} INFO - Processing /home/airflow/.local/lib/python3.7/site-packages/airflow/example_dags/example_time_delta_sensor_async.py took 0.061 seconds
[2022-03-28 07:29:45,503] {processor.py:163} INFO - Started process (PID=2670) to work on /home/airflow/.local/lib/python3.7/site-packages/airflow/example_dags/example_time_delta_sensor_async.py
[2022-03-28 07:29:45,504] {processor.py:642} INFO - Processing file /home/airflow/.local/lib/python3.7/site-packages/airflow/example_dags/example_time_delta_sensor_async.py for tasks to queue
[2022-03-28 07:29:45,505] {logging_mixin.py:109} INFO - [2022-03-28 07:29:45,504] {dagbag.py:500} INFO - Filling up the DagBag from /home/airflow/.local/lib/python3.7/site-packages/airflow/example_dags/example_time_delta_sensor_async.py
[2022-03-28 07:29:45,527] {processor.py:654} INFO - DAG(s) dict_keys(['example_time_delta_sensor_async']) retrieved from /home/airflow/.local/lib/python3.7/site-packages/airflow/example_dags/example_time_delta_sensor_async.py
[2022-03-28 07:29:45,537] {logging_mixin.py:109} INFO - [2022-03-28 07:29:45,537] {dag.py:2398} INFO - Sync 1 DAGs
[2022-03-28 07:29:45,552] {logging_mixin.py:109} INFO - [2022-03-28 07:29:45,552] {dag.py:2937} INFO - Setting next_dagrun for example_time_delta_sensor_async to None
[2022-03-28 07:29:45,561] {processor.py:171} INFO - Processing /home/airflow/.local/lib/python3.7/site-packages/airflow/example_dags/example_time_delta_sensor_async.py took 0.060 seconds
[2022-03-28 07:30:16,151] {processor.py:163} INFO - Started process (PID=2721) to work on /home/airflow/.local/lib/python3.7/site-packages/airflow/example_dags/example_time_delta_sensor_async.py
[2022-03-28 07:30:16,152] {processor.py:642} INFO - Processing file /home/airflow/.local/lib/python3.7/site-packages/airflow/example_dags/example_time_delta_sensor_async.py for tasks to queue
[2022-03-28 07:30:16,153] {logging_mixin.py:109} INFO - [2022-03-28 07:30:16,153] {dagbag.py:500} INFO - Filling up the DagBag from /home/airflow/.local/lib/python3.7/site-packages/airflow/example_dags/example_time_delta_sensor_async.py
[2022-03-28 07:30:16,183] {processor.py:654} INFO - DAG(s) dict_keys(['example_time_delta_sensor_async']) retrieved from /home/airflow/.local/lib/python3.7/site-packages/airflow/example_dags/example_time_delta_sensor_async.py
[2022-03-28 07:30:16,192] {logging_mixin.py:109} INFO - [2022-03-28 07:30:16,192] {dag.py:2398} INFO - Sync 1 DAGs
[2022-03-28 07:30:16,210] {logging_mixin.py:109} INFO - [2022-03-28 07:30:16,210] {dag.py:2937} INFO - Setting next_dagrun for example_time_delta_sensor_async to None
[2022-03-28 07:30:16,220] {processor.py:171} INFO - Processing /home/airflow/.local/lib/python3.7/site-packages/airflow/example_dags/example_time_delta_sensor_async.py took 0.073 seconds
[2022-03-28 07:30:46,338] {processor.py:163} INFO - Started process (PID=2771) to work on /home/airflow/.local/lib/python3.7/site-packages/airflow/example_dags/example_time_delta_sensor_async.py
[2022-03-28 07:30:46,340] {processor.py:642} INFO - Processing file /home/airflow/.local/lib/python3.7/site-packages/airflow/example_dags/example_time_delta_sensor_async.py for tasks to queue
[2022-03-28 07:30:46,341] {logging_mixin.py:109} INFO - [2022-03-28 07:30:46,340] {dagbag.py:500} INFO - Filling up the DagBag from /home/airflow/.local/lib/python3.7/site-packages/airflow/example_dags/example_time_delta_sensor_async.py
[2022-03-28 07:30:46,376] {processor.py:654} INFO - DAG(s) dict_keys(['example_time_delta_sensor_async']) retrieved from /home/airflow/.local/lib/python3.7/site-packages/airflow/example_dags/example_time_delta_sensor_async.py
[2022-03-28 07:30:46,386] {logging_mixin.py:109} INFO - [2022-03-28 07:30:46,386] {dag.py:2398} INFO - Sync 1 DAGs
[2022-03-28 07:30:46,407] {logging_mixin.py:109} INFO - [2022-03-28 07:30:46,407] {dag.py:2937} INFO - Setting next_dagrun for example_time_delta_sensor_async to None
[2022-03-28 07:30:46,420] {processor.py:171} INFO - Processing /home/airflow/.local/lib/python3.7/site-packages/airflow/example_dags/example_time_delta_sensor_async.py took 0.086 seconds
[2022-03-28 07:31:17,283] {processor.py:163} INFO - Started process (PID=2833) to work on /home/airflow/.local/lib/python3.7/site-packages/airflow/example_dags/example_time_delta_sensor_async.py
[2022-03-28 07:31:17,284] {processor.py:642} INFO - Processing file /home/airflow/.local/lib/python3.7/site-packages/airflow/example_dags/example_time_delta_sensor_async.py for tasks to queue
[2022-03-28 07:31:17,286] {logging_mixin.py:109} INFO - [2022-03-28 07:31:17,286] {dagbag.py:500} INFO - Filling up the DagBag from /home/airflow/.local/lib/python3.7/site-packages/airflow/example_dags/example_time_delta_sensor_async.py
[2022-03-28 07:31:17,383] {processor.py:654} INFO - DAG(s) dict_keys(['example_time_delta_sensor_async']) retrieved from /home/airflow/.local/lib/python3.7/site-packages/airflow/example_dags/example_time_delta_sensor_async.py
[2022-03-28 07:31:17,398] {logging_mixin.py:109} INFO - [2022-03-28 07:31:17,398] {dag.py:2398} INFO - Sync 1 DAGs
[2022-03-28 07:31:17,436] {logging_mixin.py:109} INFO - [2022-03-28 07:31:17,436] {dag.py:2937} INFO - Setting next_dagrun for example_time_delta_sensor_async to None
[2022-03-28 07:31:17,455] {processor.py:171} INFO - Processing /home/airflow/.local/lib/python3.7/site-packages/airflow/example_dags/example_time_delta_sensor_async.py took 0.178 seconds
[2022-03-28 07:31:47,927] {processor.py:163} INFO - Started process (PID=2885) to work on /home/airflow/.local/lib/python3.7/site-packages/airflow/example_dags/example_time_delta_sensor_async.py
[2022-03-28 07:31:47,928] {processor.py:642} INFO - Processing file /home/airflow/.local/lib/python3.7/site-packages/airflow/example_dags/example_time_delta_sensor_async.py for tasks to queue
[2022-03-28 07:31:47,929] {logging_mixin.py:109} INFO - [2022-03-28 07:31:47,929] {dagbag.py:500} INFO - Filling up the DagBag from /home/airflow/.local/lib/python3.7/site-packages/airflow/example_dags/example_time_delta_sensor_async.py
[2022-03-28 07:31:47,970] {processor.py:654} INFO - DAG(s) dict_keys(['example_time_delta_sensor_async']) retrieved from /home/airflow/.local/lib/python3.7/site-packages/airflow/example_dags/example_time_delta_sensor_async.py
[2022-03-28 07:31:47,981] {logging_mixin.py:109} INFO - [2022-03-28 07:31:47,981] {dag.py:2398} INFO - Sync 1 DAGs
[2022-03-28 07:31:48,000] {logging_mixin.py:109} INFO - [2022-03-28 07:31:48,000] {dag.py:2937} INFO - Setting next_dagrun for example_time_delta_sensor_async to None
[2022-03-28 07:31:48,013] {processor.py:171} INFO - Processing /home/airflow/.local/lib/python3.7/site-packages/airflow/example_dags/example_time_delta_sensor_async.py took 0.091 seconds
[2022-03-28 07:32:18,744] {processor.py:163} INFO - Started process (PID=2936) to work on /home/airflow/.local/lib/python3.7/site-packages/airflow/example_dags/example_time_delta_sensor_async.py
[2022-03-28 07:32:18,745] {processor.py:642} INFO - Processing file /home/airflow/.local/lib/python3.7/site-packages/airflow/example_dags/example_time_delta_sensor_async.py for tasks to queue
[2022-03-28 07:32:18,746] {logging_mixin.py:109} INFO - [2022-03-28 07:32:18,746] {dagbag.py:500} INFO - Filling up the DagBag from /home/airflow/.local/lib/python3.7/site-packages/airflow/example_dags/example_time_delta_sensor_async.py
[2022-03-28 07:32:18,779] {processor.py:654} INFO - DAG(s) dict_keys(['example_time_delta_sensor_async']) retrieved from /home/airflow/.local/lib/python3.7/site-packages/airflow/example_dags/example_time_delta_sensor_async.py
[2022-03-28 07:32:18,790] {logging_mixin.py:109} INFO - [2022-03-28 07:32:18,790] {dag.py:2398} INFO - Sync 1 DAGs
[2022-03-28 07:32:18,807] {logging_mixin.py:109} INFO - [2022-03-28 07:32:18,807] {dag.py:2937} INFO - Setting next_dagrun for example_time_delta_sensor_async to None
[2022-03-28 07:32:18,818] {processor.py:171} INFO - Processing /home/airflow/.local/lib/python3.7/site-packages/airflow/example_dags/example_time_delta_sensor_async.py took 0.078 seconds
