[2022-03-28 07:08:33,778] {processor.py:163} INFO - Started process (PID=102) to work on /home/airflow/.local/lib/python3.7/site-packages/airflow/example_dags/example_branch_labels.py
[2022-03-28 07:08:33,780] {processor.py:642} INFO - Processing file /home/airflow/.local/lib/python3.7/site-packages/airflow/example_dags/example_branch_labels.py for tasks to queue
[2022-03-28 07:08:33,782] {logging_mixin.py:109} INFO - [2022-03-28 07:08:33,781] {dagbag.py:500} INFO - Filling up the DagBag from /home/airflow/.local/lib/python3.7/site-packages/airflow/example_dags/example_branch_labels.py
[2022-03-28 07:08:33,821] {processor.py:654} INFO - DAG(s) dict_keys(['example_branch_labels']) retrieved from /home/airflow/.local/lib/python3.7/site-packages/airflow/example_dags/example_branch_labels.py
[2022-03-28 07:08:36,311] {logging_mixin.py:109} INFO - [2022-03-28 07:08:36,311] {manager.py:496} INFO - Created Permission View: can read on DAG:example_branch_labels
[2022-03-28 07:08:36,321] {logging_mixin.py:109} INFO - [2022-03-28 07:08:36,321] {manager.py:496} INFO - Created Permission View: can edit on DAG:example_branch_labels
[2022-03-28 07:08:36,322] {logging_mixin.py:109} INFO - [2022-03-28 07:08:36,321] {dag.py:2398} INFO - Sync 1 DAGs
[2022-03-28 07:08:36,330] {logging_mixin.py:109} INFO - [2022-03-28 07:08:36,330] {dag.py:2417} INFO - Creating ORM DAG for example_branch_labels
[2022-03-28 07:08:36,342] {logging_mixin.py:109} INFO - [2022-03-28 07:08:36,342] {dag.py:2937} INFO - Setting next_dagrun for example_branch_labels to 2022-03-27 00:00:00+00:00
[2022-03-28 07:08:36,355] {processor.py:171} INFO - Processing /home/airflow/.local/lib/python3.7/site-packages/airflow/example_dags/example_branch_labels.py took 2.581 seconds
[2022-03-28 07:09:06,840] {processor.py:163} INFO - Started process (PID=465) to work on /home/airflow/.local/lib/python3.7/site-packages/airflow/example_dags/example_branch_labels.py
[2022-03-28 07:09:06,842] {processor.py:642} INFO - Processing file /home/airflow/.local/lib/python3.7/site-packages/airflow/example_dags/example_branch_labels.py for tasks to queue
[2022-03-28 07:09:06,843] {logging_mixin.py:109} INFO - [2022-03-28 07:09:06,843] {dagbag.py:500} INFO - Filling up the DagBag from /home/airflow/.local/lib/python3.7/site-packages/airflow/example_dags/example_branch_labels.py
[2022-03-28 07:09:06,876] {processor.py:654} INFO - DAG(s) dict_keys(['example_branch_labels']) retrieved from /home/airflow/.local/lib/python3.7/site-packages/airflow/example_dags/example_branch_labels.py
[2022-03-28 07:09:06,887] {logging_mixin.py:109} INFO - [2022-03-28 07:09:06,887] {dag.py:2398} INFO - Sync 1 DAGs
[2022-03-28 07:09:06,903] {logging_mixin.py:109} INFO - [2022-03-28 07:09:06,903] {dag.py:2937} INFO - Setting next_dagrun for example_branch_labels to 2022-03-27 00:00:00+00:00
[2022-03-28 07:09:06,913] {processor.py:171} INFO - Processing /home/airflow/.local/lib/python3.7/site-packages/airflow/example_dags/example_branch_labels.py took 0.077 seconds
[2022-03-28 07:09:37,724] {processor.py:163} INFO - Started process (PID=527) to work on /home/airflow/.local/lib/python3.7/site-packages/airflow/example_dags/example_branch_labels.py
[2022-03-28 07:09:37,725] {processor.py:642} INFO - Processing file /home/airflow/.local/lib/python3.7/site-packages/airflow/example_dags/example_branch_labels.py for tasks to queue
[2022-03-28 07:09:37,726] {logging_mixin.py:109} INFO - [2022-03-28 07:09:37,726] {dagbag.py:500} INFO - Filling up the DagBag from /home/airflow/.local/lib/python3.7/site-packages/airflow/example_dags/example_branch_labels.py
[2022-03-28 07:09:37,758] {processor.py:654} INFO - DAG(s) dict_keys(['example_branch_labels']) retrieved from /home/airflow/.local/lib/python3.7/site-packages/airflow/example_dags/example_branch_labels.py
[2022-03-28 07:09:37,775] {logging_mixin.py:109} INFO - [2022-03-28 07:09:37,775] {dag.py:2398} INFO - Sync 1 DAGs
[2022-03-28 07:09:37,797] {logging_mixin.py:109} INFO - [2022-03-28 07:09:37,797] {dag.py:2937} INFO - Setting next_dagrun for example_branch_labels to 2022-03-27 00:00:00+00:00
[2022-03-28 07:09:37,807] {processor.py:171} INFO - Processing /home/airflow/.local/lib/python3.7/site-packages/airflow/example_dags/example_branch_labels.py took 0.086 seconds
[2022-03-28 07:10:08,437] {processor.py:163} INFO - Started process (PID=578) to work on /home/airflow/.local/lib/python3.7/site-packages/airflow/example_dags/example_branch_labels.py
[2022-03-28 07:10:08,439] {processor.py:642} INFO - Processing file /home/airflow/.local/lib/python3.7/site-packages/airflow/example_dags/example_branch_labels.py for tasks to queue
[2022-03-28 07:10:08,440] {logging_mixin.py:109} INFO - [2022-03-28 07:10:08,440] {dagbag.py:500} INFO - Filling up the DagBag from /home/airflow/.local/lib/python3.7/site-packages/airflow/example_dags/example_branch_labels.py
[2022-03-28 07:10:08,477] {processor.py:654} INFO - DAG(s) dict_keys(['example_branch_labels']) retrieved from /home/airflow/.local/lib/python3.7/site-packages/airflow/example_dags/example_branch_labels.py
[2022-03-28 07:10:08,490] {logging_mixin.py:109} INFO - [2022-03-28 07:10:08,490] {dag.py:2398} INFO - Sync 1 DAGs
[2022-03-28 07:10:08,513] {logging_mixin.py:109} INFO - [2022-03-28 07:10:08,513] {dag.py:2937} INFO - Setting next_dagrun for example_branch_labels to 2022-03-27 00:00:00+00:00
[2022-03-28 07:10:08,522] {processor.py:171} INFO - Processing /home/airflow/.local/lib/python3.7/site-packages/airflow/example_dags/example_branch_labels.py took 0.088 seconds
[2022-03-28 07:10:39,136] {processor.py:163} INFO - Started process (PID=629) to work on /home/airflow/.local/lib/python3.7/site-packages/airflow/example_dags/example_branch_labels.py
[2022-03-28 07:10:39,138] {processor.py:642} INFO - Processing file /home/airflow/.local/lib/python3.7/site-packages/airflow/example_dags/example_branch_labels.py for tasks to queue
[2022-03-28 07:10:39,140] {logging_mixin.py:109} INFO - [2022-03-28 07:10:39,140] {dagbag.py:500} INFO - Filling up the DagBag from /home/airflow/.local/lib/python3.7/site-packages/airflow/example_dags/example_branch_labels.py
[2022-03-28 07:10:39,179] {processor.py:654} INFO - DAG(s) dict_keys(['example_branch_labels']) retrieved from /home/airflow/.local/lib/python3.7/site-packages/airflow/example_dags/example_branch_labels.py
[2022-03-28 07:10:39,197] {logging_mixin.py:109} INFO - [2022-03-28 07:10:39,197] {dag.py:2398} INFO - Sync 1 DAGs
[2022-03-28 07:10:39,218] {logging_mixin.py:109} INFO - [2022-03-28 07:10:39,218] {dag.py:2937} INFO - Setting next_dagrun for example_branch_labels to 2022-03-27 00:00:00+00:00
[2022-03-28 07:10:39,232] {processor.py:171} INFO - Processing /home/airflow/.local/lib/python3.7/site-packages/airflow/example_dags/example_branch_labels.py took 0.099 seconds
[2022-03-28 07:11:09,551] {processor.py:163} INFO - Started process (PID=690) to work on /home/airflow/.local/lib/python3.7/site-packages/airflow/example_dags/example_branch_labels.py
[2022-03-28 07:11:09,553] {processor.py:642} INFO - Processing file /home/airflow/.local/lib/python3.7/site-packages/airflow/example_dags/example_branch_labels.py for tasks to queue
[2022-03-28 07:11:09,554] {logging_mixin.py:109} INFO - [2022-03-28 07:11:09,553] {dagbag.py:500} INFO - Filling up the DagBag from /home/airflow/.local/lib/python3.7/site-packages/airflow/example_dags/example_branch_labels.py
[2022-03-28 07:11:09,586] {processor.py:654} INFO - DAG(s) dict_keys(['example_branch_labels']) retrieved from /home/airflow/.local/lib/python3.7/site-packages/airflow/example_dags/example_branch_labels.py
[2022-03-28 07:11:09,597] {logging_mixin.py:109} INFO - [2022-03-28 07:11:09,597] {dag.py:2398} INFO - Sync 1 DAGs
[2022-03-28 07:11:09,617] {logging_mixin.py:109} INFO - [2022-03-28 07:11:09,617] {dag.py:2937} INFO - Setting next_dagrun for example_branch_labels to 2022-03-27 00:00:00+00:00
[2022-03-28 07:11:09,627] {processor.py:171} INFO - Processing /home/airflow/.local/lib/python3.7/site-packages/airflow/example_dags/example_branch_labels.py took 0.079 seconds
[2022-03-28 07:11:40,080] {processor.py:163} INFO - Started process (PID=741) to work on /home/airflow/.local/lib/python3.7/site-packages/airflow/example_dags/example_branch_labels.py
[2022-03-28 07:11:40,081] {processor.py:642} INFO - Processing file /home/airflow/.local/lib/python3.7/site-packages/airflow/example_dags/example_branch_labels.py for tasks to queue
[2022-03-28 07:11:40,082] {logging_mixin.py:109} INFO - [2022-03-28 07:11:40,082] {dagbag.py:500} INFO - Filling up the DagBag from /home/airflow/.local/lib/python3.7/site-packages/airflow/example_dags/example_branch_labels.py
[2022-03-28 07:11:40,113] {processor.py:654} INFO - DAG(s) dict_keys(['example_branch_labels']) retrieved from /home/airflow/.local/lib/python3.7/site-packages/airflow/example_dags/example_branch_labels.py
[2022-03-28 07:11:40,125] {logging_mixin.py:109} INFO - [2022-03-28 07:11:40,125] {dag.py:2398} INFO - Sync 1 DAGs
[2022-03-28 07:11:40,143] {logging_mixin.py:109} INFO - [2022-03-28 07:11:40,143] {dag.py:2937} INFO - Setting next_dagrun for example_branch_labels to 2022-03-27 00:00:00+00:00
[2022-03-28 07:11:40,153] {processor.py:171} INFO - Processing /home/airflow/.local/lib/python3.7/site-packages/airflow/example_dags/example_branch_labels.py took 0.076 seconds
[2022-03-28 07:12:10,499] {processor.py:163} INFO - Started process (PID=791) to work on /home/airflow/.local/lib/python3.7/site-packages/airflow/example_dags/example_branch_labels.py
[2022-03-28 07:12:10,500] {processor.py:642} INFO - Processing file /home/airflow/.local/lib/python3.7/site-packages/airflow/example_dags/example_branch_labels.py for tasks to queue
[2022-03-28 07:12:10,501] {logging_mixin.py:109} INFO - [2022-03-28 07:12:10,501] {dagbag.py:500} INFO - Filling up the DagBag from /home/airflow/.local/lib/python3.7/site-packages/airflow/example_dags/example_branch_labels.py
[2022-03-28 07:12:10,531] {processor.py:654} INFO - DAG(s) dict_keys(['example_branch_labels']) retrieved from /home/airflow/.local/lib/python3.7/site-packages/airflow/example_dags/example_branch_labels.py
[2022-03-28 07:12:10,543] {logging_mixin.py:109} INFO - [2022-03-28 07:12:10,543] {dag.py:2398} INFO - Sync 1 DAGs
[2022-03-28 07:12:10,560] {logging_mixin.py:109} INFO - [2022-03-28 07:12:10,559] {dag.py:2937} INFO - Setting next_dagrun for example_branch_labels to 2022-03-27 00:00:00+00:00
[2022-03-28 07:12:10,568] {processor.py:171} INFO - Processing /home/airflow/.local/lib/python3.7/site-packages/airflow/example_dags/example_branch_labels.py took 0.073 seconds
[2022-03-28 07:12:41,202] {processor.py:163} INFO - Started process (PID=852) to work on /home/airflow/.local/lib/python3.7/site-packages/airflow/example_dags/example_branch_labels.py
[2022-03-28 07:12:41,204] {processor.py:642} INFO - Processing file /home/airflow/.local/lib/python3.7/site-packages/airflow/example_dags/example_branch_labels.py for tasks to queue
[2022-03-28 07:12:41,205] {logging_mixin.py:109} INFO - [2022-03-28 07:12:41,205] {dagbag.py:500} INFO - Filling up the DagBag from /home/airflow/.local/lib/python3.7/site-packages/airflow/example_dags/example_branch_labels.py
[2022-03-28 07:12:41,233] {processor.py:654} INFO - DAG(s) dict_keys(['example_branch_labels']) retrieved from /home/airflow/.local/lib/python3.7/site-packages/airflow/example_dags/example_branch_labels.py
[2022-03-28 07:12:41,245] {logging_mixin.py:109} INFO - [2022-03-28 07:12:41,245] {dag.py:2398} INFO - Sync 1 DAGs
[2022-03-28 07:12:41,263] {logging_mixin.py:109} INFO - [2022-03-28 07:12:41,263] {dag.py:2937} INFO - Setting next_dagrun for example_branch_labels to 2022-03-27 00:00:00+00:00
[2022-03-28 07:12:41,274] {processor.py:171} INFO - Processing /home/airflow/.local/lib/python3.7/site-packages/airflow/example_dags/example_branch_labels.py took 0.075 seconds
[2022-03-28 07:13:11,625] {processor.py:163} INFO - Started process (PID=903) to work on /home/airflow/.local/lib/python3.7/site-packages/airflow/example_dags/example_branch_labels.py
[2022-03-28 07:13:11,626] {processor.py:642} INFO - Processing file /home/airflow/.local/lib/python3.7/site-packages/airflow/example_dags/example_branch_labels.py for tasks to queue
[2022-03-28 07:13:11,627] {logging_mixin.py:109} INFO - [2022-03-28 07:13:11,627] {dagbag.py:500} INFO - Filling up the DagBag from /home/airflow/.local/lib/python3.7/site-packages/airflow/example_dags/example_branch_labels.py
[2022-03-28 07:13:11,668] {processor.py:654} INFO - DAG(s) dict_keys(['example_branch_labels']) retrieved from /home/airflow/.local/lib/python3.7/site-packages/airflow/example_dags/example_branch_labels.py
[2022-03-28 07:13:11,681] {logging_mixin.py:109} INFO - [2022-03-28 07:13:11,681] {dag.py:2398} INFO - Sync 1 DAGs
[2022-03-28 07:13:11,699] {logging_mixin.py:109} INFO - [2022-03-28 07:13:11,699] {dag.py:2937} INFO - Setting next_dagrun for example_branch_labels to 2022-03-27 00:00:00+00:00
[2022-03-28 07:13:11,710] {processor.py:171} INFO - Processing /home/airflow/.local/lib/python3.7/site-packages/airflow/example_dags/example_branch_labels.py took 0.089 seconds
[2022-03-28 07:13:42,149] {processor.py:163} INFO - Started process (PID=954) to work on /home/airflow/.local/lib/python3.7/site-packages/airflow/example_dags/example_branch_labels.py
[2022-03-28 07:13:42,150] {processor.py:642} INFO - Processing file /home/airflow/.local/lib/python3.7/site-packages/airflow/example_dags/example_branch_labels.py for tasks to queue
[2022-03-28 07:13:42,151] {logging_mixin.py:109} INFO - [2022-03-28 07:13:42,151] {dagbag.py:500} INFO - Filling up the DagBag from /home/airflow/.local/lib/python3.7/site-packages/airflow/example_dags/example_branch_labels.py
[2022-03-28 07:13:42,180] {processor.py:654} INFO - DAG(s) dict_keys(['example_branch_labels']) retrieved from /home/airflow/.local/lib/python3.7/site-packages/airflow/example_dags/example_branch_labels.py
[2022-03-28 07:13:42,191] {logging_mixin.py:109} INFO - [2022-03-28 07:13:42,191] {dag.py:2398} INFO - Sync 1 DAGs
[2022-03-28 07:13:42,209] {logging_mixin.py:109} INFO - [2022-03-28 07:13:42,209] {dag.py:2937} INFO - Setting next_dagrun for example_branch_labels to 2022-03-27 00:00:00+00:00
[2022-03-28 07:13:42,217] {processor.py:171} INFO - Processing /home/airflow/.local/lib/python3.7/site-packages/airflow/example_dags/example_branch_labels.py took 0.071 seconds
[2022-03-28 07:14:12,737] {processor.py:163} INFO - Started process (PID=1014) to work on /home/airflow/.local/lib/python3.7/site-packages/airflow/example_dags/example_branch_labels.py
[2022-03-28 07:14:12,739] {processor.py:642} INFO - Processing file /home/airflow/.local/lib/python3.7/site-packages/airflow/example_dags/example_branch_labels.py for tasks to queue
[2022-03-28 07:14:12,740] {logging_mixin.py:109} INFO - [2022-03-28 07:14:12,739] {dagbag.py:500} INFO - Filling up the DagBag from /home/airflow/.local/lib/python3.7/site-packages/airflow/example_dags/example_branch_labels.py
[2022-03-28 07:14:12,772] {processor.py:654} INFO - DAG(s) dict_keys(['example_branch_labels']) retrieved from /home/airflow/.local/lib/python3.7/site-packages/airflow/example_dags/example_branch_labels.py
[2022-03-28 07:14:12,785] {logging_mixin.py:109} INFO - [2022-03-28 07:14:12,785] {dag.py:2398} INFO - Sync 1 DAGs
[2022-03-28 07:14:12,802] {logging_mixin.py:109} INFO - [2022-03-28 07:14:12,802] {dag.py:2937} INFO - Setting next_dagrun for example_branch_labels to 2022-03-27 00:00:00+00:00
[2022-03-28 07:14:12,812] {processor.py:171} INFO - Processing /home/airflow/.local/lib/python3.7/site-packages/airflow/example_dags/example_branch_labels.py took 0.077 seconds
[2022-03-28 07:14:43,390] {processor.py:163} INFO - Started process (PID=1065) to work on /home/airflow/.local/lib/python3.7/site-packages/airflow/example_dags/example_branch_labels.py
[2022-03-28 07:14:43,391] {processor.py:642} INFO - Processing file /home/airflow/.local/lib/python3.7/site-packages/airflow/example_dags/example_branch_labels.py for tasks to queue
[2022-03-28 07:14:43,392] {logging_mixin.py:109} INFO - [2022-03-28 07:14:43,392] {dagbag.py:500} INFO - Filling up the DagBag from /home/airflow/.local/lib/python3.7/site-packages/airflow/example_dags/example_branch_labels.py
[2022-03-28 07:14:43,420] {processor.py:654} INFO - DAG(s) dict_keys(['example_branch_labels']) retrieved from /home/airflow/.local/lib/python3.7/site-packages/airflow/example_dags/example_branch_labels.py
[2022-03-28 07:14:43,430] {logging_mixin.py:109} INFO - [2022-03-28 07:14:43,430] {dag.py:2398} INFO - Sync 1 DAGs
[2022-03-28 07:14:43,444] {logging_mixin.py:109} INFO - [2022-03-28 07:14:43,444] {dag.py:2937} INFO - Setting next_dagrun for example_branch_labels to 2022-03-27 00:00:00+00:00
[2022-03-28 07:14:43,454] {processor.py:171} INFO - Processing /home/airflow/.local/lib/python3.7/site-packages/airflow/example_dags/example_branch_labels.py took 0.066 seconds
[2022-03-28 07:15:14,042] {processor.py:163} INFO - Started process (PID=1115) to work on /home/airflow/.local/lib/python3.7/site-packages/airflow/example_dags/example_branch_labels.py
[2022-03-28 07:15:14,044] {processor.py:642} INFO - Processing file /home/airflow/.local/lib/python3.7/site-packages/airflow/example_dags/example_branch_labels.py for tasks to queue
[2022-03-28 07:15:14,045] {logging_mixin.py:109} INFO - [2022-03-28 07:15:14,045] {dagbag.py:500} INFO - Filling up the DagBag from /home/airflow/.local/lib/python3.7/site-packages/airflow/example_dags/example_branch_labels.py
[2022-03-28 07:15:14,132] {processor.py:654} INFO - DAG(s) dict_keys(['example_branch_labels']) retrieved from /home/airflow/.local/lib/python3.7/site-packages/airflow/example_dags/example_branch_labels.py
[2022-03-28 07:15:14,146] {logging_mixin.py:109} INFO - [2022-03-28 07:15:14,145] {dag.py:2398} INFO - Sync 1 DAGs
[2022-03-28 07:15:14,183] {logging_mixin.py:109} INFO - [2022-03-28 07:15:14,183] {dag.py:2937} INFO - Setting next_dagrun for example_branch_labels to 2022-03-27 00:00:00+00:00
[2022-03-28 07:15:14,196] {processor.py:171} INFO - Processing /home/airflow/.local/lib/python3.7/site-packages/airflow/example_dags/example_branch_labels.py took 0.158 seconds
[2022-03-28 07:15:44,466] {processor.py:163} INFO - Started process (PID=1176) to work on /home/airflow/.local/lib/python3.7/site-packages/airflow/example_dags/example_branch_labels.py
[2022-03-28 07:15:44,468] {processor.py:642} INFO - Processing file /home/airflow/.local/lib/python3.7/site-packages/airflow/example_dags/example_branch_labels.py for tasks to queue
[2022-03-28 07:15:44,469] {logging_mixin.py:109} INFO - [2022-03-28 07:15:44,469] {dagbag.py:500} INFO - Filling up the DagBag from /home/airflow/.local/lib/python3.7/site-packages/airflow/example_dags/example_branch_labels.py
[2022-03-28 07:15:44,497] {processor.py:654} INFO - DAG(s) dict_keys(['example_branch_labels']) retrieved from /home/airflow/.local/lib/python3.7/site-packages/airflow/example_dags/example_branch_labels.py
[2022-03-28 07:15:44,508] {logging_mixin.py:109} INFO - [2022-03-28 07:15:44,507] {dag.py:2398} INFO - Sync 1 DAGs
[2022-03-28 07:15:44,524] {logging_mixin.py:109} INFO - [2022-03-28 07:15:44,524] {dag.py:2937} INFO - Setting next_dagrun for example_branch_labels to 2022-03-27 00:00:00+00:00
[2022-03-28 07:15:44,533] {processor.py:171} INFO - Processing /home/airflow/.local/lib/python3.7/site-packages/airflow/example_dags/example_branch_labels.py took 0.070 seconds
[2022-03-28 07:16:14,946] {processor.py:163} INFO - Started process (PID=1226) to work on /home/airflow/.local/lib/python3.7/site-packages/airflow/example_dags/example_branch_labels.py
[2022-03-28 07:16:14,948] {processor.py:642} INFO - Processing file /home/airflow/.local/lib/python3.7/site-packages/airflow/example_dags/example_branch_labels.py for tasks to queue
[2022-03-28 07:16:14,949] {logging_mixin.py:109} INFO - [2022-03-28 07:16:14,949] {dagbag.py:500} INFO - Filling up the DagBag from /home/airflow/.local/lib/python3.7/site-packages/airflow/example_dags/example_branch_labels.py
[2022-03-28 07:16:14,989] {processor.py:654} INFO - DAG(s) dict_keys(['example_branch_labels']) retrieved from /home/airflow/.local/lib/python3.7/site-packages/airflow/example_dags/example_branch_labels.py
[2022-03-28 07:16:15,003] {logging_mixin.py:109} INFO - [2022-03-28 07:16:15,003] {dag.py:2398} INFO - Sync 1 DAGs
[2022-03-28 07:16:15,025] {logging_mixin.py:109} INFO - [2022-03-28 07:16:15,025] {dag.py:2937} INFO - Setting next_dagrun for example_branch_labels to 2022-03-27 00:00:00+00:00
[2022-03-28 07:16:15,036] {processor.py:171} INFO - Processing /home/airflow/.local/lib/python3.7/site-packages/airflow/example_dags/example_branch_labels.py took 0.094 seconds
[2022-03-28 07:16:45,588] {processor.py:163} INFO - Started process (PID=1286) to work on /home/airflow/.local/lib/python3.7/site-packages/airflow/example_dags/example_branch_labels.py
[2022-03-28 07:16:45,589] {processor.py:642} INFO - Processing file /home/airflow/.local/lib/python3.7/site-packages/airflow/example_dags/example_branch_labels.py for tasks to queue
[2022-03-28 07:16:45,590] {logging_mixin.py:109} INFO - [2022-03-28 07:16:45,590] {dagbag.py:500} INFO - Filling up the DagBag from /home/airflow/.local/lib/python3.7/site-packages/airflow/example_dags/example_branch_labels.py
[2022-03-28 07:16:45,622] {processor.py:654} INFO - DAG(s) dict_keys(['example_branch_labels']) retrieved from /home/airflow/.local/lib/python3.7/site-packages/airflow/example_dags/example_branch_labels.py
[2022-03-28 07:16:45,634] {logging_mixin.py:109} INFO - [2022-03-28 07:16:45,634] {dag.py:2398} INFO - Sync 1 DAGs
[2022-03-28 07:16:45,656] {logging_mixin.py:109} INFO - [2022-03-28 07:16:45,656] {dag.py:2937} INFO - Setting next_dagrun for example_branch_labels to 2022-03-27 00:00:00+00:00
[2022-03-28 07:16:45,667] {processor.py:171} INFO - Processing /home/airflow/.local/lib/python3.7/site-packages/airflow/example_dags/example_branch_labels.py took 0.082 seconds
[2022-03-28 07:17:16,147] {processor.py:163} INFO - Started process (PID=1339) to work on /home/airflow/.local/lib/python3.7/site-packages/airflow/example_dags/example_branch_labels.py
[2022-03-28 07:17:16,149] {processor.py:642} INFO - Processing file /home/airflow/.local/lib/python3.7/site-packages/airflow/example_dags/example_branch_labels.py for tasks to queue
[2022-03-28 07:17:16,150] {logging_mixin.py:109} INFO - [2022-03-28 07:17:16,149] {dagbag.py:500} INFO - Filling up the DagBag from /home/airflow/.local/lib/python3.7/site-packages/airflow/example_dags/example_branch_labels.py
[2022-03-28 07:17:16,177] {processor.py:654} INFO - DAG(s) dict_keys(['example_branch_labels']) retrieved from /home/airflow/.local/lib/python3.7/site-packages/airflow/example_dags/example_branch_labels.py
[2022-03-28 07:17:16,187] {logging_mixin.py:109} INFO - [2022-03-28 07:17:16,187] {dag.py:2398} INFO - Sync 1 DAGs
[2022-03-28 07:17:16,203] {logging_mixin.py:109} INFO - [2022-03-28 07:17:16,203] {dag.py:2937} INFO - Setting next_dagrun for example_branch_labels to 2022-03-27 00:00:00+00:00
[2022-03-28 07:17:16,211] {processor.py:171} INFO - Processing /home/airflow/.local/lib/python3.7/site-packages/airflow/example_dags/example_branch_labels.py took 0.067 seconds
[2022-03-28 07:17:46,809] {processor.py:163} INFO - Started process (PID=1391) to work on /home/airflow/.local/lib/python3.7/site-packages/airflow/example_dags/example_branch_labels.py
[2022-03-28 07:17:46,811] {processor.py:642} INFO - Processing file /home/airflow/.local/lib/python3.7/site-packages/airflow/example_dags/example_branch_labels.py for tasks to queue
[2022-03-28 07:17:46,812] {logging_mixin.py:109} INFO - [2022-03-28 07:17:46,811] {dagbag.py:500} INFO - Filling up the DagBag from /home/airflow/.local/lib/python3.7/site-packages/airflow/example_dags/example_branch_labels.py
[2022-03-28 07:17:46,839] {processor.py:654} INFO - DAG(s) dict_keys(['example_branch_labels']) retrieved from /home/airflow/.local/lib/python3.7/site-packages/airflow/example_dags/example_branch_labels.py
[2022-03-28 07:17:46,852] {logging_mixin.py:109} INFO - [2022-03-28 07:17:46,852] {dag.py:2398} INFO - Sync 1 DAGs
[2022-03-28 07:17:46,867] {logging_mixin.py:109} INFO - [2022-03-28 07:17:46,867] {dag.py:2937} INFO - Setting next_dagrun for example_branch_labels to 2022-03-27 00:00:00+00:00
[2022-03-28 07:17:46,874] {processor.py:171} INFO - Processing /home/airflow/.local/lib/python3.7/site-packages/airflow/example_dags/example_branch_labels.py took 0.068 seconds
[2022-03-28 07:18:17,336] {processor.py:163} INFO - Started process (PID=1442) to work on /home/airflow/.local/lib/python3.7/site-packages/airflow/example_dags/example_branch_labels.py
[2022-03-28 07:18:17,337] {processor.py:642} INFO - Processing file /home/airflow/.local/lib/python3.7/site-packages/airflow/example_dags/example_branch_labels.py for tasks to queue
[2022-03-28 07:18:17,338] {logging_mixin.py:109} INFO - [2022-03-28 07:18:17,338] {dagbag.py:500} INFO - Filling up the DagBag from /home/airflow/.local/lib/python3.7/site-packages/airflow/example_dags/example_branch_labels.py
[2022-03-28 07:18:17,369] {processor.py:654} INFO - DAG(s) dict_keys(['example_branch_labels']) retrieved from /home/airflow/.local/lib/python3.7/site-packages/airflow/example_dags/example_branch_labels.py
[2022-03-28 07:18:17,380] {logging_mixin.py:109} INFO - [2022-03-28 07:18:17,380] {dag.py:2398} INFO - Sync 1 DAGs
[2022-03-28 07:18:17,394] {logging_mixin.py:109} INFO - [2022-03-28 07:18:17,394] {dag.py:2937} INFO - Setting next_dagrun for example_branch_labels to 2022-03-27 00:00:00+00:00
[2022-03-28 07:18:17,404] {processor.py:171} INFO - Processing /home/airflow/.local/lib/python3.7/site-packages/airflow/example_dags/example_branch_labels.py took 0.070 seconds
[2022-03-28 07:18:47,720] {processor.py:163} INFO - Started process (PID=1502) to work on /home/airflow/.local/lib/python3.7/site-packages/airflow/example_dags/example_branch_labels.py
[2022-03-28 07:18:47,721] {processor.py:642} INFO - Processing file /home/airflow/.local/lib/python3.7/site-packages/airflow/example_dags/example_branch_labels.py for tasks to queue
[2022-03-28 07:18:47,723] {logging_mixin.py:109} INFO - [2022-03-28 07:18:47,722] {dagbag.py:500} INFO - Filling up the DagBag from /home/airflow/.local/lib/python3.7/site-packages/airflow/example_dags/example_branch_labels.py
[2022-03-28 07:18:47,751] {processor.py:654} INFO - DAG(s) dict_keys(['example_branch_labels']) retrieved from /home/airflow/.local/lib/python3.7/site-packages/airflow/example_dags/example_branch_labels.py
[2022-03-28 07:18:47,761] {logging_mixin.py:109} INFO - [2022-03-28 07:18:47,761] {dag.py:2398} INFO - Sync 1 DAGs
[2022-03-28 07:18:47,779] {logging_mixin.py:109} INFO - [2022-03-28 07:18:47,779] {dag.py:2937} INFO - Setting next_dagrun for example_branch_labels to 2022-03-27 00:00:00+00:00
[2022-03-28 07:18:47,790] {processor.py:171} INFO - Processing /home/airflow/.local/lib/python3.7/site-packages/airflow/example_dags/example_branch_labels.py took 0.072 seconds
[2022-03-28 07:19:18,315] {processor.py:163} INFO - Started process (PID=1553) to work on /home/airflow/.local/lib/python3.7/site-packages/airflow/example_dags/example_branch_labels.py
[2022-03-28 07:19:18,317] {processor.py:642} INFO - Processing file /home/airflow/.local/lib/python3.7/site-packages/airflow/example_dags/example_branch_labels.py for tasks to queue
[2022-03-28 07:19:18,319] {logging_mixin.py:109} INFO - [2022-03-28 07:19:18,318] {dagbag.py:500} INFO - Filling up the DagBag from /home/airflow/.local/lib/python3.7/site-packages/airflow/example_dags/example_branch_labels.py
[2022-03-28 07:19:18,346] {processor.py:654} INFO - DAG(s) dict_keys(['example_branch_labels']) retrieved from /home/airflow/.local/lib/python3.7/site-packages/airflow/example_dags/example_branch_labels.py
[2022-03-28 07:19:18,357] {logging_mixin.py:109} INFO - [2022-03-28 07:19:18,357] {dag.py:2398} INFO - Sync 1 DAGs
[2022-03-28 07:19:18,373] {logging_mixin.py:109} INFO - [2022-03-28 07:19:18,373] {dag.py:2937} INFO - Setting next_dagrun for example_branch_labels to 2022-03-27 00:00:00+00:00
[2022-03-28 07:19:18,383] {processor.py:171} INFO - Processing /home/airflow/.local/lib/python3.7/site-packages/airflow/example_dags/example_branch_labels.py took 0.070 seconds
[2022-03-28 07:19:48,887] {processor.py:163} INFO - Started process (PID=1605) to work on /home/airflow/.local/lib/python3.7/site-packages/airflow/example_dags/example_branch_labels.py
[2022-03-28 07:19:48,888] {processor.py:642} INFO - Processing file /home/airflow/.local/lib/python3.7/site-packages/airflow/example_dags/example_branch_labels.py for tasks to queue
[2022-03-28 07:19:48,889] {logging_mixin.py:109} INFO - [2022-03-28 07:19:48,889] {dagbag.py:500} INFO - Filling up the DagBag from /home/airflow/.local/lib/python3.7/site-packages/airflow/example_dags/example_branch_labels.py
[2022-03-28 07:19:48,922] {processor.py:654} INFO - DAG(s) dict_keys(['example_branch_labels']) retrieved from /home/airflow/.local/lib/python3.7/site-packages/airflow/example_dags/example_branch_labels.py
[2022-03-28 07:19:48,934] {logging_mixin.py:109} INFO - [2022-03-28 07:19:48,934] {dag.py:2398} INFO - Sync 1 DAGs
[2022-03-28 07:19:48,955] {logging_mixin.py:109} INFO - [2022-03-28 07:19:48,955] {dag.py:2937} INFO - Setting next_dagrun for example_branch_labels to 2022-03-27 00:00:00+00:00
[2022-03-28 07:19:48,967] {processor.py:171} INFO - Processing /home/airflow/.local/lib/python3.7/site-packages/airflow/example_dags/example_branch_labels.py took 0.084 seconds
[2022-03-28 07:20:19,015] {processor.py:163} INFO - Started process (PID=1666) to work on /home/airflow/.local/lib/python3.7/site-packages/airflow/example_dags/example_branch_labels.py
[2022-03-28 07:20:19,016] {processor.py:642} INFO - Processing file /home/airflow/.local/lib/python3.7/site-packages/airflow/example_dags/example_branch_labels.py for tasks to queue
[2022-03-28 07:20:19,017] {logging_mixin.py:109} INFO - [2022-03-28 07:20:19,017] {dagbag.py:500} INFO - Filling up the DagBag from /home/airflow/.local/lib/python3.7/site-packages/airflow/example_dags/example_branch_labels.py
[2022-03-28 07:20:19,047] {processor.py:654} INFO - DAG(s) dict_keys(['example_branch_labels']) retrieved from /home/airflow/.local/lib/python3.7/site-packages/airflow/example_dags/example_branch_labels.py
[2022-03-28 07:20:19,060] {logging_mixin.py:109} INFO - [2022-03-28 07:20:19,060] {dag.py:2398} INFO - Sync 1 DAGs
[2022-03-28 07:20:19,078] {logging_mixin.py:109} INFO - [2022-03-28 07:20:19,078] {dag.py:2937} INFO - Setting next_dagrun for example_branch_labels to 2022-03-27 00:00:00+00:00
[2022-03-28 07:20:19,089] {processor.py:171} INFO - Processing /home/airflow/.local/lib/python3.7/site-packages/airflow/example_dags/example_branch_labels.py took 0.077 seconds
[2022-03-28 07:20:49,918] {processor.py:163} INFO - Started process (PID=1717) to work on /home/airflow/.local/lib/python3.7/site-packages/airflow/example_dags/example_branch_labels.py
[2022-03-28 07:20:49,920] {processor.py:642} INFO - Processing file /home/airflow/.local/lib/python3.7/site-packages/airflow/example_dags/example_branch_labels.py for tasks to queue
[2022-03-28 07:20:49,921] {logging_mixin.py:109} INFO - [2022-03-28 07:20:49,921] {dagbag.py:500} INFO - Filling up the DagBag from /home/airflow/.local/lib/python3.7/site-packages/airflow/example_dags/example_branch_labels.py
[2022-03-28 07:20:49,948] {processor.py:654} INFO - DAG(s) dict_keys(['example_branch_labels']) retrieved from /home/airflow/.local/lib/python3.7/site-packages/airflow/example_dags/example_branch_labels.py
[2022-03-28 07:20:49,956] {logging_mixin.py:109} INFO - [2022-03-28 07:20:49,956] {dag.py:2398} INFO - Sync 1 DAGs
[2022-03-28 07:20:49,970] {logging_mixin.py:109} INFO - [2022-03-28 07:20:49,970] {dag.py:2937} INFO - Setting next_dagrun for example_branch_labels to 2022-03-27 00:00:00+00:00
[2022-03-28 07:20:49,978] {processor.py:171} INFO - Processing /home/airflow/.local/lib/python3.7/site-packages/airflow/example_dags/example_branch_labels.py took 0.063 seconds
[2022-03-28 07:21:20,831] {processor.py:163} INFO - Started process (PID=1770) to work on /home/airflow/.local/lib/python3.7/site-packages/airflow/example_dags/example_branch_labels.py
[2022-03-28 07:21:20,833] {processor.py:642} INFO - Processing file /home/airflow/.local/lib/python3.7/site-packages/airflow/example_dags/example_branch_labels.py for tasks to queue
[2022-03-28 07:21:20,835] {logging_mixin.py:109} INFO - [2022-03-28 07:21:20,835] {dagbag.py:500} INFO - Filling up the DagBag from /home/airflow/.local/lib/python3.7/site-packages/airflow/example_dags/example_branch_labels.py
[2022-03-28 07:21:20,877] {processor.py:654} INFO - DAG(s) dict_keys(['example_branch_labels']) retrieved from /home/airflow/.local/lib/python3.7/site-packages/airflow/example_dags/example_branch_labels.py
[2022-03-28 07:21:20,886] {logging_mixin.py:109} INFO - [2022-03-28 07:21:20,886] {dag.py:2398} INFO - Sync 1 DAGs
[2022-03-28 07:21:20,902] {logging_mixin.py:109} INFO - [2022-03-28 07:21:20,902] {dag.py:2937} INFO - Setting next_dagrun for example_branch_labels to 2022-03-27 00:00:00+00:00
[2022-03-28 07:21:20,911] {processor.py:171} INFO - Processing /home/airflow/.local/lib/python3.7/site-packages/airflow/example_dags/example_branch_labels.py took 0.085 seconds
[2022-03-28 07:21:51,023] {processor.py:163} INFO - Started process (PID=1829) to work on /home/airflow/.local/lib/python3.7/site-packages/airflow/example_dags/example_branch_labels.py
[2022-03-28 07:21:51,024] {processor.py:642} INFO - Processing file /home/airflow/.local/lib/python3.7/site-packages/airflow/example_dags/example_branch_labels.py for tasks to queue
[2022-03-28 07:21:51,025] {logging_mixin.py:109} INFO - [2022-03-28 07:21:51,025] {dagbag.py:500} INFO - Filling up the DagBag from /home/airflow/.local/lib/python3.7/site-packages/airflow/example_dags/example_branch_labels.py
[2022-03-28 07:21:51,055] {processor.py:654} INFO - DAG(s) dict_keys(['example_branch_labels']) retrieved from /home/airflow/.local/lib/python3.7/site-packages/airflow/example_dags/example_branch_labels.py
[2022-03-28 07:21:51,065] {logging_mixin.py:109} INFO - [2022-03-28 07:21:51,065] {dag.py:2398} INFO - Sync 1 DAGs
[2022-03-28 07:21:51,082] {logging_mixin.py:109} INFO - [2022-03-28 07:21:51,082] {dag.py:2937} INFO - Setting next_dagrun for example_branch_labels to 2022-03-27 00:00:00+00:00
[2022-03-28 07:21:51,092] {processor.py:171} INFO - Processing /home/airflow/.local/lib/python3.7/site-packages/airflow/example_dags/example_branch_labels.py took 0.072 seconds
[2022-03-28 07:22:21,226] {processor.py:163} INFO - Started process (PID=1880) to work on /home/airflow/.local/lib/python3.7/site-packages/airflow/example_dags/example_branch_labels.py
[2022-03-28 07:22:21,227] {processor.py:642} INFO - Processing file /home/airflow/.local/lib/python3.7/site-packages/airflow/example_dags/example_branch_labels.py for tasks to queue
[2022-03-28 07:22:21,228] {logging_mixin.py:109} INFO - [2022-03-28 07:22:21,228] {dagbag.py:500} INFO - Filling up the DagBag from /home/airflow/.local/lib/python3.7/site-packages/airflow/example_dags/example_branch_labels.py
[2022-03-28 07:22:21,253] {processor.py:654} INFO - DAG(s) dict_keys(['example_branch_labels']) retrieved from /home/airflow/.local/lib/python3.7/site-packages/airflow/example_dags/example_branch_labels.py
[2022-03-28 07:22:21,261] {logging_mixin.py:109} INFO - [2022-03-28 07:22:21,261] {dag.py:2398} INFO - Sync 1 DAGs
[2022-03-28 07:22:21,277] {logging_mixin.py:109} INFO - [2022-03-28 07:22:21,277] {dag.py:2937} INFO - Setting next_dagrun for example_branch_labels to 2022-03-27 00:00:00+00:00
[2022-03-28 07:22:21,286] {processor.py:171} INFO - Processing /home/airflow/.local/lib/python3.7/site-packages/airflow/example_dags/example_branch_labels.py took 0.063 seconds
[2022-03-28 07:22:51,413] {processor.py:163} INFO - Started process (PID=1930) to work on /home/airflow/.local/lib/python3.7/site-packages/airflow/example_dags/example_branch_labels.py
[2022-03-28 07:22:51,415] {processor.py:642} INFO - Processing file /home/airflow/.local/lib/python3.7/site-packages/airflow/example_dags/example_branch_labels.py for tasks to queue
[2022-03-28 07:22:51,416] {logging_mixin.py:109} INFO - [2022-03-28 07:22:51,416] {dagbag.py:500} INFO - Filling up the DagBag from /home/airflow/.local/lib/python3.7/site-packages/airflow/example_dags/example_branch_labels.py
[2022-03-28 07:22:51,451] {processor.py:654} INFO - DAG(s) dict_keys(['example_branch_labels']) retrieved from /home/airflow/.local/lib/python3.7/site-packages/airflow/example_dags/example_branch_labels.py
[2022-03-28 07:22:51,466] {logging_mixin.py:109} INFO - [2022-03-28 07:22:51,466] {dag.py:2398} INFO - Sync 1 DAGs
[2022-03-28 07:22:51,493] {logging_mixin.py:109} INFO - [2022-03-28 07:22:51,492] {dag.py:2937} INFO - Setting next_dagrun for example_branch_labels to 2022-03-27 00:00:00+00:00
[2022-03-28 07:22:51,508] {processor.py:171} INFO - Processing /home/airflow/.local/lib/python3.7/site-packages/airflow/example_dags/example_branch_labels.py took 0.098 seconds
[2022-03-28 07:23:22,105] {processor.py:163} INFO - Started process (PID=1980) to work on /home/airflow/.local/lib/python3.7/site-packages/airflow/example_dags/example_branch_labels.py
[2022-03-28 07:23:22,107] {processor.py:642} INFO - Processing file /home/airflow/.local/lib/python3.7/site-packages/airflow/example_dags/example_branch_labels.py for tasks to queue
[2022-03-28 07:23:22,109] {logging_mixin.py:109} INFO - [2022-03-28 07:23:22,109] {dagbag.py:500} INFO - Filling up the DagBag from /home/airflow/.local/lib/python3.7/site-packages/airflow/example_dags/example_branch_labels.py
[2022-03-28 07:23:22,151] {processor.py:654} INFO - DAG(s) dict_keys(['example_branch_labels']) retrieved from /home/airflow/.local/lib/python3.7/site-packages/airflow/example_dags/example_branch_labels.py
[2022-03-28 07:23:22,169] {logging_mixin.py:109} INFO - [2022-03-28 07:23:22,169] {dag.py:2398} INFO - Sync 1 DAGs
[2022-03-28 07:23:22,198] {logging_mixin.py:109} INFO - [2022-03-28 07:23:22,198] {dag.py:2937} INFO - Setting next_dagrun for example_branch_labels to 2022-03-27 00:00:00+00:00
[2022-03-28 07:23:22,214] {processor.py:171} INFO - Processing /home/airflow/.local/lib/python3.7/site-packages/airflow/example_dags/example_branch_labels.py took 0.114 seconds
[2022-03-28 07:23:52,652] {processor.py:163} INFO - Started process (PID=2042) to work on /home/airflow/.local/lib/python3.7/site-packages/airflow/example_dags/example_branch_labels.py
[2022-03-28 07:23:52,654] {processor.py:642} INFO - Processing file /home/airflow/.local/lib/python3.7/site-packages/airflow/example_dags/example_branch_labels.py for tasks to queue
[2022-03-28 07:23:52,656] {logging_mixin.py:109} INFO - [2022-03-28 07:23:52,656] {dagbag.py:500} INFO - Filling up the DagBag from /home/airflow/.local/lib/python3.7/site-packages/airflow/example_dags/example_branch_labels.py
[2022-03-28 07:23:52,713] {processor.py:654} INFO - DAG(s) dict_keys(['example_branch_labels']) retrieved from /home/airflow/.local/lib/python3.7/site-packages/airflow/example_dags/example_branch_labels.py
[2022-03-28 07:23:52,731] {logging_mixin.py:109} INFO - [2022-03-28 07:23:52,731] {dag.py:2398} INFO - Sync 1 DAGs
[2022-03-28 07:23:52,773] {logging_mixin.py:109} INFO - [2022-03-28 07:23:52,773] {dag.py:2937} INFO - Setting next_dagrun for example_branch_labels to 2022-03-27 00:00:00+00:00
[2022-03-28 07:23:52,786] {processor.py:171} INFO - Processing /home/airflow/.local/lib/python3.7/site-packages/airflow/example_dags/example_branch_labels.py took 0.140 seconds
[2022-03-28 07:24:23,261] {processor.py:163} INFO - Started process (PID=2094) to work on /home/airflow/.local/lib/python3.7/site-packages/airflow/example_dags/example_branch_labels.py
[2022-03-28 07:24:23,263] {processor.py:642} INFO - Processing file /home/airflow/.local/lib/python3.7/site-packages/airflow/example_dags/example_branch_labels.py for tasks to queue
[2022-03-28 07:24:23,264] {logging_mixin.py:109} INFO - [2022-03-28 07:24:23,264] {dagbag.py:500} INFO - Filling up the DagBag from /home/airflow/.local/lib/python3.7/site-packages/airflow/example_dags/example_branch_labels.py
[2022-03-28 07:24:23,304] {processor.py:654} INFO - DAG(s) dict_keys(['example_branch_labels']) retrieved from /home/airflow/.local/lib/python3.7/site-packages/airflow/example_dags/example_branch_labels.py
[2022-03-28 07:24:23,316] {logging_mixin.py:109} INFO - [2022-03-28 07:24:23,316] {dag.py:2398} INFO - Sync 1 DAGs
[2022-03-28 07:24:23,337] {logging_mixin.py:109} INFO - [2022-03-28 07:24:23,337] {dag.py:2937} INFO - Setting next_dagrun for example_branch_labels to 2022-03-27 00:00:00+00:00
[2022-03-28 07:24:23,349] {processor.py:171} INFO - Processing /home/airflow/.local/lib/python3.7/site-packages/airflow/example_dags/example_branch_labels.py took 0.090 seconds
[2022-03-28 07:24:54,380] {processor.py:163} INFO - Started process (PID=2144) to work on /home/airflow/.local/lib/python3.7/site-packages/airflow/example_dags/example_branch_labels.py
[2022-03-28 07:24:54,381] {processor.py:642} INFO - Processing file /home/airflow/.local/lib/python3.7/site-packages/airflow/example_dags/example_branch_labels.py for tasks to queue
[2022-03-28 07:24:54,382] {logging_mixin.py:109} INFO - [2022-03-28 07:24:54,382] {dagbag.py:500} INFO - Filling up the DagBag from /home/airflow/.local/lib/python3.7/site-packages/airflow/example_dags/example_branch_labels.py
[2022-03-28 07:24:54,412] {processor.py:654} INFO - DAG(s) dict_keys(['example_branch_labels']) retrieved from /home/airflow/.local/lib/python3.7/site-packages/airflow/example_dags/example_branch_labels.py
[2022-03-28 07:24:54,422] {logging_mixin.py:109} INFO - [2022-03-28 07:24:54,422] {dag.py:2398} INFO - Sync 1 DAGs
[2022-03-28 07:24:54,445] {logging_mixin.py:109} INFO - [2022-03-28 07:24:54,445] {dag.py:2937} INFO - Setting next_dagrun for example_branch_labels to 2022-03-27 00:00:00+00:00
[2022-03-28 07:24:54,454] {processor.py:171} INFO - Processing /home/airflow/.local/lib/python3.7/site-packages/airflow/example_dags/example_branch_labels.py took 0.078 seconds
[2022-03-28 07:25:24,560] {processor.py:163} INFO - Started process (PID=2195) to work on /home/airflow/.local/lib/python3.7/site-packages/airflow/example_dags/example_branch_labels.py
[2022-03-28 07:25:24,562] {processor.py:642} INFO - Processing file /home/airflow/.local/lib/python3.7/site-packages/airflow/example_dags/example_branch_labels.py for tasks to queue
[2022-03-28 07:25:24,563] {logging_mixin.py:109} INFO - [2022-03-28 07:25:24,563] {dagbag.py:500} INFO - Filling up the DagBag from /home/airflow/.local/lib/python3.7/site-packages/airflow/example_dags/example_branch_labels.py
[2022-03-28 07:25:24,590] {processor.py:654} INFO - DAG(s) dict_keys(['example_branch_labels']) retrieved from /home/airflow/.local/lib/python3.7/site-packages/airflow/example_dags/example_branch_labels.py
[2022-03-28 07:25:24,598] {logging_mixin.py:109} INFO - [2022-03-28 07:25:24,598] {dag.py:2398} INFO - Sync 1 DAGs
[2022-03-28 07:25:24,611] {logging_mixin.py:109} INFO - [2022-03-28 07:25:24,611] {dag.py:2937} INFO - Setting next_dagrun for example_branch_labels to 2022-03-27 00:00:00+00:00
[2022-03-28 07:25:24,619] {processor.py:171} INFO - Processing /home/airflow/.local/lib/python3.7/site-packages/airflow/example_dags/example_branch_labels.py took 0.063 seconds
[2022-03-28 07:25:54,657] {processor.py:163} INFO - Started process (PID=2255) to work on /home/airflow/.local/lib/python3.7/site-packages/airflow/example_dags/example_branch_labels.py
[2022-03-28 07:25:54,659] {processor.py:642} INFO - Processing file /home/airflow/.local/lib/python3.7/site-packages/airflow/example_dags/example_branch_labels.py for tasks to queue
[2022-03-28 07:25:54,660] {logging_mixin.py:109} INFO - [2022-03-28 07:25:54,660] {dagbag.py:500} INFO - Filling up the DagBag from /home/airflow/.local/lib/python3.7/site-packages/airflow/example_dags/example_branch_labels.py
[2022-03-28 07:25:54,688] {processor.py:654} INFO - DAG(s) dict_keys(['example_branch_labels']) retrieved from /home/airflow/.local/lib/python3.7/site-packages/airflow/example_dags/example_branch_labels.py
[2022-03-28 07:25:54,698] {logging_mixin.py:109} INFO - [2022-03-28 07:25:54,697] {dag.py:2398} INFO - Sync 1 DAGs
[2022-03-28 07:25:54,716] {logging_mixin.py:109} INFO - [2022-03-28 07:25:54,715] {dag.py:2937} INFO - Setting next_dagrun for example_branch_labels to 2022-03-27 00:00:00+00:00
[2022-03-28 07:25:54,725] {processor.py:171} INFO - Processing /home/airflow/.local/lib/python3.7/site-packages/airflow/example_dags/example_branch_labels.py took 0.071 seconds
[2022-03-28 07:26:25,346] {processor.py:163} INFO - Started process (PID=2307) to work on /home/airflow/.local/lib/python3.7/site-packages/airflow/example_dags/example_branch_labels.py
[2022-03-28 07:26:25,347] {processor.py:642} INFO - Processing file /home/airflow/.local/lib/python3.7/site-packages/airflow/example_dags/example_branch_labels.py for tasks to queue
[2022-03-28 07:26:25,348] {logging_mixin.py:109} INFO - [2022-03-28 07:26:25,348] {dagbag.py:500} INFO - Filling up the DagBag from /home/airflow/.local/lib/python3.7/site-packages/airflow/example_dags/example_branch_labels.py
[2022-03-28 07:26:25,380] {processor.py:654} INFO - DAG(s) dict_keys(['example_branch_labels']) retrieved from /home/airflow/.local/lib/python3.7/site-packages/airflow/example_dags/example_branch_labels.py
[2022-03-28 07:26:25,389] {logging_mixin.py:109} INFO - [2022-03-28 07:26:25,389] {dag.py:2398} INFO - Sync 1 DAGs
[2022-03-28 07:26:25,402] {logging_mixin.py:109} INFO - [2022-03-28 07:26:25,402] {dag.py:2937} INFO - Setting next_dagrun for example_branch_labels to 2022-03-27 00:00:00+00:00
[2022-03-28 07:26:25,410] {processor.py:171} INFO - Processing /home/airflow/.local/lib/python3.7/site-packages/airflow/example_dags/example_branch_labels.py took 0.067 seconds
[2022-03-28 07:26:56,056] {processor.py:163} INFO - Started process (PID=2365) to work on /home/airflow/.local/lib/python3.7/site-packages/airflow/example_dags/example_branch_labels.py
[2022-03-28 07:26:56,057] {processor.py:642} INFO - Processing file /home/airflow/.local/lib/python3.7/site-packages/airflow/example_dags/example_branch_labels.py for tasks to queue
[2022-03-28 07:26:56,058] {logging_mixin.py:109} INFO - [2022-03-28 07:26:56,058] {dagbag.py:500} INFO - Filling up the DagBag from /home/airflow/.local/lib/python3.7/site-packages/airflow/example_dags/example_branch_labels.py
[2022-03-28 07:26:56,087] {processor.py:654} INFO - DAG(s) dict_keys(['example_branch_labels']) retrieved from /home/airflow/.local/lib/python3.7/site-packages/airflow/example_dags/example_branch_labels.py
[2022-03-28 07:26:56,097] {logging_mixin.py:109} INFO - [2022-03-28 07:26:56,097] {dag.py:2398} INFO - Sync 1 DAGs
[2022-03-28 07:26:56,112] {logging_mixin.py:109} INFO - [2022-03-28 07:26:56,112] {dag.py:2937} INFO - Setting next_dagrun for example_branch_labels to 2022-03-27 00:00:00+00:00
[2022-03-28 07:26:56,120] {processor.py:171} INFO - Processing /home/airflow/.local/lib/python3.7/site-packages/airflow/example_dags/example_branch_labels.py took 0.067 seconds
[2022-03-28 07:27:26,741] {processor.py:163} INFO - Started process (PID=2419) to work on /home/airflow/.local/lib/python3.7/site-packages/airflow/example_dags/example_branch_labels.py
[2022-03-28 07:27:26,742] {processor.py:642} INFO - Processing file /home/airflow/.local/lib/python3.7/site-packages/airflow/example_dags/example_branch_labels.py for tasks to queue
[2022-03-28 07:27:26,743] {logging_mixin.py:109} INFO - [2022-03-28 07:27:26,743] {dagbag.py:500} INFO - Filling up the DagBag from /home/airflow/.local/lib/python3.7/site-packages/airflow/example_dags/example_branch_labels.py
[2022-03-28 07:27:26,771] {processor.py:654} INFO - DAG(s) dict_keys(['example_branch_labels']) retrieved from /home/airflow/.local/lib/python3.7/site-packages/airflow/example_dags/example_branch_labels.py
[2022-03-28 07:27:26,780] {logging_mixin.py:109} INFO - [2022-03-28 07:27:26,780] {dag.py:2398} INFO - Sync 1 DAGs
[2022-03-28 07:27:26,796] {logging_mixin.py:109} INFO - [2022-03-28 07:27:26,796] {dag.py:2937} INFO - Setting next_dagrun for example_branch_labels to 2022-03-27 00:00:00+00:00
[2022-03-28 07:27:26,806] {processor.py:171} INFO - Processing /home/airflow/.local/lib/python3.7/site-packages/airflow/example_dags/example_branch_labels.py took 0.067 seconds
[2022-03-28 07:27:57,405] {processor.py:163} INFO - Started process (PID=2470) to work on /home/airflow/.local/lib/python3.7/site-packages/airflow/example_dags/example_branch_labels.py
[2022-03-28 07:27:57,407] {processor.py:642} INFO - Processing file /home/airflow/.local/lib/python3.7/site-packages/airflow/example_dags/example_branch_labels.py for tasks to queue
[2022-03-28 07:27:57,407] {logging_mixin.py:109} INFO - [2022-03-28 07:27:57,407] {dagbag.py:500} INFO - Filling up the DagBag from /home/airflow/.local/lib/python3.7/site-packages/airflow/example_dags/example_branch_labels.py
[2022-03-28 07:27:57,430] {processor.py:654} INFO - DAG(s) dict_keys(['example_branch_labels']) retrieved from /home/airflow/.local/lib/python3.7/site-packages/airflow/example_dags/example_branch_labels.py
[2022-03-28 07:27:57,439] {logging_mixin.py:109} INFO - [2022-03-28 07:27:57,439] {dag.py:2398} INFO - Sync 1 DAGs
[2022-03-28 07:27:57,452] {logging_mixin.py:109} INFO - [2022-03-28 07:27:57,452] {dag.py:2937} INFO - Setting next_dagrun for example_branch_labels to 2022-03-27 00:00:00+00:00
[2022-03-28 07:27:57,461] {processor.py:171} INFO - Processing /home/airflow/.local/lib/python3.7/site-packages/airflow/example_dags/example_branch_labels.py took 0.058 seconds
[2022-03-28 07:28:27,993] {processor.py:163} INFO - Started process (PID=2530) to work on /home/airflow/.local/lib/python3.7/site-packages/airflow/example_dags/example_branch_labels.py
[2022-03-28 07:28:27,994] {processor.py:642} INFO - Processing file /home/airflow/.local/lib/python3.7/site-packages/airflow/example_dags/example_branch_labels.py for tasks to queue
[2022-03-28 07:28:27,995] {logging_mixin.py:109} INFO - [2022-03-28 07:28:27,995] {dagbag.py:500} INFO - Filling up the DagBag from /home/airflow/.local/lib/python3.7/site-packages/airflow/example_dags/example_branch_labels.py
[2022-03-28 07:28:28,026] {processor.py:654} INFO - DAG(s) dict_keys(['example_branch_labels']) retrieved from /home/airflow/.local/lib/python3.7/site-packages/airflow/example_dags/example_branch_labels.py
[2022-03-28 07:28:28,036] {logging_mixin.py:109} INFO - [2022-03-28 07:28:28,036] {dag.py:2398} INFO - Sync 1 DAGs
[2022-03-28 07:28:28,051] {logging_mixin.py:109} INFO - [2022-03-28 07:28:28,051] {dag.py:2937} INFO - Setting next_dagrun for example_branch_labels to 2022-03-27 00:00:00+00:00
[2022-03-28 07:28:28,060] {processor.py:171} INFO - Processing /home/airflow/.local/lib/python3.7/site-packages/airflow/example_dags/example_branch_labels.py took 0.070 seconds
[2022-03-28 07:28:58,849] {processor.py:163} INFO - Started process (PID=2582) to work on /home/airflow/.local/lib/python3.7/site-packages/airflow/example_dags/example_branch_labels.py
[2022-03-28 07:28:58,850] {processor.py:642} INFO - Processing file /home/airflow/.local/lib/python3.7/site-packages/airflow/example_dags/example_branch_labels.py for tasks to queue
[2022-03-28 07:28:58,852] {logging_mixin.py:109} INFO - [2022-03-28 07:28:58,851] {dagbag.py:500} INFO - Filling up the DagBag from /home/airflow/.local/lib/python3.7/site-packages/airflow/example_dags/example_branch_labels.py
[2022-03-28 07:28:58,898] {processor.py:654} INFO - DAG(s) dict_keys(['example_branch_labels']) retrieved from /home/airflow/.local/lib/python3.7/site-packages/airflow/example_dags/example_branch_labels.py
[2022-03-28 07:28:58,916] {logging_mixin.py:109} INFO - [2022-03-28 07:28:58,916] {dag.py:2398} INFO - Sync 1 DAGs
[2022-03-28 07:28:58,942] {logging_mixin.py:109} INFO - [2022-03-28 07:28:58,942] {dag.py:2937} INFO - Setting next_dagrun for example_branch_labels to 2022-03-27 00:00:00+00:00
[2022-03-28 07:28:58,955] {processor.py:171} INFO - Processing /home/airflow/.local/lib/python3.7/site-packages/airflow/example_dags/example_branch_labels.py took 0.110 seconds
[2022-03-28 07:29:29,476] {processor.py:163} INFO - Started process (PID=2633) to work on /home/airflow/.local/lib/python3.7/site-packages/airflow/example_dags/example_branch_labels.py
[2022-03-28 07:29:29,477] {processor.py:642} INFO - Processing file /home/airflow/.local/lib/python3.7/site-packages/airflow/example_dags/example_branch_labels.py for tasks to queue
[2022-03-28 07:29:29,478] {logging_mixin.py:109} INFO - [2022-03-28 07:29:29,477] {dagbag.py:500} INFO - Filling up the DagBag from /home/airflow/.local/lib/python3.7/site-packages/airflow/example_dags/example_branch_labels.py
[2022-03-28 07:29:29,501] {processor.py:654} INFO - DAG(s) dict_keys(['example_branch_labels']) retrieved from /home/airflow/.local/lib/python3.7/site-packages/airflow/example_dags/example_branch_labels.py
[2022-03-28 07:29:29,509] {logging_mixin.py:109} INFO - [2022-03-28 07:29:29,509] {dag.py:2398} INFO - Sync 1 DAGs
[2022-03-28 07:29:29,523] {logging_mixin.py:109} INFO - [2022-03-28 07:29:29,523] {dag.py:2937} INFO - Setting next_dagrun for example_branch_labels to 2022-03-27 00:00:00+00:00
[2022-03-28 07:29:29,531] {processor.py:171} INFO - Processing /home/airflow/.local/lib/python3.7/site-packages/airflow/example_dags/example_branch_labels.py took 0.058 seconds
[2022-03-28 07:30:00,175] {processor.py:163} INFO - Started process (PID=2695) to work on /home/airflow/.local/lib/python3.7/site-packages/airflow/example_dags/example_branch_labels.py
[2022-03-28 07:30:00,176] {processor.py:642} INFO - Processing file /home/airflow/.local/lib/python3.7/site-packages/airflow/example_dags/example_branch_labels.py for tasks to queue
[2022-03-28 07:30:00,177] {logging_mixin.py:109} INFO - [2022-03-28 07:30:00,177] {dagbag.py:500} INFO - Filling up the DagBag from /home/airflow/.local/lib/python3.7/site-packages/airflow/example_dags/example_branch_labels.py
[2022-03-28 07:30:00,202] {processor.py:654} INFO - DAG(s) dict_keys(['example_branch_labels']) retrieved from /home/airflow/.local/lib/python3.7/site-packages/airflow/example_dags/example_branch_labels.py
[2022-03-28 07:30:00,212] {logging_mixin.py:109} INFO - [2022-03-28 07:30:00,212] {dag.py:2398} INFO - Sync 1 DAGs
[2022-03-28 07:30:00,227] {logging_mixin.py:109} INFO - [2022-03-28 07:30:00,227] {dag.py:2937} INFO - Setting next_dagrun for example_branch_labels to 2022-03-27 00:00:00+00:00
[2022-03-28 07:30:00,235] {processor.py:171} INFO - Processing /home/airflow/.local/lib/python3.7/site-packages/airflow/example_dags/example_branch_labels.py took 0.062 seconds
[2022-03-28 07:30:30,924] {processor.py:163} INFO - Started process (PID=2746) to work on /home/airflow/.local/lib/python3.7/site-packages/airflow/example_dags/example_branch_labels.py
[2022-03-28 07:30:30,926] {processor.py:642} INFO - Processing file /home/airflow/.local/lib/python3.7/site-packages/airflow/example_dags/example_branch_labels.py for tasks to queue
[2022-03-28 07:30:30,927] {logging_mixin.py:109} INFO - [2022-03-28 07:30:30,927] {dagbag.py:500} INFO - Filling up the DagBag from /home/airflow/.local/lib/python3.7/site-packages/airflow/example_dags/example_branch_labels.py
[2022-03-28 07:30:30,960] {processor.py:654} INFO - DAG(s) dict_keys(['example_branch_labels']) retrieved from /home/airflow/.local/lib/python3.7/site-packages/airflow/example_dags/example_branch_labels.py
[2022-03-28 07:30:30,969] {logging_mixin.py:109} INFO - [2022-03-28 07:30:30,969] {dag.py:2398} INFO - Sync 1 DAGs
[2022-03-28 07:30:30,992] {logging_mixin.py:109} INFO - [2022-03-28 07:30:30,992] {dag.py:2937} INFO - Setting next_dagrun for example_branch_labels to 2022-03-27 00:00:00+00:00
[2022-03-28 07:30:31,003] {processor.py:171} INFO - Processing /home/airflow/.local/lib/python3.7/site-packages/airflow/example_dags/example_branch_labels.py took 0.082 seconds
[2022-03-28 07:31:01,070] {processor.py:163} INFO - Started process (PID=2804) to work on /home/airflow/.local/lib/python3.7/site-packages/airflow/example_dags/example_branch_labels.py
[2022-03-28 07:31:01,072] {processor.py:642} INFO - Processing file /home/airflow/.local/lib/python3.7/site-packages/airflow/example_dags/example_branch_labels.py for tasks to queue
[2022-03-28 07:31:01,073] {logging_mixin.py:109} INFO - [2022-03-28 07:31:01,073] {dagbag.py:500} INFO - Filling up the DagBag from /home/airflow/.local/lib/python3.7/site-packages/airflow/example_dags/example_branch_labels.py
[2022-03-28 07:31:01,105] {processor.py:654} INFO - DAG(s) dict_keys(['example_branch_labels']) retrieved from /home/airflow/.local/lib/python3.7/site-packages/airflow/example_dags/example_branch_labels.py
[2022-03-28 07:31:01,118] {logging_mixin.py:109} INFO - [2022-03-28 07:31:01,118] {dag.py:2398} INFO - Sync 1 DAGs
[2022-03-28 07:31:01,137] {logging_mixin.py:109} INFO - [2022-03-28 07:31:01,137] {dag.py:2937} INFO - Setting next_dagrun for example_branch_labels to 2022-03-27 00:00:00+00:00
[2022-03-28 07:31:01,149] {processor.py:171} INFO - Processing /home/airflow/.local/lib/python3.7/site-packages/airflow/example_dags/example_branch_labels.py took 0.082 seconds
[2022-03-28 07:31:31,507] {processor.py:163} INFO - Started process (PID=2858) to work on /home/airflow/.local/lib/python3.7/site-packages/airflow/example_dags/example_branch_labels.py
[2022-03-28 07:31:31,509] {processor.py:642} INFO - Processing file /home/airflow/.local/lib/python3.7/site-packages/airflow/example_dags/example_branch_labels.py for tasks to queue
[2022-03-28 07:31:31,511] {logging_mixin.py:109} INFO - [2022-03-28 07:31:31,511] {dagbag.py:500} INFO - Filling up the DagBag from /home/airflow/.local/lib/python3.7/site-packages/airflow/example_dags/example_branch_labels.py
[2022-03-28 07:31:31,556] {processor.py:654} INFO - DAG(s) dict_keys(['example_branch_labels']) retrieved from /home/airflow/.local/lib/python3.7/site-packages/airflow/example_dags/example_branch_labels.py
[2022-03-28 07:31:31,568] {logging_mixin.py:109} INFO - [2022-03-28 07:31:31,568] {dag.py:2398} INFO - Sync 1 DAGs
[2022-03-28 07:31:31,587] {logging_mixin.py:109} INFO - [2022-03-28 07:31:31,587] {dag.py:2937} INFO - Setting next_dagrun for example_branch_labels to 2022-03-27 00:00:00+00:00
[2022-03-28 07:31:31,598] {processor.py:171} INFO - Processing /home/airflow/.local/lib/python3.7/site-packages/airflow/example_dags/example_branch_labels.py took 0.095 seconds
[2022-03-28 07:32:02,580] {processor.py:163} INFO - Started process (PID=2910) to work on /home/airflow/.local/lib/python3.7/site-packages/airflow/example_dags/example_branch_labels.py
[2022-03-28 07:32:02,581] {processor.py:642} INFO - Processing file /home/airflow/.local/lib/python3.7/site-packages/airflow/example_dags/example_branch_labels.py for tasks to queue
[2022-03-28 07:32:02,582] {logging_mixin.py:109} INFO - [2022-03-28 07:32:02,582] {dagbag.py:500} INFO - Filling up the DagBag from /home/airflow/.local/lib/python3.7/site-packages/airflow/example_dags/example_branch_labels.py
[2022-03-28 07:32:02,607] {processor.py:654} INFO - DAG(s) dict_keys(['example_branch_labels']) retrieved from /home/airflow/.local/lib/python3.7/site-packages/airflow/example_dags/example_branch_labels.py
[2022-03-28 07:32:02,615] {logging_mixin.py:109} INFO - [2022-03-28 07:32:02,615] {dag.py:2398} INFO - Sync 1 DAGs
[2022-03-28 07:32:02,630] {logging_mixin.py:109} INFO - [2022-03-28 07:32:02,630] {dag.py:2937} INFO - Setting next_dagrun for example_branch_labels to 2022-03-27 00:00:00+00:00
[2022-03-28 07:32:02,638] {processor.py:171} INFO - Processing /home/airflow/.local/lib/python3.7/site-packages/airflow/example_dags/example_branch_labels.py took 0.061 seconds
