[2022-03-28 07:08:54,830] {processor.py:163} INFO - Started process (PID=346) to work on /home/airflow/.local/lib/python3.7/site-packages/airflow/example_dags/example_task_group_decorator.py
[2022-03-28 07:08:54,831] {processor.py:642} INFO - Processing file /home/airflow/.local/lib/python3.7/site-packages/airflow/example_dags/example_task_group_decorator.py for tasks to queue
[2022-03-28 07:08:54,833] {logging_mixin.py:109} INFO - [2022-03-28 07:08:54,833] {dagbag.py:500} INFO - Filling up the DagBag from /home/airflow/.local/lib/python3.7/site-packages/airflow/example_dags/example_task_group_decorator.py
[2022-03-28 07:08:54,898] {processor.py:654} INFO - DAG(s) dict_keys(['example_task_group_decorator']) retrieved from /home/airflow/.local/lib/python3.7/site-packages/airflow/example_dags/example_task_group_decorator.py
[2022-03-28 07:08:57,056] {logging_mixin.py:109} INFO - [2022-03-28 07:08:57,056] {manager.py:496} INFO - Created Permission View: can read on DAG:example_task_group_decorator
[2022-03-28 07:08:57,066] {logging_mixin.py:109} INFO - [2022-03-28 07:08:57,066] {manager.py:496} INFO - Created Permission View: can edit on DAG:example_task_group_decorator
[2022-03-28 07:08:57,067] {logging_mixin.py:109} INFO - [2022-03-28 07:08:57,066] {dag.py:2398} INFO - Sync 1 DAGs
[2022-03-28 07:08:57,074] {logging_mixin.py:109} INFO - [2022-03-28 07:08:57,074] {dag.py:2417} INFO - Creating ORM DAG for example_task_group_decorator
[2022-03-28 07:08:57,083] {logging_mixin.py:109} INFO - [2022-03-28 07:08:57,083] {dag.py:2937} INFO - Setting next_dagrun for example_task_group_decorator to 2022-03-27T07:08:57.083359+00:00
[2022-03-28 07:08:57,097] {processor.py:171} INFO - Processing /home/airflow/.local/lib/python3.7/site-packages/airflow/example_dags/example_task_group_decorator.py took 2.272 seconds
[2022-03-28 07:09:27,974] {processor.py:163} INFO - Started process (PID=504) to work on /home/airflow/.local/lib/python3.7/site-packages/airflow/example_dags/example_task_group_decorator.py
[2022-03-28 07:09:27,975] {processor.py:642} INFO - Processing file /home/airflow/.local/lib/python3.7/site-packages/airflow/example_dags/example_task_group_decorator.py for tasks to queue
[2022-03-28 07:09:27,976] {logging_mixin.py:109} INFO - [2022-03-28 07:09:27,976] {dagbag.py:500} INFO - Filling up the DagBag from /home/airflow/.local/lib/python3.7/site-packages/airflow/example_dags/example_task_group_decorator.py
[2022-03-28 07:09:28,031] {processor.py:654} INFO - DAG(s) dict_keys(['example_task_group_decorator']) retrieved from /home/airflow/.local/lib/python3.7/site-packages/airflow/example_dags/example_task_group_decorator.py
[2022-03-28 07:09:28,276] {logging_mixin.py:109} INFO - [2022-03-28 07:09:28,276] {dag.py:2398} INFO - Sync 1 DAGs
[2022-03-28 07:09:28,293] {logging_mixin.py:109} INFO - [2022-03-28 07:09:28,292] {dag.py:2937} INFO - Setting next_dagrun for example_task_group_decorator to 2022-03-27T07:09:28.292459+00:00
[2022-03-28 07:09:28,305] {processor.py:171} INFO - Processing /home/airflow/.local/lib/python3.7/site-packages/airflow/example_dags/example_task_group_decorator.py took 0.335 seconds
[2022-03-28 07:09:58,646] {processor.py:163} INFO - Started process (PID=554) to work on /home/airflow/.local/lib/python3.7/site-packages/airflow/example_dags/example_task_group_decorator.py
[2022-03-28 07:09:58,647] {processor.py:642} INFO - Processing file /home/airflow/.local/lib/python3.7/site-packages/airflow/example_dags/example_task_group_decorator.py for tasks to queue
[2022-03-28 07:09:58,648] {logging_mixin.py:109} INFO - [2022-03-28 07:09:58,648] {dagbag.py:500} INFO - Filling up the DagBag from /home/airflow/.local/lib/python3.7/site-packages/airflow/example_dags/example_task_group_decorator.py
[2022-03-28 07:09:58,699] {processor.py:654} INFO - DAG(s) dict_keys(['example_task_group_decorator']) retrieved from /home/airflow/.local/lib/python3.7/site-packages/airflow/example_dags/example_task_group_decorator.py
[2022-03-28 07:09:58,947] {logging_mixin.py:109} INFO - [2022-03-28 07:09:58,947] {dag.py:2398} INFO - Sync 1 DAGs
[2022-03-28 07:09:58,963] {logging_mixin.py:109} INFO - [2022-03-28 07:09:58,963] {dag.py:2937} INFO - Setting next_dagrun for example_task_group_decorator to 2022-03-27T07:09:58.962789+00:00
[2022-03-28 07:09:58,974] {processor.py:171} INFO - Processing /home/airflow/.local/lib/python3.7/site-packages/airflow/example_dags/example_task_group_decorator.py took 0.331 seconds
[2022-03-28 07:10:29,363] {processor.py:163} INFO - Started process (PID=615) to work on /home/airflow/.local/lib/python3.7/site-packages/airflow/example_dags/example_task_group_decorator.py
[2022-03-28 07:10:29,365] {processor.py:642} INFO - Processing file /home/airflow/.local/lib/python3.7/site-packages/airflow/example_dags/example_task_group_decorator.py for tasks to queue
[2022-03-28 07:10:29,366] {logging_mixin.py:109} INFO - [2022-03-28 07:10:29,366] {dagbag.py:500} INFO - Filling up the DagBag from /home/airflow/.local/lib/python3.7/site-packages/airflow/example_dags/example_task_group_decorator.py
[2022-03-28 07:10:29,417] {processor.py:654} INFO - DAG(s) dict_keys(['example_task_group_decorator']) retrieved from /home/airflow/.local/lib/python3.7/site-packages/airflow/example_dags/example_task_group_decorator.py
[2022-03-28 07:10:29,645] {logging_mixin.py:109} INFO - [2022-03-28 07:10:29,645] {dag.py:2398} INFO - Sync 1 DAGs
[2022-03-28 07:10:29,666] {logging_mixin.py:109} INFO - [2022-03-28 07:10:29,665] {dag.py:2937} INFO - Setting next_dagrun for example_task_group_decorator to 2022-03-27T07:10:29.665589+00:00
[2022-03-28 07:10:29,678] {processor.py:171} INFO - Processing /home/airflow/.local/lib/python3.7/site-packages/airflow/example_dags/example_task_group_decorator.py took 0.317 seconds
[2022-03-28 07:10:59,869] {processor.py:163} INFO - Started process (PID=666) to work on /home/airflow/.local/lib/python3.7/site-packages/airflow/example_dags/example_task_group_decorator.py
[2022-03-28 07:10:59,870] {processor.py:642} INFO - Processing file /home/airflow/.local/lib/python3.7/site-packages/airflow/example_dags/example_task_group_decorator.py for tasks to queue
[2022-03-28 07:10:59,871] {logging_mixin.py:109} INFO - [2022-03-28 07:10:59,871] {dagbag.py:500} INFO - Filling up the DagBag from /home/airflow/.local/lib/python3.7/site-packages/airflow/example_dags/example_task_group_decorator.py
[2022-03-28 07:10:59,919] {processor.py:654} INFO - DAG(s) dict_keys(['example_task_group_decorator']) retrieved from /home/airflow/.local/lib/python3.7/site-packages/airflow/example_dags/example_task_group_decorator.py
[2022-03-28 07:11:00,126] {logging_mixin.py:109} INFO - [2022-03-28 07:11:00,126] {dag.py:2398} INFO - Sync 1 DAGs
[2022-03-28 07:11:00,141] {logging_mixin.py:109} INFO - [2022-03-28 07:11:00,141] {dag.py:2937} INFO - Setting next_dagrun for example_task_group_decorator to 2022-03-27T07:11:00.141526+00:00
[2022-03-28 07:11:00,152] {processor.py:171} INFO - Processing /home/airflow/.local/lib/python3.7/site-packages/airflow/example_dags/example_task_group_decorator.py took 0.288 seconds
[2022-03-28 07:11:30,378] {processor.py:163} INFO - Started process (PID=717) to work on /home/airflow/.local/lib/python3.7/site-packages/airflow/example_dags/example_task_group_decorator.py
[2022-03-28 07:11:30,380] {processor.py:642} INFO - Processing file /home/airflow/.local/lib/python3.7/site-packages/airflow/example_dags/example_task_group_decorator.py for tasks to queue
[2022-03-28 07:11:30,381] {logging_mixin.py:109} INFO - [2022-03-28 07:11:30,381] {dagbag.py:500} INFO - Filling up the DagBag from /home/airflow/.local/lib/python3.7/site-packages/airflow/example_dags/example_task_group_decorator.py
[2022-03-28 07:11:30,420] {processor.py:654} INFO - DAG(s) dict_keys(['example_task_group_decorator']) retrieved from /home/airflow/.local/lib/python3.7/site-packages/airflow/example_dags/example_task_group_decorator.py
[2022-03-28 07:11:30,617] {logging_mixin.py:109} INFO - [2022-03-28 07:11:30,617] {dag.py:2398} INFO - Sync 1 DAGs
[2022-03-28 07:11:30,630] {logging_mixin.py:109} INFO - [2022-03-28 07:11:30,630] {dag.py:2937} INFO - Setting next_dagrun for example_task_group_decorator to 2022-03-27T07:11:30.629880+00:00
[2022-03-28 07:11:30,639] {processor.py:171} INFO - Processing /home/airflow/.local/lib/python3.7/site-packages/airflow/example_dags/example_task_group_decorator.py took 0.264 seconds
[2022-03-28 07:12:00,831] {processor.py:163} INFO - Started process (PID=777) to work on /home/airflow/.local/lib/python3.7/site-packages/airflow/example_dags/example_task_group_decorator.py
[2022-03-28 07:12:00,832] {processor.py:642} INFO - Processing file /home/airflow/.local/lib/python3.7/site-packages/airflow/example_dags/example_task_group_decorator.py for tasks to queue
[2022-03-28 07:12:00,834] {logging_mixin.py:109} INFO - [2022-03-28 07:12:00,834] {dagbag.py:500} INFO - Filling up the DagBag from /home/airflow/.local/lib/python3.7/site-packages/airflow/example_dags/example_task_group_decorator.py
[2022-03-28 07:12:00,894] {processor.py:654} INFO - DAG(s) dict_keys(['example_task_group_decorator']) retrieved from /home/airflow/.local/lib/python3.7/site-packages/airflow/example_dags/example_task_group_decorator.py
[2022-03-28 07:12:01,097] {logging_mixin.py:109} INFO - [2022-03-28 07:12:01,097] {dag.py:2398} INFO - Sync 1 DAGs
[2022-03-28 07:12:01,109] {logging_mixin.py:109} INFO - [2022-03-28 07:12:01,109] {dag.py:2937} INFO - Setting next_dagrun for example_task_group_decorator to 2022-03-27T07:12:01.109064+00:00
[2022-03-28 07:12:01,119] {processor.py:171} INFO - Processing /home/airflow/.local/lib/python3.7/site-packages/airflow/example_dags/example_task_group_decorator.py took 0.292 seconds
[2022-03-28 07:12:31,431] {processor.py:163} INFO - Started process (PID=829) to work on /home/airflow/.local/lib/python3.7/site-packages/airflow/example_dags/example_task_group_decorator.py
[2022-03-28 07:12:31,432] {processor.py:642} INFO - Processing file /home/airflow/.local/lib/python3.7/site-packages/airflow/example_dags/example_task_group_decorator.py for tasks to queue
[2022-03-28 07:12:31,433] {logging_mixin.py:109} INFO - [2022-03-28 07:12:31,433] {dagbag.py:500} INFO - Filling up the DagBag from /home/airflow/.local/lib/python3.7/site-packages/airflow/example_dags/example_task_group_decorator.py
[2022-03-28 07:12:31,480] {processor.py:654} INFO - DAG(s) dict_keys(['example_task_group_decorator']) retrieved from /home/airflow/.local/lib/python3.7/site-packages/airflow/example_dags/example_task_group_decorator.py
[2022-03-28 07:12:31,721] {logging_mixin.py:109} INFO - [2022-03-28 07:12:31,721] {dag.py:2398} INFO - Sync 1 DAGs
[2022-03-28 07:12:31,737] {logging_mixin.py:109} INFO - [2022-03-28 07:12:31,737] {dag.py:2937} INFO - Setting next_dagrun for example_task_group_decorator to 2022-03-27T07:12:31.736839+00:00
[2022-03-28 07:12:31,749] {processor.py:171} INFO - Processing /home/airflow/.local/lib/python3.7/site-packages/airflow/example_dags/example_task_group_decorator.py took 0.322 seconds
[2022-03-28 07:13:01,950] {processor.py:163} INFO - Started process (PID=880) to work on /home/airflow/.local/lib/python3.7/site-packages/airflow/example_dags/example_task_group_decorator.py
[2022-03-28 07:13:01,951] {processor.py:642} INFO - Processing file /home/airflow/.local/lib/python3.7/site-packages/airflow/example_dags/example_task_group_decorator.py for tasks to queue
[2022-03-28 07:13:01,953] {logging_mixin.py:109} INFO - [2022-03-28 07:13:01,952] {dagbag.py:500} INFO - Filling up the DagBag from /home/airflow/.local/lib/python3.7/site-packages/airflow/example_dags/example_task_group_decorator.py
[2022-03-28 07:13:02,009] {processor.py:654} INFO - DAG(s) dict_keys(['example_task_group_decorator']) retrieved from /home/airflow/.local/lib/python3.7/site-packages/airflow/example_dags/example_task_group_decorator.py
[2022-03-28 07:13:02,256] {logging_mixin.py:109} INFO - [2022-03-28 07:13:02,256] {dag.py:2398} INFO - Sync 1 DAGs
[2022-03-28 07:13:02,273] {logging_mixin.py:109} INFO - [2022-03-28 07:13:02,273] {dag.py:2937} INFO - Setting next_dagrun for example_task_group_decorator to 2022-03-27T07:13:02.273556+00:00
[2022-03-28 07:13:02,286] {processor.py:171} INFO - Processing /home/airflow/.local/lib/python3.7/site-packages/airflow/example_dags/example_task_group_decorator.py took 0.340 seconds
[2022-03-28 07:13:32,496] {processor.py:163} INFO - Started process (PID=940) to work on /home/airflow/.local/lib/python3.7/site-packages/airflow/example_dags/example_task_group_decorator.py
[2022-03-28 07:13:32,497] {processor.py:642} INFO - Processing file /home/airflow/.local/lib/python3.7/site-packages/airflow/example_dags/example_task_group_decorator.py for tasks to queue
[2022-03-28 07:13:32,498] {logging_mixin.py:109} INFO - [2022-03-28 07:13:32,498] {dagbag.py:500} INFO - Filling up the DagBag from /home/airflow/.local/lib/python3.7/site-packages/airflow/example_dags/example_task_group_decorator.py
[2022-03-28 07:13:32,543] {processor.py:654} INFO - DAG(s) dict_keys(['example_task_group_decorator']) retrieved from /home/airflow/.local/lib/python3.7/site-packages/airflow/example_dags/example_task_group_decorator.py
[2022-03-28 07:13:32,735] {logging_mixin.py:109} INFO - [2022-03-28 07:13:32,735] {dag.py:2398} INFO - Sync 1 DAGs
[2022-03-28 07:13:32,748] {logging_mixin.py:109} INFO - [2022-03-28 07:13:32,748] {dag.py:2937} INFO - Setting next_dagrun for example_task_group_decorator to 2022-03-27T07:13:32.748354+00:00
[2022-03-28 07:13:32,758] {processor.py:171} INFO - Processing /home/airflow/.local/lib/python3.7/site-packages/airflow/example_dags/example_task_group_decorator.py took 0.265 seconds
[2022-03-28 07:14:03,042] {processor.py:163} INFO - Started process (PID=991) to work on /home/airflow/.local/lib/python3.7/site-packages/airflow/example_dags/example_task_group_decorator.py
[2022-03-28 07:14:03,044] {processor.py:642} INFO - Processing file /home/airflow/.local/lib/python3.7/site-packages/airflow/example_dags/example_task_group_decorator.py for tasks to queue
[2022-03-28 07:14:03,045] {logging_mixin.py:109} INFO - [2022-03-28 07:14:03,044] {dagbag.py:500} INFO - Filling up the DagBag from /home/airflow/.local/lib/python3.7/site-packages/airflow/example_dags/example_task_group_decorator.py
[2022-03-28 07:14:03,087] {processor.py:654} INFO - DAG(s) dict_keys(['example_task_group_decorator']) retrieved from /home/airflow/.local/lib/python3.7/site-packages/airflow/example_dags/example_task_group_decorator.py
[2022-03-28 07:14:03,308] {logging_mixin.py:109} INFO - [2022-03-28 07:14:03,308] {dag.py:2398} INFO - Sync 1 DAGs
[2022-03-28 07:14:03,323] {logging_mixin.py:109} INFO - [2022-03-28 07:14:03,323] {dag.py:2937} INFO - Setting next_dagrun for example_task_group_decorator to 2022-03-27T07:14:03.323382+00:00
[2022-03-28 07:14:03,336] {processor.py:171} INFO - Processing /home/airflow/.local/lib/python3.7/site-packages/airflow/example_dags/example_task_group_decorator.py took 0.295 seconds
[2022-03-28 07:14:33,602] {processor.py:163} INFO - Started process (PID=1042) to work on /home/airflow/.local/lib/python3.7/site-packages/airflow/example_dags/example_task_group_decorator.py
[2022-03-28 07:14:33,603] {processor.py:642} INFO - Processing file /home/airflow/.local/lib/python3.7/site-packages/airflow/example_dags/example_task_group_decorator.py for tasks to queue
[2022-03-28 07:14:33,604] {logging_mixin.py:109} INFO - [2022-03-28 07:14:33,604] {dagbag.py:500} INFO - Filling up the DagBag from /home/airflow/.local/lib/python3.7/site-packages/airflow/example_dags/example_task_group_decorator.py
[2022-03-28 07:14:33,649] {processor.py:654} INFO - DAG(s) dict_keys(['example_task_group_decorator']) retrieved from /home/airflow/.local/lib/python3.7/site-packages/airflow/example_dags/example_task_group_decorator.py
[2022-03-28 07:14:33,845] {logging_mixin.py:109} INFO - [2022-03-28 07:14:33,845] {dag.py:2398} INFO - Sync 1 DAGs
[2022-03-28 07:14:33,863] {logging_mixin.py:109} INFO - [2022-03-28 07:14:33,863] {dag.py:2937} INFO - Setting next_dagrun for example_task_group_decorator to 2022-03-27T07:14:33.863014+00:00
[2022-03-28 07:14:33,875] {processor.py:171} INFO - Processing /home/airflow/.local/lib/python3.7/site-packages/airflow/example_dags/example_task_group_decorator.py took 0.276 seconds
[2022-03-28 07:15:04,275] {processor.py:163} INFO - Started process (PID=1101) to work on /home/airflow/.local/lib/python3.7/site-packages/airflow/example_dags/example_task_group_decorator.py
[2022-03-28 07:15:04,276] {processor.py:642} INFO - Processing file /home/airflow/.local/lib/python3.7/site-packages/airflow/example_dags/example_task_group_decorator.py for tasks to queue
[2022-03-28 07:15:04,277] {logging_mixin.py:109} INFO - [2022-03-28 07:15:04,277] {dagbag.py:500} INFO - Filling up the DagBag from /home/airflow/.local/lib/python3.7/site-packages/airflow/example_dags/example_task_group_decorator.py
[2022-03-28 07:15:04,325] {processor.py:654} INFO - DAG(s) dict_keys(['example_task_group_decorator']) retrieved from /home/airflow/.local/lib/python3.7/site-packages/airflow/example_dags/example_task_group_decorator.py
[2022-03-28 07:15:04,512] {logging_mixin.py:109} INFO - [2022-03-28 07:15:04,512] {dag.py:2398} INFO - Sync 1 DAGs
[2022-03-28 07:15:04,523] {logging_mixin.py:109} INFO - [2022-03-28 07:15:04,523] {dag.py:2937} INFO - Setting next_dagrun for example_task_group_decorator to 2022-03-27T07:15:04.523069+00:00
[2022-03-28 07:15:04,535] {processor.py:171} INFO - Processing /home/airflow/.local/lib/python3.7/site-packages/airflow/example_dags/example_task_group_decorator.py took 0.264 seconds
[2022-03-28 07:15:34,872] {processor.py:163} INFO - Started process (PID=1152) to work on /home/airflow/.local/lib/python3.7/site-packages/airflow/example_dags/example_task_group_decorator.py
[2022-03-28 07:15:34,874] {processor.py:642} INFO - Processing file /home/airflow/.local/lib/python3.7/site-packages/airflow/example_dags/example_task_group_decorator.py for tasks to queue
[2022-03-28 07:15:34,874] {logging_mixin.py:109} INFO - [2022-03-28 07:15:34,874] {dagbag.py:500} INFO - Filling up the DagBag from /home/airflow/.local/lib/python3.7/site-packages/airflow/example_dags/example_task_group_decorator.py
[2022-03-28 07:15:34,916] {processor.py:654} INFO - DAG(s) dict_keys(['example_task_group_decorator']) retrieved from /home/airflow/.local/lib/python3.7/site-packages/airflow/example_dags/example_task_group_decorator.py
[2022-03-28 07:15:35,102] {logging_mixin.py:109} INFO - [2022-03-28 07:15:35,102] {dag.py:2398} INFO - Sync 1 DAGs
[2022-03-28 07:15:35,115] {logging_mixin.py:109} INFO - [2022-03-28 07:15:35,115] {dag.py:2937} INFO - Setting next_dagrun for example_task_group_decorator to 2022-03-27T07:15:35.114980+00:00
[2022-03-28 07:15:35,126] {processor.py:171} INFO - Processing /home/airflow/.local/lib/python3.7/site-packages/airflow/example_dags/example_task_group_decorator.py took 0.257 seconds
[2022-03-28 07:16:05,327] {processor.py:163} INFO - Started process (PID=1203) to work on /home/airflow/.local/lib/python3.7/site-packages/airflow/example_dags/example_task_group_decorator.py
[2022-03-28 07:16:05,328] {processor.py:642} INFO - Processing file /home/airflow/.local/lib/python3.7/site-packages/airflow/example_dags/example_task_group_decorator.py for tasks to queue
[2022-03-28 07:16:05,330] {logging_mixin.py:109} INFO - [2022-03-28 07:16:05,329] {dagbag.py:500} INFO - Filling up the DagBag from /home/airflow/.local/lib/python3.7/site-packages/airflow/example_dags/example_task_group_decorator.py
[2022-03-28 07:16:05,374] {processor.py:654} INFO - DAG(s) dict_keys(['example_task_group_decorator']) retrieved from /home/airflow/.local/lib/python3.7/site-packages/airflow/example_dags/example_task_group_decorator.py
[2022-03-28 07:16:05,572] {logging_mixin.py:109} INFO - [2022-03-28 07:16:05,572] {dag.py:2398} INFO - Sync 1 DAGs
[2022-03-28 07:16:05,585] {logging_mixin.py:109} INFO - [2022-03-28 07:16:05,585] {dag.py:2937} INFO - Setting next_dagrun for example_task_group_decorator to 2022-03-27T07:16:05.585163+00:00
[2022-03-28 07:16:05,595] {processor.py:171} INFO - Processing /home/airflow/.local/lib/python3.7/site-packages/airflow/example_dags/example_task_group_decorator.py took 0.271 seconds
[2022-03-28 07:16:35,911] {processor.py:163} INFO - Started process (PID=1264) to work on /home/airflow/.local/lib/python3.7/site-packages/airflow/example_dags/example_task_group_decorator.py
[2022-03-28 07:16:35,912] {processor.py:642} INFO - Processing file /home/airflow/.local/lib/python3.7/site-packages/airflow/example_dags/example_task_group_decorator.py for tasks to queue
[2022-03-28 07:16:35,913] {logging_mixin.py:109} INFO - [2022-03-28 07:16:35,913] {dagbag.py:500} INFO - Filling up the DagBag from /home/airflow/.local/lib/python3.7/site-packages/airflow/example_dags/example_task_group_decorator.py
[2022-03-28 07:16:35,954] {processor.py:654} INFO - DAG(s) dict_keys(['example_task_group_decorator']) retrieved from /home/airflow/.local/lib/python3.7/site-packages/airflow/example_dags/example_task_group_decorator.py
[2022-03-28 07:16:36,146] {logging_mixin.py:109} INFO - [2022-03-28 07:16:36,146] {dag.py:2398} INFO - Sync 1 DAGs
[2022-03-28 07:16:36,158] {logging_mixin.py:109} INFO - [2022-03-28 07:16:36,158] {dag.py:2937} INFO - Setting next_dagrun for example_task_group_decorator to 2022-03-27T07:16:36.157926+00:00
[2022-03-28 07:16:36,172] {processor.py:171} INFO - Processing /home/airflow/.local/lib/python3.7/site-packages/airflow/example_dags/example_task_group_decorator.py took 0.264 seconds
[2022-03-28 07:17:06,475] {processor.py:163} INFO - Started process (PID=1316) to work on /home/airflow/.local/lib/python3.7/site-packages/airflow/example_dags/example_task_group_decorator.py
[2022-03-28 07:17:06,476] {processor.py:642} INFO - Processing file /home/airflow/.local/lib/python3.7/site-packages/airflow/example_dags/example_task_group_decorator.py for tasks to queue
[2022-03-28 07:17:06,477] {logging_mixin.py:109} INFO - [2022-03-28 07:17:06,477] {dagbag.py:500} INFO - Filling up the DagBag from /home/airflow/.local/lib/python3.7/site-packages/airflow/example_dags/example_task_group_decorator.py
[2022-03-28 07:17:06,517] {processor.py:654} INFO - DAG(s) dict_keys(['example_task_group_decorator']) retrieved from /home/airflow/.local/lib/python3.7/site-packages/airflow/example_dags/example_task_group_decorator.py
[2022-03-28 07:17:06,694] {logging_mixin.py:109} INFO - [2022-03-28 07:17:06,694] {dag.py:2398} INFO - Sync 1 DAGs
[2022-03-28 07:17:06,705] {logging_mixin.py:109} INFO - [2022-03-28 07:17:06,705] {dag.py:2937} INFO - Setting next_dagrun for example_task_group_decorator to 2022-03-27T07:17:06.705371+00:00
[2022-03-28 07:17:06,716] {processor.py:171} INFO - Processing /home/airflow/.local/lib/python3.7/site-packages/airflow/example_dags/example_task_group_decorator.py took 0.244 seconds
[2022-03-28 07:17:36,972] {processor.py:163} INFO - Started process (PID=1367) to work on /home/airflow/.local/lib/python3.7/site-packages/airflow/example_dags/example_task_group_decorator.py
[2022-03-28 07:17:36,974] {processor.py:642} INFO - Processing file /home/airflow/.local/lib/python3.7/site-packages/airflow/example_dags/example_task_group_decorator.py for tasks to queue
[2022-03-28 07:17:36,975] {logging_mixin.py:109} INFO - [2022-03-28 07:17:36,975] {dagbag.py:500} INFO - Filling up the DagBag from /home/airflow/.local/lib/python3.7/site-packages/airflow/example_dags/example_task_group_decorator.py
[2022-03-28 07:17:37,033] {processor.py:654} INFO - DAG(s) dict_keys(['example_task_group_decorator']) retrieved from /home/airflow/.local/lib/python3.7/site-packages/airflow/example_dags/example_task_group_decorator.py
[2022-03-28 07:17:37,259] {logging_mixin.py:109} INFO - [2022-03-28 07:17:37,259] {dag.py:2398} INFO - Sync 1 DAGs
[2022-03-28 07:17:37,277] {logging_mixin.py:109} INFO - [2022-03-28 07:17:37,277] {dag.py:2937} INFO - Setting next_dagrun for example_task_group_decorator to 2022-03-27T07:17:37.277092+00:00
[2022-03-28 07:17:37,292] {processor.py:171} INFO - Processing /home/airflow/.local/lib/python3.7/site-packages/airflow/example_dags/example_task_group_decorator.py took 0.323 seconds
[2022-03-28 07:18:07,673] {processor.py:163} INFO - Started process (PID=1428) to work on /home/airflow/.local/lib/python3.7/site-packages/airflow/example_dags/example_task_group_decorator.py
[2022-03-28 07:18:07,674] {processor.py:642} INFO - Processing file /home/airflow/.local/lib/python3.7/site-packages/airflow/example_dags/example_task_group_decorator.py for tasks to queue
[2022-03-28 07:18:07,675] {logging_mixin.py:109} INFO - [2022-03-28 07:18:07,675] {dagbag.py:500} INFO - Filling up the DagBag from /home/airflow/.local/lib/python3.7/site-packages/airflow/example_dags/example_task_group_decorator.py
[2022-03-28 07:18:07,725] {processor.py:654} INFO - DAG(s) dict_keys(['example_task_group_decorator']) retrieved from /home/airflow/.local/lib/python3.7/site-packages/airflow/example_dags/example_task_group_decorator.py
[2022-03-28 07:18:08,014] {logging_mixin.py:109} INFO - [2022-03-28 07:18:08,014] {dag.py:2398} INFO - Sync 1 DAGs
[2022-03-28 07:18:08,034] {logging_mixin.py:109} INFO - [2022-03-28 07:18:08,033] {dag.py:2937} INFO - Setting next_dagrun for example_task_group_decorator to 2022-03-27T07:18:08.033609+00:00
[2022-03-28 07:18:08,048] {processor.py:171} INFO - Processing /home/airflow/.local/lib/python3.7/site-packages/airflow/example_dags/example_task_group_decorator.py took 0.378 seconds
[2022-03-28 07:18:38,090] {processor.py:163} INFO - Started process (PID=1479) to work on /home/airflow/.local/lib/python3.7/site-packages/airflow/example_dags/example_task_group_decorator.py
[2022-03-28 07:18:38,091] {processor.py:642} INFO - Processing file /home/airflow/.local/lib/python3.7/site-packages/airflow/example_dags/example_task_group_decorator.py for tasks to queue
[2022-03-28 07:18:38,093] {logging_mixin.py:109} INFO - [2022-03-28 07:18:38,092] {dagbag.py:500} INFO - Filling up the DagBag from /home/airflow/.local/lib/python3.7/site-packages/airflow/example_dags/example_task_group_decorator.py
[2022-03-28 07:18:38,138] {processor.py:654} INFO - DAG(s) dict_keys(['example_task_group_decorator']) retrieved from /home/airflow/.local/lib/python3.7/site-packages/airflow/example_dags/example_task_group_decorator.py
[2022-03-28 07:18:38,327] {logging_mixin.py:109} INFO - [2022-03-28 07:18:38,326] {dag.py:2398} INFO - Sync 1 DAGs
[2022-03-28 07:18:38,340] {logging_mixin.py:109} INFO - [2022-03-28 07:18:38,340] {dag.py:2937} INFO - Setting next_dagrun for example_task_group_decorator to 2022-03-27T07:18:38.340327+00:00
[2022-03-28 07:18:38,351] {processor.py:171} INFO - Processing /home/airflow/.local/lib/python3.7/site-packages/airflow/example_dags/example_task_group_decorator.py took 0.264 seconds
[2022-03-28 07:19:08,640] {processor.py:163} INFO - Started process (PID=1530) to work on /home/airflow/.local/lib/python3.7/site-packages/airflow/example_dags/example_task_group_decorator.py
[2022-03-28 07:19:08,641] {processor.py:642} INFO - Processing file /home/airflow/.local/lib/python3.7/site-packages/airflow/example_dags/example_task_group_decorator.py for tasks to queue
[2022-03-28 07:19:08,643] {logging_mixin.py:109} INFO - [2022-03-28 07:19:08,643] {dagbag.py:500} INFO - Filling up the DagBag from /home/airflow/.local/lib/python3.7/site-packages/airflow/example_dags/example_task_group_decorator.py
[2022-03-28 07:19:08,696] {processor.py:654} INFO - DAG(s) dict_keys(['example_task_group_decorator']) retrieved from /home/airflow/.local/lib/python3.7/site-packages/airflow/example_dags/example_task_group_decorator.py
[2022-03-28 07:19:08,914] {logging_mixin.py:109} INFO - [2022-03-28 07:19:08,914] {dag.py:2398} INFO - Sync 1 DAGs
[2022-03-28 07:19:08,925] {logging_mixin.py:109} INFO - [2022-03-28 07:19:08,925] {dag.py:2937} INFO - Setting next_dagrun for example_task_group_decorator to 2022-03-27T07:19:08.925675+00:00
[2022-03-28 07:19:08,938] {processor.py:171} INFO - Processing /home/airflow/.local/lib/python3.7/site-packages/airflow/example_dags/example_task_group_decorator.py took 0.301 seconds
[2022-03-28 07:19:39,049] {processor.py:163} INFO - Started process (PID=1591) to work on /home/airflow/.local/lib/python3.7/site-packages/airflow/example_dags/example_task_group_decorator.py
[2022-03-28 07:19:39,050] {processor.py:642} INFO - Processing file /home/airflow/.local/lib/python3.7/site-packages/airflow/example_dags/example_task_group_decorator.py for tasks to queue
[2022-03-28 07:19:39,051] {logging_mixin.py:109} INFO - [2022-03-28 07:19:39,051] {dagbag.py:500} INFO - Filling up the DagBag from /home/airflow/.local/lib/python3.7/site-packages/airflow/example_dags/example_task_group_decorator.py
[2022-03-28 07:19:39,101] {processor.py:654} INFO - DAG(s) dict_keys(['example_task_group_decorator']) retrieved from /home/airflow/.local/lib/python3.7/site-packages/airflow/example_dags/example_task_group_decorator.py
[2022-03-28 07:19:39,354] {logging_mixin.py:109} INFO - [2022-03-28 07:19:39,354] {dag.py:2398} INFO - Sync 1 DAGs
[2022-03-28 07:19:39,374] {logging_mixin.py:109} INFO - [2022-03-28 07:19:39,374] {dag.py:2937} INFO - Setting next_dagrun for example_task_group_decorator to 2022-03-27T07:19:39.374175+00:00
[2022-03-28 07:19:39,389] {processor.py:171} INFO - Processing /home/airflow/.local/lib/python3.7/site-packages/airflow/example_dags/example_task_group_decorator.py took 0.344 seconds
[2022-03-28 07:20:09,854] {processor.py:163} INFO - Started process (PID=1642) to work on /home/airflow/.local/lib/python3.7/site-packages/airflow/example_dags/example_task_group_decorator.py
[2022-03-28 07:20:09,855] {processor.py:642} INFO - Processing file /home/airflow/.local/lib/python3.7/site-packages/airflow/example_dags/example_task_group_decorator.py for tasks to queue
[2022-03-28 07:20:09,856] {logging_mixin.py:109} INFO - [2022-03-28 07:20:09,856] {dagbag.py:500} INFO - Filling up the DagBag from /home/airflow/.local/lib/python3.7/site-packages/airflow/example_dags/example_task_group_decorator.py
[2022-03-28 07:20:09,962] {processor.py:654} INFO - DAG(s) dict_keys(['example_task_group_decorator']) retrieved from /home/airflow/.local/lib/python3.7/site-packages/airflow/example_dags/example_task_group_decorator.py
[2022-03-28 07:20:10,184] {logging_mixin.py:109} INFO - [2022-03-28 07:20:10,184] {dag.py:2398} INFO - Sync 1 DAGs
[2022-03-28 07:20:10,196] {logging_mixin.py:109} INFO - [2022-03-28 07:20:10,196] {dag.py:2937} INFO - Setting next_dagrun for example_task_group_decorator to 2022-03-27T07:20:10.196045+00:00
[2022-03-28 07:20:10,207] {processor.py:171} INFO - Processing /home/airflow/.local/lib/python3.7/site-packages/airflow/example_dags/example_task_group_decorator.py took 0.355 seconds
[2022-03-28 07:20:41,206] {processor.py:163} INFO - Started process (PID=1695) to work on /home/airflow/.local/lib/python3.7/site-packages/airflow/example_dags/example_task_group_decorator.py
[2022-03-28 07:20:41,207] {processor.py:642} INFO - Processing file /home/airflow/.local/lib/python3.7/site-packages/airflow/example_dags/example_task_group_decorator.py for tasks to queue
[2022-03-28 07:20:41,208] {logging_mixin.py:109} INFO - [2022-03-28 07:20:41,208] {dagbag.py:500} INFO - Filling up the DagBag from /home/airflow/.local/lib/python3.7/site-packages/airflow/example_dags/example_task_group_decorator.py
[2022-03-28 07:20:41,245] {processor.py:654} INFO - DAG(s) dict_keys(['example_task_group_decorator']) retrieved from /home/airflow/.local/lib/python3.7/site-packages/airflow/example_dags/example_task_group_decorator.py
[2022-03-28 07:20:41,428] {logging_mixin.py:109} INFO - [2022-03-28 07:20:41,428] {dag.py:2398} INFO - Sync 1 DAGs
[2022-03-28 07:20:41,440] {logging_mixin.py:109} INFO - [2022-03-28 07:20:41,439] {dag.py:2937} INFO - Setting next_dagrun for example_task_group_decorator to 2022-03-27T07:20:41.439480+00:00
[2022-03-28 07:20:41,451] {processor.py:171} INFO - Processing /home/airflow/.local/lib/python3.7/site-packages/airflow/example_dags/example_task_group_decorator.py took 0.248 seconds
[2022-03-28 07:21:11,747] {processor.py:163} INFO - Started process (PID=1755) to work on /home/airflow/.local/lib/python3.7/site-packages/airflow/example_dags/example_task_group_decorator.py
[2022-03-28 07:21:11,748] {processor.py:642} INFO - Processing file /home/airflow/.local/lib/python3.7/site-packages/airflow/example_dags/example_task_group_decorator.py for tasks to queue
[2022-03-28 07:21:11,749] {logging_mixin.py:109} INFO - [2022-03-28 07:21:11,749] {dagbag.py:500} INFO - Filling up the DagBag from /home/airflow/.local/lib/python3.7/site-packages/airflow/example_dags/example_task_group_decorator.py
[2022-03-28 07:21:11,792] {processor.py:654} INFO - DAG(s) dict_keys(['example_task_group_decorator']) retrieved from /home/airflow/.local/lib/python3.7/site-packages/airflow/example_dags/example_task_group_decorator.py
[2022-03-28 07:21:11,987] {logging_mixin.py:109} INFO - [2022-03-28 07:21:11,987] {dag.py:2398} INFO - Sync 1 DAGs
[2022-03-28 07:21:12,002] {logging_mixin.py:109} INFO - [2022-03-28 07:21:12,002] {dag.py:2937} INFO - Setting next_dagrun for example_task_group_decorator to 2022-03-27T07:21:12.001685+00:00
[2022-03-28 07:21:12,012] {processor.py:171} INFO - Processing /home/airflow/.local/lib/python3.7/site-packages/airflow/example_dags/example_task_group_decorator.py took 0.268 seconds
[2022-03-28 07:21:43,013] {processor.py:163} INFO - Started process (PID=1806) to work on /home/airflow/.local/lib/python3.7/site-packages/airflow/example_dags/example_task_group_decorator.py
[2022-03-28 07:21:43,015] {processor.py:642} INFO - Processing file /home/airflow/.local/lib/python3.7/site-packages/airflow/example_dags/example_task_group_decorator.py for tasks to queue
[2022-03-28 07:21:43,016] {logging_mixin.py:109} INFO - [2022-03-28 07:21:43,016] {dagbag.py:500} INFO - Filling up the DagBag from /home/airflow/.local/lib/python3.7/site-packages/airflow/example_dags/example_task_group_decorator.py
[2022-03-28 07:21:43,056] {processor.py:654} INFO - DAG(s) dict_keys(['example_task_group_decorator']) retrieved from /home/airflow/.local/lib/python3.7/site-packages/airflow/example_dags/example_task_group_decorator.py
[2022-03-28 07:21:43,245] {logging_mixin.py:109} INFO - [2022-03-28 07:21:43,245] {dag.py:2398} INFO - Sync 1 DAGs
[2022-03-28 07:21:43,257] {logging_mixin.py:109} INFO - [2022-03-28 07:21:43,256] {dag.py:2937} INFO - Setting next_dagrun for example_task_group_decorator to 2022-03-27T07:21:43.256792+00:00
[2022-03-28 07:21:43,266] {processor.py:171} INFO - Processing /home/airflow/.local/lib/python3.7/site-packages/airflow/example_dags/example_task_group_decorator.py took 0.256 seconds
[2022-03-28 07:22:13,460] {processor.py:163} INFO - Started process (PID=1867) to work on /home/airflow/.local/lib/python3.7/site-packages/airflow/example_dags/example_task_group_decorator.py
[2022-03-28 07:22:13,462] {processor.py:642} INFO - Processing file /home/airflow/.local/lib/python3.7/site-packages/airflow/example_dags/example_task_group_decorator.py for tasks to queue
[2022-03-28 07:22:13,464] {logging_mixin.py:109} INFO - [2022-03-28 07:22:13,464] {dagbag.py:500} INFO - Filling up the DagBag from /home/airflow/.local/lib/python3.7/site-packages/airflow/example_dags/example_task_group_decorator.py
[2022-03-28 07:22:13,535] {processor.py:654} INFO - DAG(s) dict_keys(['example_task_group_decorator']) retrieved from /home/airflow/.local/lib/python3.7/site-packages/airflow/example_dags/example_task_group_decorator.py
[2022-03-28 07:22:13,840] {logging_mixin.py:109} INFO - [2022-03-28 07:22:13,839] {dag.py:2398} INFO - Sync 1 DAGs
[2022-03-28 07:22:13,861] {logging_mixin.py:109} INFO - [2022-03-28 07:22:13,860] {dag.py:2937} INFO - Setting next_dagrun for example_task_group_decorator to 2022-03-27T07:22:13.860465+00:00
[2022-03-28 07:22:13,891] {processor.py:171} INFO - Processing /home/airflow/.local/lib/python3.7/site-packages/airflow/example_dags/example_task_group_decorator.py took 0.436 seconds
[2022-03-28 07:22:43,947] {processor.py:163} INFO - Started process (PID=1920) to work on /home/airflow/.local/lib/python3.7/site-packages/airflow/example_dags/example_task_group_decorator.py
[2022-03-28 07:22:43,949] {processor.py:642} INFO - Processing file /home/airflow/.local/lib/python3.7/site-packages/airflow/example_dags/example_task_group_decorator.py for tasks to queue
[2022-03-28 07:22:43,950] {logging_mixin.py:109} INFO - [2022-03-28 07:22:43,950] {dagbag.py:500} INFO - Filling up the DagBag from /home/airflow/.local/lib/python3.7/site-packages/airflow/example_dags/example_task_group_decorator.py
[2022-03-28 07:22:44,014] {processor.py:654} INFO - DAG(s) dict_keys(['example_task_group_decorator']) retrieved from /home/airflow/.local/lib/python3.7/site-packages/airflow/example_dags/example_task_group_decorator.py
[2022-03-28 07:22:44,301] {logging_mixin.py:109} INFO - [2022-03-28 07:22:44,301] {dag.py:2398} INFO - Sync 1 DAGs
[2022-03-28 07:22:44,325] {logging_mixin.py:109} INFO - [2022-03-28 07:22:44,325] {dag.py:2937} INFO - Setting next_dagrun for example_task_group_decorator to 2022-03-27T07:22:44.324792+00:00
[2022-03-28 07:22:44,354] {processor.py:171} INFO - Processing /home/airflow/.local/lib/python3.7/site-packages/airflow/example_dags/example_task_group_decorator.py took 0.410 seconds
[2022-03-28 07:23:15,386] {processor.py:163} INFO - Started process (PID=1970) to work on /home/airflow/.local/lib/python3.7/site-packages/airflow/example_dags/example_task_group_decorator.py
[2022-03-28 07:23:15,389] {processor.py:642} INFO - Processing file /home/airflow/.local/lib/python3.7/site-packages/airflow/example_dags/example_task_group_decorator.py for tasks to queue
[2022-03-28 07:23:15,391] {logging_mixin.py:109} INFO - [2022-03-28 07:23:15,390] {dagbag.py:500} INFO - Filling up the DagBag from /home/airflow/.local/lib/python3.7/site-packages/airflow/example_dags/example_task_group_decorator.py
[2022-03-28 07:23:15,458] {processor.py:654} INFO - DAG(s) dict_keys(['example_task_group_decorator']) retrieved from /home/airflow/.local/lib/python3.7/site-packages/airflow/example_dags/example_task_group_decorator.py
[2022-03-28 07:23:15,819] {logging_mixin.py:109} INFO - [2022-03-28 07:23:15,819] {dag.py:2398} INFO - Sync 1 DAGs
[2022-03-28 07:23:15,850] {logging_mixin.py:109} INFO - [2022-03-28 07:23:15,849] {dag.py:2937} INFO - Setting next_dagrun for example_task_group_decorator to 2022-03-27T07:23:15.849652+00:00
[2022-03-28 07:23:15,870] {processor.py:171} INFO - Processing /home/airflow/.local/lib/python3.7/site-packages/airflow/example_dags/example_task_group_decorator.py took 0.488 seconds
[2022-03-28 07:23:46,005] {processor.py:163} INFO - Started process (PID=2022) to work on /home/airflow/.local/lib/python3.7/site-packages/airflow/example_dags/example_task_group_decorator.py
[2022-03-28 07:23:46,008] {processor.py:642} INFO - Processing file /home/airflow/.local/lib/python3.7/site-packages/airflow/example_dags/example_task_group_decorator.py for tasks to queue
[2022-03-28 07:23:46,009] {logging_mixin.py:109} INFO - [2022-03-28 07:23:46,009] {dagbag.py:500} INFO - Filling up the DagBag from /home/airflow/.local/lib/python3.7/site-packages/airflow/example_dags/example_task_group_decorator.py
[2022-03-28 07:23:46,075] {processor.py:654} INFO - DAG(s) dict_keys(['example_task_group_decorator']) retrieved from /home/airflow/.local/lib/python3.7/site-packages/airflow/example_dags/example_task_group_decorator.py
[2022-03-28 07:23:46,418] {logging_mixin.py:109} INFO - [2022-03-28 07:23:46,417] {dag.py:2398} INFO - Sync 1 DAGs
[2022-03-28 07:23:46,439] {logging_mixin.py:109} INFO - [2022-03-28 07:23:46,439] {dag.py:2937} INFO - Setting next_dagrun for example_task_group_decorator to 2022-03-27T07:23:46.438782+00:00
[2022-03-28 07:23:46,457] {processor.py:171} INFO - Processing /home/airflow/.local/lib/python3.7/site-packages/airflow/example_dags/example_task_group_decorator.py took 0.457 seconds
[2022-03-28 07:24:16,583] {processor.py:163} INFO - Started process (PID=2074) to work on /home/airflow/.local/lib/python3.7/site-packages/airflow/example_dags/example_task_group_decorator.py
[2022-03-28 07:24:16,584] {processor.py:642} INFO - Processing file /home/airflow/.local/lib/python3.7/site-packages/airflow/example_dags/example_task_group_decorator.py for tasks to queue
[2022-03-28 07:24:16,585] {logging_mixin.py:109} INFO - [2022-03-28 07:24:16,585] {dagbag.py:500} INFO - Filling up the DagBag from /home/airflow/.local/lib/python3.7/site-packages/airflow/example_dags/example_task_group_decorator.py
[2022-03-28 07:24:16,627] {processor.py:654} INFO - DAG(s) dict_keys(['example_task_group_decorator']) retrieved from /home/airflow/.local/lib/python3.7/site-packages/airflow/example_dags/example_task_group_decorator.py
[2022-03-28 07:24:16,840] {logging_mixin.py:109} INFO - [2022-03-28 07:24:16,840] {dag.py:2398} INFO - Sync 1 DAGs
[2022-03-28 07:24:16,856] {logging_mixin.py:109} INFO - [2022-03-28 07:24:16,856] {dag.py:2937} INFO - Setting next_dagrun for example_task_group_decorator to 2022-03-27T07:24:16.856608+00:00
[2022-03-28 07:24:16,871] {processor.py:171} INFO - Processing /home/airflow/.local/lib/python3.7/site-packages/airflow/example_dags/example_task_group_decorator.py took 0.290 seconds
[2022-03-28 07:24:46,966] {processor.py:163} INFO - Started process (PID=2127) to work on /home/airflow/.local/lib/python3.7/site-packages/airflow/example_dags/example_task_group_decorator.py
[2022-03-28 07:24:46,967] {processor.py:642} INFO - Processing file /home/airflow/.local/lib/python3.7/site-packages/airflow/example_dags/example_task_group_decorator.py for tasks to queue
[2022-03-28 07:24:46,968] {logging_mixin.py:109} INFO - [2022-03-28 07:24:46,968] {dagbag.py:500} INFO - Filling up the DagBag from /home/airflow/.local/lib/python3.7/site-packages/airflow/example_dags/example_task_group_decorator.py
[2022-03-28 07:24:47,031] {processor.py:654} INFO - DAG(s) dict_keys(['example_task_group_decorator']) retrieved from /home/airflow/.local/lib/python3.7/site-packages/airflow/example_dags/example_task_group_decorator.py
[2022-03-28 07:24:47,465] {logging_mixin.py:109} INFO - [2022-03-28 07:24:47,465] {dag.py:2398} INFO - Sync 1 DAGs
[2022-03-28 07:24:47,486] {logging_mixin.py:109} INFO - [2022-03-28 07:24:47,486] {dag.py:2937} INFO - Setting next_dagrun for example_task_group_decorator to 2022-03-27T07:24:47.485605+00:00
[2022-03-28 07:24:47,500] {processor.py:171} INFO - Processing /home/airflow/.local/lib/python3.7/site-packages/airflow/example_dags/example_task_group_decorator.py took 0.538 seconds
[2022-03-28 07:25:17,917] {processor.py:163} INFO - Started process (PID=2186) to work on /home/airflow/.local/lib/python3.7/site-packages/airflow/example_dags/example_task_group_decorator.py
[2022-03-28 07:25:17,918] {processor.py:642} INFO - Processing file /home/airflow/.local/lib/python3.7/site-packages/airflow/example_dags/example_task_group_decorator.py for tasks to queue
[2022-03-28 07:25:17,919] {logging_mixin.py:109} INFO - [2022-03-28 07:25:17,919] {dagbag.py:500} INFO - Filling up the DagBag from /home/airflow/.local/lib/python3.7/site-packages/airflow/example_dags/example_task_group_decorator.py
[2022-03-28 07:25:17,953] {processor.py:654} INFO - DAG(s) dict_keys(['example_task_group_decorator']) retrieved from /home/airflow/.local/lib/python3.7/site-packages/airflow/example_dags/example_task_group_decorator.py
[2022-03-28 07:25:18,121] {logging_mixin.py:109} INFO - [2022-03-28 07:25:18,121] {dag.py:2398} INFO - Sync 1 DAGs
[2022-03-28 07:25:18,133] {logging_mixin.py:109} INFO - [2022-03-28 07:25:18,133] {dag.py:2937} INFO - Setting next_dagrun for example_task_group_decorator to 2022-03-27T07:25:18.133003+00:00
[2022-03-28 07:25:18,141] {processor.py:171} INFO - Processing /home/airflow/.local/lib/python3.7/site-packages/airflow/example_dags/example_task_group_decorator.py took 0.227 seconds
[2022-03-28 07:25:49,032] {processor.py:163} INFO - Started process (PID=2237) to work on /home/airflow/.local/lib/python3.7/site-packages/airflow/example_dags/example_task_group_decorator.py
[2022-03-28 07:25:49,033] {processor.py:642} INFO - Processing file /home/airflow/.local/lib/python3.7/site-packages/airflow/example_dags/example_task_group_decorator.py for tasks to queue
[2022-03-28 07:25:49,034] {logging_mixin.py:109} INFO - [2022-03-28 07:25:49,034] {dagbag.py:500} INFO - Filling up the DagBag from /home/airflow/.local/lib/python3.7/site-packages/airflow/example_dags/example_task_group_decorator.py
[2022-03-28 07:25:49,067] {processor.py:654} INFO - DAG(s) dict_keys(['example_task_group_decorator']) retrieved from /home/airflow/.local/lib/python3.7/site-packages/airflow/example_dags/example_task_group_decorator.py
[2022-03-28 07:25:49,239] {logging_mixin.py:109} INFO - [2022-03-28 07:25:49,239] {dag.py:2398} INFO - Sync 1 DAGs
[2022-03-28 07:25:49,250] {logging_mixin.py:109} INFO - [2022-03-28 07:25:49,250] {dag.py:2937} INFO - Setting next_dagrun for example_task_group_decorator to 2022-03-27T07:25:49.250482+00:00
[2022-03-28 07:25:49,259] {processor.py:171} INFO - Processing /home/airflow/.local/lib/python3.7/site-packages/airflow/example_dags/example_task_group_decorator.py took 0.230 seconds
[2022-03-28 07:26:19,852] {processor.py:163} INFO - Started process (PID=2298) to work on /home/airflow/.local/lib/python3.7/site-packages/airflow/example_dags/example_task_group_decorator.py
[2022-03-28 07:26:19,853] {processor.py:642} INFO - Processing file /home/airflow/.local/lib/python3.7/site-packages/airflow/example_dags/example_task_group_decorator.py for tasks to queue
[2022-03-28 07:26:19,854] {logging_mixin.py:109} INFO - [2022-03-28 07:26:19,854] {dagbag.py:500} INFO - Filling up the DagBag from /home/airflow/.local/lib/python3.7/site-packages/airflow/example_dags/example_task_group_decorator.py
[2022-03-28 07:26:19,894] {processor.py:654} INFO - DAG(s) dict_keys(['example_task_group_decorator']) retrieved from /home/airflow/.local/lib/python3.7/site-packages/airflow/example_dags/example_task_group_decorator.py
[2022-03-28 07:26:20,121] {logging_mixin.py:109} INFO - [2022-03-28 07:26:20,121] {dag.py:2398} INFO - Sync 1 DAGs
[2022-03-28 07:26:20,137] {logging_mixin.py:109} INFO - [2022-03-28 07:26:20,137] {dag.py:2937} INFO - Setting next_dagrun for example_task_group_decorator to 2022-03-27T07:26:20.137082+00:00
[2022-03-28 07:26:20,148] {processor.py:171} INFO - Processing /home/airflow/.local/lib/python3.7/site-packages/airflow/example_dags/example_task_group_decorator.py took 0.299 seconds
[2022-03-28 07:26:50,569] {processor.py:163} INFO - Started process (PID=2349) to work on /home/airflow/.local/lib/python3.7/site-packages/airflow/example_dags/example_task_group_decorator.py
[2022-03-28 07:26:50,570] {processor.py:642} INFO - Processing file /home/airflow/.local/lib/python3.7/site-packages/airflow/example_dags/example_task_group_decorator.py for tasks to queue
[2022-03-28 07:26:50,571] {logging_mixin.py:109} INFO - [2022-03-28 07:26:50,571] {dagbag.py:500} INFO - Filling up the DagBag from /home/airflow/.local/lib/python3.7/site-packages/airflow/example_dags/example_task_group_decorator.py
[2022-03-28 07:26:50,610] {processor.py:654} INFO - DAG(s) dict_keys(['example_task_group_decorator']) retrieved from /home/airflow/.local/lib/python3.7/site-packages/airflow/example_dags/example_task_group_decorator.py
[2022-03-28 07:26:50,821] {logging_mixin.py:109} INFO - [2022-03-28 07:26:50,821] {dag.py:2398} INFO - Sync 1 DAGs
[2022-03-28 07:26:50,834] {logging_mixin.py:109} INFO - [2022-03-28 07:26:50,834] {dag.py:2937} INFO - Setting next_dagrun for example_task_group_decorator to 2022-03-27T07:26:50.834111+00:00
[2022-03-28 07:26:50,842] {processor.py:171} INFO - Processing /home/airflow/.local/lib/python3.7/site-packages/airflow/example_dags/example_task_group_decorator.py took 0.277 seconds
[2022-03-28 07:27:21,156] {processor.py:163} INFO - Started process (PID=2400) to work on /home/airflow/.local/lib/python3.7/site-packages/airflow/example_dags/example_task_group_decorator.py
[2022-03-28 07:27:21,157] {processor.py:642} INFO - Processing file /home/airflow/.local/lib/python3.7/site-packages/airflow/example_dags/example_task_group_decorator.py for tasks to queue
[2022-03-28 07:27:21,158] {logging_mixin.py:109} INFO - [2022-03-28 07:27:21,158] {dagbag.py:500} INFO - Filling up the DagBag from /home/airflow/.local/lib/python3.7/site-packages/airflow/example_dags/example_task_group_decorator.py
[2022-03-28 07:27:21,214] {processor.py:654} INFO - DAG(s) dict_keys(['example_task_group_decorator']) retrieved from /home/airflow/.local/lib/python3.7/site-packages/airflow/example_dags/example_task_group_decorator.py
[2022-03-28 07:27:21,456] {logging_mixin.py:109} INFO - [2022-03-28 07:27:21,456] {dag.py:2398} INFO - Sync 1 DAGs
[2022-03-28 07:27:21,473] {logging_mixin.py:109} INFO - [2022-03-28 07:27:21,473] {dag.py:2937} INFO - Setting next_dagrun for example_task_group_decorator to 2022-03-27T07:27:21.473479+00:00
[2022-03-28 07:27:21,485] {processor.py:171} INFO - Processing /home/airflow/.local/lib/python3.7/site-packages/airflow/example_dags/example_task_group_decorator.py took 0.332 seconds
[2022-03-28 07:27:51,960] {processor.py:163} INFO - Started process (PID=2461) to work on /home/airflow/.local/lib/python3.7/site-packages/airflow/example_dags/example_task_group_decorator.py
[2022-03-28 07:27:51,961] {processor.py:642} INFO - Processing file /home/airflow/.local/lib/python3.7/site-packages/airflow/example_dags/example_task_group_decorator.py for tasks to queue
[2022-03-28 07:27:51,962] {logging_mixin.py:109} INFO - [2022-03-28 07:27:51,962] {dagbag.py:500} INFO - Filling up the DagBag from /home/airflow/.local/lib/python3.7/site-packages/airflow/example_dags/example_task_group_decorator.py
[2022-03-28 07:27:52,006] {processor.py:654} INFO - DAG(s) dict_keys(['example_task_group_decorator']) retrieved from /home/airflow/.local/lib/python3.7/site-packages/airflow/example_dags/example_task_group_decorator.py
[2022-03-28 07:27:52,203] {logging_mixin.py:109} INFO - [2022-03-28 07:27:52,203] {dag.py:2398} INFO - Sync 1 DAGs
[2022-03-28 07:27:52,216] {logging_mixin.py:109} INFO - [2022-03-28 07:27:52,216] {dag.py:2937} INFO - Setting next_dagrun for example_task_group_decorator to 2022-03-27T07:27:52.216420+00:00
[2022-03-28 07:27:52,227] {processor.py:171} INFO - Processing /home/airflow/.local/lib/python3.7/site-packages/airflow/example_dags/example_task_group_decorator.py took 0.270 seconds
[2022-03-28 07:28:22,549] {processor.py:163} INFO - Started process (PID=2511) to work on /home/airflow/.local/lib/python3.7/site-packages/airflow/example_dags/example_task_group_decorator.py
[2022-03-28 07:28:22,550] {processor.py:642} INFO - Processing file /home/airflow/.local/lib/python3.7/site-packages/airflow/example_dags/example_task_group_decorator.py for tasks to queue
[2022-03-28 07:28:22,551] {logging_mixin.py:109} INFO - [2022-03-28 07:28:22,551] {dagbag.py:500} INFO - Filling up the DagBag from /home/airflow/.local/lib/python3.7/site-packages/airflow/example_dags/example_task_group_decorator.py
[2022-03-28 07:28:22,592] {processor.py:654} INFO - DAG(s) dict_keys(['example_task_group_decorator']) retrieved from /home/airflow/.local/lib/python3.7/site-packages/airflow/example_dags/example_task_group_decorator.py
[2022-03-28 07:28:22,781] {logging_mixin.py:109} INFO - [2022-03-28 07:28:22,780] {dag.py:2398} INFO - Sync 1 DAGs
[2022-03-28 07:28:22,793] {logging_mixin.py:109} INFO - [2022-03-28 07:28:22,793] {dag.py:2937} INFO - Setting next_dagrun for example_task_group_decorator to 2022-03-27T07:28:22.793650+00:00
[2022-03-28 07:28:22,804] {processor.py:171} INFO - Processing /home/airflow/.local/lib/python3.7/site-packages/airflow/example_dags/example_task_group_decorator.py took 0.258 seconds
[2022-03-28 07:28:53,283] {processor.py:163} INFO - Started process (PID=2573) to work on /home/airflow/.local/lib/python3.7/site-packages/airflow/example_dags/example_task_group_decorator.py
[2022-03-28 07:28:53,284] {processor.py:642} INFO - Processing file /home/airflow/.local/lib/python3.7/site-packages/airflow/example_dags/example_task_group_decorator.py for tasks to queue
[2022-03-28 07:28:53,285] {logging_mixin.py:109} INFO - [2022-03-28 07:28:53,285] {dagbag.py:500} INFO - Filling up the DagBag from /home/airflow/.local/lib/python3.7/site-packages/airflow/example_dags/example_task_group_decorator.py
[2022-03-28 07:28:53,328] {processor.py:654} INFO - DAG(s) dict_keys(['example_task_group_decorator']) retrieved from /home/airflow/.local/lib/python3.7/site-packages/airflow/example_dags/example_task_group_decorator.py
[2022-03-28 07:28:53,560] {logging_mixin.py:109} INFO - [2022-03-28 07:28:53,560] {dag.py:2398} INFO - Sync 1 DAGs
[2022-03-28 07:28:53,576] {logging_mixin.py:109} INFO - [2022-03-28 07:28:53,576] {dag.py:2937} INFO - Setting next_dagrun for example_task_group_decorator to 2022-03-27T07:28:53.576069+00:00
[2022-03-28 07:28:53,591] {processor.py:171} INFO - Processing /home/airflow/.local/lib/python3.7/site-packages/airflow/example_dags/example_task_group_decorator.py took 0.312 seconds
[2022-03-28 07:29:24,045] {processor.py:163} INFO - Started process (PID=2624) to work on /home/airflow/.local/lib/python3.7/site-packages/airflow/example_dags/example_task_group_decorator.py
[2022-03-28 07:29:24,046] {processor.py:642} INFO - Processing file /home/airflow/.local/lib/python3.7/site-packages/airflow/example_dags/example_task_group_decorator.py for tasks to queue
[2022-03-28 07:29:24,047] {logging_mixin.py:109} INFO - [2022-03-28 07:29:24,047] {dagbag.py:500} INFO - Filling up the DagBag from /home/airflow/.local/lib/python3.7/site-packages/airflow/example_dags/example_task_group_decorator.py
[2022-03-28 07:29:24,083] {processor.py:654} INFO - DAG(s) dict_keys(['example_task_group_decorator']) retrieved from /home/airflow/.local/lib/python3.7/site-packages/airflow/example_dags/example_task_group_decorator.py
[2022-03-28 07:29:24,266] {logging_mixin.py:109} INFO - [2022-03-28 07:29:24,265] {dag.py:2398} INFO - Sync 1 DAGs
[2022-03-28 07:29:24,279] {logging_mixin.py:109} INFO - [2022-03-28 07:29:24,279] {dag.py:2937} INFO - Setting next_dagrun for example_task_group_decorator to 2022-03-27T07:29:24.279227+00:00
[2022-03-28 07:29:24,290] {processor.py:171} INFO - Processing /home/airflow/.local/lib/python3.7/site-packages/airflow/example_dags/example_task_group_decorator.py took 0.247 seconds
[2022-03-28 07:29:54,731] {processor.py:163} INFO - Started process (PID=2676) to work on /home/airflow/.local/lib/python3.7/site-packages/airflow/example_dags/example_task_group_decorator.py
[2022-03-28 07:29:54,732] {processor.py:642} INFO - Processing file /home/airflow/.local/lib/python3.7/site-packages/airflow/example_dags/example_task_group_decorator.py for tasks to queue
[2022-03-28 07:29:54,733] {logging_mixin.py:109} INFO - [2022-03-28 07:29:54,733] {dagbag.py:500} INFO - Filling up the DagBag from /home/airflow/.local/lib/python3.7/site-packages/airflow/example_dags/example_task_group_decorator.py
[2022-03-28 07:29:54,769] {processor.py:654} INFO - DAG(s) dict_keys(['example_task_group_decorator']) retrieved from /home/airflow/.local/lib/python3.7/site-packages/airflow/example_dags/example_task_group_decorator.py
[2022-03-28 07:29:54,947] {logging_mixin.py:109} INFO - [2022-03-28 07:29:54,946] {dag.py:2398} INFO - Sync 1 DAGs
[2022-03-28 07:29:54,960] {logging_mixin.py:109} INFO - [2022-03-28 07:29:54,959] {dag.py:2937} INFO - Setting next_dagrun for example_task_group_decorator to 2022-03-27T07:29:54.959705+00:00
[2022-03-28 07:29:54,970] {processor.py:171} INFO - Processing /home/airflow/.local/lib/python3.7/site-packages/airflow/example_dags/example_task_group_decorator.py took 0.242 seconds
[2022-03-28 07:30:25,479] {processor.py:163} INFO - Started process (PID=2737) to work on /home/airflow/.local/lib/python3.7/site-packages/airflow/example_dags/example_task_group_decorator.py
[2022-03-28 07:30:25,481] {processor.py:642} INFO - Processing file /home/airflow/.local/lib/python3.7/site-packages/airflow/example_dags/example_task_group_decorator.py for tasks to queue
[2022-03-28 07:30:25,481] {logging_mixin.py:109} INFO - [2022-03-28 07:30:25,481] {dagbag.py:500} INFO - Filling up the DagBag from /home/airflow/.local/lib/python3.7/site-packages/airflow/example_dags/example_task_group_decorator.py
[2022-03-28 07:30:25,515] {processor.py:654} INFO - DAG(s) dict_keys(['example_task_group_decorator']) retrieved from /home/airflow/.local/lib/python3.7/site-packages/airflow/example_dags/example_task_group_decorator.py
[2022-03-28 07:30:25,692] {logging_mixin.py:109} INFO - [2022-03-28 07:30:25,692] {dag.py:2398} INFO - Sync 1 DAGs
[2022-03-28 07:30:25,707] {logging_mixin.py:109} INFO - [2022-03-28 07:30:25,707] {dag.py:2937} INFO - Setting next_dagrun for example_task_group_decorator to 2022-03-27T07:30:25.707287+00:00
[2022-03-28 07:30:25,719] {processor.py:171} INFO - Processing /home/airflow/.local/lib/python3.7/site-packages/airflow/example_dags/example_task_group_decorator.py took 0.242 seconds
[2022-03-28 07:30:55,806] {processor.py:163} INFO - Started process (PID=2790) to work on /home/airflow/.local/lib/python3.7/site-packages/airflow/example_dags/example_task_group_decorator.py
[2022-03-28 07:30:55,807] {processor.py:642} INFO - Processing file /home/airflow/.local/lib/python3.7/site-packages/airflow/example_dags/example_task_group_decorator.py for tasks to queue
[2022-03-28 07:30:55,808] {logging_mixin.py:109} INFO - [2022-03-28 07:30:55,808] {dagbag.py:500} INFO - Filling up the DagBag from /home/airflow/.local/lib/python3.7/site-packages/airflow/example_dags/example_task_group_decorator.py
[2022-03-28 07:30:55,842] {processor.py:654} INFO - DAG(s) dict_keys(['example_task_group_decorator']) retrieved from /home/airflow/.local/lib/python3.7/site-packages/airflow/example_dags/example_task_group_decorator.py
[2022-03-28 07:30:56,048] {logging_mixin.py:109} INFO - [2022-03-28 07:30:56,048] {dag.py:2398} INFO - Sync 1 DAGs
[2022-03-28 07:30:56,061] {logging_mixin.py:109} INFO - [2022-03-28 07:30:56,061] {dag.py:2937} INFO - Setting next_dagrun for example_task_group_decorator to 2022-03-27T07:30:56.061144+00:00
[2022-03-28 07:30:56,071] {processor.py:171} INFO - Processing /home/airflow/.local/lib/python3.7/site-packages/airflow/example_dags/example_task_group_decorator.py took 0.268 seconds
[2022-03-28 07:31:26,145] {processor.py:163} INFO - Started process (PID=2841) to work on /home/airflow/.local/lib/python3.7/site-packages/airflow/example_dags/example_task_group_decorator.py
[2022-03-28 07:31:26,147] {processor.py:642} INFO - Processing file /home/airflow/.local/lib/python3.7/site-packages/airflow/example_dags/example_task_group_decorator.py for tasks to queue
[2022-03-28 07:31:26,149] {logging_mixin.py:109} INFO - [2022-03-28 07:31:26,149] {dagbag.py:500} INFO - Filling up the DagBag from /home/airflow/.local/lib/python3.7/site-packages/airflow/example_dags/example_task_group_decorator.py
[2022-03-28 07:31:26,216] {processor.py:654} INFO - DAG(s) dict_keys(['example_task_group_decorator']) retrieved from /home/airflow/.local/lib/python3.7/site-packages/airflow/example_dags/example_task_group_decorator.py
[2022-03-28 07:31:26,431] {logging_mixin.py:109} INFO - [2022-03-28 07:31:26,431] {dag.py:2398} INFO - Sync 1 DAGs
[2022-03-28 07:31:26,454] {logging_mixin.py:109} INFO - [2022-03-28 07:31:26,454] {dag.py:2937} INFO - Setting next_dagrun for example_task_group_decorator to 2022-03-27T07:31:26.454075+00:00
[2022-03-28 07:31:26,469] {processor.py:171} INFO - Processing /home/airflow/.local/lib/python3.7/site-packages/airflow/example_dags/example_task_group_decorator.py took 0.327 seconds
[2022-03-28 07:31:57,331] {processor.py:163} INFO - Started process (PID=2903) to work on /home/airflow/.local/lib/python3.7/site-packages/airflow/example_dags/example_task_group_decorator.py
[2022-03-28 07:31:57,332] {processor.py:642} INFO - Processing file /home/airflow/.local/lib/python3.7/site-packages/airflow/example_dags/example_task_group_decorator.py for tasks to queue
[2022-03-28 07:31:57,333] {logging_mixin.py:109} INFO - [2022-03-28 07:31:57,333] {dagbag.py:500} INFO - Filling up the DagBag from /home/airflow/.local/lib/python3.7/site-packages/airflow/example_dags/example_task_group_decorator.py
[2022-03-28 07:31:57,383] {processor.py:654} INFO - DAG(s) dict_keys(['example_task_group_decorator']) retrieved from /home/airflow/.local/lib/python3.7/site-packages/airflow/example_dags/example_task_group_decorator.py
[2022-03-28 07:31:57,612] {logging_mixin.py:109} INFO - [2022-03-28 07:31:57,612] {dag.py:2398} INFO - Sync 1 DAGs
[2022-03-28 07:31:57,627] {logging_mixin.py:109} INFO - [2022-03-28 07:31:57,627] {dag.py:2937} INFO - Setting next_dagrun for example_task_group_decorator to 2022-03-27T07:31:57.627334+00:00
[2022-03-28 07:31:57,640] {processor.py:171} INFO - Processing /home/airflow/.local/lib/python3.7/site-packages/airflow/example_dags/example_task_group_decorator.py took 0.312 seconds
