[2022-03-28 07:08:52,621] {processor.py:163} INFO - Started process (PID=321) to work on /home/airflow/.local/lib/python3.7/site-packages/airflow/example_dags/example_branch_datetime_operator.py
[2022-03-28 07:08:52,623] {processor.py:642} INFO - Processing file /home/airflow/.local/lib/python3.7/site-packages/airflow/example_dags/example_branch_datetime_operator.py for tasks to queue
[2022-03-28 07:08:52,624] {logging_mixin.py:109} INFO - [2022-03-28 07:08:52,624] {dagbag.py:500} INFO - Filling up the DagBag from /home/airflow/.local/lib/python3.7/site-packages/airflow/example_dags/example_branch_datetime_operator.py
[2022-03-28 07:08:52,665] {processor.py:654} INFO - DAG(s) dict_keys(['example_branch_datetime_operator_2']) retrieved from /home/airflow/.local/lib/python3.7/site-packages/airflow/example_dags/example_branch_datetime_operator.py
[2022-03-28 07:08:54,796] {logging_mixin.py:109} INFO - [2022-03-28 07:08:54,796] {manager.py:496} INFO - Created Permission View: can read on DAG:example_branch_datetime_operator_2
[2022-03-28 07:08:54,806] {logging_mixin.py:109} INFO - [2022-03-28 07:08:54,806] {manager.py:496} INFO - Created Permission View: can edit on DAG:example_branch_datetime_operator_2
[2022-03-28 07:08:54,807] {logging_mixin.py:109} INFO - [2022-03-28 07:08:54,806] {dag.py:2398} INFO - Sync 1 DAGs
[2022-03-28 07:08:54,819] {logging_mixin.py:109} INFO - [2022-03-28 07:08:54,818] {dag.py:2417} INFO - Creating ORM DAG for example_branch_datetime_operator_2
[2022-03-28 07:08:54,833] {logging_mixin.py:109} INFO - [2022-03-28 07:08:54,833] {dag.py:2937} INFO - Setting next_dagrun for example_branch_datetime_operator_2 to 2022-03-27 00:00:00+00:00
[2022-03-28 07:08:54,850] {processor.py:171} INFO - Processing /home/airflow/.local/lib/python3.7/site-packages/airflow/example_dags/example_branch_datetime_operator.py took 2.233 seconds
[2022-03-28 07:09:24,951] {processor.py:163} INFO - Started process (PID=503) to work on /home/airflow/.local/lib/python3.7/site-packages/airflow/example_dags/example_branch_datetime_operator.py
[2022-03-28 07:09:24,952] {processor.py:642} INFO - Processing file /home/airflow/.local/lib/python3.7/site-packages/airflow/example_dags/example_branch_datetime_operator.py for tasks to queue
[2022-03-28 07:09:24,953] {logging_mixin.py:109} INFO - [2022-03-28 07:09:24,953] {dagbag.py:500} INFO - Filling up the DagBag from /home/airflow/.local/lib/python3.7/site-packages/airflow/example_dags/example_branch_datetime_operator.py
[2022-03-28 07:09:24,984] {processor.py:654} INFO - DAG(s) dict_keys(['example_branch_datetime_operator_2']) retrieved from /home/airflow/.local/lib/python3.7/site-packages/airflow/example_dags/example_branch_datetime_operator.py
[2022-03-28 07:09:24,995] {logging_mixin.py:109} INFO - [2022-03-28 07:09:24,995] {dag.py:2398} INFO - Sync 1 DAGs
[2022-03-28 07:09:25,014] {logging_mixin.py:109} INFO - [2022-03-28 07:09:25,014] {dag.py:2937} INFO - Setting next_dagrun for example_branch_datetime_operator_2 to 2022-03-27 00:00:00+00:00
[2022-03-28 07:09:25,025] {processor.py:171} INFO - Processing /home/airflow/.local/lib/python3.7/site-packages/airflow/example_dags/example_branch_datetime_operator.py took 0.077 seconds
[2022-03-28 07:09:55,622] {processor.py:163} INFO - Started process (PID=553) to work on /home/airflow/.local/lib/python3.7/site-packages/airflow/example_dags/example_branch_datetime_operator.py
[2022-03-28 07:09:55,623] {processor.py:642} INFO - Processing file /home/airflow/.local/lib/python3.7/site-packages/airflow/example_dags/example_branch_datetime_operator.py for tasks to queue
[2022-03-28 07:09:55,624] {logging_mixin.py:109} INFO - [2022-03-28 07:09:55,624] {dagbag.py:500} INFO - Filling up the DagBag from /home/airflow/.local/lib/python3.7/site-packages/airflow/example_dags/example_branch_datetime_operator.py
[2022-03-28 07:09:55,655] {processor.py:654} INFO - DAG(s) dict_keys(['example_branch_datetime_operator_2']) retrieved from /home/airflow/.local/lib/python3.7/site-packages/airflow/example_dags/example_branch_datetime_operator.py
[2022-03-28 07:09:55,665] {logging_mixin.py:109} INFO - [2022-03-28 07:09:55,665] {dag.py:2398} INFO - Sync 1 DAGs
[2022-03-28 07:09:55,682] {logging_mixin.py:109} INFO - [2022-03-28 07:09:55,682] {dag.py:2937} INFO - Setting next_dagrun for example_branch_datetime_operator_2 to 2022-03-27 00:00:00+00:00
[2022-03-28 07:09:55,694] {processor.py:171} INFO - Processing /home/airflow/.local/lib/python3.7/site-packages/airflow/example_dags/example_branch_datetime_operator.py took 0.075 seconds
[2022-03-28 07:10:26,259] {processor.py:163} INFO - Started process (PID=605) to work on /home/airflow/.local/lib/python3.7/site-packages/airflow/example_dags/example_branch_datetime_operator.py
[2022-03-28 07:10:26,260] {processor.py:642} INFO - Processing file /home/airflow/.local/lib/python3.7/site-packages/airflow/example_dags/example_branch_datetime_operator.py for tasks to queue
[2022-03-28 07:10:26,261] {logging_mixin.py:109} INFO - [2022-03-28 07:10:26,261] {dagbag.py:500} INFO - Filling up the DagBag from /home/airflow/.local/lib/python3.7/site-packages/airflow/example_dags/example_branch_datetime_operator.py
[2022-03-28 07:10:26,289] {processor.py:654} INFO - DAG(s) dict_keys(['example_branch_datetime_operator_2']) retrieved from /home/airflow/.local/lib/python3.7/site-packages/airflow/example_dags/example_branch_datetime_operator.py
[2022-03-28 07:10:26,297] {logging_mixin.py:109} INFO - [2022-03-28 07:10:26,297] {dag.py:2398} INFO - Sync 1 DAGs
[2022-03-28 07:10:26,313] {logging_mixin.py:109} INFO - [2022-03-28 07:10:26,313] {dag.py:2937} INFO - Setting next_dagrun for example_branch_datetime_operator_2 to 2022-03-27 00:00:00+00:00
[2022-03-28 07:10:26,323] {processor.py:171} INFO - Processing /home/airflow/.local/lib/python3.7/site-packages/airflow/example_dags/example_branch_datetime_operator.py took 0.067 seconds
[2022-03-28 07:10:56,848] {processor.py:163} INFO - Started process (PID=665) to work on /home/airflow/.local/lib/python3.7/site-packages/airflow/example_dags/example_branch_datetime_operator.py
[2022-03-28 07:10:56,849] {processor.py:642} INFO - Processing file /home/airflow/.local/lib/python3.7/site-packages/airflow/example_dags/example_branch_datetime_operator.py for tasks to queue
[2022-03-28 07:10:56,850] {logging_mixin.py:109} INFO - [2022-03-28 07:10:56,850] {dagbag.py:500} INFO - Filling up the DagBag from /home/airflow/.local/lib/python3.7/site-packages/airflow/example_dags/example_branch_datetime_operator.py
[2022-03-28 07:10:56,878] {processor.py:654} INFO - DAG(s) dict_keys(['example_branch_datetime_operator_2']) retrieved from /home/airflow/.local/lib/python3.7/site-packages/airflow/example_dags/example_branch_datetime_operator.py
[2022-03-28 07:10:56,886] {logging_mixin.py:109} INFO - [2022-03-28 07:10:56,886] {dag.py:2398} INFO - Sync 1 DAGs
[2022-03-28 07:10:56,901] {logging_mixin.py:109} INFO - [2022-03-28 07:10:56,901] {dag.py:2937} INFO - Setting next_dagrun for example_branch_datetime_operator_2 to 2022-03-27 00:00:00+00:00
[2022-03-28 07:10:56,912] {processor.py:171} INFO - Processing /home/airflow/.local/lib/python3.7/site-packages/airflow/example_dags/example_branch_datetime_operator.py took 0.067 seconds
[2022-03-28 07:11:27,357] {processor.py:163} INFO - Started process (PID=716) to work on /home/airflow/.local/lib/python3.7/site-packages/airflow/example_dags/example_branch_datetime_operator.py
[2022-03-28 07:11:27,359] {processor.py:642} INFO - Processing file /home/airflow/.local/lib/python3.7/site-packages/airflow/example_dags/example_branch_datetime_operator.py for tasks to queue
[2022-03-28 07:11:27,360] {logging_mixin.py:109} INFO - [2022-03-28 07:11:27,359] {dagbag.py:500} INFO - Filling up the DagBag from /home/airflow/.local/lib/python3.7/site-packages/airflow/example_dags/example_branch_datetime_operator.py
[2022-03-28 07:11:27,390] {processor.py:654} INFO - DAG(s) dict_keys(['example_branch_datetime_operator_2']) retrieved from /home/airflow/.local/lib/python3.7/site-packages/airflow/example_dags/example_branch_datetime_operator.py
[2022-03-28 07:11:27,400] {logging_mixin.py:109} INFO - [2022-03-28 07:11:27,400] {dag.py:2398} INFO - Sync 1 DAGs
[2022-03-28 07:11:27,417] {logging_mixin.py:109} INFO - [2022-03-28 07:11:27,417] {dag.py:2937} INFO - Setting next_dagrun for example_branch_datetime_operator_2 to 2022-03-27 00:00:00+00:00
[2022-03-28 07:11:27,428] {processor.py:171} INFO - Processing /home/airflow/.local/lib/python3.7/site-packages/airflow/example_dags/example_branch_datetime_operator.py took 0.073 seconds
[2022-03-28 07:11:57,813] {processor.py:163} INFO - Started process (PID=767) to work on /home/airflow/.local/lib/python3.7/site-packages/airflow/example_dags/example_branch_datetime_operator.py
[2022-03-28 07:11:57,814] {processor.py:642} INFO - Processing file /home/airflow/.local/lib/python3.7/site-packages/airflow/example_dags/example_branch_datetime_operator.py for tasks to queue
[2022-03-28 07:11:57,815] {logging_mixin.py:109} INFO - [2022-03-28 07:11:57,815] {dagbag.py:500} INFO - Filling up the DagBag from /home/airflow/.local/lib/python3.7/site-packages/airflow/example_dags/example_branch_datetime_operator.py
[2022-03-28 07:11:57,851] {processor.py:654} INFO - DAG(s) dict_keys(['example_branch_datetime_operator_2']) retrieved from /home/airflow/.local/lib/python3.7/site-packages/airflow/example_dags/example_branch_datetime_operator.py
[2022-03-28 07:11:57,864] {logging_mixin.py:109} INFO - [2022-03-28 07:11:57,863] {dag.py:2398} INFO - Sync 1 DAGs
[2022-03-28 07:11:57,884] {logging_mixin.py:109} INFO - [2022-03-28 07:11:57,884] {dag.py:2937} INFO - Setting next_dagrun for example_branch_datetime_operator_2 to 2022-03-27 00:00:00+00:00
[2022-03-28 07:11:57,897] {processor.py:171} INFO - Processing /home/airflow/.local/lib/python3.7/site-packages/airflow/example_dags/example_branch_datetime_operator.py took 0.086 seconds
[2022-03-28 07:12:28,388] {processor.py:163} INFO - Started process (PID=828) to work on /home/airflow/.local/lib/python3.7/site-packages/airflow/example_dags/example_branch_datetime_operator.py
[2022-03-28 07:12:28,389] {processor.py:642} INFO - Processing file /home/airflow/.local/lib/python3.7/site-packages/airflow/example_dags/example_branch_datetime_operator.py for tasks to queue
[2022-03-28 07:12:28,390] {logging_mixin.py:109} INFO - [2022-03-28 07:12:28,390] {dagbag.py:500} INFO - Filling up the DagBag from /home/airflow/.local/lib/python3.7/site-packages/airflow/example_dags/example_branch_datetime_operator.py
[2022-03-28 07:12:28,419] {processor.py:654} INFO - DAG(s) dict_keys(['example_branch_datetime_operator_2']) retrieved from /home/airflow/.local/lib/python3.7/site-packages/airflow/example_dags/example_branch_datetime_operator.py
[2022-03-28 07:12:28,429] {logging_mixin.py:109} INFO - [2022-03-28 07:12:28,429] {dag.py:2398} INFO - Sync 1 DAGs
[2022-03-28 07:12:28,444] {logging_mixin.py:109} INFO - [2022-03-28 07:12:28,444] {dag.py:2937} INFO - Setting next_dagrun for example_branch_datetime_operator_2 to 2022-03-27 00:00:00+00:00
[2022-03-28 07:12:28,455] {processor.py:171} INFO - Processing /home/airflow/.local/lib/python3.7/site-packages/airflow/example_dags/example_branch_datetime_operator.py took 0.069 seconds
[2022-03-28 07:12:58,924] {processor.py:163} INFO - Started process (PID=879) to work on /home/airflow/.local/lib/python3.7/site-packages/airflow/example_dags/example_branch_datetime_operator.py
[2022-03-28 07:12:58,926] {processor.py:642} INFO - Processing file /home/airflow/.local/lib/python3.7/site-packages/airflow/example_dags/example_branch_datetime_operator.py for tasks to queue
[2022-03-28 07:12:58,927] {logging_mixin.py:109} INFO - [2022-03-28 07:12:58,927] {dagbag.py:500} INFO - Filling up the DagBag from /home/airflow/.local/lib/python3.7/site-packages/airflow/example_dags/example_branch_datetime_operator.py
[2022-03-28 07:12:58,959] {processor.py:654} INFO - DAG(s) dict_keys(['example_branch_datetime_operator_2']) retrieved from /home/airflow/.local/lib/python3.7/site-packages/airflow/example_dags/example_branch_datetime_operator.py
[2022-03-28 07:12:58,968] {logging_mixin.py:109} INFO - [2022-03-28 07:12:58,968] {dag.py:2398} INFO - Sync 1 DAGs
[2022-03-28 07:12:58,987] {logging_mixin.py:109} INFO - [2022-03-28 07:12:58,987] {dag.py:2937} INFO - Setting next_dagrun for example_branch_datetime_operator_2 to 2022-03-27 00:00:00+00:00
[2022-03-28 07:12:59,000] {processor.py:171} INFO - Processing /home/airflow/.local/lib/python3.7/site-packages/airflow/example_dags/example_branch_datetime_operator.py took 0.081 seconds
[2022-03-28 07:13:29,351] {processor.py:163} INFO - Started process (PID=937) to work on /home/airflow/.local/lib/python3.7/site-packages/airflow/example_dags/example_branch_datetime_operator.py
[2022-03-28 07:13:29,353] {processor.py:642} INFO - Processing file /home/airflow/.local/lib/python3.7/site-packages/airflow/example_dags/example_branch_datetime_operator.py for tasks to queue
[2022-03-28 07:13:29,354] {logging_mixin.py:109} INFO - [2022-03-28 07:13:29,354] {dagbag.py:500} INFO - Filling up the DagBag from /home/airflow/.local/lib/python3.7/site-packages/airflow/example_dags/example_branch_datetime_operator.py
[2022-03-28 07:13:29,386] {processor.py:654} INFO - DAG(s) dict_keys(['example_branch_datetime_operator_2']) retrieved from /home/airflow/.local/lib/python3.7/site-packages/airflow/example_dags/example_branch_datetime_operator.py
[2022-03-28 07:13:29,397] {logging_mixin.py:109} INFO - [2022-03-28 07:13:29,397] {dag.py:2398} INFO - Sync 1 DAGs
[2022-03-28 07:13:29,424] {logging_mixin.py:109} INFO - [2022-03-28 07:13:29,424] {dag.py:2937} INFO - Setting next_dagrun for example_branch_datetime_operator_2 to 2022-03-27 00:00:00+00:00
[2022-03-28 07:13:29,436] {processor.py:171} INFO - Processing /home/airflow/.local/lib/python3.7/site-packages/airflow/example_dags/example_branch_datetime_operator.py took 0.088 seconds
[2022-03-28 07:13:59,903] {processor.py:163} INFO - Started process (PID=990) to work on /home/airflow/.local/lib/python3.7/site-packages/airflow/example_dags/example_branch_datetime_operator.py
[2022-03-28 07:13:59,904] {processor.py:642} INFO - Processing file /home/airflow/.local/lib/python3.7/site-packages/airflow/example_dags/example_branch_datetime_operator.py for tasks to queue
[2022-03-28 07:13:59,905] {logging_mixin.py:109} INFO - [2022-03-28 07:13:59,905] {dagbag.py:500} INFO - Filling up the DagBag from /home/airflow/.local/lib/python3.7/site-packages/airflow/example_dags/example_branch_datetime_operator.py
[2022-03-28 07:13:59,936] {processor.py:654} INFO - DAG(s) dict_keys(['example_branch_datetime_operator_2']) retrieved from /home/airflow/.local/lib/python3.7/site-packages/airflow/example_dags/example_branch_datetime_operator.py
[2022-03-28 07:13:59,946] {logging_mixin.py:109} INFO - [2022-03-28 07:13:59,945] {dag.py:2398} INFO - Sync 1 DAGs
[2022-03-28 07:13:59,963] {logging_mixin.py:109} INFO - [2022-03-28 07:13:59,963] {dag.py:2937} INFO - Setting next_dagrun for example_branch_datetime_operator_2 to 2022-03-27 00:00:00+00:00
[2022-03-28 07:13:59,972] {processor.py:171} INFO - Processing /home/airflow/.local/lib/python3.7/site-packages/airflow/example_dags/example_branch_datetime_operator.py took 0.072 seconds
[2022-03-28 07:14:30,491] {processor.py:163} INFO - Started process (PID=1041) to work on /home/airflow/.local/lib/python3.7/site-packages/airflow/example_dags/example_branch_datetime_operator.py
[2022-03-28 07:14:30,492] {processor.py:642} INFO - Processing file /home/airflow/.local/lib/python3.7/site-packages/airflow/example_dags/example_branch_datetime_operator.py for tasks to queue
[2022-03-28 07:14:30,494] {logging_mixin.py:109} INFO - [2022-03-28 07:14:30,493] {dagbag.py:500} INFO - Filling up the DagBag from /home/airflow/.local/lib/python3.7/site-packages/airflow/example_dags/example_branch_datetime_operator.py
[2022-03-28 07:14:30,526] {processor.py:654} INFO - DAG(s) dict_keys(['example_branch_datetime_operator_2']) retrieved from /home/airflow/.local/lib/python3.7/site-packages/airflow/example_dags/example_branch_datetime_operator.py
[2022-03-28 07:14:30,537] {logging_mixin.py:109} INFO - [2022-03-28 07:14:30,537] {dag.py:2398} INFO - Sync 1 DAGs
[2022-03-28 07:14:30,556] {logging_mixin.py:109} INFO - [2022-03-28 07:14:30,556] {dag.py:2937} INFO - Setting next_dagrun for example_branch_datetime_operator_2 to 2022-03-27 00:00:00+00:00
[2022-03-28 07:14:30,568] {processor.py:171} INFO - Processing /home/airflow/.local/lib/python3.7/site-packages/airflow/example_dags/example_branch_datetime_operator.py took 0.080 seconds
[2022-03-28 07:15:01,239] {processor.py:163} INFO - Started process (PID=1098) to work on /home/airflow/.local/lib/python3.7/site-packages/airflow/example_dags/example_branch_datetime_operator.py
[2022-03-28 07:15:01,240] {processor.py:642} INFO - Processing file /home/airflow/.local/lib/python3.7/site-packages/airflow/example_dags/example_branch_datetime_operator.py for tasks to queue
[2022-03-28 07:15:01,241] {logging_mixin.py:109} INFO - [2022-03-28 07:15:01,241] {dagbag.py:500} INFO - Filling up the DagBag from /home/airflow/.local/lib/python3.7/site-packages/airflow/example_dags/example_branch_datetime_operator.py
[2022-03-28 07:15:01,273] {processor.py:654} INFO - DAG(s) dict_keys(['example_branch_datetime_operator_2']) retrieved from /home/airflow/.local/lib/python3.7/site-packages/airflow/example_dags/example_branch_datetime_operator.py
[2022-03-28 07:15:01,283] {logging_mixin.py:109} INFO - [2022-03-28 07:15:01,283] {dag.py:2398} INFO - Sync 1 DAGs
[2022-03-28 07:15:01,303] {logging_mixin.py:109} INFO - [2022-03-28 07:15:01,303] {dag.py:2937} INFO - Setting next_dagrun for example_branch_datetime_operator_2 to 2022-03-27 00:00:00+00:00
[2022-03-28 07:15:01,314] {processor.py:171} INFO - Processing /home/airflow/.local/lib/python3.7/site-packages/airflow/example_dags/example_branch_datetime_operator.py took 0.079 seconds
[2022-03-28 07:15:31,849] {processor.py:163} INFO - Started process (PID=1151) to work on /home/airflow/.local/lib/python3.7/site-packages/airflow/example_dags/example_branch_datetime_operator.py
[2022-03-28 07:15:31,850] {processor.py:642} INFO - Processing file /home/airflow/.local/lib/python3.7/site-packages/airflow/example_dags/example_branch_datetime_operator.py for tasks to queue
[2022-03-28 07:15:31,851] {logging_mixin.py:109} INFO - [2022-03-28 07:15:31,851] {dagbag.py:500} INFO - Filling up the DagBag from /home/airflow/.local/lib/python3.7/site-packages/airflow/example_dags/example_branch_datetime_operator.py
[2022-03-28 07:15:31,879] {processor.py:654} INFO - DAG(s) dict_keys(['example_branch_datetime_operator_2']) retrieved from /home/airflow/.local/lib/python3.7/site-packages/airflow/example_dags/example_branch_datetime_operator.py
[2022-03-28 07:15:31,888] {logging_mixin.py:109} INFO - [2022-03-28 07:15:31,888] {dag.py:2398} INFO - Sync 1 DAGs
[2022-03-28 07:15:31,905] {logging_mixin.py:109} INFO - [2022-03-28 07:15:31,905] {dag.py:2937} INFO - Setting next_dagrun for example_branch_datetime_operator_2 to 2022-03-27 00:00:00+00:00
[2022-03-28 07:15:31,913] {processor.py:171} INFO - Processing /home/airflow/.local/lib/python3.7/site-packages/airflow/example_dags/example_branch_datetime_operator.py took 0.068 seconds
[2022-03-28 07:16:02,308] {processor.py:163} INFO - Started process (PID=1202) to work on /home/airflow/.local/lib/python3.7/site-packages/airflow/example_dags/example_branch_datetime_operator.py
[2022-03-28 07:16:02,310] {processor.py:642} INFO - Processing file /home/airflow/.local/lib/python3.7/site-packages/airflow/example_dags/example_branch_datetime_operator.py for tasks to queue
[2022-03-28 07:16:02,311] {logging_mixin.py:109} INFO - [2022-03-28 07:16:02,310] {dagbag.py:500} INFO - Filling up the DagBag from /home/airflow/.local/lib/python3.7/site-packages/airflow/example_dags/example_branch_datetime_operator.py
[2022-03-28 07:16:02,340] {processor.py:654} INFO - DAG(s) dict_keys(['example_branch_datetime_operator_2']) retrieved from /home/airflow/.local/lib/python3.7/site-packages/airflow/example_dags/example_branch_datetime_operator.py
[2022-03-28 07:16:02,349] {logging_mixin.py:109} INFO - [2022-03-28 07:16:02,349] {dag.py:2398} INFO - Sync 1 DAGs
[2022-03-28 07:16:02,365] {logging_mixin.py:109} INFO - [2022-03-28 07:16:02,365] {dag.py:2937} INFO - Setting next_dagrun for example_branch_datetime_operator_2 to 2022-03-27 00:00:00+00:00
[2022-03-28 07:16:02,375] {processor.py:171} INFO - Processing /home/airflow/.local/lib/python3.7/site-packages/airflow/example_dags/example_branch_datetime_operator.py took 0.070 seconds
[2022-03-28 07:16:32,885] {processor.py:163} INFO - Started process (PID=1263) to work on /home/airflow/.local/lib/python3.7/site-packages/airflow/example_dags/example_branch_datetime_operator.py
[2022-03-28 07:16:32,887] {processor.py:642} INFO - Processing file /home/airflow/.local/lib/python3.7/site-packages/airflow/example_dags/example_branch_datetime_operator.py for tasks to queue
[2022-03-28 07:16:32,888] {logging_mixin.py:109} INFO - [2022-03-28 07:16:32,888] {dagbag.py:500} INFO - Filling up the DagBag from /home/airflow/.local/lib/python3.7/site-packages/airflow/example_dags/example_branch_datetime_operator.py
[2022-03-28 07:16:32,925] {processor.py:654} INFO - DAG(s) dict_keys(['example_branch_datetime_operator_2']) retrieved from /home/airflow/.local/lib/python3.7/site-packages/airflow/example_dags/example_branch_datetime_operator.py
[2022-03-28 07:16:32,935] {logging_mixin.py:109} INFO - [2022-03-28 07:16:32,935] {dag.py:2398} INFO - Sync 1 DAGs
[2022-03-28 07:16:32,957] {logging_mixin.py:109} INFO - [2022-03-28 07:16:32,957] {dag.py:2937} INFO - Setting next_dagrun for example_branch_datetime_operator_2 to 2022-03-27 00:00:00+00:00
[2022-03-28 07:16:32,968] {processor.py:171} INFO - Processing /home/airflow/.local/lib/python3.7/site-packages/airflow/example_dags/example_branch_datetime_operator.py took 0.085 seconds
[2022-03-28 07:17:03,457] {processor.py:163} INFO - Started process (PID=1315) to work on /home/airflow/.local/lib/python3.7/site-packages/airflow/example_dags/example_branch_datetime_operator.py
[2022-03-28 07:17:03,458] {processor.py:642} INFO - Processing file /home/airflow/.local/lib/python3.7/site-packages/airflow/example_dags/example_branch_datetime_operator.py for tasks to queue
[2022-03-28 07:17:03,459] {logging_mixin.py:109} INFO - [2022-03-28 07:17:03,459] {dagbag.py:500} INFO - Filling up the DagBag from /home/airflow/.local/lib/python3.7/site-packages/airflow/example_dags/example_branch_datetime_operator.py
[2022-03-28 07:17:03,488] {processor.py:654} INFO - DAG(s) dict_keys(['example_branch_datetime_operator_2']) retrieved from /home/airflow/.local/lib/python3.7/site-packages/airflow/example_dags/example_branch_datetime_operator.py
[2022-03-28 07:17:03,497] {logging_mixin.py:109} INFO - [2022-03-28 07:17:03,497] {dag.py:2398} INFO - Sync 1 DAGs
[2022-03-28 07:17:03,513] {logging_mixin.py:109} INFO - [2022-03-28 07:17:03,513] {dag.py:2937} INFO - Setting next_dagrun for example_branch_datetime_operator_2 to 2022-03-27 00:00:00+00:00
[2022-03-28 07:17:03,523] {processor.py:171} INFO - Processing /home/airflow/.local/lib/python3.7/site-packages/airflow/example_dags/example_branch_datetime_operator.py took 0.069 seconds
[2022-03-28 07:17:33,905] {processor.py:163} INFO - Started process (PID=1366) to work on /home/airflow/.local/lib/python3.7/site-packages/airflow/example_dags/example_branch_datetime_operator.py
[2022-03-28 07:17:33,906] {processor.py:642} INFO - Processing file /home/airflow/.local/lib/python3.7/site-packages/airflow/example_dags/example_branch_datetime_operator.py for tasks to queue
[2022-03-28 07:17:33,907] {logging_mixin.py:109} INFO - [2022-03-28 07:17:33,907] {dagbag.py:500} INFO - Filling up the DagBag from /home/airflow/.local/lib/python3.7/site-packages/airflow/example_dags/example_branch_datetime_operator.py
[2022-03-28 07:17:33,937] {processor.py:654} INFO - DAG(s) dict_keys(['example_branch_datetime_operator_2']) retrieved from /home/airflow/.local/lib/python3.7/site-packages/airflow/example_dags/example_branch_datetime_operator.py
[2022-03-28 07:17:33,945] {logging_mixin.py:109} INFO - [2022-03-28 07:17:33,945] {dag.py:2398} INFO - Sync 1 DAGs
[2022-03-28 07:17:33,960] {logging_mixin.py:109} INFO - [2022-03-28 07:17:33,960] {dag.py:2937} INFO - Setting next_dagrun for example_branch_datetime_operator_2 to 2022-03-27 00:00:00+00:00
[2022-03-28 07:17:33,970] {processor.py:171} INFO - Processing /home/airflow/.local/lib/python3.7/site-packages/airflow/example_dags/example_branch_datetime_operator.py took 0.067 seconds
[2022-03-28 07:18:04,544] {processor.py:163} INFO - Started process (PID=1418) to work on /home/airflow/.local/lib/python3.7/site-packages/airflow/example_dags/example_branch_datetime_operator.py
[2022-03-28 07:18:04,546] {processor.py:642} INFO - Processing file /home/airflow/.local/lib/python3.7/site-packages/airflow/example_dags/example_branch_datetime_operator.py for tasks to queue
[2022-03-28 07:18:04,547] {logging_mixin.py:109} INFO - [2022-03-28 07:18:04,547] {dagbag.py:500} INFO - Filling up the DagBag from /home/airflow/.local/lib/python3.7/site-packages/airflow/example_dags/example_branch_datetime_operator.py
[2022-03-28 07:18:04,579] {processor.py:654} INFO - DAG(s) dict_keys(['example_branch_datetime_operator_2']) retrieved from /home/airflow/.local/lib/python3.7/site-packages/airflow/example_dags/example_branch_datetime_operator.py
[2022-03-28 07:18:04,591] {logging_mixin.py:109} INFO - [2022-03-28 07:18:04,591] {dag.py:2398} INFO - Sync 1 DAGs
[2022-03-28 07:18:04,609] {logging_mixin.py:109} INFO - [2022-03-28 07:18:04,609] {dag.py:2937} INFO - Setting next_dagrun for example_branch_datetime_operator_2 to 2022-03-27 00:00:00+00:00
[2022-03-28 07:18:04,619] {processor.py:171} INFO - Processing /home/airflow/.local/lib/python3.7/site-packages/airflow/example_dags/example_branch_datetime_operator.py took 0.079 seconds
[2022-03-28 07:18:35,065] {processor.py:163} INFO - Started process (PID=1478) to work on /home/airflow/.local/lib/python3.7/site-packages/airflow/example_dags/example_branch_datetime_operator.py
[2022-03-28 07:18:35,067] {processor.py:642} INFO - Processing file /home/airflow/.local/lib/python3.7/site-packages/airflow/example_dags/example_branch_datetime_operator.py for tasks to queue
[2022-03-28 07:18:35,068] {logging_mixin.py:109} INFO - [2022-03-28 07:18:35,068] {dagbag.py:500} INFO - Filling up the DagBag from /home/airflow/.local/lib/python3.7/site-packages/airflow/example_dags/example_branch_datetime_operator.py
[2022-03-28 07:18:35,101] {processor.py:654} INFO - DAG(s) dict_keys(['example_branch_datetime_operator_2']) retrieved from /home/airflow/.local/lib/python3.7/site-packages/airflow/example_dags/example_branch_datetime_operator.py
[2022-03-28 07:18:35,110] {logging_mixin.py:109} INFO - [2022-03-28 07:18:35,110] {dag.py:2398} INFO - Sync 1 DAGs
[2022-03-28 07:18:35,133] {logging_mixin.py:109} INFO - [2022-03-28 07:18:35,133] {dag.py:2937} INFO - Setting next_dagrun for example_branch_datetime_operator_2 to 2022-03-27 00:00:00+00:00
[2022-03-28 07:18:35,142] {processor.py:171} INFO - Processing /home/airflow/.local/lib/python3.7/site-packages/airflow/example_dags/example_branch_datetime_operator.py took 0.079 seconds
[2022-03-28 07:19:05,517] {processor.py:163} INFO - Started process (PID=1529) to work on /home/airflow/.local/lib/python3.7/site-packages/airflow/example_dags/example_branch_datetime_operator.py
[2022-03-28 07:19:05,519] {processor.py:642} INFO - Processing file /home/airflow/.local/lib/python3.7/site-packages/airflow/example_dags/example_branch_datetime_operator.py for tasks to queue
[2022-03-28 07:19:05,520] {logging_mixin.py:109} INFO - [2022-03-28 07:19:05,520] {dagbag.py:500} INFO - Filling up the DagBag from /home/airflow/.local/lib/python3.7/site-packages/airflow/example_dags/example_branch_datetime_operator.py
[2022-03-28 07:19:05,551] {processor.py:654} INFO - DAG(s) dict_keys(['example_branch_datetime_operator_2']) retrieved from /home/airflow/.local/lib/python3.7/site-packages/airflow/example_dags/example_branch_datetime_operator.py
[2022-03-28 07:19:05,561] {logging_mixin.py:109} INFO - [2022-03-28 07:19:05,561] {dag.py:2398} INFO - Sync 1 DAGs
[2022-03-28 07:19:05,576] {logging_mixin.py:109} INFO - [2022-03-28 07:19:05,576] {dag.py:2937} INFO - Setting next_dagrun for example_branch_datetime_operator_2 to 2022-03-27 00:00:00+00:00
[2022-03-28 07:19:05,585] {processor.py:171} INFO - Processing /home/airflow/.local/lib/python3.7/site-packages/airflow/example_dags/example_branch_datetime_operator.py took 0.070 seconds
[2022-03-28 07:19:36,029] {processor.py:163} INFO - Started process (PID=1580) to work on /home/airflow/.local/lib/python3.7/site-packages/airflow/example_dags/example_branch_datetime_operator.py
[2022-03-28 07:19:36,031] {processor.py:642} INFO - Processing file /home/airflow/.local/lib/python3.7/site-packages/airflow/example_dags/example_branch_datetime_operator.py for tasks to queue
[2022-03-28 07:19:36,032] {logging_mixin.py:109} INFO - [2022-03-28 07:19:36,032] {dagbag.py:500} INFO - Filling up the DagBag from /home/airflow/.local/lib/python3.7/site-packages/airflow/example_dags/example_branch_datetime_operator.py
[2022-03-28 07:19:36,061] {processor.py:654} INFO - DAG(s) dict_keys(['example_branch_datetime_operator_2']) retrieved from /home/airflow/.local/lib/python3.7/site-packages/airflow/example_dags/example_branch_datetime_operator.py
[2022-03-28 07:19:36,070] {logging_mixin.py:109} INFO - [2022-03-28 07:19:36,070] {dag.py:2398} INFO - Sync 1 DAGs
[2022-03-28 07:19:36,087] {logging_mixin.py:109} INFO - [2022-03-28 07:19:36,087] {dag.py:2937} INFO - Setting next_dagrun for example_branch_datetime_operator_2 to 2022-03-27 00:00:00+00:00
[2022-03-28 07:19:36,096] {processor.py:171} INFO - Processing /home/airflow/.local/lib/python3.7/site-packages/airflow/example_dags/example_branch_datetime_operator.py took 0.069 seconds
[2022-03-28 07:20:06,740] {processor.py:163} INFO - Started process (PID=1641) to work on /home/airflow/.local/lib/python3.7/site-packages/airflow/example_dags/example_branch_datetime_operator.py
[2022-03-28 07:20:06,741] {processor.py:642} INFO - Processing file /home/airflow/.local/lib/python3.7/site-packages/airflow/example_dags/example_branch_datetime_operator.py for tasks to queue
[2022-03-28 07:20:06,742] {logging_mixin.py:109} INFO - [2022-03-28 07:20:06,742] {dagbag.py:500} INFO - Filling up the DagBag from /home/airflow/.local/lib/python3.7/site-packages/airflow/example_dags/example_branch_datetime_operator.py
[2022-03-28 07:20:06,775] {processor.py:654} INFO - DAG(s) dict_keys(['example_branch_datetime_operator_2']) retrieved from /home/airflow/.local/lib/python3.7/site-packages/airflow/example_dags/example_branch_datetime_operator.py
[2022-03-28 07:20:06,787] {logging_mixin.py:109} INFO - [2022-03-28 07:20:06,787] {dag.py:2398} INFO - Sync 1 DAGs
[2022-03-28 07:20:06,804] {logging_mixin.py:109} INFO - [2022-03-28 07:20:06,804] {dag.py:2937} INFO - Setting next_dagrun for example_branch_datetime_operator_2 to 2022-03-27 00:00:00+00:00
[2022-03-28 07:20:06,817] {processor.py:171} INFO - Processing /home/airflow/.local/lib/python3.7/site-packages/airflow/example_dags/example_branch_datetime_operator.py took 0.080 seconds
[2022-03-28 07:20:37,089] {processor.py:163} INFO - Started process (PID=1693) to work on /home/airflow/.local/lib/python3.7/site-packages/airflow/example_dags/example_branch_datetime_operator.py
[2022-03-28 07:20:37,090] {processor.py:642} INFO - Processing file /home/airflow/.local/lib/python3.7/site-packages/airflow/example_dags/example_branch_datetime_operator.py for tasks to queue
[2022-03-28 07:20:37,091] {logging_mixin.py:109} INFO - [2022-03-28 07:20:37,091] {dagbag.py:500} INFO - Filling up the DagBag from /home/airflow/.local/lib/python3.7/site-packages/airflow/example_dags/example_branch_datetime_operator.py
[2022-03-28 07:20:37,122] {processor.py:654} INFO - DAG(s) dict_keys(['example_branch_datetime_operator_2']) retrieved from /home/airflow/.local/lib/python3.7/site-packages/airflow/example_dags/example_branch_datetime_operator.py
[2022-03-28 07:20:37,132] {logging_mixin.py:109} INFO - [2022-03-28 07:20:37,132] {dag.py:2398} INFO - Sync 1 DAGs
[2022-03-28 07:20:37,150] {logging_mixin.py:109} INFO - [2022-03-28 07:20:37,149] {dag.py:2937} INFO - Setting next_dagrun for example_branch_datetime_operator_2 to 2022-03-27 00:00:00+00:00
[2022-03-28 07:20:37,160] {processor.py:171} INFO - Processing /home/airflow/.local/lib/python3.7/site-packages/airflow/example_dags/example_branch_datetime_operator.py took 0.075 seconds
[2022-03-28 07:21:07,627] {processor.py:163} INFO - Started process (PID=1744) to work on /home/airflow/.local/lib/python3.7/site-packages/airflow/example_dags/example_branch_datetime_operator.py
[2022-03-28 07:21:07,628] {processor.py:642} INFO - Processing file /home/airflow/.local/lib/python3.7/site-packages/airflow/example_dags/example_branch_datetime_operator.py for tasks to queue
[2022-03-28 07:21:07,629] {logging_mixin.py:109} INFO - [2022-03-28 07:21:07,629] {dagbag.py:500} INFO - Filling up the DagBag from /home/airflow/.local/lib/python3.7/site-packages/airflow/example_dags/example_branch_datetime_operator.py
[2022-03-28 07:21:07,659] {processor.py:654} INFO - DAG(s) dict_keys(['example_branch_datetime_operator_2']) retrieved from /home/airflow/.local/lib/python3.7/site-packages/airflow/example_dags/example_branch_datetime_operator.py
[2022-03-28 07:21:07,669] {logging_mixin.py:109} INFO - [2022-03-28 07:21:07,669] {dag.py:2398} INFO - Sync 1 DAGs
[2022-03-28 07:21:07,689] {logging_mixin.py:109} INFO - [2022-03-28 07:21:07,689] {dag.py:2937} INFO - Setting next_dagrun for example_branch_datetime_operator_2 to 2022-03-27 00:00:00+00:00
[2022-03-28 07:21:07,701] {processor.py:171} INFO - Processing /home/airflow/.local/lib/python3.7/site-packages/airflow/example_dags/example_branch_datetime_operator.py took 0.077 seconds
[2022-03-28 07:21:37,907] {processor.py:163} INFO - Started process (PID=1804) to work on /home/airflow/.local/lib/python3.7/site-packages/airflow/example_dags/example_branch_datetime_operator.py
[2022-03-28 07:21:37,908] {processor.py:642} INFO - Processing file /home/airflow/.local/lib/python3.7/site-packages/airflow/example_dags/example_branch_datetime_operator.py for tasks to queue
[2022-03-28 07:21:37,909] {logging_mixin.py:109} INFO - [2022-03-28 07:21:37,909] {dagbag.py:500} INFO - Filling up the DagBag from /home/airflow/.local/lib/python3.7/site-packages/airflow/example_dags/example_branch_datetime_operator.py
[2022-03-28 07:21:37,938] {processor.py:654} INFO - DAG(s) dict_keys(['example_branch_datetime_operator_2']) retrieved from /home/airflow/.local/lib/python3.7/site-packages/airflow/example_dags/example_branch_datetime_operator.py
[2022-03-28 07:21:37,948] {logging_mixin.py:109} INFO - [2022-03-28 07:21:37,947] {dag.py:2398} INFO - Sync 1 DAGs
[2022-03-28 07:21:37,964] {logging_mixin.py:109} INFO - [2022-03-28 07:21:37,964] {dag.py:2937} INFO - Setting next_dagrun for example_branch_datetime_operator_2 to 2022-03-27 00:00:00+00:00
[2022-03-28 07:21:37,973] {processor.py:171} INFO - Processing /home/airflow/.local/lib/python3.7/site-packages/airflow/example_dags/example_branch_datetime_operator.py took 0.069 seconds
[2022-03-28 07:22:08,098] {processor.py:163} INFO - Started process (PID=1855) to work on /home/airflow/.local/lib/python3.7/site-packages/airflow/example_dags/example_branch_datetime_operator.py
[2022-03-28 07:22:08,100] {processor.py:642} INFO - Processing file /home/airflow/.local/lib/python3.7/site-packages/airflow/example_dags/example_branch_datetime_operator.py for tasks to queue
[2022-03-28 07:22:08,101] {logging_mixin.py:109} INFO - [2022-03-28 07:22:08,101] {dagbag.py:500} INFO - Filling up the DagBag from /home/airflow/.local/lib/python3.7/site-packages/airflow/example_dags/example_branch_datetime_operator.py
[2022-03-28 07:22:08,137] {processor.py:654} INFO - DAG(s) dict_keys(['example_branch_datetime_operator_2']) retrieved from /home/airflow/.local/lib/python3.7/site-packages/airflow/example_dags/example_branch_datetime_operator.py
[2022-03-28 07:22:08,147] {logging_mixin.py:109} INFO - [2022-03-28 07:22:08,147] {dag.py:2398} INFO - Sync 1 DAGs
[2022-03-28 07:22:08,166] {logging_mixin.py:109} INFO - [2022-03-28 07:22:08,165] {dag.py:2937} INFO - Setting next_dagrun for example_branch_datetime_operator_2 to 2022-03-27 00:00:00+00:00
[2022-03-28 07:22:08,177] {processor.py:171} INFO - Processing /home/airflow/.local/lib/python3.7/site-packages/airflow/example_dags/example_branch_datetime_operator.py took 0.081 seconds
[2022-03-28 07:22:38,669] {processor.py:163} INFO - Started process (PID=1906) to work on /home/airflow/.local/lib/python3.7/site-packages/airflow/example_dags/example_branch_datetime_operator.py
[2022-03-28 07:22:38,670] {processor.py:642} INFO - Processing file /home/airflow/.local/lib/python3.7/site-packages/airflow/example_dags/example_branch_datetime_operator.py for tasks to queue
[2022-03-28 07:22:38,671] {logging_mixin.py:109} INFO - [2022-03-28 07:22:38,671] {dagbag.py:500} INFO - Filling up the DagBag from /home/airflow/.local/lib/python3.7/site-packages/airflow/example_dags/example_branch_datetime_operator.py
[2022-03-28 07:22:38,718] {processor.py:654} INFO - DAG(s) dict_keys(['example_branch_datetime_operator_2']) retrieved from /home/airflow/.local/lib/python3.7/site-packages/airflow/example_dags/example_branch_datetime_operator.py
[2022-03-28 07:22:38,735] {logging_mixin.py:109} INFO - [2022-03-28 07:22:38,734] {dag.py:2398} INFO - Sync 1 DAGs
[2022-03-28 07:22:38,771] {logging_mixin.py:109} INFO - [2022-03-28 07:22:38,770] {dag.py:2937} INFO - Setting next_dagrun for example_branch_datetime_operator_2 to 2022-03-27 00:00:00+00:00
[2022-03-28 07:22:38,787] {processor.py:171} INFO - Processing /home/airflow/.local/lib/python3.7/site-packages/airflow/example_dags/example_branch_datetime_operator.py took 0.121 seconds
[2022-03-28 07:23:09,123] {processor.py:163} INFO - Started process (PID=1964) to work on /home/airflow/.local/lib/python3.7/site-packages/airflow/example_dags/example_branch_datetime_operator.py
[2022-03-28 07:23:09,125] {processor.py:642} INFO - Processing file /home/airflow/.local/lib/python3.7/site-packages/airflow/example_dags/example_branch_datetime_operator.py for tasks to queue
[2022-03-28 07:23:09,126] {logging_mixin.py:109} INFO - [2022-03-28 07:23:09,126] {dagbag.py:500} INFO - Filling up the DagBag from /home/airflow/.local/lib/python3.7/site-packages/airflow/example_dags/example_branch_datetime_operator.py
[2022-03-28 07:23:09,159] {processor.py:654} INFO - DAG(s) dict_keys(['example_branch_datetime_operator_2']) retrieved from /home/airflow/.local/lib/python3.7/site-packages/airflow/example_dags/example_branch_datetime_operator.py
[2022-03-28 07:23:09,170] {logging_mixin.py:109} INFO - [2022-03-28 07:23:09,170] {dag.py:2398} INFO - Sync 1 DAGs
[2022-03-28 07:23:09,189] {logging_mixin.py:109} INFO - [2022-03-28 07:23:09,189] {dag.py:2937} INFO - Setting next_dagrun for example_branch_datetime_operator_2 to 2022-03-27 00:00:00+00:00
[2022-03-28 07:23:09,202] {processor.py:171} INFO - Processing /home/airflow/.local/lib/python3.7/site-packages/airflow/example_dags/example_branch_datetime_operator.py took 0.083 seconds
[2022-03-28 07:23:39,819] {processor.py:163} INFO - Started process (PID=2018) to work on /home/airflow/.local/lib/python3.7/site-packages/airflow/example_dags/example_branch_datetime_operator.py
[2022-03-28 07:23:39,821] {processor.py:642} INFO - Processing file /home/airflow/.local/lib/python3.7/site-packages/airflow/example_dags/example_branch_datetime_operator.py for tasks to queue
[2022-03-28 07:23:39,822] {logging_mixin.py:109} INFO - [2022-03-28 07:23:39,822] {dagbag.py:500} INFO - Filling up the DagBag from /home/airflow/.local/lib/python3.7/site-packages/airflow/example_dags/example_branch_datetime_operator.py
[2022-03-28 07:23:39,871] {processor.py:654} INFO - DAG(s) dict_keys(['example_branch_datetime_operator_2']) retrieved from /home/airflow/.local/lib/python3.7/site-packages/airflow/example_dags/example_branch_datetime_operator.py
[2022-03-28 07:23:39,886] {logging_mixin.py:109} INFO - [2022-03-28 07:23:39,886] {dag.py:2398} INFO - Sync 1 DAGs
[2022-03-28 07:23:39,911] {logging_mixin.py:109} INFO - [2022-03-28 07:23:39,910] {dag.py:2937} INFO - Setting next_dagrun for example_branch_datetime_operator_2 to 2022-03-27 00:00:00+00:00
[2022-03-28 07:23:39,922] {processor.py:171} INFO - Processing /home/airflow/.local/lib/python3.7/site-packages/airflow/example_dags/example_branch_datetime_operator.py took 0.107 seconds
[2022-03-28 07:24:10,409] {processor.py:163} INFO - Started process (PID=2070) to work on /home/airflow/.local/lib/python3.7/site-packages/airflow/example_dags/example_branch_datetime_operator.py
[2022-03-28 07:24:10,411] {processor.py:642} INFO - Processing file /home/airflow/.local/lib/python3.7/site-packages/airflow/example_dags/example_branch_datetime_operator.py for tasks to queue
[2022-03-28 07:24:10,413] {logging_mixin.py:109} INFO - [2022-03-28 07:24:10,413] {dagbag.py:500} INFO - Filling up the DagBag from /home/airflow/.local/lib/python3.7/site-packages/airflow/example_dags/example_branch_datetime_operator.py
[2022-03-28 07:24:10,451] {processor.py:654} INFO - DAG(s) dict_keys(['example_branch_datetime_operator_2']) retrieved from /home/airflow/.local/lib/python3.7/site-packages/airflow/example_dags/example_branch_datetime_operator.py
[2022-03-28 07:24:10,462] {logging_mixin.py:109} INFO - [2022-03-28 07:24:10,462] {dag.py:2398} INFO - Sync 1 DAGs
[2022-03-28 07:24:10,482] {logging_mixin.py:109} INFO - [2022-03-28 07:24:10,482] {dag.py:2937} INFO - Setting next_dagrun for example_branch_datetime_operator_2 to 2022-03-27 00:00:00+00:00
[2022-03-28 07:24:10,493] {processor.py:171} INFO - Processing /home/airflow/.local/lib/python3.7/site-packages/airflow/example_dags/example_branch_datetime_operator.py took 0.087 seconds
[2022-03-28 07:24:40,662] {processor.py:163} INFO - Started process (PID=2121) to work on /home/airflow/.local/lib/python3.7/site-packages/airflow/example_dags/example_branch_datetime_operator.py
[2022-03-28 07:24:40,664] {processor.py:642} INFO - Processing file /home/airflow/.local/lib/python3.7/site-packages/airflow/example_dags/example_branch_datetime_operator.py for tasks to queue
[2022-03-28 07:24:40,665] {logging_mixin.py:109} INFO - [2022-03-28 07:24:40,665] {dagbag.py:500} INFO - Filling up the DagBag from /home/airflow/.local/lib/python3.7/site-packages/airflow/example_dags/example_branch_datetime_operator.py
[2022-03-28 07:24:40,695] {processor.py:654} INFO - DAG(s) dict_keys(['example_branch_datetime_operator_2']) retrieved from /home/airflow/.local/lib/python3.7/site-packages/airflow/example_dags/example_branch_datetime_operator.py
[2022-03-28 07:24:40,704] {logging_mixin.py:109} INFO - [2022-03-28 07:24:40,704] {dag.py:2398} INFO - Sync 1 DAGs
[2022-03-28 07:24:40,721] {logging_mixin.py:109} INFO - [2022-03-28 07:24:40,721] {dag.py:2937} INFO - Setting next_dagrun for example_branch_datetime_operator_2 to 2022-03-27 00:00:00+00:00
[2022-03-28 07:24:40,733] {processor.py:171} INFO - Processing /home/airflow/.local/lib/python3.7/site-packages/airflow/example_dags/example_branch_datetime_operator.py took 0.073 seconds
[2022-03-28 07:25:10,786] {processor.py:163} INFO - Started process (PID=2172) to work on /home/airflow/.local/lib/python3.7/site-packages/airflow/example_dags/example_branch_datetime_operator.py
[2022-03-28 07:25:10,787] {processor.py:642} INFO - Processing file /home/airflow/.local/lib/python3.7/site-packages/airflow/example_dags/example_branch_datetime_operator.py for tasks to queue
[2022-03-28 07:25:10,788] {logging_mixin.py:109} INFO - [2022-03-28 07:25:10,788] {dagbag.py:500} INFO - Filling up the DagBag from /home/airflow/.local/lib/python3.7/site-packages/airflow/example_dags/example_branch_datetime_operator.py
[2022-03-28 07:25:10,812] {processor.py:654} INFO - DAG(s) dict_keys(['example_branch_datetime_operator_2']) retrieved from /home/airflow/.local/lib/python3.7/site-packages/airflow/example_dags/example_branch_datetime_operator.py
[2022-03-28 07:25:10,820] {logging_mixin.py:109} INFO - [2022-03-28 07:25:10,820] {dag.py:2398} INFO - Sync 1 DAGs
[2022-03-28 07:25:10,834] {logging_mixin.py:109} INFO - [2022-03-28 07:25:10,833] {dag.py:2937} INFO - Setting next_dagrun for example_branch_datetime_operator_2 to 2022-03-27 00:00:00+00:00
[2022-03-28 07:25:10,844] {processor.py:171} INFO - Processing /home/airflow/.local/lib/python3.7/site-packages/airflow/example_dags/example_branch_datetime_operator.py took 0.060 seconds
[2022-03-28 07:25:40,899] {processor.py:163} INFO - Started process (PID=2233) to work on /home/airflow/.local/lib/python3.7/site-packages/airflow/example_dags/example_branch_datetime_operator.py
[2022-03-28 07:25:40,901] {processor.py:642} INFO - Processing file /home/airflow/.local/lib/python3.7/site-packages/airflow/example_dags/example_branch_datetime_operator.py for tasks to queue
[2022-03-28 07:25:40,901] {logging_mixin.py:109} INFO - [2022-03-28 07:25:40,901] {dagbag.py:500} INFO - Filling up the DagBag from /home/airflow/.local/lib/python3.7/site-packages/airflow/example_dags/example_branch_datetime_operator.py
[2022-03-28 07:25:40,930] {processor.py:654} INFO - DAG(s) dict_keys(['example_branch_datetime_operator_2']) retrieved from /home/airflow/.local/lib/python3.7/site-packages/airflow/example_dags/example_branch_datetime_operator.py
[2022-03-28 07:25:40,941] {logging_mixin.py:109} INFO - [2022-03-28 07:25:40,941] {dag.py:2398} INFO - Sync 1 DAGs
[2022-03-28 07:25:40,961] {logging_mixin.py:109} INFO - [2022-03-28 07:25:40,961] {dag.py:2937} INFO - Setting next_dagrun for example_branch_datetime_operator_2 to 2022-03-27 00:00:00+00:00
[2022-03-28 07:25:40,971] {processor.py:171} INFO - Processing /home/airflow/.local/lib/python3.7/site-packages/airflow/example_dags/example_branch_datetime_operator.py took 0.075 seconds
[2022-03-28 07:26:11,664] {processor.py:163} INFO - Started process (PID=2284) to work on /home/airflow/.local/lib/python3.7/site-packages/airflow/example_dags/example_branch_datetime_operator.py
[2022-03-28 07:26:11,665] {processor.py:642} INFO - Processing file /home/airflow/.local/lib/python3.7/site-packages/airflow/example_dags/example_branch_datetime_operator.py for tasks to queue
[2022-03-28 07:26:11,666] {logging_mixin.py:109} INFO - [2022-03-28 07:26:11,666] {dagbag.py:500} INFO - Filling up the DagBag from /home/airflow/.local/lib/python3.7/site-packages/airflow/example_dags/example_branch_datetime_operator.py
[2022-03-28 07:26:11,696] {processor.py:654} INFO - DAG(s) dict_keys(['example_branch_datetime_operator_2']) retrieved from /home/airflow/.local/lib/python3.7/site-packages/airflow/example_dags/example_branch_datetime_operator.py
[2022-03-28 07:26:11,706] {logging_mixin.py:109} INFO - [2022-03-28 07:26:11,706] {dag.py:2398} INFO - Sync 1 DAGs
[2022-03-28 07:26:11,721] {logging_mixin.py:109} INFO - [2022-03-28 07:26:11,721] {dag.py:2937} INFO - Setting next_dagrun for example_branch_datetime_operator_2 to 2022-03-27 00:00:00+00:00
[2022-03-28 07:26:11,730] {processor.py:171} INFO - Processing /home/airflow/.local/lib/python3.7/site-packages/airflow/example_dags/example_branch_datetime_operator.py took 0.069 seconds
[2022-03-28 07:26:42,434] {processor.py:163} INFO - Started process (PID=2335) to work on /home/airflow/.local/lib/python3.7/site-packages/airflow/example_dags/example_branch_datetime_operator.py
[2022-03-28 07:26:42,435] {processor.py:642} INFO - Processing file /home/airflow/.local/lib/python3.7/site-packages/airflow/example_dags/example_branch_datetime_operator.py for tasks to queue
[2022-03-28 07:26:42,436] {logging_mixin.py:109} INFO - [2022-03-28 07:26:42,436] {dagbag.py:500} INFO - Filling up the DagBag from /home/airflow/.local/lib/python3.7/site-packages/airflow/example_dags/example_branch_datetime_operator.py
[2022-03-28 07:26:42,465] {processor.py:654} INFO - DAG(s) dict_keys(['example_branch_datetime_operator_2']) retrieved from /home/airflow/.local/lib/python3.7/site-packages/airflow/example_dags/example_branch_datetime_operator.py
[2022-03-28 07:26:42,475] {logging_mixin.py:109} INFO - [2022-03-28 07:26:42,475] {dag.py:2398} INFO - Sync 1 DAGs
[2022-03-28 07:26:42,491] {logging_mixin.py:109} INFO - [2022-03-28 07:26:42,491] {dag.py:2937} INFO - Setting next_dagrun for example_branch_datetime_operator_2 to 2022-03-27 00:00:00+00:00
[2022-03-28 07:26:42,501] {processor.py:171} INFO - Processing /home/airflow/.local/lib/python3.7/site-packages/airflow/example_dags/example_branch_datetime_operator.py took 0.070 seconds
[2022-03-28 07:27:13,018] {processor.py:163} INFO - Started process (PID=2396) to work on /home/airflow/.local/lib/python3.7/site-packages/airflow/example_dags/example_branch_datetime_operator.py
[2022-03-28 07:27:13,019] {processor.py:642} INFO - Processing file /home/airflow/.local/lib/python3.7/site-packages/airflow/example_dags/example_branch_datetime_operator.py for tasks to queue
[2022-03-28 07:27:13,020] {logging_mixin.py:109} INFO - [2022-03-28 07:27:13,020] {dagbag.py:500} INFO - Filling up the DagBag from /home/airflow/.local/lib/python3.7/site-packages/airflow/example_dags/example_branch_datetime_operator.py
[2022-03-28 07:27:13,046] {processor.py:654} INFO - DAG(s) dict_keys(['example_branch_datetime_operator_2']) retrieved from /home/airflow/.local/lib/python3.7/site-packages/airflow/example_dags/example_branch_datetime_operator.py
[2022-03-28 07:27:13,056] {logging_mixin.py:109} INFO - [2022-03-28 07:27:13,055] {dag.py:2398} INFO - Sync 1 DAGs
[2022-03-28 07:27:13,073] {logging_mixin.py:109} INFO - [2022-03-28 07:27:13,073] {dag.py:2937} INFO - Setting next_dagrun for example_branch_datetime_operator_2 to 2022-03-27 00:00:00+00:00
[2022-03-28 07:27:13,082] {processor.py:171} INFO - Processing /home/airflow/.local/lib/python3.7/site-packages/airflow/example_dags/example_branch_datetime_operator.py took 0.067 seconds
[2022-03-28 07:27:43,827] {processor.py:163} INFO - Started process (PID=2447) to work on /home/airflow/.local/lib/python3.7/site-packages/airflow/example_dags/example_branch_datetime_operator.py
[2022-03-28 07:27:43,828] {processor.py:642} INFO - Processing file /home/airflow/.local/lib/python3.7/site-packages/airflow/example_dags/example_branch_datetime_operator.py for tasks to queue
[2022-03-28 07:27:43,828] {logging_mixin.py:109} INFO - [2022-03-28 07:27:43,828] {dagbag.py:500} INFO - Filling up the DagBag from /home/airflow/.local/lib/python3.7/site-packages/airflow/example_dags/example_branch_datetime_operator.py
[2022-03-28 07:27:43,852] {processor.py:654} INFO - DAG(s) dict_keys(['example_branch_datetime_operator_2']) retrieved from /home/airflow/.local/lib/python3.7/site-packages/airflow/example_dags/example_branch_datetime_operator.py
[2022-03-28 07:27:43,861] {logging_mixin.py:109} INFO - [2022-03-28 07:27:43,861] {dag.py:2398} INFO - Sync 1 DAGs
[2022-03-28 07:27:43,875] {logging_mixin.py:109} INFO - [2022-03-28 07:27:43,875] {dag.py:2937} INFO - Setting next_dagrun for example_branch_datetime_operator_2 to 2022-03-27 00:00:00+00:00
[2022-03-28 07:27:43,887] {processor.py:171} INFO - Processing /home/airflow/.local/lib/python3.7/site-packages/airflow/example_dags/example_branch_datetime_operator.py took 0.062 seconds
[2022-03-28 07:28:14,317] {processor.py:163} INFO - Started process (PID=2507) to work on /home/airflow/.local/lib/python3.7/site-packages/airflow/example_dags/example_branch_datetime_operator.py
[2022-03-28 07:28:14,318] {processor.py:642} INFO - Processing file /home/airflow/.local/lib/python3.7/site-packages/airflow/example_dags/example_branch_datetime_operator.py for tasks to queue
[2022-03-28 07:28:14,319] {logging_mixin.py:109} INFO - [2022-03-28 07:28:14,319] {dagbag.py:500} INFO - Filling up the DagBag from /home/airflow/.local/lib/python3.7/site-packages/airflow/example_dags/example_branch_datetime_operator.py
[2022-03-28 07:28:14,348] {processor.py:654} INFO - DAG(s) dict_keys(['example_branch_datetime_operator_2']) retrieved from /home/airflow/.local/lib/python3.7/site-packages/airflow/example_dags/example_branch_datetime_operator.py
[2022-03-28 07:28:14,357] {logging_mixin.py:109} INFO - [2022-03-28 07:28:14,357] {dag.py:2398} INFO - Sync 1 DAGs
[2022-03-28 07:28:14,377] {logging_mixin.py:109} INFO - [2022-03-28 07:28:14,377] {dag.py:2937} INFO - Setting next_dagrun for example_branch_datetime_operator_2 to 2022-03-27 00:00:00+00:00
[2022-03-28 07:28:14,389] {processor.py:171} INFO - Processing /home/airflow/.local/lib/python3.7/site-packages/airflow/example_dags/example_branch_datetime_operator.py took 0.075 seconds
[2022-03-28 07:28:45,100] {processor.py:163} INFO - Started process (PID=2559) to work on /home/airflow/.local/lib/python3.7/site-packages/airflow/example_dags/example_branch_datetime_operator.py
[2022-03-28 07:28:45,101] {processor.py:642} INFO - Processing file /home/airflow/.local/lib/python3.7/site-packages/airflow/example_dags/example_branch_datetime_operator.py for tasks to queue
[2022-03-28 07:28:45,102] {logging_mixin.py:109} INFO - [2022-03-28 07:28:45,102] {dagbag.py:500} INFO - Filling up the DagBag from /home/airflow/.local/lib/python3.7/site-packages/airflow/example_dags/example_branch_datetime_operator.py
[2022-03-28 07:28:45,133] {processor.py:654} INFO - DAG(s) dict_keys(['example_branch_datetime_operator_2']) retrieved from /home/airflow/.local/lib/python3.7/site-packages/airflow/example_dags/example_branch_datetime_operator.py
[2022-03-28 07:28:45,144] {logging_mixin.py:109} INFO - [2022-03-28 07:28:45,144] {dag.py:2398} INFO - Sync 1 DAGs
[2022-03-28 07:28:45,163] {logging_mixin.py:109} INFO - [2022-03-28 07:28:45,163] {dag.py:2937} INFO - Setting next_dagrun for example_branch_datetime_operator_2 to 2022-03-27 00:00:00+00:00
[2022-03-28 07:28:45,174] {processor.py:171} INFO - Processing /home/airflow/.local/lib/python3.7/site-packages/airflow/example_dags/example_branch_datetime_operator.py took 0.076 seconds
[2022-03-28 07:29:15,918] {processor.py:163} INFO - Started process (PID=2610) to work on /home/airflow/.local/lib/python3.7/site-packages/airflow/example_dags/example_branch_datetime_operator.py
[2022-03-28 07:29:15,919] {processor.py:642} INFO - Processing file /home/airflow/.local/lib/python3.7/site-packages/airflow/example_dags/example_branch_datetime_operator.py for tasks to queue
[2022-03-28 07:29:15,919] {logging_mixin.py:109} INFO - [2022-03-28 07:29:15,919] {dagbag.py:500} INFO - Filling up the DagBag from /home/airflow/.local/lib/python3.7/site-packages/airflow/example_dags/example_branch_datetime_operator.py
[2022-03-28 07:29:15,946] {processor.py:654} INFO - DAG(s) dict_keys(['example_branch_datetime_operator_2']) retrieved from /home/airflow/.local/lib/python3.7/site-packages/airflow/example_dags/example_branch_datetime_operator.py
[2022-03-28 07:29:15,955] {logging_mixin.py:109} INFO - [2022-03-28 07:29:15,955] {dag.py:2398} INFO - Sync 1 DAGs
[2022-03-28 07:29:15,971] {logging_mixin.py:109} INFO - [2022-03-28 07:29:15,971] {dag.py:2937} INFO - Setting next_dagrun for example_branch_datetime_operator_2 to 2022-03-27 00:00:00+00:00
[2022-03-28 07:29:15,982] {processor.py:171} INFO - Processing /home/airflow/.local/lib/python3.7/site-packages/airflow/example_dags/example_branch_datetime_operator.py took 0.067 seconds
[2022-03-28 07:29:46,590] {processor.py:163} INFO - Started process (PID=2672) to work on /home/airflow/.local/lib/python3.7/site-packages/airflow/example_dags/example_branch_datetime_operator.py
[2022-03-28 07:29:46,591] {processor.py:642} INFO - Processing file /home/airflow/.local/lib/python3.7/site-packages/airflow/example_dags/example_branch_datetime_operator.py for tasks to queue
[2022-03-28 07:29:46,592] {logging_mixin.py:109} INFO - [2022-03-28 07:29:46,592] {dagbag.py:500} INFO - Filling up the DagBag from /home/airflow/.local/lib/python3.7/site-packages/airflow/example_dags/example_branch_datetime_operator.py
[2022-03-28 07:29:46,622] {processor.py:654} INFO - DAG(s) dict_keys(['example_branch_datetime_operator_2']) retrieved from /home/airflow/.local/lib/python3.7/site-packages/airflow/example_dags/example_branch_datetime_operator.py
[2022-03-28 07:29:46,633] {logging_mixin.py:109} INFO - [2022-03-28 07:29:46,633] {dag.py:2398} INFO - Sync 1 DAGs
[2022-03-28 07:29:46,652] {logging_mixin.py:109} INFO - [2022-03-28 07:29:46,652] {dag.py:2937} INFO - Setting next_dagrun for example_branch_datetime_operator_2 to 2022-03-27 00:00:00+00:00
[2022-03-28 07:29:46,663] {processor.py:171} INFO - Processing /home/airflow/.local/lib/python3.7/site-packages/airflow/example_dags/example_branch_datetime_operator.py took 0.076 seconds
[2022-03-28 07:30:17,248] {processor.py:163} INFO - Started process (PID=2723) to work on /home/airflow/.local/lib/python3.7/site-packages/airflow/example_dags/example_branch_datetime_operator.py
[2022-03-28 07:30:17,249] {processor.py:642} INFO - Processing file /home/airflow/.local/lib/python3.7/site-packages/airflow/example_dags/example_branch_datetime_operator.py for tasks to queue
[2022-03-28 07:30:17,251] {logging_mixin.py:109} INFO - [2022-03-28 07:30:17,250] {dagbag.py:500} INFO - Filling up the DagBag from /home/airflow/.local/lib/python3.7/site-packages/airflow/example_dags/example_branch_datetime_operator.py
[2022-03-28 07:30:17,291] {processor.py:654} INFO - DAG(s) dict_keys(['example_branch_datetime_operator_2']) retrieved from /home/airflow/.local/lib/python3.7/site-packages/airflow/example_dags/example_branch_datetime_operator.py
[2022-03-28 07:30:17,304] {logging_mixin.py:109} INFO - [2022-03-28 07:30:17,304] {dag.py:2398} INFO - Sync 1 DAGs
[2022-03-28 07:30:17,322] {logging_mixin.py:109} INFO - [2022-03-28 07:30:17,322] {dag.py:2937} INFO - Setting next_dagrun for example_branch_datetime_operator_2 to 2022-03-27 00:00:00+00:00
[2022-03-28 07:30:17,333] {processor.py:171} INFO - Processing /home/airflow/.local/lib/python3.7/site-packages/airflow/example_dags/example_branch_datetime_operator.py took 0.089 seconds
[2022-03-28 07:30:47,459] {processor.py:163} INFO - Started process (PID=2782) to work on /home/airflow/.local/lib/python3.7/site-packages/airflow/example_dags/example_branch_datetime_operator.py
[2022-03-28 07:30:47,460] {processor.py:642} INFO - Processing file /home/airflow/.local/lib/python3.7/site-packages/airflow/example_dags/example_branch_datetime_operator.py for tasks to queue
[2022-03-28 07:30:47,462] {logging_mixin.py:109} INFO - [2022-03-28 07:30:47,461] {dagbag.py:500} INFO - Filling up the DagBag from /home/airflow/.local/lib/python3.7/site-packages/airflow/example_dags/example_branch_datetime_operator.py
[2022-03-28 07:30:47,515] {processor.py:654} INFO - DAG(s) dict_keys(['example_branch_datetime_operator_2']) retrieved from /home/airflow/.local/lib/python3.7/site-packages/airflow/example_dags/example_branch_datetime_operator.py
[2022-03-28 07:30:47,533] {logging_mixin.py:109} INFO - [2022-03-28 07:30:47,533] {dag.py:2398} INFO - Sync 1 DAGs
[2022-03-28 07:30:47,561] {logging_mixin.py:109} INFO - [2022-03-28 07:30:47,561] {dag.py:2937} INFO - Setting next_dagrun for example_branch_datetime_operator_2 to 2022-03-27 00:00:00+00:00
[2022-03-28 07:30:47,572] {processor.py:171} INFO - Processing /home/airflow/.local/lib/python3.7/site-packages/airflow/example_dags/example_branch_datetime_operator.py took 0.118 seconds
[2022-03-28 07:31:17,695] {processor.py:163} INFO - Started process (PID=2835) to work on /home/airflow/.local/lib/python3.7/site-packages/airflow/example_dags/example_branch_datetime_operator.py
[2022-03-28 07:31:17,697] {processor.py:642} INFO - Processing file /home/airflow/.local/lib/python3.7/site-packages/airflow/example_dags/example_branch_datetime_operator.py for tasks to queue
[2022-03-28 07:31:17,699] {logging_mixin.py:109} INFO - [2022-03-28 07:31:17,699] {dagbag.py:500} INFO - Filling up the DagBag from /home/airflow/.local/lib/python3.7/site-packages/airflow/example_dags/example_branch_datetime_operator.py
[2022-03-28 07:31:17,768] {processor.py:654} INFO - DAG(s) dict_keys(['example_branch_datetime_operator_2']) retrieved from /home/airflow/.local/lib/python3.7/site-packages/airflow/example_dags/example_branch_datetime_operator.py
[2022-03-28 07:31:17,788] {logging_mixin.py:109} INFO - [2022-03-28 07:31:17,788] {dag.py:2398} INFO - Sync 1 DAGs
[2022-03-28 07:31:17,825] {logging_mixin.py:109} INFO - [2022-03-28 07:31:17,825] {dag.py:2937} INFO - Setting next_dagrun for example_branch_datetime_operator_2 to 2022-03-27 00:00:00+00:00
[2022-03-28 07:31:17,842] {processor.py:171} INFO - Processing /home/airflow/.local/lib/python3.7/site-packages/airflow/example_dags/example_branch_datetime_operator.py took 0.152 seconds
[2022-03-28 07:31:48,191] {processor.py:163} INFO - Started process (PID=2887) to work on /home/airflow/.local/lib/python3.7/site-packages/airflow/example_dags/example_branch_datetime_operator.py
[2022-03-28 07:31:48,193] {processor.py:642} INFO - Processing file /home/airflow/.local/lib/python3.7/site-packages/airflow/example_dags/example_branch_datetime_operator.py for tasks to queue
[2022-03-28 07:31:48,194] {logging_mixin.py:109} INFO - [2022-03-28 07:31:48,194] {dagbag.py:500} INFO - Filling up the DagBag from /home/airflow/.local/lib/python3.7/site-packages/airflow/example_dags/example_branch_datetime_operator.py
[2022-03-28 07:31:48,231] {processor.py:654} INFO - DAG(s) dict_keys(['example_branch_datetime_operator_2']) retrieved from /home/airflow/.local/lib/python3.7/site-packages/airflow/example_dags/example_branch_datetime_operator.py
[2022-03-28 07:31:48,246] {logging_mixin.py:109} INFO - [2022-03-28 07:31:48,246] {dag.py:2398} INFO - Sync 1 DAGs
[2022-03-28 07:31:48,273] {logging_mixin.py:109} INFO - [2022-03-28 07:31:48,273] {dag.py:2937} INFO - Setting next_dagrun for example_branch_datetime_operator_2 to 2022-03-27 00:00:00+00:00
[2022-03-28 07:31:48,283] {processor.py:171} INFO - Processing /home/airflow/.local/lib/python3.7/site-packages/airflow/example_dags/example_branch_datetime_operator.py took 0.097 seconds
[2022-03-28 07:32:18,949] {processor.py:163} INFO - Started process (PID=2938) to work on /home/airflow/.local/lib/python3.7/site-packages/airflow/example_dags/example_branch_datetime_operator.py
[2022-03-28 07:32:18,950] {processor.py:642} INFO - Processing file /home/airflow/.local/lib/python3.7/site-packages/airflow/example_dags/example_branch_datetime_operator.py for tasks to queue
[2022-03-28 07:32:18,951] {logging_mixin.py:109} INFO - [2022-03-28 07:32:18,951] {dagbag.py:500} INFO - Filling up the DagBag from /home/airflow/.local/lib/python3.7/site-packages/airflow/example_dags/example_branch_datetime_operator.py
[2022-03-28 07:32:18,982] {processor.py:654} INFO - DAG(s) dict_keys(['example_branch_datetime_operator_2']) retrieved from /home/airflow/.local/lib/python3.7/site-packages/airflow/example_dags/example_branch_datetime_operator.py
[2022-03-28 07:32:18,994] {logging_mixin.py:109} INFO - [2022-03-28 07:32:18,994] {dag.py:2398} INFO - Sync 1 DAGs
[2022-03-28 07:32:19,013] {logging_mixin.py:109} INFO - [2022-03-28 07:32:19,013] {dag.py:2937} INFO - Setting next_dagrun for example_branch_datetime_operator_2 to 2022-03-27 00:00:00+00:00
[2022-03-28 07:32:19,024] {processor.py:171} INFO - Processing /home/airflow/.local/lib/python3.7/site-packages/airflow/example_dags/example_branch_datetime_operator.py took 0.078 seconds
