[2022-03-28 07:08:43,164] {processor.py:163} INFO - Started process (PID=216) to work on /home/airflow/.local/lib/python3.7/site-packages/airflow/example_dags/example_branch_day_of_week_operator.py
[2022-03-28 07:08:43,166] {processor.py:642} INFO - Processing file /home/airflow/.local/lib/python3.7/site-packages/airflow/example_dags/example_branch_day_of_week_operator.py for tasks to queue
[2022-03-28 07:08:43,166] {logging_mixin.py:109} INFO - [2022-03-28 07:08:43,166] {dagbag.py:500} INFO - Filling up the DagBag from /home/airflow/.local/lib/python3.7/site-packages/airflow/example_dags/example_branch_day_of_week_operator.py
[2022-03-28 07:08:43,209] {processor.py:654} INFO - DAG(s) dict_keys(['example_weekday_branch_operator']) retrieved from /home/airflow/.local/lib/python3.7/site-packages/airflow/example_dags/example_branch_day_of_week_operator.py
[2022-03-28 07:08:45,378] {logging_mixin.py:109} INFO - [2022-03-28 07:08:45,378] {manager.py:496} INFO - Created Permission View: can read on DAG:example_weekday_branch_operator
[2022-03-28 07:08:45,393] {logging_mixin.py:109} INFO - [2022-03-28 07:08:45,393] {manager.py:496} INFO - Created Permission View: can edit on DAG:example_weekday_branch_operator
[2022-03-28 07:08:45,394] {logging_mixin.py:109} INFO - [2022-03-28 07:08:45,393] {dag.py:2398} INFO - Sync 1 DAGs
[2022-03-28 07:08:45,405] {logging_mixin.py:109} INFO - [2022-03-28 07:08:45,404] {dag.py:2417} INFO - Creating ORM DAG for example_weekday_branch_operator
[2022-03-28 07:08:45,417] {logging_mixin.py:109} INFO - [2022-03-28 07:08:45,417] {dag.py:2937} INFO - Setting next_dagrun for example_weekday_branch_operator to 2022-03-27 00:00:00+00:00
[2022-03-28 07:08:45,429] {processor.py:171} INFO - Processing /home/airflow/.local/lib/python3.7/site-packages/airflow/example_dags/example_branch_day_of_week_operator.py took 2.269 seconds
[2022-03-28 07:09:15,519] {processor.py:163} INFO - Started process (PID=483) to work on /home/airflow/.local/lib/python3.7/site-packages/airflow/example_dags/example_branch_day_of_week_operator.py
[2022-03-28 07:09:15,520] {processor.py:642} INFO - Processing file /home/airflow/.local/lib/python3.7/site-packages/airflow/example_dags/example_branch_day_of_week_operator.py for tasks to queue
[2022-03-28 07:09:15,521] {logging_mixin.py:109} INFO - [2022-03-28 07:09:15,521] {dagbag.py:500} INFO - Filling up the DagBag from /home/airflow/.local/lib/python3.7/site-packages/airflow/example_dags/example_branch_day_of_week_operator.py
[2022-03-28 07:09:15,553] {processor.py:654} INFO - DAG(s) dict_keys(['example_weekday_branch_operator']) retrieved from /home/airflow/.local/lib/python3.7/site-packages/airflow/example_dags/example_branch_day_of_week_operator.py
[2022-03-28 07:09:15,563] {logging_mixin.py:109} INFO - [2022-03-28 07:09:15,563] {dag.py:2398} INFO - Sync 1 DAGs
[2022-03-28 07:09:15,580] {logging_mixin.py:109} INFO - [2022-03-28 07:09:15,580] {dag.py:2937} INFO - Setting next_dagrun for example_weekday_branch_operator to 2022-03-27 00:00:00+00:00
[2022-03-28 07:09:15,592] {processor.py:171} INFO - Processing /home/airflow/.local/lib/python3.7/site-packages/airflow/example_dags/example_branch_day_of_week_operator.py took 0.076 seconds
[2022-03-28 07:09:46,291] {processor.py:163} INFO - Started process (PID=535) to work on /home/airflow/.local/lib/python3.7/site-packages/airflow/example_dags/example_branch_day_of_week_operator.py
[2022-03-28 07:09:46,293] {processor.py:642} INFO - Processing file /home/airflow/.local/lib/python3.7/site-packages/airflow/example_dags/example_branch_day_of_week_operator.py for tasks to queue
[2022-03-28 07:09:46,294] {logging_mixin.py:109} INFO - [2022-03-28 07:09:46,294] {dagbag.py:500} INFO - Filling up the DagBag from /home/airflow/.local/lib/python3.7/site-packages/airflow/example_dags/example_branch_day_of_week_operator.py
[2022-03-28 07:09:46,322] {processor.py:654} INFO - DAG(s) dict_keys(['example_weekday_branch_operator']) retrieved from /home/airflow/.local/lib/python3.7/site-packages/airflow/example_dags/example_branch_day_of_week_operator.py
[2022-03-28 07:09:46,332] {logging_mixin.py:109} INFO - [2022-03-28 07:09:46,332] {dag.py:2398} INFO - Sync 1 DAGs
[2022-03-28 07:09:46,347] {logging_mixin.py:109} INFO - [2022-03-28 07:09:46,347] {dag.py:2937} INFO - Setting next_dagrun for example_weekday_branch_operator to 2022-03-27 00:00:00+00:00
[2022-03-28 07:09:46,356] {processor.py:171} INFO - Processing /home/airflow/.local/lib/python3.7/site-packages/airflow/example_dags/example_branch_day_of_week_operator.py took 0.068 seconds
[2022-03-28 07:10:16,802] {processor.py:163} INFO - Started process (PID=596) to work on /home/airflow/.local/lib/python3.7/site-packages/airflow/example_dags/example_branch_day_of_week_operator.py
[2022-03-28 07:10:16,804] {processor.py:642} INFO - Processing file /home/airflow/.local/lib/python3.7/site-packages/airflow/example_dags/example_branch_day_of_week_operator.py for tasks to queue
[2022-03-28 07:10:16,805] {logging_mixin.py:109} INFO - [2022-03-28 07:10:16,804] {dagbag.py:500} INFO - Filling up the DagBag from /home/airflow/.local/lib/python3.7/site-packages/airflow/example_dags/example_branch_day_of_week_operator.py
[2022-03-28 07:10:16,840] {processor.py:654} INFO - DAG(s) dict_keys(['example_weekday_branch_operator']) retrieved from /home/airflow/.local/lib/python3.7/site-packages/airflow/example_dags/example_branch_day_of_week_operator.py
[2022-03-28 07:10:16,850] {logging_mixin.py:109} INFO - [2022-03-28 07:10:16,850] {dag.py:2398} INFO - Sync 1 DAGs
[2022-03-28 07:10:16,867] {logging_mixin.py:109} INFO - [2022-03-28 07:10:16,867] {dag.py:2937} INFO - Setting next_dagrun for example_weekday_branch_operator to 2022-03-27 00:00:00+00:00
[2022-03-28 07:10:16,878] {processor.py:171} INFO - Processing /home/airflow/.local/lib/python3.7/site-packages/airflow/example_dags/example_branch_day_of_week_operator.py took 0.078 seconds
[2022-03-28 07:10:47,519] {processor.py:163} INFO - Started process (PID=646) to work on /home/airflow/.local/lib/python3.7/site-packages/airflow/example_dags/example_branch_day_of_week_operator.py
[2022-03-28 07:10:47,520] {processor.py:642} INFO - Processing file /home/airflow/.local/lib/python3.7/site-packages/airflow/example_dags/example_branch_day_of_week_operator.py for tasks to queue
[2022-03-28 07:10:47,522] {logging_mixin.py:109} INFO - [2022-03-28 07:10:47,521] {dagbag.py:500} INFO - Filling up the DagBag from /home/airflow/.local/lib/python3.7/site-packages/airflow/example_dags/example_branch_day_of_week_operator.py
[2022-03-28 07:10:47,552] {processor.py:654} INFO - DAG(s) dict_keys(['example_weekday_branch_operator']) retrieved from /home/airflow/.local/lib/python3.7/site-packages/airflow/example_dags/example_branch_day_of_week_operator.py
[2022-03-28 07:10:47,562] {logging_mixin.py:109} INFO - [2022-03-28 07:10:47,562] {dag.py:2398} INFO - Sync 1 DAGs
[2022-03-28 07:10:47,580] {logging_mixin.py:109} INFO - [2022-03-28 07:10:47,580] {dag.py:2937} INFO - Setting next_dagrun for example_weekday_branch_operator to 2022-03-27 00:00:00+00:00
[2022-03-28 07:10:47,590] {processor.py:171} INFO - Processing /home/airflow/.local/lib/python3.7/site-packages/airflow/example_dags/example_branch_day_of_week_operator.py took 0.074 seconds
[2022-03-28 07:11:17,998] {processor.py:163} INFO - Started process (PID=698) to work on /home/airflow/.local/lib/python3.7/site-packages/airflow/example_dags/example_branch_day_of_week_operator.py
[2022-03-28 07:11:18,000] {processor.py:642} INFO - Processing file /home/airflow/.local/lib/python3.7/site-packages/airflow/example_dags/example_branch_day_of_week_operator.py for tasks to queue
[2022-03-28 07:11:18,001] {logging_mixin.py:109} INFO - [2022-03-28 07:11:18,001] {dagbag.py:500} INFO - Filling up the DagBag from /home/airflow/.local/lib/python3.7/site-packages/airflow/example_dags/example_branch_day_of_week_operator.py
[2022-03-28 07:11:18,031] {processor.py:654} INFO - DAG(s) dict_keys(['example_weekday_branch_operator']) retrieved from /home/airflow/.local/lib/python3.7/site-packages/airflow/example_dags/example_branch_day_of_week_operator.py
[2022-03-28 07:11:18,040] {logging_mixin.py:109} INFO - [2022-03-28 07:11:18,040] {dag.py:2398} INFO - Sync 1 DAGs
[2022-03-28 07:11:18,055] {logging_mixin.py:109} INFO - [2022-03-28 07:11:18,055] {dag.py:2937} INFO - Setting next_dagrun for example_weekday_branch_operator to 2022-03-27 00:00:00+00:00
[2022-03-28 07:11:18,064] {processor.py:171} INFO - Processing /home/airflow/.local/lib/python3.7/site-packages/airflow/example_dags/example_branch_day_of_week_operator.py took 0.071 seconds
[2022-03-28 07:11:48,423] {processor.py:163} INFO - Started process (PID=758) to work on /home/airflow/.local/lib/python3.7/site-packages/airflow/example_dags/example_branch_day_of_week_operator.py
[2022-03-28 07:11:48,426] {processor.py:642} INFO - Processing file /home/airflow/.local/lib/python3.7/site-packages/airflow/example_dags/example_branch_day_of_week_operator.py for tasks to queue
[2022-03-28 07:11:48,427] {logging_mixin.py:109} INFO - [2022-03-28 07:11:48,427] {dagbag.py:500} INFO - Filling up the DagBag from /home/airflow/.local/lib/python3.7/site-packages/airflow/example_dags/example_branch_day_of_week_operator.py
[2022-03-28 07:11:48,456] {processor.py:654} INFO - DAG(s) dict_keys(['example_weekday_branch_operator']) retrieved from /home/airflow/.local/lib/python3.7/site-packages/airflow/example_dags/example_branch_day_of_week_operator.py
[2022-03-28 07:11:48,465] {logging_mixin.py:109} INFO - [2022-03-28 07:11:48,465] {dag.py:2398} INFO - Sync 1 DAGs
[2022-03-28 07:11:48,482] {logging_mixin.py:109} INFO - [2022-03-28 07:11:48,482] {dag.py:2937} INFO - Setting next_dagrun for example_weekday_branch_operator to 2022-03-27 00:00:00+00:00
[2022-03-28 07:11:48,491] {processor.py:171} INFO - Processing /home/airflow/.local/lib/python3.7/site-packages/airflow/example_dags/example_branch_day_of_week_operator.py took 0.070 seconds
[2022-03-28 07:12:18,977] {processor.py:163} INFO - Started process (PID=809) to work on /home/airflow/.local/lib/python3.7/site-packages/airflow/example_dags/example_branch_day_of_week_operator.py
[2022-03-28 07:12:18,978] {processor.py:642} INFO - Processing file /home/airflow/.local/lib/python3.7/site-packages/airflow/example_dags/example_branch_day_of_week_operator.py for tasks to queue
[2022-03-28 07:12:18,979] {logging_mixin.py:109} INFO - [2022-03-28 07:12:18,979] {dagbag.py:500} INFO - Filling up the DagBag from /home/airflow/.local/lib/python3.7/site-packages/airflow/example_dags/example_branch_day_of_week_operator.py
[2022-03-28 07:12:19,009] {processor.py:654} INFO - DAG(s) dict_keys(['example_weekday_branch_operator']) retrieved from /home/airflow/.local/lib/python3.7/site-packages/airflow/example_dags/example_branch_day_of_week_operator.py
[2022-03-28 07:12:19,018] {logging_mixin.py:109} INFO - [2022-03-28 07:12:19,018] {dag.py:2398} INFO - Sync 1 DAGs
[2022-03-28 07:12:19,036] {logging_mixin.py:109} INFO - [2022-03-28 07:12:19,036] {dag.py:2937} INFO - Setting next_dagrun for example_weekday_branch_operator to 2022-03-27 00:00:00+00:00
[2022-03-28 07:12:19,047] {processor.py:171} INFO - Processing /home/airflow/.local/lib/python3.7/site-packages/airflow/example_dags/example_branch_day_of_week_operator.py took 0.074 seconds
[2022-03-28 07:12:49,563] {processor.py:163} INFO - Started process (PID=860) to work on /home/airflow/.local/lib/python3.7/site-packages/airflow/example_dags/example_branch_day_of_week_operator.py
[2022-03-28 07:12:49,564] {processor.py:642} INFO - Processing file /home/airflow/.local/lib/python3.7/site-packages/airflow/example_dags/example_branch_day_of_week_operator.py for tasks to queue
[2022-03-28 07:12:49,565] {logging_mixin.py:109} INFO - [2022-03-28 07:12:49,565] {dagbag.py:500} INFO - Filling up the DagBag from /home/airflow/.local/lib/python3.7/site-packages/airflow/example_dags/example_branch_day_of_week_operator.py
[2022-03-28 07:12:49,594] {processor.py:654} INFO - DAG(s) dict_keys(['example_weekday_branch_operator']) retrieved from /home/airflow/.local/lib/python3.7/site-packages/airflow/example_dags/example_branch_day_of_week_operator.py
[2022-03-28 07:12:49,603] {logging_mixin.py:109} INFO - [2022-03-28 07:12:49,603] {dag.py:2398} INFO - Sync 1 DAGs
[2022-03-28 07:12:49,620] {logging_mixin.py:109} INFO - [2022-03-28 07:12:49,620] {dag.py:2937} INFO - Setting next_dagrun for example_weekday_branch_operator to 2022-03-27 00:00:00+00:00
[2022-03-28 07:12:49,628] {processor.py:171} INFO - Processing /home/airflow/.local/lib/python3.7/site-packages/airflow/example_dags/example_branch_day_of_week_operator.py took 0.068 seconds
[2022-03-28 07:13:20,026] {processor.py:163} INFO - Started process (PID=920) to work on /home/airflow/.local/lib/python3.7/site-packages/airflow/example_dags/example_branch_day_of_week_operator.py
[2022-03-28 07:13:20,027] {processor.py:642} INFO - Processing file /home/airflow/.local/lib/python3.7/site-packages/airflow/example_dags/example_branch_day_of_week_operator.py for tasks to queue
[2022-03-28 07:13:20,028] {logging_mixin.py:109} INFO - [2022-03-28 07:13:20,028] {dagbag.py:500} INFO - Filling up the DagBag from /home/airflow/.local/lib/python3.7/site-packages/airflow/example_dags/example_branch_day_of_week_operator.py
[2022-03-28 07:13:20,055] {processor.py:654} INFO - DAG(s) dict_keys(['example_weekday_branch_operator']) retrieved from /home/airflow/.local/lib/python3.7/site-packages/airflow/example_dags/example_branch_day_of_week_operator.py
[2022-03-28 07:13:20,065] {logging_mixin.py:109} INFO - [2022-03-28 07:13:20,065] {dag.py:2398} INFO - Sync 1 DAGs
[2022-03-28 07:13:20,085] {logging_mixin.py:109} INFO - [2022-03-28 07:13:20,085] {dag.py:2937} INFO - Setting next_dagrun for example_weekday_branch_operator to 2022-03-27 00:00:00+00:00
[2022-03-28 07:13:20,100] {processor.py:171} INFO - Processing /home/airflow/.local/lib/python3.7/site-packages/airflow/example_dags/example_branch_day_of_week_operator.py took 0.076 seconds
[2022-03-28 07:13:50,560] {processor.py:163} INFO - Started process (PID=971) to work on /home/airflow/.local/lib/python3.7/site-packages/airflow/example_dags/example_branch_day_of_week_operator.py
[2022-03-28 07:13:50,561] {processor.py:642} INFO - Processing file /home/airflow/.local/lib/python3.7/site-packages/airflow/example_dags/example_branch_day_of_week_operator.py for tasks to queue
[2022-03-28 07:13:50,562] {logging_mixin.py:109} INFO - [2022-03-28 07:13:50,562] {dagbag.py:500} INFO - Filling up the DagBag from /home/airflow/.local/lib/python3.7/site-packages/airflow/example_dags/example_branch_day_of_week_operator.py
[2022-03-28 07:13:50,590] {processor.py:654} INFO - DAG(s) dict_keys(['example_weekday_branch_operator']) retrieved from /home/airflow/.local/lib/python3.7/site-packages/airflow/example_dags/example_branch_day_of_week_operator.py
[2022-03-28 07:13:50,599] {logging_mixin.py:109} INFO - [2022-03-28 07:13:50,599] {dag.py:2398} INFO - Sync 1 DAGs
[2022-03-28 07:13:50,616] {logging_mixin.py:109} INFO - [2022-03-28 07:13:50,616] {dag.py:2937} INFO - Setting next_dagrun for example_weekday_branch_operator to 2022-03-27 00:00:00+00:00
[2022-03-28 07:13:50,625] {processor.py:171} INFO - Processing /home/airflow/.local/lib/python3.7/site-packages/airflow/example_dags/example_branch_day_of_week_operator.py took 0.068 seconds
[2022-03-28 07:14:21,147] {processor.py:163} INFO - Started process (PID=1022) to work on /home/airflow/.local/lib/python3.7/site-packages/airflow/example_dags/example_branch_day_of_week_operator.py
[2022-03-28 07:14:21,149] {processor.py:642} INFO - Processing file /home/airflow/.local/lib/python3.7/site-packages/airflow/example_dags/example_branch_day_of_week_operator.py for tasks to queue
[2022-03-28 07:14:21,150] {logging_mixin.py:109} INFO - [2022-03-28 07:14:21,149] {dagbag.py:500} INFO - Filling up the DagBag from /home/airflow/.local/lib/python3.7/site-packages/airflow/example_dags/example_branch_day_of_week_operator.py
[2022-03-28 07:14:21,179] {processor.py:654} INFO - DAG(s) dict_keys(['example_weekday_branch_operator']) retrieved from /home/airflow/.local/lib/python3.7/site-packages/airflow/example_dags/example_branch_day_of_week_operator.py
[2022-03-28 07:14:21,188] {logging_mixin.py:109} INFO - [2022-03-28 07:14:21,188] {dag.py:2398} INFO - Sync 1 DAGs
[2022-03-28 07:14:21,204] {logging_mixin.py:109} INFO - [2022-03-28 07:14:21,204] {dag.py:2937} INFO - Setting next_dagrun for example_weekday_branch_operator to 2022-03-27 00:00:00+00:00
[2022-03-28 07:14:21,213] {processor.py:171} INFO - Processing /home/airflow/.local/lib/python3.7/site-packages/airflow/example_dags/example_branch_day_of_week_operator.py took 0.070 seconds
[2022-03-28 07:14:51,778] {processor.py:163} INFO - Started process (PID=1082) to work on /home/airflow/.local/lib/python3.7/site-packages/airflow/example_dags/example_branch_day_of_week_operator.py
[2022-03-28 07:14:51,780] {processor.py:642} INFO - Processing file /home/airflow/.local/lib/python3.7/site-packages/airflow/example_dags/example_branch_day_of_week_operator.py for tasks to queue
[2022-03-28 07:14:51,781] {logging_mixin.py:109} INFO - [2022-03-28 07:14:51,781] {dagbag.py:500} INFO - Filling up the DagBag from /home/airflow/.local/lib/python3.7/site-packages/airflow/example_dags/example_branch_day_of_week_operator.py
[2022-03-28 07:14:51,816] {processor.py:654} INFO - DAG(s) dict_keys(['example_weekday_branch_operator']) retrieved from /home/airflow/.local/lib/python3.7/site-packages/airflow/example_dags/example_branch_day_of_week_operator.py
[2022-03-28 07:14:51,826] {logging_mixin.py:109} INFO - [2022-03-28 07:14:51,826] {dag.py:2398} INFO - Sync 1 DAGs
[2022-03-28 07:14:51,847] {logging_mixin.py:109} INFO - [2022-03-28 07:14:51,847] {dag.py:2937} INFO - Setting next_dagrun for example_weekday_branch_operator to 2022-03-27 00:00:00+00:00
[2022-03-28 07:14:51,858] {processor.py:171} INFO - Processing /home/airflow/.local/lib/python3.7/site-packages/airflow/example_dags/example_branch_day_of_week_operator.py took 0.083 seconds
[2022-03-28 07:15:22,494] {processor.py:163} INFO - Started process (PID=1133) to work on /home/airflow/.local/lib/python3.7/site-packages/airflow/example_dags/example_branch_day_of_week_operator.py
[2022-03-28 07:15:22,496] {processor.py:642} INFO - Processing file /home/airflow/.local/lib/python3.7/site-packages/airflow/example_dags/example_branch_day_of_week_operator.py for tasks to queue
[2022-03-28 07:15:22,497] {logging_mixin.py:109} INFO - [2022-03-28 07:15:22,497] {dagbag.py:500} INFO - Filling up the DagBag from /home/airflow/.local/lib/python3.7/site-packages/airflow/example_dags/example_branch_day_of_week_operator.py
[2022-03-28 07:15:22,528] {processor.py:654} INFO - DAG(s) dict_keys(['example_weekday_branch_operator']) retrieved from /home/airflow/.local/lib/python3.7/site-packages/airflow/example_dags/example_branch_day_of_week_operator.py
[2022-03-28 07:15:22,537] {logging_mixin.py:109} INFO - [2022-03-28 07:15:22,537] {dag.py:2398} INFO - Sync 1 DAGs
[2022-03-28 07:15:22,553] {logging_mixin.py:109} INFO - [2022-03-28 07:15:22,553] {dag.py:2937} INFO - Setting next_dagrun for example_weekday_branch_operator to 2022-03-27 00:00:00+00:00
[2022-03-28 07:15:22,561] {processor.py:171} INFO - Processing /home/airflow/.local/lib/python3.7/site-packages/airflow/example_dags/example_branch_day_of_week_operator.py took 0.070 seconds
[2022-03-28 07:15:52,827] {processor.py:163} INFO - Started process (PID=1184) to work on /home/airflow/.local/lib/python3.7/site-packages/airflow/example_dags/example_branch_day_of_week_operator.py
[2022-03-28 07:15:52,829] {processor.py:642} INFO - Processing file /home/airflow/.local/lib/python3.7/site-packages/airflow/example_dags/example_branch_day_of_week_operator.py for tasks to queue
[2022-03-28 07:15:52,830] {logging_mixin.py:109} INFO - [2022-03-28 07:15:52,830] {dagbag.py:500} INFO - Filling up the DagBag from /home/airflow/.local/lib/python3.7/site-packages/airflow/example_dags/example_branch_day_of_week_operator.py
[2022-03-28 07:15:52,864] {processor.py:654} INFO - DAG(s) dict_keys(['example_weekday_branch_operator']) retrieved from /home/airflow/.local/lib/python3.7/site-packages/airflow/example_dags/example_branch_day_of_week_operator.py
[2022-03-28 07:15:52,877] {logging_mixin.py:109} INFO - [2022-03-28 07:15:52,877] {dag.py:2398} INFO - Sync 1 DAGs
[2022-03-28 07:15:52,900] {logging_mixin.py:109} INFO - [2022-03-28 07:15:52,900] {dag.py:2937} INFO - Setting next_dagrun for example_weekday_branch_operator to 2022-03-27 00:00:00+00:00
[2022-03-28 07:15:52,911] {processor.py:171} INFO - Processing /home/airflow/.local/lib/python3.7/site-packages/airflow/example_dags/example_branch_day_of_week_operator.py took 0.087 seconds
[2022-03-28 07:16:23,484] {processor.py:163} INFO - Started process (PID=1244) to work on /home/airflow/.local/lib/python3.7/site-packages/airflow/example_dags/example_branch_day_of_week_operator.py
[2022-03-28 07:16:23,486] {processor.py:642} INFO - Processing file /home/airflow/.local/lib/python3.7/site-packages/airflow/example_dags/example_branch_day_of_week_operator.py for tasks to queue
[2022-03-28 07:16:23,487] {logging_mixin.py:109} INFO - [2022-03-28 07:16:23,487] {dagbag.py:500} INFO - Filling up the DagBag from /home/airflow/.local/lib/python3.7/site-packages/airflow/example_dags/example_branch_day_of_week_operator.py
[2022-03-28 07:16:23,515] {processor.py:654} INFO - DAG(s) dict_keys(['example_weekday_branch_operator']) retrieved from /home/airflow/.local/lib/python3.7/site-packages/airflow/example_dags/example_branch_day_of_week_operator.py
[2022-03-28 07:16:23,523] {logging_mixin.py:109} INFO - [2022-03-28 07:16:23,523] {dag.py:2398} INFO - Sync 1 DAGs
[2022-03-28 07:16:23,541] {logging_mixin.py:109} INFO - [2022-03-28 07:16:23,541] {dag.py:2937} INFO - Setting next_dagrun for example_weekday_branch_operator to 2022-03-27 00:00:00+00:00
[2022-03-28 07:16:23,551] {processor.py:171} INFO - Processing /home/airflow/.local/lib/python3.7/site-packages/airflow/example_dags/example_branch_day_of_week_operator.py took 0.069 seconds
[2022-03-28 07:16:54,082] {processor.py:163} INFO - Started process (PID=1296) to work on /home/airflow/.local/lib/python3.7/site-packages/airflow/example_dags/example_branch_day_of_week_operator.py
[2022-03-28 07:16:54,083] {processor.py:642} INFO - Processing file /home/airflow/.local/lib/python3.7/site-packages/airflow/example_dags/example_branch_day_of_week_operator.py for tasks to queue
[2022-03-28 07:16:54,084] {logging_mixin.py:109} INFO - [2022-03-28 07:16:54,084] {dagbag.py:500} INFO - Filling up the DagBag from /home/airflow/.local/lib/python3.7/site-packages/airflow/example_dags/example_branch_day_of_week_operator.py
[2022-03-28 07:16:54,112] {processor.py:654} INFO - DAG(s) dict_keys(['example_weekday_branch_operator']) retrieved from /home/airflow/.local/lib/python3.7/site-packages/airflow/example_dags/example_branch_day_of_week_operator.py
[2022-03-28 07:16:54,122] {logging_mixin.py:109} INFO - [2022-03-28 07:16:54,122] {dag.py:2398} INFO - Sync 1 DAGs
[2022-03-28 07:16:54,138] {logging_mixin.py:109} INFO - [2022-03-28 07:16:54,138] {dag.py:2937} INFO - Setting next_dagrun for example_weekday_branch_operator to 2022-03-27 00:00:00+00:00
[2022-03-28 07:16:54,147] {processor.py:171} INFO - Processing /home/airflow/.local/lib/python3.7/site-packages/airflow/example_dags/example_branch_day_of_week_operator.py took 0.068 seconds
[2022-03-28 07:17:24,506] {processor.py:163} INFO - Started process (PID=1347) to work on /home/airflow/.local/lib/python3.7/site-packages/airflow/example_dags/example_branch_day_of_week_operator.py
[2022-03-28 07:17:24,507] {processor.py:642} INFO - Processing file /home/airflow/.local/lib/python3.7/site-packages/airflow/example_dags/example_branch_day_of_week_operator.py for tasks to queue
[2022-03-28 07:17:24,508] {logging_mixin.py:109} INFO - [2022-03-28 07:17:24,508] {dagbag.py:500} INFO - Filling up the DagBag from /home/airflow/.local/lib/python3.7/site-packages/airflow/example_dags/example_branch_day_of_week_operator.py
[2022-03-28 07:17:24,536] {processor.py:654} INFO - DAG(s) dict_keys(['example_weekday_branch_operator']) retrieved from /home/airflow/.local/lib/python3.7/site-packages/airflow/example_dags/example_branch_day_of_week_operator.py
[2022-03-28 07:17:24,547] {logging_mixin.py:109} INFO - [2022-03-28 07:17:24,547] {dag.py:2398} INFO - Sync 1 DAGs
[2022-03-28 07:17:24,562] {logging_mixin.py:109} INFO - [2022-03-28 07:17:24,561] {dag.py:2937} INFO - Setting next_dagrun for example_weekday_branch_operator to 2022-03-27 00:00:00+00:00
[2022-03-28 07:17:24,571] {processor.py:171} INFO - Processing /home/airflow/.local/lib/python3.7/site-packages/airflow/example_dags/example_branch_day_of_week_operator.py took 0.068 seconds
[2022-03-28 07:17:55,229] {processor.py:163} INFO - Started process (PID=1409) to work on /home/airflow/.local/lib/python3.7/site-packages/airflow/example_dags/example_branch_day_of_week_operator.py
[2022-03-28 07:17:55,231] {processor.py:642} INFO - Processing file /home/airflow/.local/lib/python3.7/site-packages/airflow/example_dags/example_branch_day_of_week_operator.py for tasks to queue
[2022-03-28 07:17:55,232] {logging_mixin.py:109} INFO - [2022-03-28 07:17:55,232] {dagbag.py:500} INFO - Filling up the DagBag from /home/airflow/.local/lib/python3.7/site-packages/airflow/example_dags/example_branch_day_of_week_operator.py
[2022-03-28 07:17:55,264] {processor.py:654} INFO - DAG(s) dict_keys(['example_weekday_branch_operator']) retrieved from /home/airflow/.local/lib/python3.7/site-packages/airflow/example_dags/example_branch_day_of_week_operator.py
[2022-03-28 07:17:55,272] {logging_mixin.py:109} INFO - [2022-03-28 07:17:55,271] {dag.py:2398} INFO - Sync 1 DAGs
[2022-03-28 07:17:55,291] {logging_mixin.py:109} INFO - [2022-03-28 07:17:55,291] {dag.py:2937} INFO - Setting next_dagrun for example_weekday_branch_operator to 2022-03-27 00:00:00+00:00
[2022-03-28 07:17:55,299] {processor.py:171} INFO - Processing /home/airflow/.local/lib/python3.7/site-packages/airflow/example_dags/example_branch_day_of_week_operator.py took 0.072 seconds
[2022-03-28 07:18:25,720] {processor.py:163} INFO - Started process (PID=1459) to work on /home/airflow/.local/lib/python3.7/site-packages/airflow/example_dags/example_branch_day_of_week_operator.py
[2022-03-28 07:18:25,722] {processor.py:642} INFO - Processing file /home/airflow/.local/lib/python3.7/site-packages/airflow/example_dags/example_branch_day_of_week_operator.py for tasks to queue
[2022-03-28 07:18:25,723] {logging_mixin.py:109} INFO - [2022-03-28 07:18:25,723] {dagbag.py:500} INFO - Filling up the DagBag from /home/airflow/.local/lib/python3.7/site-packages/airflow/example_dags/example_branch_day_of_week_operator.py
[2022-03-28 07:18:25,754] {processor.py:654} INFO - DAG(s) dict_keys(['example_weekday_branch_operator']) retrieved from /home/airflow/.local/lib/python3.7/site-packages/airflow/example_dags/example_branch_day_of_week_operator.py
[2022-03-28 07:18:25,762] {logging_mixin.py:109} INFO - [2022-03-28 07:18:25,762] {dag.py:2398} INFO - Sync 1 DAGs
[2022-03-28 07:18:25,778] {logging_mixin.py:109} INFO - [2022-03-28 07:18:25,778] {dag.py:2937} INFO - Setting next_dagrun for example_weekday_branch_operator to 2022-03-27 00:00:00+00:00
[2022-03-28 07:18:25,792] {processor.py:171} INFO - Processing /home/airflow/.local/lib/python3.7/site-packages/airflow/example_dags/example_branch_day_of_week_operator.py took 0.075 seconds
[2022-03-28 07:18:56,130] {processor.py:163} INFO - Started process (PID=1510) to work on /home/airflow/.local/lib/python3.7/site-packages/airflow/example_dags/example_branch_day_of_week_operator.py
[2022-03-28 07:18:56,132] {processor.py:642} INFO - Processing file /home/airflow/.local/lib/python3.7/site-packages/airflow/example_dags/example_branch_day_of_week_operator.py for tasks to queue
[2022-03-28 07:18:56,133] {logging_mixin.py:109} INFO - [2022-03-28 07:18:56,133] {dagbag.py:500} INFO - Filling up the DagBag from /home/airflow/.local/lib/python3.7/site-packages/airflow/example_dags/example_branch_day_of_week_operator.py
[2022-03-28 07:18:56,161] {processor.py:654} INFO - DAG(s) dict_keys(['example_weekday_branch_operator']) retrieved from /home/airflow/.local/lib/python3.7/site-packages/airflow/example_dags/example_branch_day_of_week_operator.py
[2022-03-28 07:18:56,170] {logging_mixin.py:109} INFO - [2022-03-28 07:18:56,170] {dag.py:2398} INFO - Sync 1 DAGs
[2022-03-28 07:18:56,186] {logging_mixin.py:109} INFO - [2022-03-28 07:18:56,186] {dag.py:2937} INFO - Setting next_dagrun for example_weekday_branch_operator to 2022-03-27 00:00:00+00:00
[2022-03-28 07:18:56,195] {processor.py:171} INFO - Processing /home/airflow/.local/lib/python3.7/site-packages/airflow/example_dags/example_branch_day_of_week_operator.py took 0.068 seconds
[2022-03-28 07:19:26,689] {processor.py:163} INFO - Started process (PID=1571) to work on /home/airflow/.local/lib/python3.7/site-packages/airflow/example_dags/example_branch_day_of_week_operator.py
[2022-03-28 07:19:26,690] {processor.py:642} INFO - Processing file /home/airflow/.local/lib/python3.7/site-packages/airflow/example_dags/example_branch_day_of_week_operator.py for tasks to queue
[2022-03-28 07:19:26,691] {logging_mixin.py:109} INFO - [2022-03-28 07:19:26,691] {dagbag.py:500} INFO - Filling up the DagBag from /home/airflow/.local/lib/python3.7/site-packages/airflow/example_dags/example_branch_day_of_week_operator.py
[2022-03-28 07:19:26,726] {processor.py:654} INFO - DAG(s) dict_keys(['example_weekday_branch_operator']) retrieved from /home/airflow/.local/lib/python3.7/site-packages/airflow/example_dags/example_branch_day_of_week_operator.py
[2022-03-28 07:19:26,736] {logging_mixin.py:109} INFO - [2022-03-28 07:19:26,736] {dag.py:2398} INFO - Sync 1 DAGs
[2022-03-28 07:19:26,753] {logging_mixin.py:109} INFO - [2022-03-28 07:19:26,753] {dag.py:2937} INFO - Setting next_dagrun for example_weekday_branch_operator to 2022-03-27 00:00:00+00:00
[2022-03-28 07:19:26,763] {processor.py:171} INFO - Processing /home/airflow/.local/lib/python3.7/site-packages/airflow/example_dags/example_branch_day_of_week_operator.py took 0.078 seconds
[2022-03-28 07:19:57,268] {processor.py:163} INFO - Started process (PID=1622) to work on /home/airflow/.local/lib/python3.7/site-packages/airflow/example_dags/example_branch_day_of_week_operator.py
[2022-03-28 07:19:57,269] {processor.py:642} INFO - Processing file /home/airflow/.local/lib/python3.7/site-packages/airflow/example_dags/example_branch_day_of_week_operator.py for tasks to queue
[2022-03-28 07:19:57,270] {logging_mixin.py:109} INFO - [2022-03-28 07:19:57,270] {dagbag.py:500} INFO - Filling up the DagBag from /home/airflow/.local/lib/python3.7/site-packages/airflow/example_dags/example_branch_day_of_week_operator.py
[2022-03-28 07:19:57,319] {processor.py:654} INFO - DAG(s) dict_keys(['example_weekday_branch_operator']) retrieved from /home/airflow/.local/lib/python3.7/site-packages/airflow/example_dags/example_branch_day_of_week_operator.py
[2022-03-28 07:19:57,330] {logging_mixin.py:109} INFO - [2022-03-28 07:19:57,330] {dag.py:2398} INFO - Sync 1 DAGs
[2022-03-28 07:19:57,352] {logging_mixin.py:109} INFO - [2022-03-28 07:19:57,352] {dag.py:2937} INFO - Setting next_dagrun for example_weekday_branch_operator to 2022-03-27 00:00:00+00:00
[2022-03-28 07:19:57,366] {processor.py:171} INFO - Processing /home/airflow/.local/lib/python3.7/site-packages/airflow/example_dags/example_branch_day_of_week_operator.py took 0.102 seconds
[2022-03-28 07:20:27,722] {processor.py:163} INFO - Started process (PID=1674) to work on /home/airflow/.local/lib/python3.7/site-packages/airflow/example_dags/example_branch_day_of_week_operator.py
[2022-03-28 07:20:27,724] {processor.py:642} INFO - Processing file /home/airflow/.local/lib/python3.7/site-packages/airflow/example_dags/example_branch_day_of_week_operator.py for tasks to queue
[2022-03-28 07:20:27,725] {logging_mixin.py:109} INFO - [2022-03-28 07:20:27,725] {dagbag.py:500} INFO - Filling up the DagBag from /home/airflow/.local/lib/python3.7/site-packages/airflow/example_dags/example_branch_day_of_week_operator.py
[2022-03-28 07:20:27,770] {processor.py:654} INFO - DAG(s) dict_keys(['example_weekday_branch_operator']) retrieved from /home/airflow/.local/lib/python3.7/site-packages/airflow/example_dags/example_branch_day_of_week_operator.py
[2022-03-28 07:20:27,783] {logging_mixin.py:109} INFO - [2022-03-28 07:20:27,782] {dag.py:2398} INFO - Sync 1 DAGs
[2022-03-28 07:20:27,808] {logging_mixin.py:109} INFO - [2022-03-28 07:20:27,808] {dag.py:2937} INFO - Setting next_dagrun for example_weekday_branch_operator to 2022-03-27 00:00:00+00:00
[2022-03-28 07:20:27,818] {processor.py:171} INFO - Processing /home/airflow/.local/lib/python3.7/site-packages/airflow/example_dags/example_branch_day_of_week_operator.py took 0.099 seconds
[2022-03-28 07:20:58,257] {processor.py:163} INFO - Started process (PID=1735) to work on /home/airflow/.local/lib/python3.7/site-packages/airflow/example_dags/example_branch_day_of_week_operator.py
[2022-03-28 07:20:58,259] {processor.py:642} INFO - Processing file /home/airflow/.local/lib/python3.7/site-packages/airflow/example_dags/example_branch_day_of_week_operator.py for tasks to queue
[2022-03-28 07:20:58,260] {logging_mixin.py:109} INFO - [2022-03-28 07:20:58,260] {dagbag.py:500} INFO - Filling up the DagBag from /home/airflow/.local/lib/python3.7/site-packages/airflow/example_dags/example_branch_day_of_week_operator.py
[2022-03-28 07:20:58,294] {processor.py:654} INFO - DAG(s) dict_keys(['example_weekday_branch_operator']) retrieved from /home/airflow/.local/lib/python3.7/site-packages/airflow/example_dags/example_branch_day_of_week_operator.py
[2022-03-28 07:20:58,303] {logging_mixin.py:109} INFO - [2022-03-28 07:20:58,303] {dag.py:2398} INFO - Sync 1 DAGs
[2022-03-28 07:20:58,319] {logging_mixin.py:109} INFO - [2022-03-28 07:20:58,319] {dag.py:2937} INFO - Setting next_dagrun for example_weekday_branch_operator to 2022-03-27 00:00:00+00:00
[2022-03-28 07:20:58,331] {processor.py:171} INFO - Processing /home/airflow/.local/lib/python3.7/site-packages/airflow/example_dags/example_branch_day_of_week_operator.py took 0.077 seconds
[2022-03-28 07:21:28,375] {processor.py:163} INFO - Started process (PID=1785) to work on /home/airflow/.local/lib/python3.7/site-packages/airflow/example_dags/example_branch_day_of_week_operator.py
[2022-03-28 07:21:28,376] {processor.py:642} INFO - Processing file /home/airflow/.local/lib/python3.7/site-packages/airflow/example_dags/example_branch_day_of_week_operator.py for tasks to queue
[2022-03-28 07:21:28,378] {logging_mixin.py:109} INFO - [2022-03-28 07:21:28,377] {dagbag.py:500} INFO - Filling up the DagBag from /home/airflow/.local/lib/python3.7/site-packages/airflow/example_dags/example_branch_day_of_week_operator.py
[2022-03-28 07:21:28,415] {processor.py:654} INFO - DAG(s) dict_keys(['example_weekday_branch_operator']) retrieved from /home/airflow/.local/lib/python3.7/site-packages/airflow/example_dags/example_branch_day_of_week_operator.py
[2022-03-28 07:21:28,426] {logging_mixin.py:109} INFO - [2022-03-28 07:21:28,426] {dag.py:2398} INFO - Sync 1 DAGs
[2022-03-28 07:21:28,443] {logging_mixin.py:109} INFO - [2022-03-28 07:21:28,443] {dag.py:2937} INFO - Setting next_dagrun for example_weekday_branch_operator to 2022-03-27 00:00:00+00:00
[2022-03-28 07:21:28,454] {processor.py:171} INFO - Processing /home/airflow/.local/lib/python3.7/site-packages/airflow/example_dags/example_branch_day_of_week_operator.py took 0.085 seconds
[2022-03-28 07:21:59,376] {processor.py:163} INFO - Started process (PID=1837) to work on /home/airflow/.local/lib/python3.7/site-packages/airflow/example_dags/example_branch_day_of_week_operator.py
[2022-03-28 07:21:59,378] {processor.py:642} INFO - Processing file /home/airflow/.local/lib/python3.7/site-packages/airflow/example_dags/example_branch_day_of_week_operator.py for tasks to queue
[2022-03-28 07:21:59,379] {logging_mixin.py:109} INFO - [2022-03-28 07:21:59,379] {dagbag.py:500} INFO - Filling up the DagBag from /home/airflow/.local/lib/python3.7/site-packages/airflow/example_dags/example_branch_day_of_week_operator.py
[2022-03-28 07:21:59,412] {processor.py:654} INFO - DAG(s) dict_keys(['example_weekday_branch_operator']) retrieved from /home/airflow/.local/lib/python3.7/site-packages/airflow/example_dags/example_branch_day_of_week_operator.py
[2022-03-28 07:21:59,424] {logging_mixin.py:109} INFO - [2022-03-28 07:21:59,424] {dag.py:2398} INFO - Sync 1 DAGs
[2022-03-28 07:21:59,444] {logging_mixin.py:109} INFO - [2022-03-28 07:21:59,444] {dag.py:2937} INFO - Setting next_dagrun for example_weekday_branch_operator to 2022-03-27 00:00:00+00:00
[2022-03-28 07:21:59,457] {processor.py:171} INFO - Processing /home/airflow/.local/lib/python3.7/site-packages/airflow/example_dags/example_branch_day_of_week_operator.py took 0.085 seconds
[2022-03-28 07:22:29,515] {processor.py:163} INFO - Started process (PID=1896) to work on /home/airflow/.local/lib/python3.7/site-packages/airflow/example_dags/example_branch_day_of_week_operator.py
[2022-03-28 07:22:29,517] {processor.py:642} INFO - Processing file /home/airflow/.local/lib/python3.7/site-packages/airflow/example_dags/example_branch_day_of_week_operator.py for tasks to queue
[2022-03-28 07:22:29,518] {logging_mixin.py:109} INFO - [2022-03-28 07:22:29,518] {dagbag.py:500} INFO - Filling up the DagBag from /home/airflow/.local/lib/python3.7/site-packages/airflow/example_dags/example_branch_day_of_week_operator.py
[2022-03-28 07:22:29,632] {processor.py:654} INFO - DAG(s) dict_keys(['example_weekday_branch_operator']) retrieved from /home/airflow/.local/lib/python3.7/site-packages/airflow/example_dags/example_branch_day_of_week_operator.py
[2022-03-28 07:22:29,643] {logging_mixin.py:109} INFO - [2022-03-28 07:22:29,643] {dag.py:2398} INFO - Sync 1 DAGs
[2022-03-28 07:22:29,677] {logging_mixin.py:109} INFO - [2022-03-28 07:22:29,677] {dag.py:2937} INFO - Setting next_dagrun for example_weekday_branch_operator to 2022-03-27 00:00:00+00:00
[2022-03-28 07:22:29,689] {processor.py:171} INFO - Processing /home/airflow/.local/lib/python3.7/site-packages/airflow/example_dags/example_branch_day_of_week_operator.py took 0.177 seconds
[2022-03-28 07:23:00,264] {processor.py:163} INFO - Started process (PID=1948) to work on /home/airflow/.local/lib/python3.7/site-packages/airflow/example_dags/example_branch_day_of_week_operator.py
[2022-03-28 07:23:00,266] {processor.py:642} INFO - Processing file /home/airflow/.local/lib/python3.7/site-packages/airflow/example_dags/example_branch_day_of_week_operator.py for tasks to queue
[2022-03-28 07:23:00,267] {logging_mixin.py:109} INFO - [2022-03-28 07:23:00,267] {dagbag.py:500} INFO - Filling up the DagBag from /home/airflow/.local/lib/python3.7/site-packages/airflow/example_dags/example_branch_day_of_week_operator.py
[2022-03-28 07:23:00,309] {processor.py:654} INFO - DAG(s) dict_keys(['example_weekday_branch_operator']) retrieved from /home/airflow/.local/lib/python3.7/site-packages/airflow/example_dags/example_branch_day_of_week_operator.py
[2022-03-28 07:23:00,321] {logging_mixin.py:109} INFO - [2022-03-28 07:23:00,321] {dag.py:2398} INFO - Sync 1 DAGs
[2022-03-28 07:23:00,345] {logging_mixin.py:109} INFO - [2022-03-28 07:23:00,345] {dag.py:2937} INFO - Setting next_dagrun for example_weekday_branch_operator to 2022-03-27 00:00:00+00:00
[2022-03-28 07:23:00,360] {processor.py:171} INFO - Processing /home/airflow/.local/lib/python3.7/site-packages/airflow/example_dags/example_branch_day_of_week_operator.py took 0.101 seconds
[2022-03-28 07:23:31,066] {processor.py:163} INFO - Started process (PID=1999) to work on /home/airflow/.local/lib/python3.7/site-packages/airflow/example_dags/example_branch_day_of_week_operator.py
[2022-03-28 07:23:31,068] {processor.py:642} INFO - Processing file /home/airflow/.local/lib/python3.7/site-packages/airflow/example_dags/example_branch_day_of_week_operator.py for tasks to queue
[2022-03-28 07:23:31,069] {logging_mixin.py:109} INFO - [2022-03-28 07:23:31,069] {dagbag.py:500} INFO - Filling up the DagBag from /home/airflow/.local/lib/python3.7/site-packages/airflow/example_dags/example_branch_day_of_week_operator.py
[2022-03-28 07:23:31,118] {processor.py:654} INFO - DAG(s) dict_keys(['example_weekday_branch_operator']) retrieved from /home/airflow/.local/lib/python3.7/site-packages/airflow/example_dags/example_branch_day_of_week_operator.py
[2022-03-28 07:23:31,132] {logging_mixin.py:109} INFO - [2022-03-28 07:23:31,132] {dag.py:2398} INFO - Sync 1 DAGs
[2022-03-28 07:23:31,165] {logging_mixin.py:109} INFO - [2022-03-28 07:23:31,164] {dag.py:2937} INFO - Setting next_dagrun for example_weekday_branch_operator to 2022-03-27 00:00:00+00:00
[2022-03-28 07:23:31,186] {processor.py:171} INFO - Processing /home/airflow/.local/lib/python3.7/site-packages/airflow/example_dags/example_branch_day_of_week_operator.py took 0.124 seconds
[2022-03-28 07:24:01,675] {processor.py:163} INFO - Started process (PID=2051) to work on /home/airflow/.local/lib/python3.7/site-packages/airflow/example_dags/example_branch_day_of_week_operator.py
[2022-03-28 07:24:01,677] {processor.py:642} INFO - Processing file /home/airflow/.local/lib/python3.7/site-packages/airflow/example_dags/example_branch_day_of_week_operator.py for tasks to queue
[2022-03-28 07:24:01,678] {logging_mixin.py:109} INFO - [2022-03-28 07:24:01,678] {dagbag.py:500} INFO - Filling up the DagBag from /home/airflow/.local/lib/python3.7/site-packages/airflow/example_dags/example_branch_day_of_week_operator.py
[2022-03-28 07:24:01,737] {processor.py:654} INFO - DAG(s) dict_keys(['example_weekday_branch_operator']) retrieved from /home/airflow/.local/lib/python3.7/site-packages/airflow/example_dags/example_branch_day_of_week_operator.py
[2022-03-28 07:24:01,755] {logging_mixin.py:109} INFO - [2022-03-28 07:24:01,755] {dag.py:2398} INFO - Sync 1 DAGs
[2022-03-28 07:24:01,789] {logging_mixin.py:109} INFO - [2022-03-28 07:24:01,789] {dag.py:2937} INFO - Setting next_dagrun for example_weekday_branch_operator to 2022-03-27 00:00:00+00:00
[2022-03-28 07:24:01,803] {processor.py:171} INFO - Processing /home/airflow/.local/lib/python3.7/site-packages/airflow/example_dags/example_branch_day_of_week_operator.py took 0.132 seconds
[2022-03-28 07:24:31,837] {processor.py:163} INFO - Started process (PID=2102) to work on /home/airflow/.local/lib/python3.7/site-packages/airflow/example_dags/example_branch_day_of_week_operator.py
[2022-03-28 07:24:31,839] {processor.py:642} INFO - Processing file /home/airflow/.local/lib/python3.7/site-packages/airflow/example_dags/example_branch_day_of_week_operator.py for tasks to queue
[2022-03-28 07:24:31,840] {logging_mixin.py:109} INFO - [2022-03-28 07:24:31,840] {dagbag.py:500} INFO - Filling up the DagBag from /home/airflow/.local/lib/python3.7/site-packages/airflow/example_dags/example_branch_day_of_week_operator.py
[2022-03-28 07:24:31,883] {processor.py:654} INFO - DAG(s) dict_keys(['example_weekday_branch_operator']) retrieved from /home/airflow/.local/lib/python3.7/site-packages/airflow/example_dags/example_branch_day_of_week_operator.py
[2022-03-28 07:24:31,894] {logging_mixin.py:109} INFO - [2022-03-28 07:24:31,894] {dag.py:2398} INFO - Sync 1 DAGs
[2022-03-28 07:24:31,922] {logging_mixin.py:109} INFO - [2022-03-28 07:24:31,921] {dag.py:2937} INFO - Setting next_dagrun for example_weekday_branch_operator to 2022-03-27 00:00:00+00:00
[2022-03-28 07:24:31,934] {processor.py:171} INFO - Processing /home/airflow/.local/lib/python3.7/site-packages/airflow/example_dags/example_branch_day_of_week_operator.py took 0.101 seconds
[2022-03-28 07:25:02,188] {processor.py:163} INFO - Started process (PID=2162) to work on /home/airflow/.local/lib/python3.7/site-packages/airflow/example_dags/example_branch_day_of_week_operator.py
[2022-03-28 07:25:02,190] {processor.py:642} INFO - Processing file /home/airflow/.local/lib/python3.7/site-packages/airflow/example_dags/example_branch_day_of_week_operator.py for tasks to queue
[2022-03-28 07:25:02,191] {logging_mixin.py:109} INFO - [2022-03-28 07:25:02,190] {dagbag.py:500} INFO - Filling up the DagBag from /home/airflow/.local/lib/python3.7/site-packages/airflow/example_dags/example_branch_day_of_week_operator.py
[2022-03-28 07:25:02,236] {processor.py:654} INFO - DAG(s) dict_keys(['example_weekday_branch_operator']) retrieved from /home/airflow/.local/lib/python3.7/site-packages/airflow/example_dags/example_branch_day_of_week_operator.py
[2022-03-28 07:25:02,249] {logging_mixin.py:109} INFO - [2022-03-28 07:25:02,249] {dag.py:2398} INFO - Sync 1 DAGs
[2022-03-28 07:25:02,276] {logging_mixin.py:109} INFO - [2022-03-28 07:25:02,275] {dag.py:2937} INFO - Setting next_dagrun for example_weekday_branch_operator to 2022-03-27 00:00:00+00:00
[2022-03-28 07:25:02,283] {processor.py:171} INFO - Processing /home/airflow/.local/lib/python3.7/site-packages/airflow/example_dags/example_branch_day_of_week_operator.py took 0.099 seconds
[2022-03-28 07:25:32,341] {processor.py:163} INFO - Started process (PID=2214) to work on /home/airflow/.local/lib/python3.7/site-packages/airflow/example_dags/example_branch_day_of_week_operator.py
[2022-03-28 07:25:32,342] {processor.py:642} INFO - Processing file /home/airflow/.local/lib/python3.7/site-packages/airflow/example_dags/example_branch_day_of_week_operator.py for tasks to queue
[2022-03-28 07:25:32,343] {logging_mixin.py:109} INFO - [2022-03-28 07:25:32,343] {dagbag.py:500} INFO - Filling up the DagBag from /home/airflow/.local/lib/python3.7/site-packages/airflow/example_dags/example_branch_day_of_week_operator.py
[2022-03-28 07:25:32,366] {processor.py:654} INFO - DAG(s) dict_keys(['example_weekday_branch_operator']) retrieved from /home/airflow/.local/lib/python3.7/site-packages/airflow/example_dags/example_branch_day_of_week_operator.py
[2022-03-28 07:25:32,373] {logging_mixin.py:109} INFO - [2022-03-28 07:25:32,373] {dag.py:2398} INFO - Sync 1 DAGs
[2022-03-28 07:25:32,386] {logging_mixin.py:109} INFO - [2022-03-28 07:25:32,386] {dag.py:2937} INFO - Setting next_dagrun for example_weekday_branch_operator to 2022-03-27 00:00:00+00:00
[2022-03-28 07:25:32,394] {processor.py:171} INFO - Processing /home/airflow/.local/lib/python3.7/site-packages/airflow/example_dags/example_branch_day_of_week_operator.py took 0.056 seconds
[2022-03-28 07:26:03,139] {processor.py:163} INFO - Started process (PID=2264) to work on /home/airflow/.local/lib/python3.7/site-packages/airflow/example_dags/example_branch_day_of_week_operator.py
[2022-03-28 07:26:03,141] {processor.py:642} INFO - Processing file /home/airflow/.local/lib/python3.7/site-packages/airflow/example_dags/example_branch_day_of_week_operator.py for tasks to queue
[2022-03-28 07:26:03,141] {logging_mixin.py:109} INFO - [2022-03-28 07:26:03,141] {dagbag.py:500} INFO - Filling up the DagBag from /home/airflow/.local/lib/python3.7/site-packages/airflow/example_dags/example_branch_day_of_week_operator.py
[2022-03-28 07:26:03,166] {processor.py:654} INFO - DAG(s) dict_keys(['example_weekday_branch_operator']) retrieved from /home/airflow/.local/lib/python3.7/site-packages/airflow/example_dags/example_branch_day_of_week_operator.py
[2022-03-28 07:26:03,175] {logging_mixin.py:109} INFO - [2022-03-28 07:26:03,175] {dag.py:2398} INFO - Sync 1 DAGs
[2022-03-28 07:26:03,192] {logging_mixin.py:109} INFO - [2022-03-28 07:26:03,192] {dag.py:2937} INFO - Setting next_dagrun for example_weekday_branch_operator to 2022-03-27 00:00:00+00:00
[2022-03-28 07:26:03,201] {processor.py:171} INFO - Processing /home/airflow/.local/lib/python3.7/site-packages/airflow/example_dags/example_branch_day_of_week_operator.py took 0.065 seconds
[2022-03-28 07:26:33,896] {processor.py:163} INFO - Started process (PID=2325) to work on /home/airflow/.local/lib/python3.7/site-packages/airflow/example_dags/example_branch_day_of_week_operator.py
[2022-03-28 07:26:33,897] {processor.py:642} INFO - Processing file /home/airflow/.local/lib/python3.7/site-packages/airflow/example_dags/example_branch_day_of_week_operator.py for tasks to queue
[2022-03-28 07:26:33,898] {logging_mixin.py:109} INFO - [2022-03-28 07:26:33,898] {dagbag.py:500} INFO - Filling up the DagBag from /home/airflow/.local/lib/python3.7/site-packages/airflow/example_dags/example_branch_day_of_week_operator.py
[2022-03-28 07:26:33,927] {processor.py:654} INFO - DAG(s) dict_keys(['example_weekday_branch_operator']) retrieved from /home/airflow/.local/lib/python3.7/site-packages/airflow/example_dags/example_branch_day_of_week_operator.py
[2022-03-28 07:26:33,936] {logging_mixin.py:109} INFO - [2022-03-28 07:26:33,936] {dag.py:2398} INFO - Sync 1 DAGs
[2022-03-28 07:26:33,954] {logging_mixin.py:109} INFO - [2022-03-28 07:26:33,954] {dag.py:2937} INFO - Setting next_dagrun for example_weekday_branch_operator to 2022-03-27 00:00:00+00:00
[2022-03-28 07:26:33,965] {processor.py:171} INFO - Processing /home/airflow/.local/lib/python3.7/site-packages/airflow/example_dags/example_branch_day_of_week_operator.py took 0.073 seconds
[2022-03-28 07:27:04,650] {processor.py:163} INFO - Started process (PID=2377) to work on /home/airflow/.local/lib/python3.7/site-packages/airflow/example_dags/example_branch_day_of_week_operator.py
[2022-03-28 07:27:04,651] {processor.py:642} INFO - Processing file /home/airflow/.local/lib/python3.7/site-packages/airflow/example_dags/example_branch_day_of_week_operator.py for tasks to queue
[2022-03-28 07:27:04,652] {logging_mixin.py:109} INFO - [2022-03-28 07:27:04,652] {dagbag.py:500} INFO - Filling up the DagBag from /home/airflow/.local/lib/python3.7/site-packages/airflow/example_dags/example_branch_day_of_week_operator.py
[2022-03-28 07:27:04,675] {processor.py:654} INFO - DAG(s) dict_keys(['example_weekday_branch_operator']) retrieved from /home/airflow/.local/lib/python3.7/site-packages/airflow/example_dags/example_branch_day_of_week_operator.py
[2022-03-28 07:27:04,683] {logging_mixin.py:109} INFO - [2022-03-28 07:27:04,683] {dag.py:2398} INFO - Sync 1 DAGs
[2022-03-28 07:27:04,696] {logging_mixin.py:109} INFO - [2022-03-28 07:27:04,696] {dag.py:2937} INFO - Setting next_dagrun for example_weekday_branch_operator to 2022-03-27 00:00:00+00:00
[2022-03-28 07:27:04,705] {processor.py:171} INFO - Processing /home/airflow/.local/lib/python3.7/site-packages/airflow/example_dags/example_branch_day_of_week_operator.py took 0.057 seconds
[2022-03-28 07:27:35,285] {processor.py:163} INFO - Started process (PID=2437) to work on /home/airflow/.local/lib/python3.7/site-packages/airflow/example_dags/example_branch_day_of_week_operator.py
[2022-03-28 07:27:35,286] {processor.py:642} INFO - Processing file /home/airflow/.local/lib/python3.7/site-packages/airflow/example_dags/example_branch_day_of_week_operator.py for tasks to queue
[2022-03-28 07:27:35,287] {logging_mixin.py:109} INFO - [2022-03-28 07:27:35,287] {dagbag.py:500} INFO - Filling up the DagBag from /home/airflow/.local/lib/python3.7/site-packages/airflow/example_dags/example_branch_day_of_week_operator.py
[2022-03-28 07:27:35,313] {processor.py:654} INFO - DAG(s) dict_keys(['example_weekday_branch_operator']) retrieved from /home/airflow/.local/lib/python3.7/site-packages/airflow/example_dags/example_branch_day_of_week_operator.py
[2022-03-28 07:27:35,321] {logging_mixin.py:109} INFO - [2022-03-28 07:27:35,321] {dag.py:2398} INFO - Sync 1 DAGs
[2022-03-28 07:27:35,335] {logging_mixin.py:109} INFO - [2022-03-28 07:27:35,335] {dag.py:2937} INFO - Setting next_dagrun for example_weekday_branch_operator to 2022-03-27 00:00:00+00:00
[2022-03-28 07:27:35,344] {processor.py:171} INFO - Processing /home/airflow/.local/lib/python3.7/site-packages/airflow/example_dags/example_branch_day_of_week_operator.py took 0.061 seconds
[2022-03-28 07:28:05,925] {processor.py:163} INFO - Started process (PID=2488) to work on /home/airflow/.local/lib/python3.7/site-packages/airflow/example_dags/example_branch_day_of_week_operator.py
[2022-03-28 07:28:05,926] {processor.py:642} INFO - Processing file /home/airflow/.local/lib/python3.7/site-packages/airflow/example_dags/example_branch_day_of_week_operator.py for tasks to queue
[2022-03-28 07:28:05,927] {logging_mixin.py:109} INFO - [2022-03-28 07:28:05,927] {dagbag.py:500} INFO - Filling up the DagBag from /home/airflow/.local/lib/python3.7/site-packages/airflow/example_dags/example_branch_day_of_week_operator.py
[2022-03-28 07:28:05,954] {processor.py:654} INFO - DAG(s) dict_keys(['example_weekday_branch_operator']) retrieved from /home/airflow/.local/lib/python3.7/site-packages/airflow/example_dags/example_branch_day_of_week_operator.py
[2022-03-28 07:28:05,963] {logging_mixin.py:109} INFO - [2022-03-28 07:28:05,963] {dag.py:2398} INFO - Sync 1 DAGs
[2022-03-28 07:28:05,979] {logging_mixin.py:109} INFO - [2022-03-28 07:28:05,979] {dag.py:2937} INFO - Setting next_dagrun for example_weekday_branch_operator to 2022-03-27 00:00:00+00:00
[2022-03-28 07:28:05,988] {processor.py:171} INFO - Processing /home/airflow/.local/lib/python3.7/site-packages/airflow/example_dags/example_branch_day_of_week_operator.py took 0.065 seconds
[2022-03-28 07:28:36,532] {processor.py:163} INFO - Started process (PID=2539) to work on /home/airflow/.local/lib/python3.7/site-packages/airflow/example_dags/example_branch_day_of_week_operator.py
[2022-03-28 07:28:36,535] {processor.py:642} INFO - Processing file /home/airflow/.local/lib/python3.7/site-packages/airflow/example_dags/example_branch_day_of_week_operator.py for tasks to queue
[2022-03-28 07:28:36,536] {logging_mixin.py:109} INFO - [2022-03-28 07:28:36,536] {dagbag.py:500} INFO - Filling up the DagBag from /home/airflow/.local/lib/python3.7/site-packages/airflow/example_dags/example_branch_day_of_week_operator.py
[2022-03-28 07:28:36,575] {processor.py:654} INFO - DAG(s) dict_keys(['example_weekday_branch_operator']) retrieved from /home/airflow/.local/lib/python3.7/site-packages/airflow/example_dags/example_branch_day_of_week_operator.py
[2022-03-28 07:28:36,584] {logging_mixin.py:109} INFO - [2022-03-28 07:28:36,584] {dag.py:2398} INFO - Sync 1 DAGs
[2022-03-28 07:28:36,599] {logging_mixin.py:109} INFO - [2022-03-28 07:28:36,599] {dag.py:2937} INFO - Setting next_dagrun for example_weekday_branch_operator to 2022-03-27 00:00:00+00:00
[2022-03-28 07:28:36,608] {processor.py:171} INFO - Processing /home/airflow/.local/lib/python3.7/site-packages/airflow/example_dags/example_branch_day_of_week_operator.py took 0.081 seconds
[2022-03-28 07:29:07,391] {processor.py:163} INFO - Started process (PID=2600) to work on /home/airflow/.local/lib/python3.7/site-packages/airflow/example_dags/example_branch_day_of_week_operator.py
[2022-03-28 07:29:07,392] {processor.py:642} INFO - Processing file /home/airflow/.local/lib/python3.7/site-packages/airflow/example_dags/example_branch_day_of_week_operator.py for tasks to queue
[2022-03-28 07:29:07,393] {logging_mixin.py:109} INFO - [2022-03-28 07:29:07,393] {dagbag.py:500} INFO - Filling up the DagBag from /home/airflow/.local/lib/python3.7/site-packages/airflow/example_dags/example_branch_day_of_week_operator.py
[2022-03-28 07:29:07,418] {processor.py:654} INFO - DAG(s) dict_keys(['example_weekday_branch_operator']) retrieved from /home/airflow/.local/lib/python3.7/site-packages/airflow/example_dags/example_branch_day_of_week_operator.py
[2022-03-28 07:29:07,426] {logging_mixin.py:109} INFO - [2022-03-28 07:29:07,426] {dag.py:2398} INFO - Sync 1 DAGs
[2022-03-28 07:29:07,442] {logging_mixin.py:109} INFO - [2022-03-28 07:29:07,442] {dag.py:2937} INFO - Setting next_dagrun for example_weekday_branch_operator to 2022-03-27 00:00:00+00:00
[2022-03-28 07:29:07,450] {processor.py:171} INFO - Processing /home/airflow/.local/lib/python3.7/site-packages/airflow/example_dags/example_branch_day_of_week_operator.py took 0.062 seconds
[2022-03-28 07:29:38,107] {processor.py:163} INFO - Started process (PID=2652) to work on /home/airflow/.local/lib/python3.7/site-packages/airflow/example_dags/example_branch_day_of_week_operator.py
[2022-03-28 07:29:38,108] {processor.py:642} INFO - Processing file /home/airflow/.local/lib/python3.7/site-packages/airflow/example_dags/example_branch_day_of_week_operator.py for tasks to queue
[2022-03-28 07:29:38,109] {logging_mixin.py:109} INFO - [2022-03-28 07:29:38,108] {dagbag.py:500} INFO - Filling up the DagBag from /home/airflow/.local/lib/python3.7/site-packages/airflow/example_dags/example_branch_day_of_week_operator.py
[2022-03-28 07:29:38,145] {processor.py:654} INFO - DAG(s) dict_keys(['example_weekday_branch_operator']) retrieved from /home/airflow/.local/lib/python3.7/site-packages/airflow/example_dags/example_branch_day_of_week_operator.py
[2022-03-28 07:29:38,154] {logging_mixin.py:109} INFO - [2022-03-28 07:29:38,154] {dag.py:2398} INFO - Sync 1 DAGs
[2022-03-28 07:29:38,171] {logging_mixin.py:109} INFO - [2022-03-28 07:29:38,171] {dag.py:2937} INFO - Setting next_dagrun for example_weekday_branch_operator to 2022-03-27 00:00:00+00:00
[2022-03-28 07:29:38,182] {processor.py:171} INFO - Processing /home/airflow/.local/lib/python3.7/site-packages/airflow/example_dags/example_branch_day_of_week_operator.py took 0.078 seconds
[2022-03-28 07:30:08,703] {processor.py:163} INFO - Started process (PID=2713) to work on /home/airflow/.local/lib/python3.7/site-packages/airflow/example_dags/example_branch_day_of_week_operator.py
[2022-03-28 07:30:08,704] {processor.py:642} INFO - Processing file /home/airflow/.local/lib/python3.7/site-packages/airflow/example_dags/example_branch_day_of_week_operator.py for tasks to queue
[2022-03-28 07:30:08,705] {logging_mixin.py:109} INFO - [2022-03-28 07:30:08,705] {dagbag.py:500} INFO - Filling up the DagBag from /home/airflow/.local/lib/python3.7/site-packages/airflow/example_dags/example_branch_day_of_week_operator.py
[2022-03-28 07:30:08,731] {processor.py:654} INFO - DAG(s) dict_keys(['example_weekday_branch_operator']) retrieved from /home/airflow/.local/lib/python3.7/site-packages/airflow/example_dags/example_branch_day_of_week_operator.py
[2022-03-28 07:30:08,740] {logging_mixin.py:109} INFO - [2022-03-28 07:30:08,740] {dag.py:2398} INFO - Sync 1 DAGs
[2022-03-28 07:30:08,756] {logging_mixin.py:109} INFO - [2022-03-28 07:30:08,756] {dag.py:2937} INFO - Setting next_dagrun for example_weekday_branch_operator to 2022-03-27 00:00:00+00:00
[2022-03-28 07:30:08,766] {processor.py:171} INFO - Processing /home/airflow/.local/lib/python3.7/site-packages/airflow/example_dags/example_branch_day_of_week_operator.py took 0.065 seconds
[2022-03-28 07:30:38,855] {processor.py:163} INFO - Started process (PID=2764) to work on /home/airflow/.local/lib/python3.7/site-packages/airflow/example_dags/example_branch_day_of_week_operator.py
[2022-03-28 07:30:38,857] {processor.py:642} INFO - Processing file /home/airflow/.local/lib/python3.7/site-packages/airflow/example_dags/example_branch_day_of_week_operator.py for tasks to queue
[2022-03-28 07:30:38,857] {logging_mixin.py:109} INFO - [2022-03-28 07:30:38,857] {dagbag.py:500} INFO - Filling up the DagBag from /home/airflow/.local/lib/python3.7/site-packages/airflow/example_dags/example_branch_day_of_week_operator.py
[2022-03-28 07:30:38,887] {processor.py:654} INFO - DAG(s) dict_keys(['example_weekday_branch_operator']) retrieved from /home/airflow/.local/lib/python3.7/site-packages/airflow/example_dags/example_branch_day_of_week_operator.py
[2022-03-28 07:30:38,897] {logging_mixin.py:109} INFO - [2022-03-28 07:30:38,897] {dag.py:2398} INFO - Sync 1 DAGs
[2022-03-28 07:30:38,915] {logging_mixin.py:109} INFO - [2022-03-28 07:30:38,915] {dag.py:2937} INFO - Setting next_dagrun for example_weekday_branch_operator to 2022-03-27 00:00:00+00:00
[2022-03-28 07:30:38,923] {processor.py:171} INFO - Processing /home/airflow/.local/lib/python3.7/site-packages/airflow/example_dags/example_branch_day_of_week_operator.py took 0.072 seconds
[2022-03-28 07:31:09,664] {processor.py:163} INFO - Started process (PID=2815) to work on /home/airflow/.local/lib/python3.7/site-packages/airflow/example_dags/example_branch_day_of_week_operator.py
[2022-03-28 07:31:09,665] {processor.py:642} INFO - Processing file /home/airflow/.local/lib/python3.7/site-packages/airflow/example_dags/example_branch_day_of_week_operator.py for tasks to queue
[2022-03-28 07:31:09,666] {logging_mixin.py:109} INFO - [2022-03-28 07:31:09,666] {dagbag.py:500} INFO - Filling up the DagBag from /home/airflow/.local/lib/python3.7/site-packages/airflow/example_dags/example_branch_day_of_week_operator.py
[2022-03-28 07:31:09,694] {processor.py:654} INFO - DAG(s) dict_keys(['example_weekday_branch_operator']) retrieved from /home/airflow/.local/lib/python3.7/site-packages/airflow/example_dags/example_branch_day_of_week_operator.py
[2022-03-28 07:31:09,702] {logging_mixin.py:109} INFO - [2022-03-28 07:31:09,702] {dag.py:2398} INFO - Sync 1 DAGs
[2022-03-28 07:31:09,718] {logging_mixin.py:109} INFO - [2022-03-28 07:31:09,718] {dag.py:2937} INFO - Setting next_dagrun for example_weekday_branch_operator to 2022-03-27 00:00:00+00:00
[2022-03-28 07:31:09,729] {processor.py:171} INFO - Processing /home/airflow/.local/lib/python3.7/site-packages/airflow/example_dags/example_branch_day_of_week_operator.py took 0.067 seconds
[2022-03-28 07:31:40,320] {processor.py:163} INFO - Started process (PID=2867) to work on /home/airflow/.local/lib/python3.7/site-packages/airflow/example_dags/example_branch_day_of_week_operator.py
[2022-03-28 07:31:40,322] {processor.py:642} INFO - Processing file /home/airflow/.local/lib/python3.7/site-packages/airflow/example_dags/example_branch_day_of_week_operator.py for tasks to queue
[2022-03-28 07:31:40,323] {logging_mixin.py:109} INFO - [2022-03-28 07:31:40,323] {dagbag.py:500} INFO - Filling up the DagBag from /home/airflow/.local/lib/python3.7/site-packages/airflow/example_dags/example_branch_day_of_week_operator.py
[2022-03-28 07:31:40,367] {processor.py:654} INFO - DAG(s) dict_keys(['example_weekday_branch_operator']) retrieved from /home/airflow/.local/lib/python3.7/site-packages/airflow/example_dags/example_branch_day_of_week_operator.py
[2022-03-28 07:31:40,385] {logging_mixin.py:109} INFO - [2022-03-28 07:31:40,385] {dag.py:2398} INFO - Sync 1 DAGs
[2022-03-28 07:31:40,417] {logging_mixin.py:109} INFO - [2022-03-28 07:31:40,417] {dag.py:2937} INFO - Setting next_dagrun for example_weekday_branch_operator to 2022-03-27 00:00:00+00:00
[2022-03-28 07:31:40,430] {processor.py:171} INFO - Processing /home/airflow/.local/lib/python3.7/site-packages/airflow/example_dags/example_branch_day_of_week_operator.py took 0.112 seconds
[2022-03-28 07:32:11,305] {processor.py:163} INFO - Started process (PID=2928) to work on /home/airflow/.local/lib/python3.7/site-packages/airflow/example_dags/example_branch_day_of_week_operator.py
[2022-03-28 07:32:11,307] {processor.py:642} INFO - Processing file /home/airflow/.local/lib/python3.7/site-packages/airflow/example_dags/example_branch_day_of_week_operator.py for tasks to queue
[2022-03-28 07:32:11,308] {logging_mixin.py:109} INFO - [2022-03-28 07:32:11,308] {dagbag.py:500} INFO - Filling up the DagBag from /home/airflow/.local/lib/python3.7/site-packages/airflow/example_dags/example_branch_day_of_week_operator.py
[2022-03-28 07:32:11,334] {processor.py:654} INFO - DAG(s) dict_keys(['example_weekday_branch_operator']) retrieved from /home/airflow/.local/lib/python3.7/site-packages/airflow/example_dags/example_branch_day_of_week_operator.py
[2022-03-28 07:32:11,342] {logging_mixin.py:109} INFO - [2022-03-28 07:32:11,342] {dag.py:2398} INFO - Sync 1 DAGs
[2022-03-28 07:32:11,358] {logging_mixin.py:109} INFO - [2022-03-28 07:32:11,358] {dag.py:2937} INFO - Setting next_dagrun for example_weekday_branch_operator to 2022-03-27 00:00:00+00:00
[2022-03-28 07:32:11,368] {processor.py:171} INFO - Processing /home/airflow/.local/lib/python3.7/site-packages/airflow/example_dags/example_branch_day_of_week_operator.py took 0.065 seconds
