[2022-03-28 07:08:30,067] {processor.py:163} INFO - Started process (PID=76) to work on /home/airflow/.local/lib/python3.7/site-packages/airflow/example_dags/example_xcom.py
[2022-03-28 07:08:30,069] {processor.py:642} INFO - Processing file /home/airflow/.local/lib/python3.7/site-packages/airflow/example_dags/example_xcom.py for tasks to queue
[2022-03-28 07:08:30,071] {logging_mixin.py:109} INFO - [2022-03-28 07:08:30,070] {dagbag.py:500} INFO - Filling up the DagBag from /home/airflow/.local/lib/python3.7/site-packages/airflow/example_dags/example_xcom.py
[2022-03-28 07:08:30,135] {processor.py:654} INFO - DAG(s) dict_keys(['example_xcom']) retrieved from /home/airflow/.local/lib/python3.7/site-packages/airflow/example_dags/example_xcom.py
[2022-03-28 07:08:33,677] {logging_mixin.py:109} INFO - [2022-03-28 07:08:33,677] {manager.py:496} INFO - Created Permission View: can read on DAG:example_xcom
[2022-03-28 07:08:33,688] {logging_mixin.py:109} INFO - [2022-03-28 07:08:33,688] {manager.py:496} INFO - Created Permission View: can edit on DAG:example_xcom
[2022-03-28 07:08:33,689] {logging_mixin.py:109} INFO - [2022-03-28 07:08:33,688] {dag.py:2398} INFO - Sync 1 DAGs
[2022-03-28 07:08:33,700] {logging_mixin.py:109} INFO - [2022-03-28 07:08:33,699] {dag.py:2417} INFO - Creating ORM DAG for example_xcom
[2022-03-28 07:08:33,715] {logging_mixin.py:109} INFO - [2022-03-28 07:08:33,715] {dag.py:2937} INFO - Setting next_dagrun for example_xcom to 2021-01-01T00:00:00+00:00
[2022-03-28 07:08:33,735] {processor.py:171} INFO - Processing /home/airflow/.local/lib/python3.7/site-packages/airflow/example_dags/example_xcom.py took 3.674 seconds
[2022-03-28 07:09:04,736] {processor.py:163} INFO - Started process (PID=463) to work on /home/airflow/.local/lib/python3.7/site-packages/airflow/example_dags/example_xcom.py
[2022-03-28 07:09:04,737] {processor.py:642} INFO - Processing file /home/airflow/.local/lib/python3.7/site-packages/airflow/example_dags/example_xcom.py for tasks to queue
[2022-03-28 07:09:04,738] {logging_mixin.py:109} INFO - [2022-03-28 07:09:04,738] {dagbag.py:500} INFO - Filling up the DagBag from /home/airflow/.local/lib/python3.7/site-packages/airflow/example_dags/example_xcom.py
[2022-03-28 07:09:04,770] {processor.py:654} INFO - DAG(s) dict_keys(['example_xcom']) retrieved from /home/airflow/.local/lib/python3.7/site-packages/airflow/example_dags/example_xcom.py
[2022-03-28 07:09:04,959] {logging_mixin.py:109} INFO - [2022-03-28 07:09:04,959] {dag.py:2398} INFO - Sync 1 DAGs
[2022-03-28 07:09:04,970] {logging_mixin.py:109} INFO - [2022-03-28 07:09:04,970] {dag.py:2937} INFO - Setting next_dagrun for example_xcom to 2021-01-01T00:00:00+00:00
[2022-03-28 07:09:04,980] {processor.py:171} INFO - Processing /home/airflow/.local/lib/python3.7/site-packages/airflow/example_dags/example_xcom.py took 0.248 seconds
[2022-03-28 07:09:35,618] {processor.py:163} INFO - Started process (PID=525) to work on /home/airflow/.local/lib/python3.7/site-packages/airflow/example_dags/example_xcom.py
[2022-03-28 07:09:35,620] {processor.py:642} INFO - Processing file /home/airflow/.local/lib/python3.7/site-packages/airflow/example_dags/example_xcom.py for tasks to queue
[2022-03-28 07:09:35,621] {logging_mixin.py:109} INFO - [2022-03-28 07:09:35,621] {dagbag.py:500} INFO - Filling up the DagBag from /home/airflow/.local/lib/python3.7/site-packages/airflow/example_dags/example_xcom.py
[2022-03-28 07:09:35,659] {processor.py:654} INFO - DAG(s) dict_keys(['example_xcom']) retrieved from /home/airflow/.local/lib/python3.7/site-packages/airflow/example_dags/example_xcom.py
[2022-03-28 07:09:35,874] {logging_mixin.py:109} INFO - [2022-03-28 07:09:35,874] {dag.py:2398} INFO - Sync 1 DAGs
[2022-03-28 07:09:35,887] {logging_mixin.py:109} INFO - [2022-03-28 07:09:35,887] {dag.py:2937} INFO - Setting next_dagrun for example_xcom to 2021-01-01T00:00:00+00:00
[2022-03-28 07:09:35,898] {processor.py:171} INFO - Processing /home/airflow/.local/lib/python3.7/site-packages/airflow/example_dags/example_xcom.py took 0.283 seconds
[2022-03-28 07:10:06,304] {processor.py:163} INFO - Started process (PID=576) to work on /home/airflow/.local/lib/python3.7/site-packages/airflow/example_dags/example_xcom.py
[2022-03-28 07:10:06,306] {processor.py:642} INFO - Processing file /home/airflow/.local/lib/python3.7/site-packages/airflow/example_dags/example_xcom.py for tasks to queue
[2022-03-28 07:10:06,307] {logging_mixin.py:109} INFO - [2022-03-28 07:10:06,307] {dagbag.py:500} INFO - Filling up the DagBag from /home/airflow/.local/lib/python3.7/site-packages/airflow/example_dags/example_xcom.py
[2022-03-28 07:10:06,347] {processor.py:654} INFO - DAG(s) dict_keys(['example_xcom']) retrieved from /home/airflow/.local/lib/python3.7/site-packages/airflow/example_dags/example_xcom.py
[2022-03-28 07:10:06,591] {logging_mixin.py:109} INFO - [2022-03-28 07:10:06,591] {dag.py:2398} INFO - Sync 1 DAGs
[2022-03-28 07:10:06,608] {logging_mixin.py:109} INFO - [2022-03-28 07:10:06,608] {dag.py:2937} INFO - Setting next_dagrun for example_xcom to 2021-01-01T00:00:00+00:00
[2022-03-28 07:10:06,619] {processor.py:171} INFO - Processing /home/airflow/.local/lib/python3.7/site-packages/airflow/example_dags/example_xcom.py took 0.318 seconds
[2022-03-28 07:10:37,015] {processor.py:163} INFO - Started process (PID=627) to work on /home/airflow/.local/lib/python3.7/site-packages/airflow/example_dags/example_xcom.py
[2022-03-28 07:10:37,016] {processor.py:642} INFO - Processing file /home/airflow/.local/lib/python3.7/site-packages/airflow/example_dags/example_xcom.py for tasks to queue
[2022-03-28 07:10:37,017] {logging_mixin.py:109} INFO - [2022-03-28 07:10:37,017] {dagbag.py:500} INFO - Filling up the DagBag from /home/airflow/.local/lib/python3.7/site-packages/airflow/example_dags/example_xcom.py
[2022-03-28 07:10:37,055] {processor.py:654} INFO - DAG(s) dict_keys(['example_xcom']) retrieved from /home/airflow/.local/lib/python3.7/site-packages/airflow/example_dags/example_xcom.py
[2022-03-28 07:10:37,251] {logging_mixin.py:109} INFO - [2022-03-28 07:10:37,251] {dag.py:2398} INFO - Sync 1 DAGs
[2022-03-28 07:10:37,262] {logging_mixin.py:109} INFO - [2022-03-28 07:10:37,262] {dag.py:2937} INFO - Setting next_dagrun for example_xcom to 2021-01-01T00:00:00+00:00
[2022-03-28 07:10:37,273] {processor.py:171} INFO - Processing /home/airflow/.local/lib/python3.7/site-packages/airflow/example_dags/example_xcom.py took 0.261 seconds
[2022-03-28 07:11:07,429] {processor.py:163} INFO - Started process (PID=688) to work on /home/airflow/.local/lib/python3.7/site-packages/airflow/example_dags/example_xcom.py
[2022-03-28 07:11:07,431] {processor.py:642} INFO - Processing file /home/airflow/.local/lib/python3.7/site-packages/airflow/example_dags/example_xcom.py for tasks to queue
[2022-03-28 07:11:07,432] {logging_mixin.py:109} INFO - [2022-03-28 07:11:07,432] {dagbag.py:500} INFO - Filling up the DagBag from /home/airflow/.local/lib/python3.7/site-packages/airflow/example_dags/example_xcom.py
[2022-03-28 07:11:07,473] {processor.py:654} INFO - DAG(s) dict_keys(['example_xcom']) retrieved from /home/airflow/.local/lib/python3.7/site-packages/airflow/example_dags/example_xcom.py
[2022-03-28 07:11:07,695] {logging_mixin.py:109} INFO - [2022-03-28 07:11:07,695] {dag.py:2398} INFO - Sync 1 DAGs
[2022-03-28 07:11:07,710] {logging_mixin.py:109} INFO - [2022-03-28 07:11:07,710] {dag.py:2937} INFO - Setting next_dagrun for example_xcom to 2021-01-01T00:00:00+00:00
[2022-03-28 07:11:07,722] {processor.py:171} INFO - Processing /home/airflow/.local/lib/python3.7/site-packages/airflow/example_dags/example_xcom.py took 0.295 seconds
[2022-03-28 07:11:37,901] {processor.py:163} INFO - Started process (PID=739) to work on /home/airflow/.local/lib/python3.7/site-packages/airflow/example_dags/example_xcom.py
[2022-03-28 07:11:37,903] {processor.py:642} INFO - Processing file /home/airflow/.local/lib/python3.7/site-packages/airflow/example_dags/example_xcom.py for tasks to queue
[2022-03-28 07:11:37,904] {logging_mixin.py:109} INFO - [2022-03-28 07:11:37,904] {dagbag.py:500} INFO - Filling up the DagBag from /home/airflow/.local/lib/python3.7/site-packages/airflow/example_dags/example_xcom.py
[2022-03-28 07:11:37,935] {processor.py:654} INFO - DAG(s) dict_keys(['example_xcom']) retrieved from /home/airflow/.local/lib/python3.7/site-packages/airflow/example_dags/example_xcom.py
[2022-03-28 07:11:38,150] {logging_mixin.py:109} INFO - [2022-03-28 07:11:38,149] {dag.py:2398} INFO - Sync 1 DAGs
[2022-03-28 07:11:38,163] {logging_mixin.py:109} INFO - [2022-03-28 07:11:38,163] {dag.py:2937} INFO - Setting next_dagrun for example_xcom to 2021-01-01T00:00:00+00:00
[2022-03-28 07:11:38,173] {processor.py:171} INFO - Processing /home/airflow/.local/lib/python3.7/site-packages/airflow/example_dags/example_xcom.py took 0.275 seconds
[2022-03-28 07:12:08,392] {processor.py:163} INFO - Started process (PID=789) to work on /home/airflow/.local/lib/python3.7/site-packages/airflow/example_dags/example_xcom.py
[2022-03-28 07:12:08,393] {processor.py:642} INFO - Processing file /home/airflow/.local/lib/python3.7/site-packages/airflow/example_dags/example_xcom.py for tasks to queue
[2022-03-28 07:12:08,394] {logging_mixin.py:109} INFO - [2022-03-28 07:12:08,394] {dagbag.py:500} INFO - Filling up the DagBag from /home/airflow/.local/lib/python3.7/site-packages/airflow/example_dags/example_xcom.py
[2022-03-28 07:12:08,427] {processor.py:654} INFO - DAG(s) dict_keys(['example_xcom']) retrieved from /home/airflow/.local/lib/python3.7/site-packages/airflow/example_dags/example_xcom.py
[2022-03-28 07:12:08,617] {logging_mixin.py:109} INFO - [2022-03-28 07:12:08,617] {dag.py:2398} INFO - Sync 1 DAGs
[2022-03-28 07:12:08,629] {logging_mixin.py:109} INFO - [2022-03-28 07:12:08,629] {dag.py:2937} INFO - Setting next_dagrun for example_xcom to 2021-01-01T00:00:00+00:00
[2022-03-28 07:12:08,639] {processor.py:171} INFO - Processing /home/airflow/.local/lib/python3.7/site-packages/airflow/example_dags/example_xcom.py took 0.250 seconds
[2022-03-28 07:12:38,967] {processor.py:163} INFO - Started process (PID=850) to work on /home/airflow/.local/lib/python3.7/site-packages/airflow/example_dags/example_xcom.py
[2022-03-28 07:12:38,970] {processor.py:642} INFO - Processing file /home/airflow/.local/lib/python3.7/site-packages/airflow/example_dags/example_xcom.py for tasks to queue
[2022-03-28 07:12:38,971] {logging_mixin.py:109} INFO - [2022-03-28 07:12:38,970] {dagbag.py:500} INFO - Filling up the DagBag from /home/airflow/.local/lib/python3.7/site-packages/airflow/example_dags/example_xcom.py
[2022-03-28 07:12:39,111] {processor.py:654} INFO - DAG(s) dict_keys(['example_xcom']) retrieved from /home/airflow/.local/lib/python3.7/site-packages/airflow/example_dags/example_xcom.py
[2022-03-28 07:12:39,370] {logging_mixin.py:109} INFO - [2022-03-28 07:12:39,370] {dag.py:2398} INFO - Sync 1 DAGs
[2022-03-28 07:12:39,390] {logging_mixin.py:109} INFO - [2022-03-28 07:12:39,389] {dag.py:2937} INFO - Setting next_dagrun for example_xcom to 2021-01-01T00:00:00+00:00
[2022-03-28 07:12:39,402] {processor.py:171} INFO - Processing /home/airflow/.local/lib/python3.7/site-packages/airflow/example_dags/example_xcom.py took 0.440 seconds
[2022-03-28 07:13:09,508] {processor.py:163} INFO - Started process (PID=901) to work on /home/airflow/.local/lib/python3.7/site-packages/airflow/example_dags/example_xcom.py
[2022-03-28 07:13:09,510] {processor.py:642} INFO - Processing file /home/airflow/.local/lib/python3.7/site-packages/airflow/example_dags/example_xcom.py for tasks to queue
[2022-03-28 07:13:09,510] {logging_mixin.py:109} INFO - [2022-03-28 07:13:09,510] {dagbag.py:500} INFO - Filling up the DagBag from /home/airflow/.local/lib/python3.7/site-packages/airflow/example_dags/example_xcom.py
[2022-03-28 07:13:09,544] {processor.py:654} INFO - DAG(s) dict_keys(['example_xcom']) retrieved from /home/airflow/.local/lib/python3.7/site-packages/airflow/example_dags/example_xcom.py
[2022-03-28 07:13:09,723] {logging_mixin.py:109} INFO - [2022-03-28 07:13:09,723] {dag.py:2398} INFO - Sync 1 DAGs
[2022-03-28 07:13:09,734] {logging_mixin.py:109} INFO - [2022-03-28 07:13:09,734] {dag.py:2937} INFO - Setting next_dagrun for example_xcom to 2021-01-01T00:00:00+00:00
[2022-03-28 07:13:09,745] {processor.py:171} INFO - Processing /home/airflow/.local/lib/python3.7/site-packages/airflow/example_dags/example_xcom.py took 0.239 seconds
[2022-03-28 07:13:40,025] {processor.py:163} INFO - Started process (PID=952) to work on /home/airflow/.local/lib/python3.7/site-packages/airflow/example_dags/example_xcom.py
[2022-03-28 07:13:40,027] {processor.py:642} INFO - Processing file /home/airflow/.local/lib/python3.7/site-packages/airflow/example_dags/example_xcom.py for tasks to queue
[2022-03-28 07:13:40,028] {logging_mixin.py:109} INFO - [2022-03-28 07:13:40,028] {dagbag.py:500} INFO - Filling up the DagBag from /home/airflow/.local/lib/python3.7/site-packages/airflow/example_dags/example_xcom.py
[2022-03-28 07:13:40,064] {processor.py:654} INFO - DAG(s) dict_keys(['example_xcom']) retrieved from /home/airflow/.local/lib/python3.7/site-packages/airflow/example_dags/example_xcom.py
[2022-03-28 07:13:40,265] {logging_mixin.py:109} INFO - [2022-03-28 07:13:40,265] {dag.py:2398} INFO - Sync 1 DAGs
[2022-03-28 07:13:40,281] {logging_mixin.py:109} INFO - [2022-03-28 07:13:40,281] {dag.py:2937} INFO - Setting next_dagrun for example_xcom to 2021-01-01T00:00:00+00:00
[2022-03-28 07:13:40,293] {processor.py:171} INFO - Processing /home/airflow/.local/lib/python3.7/site-packages/airflow/example_dags/example_xcom.py took 0.271 seconds
[2022-03-28 07:14:10,624] {processor.py:163} INFO - Started process (PID=1012) to work on /home/airflow/.local/lib/python3.7/site-packages/airflow/example_dags/example_xcom.py
[2022-03-28 07:14:10,626] {processor.py:642} INFO - Processing file /home/airflow/.local/lib/python3.7/site-packages/airflow/example_dags/example_xcom.py for tasks to queue
[2022-03-28 07:14:10,627] {logging_mixin.py:109} INFO - [2022-03-28 07:14:10,627] {dagbag.py:500} INFO - Filling up the DagBag from /home/airflow/.local/lib/python3.7/site-packages/airflow/example_dags/example_xcom.py
[2022-03-28 07:14:10,668] {processor.py:654} INFO - DAG(s) dict_keys(['example_xcom']) retrieved from /home/airflow/.local/lib/python3.7/site-packages/airflow/example_dags/example_xcom.py
[2022-03-28 07:14:10,882] {logging_mixin.py:109} INFO - [2022-03-28 07:14:10,882] {dag.py:2398} INFO - Sync 1 DAGs
[2022-03-28 07:14:10,898] {logging_mixin.py:109} INFO - [2022-03-28 07:14:10,898] {dag.py:2937} INFO - Setting next_dagrun for example_xcom to 2021-01-01T00:00:00+00:00
[2022-03-28 07:14:10,910] {processor.py:171} INFO - Processing /home/airflow/.local/lib/python3.7/site-packages/airflow/example_dags/example_xcom.py took 0.288 seconds
[2022-03-28 07:14:41,261] {processor.py:163} INFO - Started process (PID=1063) to work on /home/airflow/.local/lib/python3.7/site-packages/airflow/example_dags/example_xcom.py
[2022-03-28 07:14:41,262] {processor.py:642} INFO - Processing file /home/airflow/.local/lib/python3.7/site-packages/airflow/example_dags/example_xcom.py for tasks to queue
[2022-03-28 07:14:41,264] {logging_mixin.py:109} INFO - [2022-03-28 07:14:41,263] {dagbag.py:500} INFO - Filling up the DagBag from /home/airflow/.local/lib/python3.7/site-packages/airflow/example_dags/example_xcom.py
[2022-03-28 07:14:41,304] {processor.py:654} INFO - DAG(s) dict_keys(['example_xcom']) retrieved from /home/airflow/.local/lib/python3.7/site-packages/airflow/example_dags/example_xcom.py
[2022-03-28 07:14:41,516] {logging_mixin.py:109} INFO - [2022-03-28 07:14:41,515] {dag.py:2398} INFO - Sync 1 DAGs
[2022-03-28 07:14:41,530] {logging_mixin.py:109} INFO - [2022-03-28 07:14:41,530] {dag.py:2937} INFO - Setting next_dagrun for example_xcom to 2021-01-01T00:00:00+00:00
[2022-03-28 07:14:41,541] {processor.py:171} INFO - Processing /home/airflow/.local/lib/python3.7/site-packages/airflow/example_dags/example_xcom.py took 0.284 seconds
[2022-03-28 07:15:11,925] {processor.py:163} INFO - Started process (PID=1113) to work on /home/airflow/.local/lib/python3.7/site-packages/airflow/example_dags/example_xcom.py
[2022-03-28 07:15:11,927] {processor.py:642} INFO - Processing file /home/airflow/.local/lib/python3.7/site-packages/airflow/example_dags/example_xcom.py for tasks to queue
[2022-03-28 07:15:11,928] {logging_mixin.py:109} INFO - [2022-03-28 07:15:11,928] {dagbag.py:500} INFO - Filling up the DagBag from /home/airflow/.local/lib/python3.7/site-packages/airflow/example_dags/example_xcom.py
[2022-03-28 07:15:11,967] {processor.py:654} INFO - DAG(s) dict_keys(['example_xcom']) retrieved from /home/airflow/.local/lib/python3.7/site-packages/airflow/example_dags/example_xcom.py
[2022-03-28 07:15:12,195] {logging_mixin.py:109} INFO - [2022-03-28 07:15:12,195] {dag.py:2398} INFO - Sync 1 DAGs
[2022-03-28 07:15:12,210] {logging_mixin.py:109} INFO - [2022-03-28 07:15:12,209] {dag.py:2937} INFO - Setting next_dagrun for example_xcom to 2021-01-01T00:00:00+00:00
[2022-03-28 07:15:12,221] {processor.py:171} INFO - Processing /home/airflow/.local/lib/python3.7/site-packages/airflow/example_dags/example_xcom.py took 0.299 seconds
[2022-03-28 07:15:42,327] {processor.py:163} INFO - Started process (PID=1174) to work on /home/airflow/.local/lib/python3.7/site-packages/airflow/example_dags/example_xcom.py
[2022-03-28 07:15:42,328] {processor.py:642} INFO - Processing file /home/airflow/.local/lib/python3.7/site-packages/airflow/example_dags/example_xcom.py for tasks to queue
[2022-03-28 07:15:42,329] {logging_mixin.py:109} INFO - [2022-03-28 07:15:42,329] {dagbag.py:500} INFO - Filling up the DagBag from /home/airflow/.local/lib/python3.7/site-packages/airflow/example_dags/example_xcom.py
[2022-03-28 07:15:42,373] {processor.py:654} INFO - DAG(s) dict_keys(['example_xcom']) retrieved from /home/airflow/.local/lib/python3.7/site-packages/airflow/example_dags/example_xcom.py
[2022-03-28 07:15:42,614] {logging_mixin.py:109} INFO - [2022-03-28 07:15:42,614] {dag.py:2398} INFO - Sync 1 DAGs
[2022-03-28 07:15:42,631] {logging_mixin.py:109} INFO - [2022-03-28 07:15:42,630] {dag.py:2937} INFO - Setting next_dagrun for example_xcom to 2021-01-01T00:00:00+00:00
[2022-03-28 07:15:42,642] {processor.py:171} INFO - Processing /home/airflow/.local/lib/python3.7/site-packages/airflow/example_dags/example_xcom.py took 0.319 seconds
[2022-03-28 07:16:12,833] {processor.py:163} INFO - Started process (PID=1224) to work on /home/airflow/.local/lib/python3.7/site-packages/airflow/example_dags/example_xcom.py
[2022-03-28 07:16:12,834] {processor.py:642} INFO - Processing file /home/airflow/.local/lib/python3.7/site-packages/airflow/example_dags/example_xcom.py for tasks to queue
[2022-03-28 07:16:12,835] {logging_mixin.py:109} INFO - [2022-03-28 07:16:12,835] {dagbag.py:500} INFO - Filling up the DagBag from /home/airflow/.local/lib/python3.7/site-packages/airflow/example_dags/example_xcom.py
[2022-03-28 07:16:12,870] {processor.py:654} INFO - DAG(s) dict_keys(['example_xcom']) retrieved from /home/airflow/.local/lib/python3.7/site-packages/airflow/example_dags/example_xcom.py
[2022-03-28 07:16:13,063] {logging_mixin.py:109} INFO - [2022-03-28 07:16:13,063] {dag.py:2398} INFO - Sync 1 DAGs
[2022-03-28 07:16:13,075] {logging_mixin.py:109} INFO - [2022-03-28 07:16:13,074] {dag.py:2937} INFO - Setting next_dagrun for example_xcom to 2021-01-01T00:00:00+00:00
[2022-03-28 07:16:13,084] {processor.py:171} INFO - Processing /home/airflow/.local/lib/python3.7/site-packages/airflow/example_dags/example_xcom.py took 0.254 seconds
[2022-03-28 07:16:43,490] {processor.py:163} INFO - Started process (PID=1276) to work on /home/airflow/.local/lib/python3.7/site-packages/airflow/example_dags/example_xcom.py
[2022-03-28 07:16:43,492] {processor.py:642} INFO - Processing file /home/airflow/.local/lib/python3.7/site-packages/airflow/example_dags/example_xcom.py for tasks to queue
[2022-03-28 07:16:43,492] {logging_mixin.py:109} INFO - [2022-03-28 07:16:43,492] {dagbag.py:500} INFO - Filling up the DagBag from /home/airflow/.local/lib/python3.7/site-packages/airflow/example_dags/example_xcom.py
[2022-03-28 07:16:43,525] {processor.py:654} INFO - DAG(s) dict_keys(['example_xcom']) retrieved from /home/airflow/.local/lib/python3.7/site-packages/airflow/example_dags/example_xcom.py
[2022-03-28 07:16:43,704] {logging_mixin.py:109} INFO - [2022-03-28 07:16:43,704] {dag.py:2398} INFO - Sync 1 DAGs
[2022-03-28 07:16:43,717] {logging_mixin.py:109} INFO - [2022-03-28 07:16:43,717] {dag.py:2937} INFO - Setting next_dagrun for example_xcom to 2021-01-01T00:00:00+00:00
[2022-03-28 07:16:43,728] {processor.py:171} INFO - Processing /home/airflow/.local/lib/python3.7/site-packages/airflow/example_dags/example_xcom.py took 0.240 seconds
[2022-03-28 07:17:14,020] {processor.py:163} INFO - Started process (PID=1337) to work on /home/airflow/.local/lib/python3.7/site-packages/airflow/example_dags/example_xcom.py
[2022-03-28 07:17:14,022] {processor.py:642} INFO - Processing file /home/airflow/.local/lib/python3.7/site-packages/airflow/example_dags/example_xcom.py for tasks to queue
[2022-03-28 07:17:14,022] {logging_mixin.py:109} INFO - [2022-03-28 07:17:14,022] {dagbag.py:500} INFO - Filling up the DagBag from /home/airflow/.local/lib/python3.7/site-packages/airflow/example_dags/example_xcom.py
[2022-03-28 07:17:14,070] {processor.py:654} INFO - DAG(s) dict_keys(['example_xcom']) retrieved from /home/airflow/.local/lib/python3.7/site-packages/airflow/example_dags/example_xcom.py
[2022-03-28 07:17:14,297] {logging_mixin.py:109} INFO - [2022-03-28 07:17:14,297] {dag.py:2398} INFO - Sync 1 DAGs
[2022-03-28 07:17:14,311] {logging_mixin.py:109} INFO - [2022-03-28 07:17:14,311] {dag.py:2937} INFO - Setting next_dagrun for example_xcom to 2021-01-01T00:00:00+00:00
[2022-03-28 07:17:14,322] {processor.py:171} INFO - Processing /home/airflow/.local/lib/python3.7/site-packages/airflow/example_dags/example_xcom.py took 0.307 seconds
[2022-03-28 07:17:44,700] {processor.py:163} INFO - Started process (PID=1389) to work on /home/airflow/.local/lib/python3.7/site-packages/airflow/example_dags/example_xcom.py
[2022-03-28 07:17:44,702] {processor.py:642} INFO - Processing file /home/airflow/.local/lib/python3.7/site-packages/airflow/example_dags/example_xcom.py for tasks to queue
[2022-03-28 07:17:44,703] {logging_mixin.py:109} INFO - [2022-03-28 07:17:44,703] {dagbag.py:500} INFO - Filling up the DagBag from /home/airflow/.local/lib/python3.7/site-packages/airflow/example_dags/example_xcom.py
[2022-03-28 07:17:44,740] {processor.py:654} INFO - DAG(s) dict_keys(['example_xcom']) retrieved from /home/airflow/.local/lib/python3.7/site-packages/airflow/example_dags/example_xcom.py
[2022-03-28 07:17:44,926] {logging_mixin.py:109} INFO - [2022-03-28 07:17:44,926] {dag.py:2398} INFO - Sync 1 DAGs
[2022-03-28 07:17:44,937] {logging_mixin.py:109} INFO - [2022-03-28 07:17:44,937] {dag.py:2937} INFO - Setting next_dagrun for example_xcom to 2021-01-01T00:00:00+00:00
[2022-03-28 07:17:44,948] {processor.py:171} INFO - Processing /home/airflow/.local/lib/python3.7/site-packages/airflow/example_dags/example_xcom.py took 0.250 seconds
[2022-03-28 07:18:15,220] {processor.py:163} INFO - Started process (PID=1440) to work on /home/airflow/.local/lib/python3.7/site-packages/airflow/example_dags/example_xcom.py
[2022-03-28 07:18:15,221] {processor.py:642} INFO - Processing file /home/airflow/.local/lib/python3.7/site-packages/airflow/example_dags/example_xcom.py for tasks to queue
[2022-03-28 07:18:15,222] {logging_mixin.py:109} INFO - [2022-03-28 07:18:15,222] {dagbag.py:500} INFO - Filling up the DagBag from /home/airflow/.local/lib/python3.7/site-packages/airflow/example_dags/example_xcom.py
[2022-03-28 07:18:15,254] {processor.py:654} INFO - DAG(s) dict_keys(['example_xcom']) retrieved from /home/airflow/.local/lib/python3.7/site-packages/airflow/example_dags/example_xcom.py
[2022-03-28 07:18:15,435] {logging_mixin.py:109} INFO - [2022-03-28 07:18:15,434] {dag.py:2398} INFO - Sync 1 DAGs
[2022-03-28 07:18:15,447] {logging_mixin.py:109} INFO - [2022-03-28 07:18:15,446] {dag.py:2937} INFO - Setting next_dagrun for example_xcom to 2021-01-01T00:00:00+00:00
[2022-03-28 07:18:15,456] {processor.py:171} INFO - Processing /home/airflow/.local/lib/python3.7/site-packages/airflow/example_dags/example_xcom.py took 0.240 seconds
[2022-03-28 07:18:45,593] {processor.py:163} INFO - Started process (PID=1500) to work on /home/airflow/.local/lib/python3.7/site-packages/airflow/example_dags/example_xcom.py
[2022-03-28 07:18:45,594] {processor.py:642} INFO - Processing file /home/airflow/.local/lib/python3.7/site-packages/airflow/example_dags/example_xcom.py for tasks to queue
[2022-03-28 07:18:45,595] {logging_mixin.py:109} INFO - [2022-03-28 07:18:45,595] {dagbag.py:500} INFO - Filling up the DagBag from /home/airflow/.local/lib/python3.7/site-packages/airflow/example_dags/example_xcom.py
[2022-03-28 07:18:45,636] {processor.py:654} INFO - DAG(s) dict_keys(['example_xcom']) retrieved from /home/airflow/.local/lib/python3.7/site-packages/airflow/example_dags/example_xcom.py
[2022-03-28 07:18:45,844] {logging_mixin.py:109} INFO - [2022-03-28 07:18:45,844] {dag.py:2398} INFO - Sync 1 DAGs
[2022-03-28 07:18:45,859] {logging_mixin.py:109} INFO - [2022-03-28 07:18:45,859] {dag.py:2937} INFO - Setting next_dagrun for example_xcom to 2021-01-01T00:00:00+00:00
[2022-03-28 07:18:45,869] {processor.py:171} INFO - Processing /home/airflow/.local/lib/python3.7/site-packages/airflow/example_dags/example_xcom.py took 0.279 seconds
[2022-03-28 07:19:16,177] {processor.py:163} INFO - Started process (PID=1551) to work on /home/airflow/.local/lib/python3.7/site-packages/airflow/example_dags/example_xcom.py
[2022-03-28 07:19:16,178] {processor.py:642} INFO - Processing file /home/airflow/.local/lib/python3.7/site-packages/airflow/example_dags/example_xcom.py for tasks to queue
[2022-03-28 07:19:16,179] {logging_mixin.py:109} INFO - [2022-03-28 07:19:16,179] {dagbag.py:500} INFO - Filling up the DagBag from /home/airflow/.local/lib/python3.7/site-packages/airflow/example_dags/example_xcom.py
[2022-03-28 07:19:16,222] {processor.py:654} INFO - DAG(s) dict_keys(['example_xcom']) retrieved from /home/airflow/.local/lib/python3.7/site-packages/airflow/example_dags/example_xcom.py
[2022-03-28 07:19:16,466] {logging_mixin.py:109} INFO - [2022-03-28 07:19:16,466] {dag.py:2398} INFO - Sync 1 DAGs
[2022-03-28 07:19:16,483] {logging_mixin.py:109} INFO - [2022-03-28 07:19:16,483] {dag.py:2937} INFO - Setting next_dagrun for example_xcom to 2021-01-01T00:00:00+00:00
[2022-03-28 07:19:16,495] {processor.py:171} INFO - Processing /home/airflow/.local/lib/python3.7/site-packages/airflow/example_dags/example_xcom.py took 0.322 seconds
[2022-03-28 07:19:46,765] {processor.py:163} INFO - Started process (PID=1603) to work on /home/airflow/.local/lib/python3.7/site-packages/airflow/example_dags/example_xcom.py
[2022-03-28 07:19:46,766] {processor.py:642} INFO - Processing file /home/airflow/.local/lib/python3.7/site-packages/airflow/example_dags/example_xcom.py for tasks to queue
[2022-03-28 07:19:46,768] {logging_mixin.py:109} INFO - [2022-03-28 07:19:46,768] {dagbag.py:500} INFO - Filling up the DagBag from /home/airflow/.local/lib/python3.7/site-packages/airflow/example_dags/example_xcom.py
[2022-03-28 07:19:46,804] {processor.py:654} INFO - DAG(s) dict_keys(['example_xcom']) retrieved from /home/airflow/.local/lib/python3.7/site-packages/airflow/example_dags/example_xcom.py
[2022-03-28 07:19:46,986] {logging_mixin.py:109} INFO - [2022-03-28 07:19:46,986] {dag.py:2398} INFO - Sync 1 DAGs
[2022-03-28 07:19:46,998] {logging_mixin.py:109} INFO - [2022-03-28 07:19:46,998] {dag.py:2937} INFO - Setting next_dagrun for example_xcom to 2021-01-01T00:00:00+00:00
[2022-03-28 07:19:47,009] {processor.py:171} INFO - Processing /home/airflow/.local/lib/python3.7/site-packages/airflow/example_dags/example_xcom.py took 0.247 seconds
[2022-03-28 07:20:17,665] {processor.py:163} INFO - Started process (PID=1664) to work on /home/airflow/.local/lib/python3.7/site-packages/airflow/example_dags/example_xcom.py
[2022-03-28 07:20:17,666] {processor.py:642} INFO - Processing file /home/airflow/.local/lib/python3.7/site-packages/airflow/example_dags/example_xcom.py for tasks to queue
[2022-03-28 07:20:17,667] {logging_mixin.py:109} INFO - [2022-03-28 07:20:17,667] {dagbag.py:500} INFO - Filling up the DagBag from /home/airflow/.local/lib/python3.7/site-packages/airflow/example_dags/example_xcom.py
[2022-03-28 07:20:17,708] {processor.py:654} INFO - DAG(s) dict_keys(['example_xcom']) retrieved from /home/airflow/.local/lib/python3.7/site-packages/airflow/example_dags/example_xcom.py
[2022-03-28 07:20:17,946] {logging_mixin.py:109} INFO - [2022-03-28 07:20:17,946] {dag.py:2398} INFO - Sync 1 DAGs
[2022-03-28 07:20:17,960] {logging_mixin.py:109} INFO - [2022-03-28 07:20:17,960] {dag.py:2937} INFO - Setting next_dagrun for example_xcom to 2021-01-01T00:00:00+00:00
[2022-03-28 07:20:17,972] {processor.py:171} INFO - Processing /home/airflow/.local/lib/python3.7/site-packages/airflow/example_dags/example_xcom.py took 0.312 seconds
[2022-03-28 07:20:48,814] {processor.py:163} INFO - Started process (PID=1716) to work on /home/airflow/.local/lib/python3.7/site-packages/airflow/example_dags/example_xcom.py
[2022-03-28 07:20:48,815] {processor.py:642} INFO - Processing file /home/airflow/.local/lib/python3.7/site-packages/airflow/example_dags/example_xcom.py for tasks to queue
[2022-03-28 07:20:48,816] {logging_mixin.py:109} INFO - [2022-03-28 07:20:48,816] {dagbag.py:500} INFO - Filling up the DagBag from /home/airflow/.local/lib/python3.7/site-packages/airflow/example_dags/example_xcom.py
[2022-03-28 07:20:48,848] {processor.py:654} INFO - DAG(s) dict_keys(['example_xcom']) retrieved from /home/airflow/.local/lib/python3.7/site-packages/airflow/example_dags/example_xcom.py
[2022-03-28 07:20:49,041] {logging_mixin.py:109} INFO - [2022-03-28 07:20:49,040] {dag.py:2398} INFO - Sync 1 DAGs
[2022-03-28 07:20:49,054] {logging_mixin.py:109} INFO - [2022-03-28 07:20:49,054] {dag.py:2937} INFO - Setting next_dagrun for example_xcom to 2021-01-01T00:00:00+00:00
[2022-03-28 07:20:49,065] {processor.py:171} INFO - Processing /home/airflow/.local/lib/python3.7/site-packages/airflow/example_dags/example_xcom.py took 0.254 seconds
[2022-03-28 07:21:19,707] {processor.py:163} INFO - Started process (PID=1767) to work on /home/airflow/.local/lib/python3.7/site-packages/airflow/example_dags/example_xcom.py
[2022-03-28 07:21:19,708] {processor.py:642} INFO - Processing file /home/airflow/.local/lib/python3.7/site-packages/airflow/example_dags/example_xcom.py for tasks to queue
[2022-03-28 07:21:19,709] {logging_mixin.py:109} INFO - [2022-03-28 07:21:19,709] {dagbag.py:500} INFO - Filling up the DagBag from /home/airflow/.local/lib/python3.7/site-packages/airflow/example_dags/example_xcom.py
[2022-03-28 07:21:19,740] {processor.py:654} INFO - DAG(s) dict_keys(['example_xcom']) retrieved from /home/airflow/.local/lib/python3.7/site-packages/airflow/example_dags/example_xcom.py
[2022-03-28 07:21:19,909] {logging_mixin.py:109} INFO - [2022-03-28 07:21:19,909] {dag.py:2398} INFO - Sync 1 DAGs
[2022-03-28 07:21:19,920] {logging_mixin.py:109} INFO - [2022-03-28 07:21:19,920] {dag.py:2937} INFO - Setting next_dagrun for example_xcom to 2021-01-01T00:00:00+00:00
[2022-03-28 07:21:19,931] {processor.py:171} INFO - Processing /home/airflow/.local/lib/python3.7/site-packages/airflow/example_dags/example_xcom.py took 0.227 seconds
[2022-03-28 07:21:50,009] {processor.py:163} INFO - Started process (PID=1828) to work on /home/airflow/.local/lib/python3.7/site-packages/airflow/example_dags/example_xcom.py
[2022-03-28 07:21:50,011] {processor.py:642} INFO - Processing file /home/airflow/.local/lib/python3.7/site-packages/airflow/example_dags/example_xcom.py for tasks to queue
[2022-03-28 07:21:50,011] {logging_mixin.py:109} INFO - [2022-03-28 07:21:50,011] {dagbag.py:500} INFO - Filling up the DagBag from /home/airflow/.local/lib/python3.7/site-packages/airflow/example_dags/example_xcom.py
[2022-03-28 07:21:50,049] {processor.py:654} INFO - DAG(s) dict_keys(['example_xcom']) retrieved from /home/airflow/.local/lib/python3.7/site-packages/airflow/example_dags/example_xcom.py
[2022-03-28 07:21:50,268] {logging_mixin.py:109} INFO - [2022-03-28 07:21:50,268] {dag.py:2398} INFO - Sync 1 DAGs
[2022-03-28 07:21:50,282] {logging_mixin.py:109} INFO - [2022-03-28 07:21:50,281] {dag.py:2937} INFO - Setting next_dagrun for example_xcom to 2021-01-01T00:00:00+00:00
[2022-03-28 07:21:50,293] {processor.py:171} INFO - Processing /home/airflow/.local/lib/python3.7/site-packages/airflow/example_dags/example_xcom.py took 0.288 seconds
[2022-03-28 07:22:20,900] {processor.py:163} INFO - Started process (PID=1878) to work on /home/airflow/.local/lib/python3.7/site-packages/airflow/example_dags/example_xcom.py
[2022-03-28 07:22:20,901] {processor.py:642} INFO - Processing file /home/airflow/.local/lib/python3.7/site-packages/airflow/example_dags/example_xcom.py for tasks to queue
[2022-03-28 07:22:20,903] {logging_mixin.py:109} INFO - [2022-03-28 07:22:20,903] {dagbag.py:500} INFO - Filling up the DagBag from /home/airflow/.local/lib/python3.7/site-packages/airflow/example_dags/example_xcom.py
[2022-03-28 07:22:20,946] {processor.py:654} INFO - DAG(s) dict_keys(['example_xcom']) retrieved from /home/airflow/.local/lib/python3.7/site-packages/airflow/example_dags/example_xcom.py
[2022-03-28 07:22:21,172] {logging_mixin.py:109} INFO - [2022-03-28 07:22:21,172] {dag.py:2398} INFO - Sync 1 DAGs
[2022-03-28 07:22:21,189] {logging_mixin.py:109} INFO - [2022-03-28 07:22:21,189] {dag.py:2937} INFO - Setting next_dagrun for example_xcom to 2021-01-01T00:00:00+00:00
[2022-03-28 07:22:21,203] {processor.py:171} INFO - Processing /home/airflow/.local/lib/python3.7/site-packages/airflow/example_dags/example_xcom.py took 0.307 seconds
[2022-03-28 07:22:51,413] {processor.py:163} INFO - Started process (PID=1929) to work on /home/airflow/.local/lib/python3.7/site-packages/airflow/example_dags/example_xcom.py
[2022-03-28 07:22:51,415] {processor.py:642} INFO - Processing file /home/airflow/.local/lib/python3.7/site-packages/airflow/example_dags/example_xcom.py for tasks to queue
[2022-03-28 07:22:51,416] {logging_mixin.py:109} INFO - [2022-03-28 07:22:51,416] {dagbag.py:500} INFO - Filling up the DagBag from /home/airflow/.local/lib/python3.7/site-packages/airflow/example_dags/example_xcom.py
[2022-03-28 07:22:51,466] {processor.py:654} INFO - DAG(s) dict_keys(['example_xcom']) retrieved from /home/airflow/.local/lib/python3.7/site-packages/airflow/example_dags/example_xcom.py
[2022-03-28 07:22:51,759] {logging_mixin.py:109} INFO - [2022-03-28 07:22:51,758] {dag.py:2398} INFO - Sync 1 DAGs
[2022-03-28 07:22:51,776] {logging_mixin.py:109} INFO - [2022-03-28 07:22:51,776] {dag.py:2937} INFO - Setting next_dagrun for example_xcom to 2021-01-01T00:00:00+00:00
[2022-03-28 07:22:51,790] {processor.py:171} INFO - Processing /home/airflow/.local/lib/python3.7/site-packages/airflow/example_dags/example_xcom.py took 0.382 seconds
[2022-03-28 07:23:22,104] {processor.py:163} INFO - Started process (PID=1979) to work on /home/airflow/.local/lib/python3.7/site-packages/airflow/example_dags/example_xcom.py
[2022-03-28 07:23:22,106] {processor.py:642} INFO - Processing file /home/airflow/.local/lib/python3.7/site-packages/airflow/example_dags/example_xcom.py for tasks to queue
[2022-03-28 07:23:22,107] {logging_mixin.py:109} INFO - [2022-03-28 07:23:22,107] {dagbag.py:500} INFO - Filling up the DagBag from /home/airflow/.local/lib/python3.7/site-packages/airflow/example_dags/example_xcom.py
[2022-03-28 07:23:22,155] {processor.py:654} INFO - DAG(s) dict_keys(['example_xcom']) retrieved from /home/airflow/.local/lib/python3.7/site-packages/airflow/example_dags/example_xcom.py
[2022-03-28 07:23:22,477] {logging_mixin.py:109} INFO - [2022-03-28 07:23:22,477] {dag.py:2398} INFO - Sync 1 DAGs
[2022-03-28 07:23:22,499] {logging_mixin.py:109} INFO - [2022-03-28 07:23:22,499] {dag.py:2937} INFO - Setting next_dagrun for example_xcom to 2021-01-01T00:00:00+00:00
[2022-03-28 07:23:22,518] {processor.py:171} INFO - Processing /home/airflow/.local/lib/python3.7/site-packages/airflow/example_dags/example_xcom.py took 0.418 seconds
[2022-03-28 07:23:52,651] {processor.py:163} INFO - Started process (PID=2041) to work on /home/airflow/.local/lib/python3.7/site-packages/airflow/example_dags/example_xcom.py
[2022-03-28 07:23:52,653] {processor.py:642} INFO - Processing file /home/airflow/.local/lib/python3.7/site-packages/airflow/example_dags/example_xcom.py for tasks to queue
[2022-03-28 07:23:52,655] {logging_mixin.py:109} INFO - [2022-03-28 07:23:52,655] {dagbag.py:500} INFO - Filling up the DagBag from /home/airflow/.local/lib/python3.7/site-packages/airflow/example_dags/example_xcom.py
[2022-03-28 07:23:52,726] {processor.py:654} INFO - DAG(s) dict_keys(['example_xcom']) retrieved from /home/airflow/.local/lib/python3.7/site-packages/airflow/example_dags/example_xcom.py
[2022-03-28 07:23:53,100] {logging_mixin.py:109} INFO - [2022-03-28 07:23:53,100] {dag.py:2398} INFO - Sync 1 DAGs
[2022-03-28 07:23:53,120] {logging_mixin.py:109} INFO - [2022-03-28 07:23:53,120] {dag.py:2937} INFO - Setting next_dagrun for example_xcom to 2021-01-01T00:00:00+00:00
[2022-03-28 07:23:53,137] {processor.py:171} INFO - Processing /home/airflow/.local/lib/python3.7/site-packages/airflow/example_dags/example_xcom.py took 0.492 seconds
[2022-03-28 07:24:23,261] {processor.py:163} INFO - Started process (PID=2093) to work on /home/airflow/.local/lib/python3.7/site-packages/airflow/example_dags/example_xcom.py
[2022-03-28 07:24:23,263] {processor.py:642} INFO - Processing file /home/airflow/.local/lib/python3.7/site-packages/airflow/example_dags/example_xcom.py for tasks to queue
[2022-03-28 07:24:23,264] {logging_mixin.py:109} INFO - [2022-03-28 07:24:23,264] {dagbag.py:500} INFO - Filling up the DagBag from /home/airflow/.local/lib/python3.7/site-packages/airflow/example_dags/example_xcom.py
[2022-03-28 07:24:23,309] {processor.py:654} INFO - DAG(s) dict_keys(['example_xcom']) retrieved from /home/airflow/.local/lib/python3.7/site-packages/airflow/example_dags/example_xcom.py
[2022-03-28 07:24:23,565] {logging_mixin.py:109} INFO - [2022-03-28 07:24:23,565] {dag.py:2398} INFO - Sync 1 DAGs
[2022-03-28 07:24:23,579] {logging_mixin.py:109} INFO - [2022-03-28 07:24:23,579] {dag.py:2937} INFO - Setting next_dagrun for example_xcom to 2021-01-01T00:00:00+00:00
[2022-03-28 07:24:23,593] {processor.py:171} INFO - Processing /home/airflow/.local/lib/python3.7/site-packages/airflow/example_dags/example_xcom.py took 0.335 seconds
[2022-03-28 07:24:54,380] {processor.py:163} INFO - Started process (PID=2143) to work on /home/airflow/.local/lib/python3.7/site-packages/airflow/example_dags/example_xcom.py
[2022-03-28 07:24:54,381] {processor.py:642} INFO - Processing file /home/airflow/.local/lib/python3.7/site-packages/airflow/example_dags/example_xcom.py for tasks to queue
[2022-03-28 07:24:54,383] {logging_mixin.py:109} INFO - [2022-03-28 07:24:54,383] {dagbag.py:500} INFO - Filling up the DagBag from /home/airflow/.local/lib/python3.7/site-packages/airflow/example_dags/example_xcom.py
[2022-03-28 07:24:54,418] {processor.py:654} INFO - DAG(s) dict_keys(['example_xcom']) retrieved from /home/airflow/.local/lib/python3.7/site-packages/airflow/example_dags/example_xcom.py
[2022-03-28 07:24:54,638] {logging_mixin.py:109} INFO - [2022-03-28 07:24:54,638] {dag.py:2398} INFO - Sync 1 DAGs
[2022-03-28 07:24:54,655] {logging_mixin.py:109} INFO - [2022-03-28 07:24:54,655] {dag.py:2937} INFO - Setting next_dagrun for example_xcom to 2021-01-01T00:00:00+00:00
[2022-03-28 07:24:54,667] {processor.py:171} INFO - Processing /home/airflow/.local/lib/python3.7/site-packages/airflow/example_dags/example_xcom.py took 0.291 seconds
[2022-03-28 07:25:25,605] {processor.py:163} INFO - Started process (PID=2196) to work on /home/airflow/.local/lib/python3.7/site-packages/airflow/example_dags/example_xcom.py
[2022-03-28 07:25:25,606] {processor.py:642} INFO - Processing file /home/airflow/.local/lib/python3.7/site-packages/airflow/example_dags/example_xcom.py for tasks to queue
[2022-03-28 07:25:25,607] {logging_mixin.py:109} INFO - [2022-03-28 07:25:25,606] {dagbag.py:500} INFO - Filling up the DagBag from /home/airflow/.local/lib/python3.7/site-packages/airflow/example_dags/example_xcom.py
[2022-03-28 07:25:25,634] {processor.py:654} INFO - DAG(s) dict_keys(['example_xcom']) retrieved from /home/airflow/.local/lib/python3.7/site-packages/airflow/example_dags/example_xcom.py
[2022-03-28 07:25:25,801] {logging_mixin.py:109} INFO - [2022-03-28 07:25:25,801] {dag.py:2398} INFO - Sync 1 DAGs
[2022-03-28 07:25:25,813] {logging_mixin.py:109} INFO - [2022-03-28 07:25:25,813] {dag.py:2937} INFO - Setting next_dagrun for example_xcom to 2021-01-01T00:00:00+00:00
[2022-03-28 07:25:25,825] {processor.py:171} INFO - Processing /home/airflow/.local/lib/python3.7/site-packages/airflow/example_dags/example_xcom.py took 0.223 seconds
[2022-03-28 07:25:56,663] {processor.py:163} INFO - Started process (PID=2256) to work on /home/airflow/.local/lib/python3.7/site-packages/airflow/example_dags/example_xcom.py
[2022-03-28 07:25:56,664] {processor.py:642} INFO - Processing file /home/airflow/.local/lib/python3.7/site-packages/airflow/example_dags/example_xcom.py for tasks to queue
[2022-03-28 07:25:56,665] {logging_mixin.py:109} INFO - [2022-03-28 07:25:56,665] {dagbag.py:500} INFO - Filling up the DagBag from /home/airflow/.local/lib/python3.7/site-packages/airflow/example_dags/example_xcom.py
[2022-03-28 07:25:56,697] {processor.py:654} INFO - DAG(s) dict_keys(['example_xcom']) retrieved from /home/airflow/.local/lib/python3.7/site-packages/airflow/example_dags/example_xcom.py
[2022-03-28 07:25:56,888] {logging_mixin.py:109} INFO - [2022-03-28 07:25:56,888] {dag.py:2398} INFO - Sync 1 DAGs
[2022-03-28 07:25:56,900] {logging_mixin.py:109} INFO - [2022-03-28 07:25:56,900] {dag.py:2937} INFO - Setting next_dagrun for example_xcom to 2021-01-01T00:00:00+00:00
[2022-03-28 07:25:56,911] {processor.py:171} INFO - Processing /home/airflow/.local/lib/python3.7/site-packages/airflow/example_dags/example_xcom.py took 0.251 seconds
[2022-03-28 07:26:27,360] {processor.py:163} INFO - Started process (PID=2308) to work on /home/airflow/.local/lib/python3.7/site-packages/airflow/example_dags/example_xcom.py
[2022-03-28 07:26:27,361] {processor.py:642} INFO - Processing file /home/airflow/.local/lib/python3.7/site-packages/airflow/example_dags/example_xcom.py for tasks to queue
[2022-03-28 07:26:27,362] {logging_mixin.py:109} INFO - [2022-03-28 07:26:27,362] {dagbag.py:500} INFO - Filling up the DagBag from /home/airflow/.local/lib/python3.7/site-packages/airflow/example_dags/example_xcom.py
[2022-03-28 07:26:27,389] {processor.py:654} INFO - DAG(s) dict_keys(['example_xcom']) retrieved from /home/airflow/.local/lib/python3.7/site-packages/airflow/example_dags/example_xcom.py
[2022-03-28 07:26:27,560] {logging_mixin.py:109} INFO - [2022-03-28 07:26:27,560] {dag.py:2398} INFO - Sync 1 DAGs
[2022-03-28 07:26:27,571] {logging_mixin.py:109} INFO - [2022-03-28 07:26:27,571] {dag.py:2937} INFO - Setting next_dagrun for example_xcom to 2021-01-01T00:00:00+00:00
[2022-03-28 07:26:27,580] {processor.py:171} INFO - Processing /home/airflow/.local/lib/python3.7/site-packages/airflow/example_dags/example_xcom.py took 0.223 seconds
[2022-03-28 07:26:58,101] {processor.py:163} INFO - Started process (PID=2369) to work on /home/airflow/.local/lib/python3.7/site-packages/airflow/example_dags/example_xcom.py
[2022-03-28 07:26:58,102] {processor.py:642} INFO - Processing file /home/airflow/.local/lib/python3.7/site-packages/airflow/example_dags/example_xcom.py for tasks to queue
[2022-03-28 07:26:58,103] {logging_mixin.py:109} INFO - [2022-03-28 07:26:58,103] {dagbag.py:500} INFO - Filling up the DagBag from /home/airflow/.local/lib/python3.7/site-packages/airflow/example_dags/example_xcom.py
[2022-03-28 07:26:58,144] {processor.py:654} INFO - DAG(s) dict_keys(['example_xcom']) retrieved from /home/airflow/.local/lib/python3.7/site-packages/airflow/example_dags/example_xcom.py
[2022-03-28 07:26:58,385] {logging_mixin.py:109} INFO - [2022-03-28 07:26:58,385] {dag.py:2398} INFO - Sync 1 DAGs
[2022-03-28 07:26:58,398] {logging_mixin.py:109} INFO - [2022-03-28 07:26:58,398] {dag.py:2937} INFO - Setting next_dagrun for example_xcom to 2021-01-01T00:00:00+00:00
[2022-03-28 07:26:58,409] {processor.py:171} INFO - Processing /home/airflow/.local/lib/python3.7/site-packages/airflow/example_dags/example_xcom.py took 0.311 seconds
[2022-03-28 07:27:28,800] {processor.py:163} INFO - Started process (PID=2420) to work on /home/airflow/.local/lib/python3.7/site-packages/airflow/example_dags/example_xcom.py
[2022-03-28 07:27:28,801] {processor.py:642} INFO - Processing file /home/airflow/.local/lib/python3.7/site-packages/airflow/example_dags/example_xcom.py for tasks to queue
[2022-03-28 07:27:28,802] {logging_mixin.py:109} INFO - [2022-03-28 07:27:28,802] {dagbag.py:500} INFO - Filling up the DagBag from /home/airflow/.local/lib/python3.7/site-packages/airflow/example_dags/example_xcom.py
[2022-03-28 07:27:28,833] {processor.py:654} INFO - DAG(s) dict_keys(['example_xcom']) retrieved from /home/airflow/.local/lib/python3.7/site-packages/airflow/example_dags/example_xcom.py
[2022-03-28 07:27:29,011] {logging_mixin.py:109} INFO - [2022-03-28 07:27:29,011] {dag.py:2398} INFO - Sync 1 DAGs
[2022-03-28 07:27:29,022] {logging_mixin.py:109} INFO - [2022-03-28 07:27:29,022] {dag.py:2937} INFO - Setting next_dagrun for example_xcom to 2021-01-01T00:00:00+00:00
[2022-03-28 07:27:29,031] {processor.py:171} INFO - Processing /home/airflow/.local/lib/python3.7/site-packages/airflow/example_dags/example_xcom.py took 0.233 seconds
[2022-03-28 07:27:59,418] {processor.py:163} INFO - Started process (PID=2471) to work on /home/airflow/.local/lib/python3.7/site-packages/airflow/example_dags/example_xcom.py
[2022-03-28 07:27:59,419] {processor.py:642} INFO - Processing file /home/airflow/.local/lib/python3.7/site-packages/airflow/example_dags/example_xcom.py for tasks to queue
[2022-03-28 07:27:59,420] {logging_mixin.py:109} INFO - [2022-03-28 07:27:59,420] {dagbag.py:500} INFO - Filling up the DagBag from /home/airflow/.local/lib/python3.7/site-packages/airflow/example_dags/example_xcom.py
[2022-03-28 07:27:59,449] {processor.py:654} INFO - DAG(s) dict_keys(['example_xcom']) retrieved from /home/airflow/.local/lib/python3.7/site-packages/airflow/example_dags/example_xcom.py
[2022-03-28 07:27:59,649] {logging_mixin.py:109} INFO - [2022-03-28 07:27:59,648] {dag.py:2398} INFO - Sync 1 DAGs
[2022-03-28 07:27:59,669] {logging_mixin.py:109} INFO - [2022-03-28 07:27:59,669] {dag.py:2937} INFO - Setting next_dagrun for example_xcom to 2021-01-01T00:00:00+00:00
[2022-03-28 07:27:59,684] {processor.py:171} INFO - Processing /home/airflow/.local/lib/python3.7/site-packages/airflow/example_dags/example_xcom.py took 0.270 seconds
[2022-03-28 07:28:30,075] {processor.py:163} INFO - Started process (PID=2531) to work on /home/airflow/.local/lib/python3.7/site-packages/airflow/example_dags/example_xcom.py
[2022-03-28 07:28:30,076] {processor.py:642} INFO - Processing file /home/airflow/.local/lib/python3.7/site-packages/airflow/example_dags/example_xcom.py for tasks to queue
[2022-03-28 07:28:30,077] {logging_mixin.py:109} INFO - [2022-03-28 07:28:30,077] {dagbag.py:500} INFO - Filling up the DagBag from /home/airflow/.local/lib/python3.7/site-packages/airflow/example_dags/example_xcom.py
[2022-03-28 07:28:30,105] {processor.py:654} INFO - DAG(s) dict_keys(['example_xcom']) retrieved from /home/airflow/.local/lib/python3.7/site-packages/airflow/example_dags/example_xcom.py
[2022-03-28 07:28:30,280] {logging_mixin.py:109} INFO - [2022-03-28 07:28:30,280] {dag.py:2398} INFO - Sync 1 DAGs
[2022-03-28 07:28:30,294] {logging_mixin.py:109} INFO - [2022-03-28 07:28:30,294] {dag.py:2937} INFO - Setting next_dagrun for example_xcom to 2021-01-01T00:00:00+00:00
[2022-03-28 07:28:30,305] {processor.py:171} INFO - Processing /home/airflow/.local/lib/python3.7/site-packages/airflow/example_dags/example_xcom.py took 0.232 seconds
[2022-03-28 07:29:00,903] {processor.py:163} INFO - Started process (PID=2583) to work on /home/airflow/.local/lib/python3.7/site-packages/airflow/example_dags/example_xcom.py
[2022-03-28 07:29:00,904] {processor.py:642} INFO - Processing file /home/airflow/.local/lib/python3.7/site-packages/airflow/example_dags/example_xcom.py for tasks to queue
[2022-03-28 07:29:00,905] {logging_mixin.py:109} INFO - [2022-03-28 07:29:00,905] {dagbag.py:500} INFO - Filling up the DagBag from /home/airflow/.local/lib/python3.7/site-packages/airflow/example_dags/example_xcom.py
[2022-03-28 07:29:00,934] {processor.py:654} INFO - DAG(s) dict_keys(['example_xcom']) retrieved from /home/airflow/.local/lib/python3.7/site-packages/airflow/example_dags/example_xcom.py
[2022-03-28 07:29:01,113] {logging_mixin.py:109} INFO - [2022-03-28 07:29:01,113] {dag.py:2398} INFO - Sync 1 DAGs
[2022-03-28 07:29:01,125] {logging_mixin.py:109} INFO - [2022-03-28 07:29:01,125] {dag.py:2937} INFO - Setting next_dagrun for example_xcom to 2021-01-01T00:00:00+00:00
[2022-03-28 07:29:01,133] {processor.py:171} INFO - Processing /home/airflow/.local/lib/python3.7/site-packages/airflow/example_dags/example_xcom.py took 0.232 seconds
[2022-03-28 07:29:31,524] {processor.py:163} INFO - Started process (PID=2644) to work on /home/airflow/.local/lib/python3.7/site-packages/airflow/example_dags/example_xcom.py
[2022-03-28 07:29:31,526] {processor.py:642} INFO - Processing file /home/airflow/.local/lib/python3.7/site-packages/airflow/example_dags/example_xcom.py for tasks to queue
[2022-03-28 07:29:31,526] {logging_mixin.py:109} INFO - [2022-03-28 07:29:31,526] {dagbag.py:500} INFO - Filling up the DagBag from /home/airflow/.local/lib/python3.7/site-packages/airflow/example_dags/example_xcom.py
[2022-03-28 07:29:31,558] {processor.py:654} INFO - DAG(s) dict_keys(['example_xcom']) retrieved from /home/airflow/.local/lib/python3.7/site-packages/airflow/example_dags/example_xcom.py
[2022-03-28 07:29:31,764] {logging_mixin.py:109} INFO - [2022-03-28 07:29:31,764] {dag.py:2398} INFO - Sync 1 DAGs
[2022-03-28 07:29:31,778] {logging_mixin.py:109} INFO - [2022-03-28 07:29:31,778] {dag.py:2937} INFO - Setting next_dagrun for example_xcom to 2021-01-01T00:00:00+00:00
[2022-03-28 07:29:31,788] {processor.py:171} INFO - Processing /home/airflow/.local/lib/python3.7/site-packages/airflow/example_dags/example_xcom.py took 0.266 seconds
[2022-03-28 07:30:02,224] {processor.py:163} INFO - Started process (PID=2696) to work on /home/airflow/.local/lib/python3.7/site-packages/airflow/example_dags/example_xcom.py
[2022-03-28 07:30:02,225] {processor.py:642} INFO - Processing file /home/airflow/.local/lib/python3.7/site-packages/airflow/example_dags/example_xcom.py for tasks to queue
[2022-03-28 07:30:02,226] {logging_mixin.py:109} INFO - [2022-03-28 07:30:02,226] {dagbag.py:500} INFO - Filling up the DagBag from /home/airflow/.local/lib/python3.7/site-packages/airflow/example_dags/example_xcom.py
[2022-03-28 07:30:02,257] {processor.py:654} INFO - DAG(s) dict_keys(['example_xcom']) retrieved from /home/airflow/.local/lib/python3.7/site-packages/airflow/example_dags/example_xcom.py
[2022-03-28 07:30:02,452] {logging_mixin.py:109} INFO - [2022-03-28 07:30:02,452] {dag.py:2398} INFO - Sync 1 DAGs
[2022-03-28 07:30:02,467] {logging_mixin.py:109} INFO - [2022-03-28 07:30:02,467] {dag.py:2937} INFO - Setting next_dagrun for example_xcom to 2021-01-01T00:00:00+00:00
[2022-03-28 07:30:02,480] {processor.py:171} INFO - Processing /home/airflow/.local/lib/python3.7/site-packages/airflow/example_dags/example_xcom.py took 0.258 seconds
[2022-03-28 07:30:32,985] {processor.py:163} INFO - Started process (PID=2747) to work on /home/airflow/.local/lib/python3.7/site-packages/airflow/example_dags/example_xcom.py
[2022-03-28 07:30:32,986] {processor.py:642} INFO - Processing file /home/airflow/.local/lib/python3.7/site-packages/airflow/example_dags/example_xcom.py for tasks to queue
[2022-03-28 07:30:32,987] {logging_mixin.py:109} INFO - [2022-03-28 07:30:32,987] {dagbag.py:500} INFO - Filling up the DagBag from /home/airflow/.local/lib/python3.7/site-packages/airflow/example_dags/example_xcom.py
[2022-03-28 07:30:33,031] {processor.py:654} INFO - DAG(s) dict_keys(['example_xcom']) retrieved from /home/airflow/.local/lib/python3.7/site-packages/airflow/example_dags/example_xcom.py
[2022-03-28 07:30:33,257] {logging_mixin.py:109} INFO - [2022-03-28 07:30:33,257] {dag.py:2398} INFO - Sync 1 DAGs
[2022-03-28 07:30:33,273] {logging_mixin.py:109} INFO - [2022-03-28 07:30:33,273] {dag.py:2937} INFO - Setting next_dagrun for example_xcom to 2021-01-01T00:00:00+00:00
[2022-03-28 07:30:33,283] {processor.py:171} INFO - Processing /home/airflow/.local/lib/python3.7/site-packages/airflow/example_dags/example_xcom.py took 0.302 seconds
[2022-03-28 07:31:03,385] {processor.py:163} INFO - Started process (PID=2809) to work on /home/airflow/.local/lib/python3.7/site-packages/airflow/example_dags/example_xcom.py
[2022-03-28 07:31:03,386] {processor.py:642} INFO - Processing file /home/airflow/.local/lib/python3.7/site-packages/airflow/example_dags/example_xcom.py for tasks to queue
[2022-03-28 07:31:03,387] {logging_mixin.py:109} INFO - [2022-03-28 07:31:03,387] {dagbag.py:500} INFO - Filling up the DagBag from /home/airflow/.local/lib/python3.7/site-packages/airflow/example_dags/example_xcom.py
[2022-03-28 07:31:03,420] {processor.py:654} INFO - DAG(s) dict_keys(['example_xcom']) retrieved from /home/airflow/.local/lib/python3.7/site-packages/airflow/example_dags/example_xcom.py
[2022-03-28 07:31:03,627] {logging_mixin.py:109} INFO - [2022-03-28 07:31:03,627] {dag.py:2398} INFO - Sync 1 DAGs
[2022-03-28 07:31:03,643] {logging_mixin.py:109} INFO - [2022-03-28 07:31:03,643] {dag.py:2937} INFO - Setting next_dagrun for example_xcom to 2021-01-01T00:00:00+00:00
[2022-03-28 07:31:03,656] {processor.py:171} INFO - Processing /home/airflow/.local/lib/python3.7/site-packages/airflow/example_dags/example_xcom.py took 0.274 seconds
[2022-03-28 07:31:34,674] {processor.py:163} INFO - Started process (PID=2861) to work on /home/airflow/.local/lib/python3.7/site-packages/airflow/example_dags/example_xcom.py
[2022-03-28 07:31:34,676] {processor.py:642} INFO - Processing file /home/airflow/.local/lib/python3.7/site-packages/airflow/example_dags/example_xcom.py for tasks to queue
[2022-03-28 07:31:34,678] {logging_mixin.py:109} INFO - [2022-03-28 07:31:34,678] {dagbag.py:500} INFO - Filling up the DagBag from /home/airflow/.local/lib/python3.7/site-packages/airflow/example_dags/example_xcom.py
[2022-03-28 07:31:34,710] {processor.py:654} INFO - DAG(s) dict_keys(['example_xcom']) retrieved from /home/airflow/.local/lib/python3.7/site-packages/airflow/example_dags/example_xcom.py
[2022-03-28 07:31:34,903] {logging_mixin.py:109} INFO - [2022-03-28 07:31:34,903] {dag.py:2398} INFO - Sync 1 DAGs
[2022-03-28 07:31:34,918] {logging_mixin.py:109} INFO - [2022-03-28 07:31:34,917] {dag.py:2937} INFO - Setting next_dagrun for example_xcom to 2021-01-01T00:00:00+00:00
[2022-03-28 07:31:34,929] {processor.py:171} INFO - Processing /home/airflow/.local/lib/python3.7/site-packages/airflow/example_dags/example_xcom.py took 0.258 seconds
[2022-03-28 07:32:05,786] {processor.py:163} INFO - Started process (PID=2913) to work on /home/airflow/.local/lib/python3.7/site-packages/airflow/example_dags/example_xcom.py
[2022-03-28 07:32:05,787] {processor.py:642} INFO - Processing file /home/airflow/.local/lib/python3.7/site-packages/airflow/example_dags/example_xcom.py for tasks to queue
[2022-03-28 07:32:05,788] {logging_mixin.py:109} INFO - [2022-03-28 07:32:05,788] {dagbag.py:500} INFO - Filling up the DagBag from /home/airflow/.local/lib/python3.7/site-packages/airflow/example_dags/example_xcom.py
[2022-03-28 07:32:05,822] {processor.py:654} INFO - DAG(s) dict_keys(['example_xcom']) retrieved from /home/airflow/.local/lib/python3.7/site-packages/airflow/example_dags/example_xcom.py
[2022-03-28 07:32:06,038] {logging_mixin.py:109} INFO - [2022-03-28 07:32:06,038] {dag.py:2398} INFO - Sync 1 DAGs
[2022-03-28 07:32:06,052] {logging_mixin.py:109} INFO - [2022-03-28 07:32:06,052] {dag.py:2937} INFO - Setting next_dagrun for example_xcom to 2021-01-01T00:00:00+00:00
[2022-03-28 07:32:06,065] {processor.py:171} INFO - Processing /home/airflow/.local/lib/python3.7/site-packages/airflow/example_dags/example_xcom.py took 0.282 seconds
