[2022-03-28 07:08:45,842] {processor.py:163} INFO - Started process (PID=243) to work on /home/airflow/.local/lib/python3.7/site-packages/airflow/example_dags/example_sla_dag.py
[2022-03-28 07:08:45,844] {processor.py:642} INFO - Processing file /home/airflow/.local/lib/python3.7/site-packages/airflow/example_dags/example_sla_dag.py for tasks to queue
[2022-03-28 07:08:45,845] {logging_mixin.py:109} INFO - [2022-03-28 07:08:45,845] {dagbag.py:500} INFO - Filling up the DagBag from /home/airflow/.local/lib/python3.7/site-packages/airflow/example_dags/example_sla_dag.py
[2022-03-28 07:08:45,886] {processor.py:654} INFO - DAG(s) dict_keys(['example_sla_dag']) retrieved from /home/airflow/.local/lib/python3.7/site-packages/airflow/example_dags/example_sla_dag.py
[2022-03-28 07:08:48,272] {logging_mixin.py:109} INFO - [2022-03-28 07:08:48,271] {manager.py:496} INFO - Created Permission View: can read on DAG:example_sla_dag
[2022-03-28 07:08:48,284] {logging_mixin.py:109} INFO - [2022-03-28 07:08:48,284] {manager.py:496} INFO - Created Permission View: can edit on DAG:example_sla_dag
[2022-03-28 07:08:48,285] {logging_mixin.py:109} INFO - [2022-03-28 07:08:48,285] {dag.py:2398} INFO - Sync 1 DAGs
[2022-03-28 07:08:48,295] {logging_mixin.py:109} INFO - [2022-03-28 07:08:48,295] {dag.py:2417} INFO - Creating ORM DAG for example_sla_dag
[2022-03-28 07:08:48,310] {logging_mixin.py:109} INFO - [2022-03-28 07:08:48,309] {dag.py:2937} INFO - Setting next_dagrun for example_sla_dag to 2022-03-28T07:06:00+00:00
[2022-03-28 07:08:48,320] {processor.py:171} INFO - Processing /home/airflow/.local/lib/python3.7/site-packages/airflow/example_dags/example_sla_dag.py took 2.482 seconds
[2022-03-28 07:09:18,629] {processor.py:163} INFO - Started process (PID=486) to work on /home/airflow/.local/lib/python3.7/site-packages/airflow/example_dags/example_sla_dag.py
[2022-03-28 07:09:18,630] {processor.py:642} INFO - Processing file /home/airflow/.local/lib/python3.7/site-packages/airflow/example_dags/example_sla_dag.py for tasks to queue
[2022-03-28 07:09:18,631] {logging_mixin.py:109} INFO - [2022-03-28 07:09:18,631] {dagbag.py:500} INFO - Filling up the DagBag from /home/airflow/.local/lib/python3.7/site-packages/airflow/example_dags/example_sla_dag.py
[2022-03-28 07:09:18,664] {processor.py:654} INFO - DAG(s) dict_keys(['example_sla_dag']) retrieved from /home/airflow/.local/lib/python3.7/site-packages/airflow/example_dags/example_sla_dag.py
[2022-03-28 07:09:18,673] {logging_mixin.py:109} INFO - [2022-03-28 07:09:18,673] {dag.py:2398} INFO - Sync 1 DAGs
[2022-03-28 07:09:18,691] {logging_mixin.py:109} INFO - [2022-03-28 07:09:18,691] {dag.py:2937} INFO - Setting next_dagrun for example_sla_dag to 2022-03-28T07:06:00+00:00
[2022-03-28 07:09:18,699] {processor.py:171} INFO - Processing /home/airflow/.local/lib/python3.7/site-packages/airflow/example_dags/example_sla_dag.py took 0.073 seconds
[2022-03-28 07:09:49,301] {processor.py:163} INFO - Started process (PID=547) to work on /home/airflow/.local/lib/python3.7/site-packages/airflow/example_dags/example_sla_dag.py
[2022-03-28 07:09:49,302] {processor.py:642} INFO - Processing file /home/airflow/.local/lib/python3.7/site-packages/airflow/example_dags/example_sla_dag.py for tasks to queue
[2022-03-28 07:09:49,304] {logging_mixin.py:109} INFO - [2022-03-28 07:09:49,303] {dagbag.py:500} INFO - Filling up the DagBag from /home/airflow/.local/lib/python3.7/site-packages/airflow/example_dags/example_sla_dag.py
[2022-03-28 07:09:49,338] {processor.py:654} INFO - DAG(s) dict_keys(['example_sla_dag']) retrieved from /home/airflow/.local/lib/python3.7/site-packages/airflow/example_dags/example_sla_dag.py
[2022-03-28 07:09:49,348] {logging_mixin.py:109} INFO - [2022-03-28 07:09:49,347] {dag.py:2398} INFO - Sync 1 DAGs
[2022-03-28 07:09:49,369] {logging_mixin.py:109} INFO - [2022-03-28 07:09:49,369] {dag.py:2937} INFO - Setting next_dagrun for example_sla_dag to 2022-03-28T07:06:00+00:00
[2022-03-28 07:09:49,379] {processor.py:171} INFO - Processing /home/airflow/.local/lib/python3.7/site-packages/airflow/example_dags/example_sla_dag.py took 0.081 seconds
[2022-03-28 07:10:19,910] {processor.py:163} INFO - Started process (PID=599) to work on /home/airflow/.local/lib/python3.7/site-packages/airflow/example_dags/example_sla_dag.py
[2022-03-28 07:10:19,912] {processor.py:642} INFO - Processing file /home/airflow/.local/lib/python3.7/site-packages/airflow/example_dags/example_sla_dag.py for tasks to queue
[2022-03-28 07:10:19,912] {logging_mixin.py:109} INFO - [2022-03-28 07:10:19,912] {dagbag.py:500} INFO - Filling up the DagBag from /home/airflow/.local/lib/python3.7/site-packages/airflow/example_dags/example_sla_dag.py
[2022-03-28 07:10:19,952] {processor.py:654} INFO - DAG(s) dict_keys(['example_sla_dag']) retrieved from /home/airflow/.local/lib/python3.7/site-packages/airflow/example_dags/example_sla_dag.py
[2022-03-28 07:10:19,962] {logging_mixin.py:109} INFO - [2022-03-28 07:10:19,961] {dag.py:2398} INFO - Sync 1 DAGs
[2022-03-28 07:10:19,982] {logging_mixin.py:109} INFO - [2022-03-28 07:10:19,982] {dag.py:2937} INFO - Setting next_dagrun for example_sla_dag to 2022-03-28T07:08:00+00:00
[2022-03-28 07:10:19,991] {processor.py:171} INFO - Processing /home/airflow/.local/lib/python3.7/site-packages/airflow/example_dags/example_sla_dag.py took 0.083 seconds
[2022-03-28 07:10:50,625] {processor.py:163} INFO - Started process (PID=649) to work on /home/airflow/.local/lib/python3.7/site-packages/airflow/example_dags/example_sla_dag.py
[2022-03-28 07:10:50,626] {processor.py:642} INFO - Processing file /home/airflow/.local/lib/python3.7/site-packages/airflow/example_dags/example_sla_dag.py for tasks to queue
[2022-03-28 07:10:50,627] {logging_mixin.py:109} INFO - [2022-03-28 07:10:50,627] {dagbag.py:500} INFO - Filling up the DagBag from /home/airflow/.local/lib/python3.7/site-packages/airflow/example_dags/example_sla_dag.py
[2022-03-28 07:10:50,659] {processor.py:654} INFO - DAG(s) dict_keys(['example_sla_dag']) retrieved from /home/airflow/.local/lib/python3.7/site-packages/airflow/example_dags/example_sla_dag.py
[2022-03-28 07:10:50,669] {logging_mixin.py:109} INFO - [2022-03-28 07:10:50,669] {dag.py:2398} INFO - Sync 1 DAGs
[2022-03-28 07:10:50,686] {logging_mixin.py:109} INFO - [2022-03-28 07:10:50,686] {dag.py:2937} INFO - Setting next_dagrun for example_sla_dag to 2022-03-28T07:08:00+00:00
[2022-03-28 07:10:50,696] {processor.py:171} INFO - Processing /home/airflow/.local/lib/python3.7/site-packages/airflow/example_dags/example_sla_dag.py took 0.074 seconds
[2022-03-28 07:11:21,011] {processor.py:163} INFO - Started process (PID=710) to work on /home/airflow/.local/lib/python3.7/site-packages/airflow/example_dags/example_sla_dag.py
[2022-03-28 07:11:21,012] {processor.py:642} INFO - Processing file /home/airflow/.local/lib/python3.7/site-packages/airflow/example_dags/example_sla_dag.py for tasks to queue
[2022-03-28 07:11:21,013] {logging_mixin.py:109} INFO - [2022-03-28 07:11:21,013] {dagbag.py:500} INFO - Filling up the DagBag from /home/airflow/.local/lib/python3.7/site-packages/airflow/example_dags/example_sla_dag.py
[2022-03-28 07:11:21,048] {processor.py:654} INFO - DAG(s) dict_keys(['example_sla_dag']) retrieved from /home/airflow/.local/lib/python3.7/site-packages/airflow/example_dags/example_sla_dag.py
[2022-03-28 07:11:21,057] {logging_mixin.py:109} INFO - [2022-03-28 07:11:21,057] {dag.py:2398} INFO - Sync 1 DAGs
[2022-03-28 07:11:21,078] {logging_mixin.py:109} INFO - [2022-03-28 07:11:21,078] {dag.py:2937} INFO - Setting next_dagrun for example_sla_dag to 2022-03-28T07:08:00+00:00
[2022-03-28 07:11:21,089] {processor.py:171} INFO - Processing /home/airflow/.local/lib/python3.7/site-packages/airflow/example_dags/example_sla_dag.py took 0.081 seconds
[2022-03-28 07:11:51,461] {processor.py:163} INFO - Started process (PID=761) to work on /home/airflow/.local/lib/python3.7/site-packages/airflow/example_dags/example_sla_dag.py
[2022-03-28 07:11:51,463] {processor.py:642} INFO - Processing file /home/airflow/.local/lib/python3.7/site-packages/airflow/example_dags/example_sla_dag.py for tasks to queue
[2022-03-28 07:11:51,464] {logging_mixin.py:109} INFO - [2022-03-28 07:11:51,463] {dagbag.py:500} INFO - Filling up the DagBag from /home/airflow/.local/lib/python3.7/site-packages/airflow/example_dags/example_sla_dag.py
[2022-03-28 07:11:51,508] {processor.py:654} INFO - DAG(s) dict_keys(['example_sla_dag']) retrieved from /home/airflow/.local/lib/python3.7/site-packages/airflow/example_dags/example_sla_dag.py
[2022-03-28 07:11:51,520] {logging_mixin.py:109} INFO - [2022-03-28 07:11:51,520] {dag.py:2398} INFO - Sync 1 DAGs
[2022-03-28 07:11:51,547] {logging_mixin.py:109} INFO - [2022-03-28 07:11:51,547] {dag.py:2937} INFO - Setting next_dagrun for example_sla_dag to 2022-03-28T07:08:00+00:00
[2022-03-28 07:11:51,557] {processor.py:171} INFO - Processing /home/airflow/.local/lib/python3.7/site-packages/airflow/example_dags/example_sla_dag.py took 0.098 seconds
[2022-03-28 07:12:21,991] {processor.py:163} INFO - Started process (PID=812) to work on /home/airflow/.local/lib/python3.7/site-packages/airflow/example_dags/example_sla_dag.py
[2022-03-28 07:12:21,992] {processor.py:642} INFO - Processing file /home/airflow/.local/lib/python3.7/site-packages/airflow/example_dags/example_sla_dag.py for tasks to queue
[2022-03-28 07:12:21,993] {logging_mixin.py:109} INFO - [2022-03-28 07:12:21,993] {dagbag.py:500} INFO - Filling up the DagBag from /home/airflow/.local/lib/python3.7/site-packages/airflow/example_dags/example_sla_dag.py
[2022-03-28 07:12:22,023] {processor.py:654} INFO - DAG(s) dict_keys(['example_sla_dag']) retrieved from /home/airflow/.local/lib/python3.7/site-packages/airflow/example_dags/example_sla_dag.py
[2022-03-28 07:12:22,033] {logging_mixin.py:109} INFO - [2022-03-28 07:12:22,033] {dag.py:2398} INFO - Sync 1 DAGs
[2022-03-28 07:12:22,050] {logging_mixin.py:109} INFO - [2022-03-28 07:12:22,050] {dag.py:2937} INFO - Setting next_dagrun for example_sla_dag to 2022-03-28T07:10:00+00:00
[2022-03-28 07:12:22,059] {processor.py:171} INFO - Processing /home/airflow/.local/lib/python3.7/site-packages/airflow/example_dags/example_sla_dag.py took 0.070 seconds
[2022-03-28 07:12:52,584] {processor.py:163} INFO - Started process (PID=873) to work on /home/airflow/.local/lib/python3.7/site-packages/airflow/example_dags/example_sla_dag.py
[2022-03-28 07:12:52,585] {processor.py:642} INFO - Processing file /home/airflow/.local/lib/python3.7/site-packages/airflow/example_dags/example_sla_dag.py for tasks to queue
[2022-03-28 07:12:52,586] {logging_mixin.py:109} INFO - [2022-03-28 07:12:52,586] {dagbag.py:500} INFO - Filling up the DagBag from /home/airflow/.local/lib/python3.7/site-packages/airflow/example_dags/example_sla_dag.py
[2022-03-28 07:12:52,627] {processor.py:654} INFO - DAG(s) dict_keys(['example_sla_dag']) retrieved from /home/airflow/.local/lib/python3.7/site-packages/airflow/example_dags/example_sla_dag.py
[2022-03-28 07:12:52,638] {logging_mixin.py:109} INFO - [2022-03-28 07:12:52,638] {dag.py:2398} INFO - Sync 1 DAGs
[2022-03-28 07:12:52,664] {logging_mixin.py:109} INFO - [2022-03-28 07:12:52,664] {dag.py:2937} INFO - Setting next_dagrun for example_sla_dag to 2022-03-28T07:10:00+00:00
[2022-03-28 07:12:52,674] {processor.py:171} INFO - Processing /home/airflow/.local/lib/python3.7/site-packages/airflow/example_dags/example_sla_dag.py took 0.095 seconds
[2022-03-28 07:13:23,055] {processor.py:163} INFO - Started process (PID=923) to work on /home/airflow/.local/lib/python3.7/site-packages/airflow/example_dags/example_sla_dag.py
[2022-03-28 07:13:23,056] {processor.py:642} INFO - Processing file /home/airflow/.local/lib/python3.7/site-packages/airflow/example_dags/example_sla_dag.py for tasks to queue
[2022-03-28 07:13:23,057] {logging_mixin.py:109} INFO - [2022-03-28 07:13:23,057] {dagbag.py:500} INFO - Filling up the DagBag from /home/airflow/.local/lib/python3.7/site-packages/airflow/example_dags/example_sla_dag.py
[2022-03-28 07:13:23,086] {processor.py:654} INFO - DAG(s) dict_keys(['example_sla_dag']) retrieved from /home/airflow/.local/lib/python3.7/site-packages/airflow/example_dags/example_sla_dag.py
[2022-03-28 07:13:23,097] {logging_mixin.py:109} INFO - [2022-03-28 07:13:23,097] {dag.py:2398} INFO - Sync 1 DAGs
[2022-03-28 07:13:23,115] {logging_mixin.py:109} INFO - [2022-03-28 07:13:23,115] {dag.py:2937} INFO - Setting next_dagrun for example_sla_dag to 2022-03-28T07:10:00+00:00
[2022-03-28 07:13:23,125] {processor.py:171} INFO - Processing /home/airflow/.local/lib/python3.7/site-packages/airflow/example_dags/example_sla_dag.py took 0.073 seconds
[2022-03-28 07:13:53,591] {processor.py:163} INFO - Started process (PID=974) to work on /home/airflow/.local/lib/python3.7/site-packages/airflow/example_dags/example_sla_dag.py
[2022-03-28 07:13:53,592] {processor.py:642} INFO - Processing file /home/airflow/.local/lib/python3.7/site-packages/airflow/example_dags/example_sla_dag.py for tasks to queue
[2022-03-28 07:13:53,593] {logging_mixin.py:109} INFO - [2022-03-28 07:13:53,593] {dagbag.py:500} INFO - Filling up the DagBag from /home/airflow/.local/lib/python3.7/site-packages/airflow/example_dags/example_sla_dag.py
[2022-03-28 07:13:53,637] {processor.py:654} INFO - DAG(s) dict_keys(['example_sla_dag']) retrieved from /home/airflow/.local/lib/python3.7/site-packages/airflow/example_dags/example_sla_dag.py
[2022-03-28 07:13:53,648] {logging_mixin.py:109} INFO - [2022-03-28 07:13:53,648] {dag.py:2398} INFO - Sync 1 DAGs
[2022-03-28 07:13:53,667] {logging_mixin.py:109} INFO - [2022-03-28 07:13:53,667] {dag.py:2937} INFO - Setting next_dagrun for example_sla_dag to 2022-03-28T07:10:00+00:00
[2022-03-28 07:13:53,678] {processor.py:171} INFO - Processing /home/airflow/.local/lib/python3.7/site-packages/airflow/example_dags/example_sla_dag.py took 0.090 seconds
[2022-03-28 07:14:24,167] {processor.py:163} INFO - Started process (PID=1035) to work on /home/airflow/.local/lib/python3.7/site-packages/airflow/example_dags/example_sla_dag.py
[2022-03-28 07:14:24,168] {processor.py:642} INFO - Processing file /home/airflow/.local/lib/python3.7/site-packages/airflow/example_dags/example_sla_dag.py for tasks to queue
[2022-03-28 07:14:24,169] {logging_mixin.py:109} INFO - [2022-03-28 07:14:24,169] {dagbag.py:500} INFO - Filling up the DagBag from /home/airflow/.local/lib/python3.7/site-packages/airflow/example_dags/example_sla_dag.py
[2022-03-28 07:14:24,211] {processor.py:654} INFO - DAG(s) dict_keys(['example_sla_dag']) retrieved from /home/airflow/.local/lib/python3.7/site-packages/airflow/example_dags/example_sla_dag.py
[2022-03-28 07:14:24,222] {logging_mixin.py:109} INFO - [2022-03-28 07:14:24,222] {dag.py:2398} INFO - Sync 1 DAGs
[2022-03-28 07:14:24,249] {logging_mixin.py:109} INFO - [2022-03-28 07:14:24,249] {dag.py:2937} INFO - Setting next_dagrun for example_sla_dag to 2022-03-28T07:12:00+00:00
[2022-03-28 07:14:24,260] {processor.py:171} INFO - Processing /home/airflow/.local/lib/python3.7/site-packages/airflow/example_dags/example_sla_dag.py took 0.097 seconds
[2022-03-28 07:14:54,799] {processor.py:163} INFO - Started process (PID=1085) to work on /home/airflow/.local/lib/python3.7/site-packages/airflow/example_dags/example_sla_dag.py
[2022-03-28 07:14:54,801] {processor.py:642} INFO - Processing file /home/airflow/.local/lib/python3.7/site-packages/airflow/example_dags/example_sla_dag.py for tasks to queue
[2022-03-28 07:14:54,802] {logging_mixin.py:109} INFO - [2022-03-28 07:14:54,802] {dagbag.py:500} INFO - Filling up the DagBag from /home/airflow/.local/lib/python3.7/site-packages/airflow/example_dags/example_sla_dag.py
[2022-03-28 07:14:54,930] {processor.py:654} INFO - DAG(s) dict_keys(['example_sla_dag']) retrieved from /home/airflow/.local/lib/python3.7/site-packages/airflow/example_dags/example_sla_dag.py
[2022-03-28 07:14:54,940] {logging_mixin.py:109} INFO - [2022-03-28 07:14:54,940] {dag.py:2398} INFO - Sync 1 DAGs
[2022-03-28 07:14:54,979] {logging_mixin.py:109} INFO - [2022-03-28 07:14:54,979] {dag.py:2937} INFO - Setting next_dagrun for example_sla_dag to 2022-03-28T07:12:00+00:00
[2022-03-28 07:14:54,989] {processor.py:171} INFO - Processing /home/airflow/.local/lib/python3.7/site-packages/airflow/example_dags/example_sla_dag.py took 0.193 seconds
[2022-03-28 07:15:25,505] {processor.py:163} INFO - Started process (PID=1136) to work on /home/airflow/.local/lib/python3.7/site-packages/airflow/example_dags/example_sla_dag.py
[2022-03-28 07:15:25,506] {processor.py:642} INFO - Processing file /home/airflow/.local/lib/python3.7/site-packages/airflow/example_dags/example_sla_dag.py for tasks to queue
[2022-03-28 07:15:25,507] {logging_mixin.py:109} INFO - [2022-03-28 07:15:25,507] {dagbag.py:500} INFO - Filling up the DagBag from /home/airflow/.local/lib/python3.7/site-packages/airflow/example_dags/example_sla_dag.py
[2022-03-28 07:15:25,541] {processor.py:654} INFO - DAG(s) dict_keys(['example_sla_dag']) retrieved from /home/airflow/.local/lib/python3.7/site-packages/airflow/example_dags/example_sla_dag.py
[2022-03-28 07:15:25,550] {logging_mixin.py:109} INFO - [2022-03-28 07:15:25,550] {dag.py:2398} INFO - Sync 1 DAGs
[2022-03-28 07:15:25,570] {logging_mixin.py:109} INFO - [2022-03-28 07:15:25,570] {dag.py:2937} INFO - Setting next_dagrun for example_sla_dag to 2022-03-28T07:12:00+00:00
[2022-03-28 07:15:25,579] {processor.py:171} INFO - Processing /home/airflow/.local/lib/python3.7/site-packages/airflow/example_dags/example_sla_dag.py took 0.077 seconds
[2022-03-28 07:15:55,943] {processor.py:163} INFO - Started process (PID=1196) to work on /home/airflow/.local/lib/python3.7/site-packages/airflow/example_dags/example_sla_dag.py
[2022-03-28 07:15:55,945] {processor.py:642} INFO - Processing file /home/airflow/.local/lib/python3.7/site-packages/airflow/example_dags/example_sla_dag.py for tasks to queue
[2022-03-28 07:15:55,946] {logging_mixin.py:109} INFO - [2022-03-28 07:15:55,946] {dagbag.py:500} INFO - Filling up the DagBag from /home/airflow/.local/lib/python3.7/site-packages/airflow/example_dags/example_sla_dag.py
[2022-03-28 07:15:55,986] {processor.py:654} INFO - DAG(s) dict_keys(['example_sla_dag']) retrieved from /home/airflow/.local/lib/python3.7/site-packages/airflow/example_dags/example_sla_dag.py
[2022-03-28 07:15:55,998] {logging_mixin.py:109} INFO - [2022-03-28 07:15:55,998] {dag.py:2398} INFO - Sync 1 DAGs
[2022-03-28 07:15:56,019] {logging_mixin.py:109} INFO - [2022-03-28 07:15:56,019] {dag.py:2937} INFO - Setting next_dagrun for example_sla_dag to 2022-03-28T07:12:00+00:00
[2022-03-28 07:15:56,029] {processor.py:171} INFO - Processing /home/airflow/.local/lib/python3.7/site-packages/airflow/example_dags/example_sla_dag.py took 0.091 seconds
[2022-03-28 07:16:26,501] {processor.py:163} INFO - Started process (PID=1247) to work on /home/airflow/.local/lib/python3.7/site-packages/airflow/example_dags/example_sla_dag.py
[2022-03-28 07:16:26,502] {processor.py:642} INFO - Processing file /home/airflow/.local/lib/python3.7/site-packages/airflow/example_dags/example_sla_dag.py for tasks to queue
[2022-03-28 07:16:26,503] {logging_mixin.py:109} INFO - [2022-03-28 07:16:26,503] {dagbag.py:500} INFO - Filling up the DagBag from /home/airflow/.local/lib/python3.7/site-packages/airflow/example_dags/example_sla_dag.py
[2022-03-28 07:16:26,542] {processor.py:654} INFO - DAG(s) dict_keys(['example_sla_dag']) retrieved from /home/airflow/.local/lib/python3.7/site-packages/airflow/example_dags/example_sla_dag.py
[2022-03-28 07:16:26,551] {logging_mixin.py:109} INFO - [2022-03-28 07:16:26,550] {dag.py:2398} INFO - Sync 1 DAGs
[2022-03-28 07:16:26,571] {logging_mixin.py:109} INFO - [2022-03-28 07:16:26,571] {dag.py:2937} INFO - Setting next_dagrun for example_sla_dag to 2022-03-28T07:14:00+00:00
[2022-03-28 07:16:26,580] {processor.py:171} INFO - Processing /home/airflow/.local/lib/python3.7/site-packages/airflow/example_dags/example_sla_dag.py took 0.082 seconds
[2022-03-28 07:16:57,112] {processor.py:163} INFO - Started process (PID=1299) to work on /home/airflow/.local/lib/python3.7/site-packages/airflow/example_dags/example_sla_dag.py
[2022-03-28 07:16:57,113] {processor.py:642} INFO - Processing file /home/airflow/.local/lib/python3.7/site-packages/airflow/example_dags/example_sla_dag.py for tasks to queue
[2022-03-28 07:16:57,114] {logging_mixin.py:109} INFO - [2022-03-28 07:16:57,114] {dagbag.py:500} INFO - Filling up the DagBag from /home/airflow/.local/lib/python3.7/site-packages/airflow/example_dags/example_sla_dag.py
[2022-03-28 07:16:57,146] {processor.py:654} INFO - DAG(s) dict_keys(['example_sla_dag']) retrieved from /home/airflow/.local/lib/python3.7/site-packages/airflow/example_dags/example_sla_dag.py
[2022-03-28 07:16:57,156] {logging_mixin.py:109} INFO - [2022-03-28 07:16:57,156] {dag.py:2398} INFO - Sync 1 DAGs
[2022-03-28 07:16:57,177] {logging_mixin.py:109} INFO - [2022-03-28 07:16:57,177] {dag.py:2937} INFO - Setting next_dagrun for example_sla_dag to 2022-03-28T07:14:00+00:00
[2022-03-28 07:16:57,186] {processor.py:171} INFO - Processing /home/airflow/.local/lib/python3.7/site-packages/airflow/example_dags/example_sla_dag.py took 0.078 seconds
[2022-03-28 07:17:27,517] {processor.py:163} INFO - Started process (PID=1360) to work on /home/airflow/.local/lib/python3.7/site-packages/airflow/example_dags/example_sla_dag.py
[2022-03-28 07:17:27,519] {processor.py:642} INFO - Processing file /home/airflow/.local/lib/python3.7/site-packages/airflow/example_dags/example_sla_dag.py for tasks to queue
[2022-03-28 07:17:27,520] {logging_mixin.py:109} INFO - [2022-03-28 07:17:27,520] {dagbag.py:500} INFO - Filling up the DagBag from /home/airflow/.local/lib/python3.7/site-packages/airflow/example_dags/example_sla_dag.py
[2022-03-28 07:17:27,556] {processor.py:654} INFO - DAG(s) dict_keys(['example_sla_dag']) retrieved from /home/airflow/.local/lib/python3.7/site-packages/airflow/example_dags/example_sla_dag.py
[2022-03-28 07:17:27,566] {logging_mixin.py:109} INFO - [2022-03-28 07:17:27,566] {dag.py:2398} INFO - Sync 1 DAGs
[2022-03-28 07:17:27,589] {logging_mixin.py:109} INFO - [2022-03-28 07:17:27,589] {dag.py:2937} INFO - Setting next_dagrun for example_sla_dag to 2022-03-28T07:14:00+00:00
[2022-03-28 07:17:27,596] {processor.py:171} INFO - Processing /home/airflow/.local/lib/python3.7/site-packages/airflow/example_dags/example_sla_dag.py took 0.083 seconds
[2022-03-28 07:17:58,247] {processor.py:163} INFO - Started process (PID=1412) to work on /home/airflow/.local/lib/python3.7/site-packages/airflow/example_dags/example_sla_dag.py
[2022-03-28 07:17:58,248] {processor.py:642} INFO - Processing file /home/airflow/.local/lib/python3.7/site-packages/airflow/example_dags/example_sla_dag.py for tasks to queue
[2022-03-28 07:17:58,249] {logging_mixin.py:109} INFO - [2022-03-28 07:17:58,249] {dagbag.py:500} INFO - Filling up the DagBag from /home/airflow/.local/lib/python3.7/site-packages/airflow/example_dags/example_sla_dag.py
[2022-03-28 07:17:58,284] {processor.py:654} INFO - DAG(s) dict_keys(['example_sla_dag']) retrieved from /home/airflow/.local/lib/python3.7/site-packages/airflow/example_dags/example_sla_dag.py
[2022-03-28 07:17:58,292] {logging_mixin.py:109} INFO - [2022-03-28 07:17:58,292] {dag.py:2398} INFO - Sync 1 DAGs
[2022-03-28 07:17:58,311] {logging_mixin.py:109} INFO - [2022-03-28 07:17:58,311] {dag.py:2937} INFO - Setting next_dagrun for example_sla_dag to 2022-03-28T07:14:00+00:00
[2022-03-28 07:17:58,319] {processor.py:171} INFO - Processing /home/airflow/.local/lib/python3.7/site-packages/airflow/example_dags/example_sla_dag.py took 0.076 seconds
[2022-03-28 07:18:28,748] {processor.py:163} INFO - Started process (PID=1462) to work on /home/airflow/.local/lib/python3.7/site-packages/airflow/example_dags/example_sla_dag.py
[2022-03-28 07:18:28,749] {processor.py:642} INFO - Processing file /home/airflow/.local/lib/python3.7/site-packages/airflow/example_dags/example_sla_dag.py for tasks to queue
[2022-03-28 07:18:28,750] {logging_mixin.py:109} INFO - [2022-03-28 07:18:28,750] {dagbag.py:500} INFO - Filling up the DagBag from /home/airflow/.local/lib/python3.7/site-packages/airflow/example_dags/example_sla_dag.py
[2022-03-28 07:18:28,781] {processor.py:654} INFO - DAG(s) dict_keys(['example_sla_dag']) retrieved from /home/airflow/.local/lib/python3.7/site-packages/airflow/example_dags/example_sla_dag.py
[2022-03-28 07:18:28,790] {logging_mixin.py:109} INFO - [2022-03-28 07:18:28,790] {dag.py:2398} INFO - Sync 1 DAGs
[2022-03-28 07:18:28,808] {logging_mixin.py:109} INFO - [2022-03-28 07:18:28,807] {dag.py:2937} INFO - Setting next_dagrun for example_sla_dag to 2022-03-28T07:16:00+00:00
[2022-03-28 07:18:28,818] {processor.py:171} INFO - Processing /home/airflow/.local/lib/python3.7/site-packages/airflow/example_dags/example_sla_dag.py took 0.073 seconds
[2022-03-28 07:18:59,166] {processor.py:163} INFO - Started process (PID=1523) to work on /home/airflow/.local/lib/python3.7/site-packages/airflow/example_dags/example_sla_dag.py
[2022-03-28 07:18:59,168] {processor.py:642} INFO - Processing file /home/airflow/.local/lib/python3.7/site-packages/airflow/example_dags/example_sla_dag.py for tasks to queue
[2022-03-28 07:18:59,169] {logging_mixin.py:109} INFO - [2022-03-28 07:18:59,169] {dagbag.py:500} INFO - Filling up the DagBag from /home/airflow/.local/lib/python3.7/site-packages/airflow/example_dags/example_sla_dag.py
[2022-03-28 07:18:59,222] {processor.py:654} INFO - DAG(s) dict_keys(['example_sla_dag']) retrieved from /home/airflow/.local/lib/python3.7/site-packages/airflow/example_dags/example_sla_dag.py
[2022-03-28 07:18:59,235] {logging_mixin.py:109} INFO - [2022-03-28 07:18:59,235] {dag.py:2398} INFO - Sync 1 DAGs
[2022-03-28 07:18:59,258] {logging_mixin.py:109} INFO - [2022-03-28 07:18:59,258] {dag.py:2937} INFO - Setting next_dagrun for example_sla_dag to 2022-03-28T07:16:00+00:00
[2022-03-28 07:18:59,273] {processor.py:171} INFO - Processing /home/airflow/.local/lib/python3.7/site-packages/airflow/example_dags/example_sla_dag.py took 0.110 seconds
[2022-03-28 07:19:29,709] {processor.py:163} INFO - Started process (PID=1574) to work on /home/airflow/.local/lib/python3.7/site-packages/airflow/example_dags/example_sla_dag.py
[2022-03-28 07:19:29,711] {processor.py:642} INFO - Processing file /home/airflow/.local/lib/python3.7/site-packages/airflow/example_dags/example_sla_dag.py for tasks to queue
[2022-03-28 07:19:29,712] {logging_mixin.py:109} INFO - [2022-03-28 07:19:29,711] {dagbag.py:500} INFO - Filling up the DagBag from /home/airflow/.local/lib/python3.7/site-packages/airflow/example_dags/example_sla_dag.py
[2022-03-28 07:19:29,748] {processor.py:654} INFO - DAG(s) dict_keys(['example_sla_dag']) retrieved from /home/airflow/.local/lib/python3.7/site-packages/airflow/example_dags/example_sla_dag.py
[2022-03-28 07:19:29,758] {logging_mixin.py:109} INFO - [2022-03-28 07:19:29,758] {dag.py:2398} INFO - Sync 1 DAGs
[2022-03-28 07:19:29,781] {logging_mixin.py:109} INFO - [2022-03-28 07:19:29,781] {dag.py:2937} INFO - Setting next_dagrun for example_sla_dag to 2022-03-28T07:16:00+00:00
[2022-03-28 07:19:29,793] {processor.py:171} INFO - Processing /home/airflow/.local/lib/python3.7/site-packages/airflow/example_dags/example_sla_dag.py took 0.087 seconds
[2022-03-28 07:20:00,424] {processor.py:163} INFO - Started process (PID=1625) to work on /home/airflow/.local/lib/python3.7/site-packages/airflow/example_dags/example_sla_dag.py
[2022-03-28 07:20:00,426] {processor.py:642} INFO - Processing file /home/airflow/.local/lib/python3.7/site-packages/airflow/example_dags/example_sla_dag.py for tasks to queue
[2022-03-28 07:20:00,428] {logging_mixin.py:109} INFO - [2022-03-28 07:20:00,427] {dagbag.py:500} INFO - Filling up the DagBag from /home/airflow/.local/lib/python3.7/site-packages/airflow/example_dags/example_sla_dag.py
[2022-03-28 07:20:00,459] {processor.py:654} INFO - DAG(s) dict_keys(['example_sla_dag']) retrieved from /home/airflow/.local/lib/python3.7/site-packages/airflow/example_dags/example_sla_dag.py
[2022-03-28 07:20:00,468] {logging_mixin.py:109} INFO - [2022-03-28 07:20:00,467] {dag.py:2398} INFO - Sync 1 DAGs
[2022-03-28 07:20:00,488] {logging_mixin.py:109} INFO - [2022-03-28 07:20:00,488] {dag.py:2937} INFO - Setting next_dagrun for example_sla_dag to 2022-03-28T07:18:00+00:00
[2022-03-28 07:20:00,497] {processor.py:171} INFO - Processing /home/airflow/.local/lib/python3.7/site-packages/airflow/example_dags/example_sla_dag.py took 0.076 seconds
[2022-03-28 07:20:30,743] {processor.py:163} INFO - Started process (PID=1687) to work on /home/airflow/.local/lib/python3.7/site-packages/airflow/example_dags/example_sla_dag.py
[2022-03-28 07:20:30,745] {processor.py:642} INFO - Processing file /home/airflow/.local/lib/python3.7/site-packages/airflow/example_dags/example_sla_dag.py for tasks to queue
[2022-03-28 07:20:30,746] {logging_mixin.py:109} INFO - [2022-03-28 07:20:30,746] {dagbag.py:500} INFO - Filling up the DagBag from /home/airflow/.local/lib/python3.7/site-packages/airflow/example_dags/example_sla_dag.py
[2022-03-28 07:20:30,782] {processor.py:654} INFO - DAG(s) dict_keys(['example_sla_dag']) retrieved from /home/airflow/.local/lib/python3.7/site-packages/airflow/example_dags/example_sla_dag.py
[2022-03-28 07:20:30,793] {logging_mixin.py:109} INFO - [2022-03-28 07:20:30,793] {dag.py:2398} INFO - Sync 1 DAGs
[2022-03-28 07:20:30,815] {logging_mixin.py:109} INFO - [2022-03-28 07:20:30,815] {dag.py:2937} INFO - Setting next_dagrun for example_sla_dag to 2022-03-28T07:18:00+00:00
[2022-03-28 07:20:30,826] {processor.py:171} INFO - Processing /home/airflow/.local/lib/python3.7/site-packages/airflow/example_dags/example_sla_dag.py took 0.087 seconds
[2022-03-28 07:21:01,272] {processor.py:163} INFO - Started process (PID=1738) to work on /home/airflow/.local/lib/python3.7/site-packages/airflow/example_dags/example_sla_dag.py
[2022-03-28 07:21:01,274] {processor.py:642} INFO - Processing file /home/airflow/.local/lib/python3.7/site-packages/airflow/example_dags/example_sla_dag.py for tasks to queue
[2022-03-28 07:21:01,275] {logging_mixin.py:109} INFO - [2022-03-28 07:21:01,275] {dagbag.py:500} INFO - Filling up the DagBag from /home/airflow/.local/lib/python3.7/site-packages/airflow/example_dags/example_sla_dag.py
[2022-03-28 07:21:01,308] {processor.py:654} INFO - DAG(s) dict_keys(['example_sla_dag']) retrieved from /home/airflow/.local/lib/python3.7/site-packages/airflow/example_dags/example_sla_dag.py
[2022-03-28 07:21:01,317] {logging_mixin.py:109} INFO - [2022-03-28 07:21:01,317] {dag.py:2398} INFO - Sync 1 DAGs
[2022-03-28 07:21:01,337] {logging_mixin.py:109} INFO - [2022-03-28 07:21:01,336] {dag.py:2937} INFO - Setting next_dagrun for example_sla_dag to 2022-03-28T07:18:00+00:00
[2022-03-28 07:21:01,346] {processor.py:171} INFO - Processing /home/airflow/.local/lib/python3.7/site-packages/airflow/example_dags/example_sla_dag.py took 0.076 seconds
[2022-03-28 07:21:31,584] {processor.py:163} INFO - Started process (PID=1788) to work on /home/airflow/.local/lib/python3.7/site-packages/airflow/example_dags/example_sla_dag.py
[2022-03-28 07:21:31,585] {processor.py:642} INFO - Processing file /home/airflow/.local/lib/python3.7/site-packages/airflow/example_dags/example_sla_dag.py for tasks to queue
[2022-03-28 07:21:31,586] {logging_mixin.py:109} INFO - [2022-03-28 07:21:31,586] {dagbag.py:500} INFO - Filling up the DagBag from /home/airflow/.local/lib/python3.7/site-packages/airflow/example_dags/example_sla_dag.py
[2022-03-28 07:21:31,617] {processor.py:654} INFO - DAG(s) dict_keys(['example_sla_dag']) retrieved from /home/airflow/.local/lib/python3.7/site-packages/airflow/example_dags/example_sla_dag.py
[2022-03-28 07:21:31,626] {logging_mixin.py:109} INFO - [2022-03-28 07:21:31,625] {dag.py:2398} INFO - Sync 1 DAGs
[2022-03-28 07:21:31,644] {logging_mixin.py:109} INFO - [2022-03-28 07:21:31,644] {dag.py:2937} INFO - Setting next_dagrun for example_sla_dag to 2022-03-28T07:18:00+00:00
[2022-03-28 07:21:31,653] {processor.py:171} INFO - Processing /home/airflow/.local/lib/python3.7/site-packages/airflow/example_dags/example_sla_dag.py took 0.072 seconds
[2022-03-28 07:22:01,709] {processor.py:163} INFO - Started process (PID=1849) to work on /home/airflow/.local/lib/python3.7/site-packages/airflow/example_dags/example_sla_dag.py
[2022-03-28 07:22:01,711] {processor.py:642} INFO - Processing file /home/airflow/.local/lib/python3.7/site-packages/airflow/example_dags/example_sla_dag.py for tasks to queue
[2022-03-28 07:22:01,712] {logging_mixin.py:109} INFO - [2022-03-28 07:22:01,711] {dagbag.py:500} INFO - Filling up the DagBag from /home/airflow/.local/lib/python3.7/site-packages/airflow/example_dags/example_sla_dag.py
[2022-03-28 07:22:01,762] {processor.py:654} INFO - DAG(s) dict_keys(['example_sla_dag']) retrieved from /home/airflow/.local/lib/python3.7/site-packages/airflow/example_dags/example_sla_dag.py
[2022-03-28 07:22:01,773] {logging_mixin.py:109} INFO - [2022-03-28 07:22:01,773] {dag.py:2398} INFO - Sync 1 DAGs
[2022-03-28 07:22:01,794] {logging_mixin.py:109} INFO - [2022-03-28 07:22:01,794] {dag.py:2937} INFO - Setting next_dagrun for example_sla_dag to 2022-03-28T07:20:00+00:00
[2022-03-28 07:22:01,803] {processor.py:171} INFO - Processing /home/airflow/.local/lib/python3.7/site-packages/airflow/example_dags/example_sla_dag.py took 0.098 seconds
[2022-03-28 07:22:32,198] {processor.py:163} INFO - Started process (PID=1900) to work on /home/airflow/.local/lib/python3.7/site-packages/airflow/example_dags/example_sla_dag.py
[2022-03-28 07:22:32,201] {processor.py:642} INFO - Processing file /home/airflow/.local/lib/python3.7/site-packages/airflow/example_dags/example_sla_dag.py for tasks to queue
[2022-03-28 07:22:32,202] {logging_mixin.py:109} INFO - [2022-03-28 07:22:32,202] {dagbag.py:500} INFO - Filling up the DagBag from /home/airflow/.local/lib/python3.7/site-packages/airflow/example_dags/example_sla_dag.py
[2022-03-28 07:22:32,250] {processor.py:654} INFO - DAG(s) dict_keys(['example_sla_dag']) retrieved from /home/airflow/.local/lib/python3.7/site-packages/airflow/example_dags/example_sla_dag.py
[2022-03-28 07:22:32,261] {logging_mixin.py:109} INFO - [2022-03-28 07:22:32,260] {dag.py:2398} INFO - Sync 1 DAGs
[2022-03-28 07:22:32,286] {logging_mixin.py:109} INFO - [2022-03-28 07:22:32,286] {dag.py:2937} INFO - Setting next_dagrun for example_sla_dag to 2022-03-28T07:20:00+00:00
[2022-03-28 07:22:32,296] {processor.py:171} INFO - Processing /home/airflow/.local/lib/python3.7/site-packages/airflow/example_dags/example_sla_dag.py took 0.104 seconds
[2022-03-28 07:23:02,520] {processor.py:163} INFO - Started process (PID=1951) to work on /home/airflow/.local/lib/python3.7/site-packages/airflow/example_dags/example_sla_dag.py
[2022-03-28 07:23:02,522] {processor.py:642} INFO - Processing file /home/airflow/.local/lib/python3.7/site-packages/airflow/example_dags/example_sla_dag.py for tasks to queue
[2022-03-28 07:23:02,524] {logging_mixin.py:109} INFO - [2022-03-28 07:23:02,524] {dagbag.py:500} INFO - Filling up the DagBag from /home/airflow/.local/lib/python3.7/site-packages/airflow/example_dags/example_sla_dag.py
[2022-03-28 07:23:02,675] {processor.py:654} INFO - DAG(s) dict_keys(['example_sla_dag']) retrieved from /home/airflow/.local/lib/python3.7/site-packages/airflow/example_dags/example_sla_dag.py
[2022-03-28 07:23:02,690] {logging_mixin.py:109} INFO - [2022-03-28 07:23:02,690] {dag.py:2398} INFO - Sync 1 DAGs
[2022-03-28 07:23:02,742] {logging_mixin.py:109} INFO - [2022-03-28 07:23:02,742] {dag.py:2937} INFO - Setting next_dagrun for example_sla_dag to 2022-03-28T07:20:00+00:00
[2022-03-28 07:23:02,768] {processor.py:171} INFO - Processing /home/airflow/.local/lib/python3.7/site-packages/airflow/example_dags/example_sla_dag.py took 0.254 seconds
[2022-03-28 07:23:33,367] {processor.py:163} INFO - Started process (PID=2002) to work on /home/airflow/.local/lib/python3.7/site-packages/airflow/example_dags/example_sla_dag.py
[2022-03-28 07:23:33,369] {processor.py:642} INFO - Processing file /home/airflow/.local/lib/python3.7/site-packages/airflow/example_dags/example_sla_dag.py for tasks to queue
[2022-03-28 07:23:33,371] {logging_mixin.py:109} INFO - [2022-03-28 07:23:33,371] {dagbag.py:500} INFO - Filling up the DagBag from /home/airflow/.local/lib/python3.7/site-packages/airflow/example_dags/example_sla_dag.py
[2022-03-28 07:23:33,419] {processor.py:654} INFO - DAG(s) dict_keys(['example_sla_dag']) retrieved from /home/airflow/.local/lib/python3.7/site-packages/airflow/example_dags/example_sla_dag.py
[2022-03-28 07:23:33,434] {logging_mixin.py:109} INFO - [2022-03-28 07:23:33,434] {dag.py:2398} INFO - Sync 1 DAGs
[2022-03-28 07:23:33,465] {logging_mixin.py:109} INFO - [2022-03-28 07:23:33,464] {dag.py:2937} INFO - Setting next_dagrun for example_sla_dag to 2022-03-28T07:20:00+00:00
[2022-03-28 07:23:33,485] {processor.py:171} INFO - Processing /home/airflow/.local/lib/python3.7/site-packages/airflow/example_dags/example_sla_dag.py took 0.124 seconds
[2022-03-28 07:24:03,994] {processor.py:163} INFO - Started process (PID=2054) to work on /home/airflow/.local/lib/python3.7/site-packages/airflow/example_dags/example_sla_dag.py
[2022-03-28 07:24:03,995] {processor.py:642} INFO - Processing file /home/airflow/.local/lib/python3.7/site-packages/airflow/example_dags/example_sla_dag.py for tasks to queue
[2022-03-28 07:24:03,997] {logging_mixin.py:109} INFO - [2022-03-28 07:24:03,996] {dagbag.py:500} INFO - Filling up the DagBag from /home/airflow/.local/lib/python3.7/site-packages/airflow/example_dags/example_sla_dag.py
[2022-03-28 07:24:04,048] {processor.py:654} INFO - DAG(s) dict_keys(['example_sla_dag']) retrieved from /home/airflow/.local/lib/python3.7/site-packages/airflow/example_dags/example_sla_dag.py
[2022-03-28 07:24:04,065] {logging_mixin.py:109} INFO - [2022-03-28 07:24:04,065] {dag.py:2398} INFO - Sync 1 DAGs
[2022-03-28 07:24:04,104] {logging_mixin.py:109} INFO - [2022-03-28 07:24:04,104] {dag.py:2937} INFO - Setting next_dagrun for example_sla_dag to 2022-03-28T07:22:00+00:00
[2022-03-28 07:24:04,119] {processor.py:171} INFO - Processing /home/airflow/.local/lib/python3.7/site-packages/airflow/example_dags/example_sla_dag.py took 0.130 seconds
[2022-03-28 07:24:34,332] {processor.py:163} INFO - Started process (PID=2115) to work on /home/airflow/.local/lib/python3.7/site-packages/airflow/example_dags/example_sla_dag.py
[2022-03-28 07:24:34,333] {processor.py:642} INFO - Processing file /home/airflow/.local/lib/python3.7/site-packages/airflow/example_dags/example_sla_dag.py for tasks to queue
[2022-03-28 07:24:34,334] {logging_mixin.py:109} INFO - [2022-03-28 07:24:34,334] {dagbag.py:500} INFO - Filling up the DagBag from /home/airflow/.local/lib/python3.7/site-packages/airflow/example_dags/example_sla_dag.py
[2022-03-28 07:24:34,368] {processor.py:654} INFO - DAG(s) dict_keys(['example_sla_dag']) retrieved from /home/airflow/.local/lib/python3.7/site-packages/airflow/example_dags/example_sla_dag.py
[2022-03-28 07:24:34,379] {logging_mixin.py:109} INFO - [2022-03-28 07:24:34,379] {dag.py:2398} INFO - Sync 1 DAGs
[2022-03-28 07:24:34,402] {logging_mixin.py:109} INFO - [2022-03-28 07:24:34,402] {dag.py:2937} INFO - Setting next_dagrun for example_sla_dag to 2022-03-28T07:22:00+00:00
[2022-03-28 07:24:34,413] {processor.py:171} INFO - Processing /home/airflow/.local/lib/python3.7/site-packages/airflow/example_dags/example_sla_dag.py took 0.084 seconds
[2022-03-28 07:25:04,523] {processor.py:163} INFO - Started process (PID=2166) to work on /home/airflow/.local/lib/python3.7/site-packages/airflow/example_dags/example_sla_dag.py
[2022-03-28 07:25:04,524] {processor.py:642} INFO - Processing file /home/airflow/.local/lib/python3.7/site-packages/airflow/example_dags/example_sla_dag.py for tasks to queue
[2022-03-28 07:25:04,525] {logging_mixin.py:109} INFO - [2022-03-28 07:25:04,525] {dagbag.py:500} INFO - Filling up the DagBag from /home/airflow/.local/lib/python3.7/site-packages/airflow/example_dags/example_sla_dag.py
[2022-03-28 07:25:04,554] {processor.py:654} INFO - DAG(s) dict_keys(['example_sla_dag']) retrieved from /home/airflow/.local/lib/python3.7/site-packages/airflow/example_dags/example_sla_dag.py
[2022-03-28 07:25:04,562] {logging_mixin.py:109} INFO - [2022-03-28 07:25:04,562] {dag.py:2398} INFO - Sync 1 DAGs
[2022-03-28 07:25:04,579] {logging_mixin.py:109} INFO - [2022-03-28 07:25:04,579] {dag.py:2937} INFO - Setting next_dagrun for example_sla_dag to 2022-03-28T07:22:00+00:00
[2022-03-28 07:25:04,587] {processor.py:171} INFO - Processing /home/airflow/.local/lib/python3.7/site-packages/airflow/example_dags/example_sla_dag.py took 0.068 seconds
[2022-03-28 07:25:35,531] {processor.py:163} INFO - Started process (PID=2218) to work on /home/airflow/.local/lib/python3.7/site-packages/airflow/example_dags/example_sla_dag.py
[2022-03-28 07:25:35,532] {processor.py:642} INFO - Processing file /home/airflow/.local/lib/python3.7/site-packages/airflow/example_dags/example_sla_dag.py for tasks to queue
[2022-03-28 07:25:35,533] {logging_mixin.py:109} INFO - [2022-03-28 07:25:35,533] {dagbag.py:500} INFO - Filling up the DagBag from /home/airflow/.local/lib/python3.7/site-packages/airflow/example_dags/example_sla_dag.py
[2022-03-28 07:25:35,557] {processor.py:654} INFO - DAG(s) dict_keys(['example_sla_dag']) retrieved from /home/airflow/.local/lib/python3.7/site-packages/airflow/example_dags/example_sla_dag.py
[2022-03-28 07:25:35,565] {logging_mixin.py:109} INFO - [2022-03-28 07:25:35,564] {dag.py:2398} INFO - Sync 1 DAGs
[2022-03-28 07:25:35,580] {logging_mixin.py:109} INFO - [2022-03-28 07:25:35,580] {dag.py:2937} INFO - Setting next_dagrun for example_sla_dag to 2022-03-28T07:22:00+00:00
[2022-03-28 07:25:35,588] {processor.py:171} INFO - Processing /home/airflow/.local/lib/python3.7/site-packages/airflow/example_dags/example_sla_dag.py took 0.059 seconds
[2022-03-28 07:26:06,331] {processor.py:163} INFO - Started process (PID=2278) to work on /home/airflow/.local/lib/python3.7/site-packages/airflow/example_dags/example_sla_dag.py
[2022-03-28 07:26:06,332] {processor.py:642} INFO - Processing file /home/airflow/.local/lib/python3.7/site-packages/airflow/example_dags/example_sla_dag.py for tasks to queue
[2022-03-28 07:26:06,333] {logging_mixin.py:109} INFO - [2022-03-28 07:26:06,333] {dagbag.py:500} INFO - Filling up the DagBag from /home/airflow/.local/lib/python3.7/site-packages/airflow/example_dags/example_sla_dag.py
[2022-03-28 07:26:06,363] {processor.py:654} INFO - DAG(s) dict_keys(['example_sla_dag']) retrieved from /home/airflow/.local/lib/python3.7/site-packages/airflow/example_dags/example_sla_dag.py
[2022-03-28 07:26:06,374] {logging_mixin.py:109} INFO - [2022-03-28 07:26:06,374] {dag.py:2398} INFO - Sync 1 DAGs
[2022-03-28 07:26:06,398] {logging_mixin.py:109} INFO - [2022-03-28 07:26:06,398] {dag.py:2937} INFO - Setting next_dagrun for example_sla_dag to 2022-03-28T07:24:00+00:00
[2022-03-28 07:26:06,409] {processor.py:171} INFO - Processing /home/airflow/.local/lib/python3.7/site-packages/airflow/example_dags/example_sla_dag.py took 0.081 seconds
[2022-03-28 07:26:37,112] {processor.py:163} INFO - Started process (PID=2329) to work on /home/airflow/.local/lib/python3.7/site-packages/airflow/example_dags/example_sla_dag.py
[2022-03-28 07:26:37,114] {processor.py:642} INFO - Processing file /home/airflow/.local/lib/python3.7/site-packages/airflow/example_dags/example_sla_dag.py for tasks to queue
[2022-03-28 07:26:37,115] {logging_mixin.py:109} INFO - [2022-03-28 07:26:37,115] {dagbag.py:500} INFO - Filling up the DagBag from /home/airflow/.local/lib/python3.7/site-packages/airflow/example_dags/example_sla_dag.py
[2022-03-28 07:26:37,180] {processor.py:654} INFO - DAG(s) dict_keys(['example_sla_dag']) retrieved from /home/airflow/.local/lib/python3.7/site-packages/airflow/example_dags/example_sla_dag.py
[2022-03-28 07:26:37,196] {logging_mixin.py:109} INFO - [2022-03-28 07:26:37,196] {dag.py:2398} INFO - Sync 1 DAGs
[2022-03-28 07:26:37,221] {logging_mixin.py:109} INFO - [2022-03-28 07:26:37,221] {dag.py:2937} INFO - Setting next_dagrun for example_sla_dag to 2022-03-28T07:24:00+00:00
[2022-03-28 07:26:37,232] {processor.py:171} INFO - Processing /home/airflow/.local/lib/python3.7/site-packages/airflow/example_dags/example_sla_dag.py took 0.124 seconds
[2022-03-28 07:27:07,837] {processor.py:163} INFO - Started process (PID=2381) to work on /home/airflow/.local/lib/python3.7/site-packages/airflow/example_dags/example_sla_dag.py
[2022-03-28 07:27:07,838] {processor.py:642} INFO - Processing file /home/airflow/.local/lib/python3.7/site-packages/airflow/example_dags/example_sla_dag.py for tasks to queue
[2022-03-28 07:27:07,839] {logging_mixin.py:109} INFO - [2022-03-28 07:27:07,839] {dagbag.py:500} INFO - Filling up the DagBag from /home/airflow/.local/lib/python3.7/site-packages/airflow/example_dags/example_sla_dag.py
[2022-03-28 07:27:07,864] {processor.py:654} INFO - DAG(s) dict_keys(['example_sla_dag']) retrieved from /home/airflow/.local/lib/python3.7/site-packages/airflow/example_dags/example_sla_dag.py
[2022-03-28 07:27:07,872] {logging_mixin.py:109} INFO - [2022-03-28 07:27:07,872] {dag.py:2398} INFO - Sync 1 DAGs
[2022-03-28 07:27:07,888] {logging_mixin.py:109} INFO - [2022-03-28 07:27:07,888] {dag.py:2937} INFO - Setting next_dagrun for example_sla_dag to 2022-03-28T07:24:00+00:00
[2022-03-28 07:27:07,896] {processor.py:171} INFO - Processing /home/airflow/.local/lib/python3.7/site-packages/airflow/example_dags/example_sla_dag.py took 0.062 seconds
[2022-03-28 07:27:38,465] {processor.py:163} INFO - Started process (PID=2441) to work on /home/airflow/.local/lib/python3.7/site-packages/airflow/example_dags/example_sla_dag.py
[2022-03-28 07:27:38,466] {processor.py:642} INFO - Processing file /home/airflow/.local/lib/python3.7/site-packages/airflow/example_dags/example_sla_dag.py for tasks to queue
[2022-03-28 07:27:38,467] {logging_mixin.py:109} INFO - [2022-03-28 07:27:38,467] {dagbag.py:500} INFO - Filling up the DagBag from /home/airflow/.local/lib/python3.7/site-packages/airflow/example_dags/example_sla_dag.py
[2022-03-28 07:27:38,499] {processor.py:654} INFO - DAG(s) dict_keys(['example_sla_dag']) retrieved from /home/airflow/.local/lib/python3.7/site-packages/airflow/example_dags/example_sla_dag.py
[2022-03-28 07:27:38,510] {logging_mixin.py:109} INFO - [2022-03-28 07:27:38,510] {dag.py:2398} INFO - Sync 1 DAGs
[2022-03-28 07:27:38,530] {logging_mixin.py:109} INFO - [2022-03-28 07:27:38,530] {dag.py:2937} INFO - Setting next_dagrun for example_sla_dag to 2022-03-28T07:24:00+00:00
[2022-03-28 07:27:38,538] {processor.py:171} INFO - Processing /home/airflow/.local/lib/python3.7/site-packages/airflow/example_dags/example_sla_dag.py took 0.076 seconds
[2022-03-28 07:28:09,102] {processor.py:163} INFO - Started process (PID=2492) to work on /home/airflow/.local/lib/python3.7/site-packages/airflow/example_dags/example_sla_dag.py
[2022-03-28 07:28:09,104] {processor.py:642} INFO - Processing file /home/airflow/.local/lib/python3.7/site-packages/airflow/example_dags/example_sla_dag.py for tasks to queue
[2022-03-28 07:28:09,104] {logging_mixin.py:109} INFO - [2022-03-28 07:28:09,104] {dagbag.py:500} INFO - Filling up the DagBag from /home/airflow/.local/lib/python3.7/site-packages/airflow/example_dags/example_sla_dag.py
[2022-03-28 07:28:09,138] {processor.py:654} INFO - DAG(s) dict_keys(['example_sla_dag']) retrieved from /home/airflow/.local/lib/python3.7/site-packages/airflow/example_dags/example_sla_dag.py
[2022-03-28 07:28:09,147] {logging_mixin.py:109} INFO - [2022-03-28 07:28:09,147] {dag.py:2398} INFO - Sync 1 DAGs
[2022-03-28 07:28:09,169] {logging_mixin.py:109} INFO - [2022-03-28 07:28:09,169] {dag.py:2937} INFO - Setting next_dagrun for example_sla_dag to 2022-03-28T07:26:00+00:00
[2022-03-28 07:28:09,179] {processor.py:171} INFO - Processing /home/airflow/.local/lib/python3.7/site-packages/airflow/example_dags/example_sla_dag.py took 0.080 seconds
[2022-03-28 07:28:39,753] {processor.py:163} INFO - Started process (PID=2553) to work on /home/airflow/.local/lib/python3.7/site-packages/airflow/example_dags/example_sla_dag.py
[2022-03-28 07:28:39,755] {processor.py:642} INFO - Processing file /home/airflow/.local/lib/python3.7/site-packages/airflow/example_dags/example_sla_dag.py for tasks to queue
[2022-03-28 07:28:39,755] {logging_mixin.py:109} INFO - [2022-03-28 07:28:39,755] {dagbag.py:500} INFO - Filling up the DagBag from /home/airflow/.local/lib/python3.7/site-packages/airflow/example_dags/example_sla_dag.py
[2022-03-28 07:28:39,785] {processor.py:654} INFO - DAG(s) dict_keys(['example_sla_dag']) retrieved from /home/airflow/.local/lib/python3.7/site-packages/airflow/example_dags/example_sla_dag.py
[2022-03-28 07:28:39,794] {logging_mixin.py:109} INFO - [2022-03-28 07:28:39,794] {dag.py:2398} INFO - Sync 1 DAGs
[2022-03-28 07:28:39,811] {logging_mixin.py:109} INFO - [2022-03-28 07:28:39,811] {dag.py:2937} INFO - Setting next_dagrun for example_sla_dag to 2022-03-28T07:26:00+00:00
[2022-03-28 07:28:39,820] {processor.py:171} INFO - Processing /home/airflow/.local/lib/python3.7/site-packages/airflow/example_dags/example_sla_dag.py took 0.069 seconds
[2022-03-28 07:29:10,570] {processor.py:163} INFO - Started process (PID=2604) to work on /home/airflow/.local/lib/python3.7/site-packages/airflow/example_dags/example_sla_dag.py
[2022-03-28 07:29:10,571] {processor.py:642} INFO - Processing file /home/airflow/.local/lib/python3.7/site-packages/airflow/example_dags/example_sla_dag.py for tasks to queue
[2022-03-28 07:29:10,571] {logging_mixin.py:109} INFO - [2022-03-28 07:29:10,571] {dagbag.py:500} INFO - Filling up the DagBag from /home/airflow/.local/lib/python3.7/site-packages/airflow/example_dags/example_sla_dag.py
[2022-03-28 07:29:10,601] {processor.py:654} INFO - DAG(s) dict_keys(['example_sla_dag']) retrieved from /home/airflow/.local/lib/python3.7/site-packages/airflow/example_dags/example_sla_dag.py
[2022-03-28 07:29:10,609] {logging_mixin.py:109} INFO - [2022-03-28 07:29:10,609] {dag.py:2398} INFO - Sync 1 DAGs
[2022-03-28 07:29:10,628] {logging_mixin.py:109} INFO - [2022-03-28 07:29:10,628] {dag.py:2937} INFO - Setting next_dagrun for example_sla_dag to 2022-03-28T07:26:00+00:00
[2022-03-28 07:29:10,636] {processor.py:171} INFO - Processing /home/airflow/.local/lib/python3.7/site-packages/airflow/example_dags/example_sla_dag.py took 0.069 seconds
[2022-03-28 07:29:41,220] {processor.py:163} INFO - Started process (PID=2656) to work on /home/airflow/.local/lib/python3.7/site-packages/airflow/example_dags/example_sla_dag.py
[2022-03-28 07:29:41,221] {processor.py:642} INFO - Processing file /home/airflow/.local/lib/python3.7/site-packages/airflow/example_dags/example_sla_dag.py for tasks to queue
[2022-03-28 07:29:41,222] {logging_mixin.py:109} INFO - [2022-03-28 07:29:41,222] {dagbag.py:500} INFO - Filling up the DagBag from /home/airflow/.local/lib/python3.7/site-packages/airflow/example_dags/example_sla_dag.py
[2022-03-28 07:29:41,252] {processor.py:654} INFO - DAG(s) dict_keys(['example_sla_dag']) retrieved from /home/airflow/.local/lib/python3.7/site-packages/airflow/example_dags/example_sla_dag.py
[2022-03-28 07:29:41,262] {logging_mixin.py:109} INFO - [2022-03-28 07:29:41,262] {dag.py:2398} INFO - Sync 1 DAGs
[2022-03-28 07:29:41,282] {logging_mixin.py:109} INFO - [2022-03-28 07:29:41,282] {dag.py:2937} INFO - Setting next_dagrun for example_sla_dag to 2022-03-28T07:26:00+00:00
[2022-03-28 07:29:41,292] {processor.py:171} INFO - Processing /home/airflow/.local/lib/python3.7/site-packages/airflow/example_dags/example_sla_dag.py took 0.075 seconds
[2022-03-28 07:30:11,917] {processor.py:163} INFO - Started process (PID=2717) to work on /home/airflow/.local/lib/python3.7/site-packages/airflow/example_dags/example_sla_dag.py
[2022-03-28 07:30:11,918] {processor.py:642} INFO - Processing file /home/airflow/.local/lib/python3.7/site-packages/airflow/example_dags/example_sla_dag.py for tasks to queue
[2022-03-28 07:30:11,919] {logging_mixin.py:109} INFO - [2022-03-28 07:30:11,919] {dagbag.py:500} INFO - Filling up the DagBag from /home/airflow/.local/lib/python3.7/site-packages/airflow/example_dags/example_sla_dag.py
[2022-03-28 07:30:11,950] {processor.py:654} INFO - DAG(s) dict_keys(['example_sla_dag']) retrieved from /home/airflow/.local/lib/python3.7/site-packages/airflow/example_dags/example_sla_dag.py
[2022-03-28 07:30:11,959] {logging_mixin.py:109} INFO - [2022-03-28 07:30:11,959] {dag.py:2398} INFO - Sync 1 DAGs
[2022-03-28 07:30:11,980] {logging_mixin.py:109} INFO - [2022-03-28 07:30:11,980] {dag.py:2937} INFO - Setting next_dagrun for example_sla_dag to 2022-03-28T07:28:00+00:00
[2022-03-28 07:30:11,992] {processor.py:171} INFO - Processing /home/airflow/.local/lib/python3.7/site-packages/airflow/example_dags/example_sla_dag.py took 0.078 seconds
[2022-03-28 07:30:42,045] {processor.py:163} INFO - Started process (PID=2767) to work on /home/airflow/.local/lib/python3.7/site-packages/airflow/example_dags/example_sla_dag.py
[2022-03-28 07:30:42,047] {processor.py:642} INFO - Processing file /home/airflow/.local/lib/python3.7/site-packages/airflow/example_dags/example_sla_dag.py for tasks to queue
[2022-03-28 07:30:42,048] {logging_mixin.py:109} INFO - [2022-03-28 07:30:42,048] {dagbag.py:500} INFO - Filling up the DagBag from /home/airflow/.local/lib/python3.7/site-packages/airflow/example_dags/example_sla_dag.py
[2022-03-28 07:30:42,100] {processor.py:654} INFO - DAG(s) dict_keys(['example_sla_dag']) retrieved from /home/airflow/.local/lib/python3.7/site-packages/airflow/example_dags/example_sla_dag.py
[2022-03-28 07:30:42,115] {logging_mixin.py:109} INFO - [2022-03-28 07:30:42,115] {dag.py:2398} INFO - Sync 1 DAGs
[2022-03-28 07:30:42,147] {logging_mixin.py:109} INFO - [2022-03-28 07:30:42,147] {dag.py:2937} INFO - Setting next_dagrun for example_sla_dag to 2022-03-28T07:28:00+00:00
[2022-03-28 07:30:42,160] {processor.py:171} INFO - Processing /home/airflow/.local/lib/python3.7/site-packages/airflow/example_dags/example_sla_dag.py took 0.120 seconds
[2022-03-28 07:31:12,903] {processor.py:163} INFO - Started process (PID=2819) to work on /home/airflow/.local/lib/python3.7/site-packages/airflow/example_dags/example_sla_dag.py
[2022-03-28 07:31:12,904] {processor.py:642} INFO - Processing file /home/airflow/.local/lib/python3.7/site-packages/airflow/example_dags/example_sla_dag.py for tasks to queue
[2022-03-28 07:31:12,906] {logging_mixin.py:109} INFO - [2022-03-28 07:31:12,906] {dagbag.py:500} INFO - Filling up the DagBag from /home/airflow/.local/lib/python3.7/site-packages/airflow/example_dags/example_sla_dag.py
[2022-03-28 07:31:12,949] {processor.py:654} INFO - DAG(s) dict_keys(['example_sla_dag']) retrieved from /home/airflow/.local/lib/python3.7/site-packages/airflow/example_dags/example_sla_dag.py
[2022-03-28 07:31:12,961] {logging_mixin.py:109} INFO - [2022-03-28 07:31:12,961] {dag.py:2398} INFO - Sync 1 DAGs
[2022-03-28 07:31:12,990] {logging_mixin.py:109} INFO - [2022-03-28 07:31:12,990] {dag.py:2937} INFO - Setting next_dagrun for example_sla_dag to 2022-03-28T07:28:00+00:00
[2022-03-28 07:31:13,000] {processor.py:171} INFO - Processing /home/airflow/.local/lib/python3.7/site-packages/airflow/example_dags/example_sla_dag.py took 0.101 seconds
[2022-03-28 07:31:43,620] {processor.py:163} INFO - Started process (PID=2881) to work on /home/airflow/.local/lib/python3.7/site-packages/airflow/example_dags/example_sla_dag.py
[2022-03-28 07:31:43,622] {processor.py:642} INFO - Processing file /home/airflow/.local/lib/python3.7/site-packages/airflow/example_dags/example_sla_dag.py for tasks to queue
[2022-03-28 07:31:43,625] {logging_mixin.py:109} INFO - [2022-03-28 07:31:43,624] {dagbag.py:500} INFO - Filling up the DagBag from /home/airflow/.local/lib/python3.7/site-packages/airflow/example_dags/example_sla_dag.py
[2022-03-28 07:31:43,677] {processor.py:654} INFO - DAG(s) dict_keys(['example_sla_dag']) retrieved from /home/airflow/.local/lib/python3.7/site-packages/airflow/example_dags/example_sla_dag.py
[2022-03-28 07:31:43,695] {logging_mixin.py:109} INFO - [2022-03-28 07:31:43,695] {dag.py:2398} INFO - Sync 1 DAGs
[2022-03-28 07:31:43,734] {logging_mixin.py:109} INFO - [2022-03-28 07:31:43,734] {dag.py:2937} INFO - Setting next_dagrun for example_sla_dag to 2022-03-28T07:28:00+00:00
[2022-03-28 07:31:43,751] {processor.py:171} INFO - Processing /home/airflow/.local/lib/python3.7/site-packages/airflow/example_dags/example_sla_dag.py took 0.134 seconds
[2022-03-28 07:32:14,412] {processor.py:163} INFO - Started process (PID=2932) to work on /home/airflow/.local/lib/python3.7/site-packages/airflow/example_dags/example_sla_dag.py
[2022-03-28 07:32:14,413] {processor.py:642} INFO - Processing file /home/airflow/.local/lib/python3.7/site-packages/airflow/example_dags/example_sla_dag.py for tasks to queue
[2022-03-28 07:32:14,414] {logging_mixin.py:109} INFO - [2022-03-28 07:32:14,414] {dagbag.py:500} INFO - Filling up the DagBag from /home/airflow/.local/lib/python3.7/site-packages/airflow/example_dags/example_sla_dag.py
[2022-03-28 07:32:14,444] {processor.py:654} INFO - DAG(s) dict_keys(['example_sla_dag']) retrieved from /home/airflow/.local/lib/python3.7/site-packages/airflow/example_dags/example_sla_dag.py
[2022-03-28 07:32:14,453] {logging_mixin.py:109} INFO - [2022-03-28 07:32:14,453] {dag.py:2398} INFO - Sync 1 DAGs
[2022-03-28 07:32:14,471] {logging_mixin.py:109} INFO - [2022-03-28 07:32:14,471] {dag.py:2937} INFO - Setting next_dagrun for example_sla_dag to 2022-03-28T07:30:00+00:00
[2022-03-28 07:32:14,481] {processor.py:171} INFO - Processing /home/airflow/.local/lib/python3.7/site-packages/airflow/example_dags/example_sla_dag.py took 0.072 seconds
