[2022-03-28 07:08:52,581] {processor.py:163} INFO - Started process (PID=320) to work on /home/airflow/.local/lib/python3.7/site-packages/airflow/example_dags/example_bash_operator.py
[2022-03-28 07:08:52,583] {processor.py:642} INFO - Processing file /home/airflow/.local/lib/python3.7/site-packages/airflow/example_dags/example_bash_operator.py for tasks to queue
[2022-03-28 07:08:52,584] {logging_mixin.py:109} INFO - [2022-03-28 07:08:52,584] {dagbag.py:500} INFO - Filling up the DagBag from /home/airflow/.local/lib/python3.7/site-packages/airflow/example_dags/example_bash_operator.py
[2022-03-28 07:08:52,625] {processor.py:654} INFO - DAG(s) dict_keys(['example_bash_operator']) retrieved from /home/airflow/.local/lib/python3.7/site-packages/airflow/example_dags/example_bash_operator.py
[2022-03-28 07:08:54,742] {logging_mixin.py:109} INFO - [2022-03-28 07:08:54,741] {manager.py:496} INFO - Created Permission View: can read on DAG:example_bash_operator
[2022-03-28 07:08:54,754] {logging_mixin.py:109} INFO - [2022-03-28 07:08:54,753] {manager.py:496} INFO - Created Permission View: can edit on DAG:example_bash_operator
[2022-03-28 07:08:54,754] {logging_mixin.py:109} INFO - [2022-03-28 07:08:54,754] {dag.py:2398} INFO - Sync 1 DAGs
[2022-03-28 07:08:54,765] {logging_mixin.py:109} INFO - [2022-03-28 07:08:54,764] {dag.py:2417} INFO - Creating ORM DAG for example_bash_operator
[2022-03-28 07:08:54,779] {logging_mixin.py:109} INFO - [2022-03-28 07:08:54,779] {dag.py:2937} INFO - Setting next_dagrun for example_bash_operator to 2022-03-27 00:00:00+00:00
[2022-03-28 07:08:54,794] {processor.py:171} INFO - Processing /home/airflow/.local/lib/python3.7/site-packages/airflow/example_dags/example_bash_operator.py took 2.216 seconds
[2022-03-28 07:09:24,951] {processor.py:163} INFO - Started process (PID=502) to work on /home/airflow/.local/lib/python3.7/site-packages/airflow/example_dags/example_bash_operator.py
[2022-03-28 07:09:24,952] {processor.py:642} INFO - Processing file /home/airflow/.local/lib/python3.7/site-packages/airflow/example_dags/example_bash_operator.py for tasks to queue
[2022-03-28 07:09:24,953] {logging_mixin.py:109} INFO - [2022-03-28 07:09:24,953] {dagbag.py:500} INFO - Filling up the DagBag from /home/airflow/.local/lib/python3.7/site-packages/airflow/example_dags/example_bash_operator.py
[2022-03-28 07:09:24,986] {processor.py:654} INFO - DAG(s) dict_keys(['example_bash_operator']) retrieved from /home/airflow/.local/lib/python3.7/site-packages/airflow/example_dags/example_bash_operator.py
[2022-03-28 07:09:24,998] {logging_mixin.py:109} INFO - [2022-03-28 07:09:24,998] {dag.py:2398} INFO - Sync 1 DAGs
[2022-03-28 07:09:25,016] {logging_mixin.py:109} INFO - [2022-03-28 07:09:25,016] {dag.py:2937} INFO - Setting next_dagrun for example_bash_operator to 2022-03-27 00:00:00+00:00
[2022-03-28 07:09:25,026] {processor.py:171} INFO - Processing /home/airflow/.local/lib/python3.7/site-packages/airflow/example_dags/example_bash_operator.py took 0.079 seconds
[2022-03-28 07:09:55,622] {processor.py:163} INFO - Started process (PID=552) to work on /home/airflow/.local/lib/python3.7/site-packages/airflow/example_dags/example_bash_operator.py
[2022-03-28 07:09:55,623] {processor.py:642} INFO - Processing file /home/airflow/.local/lib/python3.7/site-packages/airflow/example_dags/example_bash_operator.py for tasks to queue
[2022-03-28 07:09:55,624] {logging_mixin.py:109} INFO - [2022-03-28 07:09:55,624] {dagbag.py:500} INFO - Filling up the DagBag from /home/airflow/.local/lib/python3.7/site-packages/airflow/example_dags/example_bash_operator.py
[2022-03-28 07:09:55,657] {processor.py:654} INFO - DAG(s) dict_keys(['example_bash_operator']) retrieved from /home/airflow/.local/lib/python3.7/site-packages/airflow/example_dags/example_bash_operator.py
[2022-03-28 07:09:55,668] {logging_mixin.py:109} INFO - [2022-03-28 07:09:55,668] {dag.py:2398} INFO - Sync 1 DAGs
[2022-03-28 07:09:55,684] {logging_mixin.py:109} INFO - [2022-03-28 07:09:55,684] {dag.py:2937} INFO - Setting next_dagrun for example_bash_operator to 2022-03-27 00:00:00+00:00
[2022-03-28 07:09:55,695] {processor.py:171} INFO - Processing /home/airflow/.local/lib/python3.7/site-packages/airflow/example_dags/example_bash_operator.py took 0.075 seconds
[2022-03-28 07:10:26,259] {processor.py:163} INFO - Started process (PID=604) to work on /home/airflow/.local/lib/python3.7/site-packages/airflow/example_dags/example_bash_operator.py
[2022-03-28 07:10:26,260] {processor.py:642} INFO - Processing file /home/airflow/.local/lib/python3.7/site-packages/airflow/example_dags/example_bash_operator.py for tasks to queue
[2022-03-28 07:10:26,261] {logging_mixin.py:109} INFO - [2022-03-28 07:10:26,261] {dagbag.py:500} INFO - Filling up the DagBag from /home/airflow/.local/lib/python3.7/site-packages/airflow/example_dags/example_bash_operator.py
[2022-03-28 07:10:26,291] {processor.py:654} INFO - DAG(s) dict_keys(['example_bash_operator']) retrieved from /home/airflow/.local/lib/python3.7/site-packages/airflow/example_dags/example_bash_operator.py
[2022-03-28 07:10:26,301] {logging_mixin.py:109} INFO - [2022-03-28 07:10:26,300] {dag.py:2398} INFO - Sync 1 DAGs
[2022-03-28 07:10:26,316] {logging_mixin.py:109} INFO - [2022-03-28 07:10:26,316] {dag.py:2937} INFO - Setting next_dagrun for example_bash_operator to 2022-03-27 00:00:00+00:00
[2022-03-28 07:10:26,325] {processor.py:171} INFO - Processing /home/airflow/.local/lib/python3.7/site-packages/airflow/example_dags/example_bash_operator.py took 0.069 seconds
[2022-03-28 07:10:56,848] {processor.py:163} INFO - Started process (PID=664) to work on /home/airflow/.local/lib/python3.7/site-packages/airflow/example_dags/example_bash_operator.py
[2022-03-28 07:10:56,849] {processor.py:642} INFO - Processing file /home/airflow/.local/lib/python3.7/site-packages/airflow/example_dags/example_bash_operator.py for tasks to queue
[2022-03-28 07:10:56,850] {logging_mixin.py:109} INFO - [2022-03-28 07:10:56,850] {dagbag.py:500} INFO - Filling up the DagBag from /home/airflow/.local/lib/python3.7/site-packages/airflow/example_dags/example_bash_operator.py
[2022-03-28 07:10:56,879] {processor.py:654} INFO - DAG(s) dict_keys(['example_bash_operator']) retrieved from /home/airflow/.local/lib/python3.7/site-packages/airflow/example_dags/example_bash_operator.py
[2022-03-28 07:10:56,889] {logging_mixin.py:109} INFO - [2022-03-28 07:10:56,889] {dag.py:2398} INFO - Sync 1 DAGs
[2022-03-28 07:10:56,904] {logging_mixin.py:109} INFO - [2022-03-28 07:10:56,904] {dag.py:2937} INFO - Setting next_dagrun for example_bash_operator to 2022-03-27 00:00:00+00:00
[2022-03-28 07:10:56,913] {processor.py:171} INFO - Processing /home/airflow/.local/lib/python3.7/site-packages/airflow/example_dags/example_bash_operator.py took 0.067 seconds
[2022-03-28 07:11:27,357] {processor.py:163} INFO - Started process (PID=715) to work on /home/airflow/.local/lib/python3.7/site-packages/airflow/example_dags/example_bash_operator.py
[2022-03-28 07:11:27,359] {processor.py:642} INFO - Processing file /home/airflow/.local/lib/python3.7/site-packages/airflow/example_dags/example_bash_operator.py for tasks to queue
[2022-03-28 07:11:27,360] {logging_mixin.py:109} INFO - [2022-03-28 07:11:27,359] {dagbag.py:500} INFO - Filling up the DagBag from /home/airflow/.local/lib/python3.7/site-packages/airflow/example_dags/example_bash_operator.py
[2022-03-28 07:11:27,392] {processor.py:654} INFO - DAG(s) dict_keys(['example_bash_operator']) retrieved from /home/airflow/.local/lib/python3.7/site-packages/airflow/example_dags/example_bash_operator.py
[2022-03-28 07:11:27,403] {logging_mixin.py:109} INFO - [2022-03-28 07:11:27,403] {dag.py:2398} INFO - Sync 1 DAGs
[2022-03-28 07:11:27,419] {logging_mixin.py:109} INFO - [2022-03-28 07:11:27,419] {dag.py:2937} INFO - Setting next_dagrun for example_bash_operator to 2022-03-27 00:00:00+00:00
[2022-03-28 07:11:27,429] {processor.py:171} INFO - Processing /home/airflow/.local/lib/python3.7/site-packages/airflow/example_dags/example_bash_operator.py took 0.075 seconds
[2022-03-28 07:11:57,813] {processor.py:163} INFO - Started process (PID=766) to work on /home/airflow/.local/lib/python3.7/site-packages/airflow/example_dags/example_bash_operator.py
[2022-03-28 07:11:57,814] {processor.py:642} INFO - Processing file /home/airflow/.local/lib/python3.7/site-packages/airflow/example_dags/example_bash_operator.py for tasks to queue
[2022-03-28 07:11:57,815] {logging_mixin.py:109} INFO - [2022-03-28 07:11:57,815] {dagbag.py:500} INFO - Filling up the DagBag from /home/airflow/.local/lib/python3.7/site-packages/airflow/example_dags/example_bash_operator.py
[2022-03-28 07:11:57,854] {processor.py:654} INFO - DAG(s) dict_keys(['example_bash_operator']) retrieved from /home/airflow/.local/lib/python3.7/site-packages/airflow/example_dags/example_bash_operator.py
[2022-03-28 07:11:57,868] {logging_mixin.py:109} INFO - [2022-03-28 07:11:57,868] {dag.py:2398} INFO - Sync 1 DAGs
[2022-03-28 07:11:57,886] {logging_mixin.py:109} INFO - [2022-03-28 07:11:57,886] {dag.py:2937} INFO - Setting next_dagrun for example_bash_operator to 2022-03-27 00:00:00+00:00
[2022-03-28 07:11:57,900] {processor.py:171} INFO - Processing /home/airflow/.local/lib/python3.7/site-packages/airflow/example_dags/example_bash_operator.py took 0.090 seconds
[2022-03-28 07:12:28,388] {processor.py:163} INFO - Started process (PID=827) to work on /home/airflow/.local/lib/python3.7/site-packages/airflow/example_dags/example_bash_operator.py
[2022-03-28 07:12:28,389] {processor.py:642} INFO - Processing file /home/airflow/.local/lib/python3.7/site-packages/airflow/example_dags/example_bash_operator.py for tasks to queue
[2022-03-28 07:12:28,390] {logging_mixin.py:109} INFO - [2022-03-28 07:12:28,390] {dagbag.py:500} INFO - Filling up the DagBag from /home/airflow/.local/lib/python3.7/site-packages/airflow/example_dags/example_bash_operator.py
[2022-03-28 07:12:28,420] {processor.py:654} INFO - DAG(s) dict_keys(['example_bash_operator']) retrieved from /home/airflow/.local/lib/python3.7/site-packages/airflow/example_dags/example_bash_operator.py
[2022-03-28 07:12:28,430] {logging_mixin.py:109} INFO - [2022-03-28 07:12:28,430] {dag.py:2398} INFO - Sync 1 DAGs
[2022-03-28 07:12:28,445] {logging_mixin.py:109} INFO - [2022-03-28 07:12:28,445] {dag.py:2937} INFO - Setting next_dagrun for example_bash_operator to 2022-03-27 00:00:00+00:00
[2022-03-28 07:12:28,455] {processor.py:171} INFO - Processing /home/airflow/.local/lib/python3.7/site-packages/airflow/example_dags/example_bash_operator.py took 0.070 seconds
[2022-03-28 07:12:58,923] {processor.py:163} INFO - Started process (PID=878) to work on /home/airflow/.local/lib/python3.7/site-packages/airflow/example_dags/example_bash_operator.py
[2022-03-28 07:12:58,925] {processor.py:642} INFO - Processing file /home/airflow/.local/lib/python3.7/site-packages/airflow/example_dags/example_bash_operator.py for tasks to queue
[2022-03-28 07:12:58,926] {logging_mixin.py:109} INFO - [2022-03-28 07:12:58,926] {dagbag.py:500} INFO - Filling up the DagBag from /home/airflow/.local/lib/python3.7/site-packages/airflow/example_dags/example_bash_operator.py
[2022-03-28 07:12:58,958] {processor.py:654} INFO - DAG(s) dict_keys(['example_bash_operator']) retrieved from /home/airflow/.local/lib/python3.7/site-packages/airflow/example_dags/example_bash_operator.py
[2022-03-28 07:12:58,970] {logging_mixin.py:109} INFO - [2022-03-28 07:12:58,970] {dag.py:2398} INFO - Sync 1 DAGs
[2022-03-28 07:12:58,987] {logging_mixin.py:109} INFO - [2022-03-28 07:12:58,987] {dag.py:2937} INFO - Setting next_dagrun for example_bash_operator to 2022-03-27 00:00:00+00:00
[2022-03-28 07:12:59,001] {processor.py:171} INFO - Processing /home/airflow/.local/lib/python3.7/site-packages/airflow/example_dags/example_bash_operator.py took 0.082 seconds
[2022-03-28 07:13:29,352] {processor.py:163} INFO - Started process (PID=936) to work on /home/airflow/.local/lib/python3.7/site-packages/airflow/example_dags/example_bash_operator.py
[2022-03-28 07:13:29,353] {processor.py:642} INFO - Processing file /home/airflow/.local/lib/python3.7/site-packages/airflow/example_dags/example_bash_operator.py for tasks to queue
[2022-03-28 07:13:29,354] {logging_mixin.py:109} INFO - [2022-03-28 07:13:29,354] {dagbag.py:500} INFO - Filling up the DagBag from /home/airflow/.local/lib/python3.7/site-packages/airflow/example_dags/example_bash_operator.py
[2022-03-28 07:13:29,390] {processor.py:654} INFO - DAG(s) dict_keys(['example_bash_operator']) retrieved from /home/airflow/.local/lib/python3.7/site-packages/airflow/example_dags/example_bash_operator.py
[2022-03-28 07:13:29,403] {logging_mixin.py:109} INFO - [2022-03-28 07:13:29,403] {dag.py:2398} INFO - Sync 1 DAGs
[2022-03-28 07:13:29,428] {logging_mixin.py:109} INFO - [2022-03-28 07:13:29,428] {dag.py:2937} INFO - Setting next_dagrun for example_bash_operator to 2022-03-27 00:00:00+00:00
[2022-03-28 07:13:29,440] {processor.py:171} INFO - Processing /home/airflow/.local/lib/python3.7/site-packages/airflow/example_dags/example_bash_operator.py took 0.091 seconds
[2022-03-28 07:13:59,902] {processor.py:163} INFO - Started process (PID=989) to work on /home/airflow/.local/lib/python3.7/site-packages/airflow/example_dags/example_bash_operator.py
[2022-03-28 07:13:59,904] {processor.py:642} INFO - Processing file /home/airflow/.local/lib/python3.7/site-packages/airflow/example_dags/example_bash_operator.py for tasks to queue
[2022-03-28 07:13:59,905] {logging_mixin.py:109} INFO - [2022-03-28 07:13:59,905] {dagbag.py:500} INFO - Filling up the DagBag from /home/airflow/.local/lib/python3.7/site-packages/airflow/example_dags/example_bash_operator.py
[2022-03-28 07:13:59,938] {processor.py:654} INFO - DAG(s) dict_keys(['example_bash_operator']) retrieved from /home/airflow/.local/lib/python3.7/site-packages/airflow/example_dags/example_bash_operator.py
[2022-03-28 07:13:59,950] {logging_mixin.py:109} INFO - [2022-03-28 07:13:59,950] {dag.py:2398} INFO - Sync 1 DAGs
[2022-03-28 07:13:59,966] {logging_mixin.py:109} INFO - [2022-03-28 07:13:59,966] {dag.py:2937} INFO - Setting next_dagrun for example_bash_operator to 2022-03-27 00:00:00+00:00
[2022-03-28 07:13:59,976] {processor.py:171} INFO - Processing /home/airflow/.local/lib/python3.7/site-packages/airflow/example_dags/example_bash_operator.py took 0.076 seconds
[2022-03-28 07:14:30,491] {processor.py:163} INFO - Started process (PID=1040) to work on /home/airflow/.local/lib/python3.7/site-packages/airflow/example_dags/example_bash_operator.py
[2022-03-28 07:14:30,492] {processor.py:642} INFO - Processing file /home/airflow/.local/lib/python3.7/site-packages/airflow/example_dags/example_bash_operator.py for tasks to queue
[2022-03-28 07:14:30,494] {logging_mixin.py:109} INFO - [2022-03-28 07:14:30,493] {dagbag.py:500} INFO - Filling up the DagBag from /home/airflow/.local/lib/python3.7/site-packages/airflow/example_dags/example_bash_operator.py
[2022-03-28 07:14:30,529] {processor.py:654} INFO - DAG(s) dict_keys(['example_bash_operator']) retrieved from /home/airflow/.local/lib/python3.7/site-packages/airflow/example_dags/example_bash_operator.py
[2022-03-28 07:14:30,541] {logging_mixin.py:109} INFO - [2022-03-28 07:14:30,541] {dag.py:2398} INFO - Sync 1 DAGs
[2022-03-28 07:14:30,560] {logging_mixin.py:109} INFO - [2022-03-28 07:14:30,560] {dag.py:2937} INFO - Setting next_dagrun for example_bash_operator to 2022-03-27 00:00:00+00:00
[2022-03-28 07:14:30,573] {processor.py:171} INFO - Processing /home/airflow/.local/lib/python3.7/site-packages/airflow/example_dags/example_bash_operator.py took 0.085 seconds
[2022-03-28 07:15:01,239] {processor.py:163} INFO - Started process (PID=1097) to work on /home/airflow/.local/lib/python3.7/site-packages/airflow/example_dags/example_bash_operator.py
[2022-03-28 07:15:01,240] {processor.py:642} INFO - Processing file /home/airflow/.local/lib/python3.7/site-packages/airflow/example_dags/example_bash_operator.py for tasks to queue
[2022-03-28 07:15:01,241] {logging_mixin.py:109} INFO - [2022-03-28 07:15:01,241] {dagbag.py:500} INFO - Filling up the DagBag from /home/airflow/.local/lib/python3.7/site-packages/airflow/example_dags/example_bash_operator.py
[2022-03-28 07:15:01,276] {processor.py:654} INFO - DAG(s) dict_keys(['example_bash_operator']) retrieved from /home/airflow/.local/lib/python3.7/site-packages/airflow/example_dags/example_bash_operator.py
[2022-03-28 07:15:01,288] {logging_mixin.py:109} INFO - [2022-03-28 07:15:01,288] {dag.py:2398} INFO - Sync 1 DAGs
[2022-03-28 07:15:01,306] {logging_mixin.py:109} INFO - [2022-03-28 07:15:01,306] {dag.py:2937} INFO - Setting next_dagrun for example_bash_operator to 2022-03-27 00:00:00+00:00
[2022-03-28 07:15:01,315] {processor.py:171} INFO - Processing /home/airflow/.local/lib/python3.7/site-packages/airflow/example_dags/example_bash_operator.py took 0.080 seconds
[2022-03-28 07:15:31,849] {processor.py:163} INFO - Started process (PID=1150) to work on /home/airflow/.local/lib/python3.7/site-packages/airflow/example_dags/example_bash_operator.py
[2022-03-28 07:15:31,850] {processor.py:642} INFO - Processing file /home/airflow/.local/lib/python3.7/site-packages/airflow/example_dags/example_bash_operator.py for tasks to queue
[2022-03-28 07:15:31,851] {logging_mixin.py:109} INFO - [2022-03-28 07:15:31,851] {dagbag.py:500} INFO - Filling up the DagBag from /home/airflow/.local/lib/python3.7/site-packages/airflow/example_dags/example_bash_operator.py
[2022-03-28 07:15:31,881] {processor.py:654} INFO - DAG(s) dict_keys(['example_bash_operator']) retrieved from /home/airflow/.local/lib/python3.7/site-packages/airflow/example_dags/example_bash_operator.py
[2022-03-28 07:15:31,891] {logging_mixin.py:109} INFO - [2022-03-28 07:15:31,891] {dag.py:2398} INFO - Sync 1 DAGs
[2022-03-28 07:15:31,906] {logging_mixin.py:109} INFO - [2022-03-28 07:15:31,906] {dag.py:2937} INFO - Setting next_dagrun for example_bash_operator to 2022-03-27 00:00:00+00:00
[2022-03-28 07:15:31,915] {processor.py:171} INFO - Processing /home/airflow/.local/lib/python3.7/site-packages/airflow/example_dags/example_bash_operator.py took 0.070 seconds
[2022-03-28 07:16:02,308] {processor.py:163} INFO - Started process (PID=1201) to work on /home/airflow/.local/lib/python3.7/site-packages/airflow/example_dags/example_bash_operator.py
[2022-03-28 07:16:02,310] {processor.py:642} INFO - Processing file /home/airflow/.local/lib/python3.7/site-packages/airflow/example_dags/example_bash_operator.py for tasks to queue
[2022-03-28 07:16:02,311] {logging_mixin.py:109} INFO - [2022-03-28 07:16:02,310] {dagbag.py:500} INFO - Filling up the DagBag from /home/airflow/.local/lib/python3.7/site-packages/airflow/example_dags/example_bash_operator.py
[2022-03-28 07:16:02,342] {processor.py:654} INFO - DAG(s) dict_keys(['example_bash_operator']) retrieved from /home/airflow/.local/lib/python3.7/site-packages/airflow/example_dags/example_bash_operator.py
[2022-03-28 07:16:02,352] {logging_mixin.py:109} INFO - [2022-03-28 07:16:02,352] {dag.py:2398} INFO - Sync 1 DAGs
[2022-03-28 07:16:02,368] {logging_mixin.py:109} INFO - [2022-03-28 07:16:02,368] {dag.py:2937} INFO - Setting next_dagrun for example_bash_operator to 2022-03-27 00:00:00+00:00
[2022-03-28 07:16:02,377] {processor.py:171} INFO - Processing /home/airflow/.local/lib/python3.7/site-packages/airflow/example_dags/example_bash_operator.py took 0.071 seconds
[2022-03-28 07:16:32,885] {processor.py:163} INFO - Started process (PID=1262) to work on /home/airflow/.local/lib/python3.7/site-packages/airflow/example_dags/example_bash_operator.py
[2022-03-28 07:16:32,887] {processor.py:642} INFO - Processing file /home/airflow/.local/lib/python3.7/site-packages/airflow/example_dags/example_bash_operator.py for tasks to queue
[2022-03-28 07:16:32,888] {logging_mixin.py:109} INFO - [2022-03-28 07:16:32,888] {dagbag.py:500} INFO - Filling up the DagBag from /home/airflow/.local/lib/python3.7/site-packages/airflow/example_dags/example_bash_operator.py
[2022-03-28 07:16:32,924] {processor.py:654} INFO - DAG(s) dict_keys(['example_bash_operator']) retrieved from /home/airflow/.local/lib/python3.7/site-packages/airflow/example_dags/example_bash_operator.py
[2022-03-28 07:16:32,937] {logging_mixin.py:109} INFO - [2022-03-28 07:16:32,936] {dag.py:2398} INFO - Sync 1 DAGs
[2022-03-28 07:16:32,955] {logging_mixin.py:109} INFO - [2022-03-28 07:16:32,955] {dag.py:2937} INFO - Setting next_dagrun for example_bash_operator to 2022-03-27 00:00:00+00:00
[2022-03-28 07:16:32,967] {processor.py:171} INFO - Processing /home/airflow/.local/lib/python3.7/site-packages/airflow/example_dags/example_bash_operator.py took 0.085 seconds
[2022-03-28 07:17:03,457] {processor.py:163} INFO - Started process (PID=1314) to work on /home/airflow/.local/lib/python3.7/site-packages/airflow/example_dags/example_bash_operator.py
[2022-03-28 07:17:03,458] {processor.py:642} INFO - Processing file /home/airflow/.local/lib/python3.7/site-packages/airflow/example_dags/example_bash_operator.py for tasks to queue
[2022-03-28 07:17:03,459] {logging_mixin.py:109} INFO - [2022-03-28 07:17:03,459] {dagbag.py:500} INFO - Filling up the DagBag from /home/airflow/.local/lib/python3.7/site-packages/airflow/example_dags/example_bash_operator.py
[2022-03-28 07:17:03,490] {processor.py:654} INFO - DAG(s) dict_keys(['example_bash_operator']) retrieved from /home/airflow/.local/lib/python3.7/site-packages/airflow/example_dags/example_bash_operator.py
[2022-03-28 07:17:03,501] {logging_mixin.py:109} INFO - [2022-03-28 07:17:03,501] {dag.py:2398} INFO - Sync 1 DAGs
[2022-03-28 07:17:03,515] {logging_mixin.py:109} INFO - [2022-03-28 07:17:03,515] {dag.py:2937} INFO - Setting next_dagrun for example_bash_operator to 2022-03-27 00:00:00+00:00
[2022-03-28 07:17:03,524] {processor.py:171} INFO - Processing /home/airflow/.local/lib/python3.7/site-packages/airflow/example_dags/example_bash_operator.py took 0.070 seconds
[2022-03-28 07:17:33,905] {processor.py:163} INFO - Started process (PID=1365) to work on /home/airflow/.local/lib/python3.7/site-packages/airflow/example_dags/example_bash_operator.py
[2022-03-28 07:17:33,906] {processor.py:642} INFO - Processing file /home/airflow/.local/lib/python3.7/site-packages/airflow/example_dags/example_bash_operator.py for tasks to queue
[2022-03-28 07:17:33,907] {logging_mixin.py:109} INFO - [2022-03-28 07:17:33,907] {dagbag.py:500} INFO - Filling up the DagBag from /home/airflow/.local/lib/python3.7/site-packages/airflow/example_dags/example_bash_operator.py
[2022-03-28 07:17:33,938] {processor.py:654} INFO - DAG(s) dict_keys(['example_bash_operator']) retrieved from /home/airflow/.local/lib/python3.7/site-packages/airflow/example_dags/example_bash_operator.py
[2022-03-28 07:17:33,948] {logging_mixin.py:109} INFO - [2022-03-28 07:17:33,948] {dag.py:2398} INFO - Sync 1 DAGs
[2022-03-28 07:17:33,962] {logging_mixin.py:109} INFO - [2022-03-28 07:17:33,962] {dag.py:2937} INFO - Setting next_dagrun for example_bash_operator to 2022-03-27 00:00:00+00:00
[2022-03-28 07:17:33,970] {processor.py:171} INFO - Processing /home/airflow/.local/lib/python3.7/site-packages/airflow/example_dags/example_bash_operator.py took 0.068 seconds
[2022-03-28 07:18:04,544] {processor.py:163} INFO - Started process (PID=1417) to work on /home/airflow/.local/lib/python3.7/site-packages/airflow/example_dags/example_bash_operator.py
[2022-03-28 07:18:04,546] {processor.py:642} INFO - Processing file /home/airflow/.local/lib/python3.7/site-packages/airflow/example_dags/example_bash_operator.py for tasks to queue
[2022-03-28 07:18:04,547] {logging_mixin.py:109} INFO - [2022-03-28 07:18:04,547] {dagbag.py:500} INFO - Filling up the DagBag from /home/airflow/.local/lib/python3.7/site-packages/airflow/example_dags/example_bash_operator.py
[2022-03-28 07:18:04,581] {processor.py:654} INFO - DAG(s) dict_keys(['example_bash_operator']) retrieved from /home/airflow/.local/lib/python3.7/site-packages/airflow/example_dags/example_bash_operator.py
[2022-03-28 07:18:04,594] {logging_mixin.py:109} INFO - [2022-03-28 07:18:04,594] {dag.py:2398} INFO - Sync 1 DAGs
[2022-03-28 07:18:04,611] {logging_mixin.py:109} INFO - [2022-03-28 07:18:04,611] {dag.py:2937} INFO - Setting next_dagrun for example_bash_operator to 2022-03-27 00:00:00+00:00
[2022-03-28 07:18:04,622] {processor.py:171} INFO - Processing /home/airflow/.local/lib/python3.7/site-packages/airflow/example_dags/example_bash_operator.py took 0.082 seconds
[2022-03-28 07:18:35,065] {processor.py:163} INFO - Started process (PID=1477) to work on /home/airflow/.local/lib/python3.7/site-packages/airflow/example_dags/example_bash_operator.py
[2022-03-28 07:18:35,067] {processor.py:642} INFO - Processing file /home/airflow/.local/lib/python3.7/site-packages/airflow/example_dags/example_bash_operator.py for tasks to queue
[2022-03-28 07:18:35,068] {logging_mixin.py:109} INFO - [2022-03-28 07:18:35,068] {dagbag.py:500} INFO - Filling up the DagBag from /home/airflow/.local/lib/python3.7/site-packages/airflow/example_dags/example_bash_operator.py
[2022-03-28 07:18:35,104] {processor.py:654} INFO - DAG(s) dict_keys(['example_bash_operator']) retrieved from /home/airflow/.local/lib/python3.7/site-packages/airflow/example_dags/example_bash_operator.py
[2022-03-28 07:18:35,115] {logging_mixin.py:109} INFO - [2022-03-28 07:18:35,115] {dag.py:2398} INFO - Sync 1 DAGs
[2022-03-28 07:18:35,134] {logging_mixin.py:109} INFO - [2022-03-28 07:18:35,134] {dag.py:2937} INFO - Setting next_dagrun for example_bash_operator to 2022-03-27 00:00:00+00:00
[2022-03-28 07:18:35,143] {processor.py:171} INFO - Processing /home/airflow/.local/lib/python3.7/site-packages/airflow/example_dags/example_bash_operator.py took 0.080 seconds
[2022-03-28 07:19:05,517] {processor.py:163} INFO - Started process (PID=1528) to work on /home/airflow/.local/lib/python3.7/site-packages/airflow/example_dags/example_bash_operator.py
[2022-03-28 07:19:05,519] {processor.py:642} INFO - Processing file /home/airflow/.local/lib/python3.7/site-packages/airflow/example_dags/example_bash_operator.py for tasks to queue
[2022-03-28 07:19:05,520] {logging_mixin.py:109} INFO - [2022-03-28 07:19:05,520] {dagbag.py:500} INFO - Filling up the DagBag from /home/airflow/.local/lib/python3.7/site-packages/airflow/example_dags/example_bash_operator.py
[2022-03-28 07:19:05,553] {processor.py:654} INFO - DAG(s) dict_keys(['example_bash_operator']) retrieved from /home/airflow/.local/lib/python3.7/site-packages/airflow/example_dags/example_bash_operator.py
[2022-03-28 07:19:05,565] {logging_mixin.py:109} INFO - [2022-03-28 07:19:05,564] {dag.py:2398} INFO - Sync 1 DAGs
[2022-03-28 07:19:05,579] {logging_mixin.py:109} INFO - [2022-03-28 07:19:05,578] {dag.py:2937} INFO - Setting next_dagrun for example_bash_operator to 2022-03-27 00:00:00+00:00
[2022-03-28 07:19:05,589] {processor.py:171} INFO - Processing /home/airflow/.local/lib/python3.7/site-packages/airflow/example_dags/example_bash_operator.py took 0.074 seconds
[2022-03-28 07:19:36,029] {processor.py:163} INFO - Started process (PID=1579) to work on /home/airflow/.local/lib/python3.7/site-packages/airflow/example_dags/example_bash_operator.py
[2022-03-28 07:19:36,031] {processor.py:642} INFO - Processing file /home/airflow/.local/lib/python3.7/site-packages/airflow/example_dags/example_bash_operator.py for tasks to queue
[2022-03-28 07:19:36,032] {logging_mixin.py:109} INFO - [2022-03-28 07:19:36,032] {dagbag.py:500} INFO - Filling up the DagBag from /home/airflow/.local/lib/python3.7/site-packages/airflow/example_dags/example_bash_operator.py
[2022-03-28 07:19:36,063] {processor.py:654} INFO - DAG(s) dict_keys(['example_bash_operator']) retrieved from /home/airflow/.local/lib/python3.7/site-packages/airflow/example_dags/example_bash_operator.py
[2022-03-28 07:19:36,073] {logging_mixin.py:109} INFO - [2022-03-28 07:19:36,073] {dag.py:2398} INFO - Sync 1 DAGs
[2022-03-28 07:19:36,089] {logging_mixin.py:109} INFO - [2022-03-28 07:19:36,089] {dag.py:2937} INFO - Setting next_dagrun for example_bash_operator to 2022-03-27 00:00:00+00:00
[2022-03-28 07:19:36,097] {processor.py:171} INFO - Processing /home/airflow/.local/lib/python3.7/site-packages/airflow/example_dags/example_bash_operator.py took 0.070 seconds
[2022-03-28 07:20:06,740] {processor.py:163} INFO - Started process (PID=1640) to work on /home/airflow/.local/lib/python3.7/site-packages/airflow/example_dags/example_bash_operator.py
[2022-03-28 07:20:06,741] {processor.py:642} INFO - Processing file /home/airflow/.local/lib/python3.7/site-packages/airflow/example_dags/example_bash_operator.py for tasks to queue
[2022-03-28 07:20:06,742] {logging_mixin.py:109} INFO - [2022-03-28 07:20:06,742] {dagbag.py:500} INFO - Filling up the DagBag from /home/airflow/.local/lib/python3.7/site-packages/airflow/example_dags/example_bash_operator.py
[2022-03-28 07:20:06,778] {processor.py:654} INFO - DAG(s) dict_keys(['example_bash_operator']) retrieved from /home/airflow/.local/lib/python3.7/site-packages/airflow/example_dags/example_bash_operator.py
[2022-03-28 07:20:06,791] {logging_mixin.py:109} INFO - [2022-03-28 07:20:06,791] {dag.py:2398} INFO - Sync 1 DAGs
[2022-03-28 07:20:06,808] {logging_mixin.py:109} INFO - [2022-03-28 07:20:06,808] {dag.py:2937} INFO - Setting next_dagrun for example_bash_operator to 2022-03-27 00:00:00+00:00
[2022-03-28 07:20:06,820] {processor.py:171} INFO - Processing /home/airflow/.local/lib/python3.7/site-packages/airflow/example_dags/example_bash_operator.py took 0.083 seconds
[2022-03-28 07:20:37,089] {processor.py:163} INFO - Started process (PID=1692) to work on /home/airflow/.local/lib/python3.7/site-packages/airflow/example_dags/example_bash_operator.py
[2022-03-28 07:20:37,090] {processor.py:642} INFO - Processing file /home/airflow/.local/lib/python3.7/site-packages/airflow/example_dags/example_bash_operator.py for tasks to queue
[2022-03-28 07:20:37,091] {logging_mixin.py:109} INFO - [2022-03-28 07:20:37,091] {dagbag.py:500} INFO - Filling up the DagBag from /home/airflow/.local/lib/python3.7/site-packages/airflow/example_dags/example_bash_operator.py
[2022-03-28 07:20:37,124] {processor.py:654} INFO - DAG(s) dict_keys(['example_bash_operator']) retrieved from /home/airflow/.local/lib/python3.7/site-packages/airflow/example_dags/example_bash_operator.py
[2022-03-28 07:20:37,135] {logging_mixin.py:109} INFO - [2022-03-28 07:20:37,135] {dag.py:2398} INFO - Sync 1 DAGs
[2022-03-28 07:20:37,152] {logging_mixin.py:109} INFO - [2022-03-28 07:20:37,152] {dag.py:2937} INFO - Setting next_dagrun for example_bash_operator to 2022-03-27 00:00:00+00:00
[2022-03-28 07:20:37,162] {processor.py:171} INFO - Processing /home/airflow/.local/lib/python3.7/site-packages/airflow/example_dags/example_bash_operator.py took 0.076 seconds
[2022-03-28 07:21:07,627] {processor.py:163} INFO - Started process (PID=1743) to work on /home/airflow/.local/lib/python3.7/site-packages/airflow/example_dags/example_bash_operator.py
[2022-03-28 07:21:07,628] {processor.py:642} INFO - Processing file /home/airflow/.local/lib/python3.7/site-packages/airflow/example_dags/example_bash_operator.py for tasks to queue
[2022-03-28 07:21:07,629] {logging_mixin.py:109} INFO - [2022-03-28 07:21:07,629] {dagbag.py:500} INFO - Filling up the DagBag from /home/airflow/.local/lib/python3.7/site-packages/airflow/example_dags/example_bash_operator.py
[2022-03-28 07:21:07,661] {processor.py:654} INFO - DAG(s) dict_keys(['example_bash_operator']) retrieved from /home/airflow/.local/lib/python3.7/site-packages/airflow/example_dags/example_bash_operator.py
[2022-03-28 07:21:07,672] {logging_mixin.py:109} INFO - [2022-03-28 07:21:07,672] {dag.py:2398} INFO - Sync 1 DAGs
[2022-03-28 07:21:07,690] {logging_mixin.py:109} INFO - [2022-03-28 07:21:07,690] {dag.py:2937} INFO - Setting next_dagrun for example_bash_operator to 2022-03-27 00:00:00+00:00
[2022-03-28 07:21:07,702] {processor.py:171} INFO - Processing /home/airflow/.local/lib/python3.7/site-packages/airflow/example_dags/example_bash_operator.py took 0.077 seconds
[2022-03-28 07:21:37,907] {processor.py:163} INFO - Started process (PID=1803) to work on /home/airflow/.local/lib/python3.7/site-packages/airflow/example_dags/example_bash_operator.py
[2022-03-28 07:21:37,908] {processor.py:642} INFO - Processing file /home/airflow/.local/lib/python3.7/site-packages/airflow/example_dags/example_bash_operator.py for tasks to queue
[2022-03-28 07:21:37,909] {logging_mixin.py:109} INFO - [2022-03-28 07:21:37,909] {dagbag.py:500} INFO - Filling up the DagBag from /home/airflow/.local/lib/python3.7/site-packages/airflow/example_dags/example_bash_operator.py
[2022-03-28 07:21:37,939] {processor.py:654} INFO - DAG(s) dict_keys(['example_bash_operator']) retrieved from /home/airflow/.local/lib/python3.7/site-packages/airflow/example_dags/example_bash_operator.py
[2022-03-28 07:21:37,949] {logging_mixin.py:109} INFO - [2022-03-28 07:21:37,949] {dag.py:2398} INFO - Sync 1 DAGs
[2022-03-28 07:21:37,964] {logging_mixin.py:109} INFO - [2022-03-28 07:21:37,964] {dag.py:2937} INFO - Setting next_dagrun for example_bash_operator to 2022-03-27 00:00:00+00:00
[2022-03-28 07:21:37,974] {processor.py:171} INFO - Processing /home/airflow/.local/lib/python3.7/site-packages/airflow/example_dags/example_bash_operator.py took 0.069 seconds
[2022-03-28 07:22:08,099] {processor.py:163} INFO - Started process (PID=1854) to work on /home/airflow/.local/lib/python3.7/site-packages/airflow/example_dags/example_bash_operator.py
[2022-03-28 07:22:08,101] {processor.py:642} INFO - Processing file /home/airflow/.local/lib/python3.7/site-packages/airflow/example_dags/example_bash_operator.py for tasks to queue
[2022-03-28 07:22:08,102] {logging_mixin.py:109} INFO - [2022-03-28 07:22:08,101] {dagbag.py:500} INFO - Filling up the DagBag from /home/airflow/.local/lib/python3.7/site-packages/airflow/example_dags/example_bash_operator.py
[2022-03-28 07:22:08,142] {processor.py:654} INFO - DAG(s) dict_keys(['example_bash_operator']) retrieved from /home/airflow/.local/lib/python3.7/site-packages/airflow/example_dags/example_bash_operator.py
[2022-03-28 07:22:08,152] {logging_mixin.py:109} INFO - [2022-03-28 07:22:08,152] {dag.py:2398} INFO - Sync 1 DAGs
[2022-03-28 07:22:08,171] {logging_mixin.py:109} INFO - [2022-03-28 07:22:08,170] {dag.py:2937} INFO - Setting next_dagrun for example_bash_operator to 2022-03-27 00:00:00+00:00
[2022-03-28 07:22:08,182] {processor.py:171} INFO - Processing /home/airflow/.local/lib/python3.7/site-packages/airflow/example_dags/example_bash_operator.py took 0.086 seconds
[2022-03-28 07:22:38,668] {processor.py:163} INFO - Started process (PID=1905) to work on /home/airflow/.local/lib/python3.7/site-packages/airflow/example_dags/example_bash_operator.py
[2022-03-28 07:22:38,670] {processor.py:642} INFO - Processing file /home/airflow/.local/lib/python3.7/site-packages/airflow/example_dags/example_bash_operator.py for tasks to queue
[2022-03-28 07:22:38,671] {logging_mixin.py:109} INFO - [2022-03-28 07:22:38,671] {dagbag.py:500} INFO - Filling up the DagBag from /home/airflow/.local/lib/python3.7/site-packages/airflow/example_dags/example_bash_operator.py
[2022-03-28 07:22:38,718] {processor.py:654} INFO - DAG(s) dict_keys(['example_bash_operator']) retrieved from /home/airflow/.local/lib/python3.7/site-packages/airflow/example_dags/example_bash_operator.py
[2022-03-28 07:22:38,737] {logging_mixin.py:109} INFO - [2022-03-28 07:22:38,736] {dag.py:2398} INFO - Sync 1 DAGs
[2022-03-28 07:22:38,772] {logging_mixin.py:109} INFO - [2022-03-28 07:22:38,771] {dag.py:2937} INFO - Setting next_dagrun for example_bash_operator to 2022-03-27 00:00:00+00:00
[2022-03-28 07:22:38,787] {processor.py:171} INFO - Processing /home/airflow/.local/lib/python3.7/site-packages/airflow/example_dags/example_bash_operator.py took 0.122 seconds
[2022-03-28 07:23:09,123] {processor.py:163} INFO - Started process (PID=1963) to work on /home/airflow/.local/lib/python3.7/site-packages/airflow/example_dags/example_bash_operator.py
[2022-03-28 07:23:09,125] {processor.py:642} INFO - Processing file /home/airflow/.local/lib/python3.7/site-packages/airflow/example_dags/example_bash_operator.py for tasks to queue
[2022-03-28 07:23:09,126] {logging_mixin.py:109} INFO - [2022-03-28 07:23:09,126] {dagbag.py:500} INFO - Filling up the DagBag from /home/airflow/.local/lib/python3.7/site-packages/airflow/example_dags/example_bash_operator.py
[2022-03-28 07:23:09,166] {processor.py:654} INFO - DAG(s) dict_keys(['example_bash_operator']) retrieved from /home/airflow/.local/lib/python3.7/site-packages/airflow/example_dags/example_bash_operator.py
[2022-03-28 07:23:09,178] {logging_mixin.py:109} INFO - [2022-03-28 07:23:09,178] {dag.py:2398} INFO - Sync 1 DAGs
[2022-03-28 07:23:09,197] {logging_mixin.py:109} INFO - [2022-03-28 07:23:09,197] {dag.py:2937} INFO - Setting next_dagrun for example_bash_operator to 2022-03-27 00:00:00+00:00
[2022-03-28 07:23:09,208] {processor.py:171} INFO - Processing /home/airflow/.local/lib/python3.7/site-packages/airflow/example_dags/example_bash_operator.py took 0.089 seconds
[2022-03-28 07:23:39,819] {processor.py:163} INFO - Started process (PID=2017) to work on /home/airflow/.local/lib/python3.7/site-packages/airflow/example_dags/example_bash_operator.py
[2022-03-28 07:23:39,821] {processor.py:642} INFO - Processing file /home/airflow/.local/lib/python3.7/site-packages/airflow/example_dags/example_bash_operator.py for tasks to queue
[2022-03-28 07:23:39,822] {logging_mixin.py:109} INFO - [2022-03-28 07:23:39,822] {dagbag.py:500} INFO - Filling up the DagBag from /home/airflow/.local/lib/python3.7/site-packages/airflow/example_dags/example_bash_operator.py
[2022-03-28 07:23:39,877] {processor.py:654} INFO - DAG(s) dict_keys(['example_bash_operator']) retrieved from /home/airflow/.local/lib/python3.7/site-packages/airflow/example_dags/example_bash_operator.py
[2022-03-28 07:23:39,893] {logging_mixin.py:109} INFO - [2022-03-28 07:23:39,893] {dag.py:2398} INFO - Sync 1 DAGs
[2022-03-28 07:23:39,916] {logging_mixin.py:109} INFO - [2022-03-28 07:23:39,915] {dag.py:2937} INFO - Setting next_dagrun for example_bash_operator to 2022-03-27 00:00:00+00:00
[2022-03-28 07:23:39,928] {processor.py:171} INFO - Processing /home/airflow/.local/lib/python3.7/site-packages/airflow/example_dags/example_bash_operator.py took 0.114 seconds
[2022-03-28 07:24:10,410] {processor.py:163} INFO - Started process (PID=2069) to work on /home/airflow/.local/lib/python3.7/site-packages/airflow/example_dags/example_bash_operator.py
[2022-03-28 07:24:10,412] {processor.py:642} INFO - Processing file /home/airflow/.local/lib/python3.7/site-packages/airflow/example_dags/example_bash_operator.py for tasks to queue
[2022-03-28 07:24:10,413] {logging_mixin.py:109} INFO - [2022-03-28 07:24:10,413] {dagbag.py:500} INFO - Filling up the DagBag from /home/airflow/.local/lib/python3.7/site-packages/airflow/example_dags/example_bash_operator.py
[2022-03-28 07:24:10,457] {processor.py:654} INFO - DAG(s) dict_keys(['example_bash_operator']) retrieved from /home/airflow/.local/lib/python3.7/site-packages/airflow/example_dags/example_bash_operator.py
[2022-03-28 07:24:10,469] {logging_mixin.py:109} INFO - [2022-03-28 07:24:10,469] {dag.py:2398} INFO - Sync 1 DAGs
[2022-03-28 07:24:10,489] {logging_mixin.py:109} INFO - [2022-03-28 07:24:10,488] {dag.py:2937} INFO - Setting next_dagrun for example_bash_operator to 2022-03-27 00:00:00+00:00
[2022-03-28 07:24:10,502] {processor.py:171} INFO - Processing /home/airflow/.local/lib/python3.7/site-packages/airflow/example_dags/example_bash_operator.py took 0.096 seconds
[2022-03-28 07:24:40,662] {processor.py:163} INFO - Started process (PID=2120) to work on /home/airflow/.local/lib/python3.7/site-packages/airflow/example_dags/example_bash_operator.py
[2022-03-28 07:24:40,664] {processor.py:642} INFO - Processing file /home/airflow/.local/lib/python3.7/site-packages/airflow/example_dags/example_bash_operator.py for tasks to queue
[2022-03-28 07:24:40,665] {logging_mixin.py:109} INFO - [2022-03-28 07:24:40,665] {dagbag.py:500} INFO - Filling up the DagBag from /home/airflow/.local/lib/python3.7/site-packages/airflow/example_dags/example_bash_operator.py
[2022-03-28 07:24:40,697] {processor.py:654} INFO - DAG(s) dict_keys(['example_bash_operator']) retrieved from /home/airflow/.local/lib/python3.7/site-packages/airflow/example_dags/example_bash_operator.py
[2022-03-28 07:24:40,707] {logging_mixin.py:109} INFO - [2022-03-28 07:24:40,707] {dag.py:2398} INFO - Sync 1 DAGs
[2022-03-28 07:24:40,723] {logging_mixin.py:109} INFO - [2022-03-28 07:24:40,723] {dag.py:2937} INFO - Setting next_dagrun for example_bash_operator to 2022-03-27 00:00:00+00:00
[2022-03-28 07:24:40,733] {processor.py:171} INFO - Processing /home/airflow/.local/lib/python3.7/site-packages/airflow/example_dags/example_bash_operator.py took 0.074 seconds
[2022-03-28 07:25:10,786] {processor.py:163} INFO - Started process (PID=2171) to work on /home/airflow/.local/lib/python3.7/site-packages/airflow/example_dags/example_bash_operator.py
[2022-03-28 07:25:10,787] {processor.py:642} INFO - Processing file /home/airflow/.local/lib/python3.7/site-packages/airflow/example_dags/example_bash_operator.py for tasks to queue
[2022-03-28 07:25:10,788] {logging_mixin.py:109} INFO - [2022-03-28 07:25:10,788] {dagbag.py:500} INFO - Filling up the DagBag from /home/airflow/.local/lib/python3.7/site-packages/airflow/example_dags/example_bash_operator.py
[2022-03-28 07:25:10,813] {processor.py:654} INFO - DAG(s) dict_keys(['example_bash_operator']) retrieved from /home/airflow/.local/lib/python3.7/site-packages/airflow/example_dags/example_bash_operator.py
[2022-03-28 07:25:10,822] {logging_mixin.py:109} INFO - [2022-03-28 07:25:10,822] {dag.py:2398} INFO - Sync 1 DAGs
[2022-03-28 07:25:10,835] {logging_mixin.py:109} INFO - [2022-03-28 07:25:10,835] {dag.py:2937} INFO - Setting next_dagrun for example_bash_operator to 2022-03-27 00:00:00+00:00
[2022-03-28 07:25:10,844] {processor.py:171} INFO - Processing /home/airflow/.local/lib/python3.7/site-packages/airflow/example_dags/example_bash_operator.py took 0.060 seconds
[2022-03-28 07:25:40,899] {processor.py:163} INFO - Started process (PID=2232) to work on /home/airflow/.local/lib/python3.7/site-packages/airflow/example_dags/example_bash_operator.py
[2022-03-28 07:25:40,901] {processor.py:642} INFO - Processing file /home/airflow/.local/lib/python3.7/site-packages/airflow/example_dags/example_bash_operator.py for tasks to queue
[2022-03-28 07:25:40,901] {logging_mixin.py:109} INFO - [2022-03-28 07:25:40,901] {dagbag.py:500} INFO - Filling up the DagBag from /home/airflow/.local/lib/python3.7/site-packages/airflow/example_dags/example_bash_operator.py
[2022-03-28 07:25:40,933] {processor.py:654} INFO - DAG(s) dict_keys(['example_bash_operator']) retrieved from /home/airflow/.local/lib/python3.7/site-packages/airflow/example_dags/example_bash_operator.py
[2022-03-28 07:25:40,946] {logging_mixin.py:109} INFO - [2022-03-28 07:25:40,946] {dag.py:2398} INFO - Sync 1 DAGs
[2022-03-28 07:25:40,965] {logging_mixin.py:109} INFO - [2022-03-28 07:25:40,965] {dag.py:2937} INFO - Setting next_dagrun for example_bash_operator to 2022-03-27 00:00:00+00:00
[2022-03-28 07:25:40,974] {processor.py:171} INFO - Processing /home/airflow/.local/lib/python3.7/site-packages/airflow/example_dags/example_bash_operator.py took 0.078 seconds
[2022-03-28 07:26:11,664] {processor.py:163} INFO - Started process (PID=2283) to work on /home/airflow/.local/lib/python3.7/site-packages/airflow/example_dags/example_bash_operator.py
[2022-03-28 07:26:11,665] {processor.py:642} INFO - Processing file /home/airflow/.local/lib/python3.7/site-packages/airflow/example_dags/example_bash_operator.py for tasks to queue
[2022-03-28 07:26:11,666] {logging_mixin.py:109} INFO - [2022-03-28 07:26:11,666] {dagbag.py:500} INFO - Filling up the DagBag from /home/airflow/.local/lib/python3.7/site-packages/airflow/example_dags/example_bash_operator.py
[2022-03-28 07:26:11,699] {processor.py:654} INFO - DAG(s) dict_keys(['example_bash_operator']) retrieved from /home/airflow/.local/lib/python3.7/site-packages/airflow/example_dags/example_bash_operator.py
[2022-03-28 07:26:11,710] {logging_mixin.py:109} INFO - [2022-03-28 07:26:11,710] {dag.py:2398} INFO - Sync 1 DAGs
[2022-03-28 07:26:11,725] {logging_mixin.py:109} INFO - [2022-03-28 07:26:11,725] {dag.py:2937} INFO - Setting next_dagrun for example_bash_operator to 2022-03-27 00:00:00+00:00
[2022-03-28 07:26:11,733] {processor.py:171} INFO - Processing /home/airflow/.local/lib/python3.7/site-packages/airflow/example_dags/example_bash_operator.py took 0.072 seconds
[2022-03-28 07:26:42,434] {processor.py:163} INFO - Started process (PID=2334) to work on /home/airflow/.local/lib/python3.7/site-packages/airflow/example_dags/example_bash_operator.py
[2022-03-28 07:26:42,435] {processor.py:642} INFO - Processing file /home/airflow/.local/lib/python3.7/site-packages/airflow/example_dags/example_bash_operator.py for tasks to queue
[2022-03-28 07:26:42,436] {logging_mixin.py:109} INFO - [2022-03-28 07:26:42,436] {dagbag.py:500} INFO - Filling up the DagBag from /home/airflow/.local/lib/python3.7/site-packages/airflow/example_dags/example_bash_operator.py
[2022-03-28 07:26:42,468] {processor.py:654} INFO - DAG(s) dict_keys(['example_bash_operator']) retrieved from /home/airflow/.local/lib/python3.7/site-packages/airflow/example_dags/example_bash_operator.py
[2022-03-28 07:26:42,478] {logging_mixin.py:109} INFO - [2022-03-28 07:26:42,478] {dag.py:2398} INFO - Sync 1 DAGs
[2022-03-28 07:26:42,495] {logging_mixin.py:109} INFO - [2022-03-28 07:26:42,495] {dag.py:2937} INFO - Setting next_dagrun for example_bash_operator to 2022-03-27 00:00:00+00:00
[2022-03-28 07:26:42,504] {processor.py:171} INFO - Processing /home/airflow/.local/lib/python3.7/site-packages/airflow/example_dags/example_bash_operator.py took 0.073 seconds
[2022-03-28 07:27:13,018] {processor.py:163} INFO - Started process (PID=2395) to work on /home/airflow/.local/lib/python3.7/site-packages/airflow/example_dags/example_bash_operator.py
[2022-03-28 07:27:13,019] {processor.py:642} INFO - Processing file /home/airflow/.local/lib/python3.7/site-packages/airflow/example_dags/example_bash_operator.py for tasks to queue
[2022-03-28 07:27:13,020] {logging_mixin.py:109} INFO - [2022-03-28 07:27:13,020] {dagbag.py:500} INFO - Filling up the DagBag from /home/airflow/.local/lib/python3.7/site-packages/airflow/example_dags/example_bash_operator.py
[2022-03-28 07:27:13,047] {processor.py:654} INFO - DAG(s) dict_keys(['example_bash_operator']) retrieved from /home/airflow/.local/lib/python3.7/site-packages/airflow/example_dags/example_bash_operator.py
[2022-03-28 07:27:13,057] {logging_mixin.py:109} INFO - [2022-03-28 07:27:13,057] {dag.py:2398} INFO - Sync 1 DAGs
[2022-03-28 07:27:13,073] {logging_mixin.py:109} INFO - [2022-03-28 07:27:13,073] {dag.py:2937} INFO - Setting next_dagrun for example_bash_operator to 2022-03-27 00:00:00+00:00
[2022-03-28 07:27:13,082] {processor.py:171} INFO - Processing /home/airflow/.local/lib/python3.7/site-packages/airflow/example_dags/example_bash_operator.py took 0.067 seconds
[2022-03-28 07:27:43,827] {processor.py:163} INFO - Started process (PID=2446) to work on /home/airflow/.local/lib/python3.7/site-packages/airflow/example_dags/example_bash_operator.py
[2022-03-28 07:27:43,828] {processor.py:642} INFO - Processing file /home/airflow/.local/lib/python3.7/site-packages/airflow/example_dags/example_bash_operator.py for tasks to queue
[2022-03-28 07:27:43,829] {logging_mixin.py:109} INFO - [2022-03-28 07:27:43,828] {dagbag.py:500} INFO - Filling up the DagBag from /home/airflow/.local/lib/python3.7/site-packages/airflow/example_dags/example_bash_operator.py
[2022-03-28 07:27:43,853] {processor.py:654} INFO - DAG(s) dict_keys(['example_bash_operator']) retrieved from /home/airflow/.local/lib/python3.7/site-packages/airflow/example_dags/example_bash_operator.py
[2022-03-28 07:27:43,862] {logging_mixin.py:109} INFO - [2022-03-28 07:27:43,862] {dag.py:2398} INFO - Sync 1 DAGs
[2022-03-28 07:27:43,877] {logging_mixin.py:109} INFO - [2022-03-28 07:27:43,876] {dag.py:2937} INFO - Setting next_dagrun for example_bash_operator to 2022-03-27 00:00:00+00:00
[2022-03-28 07:27:43,886] {processor.py:171} INFO - Processing /home/airflow/.local/lib/python3.7/site-packages/airflow/example_dags/example_bash_operator.py took 0.062 seconds
[2022-03-28 07:28:14,317] {processor.py:163} INFO - Started process (PID=2506) to work on /home/airflow/.local/lib/python3.7/site-packages/airflow/example_dags/example_bash_operator.py
[2022-03-28 07:28:14,318] {processor.py:642} INFO - Processing file /home/airflow/.local/lib/python3.7/site-packages/airflow/example_dags/example_bash_operator.py for tasks to queue
[2022-03-28 07:28:14,319] {logging_mixin.py:109} INFO - [2022-03-28 07:28:14,319] {dagbag.py:500} INFO - Filling up the DagBag from /home/airflow/.local/lib/python3.7/site-packages/airflow/example_dags/example_bash_operator.py
[2022-03-28 07:28:14,350] {processor.py:654} INFO - DAG(s) dict_keys(['example_bash_operator']) retrieved from /home/airflow/.local/lib/python3.7/site-packages/airflow/example_dags/example_bash_operator.py
[2022-03-28 07:28:14,361] {logging_mixin.py:109} INFO - [2022-03-28 07:28:14,361] {dag.py:2398} INFO - Sync 1 DAGs
[2022-03-28 07:28:14,383] {logging_mixin.py:109} INFO - [2022-03-28 07:28:14,383] {dag.py:2937} INFO - Setting next_dagrun for example_bash_operator to 2022-03-27 00:00:00+00:00
[2022-03-28 07:28:14,395] {processor.py:171} INFO - Processing /home/airflow/.local/lib/python3.7/site-packages/airflow/example_dags/example_bash_operator.py took 0.081 seconds
[2022-03-28 07:28:45,099] {processor.py:163} INFO - Started process (PID=2558) to work on /home/airflow/.local/lib/python3.7/site-packages/airflow/example_dags/example_bash_operator.py
[2022-03-28 07:28:45,100] {processor.py:642} INFO - Processing file /home/airflow/.local/lib/python3.7/site-packages/airflow/example_dags/example_bash_operator.py for tasks to queue
[2022-03-28 07:28:45,101] {logging_mixin.py:109} INFO - [2022-03-28 07:28:45,100] {dagbag.py:500} INFO - Filling up the DagBag from /home/airflow/.local/lib/python3.7/site-packages/airflow/example_dags/example_bash_operator.py
[2022-03-28 07:28:45,135] {processor.py:654} INFO - DAG(s) dict_keys(['example_bash_operator']) retrieved from /home/airflow/.local/lib/python3.7/site-packages/airflow/example_dags/example_bash_operator.py
[2022-03-28 07:28:45,148] {logging_mixin.py:109} INFO - [2022-03-28 07:28:45,148] {dag.py:2398} INFO - Sync 1 DAGs
[2022-03-28 07:28:45,165] {logging_mixin.py:109} INFO - [2022-03-28 07:28:45,165] {dag.py:2937} INFO - Setting next_dagrun for example_bash_operator to 2022-03-27 00:00:00+00:00
[2022-03-28 07:28:45,175] {processor.py:171} INFO - Processing /home/airflow/.local/lib/python3.7/site-packages/airflow/example_dags/example_bash_operator.py took 0.079 seconds
[2022-03-28 07:29:15,918] {processor.py:163} INFO - Started process (PID=2609) to work on /home/airflow/.local/lib/python3.7/site-packages/airflow/example_dags/example_bash_operator.py
[2022-03-28 07:29:15,919] {processor.py:642} INFO - Processing file /home/airflow/.local/lib/python3.7/site-packages/airflow/example_dags/example_bash_operator.py for tasks to queue
[2022-03-28 07:29:15,920] {logging_mixin.py:109} INFO - [2022-03-28 07:29:15,919] {dagbag.py:500} INFO - Filling up the DagBag from /home/airflow/.local/lib/python3.7/site-packages/airflow/example_dags/example_bash_operator.py
[2022-03-28 07:29:15,948] {processor.py:654} INFO - DAG(s) dict_keys(['example_bash_operator']) retrieved from /home/airflow/.local/lib/python3.7/site-packages/airflow/example_dags/example_bash_operator.py
[2022-03-28 07:29:15,957] {logging_mixin.py:109} INFO - [2022-03-28 07:29:15,957] {dag.py:2398} INFO - Sync 1 DAGs
[2022-03-28 07:29:15,972] {logging_mixin.py:109} INFO - [2022-03-28 07:29:15,972] {dag.py:2937} INFO - Setting next_dagrun for example_bash_operator to 2022-03-27 00:00:00+00:00
[2022-03-28 07:29:15,983] {processor.py:171} INFO - Processing /home/airflow/.local/lib/python3.7/site-packages/airflow/example_dags/example_bash_operator.py took 0.068 seconds
[2022-03-28 07:29:46,590] {processor.py:163} INFO - Started process (PID=2671) to work on /home/airflow/.local/lib/python3.7/site-packages/airflow/example_dags/example_bash_operator.py
[2022-03-28 07:29:46,591] {processor.py:642} INFO - Processing file /home/airflow/.local/lib/python3.7/site-packages/airflow/example_dags/example_bash_operator.py for tasks to queue
[2022-03-28 07:29:46,592] {logging_mixin.py:109} INFO - [2022-03-28 07:29:46,592] {dagbag.py:500} INFO - Filling up the DagBag from /home/airflow/.local/lib/python3.7/site-packages/airflow/example_dags/example_bash_operator.py
[2022-03-28 07:29:46,626] {processor.py:654} INFO - DAG(s) dict_keys(['example_bash_operator']) retrieved from /home/airflow/.local/lib/python3.7/site-packages/airflow/example_dags/example_bash_operator.py
[2022-03-28 07:29:46,638] {logging_mixin.py:109} INFO - [2022-03-28 07:29:46,638] {dag.py:2398} INFO - Sync 1 DAGs
[2022-03-28 07:29:46,657] {logging_mixin.py:109} INFO - [2022-03-28 07:29:46,657] {dag.py:2937} INFO - Setting next_dagrun for example_bash_operator to 2022-03-27 00:00:00+00:00
[2022-03-28 07:29:46,669] {processor.py:171} INFO - Processing /home/airflow/.local/lib/python3.7/site-packages/airflow/example_dags/example_bash_operator.py took 0.082 seconds
[2022-03-28 07:30:17,246] {processor.py:163} INFO - Started process (PID=2722) to work on /home/airflow/.local/lib/python3.7/site-packages/airflow/example_dags/example_bash_operator.py
[2022-03-28 07:30:17,249] {processor.py:642} INFO - Processing file /home/airflow/.local/lib/python3.7/site-packages/airflow/example_dags/example_bash_operator.py for tasks to queue
[2022-03-28 07:30:17,250] {logging_mixin.py:109} INFO - [2022-03-28 07:30:17,250] {dagbag.py:500} INFO - Filling up the DagBag from /home/airflow/.local/lib/python3.7/site-packages/airflow/example_dags/example_bash_operator.py
[2022-03-28 07:30:17,296] {processor.py:654} INFO - DAG(s) dict_keys(['example_bash_operator']) retrieved from /home/airflow/.local/lib/python3.7/site-packages/airflow/example_dags/example_bash_operator.py
[2022-03-28 07:30:17,309] {logging_mixin.py:109} INFO - [2022-03-28 07:30:17,309] {dag.py:2398} INFO - Sync 1 DAGs
[2022-03-28 07:30:17,328] {logging_mixin.py:109} INFO - [2022-03-28 07:30:17,328] {dag.py:2937} INFO - Setting next_dagrun for example_bash_operator to 2022-03-27 00:00:00+00:00
[2022-03-28 07:30:17,339] {processor.py:171} INFO - Processing /home/airflow/.local/lib/python3.7/site-packages/airflow/example_dags/example_bash_operator.py took 0.096 seconds
[2022-03-28 07:30:47,459] {processor.py:163} INFO - Started process (PID=2781) to work on /home/airflow/.local/lib/python3.7/site-packages/airflow/example_dags/example_bash_operator.py
[2022-03-28 07:30:47,460] {processor.py:642} INFO - Processing file /home/airflow/.local/lib/python3.7/site-packages/airflow/example_dags/example_bash_operator.py for tasks to queue
[2022-03-28 07:30:47,461] {logging_mixin.py:109} INFO - [2022-03-28 07:30:47,461] {dagbag.py:500} INFO - Filling up the DagBag from /home/airflow/.local/lib/python3.7/site-packages/airflow/example_dags/example_bash_operator.py
[2022-03-28 07:30:47,515] {processor.py:654} INFO - DAG(s) dict_keys(['example_bash_operator']) retrieved from /home/airflow/.local/lib/python3.7/site-packages/airflow/example_dags/example_bash_operator.py
[2022-03-28 07:30:47,535] {logging_mixin.py:109} INFO - [2022-03-28 07:30:47,535] {dag.py:2398} INFO - Sync 1 DAGs
[2022-03-28 07:30:47,562] {logging_mixin.py:109} INFO - [2022-03-28 07:30:47,561] {dag.py:2937} INFO - Setting next_dagrun for example_bash_operator to 2022-03-27 00:00:00+00:00
[2022-03-28 07:30:47,573] {processor.py:171} INFO - Processing /home/airflow/.local/lib/python3.7/site-packages/airflow/example_dags/example_bash_operator.py took 0.118 seconds
[2022-03-28 07:31:17,695] {processor.py:163} INFO - Started process (PID=2834) to work on /home/airflow/.local/lib/python3.7/site-packages/airflow/example_dags/example_bash_operator.py
[2022-03-28 07:31:17,698] {processor.py:642} INFO - Processing file /home/airflow/.local/lib/python3.7/site-packages/airflow/example_dags/example_bash_operator.py for tasks to queue
[2022-03-28 07:31:17,700] {logging_mixin.py:109} INFO - [2022-03-28 07:31:17,700] {dagbag.py:500} INFO - Filling up the DagBag from /home/airflow/.local/lib/python3.7/site-packages/airflow/example_dags/example_bash_operator.py
[2022-03-28 07:31:17,780] {processor.py:654} INFO - DAG(s) dict_keys(['example_bash_operator']) retrieved from /home/airflow/.local/lib/python3.7/site-packages/airflow/example_dags/example_bash_operator.py
[2022-03-28 07:31:17,807] {logging_mixin.py:109} INFO - [2022-03-28 07:31:17,806] {dag.py:2398} INFO - Sync 1 DAGs
[2022-03-28 07:31:17,843] {logging_mixin.py:109} INFO - [2022-03-28 07:31:17,843] {dag.py:2937} INFO - Setting next_dagrun for example_bash_operator to 2022-03-27 00:00:00+00:00
[2022-03-28 07:31:17,865] {processor.py:171} INFO - Processing /home/airflow/.local/lib/python3.7/site-packages/airflow/example_dags/example_bash_operator.py took 0.175 seconds
[2022-03-28 07:31:48,037] {processor.py:163} INFO - Started process (PID=2886) to work on /home/airflow/.local/lib/python3.7/site-packages/airflow/example_dags/example_bash_operator.py
[2022-03-28 07:31:48,039] {processor.py:642} INFO - Processing file /home/airflow/.local/lib/python3.7/site-packages/airflow/example_dags/example_bash_operator.py for tasks to queue
[2022-03-28 07:31:48,040] {logging_mixin.py:109} INFO - [2022-03-28 07:31:48,040] {dagbag.py:500} INFO - Filling up the DagBag from /home/airflow/.local/lib/python3.7/site-packages/airflow/example_dags/example_bash_operator.py
[2022-03-28 07:31:48,095] {processor.py:654} INFO - DAG(s) dict_keys(['example_bash_operator']) retrieved from /home/airflow/.local/lib/python3.7/site-packages/airflow/example_dags/example_bash_operator.py
[2022-03-28 07:31:48,114] {logging_mixin.py:109} INFO - [2022-03-28 07:31:48,114] {dag.py:2398} INFO - Sync 1 DAGs
[2022-03-28 07:31:48,143] {logging_mixin.py:109} INFO - [2022-03-28 07:31:48,143] {dag.py:2937} INFO - Setting next_dagrun for example_bash_operator to 2022-03-27 00:00:00+00:00
[2022-03-28 07:31:48,158] {processor.py:171} INFO - Processing /home/airflow/.local/lib/python3.7/site-packages/airflow/example_dags/example_bash_operator.py took 0.125 seconds
[2022-03-28 07:32:18,839] {processor.py:163} INFO - Started process (PID=2937) to work on /home/airflow/.local/lib/python3.7/site-packages/airflow/example_dags/example_bash_operator.py
[2022-03-28 07:32:18,840] {processor.py:642} INFO - Processing file /home/airflow/.local/lib/python3.7/site-packages/airflow/example_dags/example_bash_operator.py for tasks to queue
[2022-03-28 07:32:18,841] {logging_mixin.py:109} INFO - [2022-03-28 07:32:18,841] {dagbag.py:500} INFO - Filling up the DagBag from /home/airflow/.local/lib/python3.7/site-packages/airflow/example_dags/example_bash_operator.py
[2022-03-28 07:32:18,884] {processor.py:654} INFO - DAG(s) dict_keys(['example_bash_operator']) retrieved from /home/airflow/.local/lib/python3.7/site-packages/airflow/example_dags/example_bash_operator.py
[2022-03-28 07:32:18,897] {logging_mixin.py:109} INFO - [2022-03-28 07:32:18,897] {dag.py:2398} INFO - Sync 1 DAGs
[2022-03-28 07:32:18,917] {logging_mixin.py:109} INFO - [2022-03-28 07:32:18,917] {dag.py:2937} INFO - Setting next_dagrun for example_bash_operator to 2022-03-27 00:00:00+00:00
[2022-03-28 07:32:18,928] {processor.py:171} INFO - Processing /home/airflow/.local/lib/python3.7/site-packages/airflow/example_dags/example_bash_operator.py took 0.092 seconds
