[2022-03-28 07:08:48,358] {processor.py:163} INFO - Started process (PID=269) to work on /home/airflow/.local/lib/python3.7/site-packages/airflow/example_dags/example_branch_operator.py
[2022-03-28 07:08:48,361] {processor.py:642} INFO - Processing file /home/airflow/.local/lib/python3.7/site-packages/airflow/example_dags/example_branch_operator.py for tasks to queue
[2022-03-28 07:08:48,363] {logging_mixin.py:109} INFO - [2022-03-28 07:08:48,363] {dagbag.py:500} INFO - Filling up the DagBag from /home/airflow/.local/lib/python3.7/site-packages/airflow/example_dags/example_branch_operator.py
[2022-03-28 07:08:48,404] {processor.py:654} INFO - DAG(s) dict_keys(['example_branch_operator']) retrieved from /home/airflow/.local/lib/python3.7/site-packages/airflow/example_dags/example_branch_operator.py
[2022-03-28 07:08:50,456] {logging_mixin.py:109} INFO - [2022-03-28 07:08:50,456] {manager.py:496} INFO - Created Permission View: can read on DAG:example_branch_operator
[2022-03-28 07:08:50,466] {logging_mixin.py:109} INFO - [2022-03-28 07:08:50,466] {manager.py:496} INFO - Created Permission View: can edit on DAG:example_branch_operator
[2022-03-28 07:08:50,467] {logging_mixin.py:109} INFO - [2022-03-28 07:08:50,466] {dag.py:2398} INFO - Sync 1 DAGs
[2022-03-28 07:08:50,475] {logging_mixin.py:109} INFO - [2022-03-28 07:08:50,475] {dag.py:2417} INFO - Creating ORM DAG for example_branch_operator
[2022-03-28 07:08:50,486] {logging_mixin.py:109} INFO - [2022-03-28 07:08:50,486] {dag.py:2937} INFO - Setting next_dagrun for example_branch_operator to 2022-03-27 00:00:00+00:00
[2022-03-28 07:08:50,501] {processor.py:171} INFO - Processing /home/airflow/.local/lib/python3.7/site-packages/airflow/example_dags/example_branch_operator.py took 2.148 seconds
[2022-03-28 07:09:20,739] {processor.py:163} INFO - Started process (PID=488) to work on /home/airflow/.local/lib/python3.7/site-packages/airflow/example_dags/example_branch_operator.py
[2022-03-28 07:09:20,740] {processor.py:642} INFO - Processing file /home/airflow/.local/lib/python3.7/site-packages/airflow/example_dags/example_branch_operator.py for tasks to queue
[2022-03-28 07:09:20,741] {logging_mixin.py:109} INFO - [2022-03-28 07:09:20,741] {dagbag.py:500} INFO - Filling up the DagBag from /home/airflow/.local/lib/python3.7/site-packages/airflow/example_dags/example_branch_operator.py
[2022-03-28 07:09:20,776] {processor.py:654} INFO - DAG(s) dict_keys(['example_branch_operator']) retrieved from /home/airflow/.local/lib/python3.7/site-packages/airflow/example_dags/example_branch_operator.py
[2022-03-28 07:09:20,789] {logging_mixin.py:109} INFO - [2022-03-28 07:09:20,789] {dag.py:2398} INFO - Sync 1 DAGs
[2022-03-28 07:09:20,808] {logging_mixin.py:109} INFO - [2022-03-28 07:09:20,808] {dag.py:2937} INFO - Setting next_dagrun for example_branch_operator to 2022-03-27 00:00:00+00:00
[2022-03-28 07:09:20,820] {processor.py:171} INFO - Processing /home/airflow/.local/lib/python3.7/site-packages/airflow/example_dags/example_branch_operator.py took 0.083 seconds
[2022-03-28 07:09:51,407] {processor.py:163} INFO - Started process (PID=549) to work on /home/airflow/.local/lib/python3.7/site-packages/airflow/example_dags/example_branch_operator.py
[2022-03-28 07:09:51,408] {processor.py:642} INFO - Processing file /home/airflow/.local/lib/python3.7/site-packages/airflow/example_dags/example_branch_operator.py for tasks to queue
[2022-03-28 07:09:51,409] {logging_mixin.py:109} INFO - [2022-03-28 07:09:51,409] {dagbag.py:500} INFO - Filling up the DagBag from /home/airflow/.local/lib/python3.7/site-packages/airflow/example_dags/example_branch_operator.py
[2022-03-28 07:09:51,439] {processor.py:654} INFO - DAG(s) dict_keys(['example_branch_operator']) retrieved from /home/airflow/.local/lib/python3.7/site-packages/airflow/example_dags/example_branch_operator.py
[2022-03-28 07:09:51,450] {logging_mixin.py:109} INFO - [2022-03-28 07:09:51,450] {dag.py:2398} INFO - Sync 1 DAGs
[2022-03-28 07:09:51,465] {logging_mixin.py:109} INFO - [2022-03-28 07:09:51,464] {dag.py:2937} INFO - Setting next_dagrun for example_branch_operator to 2022-03-27 00:00:00+00:00
[2022-03-28 07:09:51,473] {processor.py:171} INFO - Processing /home/airflow/.local/lib/python3.7/site-packages/airflow/example_dags/example_branch_operator.py took 0.069 seconds
[2022-03-28 07:10:22,022] {processor.py:163} INFO - Started process (PID=601) to work on /home/airflow/.local/lib/python3.7/site-packages/airflow/example_dags/example_branch_operator.py
[2022-03-28 07:10:22,023] {processor.py:642} INFO - Processing file /home/airflow/.local/lib/python3.7/site-packages/airflow/example_dags/example_branch_operator.py for tasks to queue
[2022-03-28 07:10:22,024] {logging_mixin.py:109} INFO - [2022-03-28 07:10:22,024] {dagbag.py:500} INFO - Filling up the DagBag from /home/airflow/.local/lib/python3.7/site-packages/airflow/example_dags/example_branch_operator.py
[2022-03-28 07:10:22,061] {processor.py:654} INFO - DAG(s) dict_keys(['example_branch_operator']) retrieved from /home/airflow/.local/lib/python3.7/site-packages/airflow/example_dags/example_branch_operator.py
[2022-03-28 07:10:22,077] {logging_mixin.py:109} INFO - [2022-03-28 07:10:22,077] {dag.py:2398} INFO - Sync 1 DAGs
[2022-03-28 07:10:22,093] {logging_mixin.py:109} INFO - [2022-03-28 07:10:22,093] {dag.py:2937} INFO - Setting next_dagrun for example_branch_operator to 2022-03-27 00:00:00+00:00
[2022-03-28 07:10:22,101] {processor.py:171} INFO - Processing /home/airflow/.local/lib/python3.7/site-packages/airflow/example_dags/example_branch_operator.py took 0.083 seconds
[2022-03-28 07:10:52,655] {processor.py:163} INFO - Started process (PID=651) to work on /home/airflow/.local/lib/python3.7/site-packages/airflow/example_dags/example_branch_operator.py
[2022-03-28 07:10:52,656] {processor.py:642} INFO - Processing file /home/airflow/.local/lib/python3.7/site-packages/airflow/example_dags/example_branch_operator.py for tasks to queue
[2022-03-28 07:10:52,657] {logging_mixin.py:109} INFO - [2022-03-28 07:10:52,657] {dagbag.py:500} INFO - Filling up the DagBag from /home/airflow/.local/lib/python3.7/site-packages/airflow/example_dags/example_branch_operator.py
[2022-03-28 07:10:52,694] {processor.py:654} INFO - DAG(s) dict_keys(['example_branch_operator']) retrieved from /home/airflow/.local/lib/python3.7/site-packages/airflow/example_dags/example_branch_operator.py
[2022-03-28 07:10:52,705] {logging_mixin.py:109} INFO - [2022-03-28 07:10:52,705] {dag.py:2398} INFO - Sync 1 DAGs
[2022-03-28 07:10:52,721] {logging_mixin.py:109} INFO - [2022-03-28 07:10:52,720] {dag.py:2937} INFO - Setting next_dagrun for example_branch_operator to 2022-03-27 00:00:00+00:00
[2022-03-28 07:10:52,730] {processor.py:171} INFO - Processing /home/airflow/.local/lib/python3.7/site-packages/airflow/example_dags/example_branch_operator.py took 0.078 seconds
[2022-03-28 07:11:23,125] {processor.py:163} INFO - Started process (PID=712) to work on /home/airflow/.local/lib/python3.7/site-packages/airflow/example_dags/example_branch_operator.py
[2022-03-28 07:11:23,126] {processor.py:642} INFO - Processing file /home/airflow/.local/lib/python3.7/site-packages/airflow/example_dags/example_branch_operator.py for tasks to queue
[2022-03-28 07:11:23,127] {logging_mixin.py:109} INFO - [2022-03-28 07:11:23,127] {dagbag.py:500} INFO - Filling up the DagBag from /home/airflow/.local/lib/python3.7/site-packages/airflow/example_dags/example_branch_operator.py
[2022-03-28 07:11:23,164] {processor.py:654} INFO - DAG(s) dict_keys(['example_branch_operator']) retrieved from /home/airflow/.local/lib/python3.7/site-packages/airflow/example_dags/example_branch_operator.py
[2022-03-28 07:11:23,179] {logging_mixin.py:109} INFO - [2022-03-28 07:11:23,179] {dag.py:2398} INFO - Sync 1 DAGs
[2022-03-28 07:11:23,200] {logging_mixin.py:109} INFO - [2022-03-28 07:11:23,200] {dag.py:2937} INFO - Setting next_dagrun for example_branch_operator to 2022-03-27 00:00:00+00:00
[2022-03-28 07:11:23,211] {processor.py:171} INFO - Processing /home/airflow/.local/lib/python3.7/site-packages/airflow/example_dags/example_branch_operator.py took 0.090 seconds
[2022-03-28 07:11:53,586] {processor.py:163} INFO - Started process (PID=763) to work on /home/airflow/.local/lib/python3.7/site-packages/airflow/example_dags/example_branch_operator.py
[2022-03-28 07:11:53,587] {processor.py:642} INFO - Processing file /home/airflow/.local/lib/python3.7/site-packages/airflow/example_dags/example_branch_operator.py for tasks to queue
[2022-03-28 07:11:53,588] {logging_mixin.py:109} INFO - [2022-03-28 07:11:53,588] {dagbag.py:500} INFO - Filling up the DagBag from /home/airflow/.local/lib/python3.7/site-packages/airflow/example_dags/example_branch_operator.py
[2022-03-28 07:11:53,620] {processor.py:654} INFO - DAG(s) dict_keys(['example_branch_operator']) retrieved from /home/airflow/.local/lib/python3.7/site-packages/airflow/example_dags/example_branch_operator.py
[2022-03-28 07:11:53,634] {logging_mixin.py:109} INFO - [2022-03-28 07:11:53,634] {dag.py:2398} INFO - Sync 1 DAGs
[2022-03-28 07:11:53,655] {logging_mixin.py:109} INFO - [2022-03-28 07:11:53,654] {dag.py:2937} INFO - Setting next_dagrun for example_branch_operator to 2022-03-27 00:00:00+00:00
[2022-03-28 07:11:53,664] {processor.py:171} INFO - Processing /home/airflow/.local/lib/python3.7/site-packages/airflow/example_dags/example_branch_operator.py took 0.081 seconds
[2022-03-28 07:12:24,138] {processor.py:163} INFO - Started process (PID=814) to work on /home/airflow/.local/lib/python3.7/site-packages/airflow/example_dags/example_branch_operator.py
[2022-03-28 07:12:24,139] {processor.py:642} INFO - Processing file /home/airflow/.local/lib/python3.7/site-packages/airflow/example_dags/example_branch_operator.py for tasks to queue
[2022-03-28 07:12:24,140] {logging_mixin.py:109} INFO - [2022-03-28 07:12:24,140] {dagbag.py:500} INFO - Filling up the DagBag from /home/airflow/.local/lib/python3.7/site-packages/airflow/example_dags/example_branch_operator.py
[2022-03-28 07:12:24,188] {processor.py:654} INFO - DAG(s) dict_keys(['example_branch_operator']) retrieved from /home/airflow/.local/lib/python3.7/site-packages/airflow/example_dags/example_branch_operator.py
[2022-03-28 07:12:24,200] {logging_mixin.py:109} INFO - [2022-03-28 07:12:24,200] {dag.py:2398} INFO - Sync 1 DAGs
[2022-03-28 07:12:24,221] {logging_mixin.py:109} INFO - [2022-03-28 07:12:24,221] {dag.py:2937} INFO - Setting next_dagrun for example_branch_operator to 2022-03-27 00:00:00+00:00
[2022-03-28 07:12:24,232] {processor.py:171} INFO - Processing /home/airflow/.local/lib/python3.7/site-packages/airflow/example_dags/example_branch_operator.py took 0.100 seconds
[2022-03-28 07:12:54,719] {processor.py:163} INFO - Started process (PID=875) to work on /home/airflow/.local/lib/python3.7/site-packages/airflow/example_dags/example_branch_operator.py
[2022-03-28 07:12:54,720] {processor.py:642} INFO - Processing file /home/airflow/.local/lib/python3.7/site-packages/airflow/example_dags/example_branch_operator.py for tasks to queue
[2022-03-28 07:12:54,721] {logging_mixin.py:109} INFO - [2022-03-28 07:12:54,721] {dagbag.py:500} INFO - Filling up the DagBag from /home/airflow/.local/lib/python3.7/site-packages/airflow/example_dags/example_branch_operator.py
[2022-03-28 07:12:54,753] {processor.py:654} INFO - DAG(s) dict_keys(['example_branch_operator']) retrieved from /home/airflow/.local/lib/python3.7/site-packages/airflow/example_dags/example_branch_operator.py
[2022-03-28 07:12:54,764] {logging_mixin.py:109} INFO - [2022-03-28 07:12:54,764] {dag.py:2398} INFO - Sync 1 DAGs
[2022-03-28 07:12:54,781] {logging_mixin.py:109} INFO - [2022-03-28 07:12:54,781] {dag.py:2937} INFO - Setting next_dagrun for example_branch_operator to 2022-03-27 00:00:00+00:00
[2022-03-28 07:12:54,791] {processor.py:171} INFO - Processing /home/airflow/.local/lib/python3.7/site-packages/airflow/example_dags/example_branch_operator.py took 0.076 seconds
[2022-03-28 07:13:25,157] {processor.py:163} INFO - Started process (PID=925) to work on /home/airflow/.local/lib/python3.7/site-packages/airflow/example_dags/example_branch_operator.py
[2022-03-28 07:13:25,158] {processor.py:642} INFO - Processing file /home/airflow/.local/lib/python3.7/site-packages/airflow/example_dags/example_branch_operator.py for tasks to queue
[2022-03-28 07:13:25,159] {logging_mixin.py:109} INFO - [2022-03-28 07:13:25,159] {dagbag.py:500} INFO - Filling up the DagBag from /home/airflow/.local/lib/python3.7/site-packages/airflow/example_dags/example_branch_operator.py
[2022-03-28 07:13:25,194] {processor.py:654} INFO - DAG(s) dict_keys(['example_branch_operator']) retrieved from /home/airflow/.local/lib/python3.7/site-packages/airflow/example_dags/example_branch_operator.py
[2022-03-28 07:13:25,208] {logging_mixin.py:109} INFO - [2022-03-28 07:13:25,207] {dag.py:2398} INFO - Sync 1 DAGs
[2022-03-28 07:13:25,233] {logging_mixin.py:109} INFO - [2022-03-28 07:13:25,233] {dag.py:2937} INFO - Setting next_dagrun for example_branch_operator to 2022-03-27 00:00:00+00:00
[2022-03-28 07:13:25,245] {processor.py:171} INFO - Processing /home/airflow/.local/lib/python3.7/site-packages/airflow/example_dags/example_branch_operator.py took 0.092 seconds
[2022-03-28 07:13:55,669] {processor.py:163} INFO - Started process (PID=984) to work on /home/airflow/.local/lib/python3.7/site-packages/airflow/example_dags/example_branch_operator.py
[2022-03-28 07:13:55,671] {processor.py:642} INFO - Processing file /home/airflow/.local/lib/python3.7/site-packages/airflow/example_dags/example_branch_operator.py for tasks to queue
[2022-03-28 07:13:55,672] {logging_mixin.py:109} INFO - [2022-03-28 07:13:55,672] {dagbag.py:500} INFO - Filling up the DagBag from /home/airflow/.local/lib/python3.7/site-packages/airflow/example_dags/example_branch_operator.py
[2022-03-28 07:13:55,708] {processor.py:654} INFO - DAG(s) dict_keys(['example_branch_operator']) retrieved from /home/airflow/.local/lib/python3.7/site-packages/airflow/example_dags/example_branch_operator.py
[2022-03-28 07:13:55,721] {logging_mixin.py:109} INFO - [2022-03-28 07:13:55,721] {dag.py:2398} INFO - Sync 1 DAGs
[2022-03-28 07:13:55,740] {logging_mixin.py:109} INFO - [2022-03-28 07:13:55,740] {dag.py:2937} INFO - Setting next_dagrun for example_branch_operator to 2022-03-27 00:00:00+00:00
[2022-03-28 07:13:55,752] {processor.py:171} INFO - Processing /home/airflow/.local/lib/python3.7/site-packages/airflow/example_dags/example_branch_operator.py took 0.088 seconds
[2022-03-28 07:14:26,288] {processor.py:163} INFO - Started process (PID=1037) to work on /home/airflow/.local/lib/python3.7/site-packages/airflow/example_dags/example_branch_operator.py
[2022-03-28 07:14:26,290] {processor.py:642} INFO - Processing file /home/airflow/.local/lib/python3.7/site-packages/airflow/example_dags/example_branch_operator.py for tasks to queue
[2022-03-28 07:14:26,291] {logging_mixin.py:109} INFO - [2022-03-28 07:14:26,290] {dagbag.py:500} INFO - Filling up the DagBag from /home/airflow/.local/lib/python3.7/site-packages/airflow/example_dags/example_branch_operator.py
[2022-03-28 07:14:26,320] {processor.py:654} INFO - DAG(s) dict_keys(['example_branch_operator']) retrieved from /home/airflow/.local/lib/python3.7/site-packages/airflow/example_dags/example_branch_operator.py
[2022-03-28 07:14:26,330] {logging_mixin.py:109} INFO - [2022-03-28 07:14:26,330] {dag.py:2398} INFO - Sync 1 DAGs
[2022-03-28 07:14:26,347] {logging_mixin.py:109} INFO - [2022-03-28 07:14:26,347] {dag.py:2937} INFO - Setting next_dagrun for example_branch_operator to 2022-03-27 00:00:00+00:00
[2022-03-28 07:14:26,358] {processor.py:171} INFO - Processing /home/airflow/.local/lib/python3.7/site-packages/airflow/example_dags/example_branch_operator.py took 0.073 seconds
[2022-03-28 07:14:57,028] {processor.py:163} INFO - Started process (PID=1087) to work on /home/airflow/.local/lib/python3.7/site-packages/airflow/example_dags/example_branch_operator.py
[2022-03-28 07:14:57,029] {processor.py:642} INFO - Processing file /home/airflow/.local/lib/python3.7/site-packages/airflow/example_dags/example_branch_operator.py for tasks to queue
[2022-03-28 07:14:57,030] {logging_mixin.py:109} INFO - [2022-03-28 07:14:57,030] {dagbag.py:500} INFO - Filling up the DagBag from /home/airflow/.local/lib/python3.7/site-packages/airflow/example_dags/example_branch_operator.py
[2022-03-28 07:14:57,062] {processor.py:654} INFO - DAG(s) dict_keys(['example_branch_operator']) retrieved from /home/airflow/.local/lib/python3.7/site-packages/airflow/example_dags/example_branch_operator.py
[2022-03-28 07:14:57,074] {logging_mixin.py:109} INFO - [2022-03-28 07:14:57,074] {dag.py:2398} INFO - Sync 1 DAGs
[2022-03-28 07:14:57,091] {logging_mixin.py:109} INFO - [2022-03-28 07:14:57,091] {dag.py:2937} INFO - Setting next_dagrun for example_branch_operator to 2022-03-27 00:00:00+00:00
[2022-03-28 07:14:57,099] {processor.py:171} INFO - Processing /home/airflow/.local/lib/python3.7/site-packages/airflow/example_dags/example_branch_operator.py took 0.073 seconds
[2022-03-28 07:15:27,626] {processor.py:163} INFO - Started process (PID=1147) to work on /home/airflow/.local/lib/python3.7/site-packages/airflow/example_dags/example_branch_operator.py
[2022-03-28 07:15:27,628] {processor.py:642} INFO - Processing file /home/airflow/.local/lib/python3.7/site-packages/airflow/example_dags/example_branch_operator.py for tasks to queue
[2022-03-28 07:15:27,629] {logging_mixin.py:109} INFO - [2022-03-28 07:15:27,628] {dagbag.py:500} INFO - Filling up the DagBag from /home/airflow/.local/lib/python3.7/site-packages/airflow/example_dags/example_branch_operator.py
[2022-03-28 07:15:27,663] {processor.py:654} INFO - DAG(s) dict_keys(['example_branch_operator']) retrieved from /home/airflow/.local/lib/python3.7/site-packages/airflow/example_dags/example_branch_operator.py
[2022-03-28 07:15:27,675] {logging_mixin.py:109} INFO - [2022-03-28 07:15:27,675] {dag.py:2398} INFO - Sync 1 DAGs
[2022-03-28 07:15:27,692] {logging_mixin.py:109} INFO - [2022-03-28 07:15:27,692] {dag.py:2937} INFO - Setting next_dagrun for example_branch_operator to 2022-03-27 00:00:00+00:00
[2022-03-28 07:15:27,702] {processor.py:171} INFO - Processing /home/airflow/.local/lib/python3.7/site-packages/airflow/example_dags/example_branch_operator.py took 0.079 seconds
[2022-03-28 07:15:58,063] {processor.py:163} INFO - Started process (PID=1198) to work on /home/airflow/.local/lib/python3.7/site-packages/airflow/example_dags/example_branch_operator.py
[2022-03-28 07:15:58,065] {processor.py:642} INFO - Processing file /home/airflow/.local/lib/python3.7/site-packages/airflow/example_dags/example_branch_operator.py for tasks to queue
[2022-03-28 07:15:58,066] {logging_mixin.py:109} INFO - [2022-03-28 07:15:58,066] {dagbag.py:500} INFO - Filling up the DagBag from /home/airflow/.local/lib/python3.7/site-packages/airflow/example_dags/example_branch_operator.py
[2022-03-28 07:15:58,105] {processor.py:654} INFO - DAG(s) dict_keys(['example_branch_operator']) retrieved from /home/airflow/.local/lib/python3.7/site-packages/airflow/example_dags/example_branch_operator.py
[2022-03-28 07:15:58,121] {logging_mixin.py:109} INFO - [2022-03-28 07:15:58,121] {dag.py:2398} INFO - Sync 1 DAGs
[2022-03-28 07:15:58,145] {logging_mixin.py:109} INFO - [2022-03-28 07:15:58,145] {dag.py:2937} INFO - Setting next_dagrun for example_branch_operator to 2022-03-27 00:00:00+00:00
[2022-03-28 07:15:58,158] {processor.py:171} INFO - Processing /home/airflow/.local/lib/python3.7/site-packages/airflow/example_dags/example_branch_operator.py took 0.098 seconds
[2022-03-28 07:16:28,620] {processor.py:163} INFO - Started process (PID=1249) to work on /home/airflow/.local/lib/python3.7/site-packages/airflow/example_dags/example_branch_operator.py
[2022-03-28 07:16:28,622] {processor.py:642} INFO - Processing file /home/airflow/.local/lib/python3.7/site-packages/airflow/example_dags/example_branch_operator.py for tasks to queue
[2022-03-28 07:16:28,623] {logging_mixin.py:109} INFO - [2022-03-28 07:16:28,623] {dagbag.py:500} INFO - Filling up the DagBag from /home/airflow/.local/lib/python3.7/site-packages/airflow/example_dags/example_branch_operator.py
[2022-03-28 07:16:28,662] {processor.py:654} INFO - DAG(s) dict_keys(['example_branch_operator']) retrieved from /home/airflow/.local/lib/python3.7/site-packages/airflow/example_dags/example_branch_operator.py
[2022-03-28 07:16:28,678] {logging_mixin.py:109} INFO - [2022-03-28 07:16:28,678] {dag.py:2398} INFO - Sync 1 DAGs
[2022-03-28 07:16:28,702] {logging_mixin.py:109} INFO - [2022-03-28 07:16:28,702] {dag.py:2937} INFO - Setting next_dagrun for example_branch_operator to 2022-03-27 00:00:00+00:00
[2022-03-28 07:16:28,712] {processor.py:171} INFO - Processing /home/airflow/.local/lib/python3.7/site-packages/airflow/example_dags/example_branch_operator.py took 0.097 seconds
[2022-03-28 07:16:59,217] {processor.py:163} INFO - Started process (PID=1311) to work on /home/airflow/.local/lib/python3.7/site-packages/airflow/example_dags/example_branch_operator.py
[2022-03-28 07:16:59,218] {processor.py:642} INFO - Processing file /home/airflow/.local/lib/python3.7/site-packages/airflow/example_dags/example_branch_operator.py for tasks to queue
[2022-03-28 07:16:59,219] {logging_mixin.py:109} INFO - [2022-03-28 07:16:59,219] {dagbag.py:500} INFO - Filling up the DagBag from /home/airflow/.local/lib/python3.7/site-packages/airflow/example_dags/example_branch_operator.py
[2022-03-28 07:16:59,252] {processor.py:654} INFO - DAG(s) dict_keys(['example_branch_operator']) retrieved from /home/airflow/.local/lib/python3.7/site-packages/airflow/example_dags/example_branch_operator.py
[2022-03-28 07:16:59,267] {logging_mixin.py:109} INFO - [2022-03-28 07:16:59,267] {dag.py:2398} INFO - Sync 1 DAGs
[2022-03-28 07:16:59,286] {logging_mixin.py:109} INFO - [2022-03-28 07:16:59,286] {dag.py:2937} INFO - Setting next_dagrun for example_branch_operator to 2022-03-27 00:00:00+00:00
[2022-03-28 07:16:59,297] {processor.py:171} INFO - Processing /home/airflow/.local/lib/python3.7/site-packages/airflow/example_dags/example_branch_operator.py took 0.083 seconds
[2022-03-28 07:17:29,609] {processor.py:163} INFO - Started process (PID=1362) to work on /home/airflow/.local/lib/python3.7/site-packages/airflow/example_dags/example_branch_operator.py
[2022-03-28 07:17:29,611] {processor.py:642} INFO - Processing file /home/airflow/.local/lib/python3.7/site-packages/airflow/example_dags/example_branch_operator.py for tasks to queue
[2022-03-28 07:17:29,612] {logging_mixin.py:109} INFO - [2022-03-28 07:17:29,612] {dagbag.py:500} INFO - Filling up the DagBag from /home/airflow/.local/lib/python3.7/site-packages/airflow/example_dags/example_branch_operator.py
[2022-03-28 07:17:29,646] {processor.py:654} INFO - DAG(s) dict_keys(['example_branch_operator']) retrieved from /home/airflow/.local/lib/python3.7/site-packages/airflow/example_dags/example_branch_operator.py
[2022-03-28 07:17:29,657] {logging_mixin.py:109} INFO - [2022-03-28 07:17:29,656] {dag.py:2398} INFO - Sync 1 DAGs
[2022-03-28 07:17:29,670] {logging_mixin.py:109} INFO - [2022-03-28 07:17:29,670] {dag.py:2937} INFO - Setting next_dagrun for example_branch_operator to 2022-03-27 00:00:00+00:00
[2022-03-28 07:17:29,680] {processor.py:171} INFO - Processing /home/airflow/.local/lib/python3.7/site-packages/airflow/example_dags/example_branch_operator.py took 0.073 seconds
[2022-03-28 07:18:00,339] {processor.py:163} INFO - Started process (PID=1414) to work on /home/airflow/.local/lib/python3.7/site-packages/airflow/example_dags/example_branch_operator.py
[2022-03-28 07:18:00,340] {processor.py:642} INFO - Processing file /home/airflow/.local/lib/python3.7/site-packages/airflow/example_dags/example_branch_operator.py for tasks to queue
[2022-03-28 07:18:00,341] {logging_mixin.py:109} INFO - [2022-03-28 07:18:00,341] {dagbag.py:500} INFO - Filling up the DagBag from /home/airflow/.local/lib/python3.7/site-packages/airflow/example_dags/example_branch_operator.py
[2022-03-28 07:18:00,373] {processor.py:654} INFO - DAG(s) dict_keys(['example_branch_operator']) retrieved from /home/airflow/.local/lib/python3.7/site-packages/airflow/example_dags/example_branch_operator.py
[2022-03-28 07:18:00,385] {logging_mixin.py:109} INFO - [2022-03-28 07:18:00,385] {dag.py:2398} INFO - Sync 1 DAGs
[2022-03-28 07:18:00,401] {logging_mixin.py:109} INFO - [2022-03-28 07:18:00,401] {dag.py:2937} INFO - Setting next_dagrun for example_branch_operator to 2022-03-27 00:00:00+00:00
[2022-03-28 07:18:00,409] {processor.py:171} INFO - Processing /home/airflow/.local/lib/python3.7/site-packages/airflow/example_dags/example_branch_operator.py took 0.073 seconds
[2022-03-28 07:18:30,854] {processor.py:163} INFO - Started process (PID=1464) to work on /home/airflow/.local/lib/python3.7/site-packages/airflow/example_dags/example_branch_operator.py
[2022-03-28 07:18:30,855] {processor.py:642} INFO - Processing file /home/airflow/.local/lib/python3.7/site-packages/airflow/example_dags/example_branch_operator.py for tasks to queue
[2022-03-28 07:18:30,857] {logging_mixin.py:109} INFO - [2022-03-28 07:18:30,856] {dagbag.py:500} INFO - Filling up the DagBag from /home/airflow/.local/lib/python3.7/site-packages/airflow/example_dags/example_branch_operator.py
[2022-03-28 07:18:30,886] {processor.py:654} INFO - DAG(s) dict_keys(['example_branch_operator']) retrieved from /home/airflow/.local/lib/python3.7/site-packages/airflow/example_dags/example_branch_operator.py
[2022-03-28 07:18:30,895] {logging_mixin.py:109} INFO - [2022-03-28 07:18:30,895] {dag.py:2398} INFO - Sync 1 DAGs
[2022-03-28 07:18:30,911] {logging_mixin.py:109} INFO - [2022-03-28 07:18:30,911] {dag.py:2937} INFO - Setting next_dagrun for example_branch_operator to 2022-03-27 00:00:00+00:00
[2022-03-28 07:18:30,921] {processor.py:171} INFO - Processing /home/airflow/.local/lib/python3.7/site-packages/airflow/example_dags/example_branch_operator.py took 0.070 seconds
[2022-03-28 07:19:01,307] {processor.py:163} INFO - Started process (PID=1525) to work on /home/airflow/.local/lib/python3.7/site-packages/airflow/example_dags/example_branch_operator.py
[2022-03-28 07:19:01,309] {processor.py:642} INFO - Processing file /home/airflow/.local/lib/python3.7/site-packages/airflow/example_dags/example_branch_operator.py for tasks to queue
[2022-03-28 07:19:01,310] {logging_mixin.py:109} INFO - [2022-03-28 07:19:01,310] {dagbag.py:500} INFO - Filling up the DagBag from /home/airflow/.local/lib/python3.7/site-packages/airflow/example_dags/example_branch_operator.py
[2022-03-28 07:19:01,346] {processor.py:654} INFO - DAG(s) dict_keys(['example_branch_operator']) retrieved from /home/airflow/.local/lib/python3.7/site-packages/airflow/example_dags/example_branch_operator.py
[2022-03-28 07:19:01,358] {logging_mixin.py:109} INFO - [2022-03-28 07:19:01,358] {dag.py:2398} INFO - Sync 1 DAGs
[2022-03-28 07:19:01,375] {logging_mixin.py:109} INFO - [2022-03-28 07:19:01,375] {dag.py:2937} INFO - Setting next_dagrun for example_branch_operator to 2022-03-27 00:00:00+00:00
[2022-03-28 07:19:01,386] {processor.py:171} INFO - Processing /home/airflow/.local/lib/python3.7/site-packages/airflow/example_dags/example_branch_operator.py took 0.082 seconds
[2022-03-28 07:19:31,827] {processor.py:163} INFO - Started process (PID=1576) to work on /home/airflow/.local/lib/python3.7/site-packages/airflow/example_dags/example_branch_operator.py
[2022-03-28 07:19:31,829] {processor.py:642} INFO - Processing file /home/airflow/.local/lib/python3.7/site-packages/airflow/example_dags/example_branch_operator.py for tasks to queue
[2022-03-28 07:19:31,830] {logging_mixin.py:109} INFO - [2022-03-28 07:19:31,830] {dagbag.py:500} INFO - Filling up the DagBag from /home/airflow/.local/lib/python3.7/site-packages/airflow/example_dags/example_branch_operator.py
[2022-03-28 07:19:31,861] {processor.py:654} INFO - DAG(s) dict_keys(['example_branch_operator']) retrieved from /home/airflow/.local/lib/python3.7/site-packages/airflow/example_dags/example_branch_operator.py
[2022-03-28 07:19:31,874] {logging_mixin.py:109} INFO - [2022-03-28 07:19:31,874] {dag.py:2398} INFO - Sync 1 DAGs
[2022-03-28 07:19:31,890] {logging_mixin.py:109} INFO - [2022-03-28 07:19:31,890] {dag.py:2937} INFO - Setting next_dagrun for example_branch_operator to 2022-03-27 00:00:00+00:00
[2022-03-28 07:19:31,901] {processor.py:171} INFO - Processing /home/airflow/.local/lib/python3.7/site-packages/airflow/example_dags/example_branch_operator.py took 0.076 seconds
[2022-03-28 07:20:02,528] {processor.py:163} INFO - Started process (PID=1627) to work on /home/airflow/.local/lib/python3.7/site-packages/airflow/example_dags/example_branch_operator.py
[2022-03-28 07:20:02,529] {processor.py:642} INFO - Processing file /home/airflow/.local/lib/python3.7/site-packages/airflow/example_dags/example_branch_operator.py for tasks to queue
[2022-03-28 07:20:02,530] {logging_mixin.py:109} INFO - [2022-03-28 07:20:02,529] {dagbag.py:500} INFO - Filling up the DagBag from /home/airflow/.local/lib/python3.7/site-packages/airflow/example_dags/example_branch_operator.py
[2022-03-28 07:20:02,562] {processor.py:654} INFO - DAG(s) dict_keys(['example_branch_operator']) retrieved from /home/airflow/.local/lib/python3.7/site-packages/airflow/example_dags/example_branch_operator.py
[2022-03-28 07:20:02,574] {logging_mixin.py:109} INFO - [2022-03-28 07:20:02,573] {dag.py:2398} INFO - Sync 1 DAGs
[2022-03-28 07:20:02,589] {logging_mixin.py:109} INFO - [2022-03-28 07:20:02,588] {dag.py:2937} INFO - Setting next_dagrun for example_branch_operator to 2022-03-27 00:00:00+00:00
[2022-03-28 07:20:02,597] {processor.py:171} INFO - Processing /home/airflow/.local/lib/python3.7/site-packages/airflow/example_dags/example_branch_operator.py took 0.073 seconds
[2022-03-28 07:20:32,877] {processor.py:163} INFO - Started process (PID=1688) to work on /home/airflow/.local/lib/python3.7/site-packages/airflow/example_dags/example_branch_operator.py
[2022-03-28 07:20:32,878] {processor.py:642} INFO - Processing file /home/airflow/.local/lib/python3.7/site-packages/airflow/example_dags/example_branch_operator.py for tasks to queue
[2022-03-28 07:20:32,879] {logging_mixin.py:109} INFO - [2022-03-28 07:20:32,879] {dagbag.py:500} INFO - Filling up the DagBag from /home/airflow/.local/lib/python3.7/site-packages/airflow/example_dags/example_branch_operator.py
[2022-03-28 07:20:32,908] {processor.py:654} INFO - DAG(s) dict_keys(['example_branch_operator']) retrieved from /home/airflow/.local/lib/python3.7/site-packages/airflow/example_dags/example_branch_operator.py
[2022-03-28 07:20:32,919] {logging_mixin.py:109} INFO - [2022-03-28 07:20:32,919] {dag.py:2398} INFO - Sync 1 DAGs
[2022-03-28 07:20:32,936] {logging_mixin.py:109} INFO - [2022-03-28 07:20:32,936] {dag.py:2937} INFO - Setting next_dagrun for example_branch_operator to 2022-03-27 00:00:00+00:00
[2022-03-28 07:20:32,946] {processor.py:171} INFO - Processing /home/airflow/.local/lib/python3.7/site-packages/airflow/example_dags/example_branch_operator.py took 0.071 seconds
[2022-03-28 07:21:03,409] {processor.py:163} INFO - Started process (PID=1739) to work on /home/airflow/.local/lib/python3.7/site-packages/airflow/example_dags/example_branch_operator.py
[2022-03-28 07:21:03,410] {processor.py:642} INFO - Processing file /home/airflow/.local/lib/python3.7/site-packages/airflow/example_dags/example_branch_operator.py for tasks to queue
[2022-03-28 07:21:03,411] {logging_mixin.py:109} INFO - [2022-03-28 07:21:03,410] {dagbag.py:500} INFO - Filling up the DagBag from /home/airflow/.local/lib/python3.7/site-packages/airflow/example_dags/example_branch_operator.py
[2022-03-28 07:21:03,441] {processor.py:654} INFO - DAG(s) dict_keys(['example_branch_operator']) retrieved from /home/airflow/.local/lib/python3.7/site-packages/airflow/example_dags/example_branch_operator.py
[2022-03-28 07:21:03,452] {logging_mixin.py:109} INFO - [2022-03-28 07:21:03,451] {dag.py:2398} INFO - Sync 1 DAGs
[2022-03-28 07:21:03,466] {logging_mixin.py:109} INFO - [2022-03-28 07:21:03,466] {dag.py:2937} INFO - Setting next_dagrun for example_branch_operator to 2022-03-27 00:00:00+00:00
[2022-03-28 07:21:03,476] {processor.py:171} INFO - Processing /home/airflow/.local/lib/python3.7/site-packages/airflow/example_dags/example_branch_operator.py took 0.070 seconds
[2022-03-28 07:21:33,692] {processor.py:163} INFO - Started process (PID=1789) to work on /home/airflow/.local/lib/python3.7/site-packages/airflow/example_dags/example_branch_operator.py
[2022-03-28 07:21:33,693] {processor.py:642} INFO - Processing file /home/airflow/.local/lib/python3.7/site-packages/airflow/example_dags/example_branch_operator.py for tasks to queue
[2022-03-28 07:21:33,694] {logging_mixin.py:109} INFO - [2022-03-28 07:21:33,694] {dagbag.py:500} INFO - Filling up the DagBag from /home/airflow/.local/lib/python3.7/site-packages/airflow/example_dags/example_branch_operator.py
[2022-03-28 07:21:33,723] {processor.py:654} INFO - DAG(s) dict_keys(['example_branch_operator']) retrieved from /home/airflow/.local/lib/python3.7/site-packages/airflow/example_dags/example_branch_operator.py
[2022-03-28 07:21:33,736] {logging_mixin.py:109} INFO - [2022-03-28 07:21:33,736] {dag.py:2398} INFO - Sync 1 DAGs
[2022-03-28 07:21:33,752] {logging_mixin.py:109} INFO - [2022-03-28 07:21:33,752] {dag.py:2937} INFO - Setting next_dagrun for example_branch_operator to 2022-03-27 00:00:00+00:00
[2022-03-28 07:21:33,761] {processor.py:171} INFO - Processing /home/airflow/.local/lib/python3.7/site-packages/airflow/example_dags/example_branch_operator.py took 0.071 seconds
[2022-03-28 07:22:03,843] {processor.py:163} INFO - Started process (PID=1850) to work on /home/airflow/.local/lib/python3.7/site-packages/airflow/example_dags/example_branch_operator.py
[2022-03-28 07:22:03,844] {processor.py:642} INFO - Processing file /home/airflow/.local/lib/python3.7/site-packages/airflow/example_dags/example_branch_operator.py for tasks to queue
[2022-03-28 07:22:03,846] {logging_mixin.py:109} INFO - [2022-03-28 07:22:03,845] {dagbag.py:500} INFO - Filling up the DagBag from /home/airflow/.local/lib/python3.7/site-packages/airflow/example_dags/example_branch_operator.py
[2022-03-28 07:22:03,902] {processor.py:654} INFO - DAG(s) dict_keys(['example_branch_operator']) retrieved from /home/airflow/.local/lib/python3.7/site-packages/airflow/example_dags/example_branch_operator.py
[2022-03-28 07:22:03,913] {logging_mixin.py:109} INFO - [2022-03-28 07:22:03,913] {dag.py:2398} INFO - Sync 1 DAGs
[2022-03-28 07:22:03,929] {logging_mixin.py:109} INFO - [2022-03-28 07:22:03,929] {dag.py:2937} INFO - Setting next_dagrun for example_branch_operator to 2022-03-27 00:00:00+00:00
[2022-03-28 07:22:03,939] {processor.py:171} INFO - Processing /home/airflow/.local/lib/python3.7/site-packages/airflow/example_dags/example_branch_operator.py took 0.101 seconds
[2022-03-28 07:22:34,334] {processor.py:163} INFO - Started process (PID=1901) to work on /home/airflow/.local/lib/python3.7/site-packages/airflow/example_dags/example_branch_operator.py
[2022-03-28 07:22:34,335] {processor.py:642} INFO - Processing file /home/airflow/.local/lib/python3.7/site-packages/airflow/example_dags/example_branch_operator.py for tasks to queue
[2022-03-28 07:22:34,336] {logging_mixin.py:109} INFO - [2022-03-28 07:22:34,336] {dagbag.py:500} INFO - Filling up the DagBag from /home/airflow/.local/lib/python3.7/site-packages/airflow/example_dags/example_branch_operator.py
[2022-03-28 07:22:34,392] {processor.py:654} INFO - DAG(s) dict_keys(['example_branch_operator']) retrieved from /home/airflow/.local/lib/python3.7/site-packages/airflow/example_dags/example_branch_operator.py
[2022-03-28 07:22:34,415] {logging_mixin.py:109} INFO - [2022-03-28 07:22:34,415] {dag.py:2398} INFO - Sync 1 DAGs
[2022-03-28 07:22:34,454] {logging_mixin.py:109} INFO - [2022-03-28 07:22:34,454] {dag.py:2937} INFO - Setting next_dagrun for example_branch_operator to 2022-03-27 00:00:00+00:00
[2022-03-28 07:22:34,472] {processor.py:171} INFO - Processing /home/airflow/.local/lib/python3.7/site-packages/airflow/example_dags/example_branch_operator.py took 0.143 seconds
[2022-03-28 07:23:04,822] {processor.py:163} INFO - Started process (PID=1952) to work on /home/airflow/.local/lib/python3.7/site-packages/airflow/example_dags/example_branch_operator.py
[2022-03-28 07:23:04,824] {processor.py:642} INFO - Processing file /home/airflow/.local/lib/python3.7/site-packages/airflow/example_dags/example_branch_operator.py for tasks to queue
[2022-03-28 07:23:04,824] {logging_mixin.py:109} INFO - [2022-03-28 07:23:04,824] {dagbag.py:500} INFO - Filling up the DagBag from /home/airflow/.local/lib/python3.7/site-packages/airflow/example_dags/example_branch_operator.py
[2022-03-28 07:23:04,871] {processor.py:654} INFO - DAG(s) dict_keys(['example_branch_operator']) retrieved from /home/airflow/.local/lib/python3.7/site-packages/airflow/example_dags/example_branch_operator.py
[2022-03-28 07:23:04,889] {logging_mixin.py:109} INFO - [2022-03-28 07:23:04,889] {dag.py:2398} INFO - Sync 1 DAGs
[2022-03-28 07:23:04,914] {logging_mixin.py:109} INFO - [2022-03-28 07:23:04,914] {dag.py:2937} INFO - Setting next_dagrun for example_branch_operator to 2022-03-27 00:00:00+00:00
[2022-03-28 07:23:04,930] {processor.py:171} INFO - Processing /home/airflow/.local/lib/python3.7/site-packages/airflow/example_dags/example_branch_operator.py took 0.112 seconds
[2022-03-28 07:23:35,536] {processor.py:163} INFO - Started process (PID=2003) to work on /home/airflow/.local/lib/python3.7/site-packages/airflow/example_dags/example_branch_operator.py
[2022-03-28 07:23:35,538] {processor.py:642} INFO - Processing file /home/airflow/.local/lib/python3.7/site-packages/airflow/example_dags/example_branch_operator.py for tasks to queue
[2022-03-28 07:23:35,539] {logging_mixin.py:109} INFO - [2022-03-28 07:23:35,539] {dagbag.py:500} INFO - Filling up the DagBag from /home/airflow/.local/lib/python3.7/site-packages/airflow/example_dags/example_branch_operator.py
[2022-03-28 07:23:35,579] {processor.py:654} INFO - DAG(s) dict_keys(['example_branch_operator']) retrieved from /home/airflow/.local/lib/python3.7/site-packages/airflow/example_dags/example_branch_operator.py
[2022-03-28 07:23:35,595] {logging_mixin.py:109} INFO - [2022-03-28 07:23:35,595] {dag.py:2398} INFO - Sync 1 DAGs
[2022-03-28 07:23:35,617] {logging_mixin.py:109} INFO - [2022-03-28 07:23:35,617] {dag.py:2937} INFO - Setting next_dagrun for example_branch_operator to 2022-03-27 00:00:00+00:00
[2022-03-28 07:23:35,631] {processor.py:171} INFO - Processing /home/airflow/.local/lib/python3.7/site-packages/airflow/example_dags/example_branch_operator.py took 0.100 seconds
[2022-03-28 07:24:06,159] {processor.py:163} INFO - Started process (PID=2063) to work on /home/airflow/.local/lib/python3.7/site-packages/airflow/example_dags/example_branch_operator.py
[2022-03-28 07:24:06,160] {processor.py:642} INFO - Processing file /home/airflow/.local/lib/python3.7/site-packages/airflow/example_dags/example_branch_operator.py for tasks to queue
[2022-03-28 07:24:06,161] {logging_mixin.py:109} INFO - [2022-03-28 07:24:06,161] {dagbag.py:500} INFO - Filling up the DagBag from /home/airflow/.local/lib/python3.7/site-packages/airflow/example_dags/example_branch_operator.py
[2022-03-28 07:24:06,194] {processor.py:654} INFO - DAG(s) dict_keys(['example_branch_operator']) retrieved from /home/airflow/.local/lib/python3.7/site-packages/airflow/example_dags/example_branch_operator.py
[2022-03-28 07:24:06,210] {logging_mixin.py:109} INFO - [2022-03-28 07:24:06,210] {dag.py:2398} INFO - Sync 1 DAGs
[2022-03-28 07:24:06,230] {logging_mixin.py:109} INFO - [2022-03-28 07:24:06,230] {dag.py:2937} INFO - Setting next_dagrun for example_branch_operator to 2022-03-27 00:00:00+00:00
[2022-03-28 07:24:06,243] {processor.py:171} INFO - Processing /home/airflow/.local/lib/python3.7/site-packages/airflow/example_dags/example_branch_operator.py took 0.088 seconds
[2022-03-28 07:24:36,356] {processor.py:163} INFO - Started process (PID=2116) to work on /home/airflow/.local/lib/python3.7/site-packages/airflow/example_dags/example_branch_operator.py
[2022-03-28 07:24:36,358] {processor.py:642} INFO - Processing file /home/airflow/.local/lib/python3.7/site-packages/airflow/example_dags/example_branch_operator.py for tasks to queue
[2022-03-28 07:24:36,359] {logging_mixin.py:109} INFO - [2022-03-28 07:24:36,359] {dagbag.py:500} INFO - Filling up the DagBag from /home/airflow/.local/lib/python3.7/site-packages/airflow/example_dags/example_branch_operator.py
[2022-03-28 07:24:36,394] {processor.py:654} INFO - DAG(s) dict_keys(['example_branch_operator']) retrieved from /home/airflow/.local/lib/python3.7/site-packages/airflow/example_dags/example_branch_operator.py
[2022-03-28 07:24:36,410] {logging_mixin.py:109} INFO - [2022-03-28 07:24:36,410] {dag.py:2398} INFO - Sync 1 DAGs
[2022-03-28 07:24:36,433] {logging_mixin.py:109} INFO - [2022-03-28 07:24:36,433] {dag.py:2937} INFO - Setting next_dagrun for example_branch_operator to 2022-03-27 00:00:00+00:00
[2022-03-28 07:24:36,444] {processor.py:171} INFO - Processing /home/airflow/.local/lib/python3.7/site-packages/airflow/example_dags/example_branch_operator.py took 0.092 seconds
[2022-03-28 07:25:06,616] {processor.py:163} INFO - Started process (PID=2167) to work on /home/airflow/.local/lib/python3.7/site-packages/airflow/example_dags/example_branch_operator.py
[2022-03-28 07:25:06,617] {processor.py:642} INFO - Processing file /home/airflow/.local/lib/python3.7/site-packages/airflow/example_dags/example_branch_operator.py for tasks to queue
[2022-03-28 07:25:06,618] {logging_mixin.py:109} INFO - [2022-03-28 07:25:06,618] {dagbag.py:500} INFO - Filling up the DagBag from /home/airflow/.local/lib/python3.7/site-packages/airflow/example_dags/example_branch_operator.py
[2022-03-28 07:25:06,643] {processor.py:654} INFO - DAG(s) dict_keys(['example_branch_operator']) retrieved from /home/airflow/.local/lib/python3.7/site-packages/airflow/example_dags/example_branch_operator.py
[2022-03-28 07:25:06,652] {logging_mixin.py:109} INFO - [2022-03-28 07:25:06,652] {dag.py:2398} INFO - Sync 1 DAGs
[2022-03-28 07:25:06,664] {logging_mixin.py:109} INFO - [2022-03-28 07:25:06,664] {dag.py:2937} INFO - Setting next_dagrun for example_branch_operator to 2022-03-27 00:00:00+00:00
[2022-03-28 07:25:06,673] {processor.py:171} INFO - Processing /home/airflow/.local/lib/python3.7/site-packages/airflow/example_dags/example_branch_operator.py took 0.059 seconds
[2022-03-28 07:25:37,547] {processor.py:163} INFO - Started process (PID=2219) to work on /home/airflow/.local/lib/python3.7/site-packages/airflow/example_dags/example_branch_operator.py
[2022-03-28 07:25:37,548] {processor.py:642} INFO - Processing file /home/airflow/.local/lib/python3.7/site-packages/airflow/example_dags/example_branch_operator.py for tasks to queue
[2022-03-28 07:25:37,549] {logging_mixin.py:109} INFO - [2022-03-28 07:25:37,549] {dagbag.py:500} INFO - Filling up the DagBag from /home/airflow/.local/lib/python3.7/site-packages/airflow/example_dags/example_branch_operator.py
[2022-03-28 07:25:37,575] {processor.py:654} INFO - DAG(s) dict_keys(['example_branch_operator']) retrieved from /home/airflow/.local/lib/python3.7/site-packages/airflow/example_dags/example_branch_operator.py
[2022-03-28 07:25:37,584] {logging_mixin.py:109} INFO - [2022-03-28 07:25:37,584] {dag.py:2398} INFO - Sync 1 DAGs
[2022-03-28 07:25:37,597] {logging_mixin.py:109} INFO - [2022-03-28 07:25:37,597] {dag.py:2937} INFO - Setting next_dagrun for example_branch_operator to 2022-03-27 00:00:00+00:00
[2022-03-28 07:25:37,605] {processor.py:171} INFO - Processing /home/airflow/.local/lib/python3.7/site-packages/airflow/example_dags/example_branch_operator.py took 0.060 seconds
[2022-03-28 07:26:08,449] {processor.py:163} INFO - Started process (PID=2279) to work on /home/airflow/.local/lib/python3.7/site-packages/airflow/example_dags/example_branch_operator.py
[2022-03-28 07:26:08,450] {processor.py:642} INFO - Processing file /home/airflow/.local/lib/python3.7/site-packages/airflow/example_dags/example_branch_operator.py for tasks to queue
[2022-03-28 07:26:08,451] {logging_mixin.py:109} INFO - [2022-03-28 07:26:08,451] {dagbag.py:500} INFO - Filling up the DagBag from /home/airflow/.local/lib/python3.7/site-packages/airflow/example_dags/example_branch_operator.py
[2022-03-28 07:26:08,482] {processor.py:654} INFO - DAG(s) dict_keys(['example_branch_operator']) retrieved from /home/airflow/.local/lib/python3.7/site-packages/airflow/example_dags/example_branch_operator.py
[2022-03-28 07:26:08,493] {logging_mixin.py:109} INFO - [2022-03-28 07:26:08,493] {dag.py:2398} INFO - Sync 1 DAGs
[2022-03-28 07:26:08,507] {logging_mixin.py:109} INFO - [2022-03-28 07:26:08,507] {dag.py:2937} INFO - Setting next_dagrun for example_branch_operator to 2022-03-27 00:00:00+00:00
[2022-03-28 07:26:08,516] {processor.py:171} INFO - Processing /home/airflow/.local/lib/python3.7/site-packages/airflow/example_dags/example_branch_operator.py took 0.070 seconds
[2022-03-28 07:26:39,277] {processor.py:163} INFO - Started process (PID=2330) to work on /home/airflow/.local/lib/python3.7/site-packages/airflow/example_dags/example_branch_operator.py
[2022-03-28 07:26:39,278] {processor.py:642} INFO - Processing file /home/airflow/.local/lib/python3.7/site-packages/airflow/example_dags/example_branch_operator.py for tasks to queue
[2022-03-28 07:26:39,279] {logging_mixin.py:109} INFO - [2022-03-28 07:26:39,279] {dagbag.py:500} INFO - Filling up the DagBag from /home/airflow/.local/lib/python3.7/site-packages/airflow/example_dags/example_branch_operator.py
[2022-03-28 07:26:39,304] {processor.py:654} INFO - DAG(s) dict_keys(['example_branch_operator']) retrieved from /home/airflow/.local/lib/python3.7/site-packages/airflow/example_dags/example_branch_operator.py
[2022-03-28 07:26:39,315] {logging_mixin.py:109} INFO - [2022-03-28 07:26:39,315] {dag.py:2398} INFO - Sync 1 DAGs
[2022-03-28 07:26:39,330] {logging_mixin.py:109} INFO - [2022-03-28 07:26:39,329] {dag.py:2937} INFO - Setting next_dagrun for example_branch_operator to 2022-03-27 00:00:00+00:00
[2022-03-28 07:26:39,339] {processor.py:171} INFO - Processing /home/airflow/.local/lib/python3.7/site-packages/airflow/example_dags/example_branch_operator.py took 0.064 seconds
[2022-03-28 07:27:09,846] {processor.py:163} INFO - Started process (PID=2391) to work on /home/airflow/.local/lib/python3.7/site-packages/airflow/example_dags/example_branch_operator.py
[2022-03-28 07:27:09,847] {processor.py:642} INFO - Processing file /home/airflow/.local/lib/python3.7/site-packages/airflow/example_dags/example_branch_operator.py for tasks to queue
[2022-03-28 07:27:09,848] {logging_mixin.py:109} INFO - [2022-03-28 07:27:09,848] {dagbag.py:500} INFO - Filling up the DagBag from /home/airflow/.local/lib/python3.7/site-packages/airflow/example_dags/example_branch_operator.py
[2022-03-28 07:27:09,879] {processor.py:654} INFO - DAG(s) dict_keys(['example_branch_operator']) retrieved from /home/airflow/.local/lib/python3.7/site-packages/airflow/example_dags/example_branch_operator.py
[2022-03-28 07:27:09,891] {logging_mixin.py:109} INFO - [2022-03-28 07:27:09,891] {dag.py:2398} INFO - Sync 1 DAGs
[2022-03-28 07:27:09,907] {logging_mixin.py:109} INFO - [2022-03-28 07:27:09,907] {dag.py:2937} INFO - Setting next_dagrun for example_branch_operator to 2022-03-27 00:00:00+00:00
[2022-03-28 07:27:09,914] {processor.py:171} INFO - Processing /home/airflow/.local/lib/python3.7/site-packages/airflow/example_dags/example_branch_operator.py took 0.071 seconds
[2022-03-28 07:27:40,610] {processor.py:163} INFO - Started process (PID=2442) to work on /home/airflow/.local/lib/python3.7/site-packages/airflow/example_dags/example_branch_operator.py
[2022-03-28 07:27:40,611] {processor.py:642} INFO - Processing file /home/airflow/.local/lib/python3.7/site-packages/airflow/example_dags/example_branch_operator.py for tasks to queue
[2022-03-28 07:27:40,612] {logging_mixin.py:109} INFO - [2022-03-28 07:27:40,612] {dagbag.py:500} INFO - Filling up the DagBag from /home/airflow/.local/lib/python3.7/site-packages/airflow/example_dags/example_branch_operator.py
[2022-03-28 07:27:40,641] {processor.py:654} INFO - DAG(s) dict_keys(['example_branch_operator']) retrieved from /home/airflow/.local/lib/python3.7/site-packages/airflow/example_dags/example_branch_operator.py
[2022-03-28 07:27:40,651] {logging_mixin.py:109} INFO - [2022-03-28 07:27:40,651] {dag.py:2398} INFO - Sync 1 DAGs
[2022-03-28 07:27:40,666] {logging_mixin.py:109} INFO - [2022-03-28 07:27:40,666] {dag.py:2937} INFO - Setting next_dagrun for example_branch_operator to 2022-03-27 00:00:00+00:00
[2022-03-28 07:27:40,675] {processor.py:171} INFO - Processing /home/airflow/.local/lib/python3.7/site-packages/airflow/example_dags/example_branch_operator.py took 0.067 seconds
[2022-03-28 07:28:11,210] {processor.py:163} INFO - Started process (PID=2493) to work on /home/airflow/.local/lib/python3.7/site-packages/airflow/example_dags/example_branch_operator.py
[2022-03-28 07:28:11,212] {processor.py:642} INFO - Processing file /home/airflow/.local/lib/python3.7/site-packages/airflow/example_dags/example_branch_operator.py for tasks to queue
[2022-03-28 07:28:11,212] {logging_mixin.py:109} INFO - [2022-03-28 07:28:11,212] {dagbag.py:500} INFO - Filling up the DagBag from /home/airflow/.local/lib/python3.7/site-packages/airflow/example_dags/example_branch_operator.py
[2022-03-28 07:28:11,248] {processor.py:654} INFO - DAG(s) dict_keys(['example_branch_operator']) retrieved from /home/airflow/.local/lib/python3.7/site-packages/airflow/example_dags/example_branch_operator.py
[2022-03-28 07:28:11,258] {logging_mixin.py:109} INFO - [2022-03-28 07:28:11,258] {dag.py:2398} INFO - Sync 1 DAGs
[2022-03-28 07:28:11,273] {logging_mixin.py:109} INFO - [2022-03-28 07:28:11,273] {dag.py:2937} INFO - Setting next_dagrun for example_branch_operator to 2022-03-27 00:00:00+00:00
[2022-03-28 07:28:11,282] {processor.py:171} INFO - Processing /home/airflow/.local/lib/python3.7/site-packages/airflow/example_dags/example_branch_operator.py took 0.075 seconds
[2022-03-28 07:28:41,852] {processor.py:163} INFO - Started process (PID=2554) to work on /home/airflow/.local/lib/python3.7/site-packages/airflow/example_dags/example_branch_operator.py
[2022-03-28 07:28:41,853] {processor.py:642} INFO - Processing file /home/airflow/.local/lib/python3.7/site-packages/airflow/example_dags/example_branch_operator.py for tasks to queue
[2022-03-28 07:28:41,854] {logging_mixin.py:109} INFO - [2022-03-28 07:28:41,853] {dagbag.py:500} INFO - Filling up the DagBag from /home/airflow/.local/lib/python3.7/site-packages/airflow/example_dags/example_branch_operator.py
[2022-03-28 07:28:41,881] {processor.py:654} INFO - DAG(s) dict_keys(['example_branch_operator']) retrieved from /home/airflow/.local/lib/python3.7/site-packages/airflow/example_dags/example_branch_operator.py
[2022-03-28 07:28:41,890] {logging_mixin.py:109} INFO - [2022-03-28 07:28:41,890] {dag.py:2398} INFO - Sync 1 DAGs
[2022-03-28 07:28:41,904] {logging_mixin.py:109} INFO - [2022-03-28 07:28:41,904] {dag.py:2937} INFO - Setting next_dagrun for example_branch_operator to 2022-03-27 00:00:00+00:00
[2022-03-28 07:28:41,913] {processor.py:171} INFO - Processing /home/airflow/.local/lib/python3.7/site-packages/airflow/example_dags/example_branch_operator.py took 0.064 seconds
[2022-03-28 07:29:12,683] {processor.py:163} INFO - Started process (PID=2605) to work on /home/airflow/.local/lib/python3.7/site-packages/airflow/example_dags/example_branch_operator.py
[2022-03-28 07:29:12,685] {processor.py:642} INFO - Processing file /home/airflow/.local/lib/python3.7/site-packages/airflow/example_dags/example_branch_operator.py for tasks to queue
[2022-03-28 07:29:12,685] {logging_mixin.py:109} INFO - [2022-03-28 07:29:12,685] {dagbag.py:500} INFO - Filling up the DagBag from /home/airflow/.local/lib/python3.7/site-packages/airflow/example_dags/example_branch_operator.py
[2022-03-28 07:29:12,716] {processor.py:654} INFO - DAG(s) dict_keys(['example_branch_operator']) retrieved from /home/airflow/.local/lib/python3.7/site-packages/airflow/example_dags/example_branch_operator.py
[2022-03-28 07:29:12,727] {logging_mixin.py:109} INFO - [2022-03-28 07:29:12,727] {dag.py:2398} INFO - Sync 1 DAGs
[2022-03-28 07:29:12,743] {logging_mixin.py:109} INFO - [2022-03-28 07:29:12,743] {dag.py:2937} INFO - Setting next_dagrun for example_branch_operator to 2022-03-27 00:00:00+00:00
[2022-03-28 07:29:12,755] {processor.py:171} INFO - Processing /home/airflow/.local/lib/python3.7/site-packages/airflow/example_dags/example_branch_operator.py took 0.075 seconds
[2022-03-28 07:29:43,339] {processor.py:163} INFO - Started process (PID=2667) to work on /home/airflow/.local/lib/python3.7/site-packages/airflow/example_dags/example_branch_operator.py
[2022-03-28 07:29:43,340] {processor.py:642} INFO - Processing file /home/airflow/.local/lib/python3.7/site-packages/airflow/example_dags/example_branch_operator.py for tasks to queue
[2022-03-28 07:29:43,341] {logging_mixin.py:109} INFO - [2022-03-28 07:29:43,341] {dagbag.py:500} INFO - Filling up the DagBag from /home/airflow/.local/lib/python3.7/site-packages/airflow/example_dags/example_branch_operator.py
[2022-03-28 07:29:43,373] {processor.py:654} INFO - DAG(s) dict_keys(['example_branch_operator']) retrieved from /home/airflow/.local/lib/python3.7/site-packages/airflow/example_dags/example_branch_operator.py
[2022-03-28 07:29:43,385] {logging_mixin.py:109} INFO - [2022-03-28 07:29:43,385] {dag.py:2398} INFO - Sync 1 DAGs
[2022-03-28 07:29:43,403] {logging_mixin.py:109} INFO - [2022-03-28 07:29:43,403] {dag.py:2937} INFO - Setting next_dagrun for example_branch_operator to 2022-03-27 00:00:00+00:00
[2022-03-28 07:29:43,415] {processor.py:171} INFO - Processing /home/airflow/.local/lib/python3.7/site-packages/airflow/example_dags/example_branch_operator.py took 0.079 seconds
[2022-03-28 07:30:14,023] {processor.py:163} INFO - Started process (PID=2718) to work on /home/airflow/.local/lib/python3.7/site-packages/airflow/example_dags/example_branch_operator.py
[2022-03-28 07:30:14,024] {processor.py:642} INFO - Processing file /home/airflow/.local/lib/python3.7/site-packages/airflow/example_dags/example_branch_operator.py for tasks to queue
[2022-03-28 07:30:14,025] {logging_mixin.py:109} INFO - [2022-03-28 07:30:14,024] {dagbag.py:500} INFO - Filling up the DagBag from /home/airflow/.local/lib/python3.7/site-packages/airflow/example_dags/example_branch_operator.py
[2022-03-28 07:30:14,053] {processor.py:654} INFO - DAG(s) dict_keys(['example_branch_operator']) retrieved from /home/airflow/.local/lib/python3.7/site-packages/airflow/example_dags/example_branch_operator.py
[2022-03-28 07:30:14,063] {logging_mixin.py:109} INFO - [2022-03-28 07:30:14,063] {dag.py:2398} INFO - Sync 1 DAGs
[2022-03-28 07:30:14,077] {logging_mixin.py:109} INFO - [2022-03-28 07:30:14,077] {dag.py:2937} INFO - Setting next_dagrun for example_branch_operator to 2022-03-27 00:00:00+00:00
[2022-03-28 07:30:14,085] {processor.py:171} INFO - Processing /home/airflow/.local/lib/python3.7/site-packages/airflow/example_dags/example_branch_operator.py took 0.065 seconds
[2022-03-28 07:30:44,212] {processor.py:163} INFO - Started process (PID=2769) to work on /home/airflow/.local/lib/python3.7/site-packages/airflow/example_dags/example_branch_operator.py
[2022-03-28 07:30:44,213] {processor.py:642} INFO - Processing file /home/airflow/.local/lib/python3.7/site-packages/airflow/example_dags/example_branch_operator.py for tasks to queue
[2022-03-28 07:30:44,214] {logging_mixin.py:109} INFO - [2022-03-28 07:30:44,214] {dagbag.py:500} INFO - Filling up the DagBag from /home/airflow/.local/lib/python3.7/site-packages/airflow/example_dags/example_branch_operator.py
[2022-03-28 07:30:44,264] {processor.py:654} INFO - DAG(s) dict_keys(['example_branch_operator']) retrieved from /home/airflow/.local/lib/python3.7/site-packages/airflow/example_dags/example_branch_operator.py
[2022-03-28 07:30:44,280] {logging_mixin.py:109} INFO - [2022-03-28 07:30:44,279] {dag.py:2398} INFO - Sync 1 DAGs
[2022-03-28 07:30:44,303] {logging_mixin.py:109} INFO - [2022-03-28 07:30:44,303] {dag.py:2937} INFO - Setting next_dagrun for example_branch_operator to 2022-03-27 00:00:00+00:00
[2022-03-28 07:30:44,316] {processor.py:171} INFO - Processing /home/airflow/.local/lib/python3.7/site-packages/airflow/example_dags/example_branch_operator.py took 0.108 seconds
[2022-03-28 07:31:15,049] {processor.py:163} INFO - Started process (PID=2830) to work on /home/airflow/.local/lib/python3.7/site-packages/airflow/example_dags/example_branch_operator.py
[2022-03-28 07:31:15,051] {processor.py:642} INFO - Processing file /home/airflow/.local/lib/python3.7/site-packages/airflow/example_dags/example_branch_operator.py for tasks to queue
[2022-03-28 07:31:15,053] {logging_mixin.py:109} INFO - [2022-03-28 07:31:15,053] {dagbag.py:500} INFO - Filling up the DagBag from /home/airflow/.local/lib/python3.7/site-packages/airflow/example_dags/example_branch_operator.py
[2022-03-28 07:31:15,090] {processor.py:654} INFO - DAG(s) dict_keys(['example_branch_operator']) retrieved from /home/airflow/.local/lib/python3.7/site-packages/airflow/example_dags/example_branch_operator.py
[2022-03-28 07:31:15,107] {logging_mixin.py:109} INFO - [2022-03-28 07:31:15,106] {dag.py:2398} INFO - Sync 1 DAGs
[2022-03-28 07:31:15,128] {logging_mixin.py:109} INFO - [2022-03-28 07:31:15,128] {dag.py:2937} INFO - Setting next_dagrun for example_branch_operator to 2022-03-27 00:00:00+00:00
[2022-03-28 07:31:15,139] {processor.py:171} INFO - Processing /home/airflow/.local/lib/python3.7/site-packages/airflow/example_dags/example_branch_operator.py took 0.095 seconds
[2022-03-28 07:31:45,800] {processor.py:163} INFO - Started process (PID=2882) to work on /home/airflow/.local/lib/python3.7/site-packages/airflow/example_dags/example_branch_operator.py
[2022-03-28 07:31:45,801] {processor.py:642} INFO - Processing file /home/airflow/.local/lib/python3.7/site-packages/airflow/example_dags/example_branch_operator.py for tasks to queue
[2022-03-28 07:31:45,803] {logging_mixin.py:109} INFO - [2022-03-28 07:31:45,803] {dagbag.py:500} INFO - Filling up the DagBag from /home/airflow/.local/lib/python3.7/site-packages/airflow/example_dags/example_branch_operator.py
[2022-03-28 07:31:45,843] {processor.py:654} INFO - DAG(s) dict_keys(['example_branch_operator']) retrieved from /home/airflow/.local/lib/python3.7/site-packages/airflow/example_dags/example_branch_operator.py
[2022-03-28 07:31:45,857] {logging_mixin.py:109} INFO - [2022-03-28 07:31:45,857] {dag.py:2398} INFO - Sync 1 DAGs
[2022-03-28 07:31:45,880] {logging_mixin.py:109} INFO - [2022-03-28 07:31:45,880] {dag.py:2937} INFO - Setting next_dagrun for example_branch_operator to 2022-03-27 00:00:00+00:00
[2022-03-28 07:31:45,895] {processor.py:171} INFO - Processing /home/airflow/.local/lib/python3.7/site-packages/airflow/example_dags/example_branch_operator.py took 0.097 seconds
[2022-03-28 07:32:16,518] {processor.py:163} INFO - Started process (PID=2933) to work on /home/airflow/.local/lib/python3.7/site-packages/airflow/example_dags/example_branch_operator.py
[2022-03-28 07:32:16,520] {processor.py:642} INFO - Processing file /home/airflow/.local/lib/python3.7/site-packages/airflow/example_dags/example_branch_operator.py for tasks to queue
[2022-03-28 07:32:16,521] {logging_mixin.py:109} INFO - [2022-03-28 07:32:16,521] {dagbag.py:500} INFO - Filling up the DagBag from /home/airflow/.local/lib/python3.7/site-packages/airflow/example_dags/example_branch_operator.py
[2022-03-28 07:32:16,557] {processor.py:654} INFO - DAG(s) dict_keys(['example_branch_operator']) retrieved from /home/airflow/.local/lib/python3.7/site-packages/airflow/example_dags/example_branch_operator.py
[2022-03-28 07:32:16,569] {logging_mixin.py:109} INFO - [2022-03-28 07:32:16,569] {dag.py:2398} INFO - Sync 1 DAGs
[2022-03-28 07:32:16,586] {logging_mixin.py:109} INFO - [2022-03-28 07:32:16,586] {dag.py:2937} INFO - Setting next_dagrun for example_branch_operator to 2022-03-27 00:00:00+00:00
[2022-03-28 07:32:16,596] {processor.py:171} INFO - Processing /home/airflow/.local/lib/python3.7/site-packages/airflow/example_dags/example_branch_operator.py took 0.081 seconds
