[2022-03-28 07:08:30,221] {processor.py:163} INFO - Started process (PID=77) to work on /home/airflow/.local/lib/python3.7/site-packages/airflow/example_dags/example_kubernetes_executor.py
[2022-03-28 07:08:30,225] {processor.py:642} INFO - Processing file /home/airflow/.local/lib/python3.7/site-packages/airflow/example_dags/example_kubernetes_executor.py for tasks to queue
[2022-03-28 07:08:30,226] {logging_mixin.py:109} INFO - [2022-03-28 07:08:30,226] {dagbag.py:500} INFO - Filling up the DagBag from /home/airflow/.local/lib/python3.7/site-packages/airflow/example_dags/example_kubernetes_executor.py
[2022-03-28 07:08:30,307] {processor.py:654} INFO - DAG(s) dict_keys(['example_kubernetes_executor']) retrieved from /home/airflow/.local/lib/python3.7/site-packages/airflow/example_dags/example_kubernetes_executor.py
[2022-03-28 07:08:33,751] {logging_mixin.py:109} INFO - [2022-03-28 07:08:33,751] {manager.py:496} INFO - Created Permission View: can read on DAG:example_kubernetes_executor
[2022-03-28 07:08:33,768] {logging_mixin.py:109} INFO - [2022-03-28 07:08:33,767] {manager.py:496} INFO - Created Permission View: can edit on DAG:example_kubernetes_executor
[2022-03-28 07:08:33,769] {logging_mixin.py:109} INFO - [2022-03-28 07:08:33,768] {dag.py:2398} INFO - Sync 1 DAGs
[2022-03-28 07:08:33,782] {logging_mixin.py:109} INFO - [2022-03-28 07:08:33,782] {dag.py:2417} INFO - Creating ORM DAG for example_kubernetes_executor
[2022-03-28 07:08:33,793] {logging_mixin.py:109} INFO - [2022-03-28 07:08:33,793] {dag.py:2937} INFO - Setting next_dagrun for example_kubernetes_executor to None
[2022-03-28 07:08:33,808] {processor.py:171} INFO - Processing /home/airflow/.local/lib/python3.7/site-packages/airflow/example_dags/example_kubernetes_executor.py took 3.591 seconds
[2022-03-28 07:09:04,736] {processor.py:163} INFO - Started process (PID=464) to work on /home/airflow/.local/lib/python3.7/site-packages/airflow/example_dags/example_kubernetes_executor.py
[2022-03-28 07:09:04,737] {processor.py:642} INFO - Processing file /home/airflow/.local/lib/python3.7/site-packages/airflow/example_dags/example_kubernetes_executor.py for tasks to queue
[2022-03-28 07:09:04,738] {logging_mixin.py:109} INFO - [2022-03-28 07:09:04,738] {dagbag.py:500} INFO - Filling up the DagBag from /home/airflow/.local/lib/python3.7/site-packages/airflow/example_dags/example_kubernetes_executor.py
[2022-03-28 07:09:04,770] {processor.py:654} INFO - DAG(s) dict_keys(['example_kubernetes_executor']) retrieved from /home/airflow/.local/lib/python3.7/site-packages/airflow/example_dags/example_kubernetes_executor.py
[2022-03-28 07:09:04,783] {logging_mixin.py:109} INFO - [2022-03-28 07:09:04,783] {dag.py:2398} INFO - Sync 1 DAGs
[2022-03-28 07:09:04,797] {logging_mixin.py:109} INFO - [2022-03-28 07:09:04,797] {dag.py:2937} INFO - Setting next_dagrun for example_kubernetes_executor to None
[2022-03-28 07:09:04,805] {processor.py:171} INFO - Processing /home/airflow/.local/lib/python3.7/site-packages/airflow/example_dags/example_kubernetes_executor.py took 0.073 seconds
[2022-03-28 07:09:35,617] {processor.py:163} INFO - Started process (PID=526) to work on /home/airflow/.local/lib/python3.7/site-packages/airflow/example_dags/example_kubernetes_executor.py
[2022-03-28 07:09:35,618] {processor.py:642} INFO - Processing file /home/airflow/.local/lib/python3.7/site-packages/airflow/example_dags/example_kubernetes_executor.py for tasks to queue
[2022-03-28 07:09:35,619] {logging_mixin.py:109} INFO - [2022-03-28 07:09:35,619] {dagbag.py:500} INFO - Filling up the DagBag from /home/airflow/.local/lib/python3.7/site-packages/airflow/example_dags/example_kubernetes_executor.py
[2022-03-28 07:09:35,657] {processor.py:654} INFO - DAG(s) dict_keys(['example_kubernetes_executor']) retrieved from /home/airflow/.local/lib/python3.7/site-packages/airflow/example_dags/example_kubernetes_executor.py
[2022-03-28 07:09:35,670] {logging_mixin.py:109} INFO - [2022-03-28 07:09:35,670] {dag.py:2398} INFO - Sync 1 DAGs
[2022-03-28 07:09:35,684] {logging_mixin.py:109} INFO - [2022-03-28 07:09:35,684] {dag.py:2937} INFO - Setting next_dagrun for example_kubernetes_executor to None
[2022-03-28 07:09:35,694] {processor.py:171} INFO - Processing /home/airflow/.local/lib/python3.7/site-packages/airflow/example_dags/example_kubernetes_executor.py took 0.080 seconds
[2022-03-28 07:10:06,306] {processor.py:163} INFO - Started process (PID=577) to work on /home/airflow/.local/lib/python3.7/site-packages/airflow/example_dags/example_kubernetes_executor.py
[2022-03-28 07:10:06,308] {processor.py:642} INFO - Processing file /home/airflow/.local/lib/python3.7/site-packages/airflow/example_dags/example_kubernetes_executor.py for tasks to queue
[2022-03-28 07:10:06,309] {logging_mixin.py:109} INFO - [2022-03-28 07:10:06,309] {dagbag.py:500} INFO - Filling up the DagBag from /home/airflow/.local/lib/python3.7/site-packages/airflow/example_dags/example_kubernetes_executor.py
[2022-03-28 07:10:06,352] {processor.py:654} INFO - DAG(s) dict_keys(['example_kubernetes_executor']) retrieved from /home/airflow/.local/lib/python3.7/site-packages/airflow/example_dags/example_kubernetes_executor.py
[2022-03-28 07:10:06,367] {logging_mixin.py:109} INFO - [2022-03-28 07:10:06,367] {dag.py:2398} INFO - Sync 1 DAGs
[2022-03-28 07:10:06,387] {logging_mixin.py:109} INFO - [2022-03-28 07:10:06,387] {dag.py:2937} INFO - Setting next_dagrun for example_kubernetes_executor to None
[2022-03-28 07:10:06,400] {processor.py:171} INFO - Processing /home/airflow/.local/lib/python3.7/site-packages/airflow/example_dags/example_kubernetes_executor.py took 0.098 seconds
[2022-03-28 07:10:37,016] {processor.py:163} INFO - Started process (PID=628) to work on /home/airflow/.local/lib/python3.7/site-packages/airflow/example_dags/example_kubernetes_executor.py
[2022-03-28 07:10:37,018] {processor.py:642} INFO - Processing file /home/airflow/.local/lib/python3.7/site-packages/airflow/example_dags/example_kubernetes_executor.py for tasks to queue
[2022-03-28 07:10:37,018] {logging_mixin.py:109} INFO - [2022-03-28 07:10:37,018] {dagbag.py:500} INFO - Filling up the DagBag from /home/airflow/.local/lib/python3.7/site-packages/airflow/example_dags/example_kubernetes_executor.py
[2022-03-28 07:10:37,054] {processor.py:654} INFO - DAG(s) dict_keys(['example_kubernetes_executor']) retrieved from /home/airflow/.local/lib/python3.7/site-packages/airflow/example_dags/example_kubernetes_executor.py
[2022-03-28 07:10:37,069] {logging_mixin.py:109} INFO - [2022-03-28 07:10:37,069] {dag.py:2398} INFO - Sync 1 DAGs
[2022-03-28 07:10:37,085] {logging_mixin.py:109} INFO - [2022-03-28 07:10:37,085] {dag.py:2937} INFO - Setting next_dagrun for example_kubernetes_executor to None
[2022-03-28 07:10:37,098] {processor.py:171} INFO - Processing /home/airflow/.local/lib/python3.7/site-packages/airflow/example_dags/example_kubernetes_executor.py took 0.085 seconds
[2022-03-28 07:11:07,429] {processor.py:163} INFO - Started process (PID=689) to work on /home/airflow/.local/lib/python3.7/site-packages/airflow/example_dags/example_kubernetes_executor.py
[2022-03-28 07:11:07,431] {processor.py:642} INFO - Processing file /home/airflow/.local/lib/python3.7/site-packages/airflow/example_dags/example_kubernetes_executor.py for tasks to queue
[2022-03-28 07:11:07,432] {logging_mixin.py:109} INFO - [2022-03-28 07:11:07,432] {dagbag.py:500} INFO - Filling up the DagBag from /home/airflow/.local/lib/python3.7/site-packages/airflow/example_dags/example_kubernetes_executor.py
[2022-03-28 07:11:07,470] {processor.py:654} INFO - DAG(s) dict_keys(['example_kubernetes_executor']) retrieved from /home/airflow/.local/lib/python3.7/site-packages/airflow/example_dags/example_kubernetes_executor.py
[2022-03-28 07:11:07,488] {logging_mixin.py:109} INFO - [2022-03-28 07:11:07,488] {dag.py:2398} INFO - Sync 1 DAGs
[2022-03-28 07:11:07,504] {logging_mixin.py:109} INFO - [2022-03-28 07:11:07,504] {dag.py:2937} INFO - Setting next_dagrun for example_kubernetes_executor to None
[2022-03-28 07:11:07,514] {processor.py:171} INFO - Processing /home/airflow/.local/lib/python3.7/site-packages/airflow/example_dags/example_kubernetes_executor.py took 0.088 seconds
[2022-03-28 07:11:37,901] {processor.py:163} INFO - Started process (PID=740) to work on /home/airflow/.local/lib/python3.7/site-packages/airflow/example_dags/example_kubernetes_executor.py
[2022-03-28 07:11:37,903] {processor.py:642} INFO - Processing file /home/airflow/.local/lib/python3.7/site-packages/airflow/example_dags/example_kubernetes_executor.py for tasks to queue
[2022-03-28 07:11:37,904] {logging_mixin.py:109} INFO - [2022-03-28 07:11:37,904] {dagbag.py:500} INFO - Filling up the DagBag from /home/airflow/.local/lib/python3.7/site-packages/airflow/example_dags/example_kubernetes_executor.py
[2022-03-28 07:11:37,935] {processor.py:654} INFO - DAG(s) dict_keys(['example_kubernetes_executor']) retrieved from /home/airflow/.local/lib/python3.7/site-packages/airflow/example_dags/example_kubernetes_executor.py
[2022-03-28 07:11:37,955] {logging_mixin.py:109} INFO - [2022-03-28 07:11:37,955] {dag.py:2398} INFO - Sync 1 DAGs
[2022-03-28 07:11:37,974] {logging_mixin.py:109} INFO - [2022-03-28 07:11:37,974] {dag.py:2937} INFO - Setting next_dagrun for example_kubernetes_executor to None
[2022-03-28 07:11:37,983] {processor.py:171} INFO - Processing /home/airflow/.local/lib/python3.7/site-packages/airflow/example_dags/example_kubernetes_executor.py took 0.086 seconds
[2022-03-28 07:12:08,392] {processor.py:163} INFO - Started process (PID=790) to work on /home/airflow/.local/lib/python3.7/site-packages/airflow/example_dags/example_kubernetes_executor.py
[2022-03-28 07:12:08,393] {processor.py:642} INFO - Processing file /home/airflow/.local/lib/python3.7/site-packages/airflow/example_dags/example_kubernetes_executor.py for tasks to queue
[2022-03-28 07:12:08,394] {logging_mixin.py:109} INFO - [2022-03-28 07:12:08,394] {dagbag.py:500} INFO - Filling up the DagBag from /home/airflow/.local/lib/python3.7/site-packages/airflow/example_dags/example_kubernetes_executor.py
[2022-03-28 07:12:08,427] {processor.py:654} INFO - DAG(s) dict_keys(['example_kubernetes_executor']) retrieved from /home/airflow/.local/lib/python3.7/site-packages/airflow/example_dags/example_kubernetes_executor.py
[2022-03-28 07:12:08,441] {logging_mixin.py:109} INFO - [2022-03-28 07:12:08,441] {dag.py:2398} INFO - Sync 1 DAGs
[2022-03-28 07:12:08,454] {logging_mixin.py:109} INFO - [2022-03-28 07:12:08,454] {dag.py:2937} INFO - Setting next_dagrun for example_kubernetes_executor to None
[2022-03-28 07:12:08,463] {processor.py:171} INFO - Processing /home/airflow/.local/lib/python3.7/site-packages/airflow/example_dags/example_kubernetes_executor.py took 0.074 seconds
[2022-03-28 07:12:38,967] {processor.py:163} INFO - Started process (PID=851) to work on /home/airflow/.local/lib/python3.7/site-packages/airflow/example_dags/example_kubernetes_executor.py
[2022-03-28 07:12:38,970] {processor.py:642} INFO - Processing file /home/airflow/.local/lib/python3.7/site-packages/airflow/example_dags/example_kubernetes_executor.py for tasks to queue
[2022-03-28 07:12:38,971] {logging_mixin.py:109} INFO - [2022-03-28 07:12:38,970] {dagbag.py:500} INFO - Filling up the DagBag from /home/airflow/.local/lib/python3.7/site-packages/airflow/example_dags/example_kubernetes_executor.py
[2022-03-28 07:12:39,111] {processor.py:654} INFO - DAG(s) dict_keys(['example_kubernetes_executor']) retrieved from /home/airflow/.local/lib/python3.7/site-packages/airflow/example_dags/example_kubernetes_executor.py
[2022-03-28 07:12:39,129] {logging_mixin.py:109} INFO - [2022-03-28 07:12:39,129] {dag.py:2398} INFO - Sync 1 DAGs
[2022-03-28 07:12:39,158] {logging_mixin.py:109} INFO - [2022-03-28 07:12:39,158] {dag.py:2937} INFO - Setting next_dagrun for example_kubernetes_executor to None
[2022-03-28 07:12:39,169] {processor.py:171} INFO - Processing /home/airflow/.local/lib/python3.7/site-packages/airflow/example_dags/example_kubernetes_executor.py took 0.206 seconds
[2022-03-28 07:13:09,508] {processor.py:163} INFO - Started process (PID=902) to work on /home/airflow/.local/lib/python3.7/site-packages/airflow/example_dags/example_kubernetes_executor.py
[2022-03-28 07:13:09,510] {processor.py:642} INFO - Processing file /home/airflow/.local/lib/python3.7/site-packages/airflow/example_dags/example_kubernetes_executor.py for tasks to queue
[2022-03-28 07:13:09,510] {logging_mixin.py:109} INFO - [2022-03-28 07:13:09,510] {dagbag.py:500} INFO - Filling up the DagBag from /home/airflow/.local/lib/python3.7/site-packages/airflow/example_dags/example_kubernetes_executor.py
[2022-03-28 07:13:09,544] {processor.py:654} INFO - DAG(s) dict_keys(['example_kubernetes_executor']) retrieved from /home/airflow/.local/lib/python3.7/site-packages/airflow/example_dags/example_kubernetes_executor.py
[2022-03-28 07:13:09,556] {logging_mixin.py:109} INFO - [2022-03-28 07:13:09,556] {dag.py:2398} INFO - Sync 1 DAGs
[2022-03-28 07:13:09,570] {logging_mixin.py:109} INFO - [2022-03-28 07:13:09,570] {dag.py:2937} INFO - Setting next_dagrun for example_kubernetes_executor to None
[2022-03-28 07:13:09,580] {processor.py:171} INFO - Processing /home/airflow/.local/lib/python3.7/site-packages/airflow/example_dags/example_kubernetes_executor.py took 0.075 seconds
[2022-03-28 07:13:40,025] {processor.py:163} INFO - Started process (PID=953) to work on /home/airflow/.local/lib/python3.7/site-packages/airflow/example_dags/example_kubernetes_executor.py
[2022-03-28 07:13:40,027] {processor.py:642} INFO - Processing file /home/airflow/.local/lib/python3.7/site-packages/airflow/example_dags/example_kubernetes_executor.py for tasks to queue
[2022-03-28 07:13:40,028] {logging_mixin.py:109} INFO - [2022-03-28 07:13:40,028] {dagbag.py:500} INFO - Filling up the DagBag from /home/airflow/.local/lib/python3.7/site-packages/airflow/example_dags/example_kubernetes_executor.py
[2022-03-28 07:13:40,064] {processor.py:654} INFO - DAG(s) dict_keys(['example_kubernetes_executor']) retrieved from /home/airflow/.local/lib/python3.7/site-packages/airflow/example_dags/example_kubernetes_executor.py
[2022-03-28 07:13:40,077] {logging_mixin.py:109} INFO - [2022-03-28 07:13:40,076] {dag.py:2398} INFO - Sync 1 DAGs
[2022-03-28 07:13:40,093] {logging_mixin.py:109} INFO - [2022-03-28 07:13:40,092] {dag.py:2937} INFO - Setting next_dagrun for example_kubernetes_executor to None
[2022-03-28 07:13:40,103] {processor.py:171} INFO - Processing /home/airflow/.local/lib/python3.7/site-packages/airflow/example_dags/example_kubernetes_executor.py took 0.081 seconds
[2022-03-28 07:14:10,624] {processor.py:163} INFO - Started process (PID=1013) to work on /home/airflow/.local/lib/python3.7/site-packages/airflow/example_dags/example_kubernetes_executor.py
[2022-03-28 07:14:10,626] {processor.py:642} INFO - Processing file /home/airflow/.local/lib/python3.7/site-packages/airflow/example_dags/example_kubernetes_executor.py for tasks to queue
[2022-03-28 07:14:10,627] {logging_mixin.py:109} INFO - [2022-03-28 07:14:10,627] {dagbag.py:500} INFO - Filling up the DagBag from /home/airflow/.local/lib/python3.7/site-packages/airflow/example_dags/example_kubernetes_executor.py
[2022-03-28 07:14:10,662] {processor.py:654} INFO - DAG(s) dict_keys(['example_kubernetes_executor']) retrieved from /home/airflow/.local/lib/python3.7/site-packages/airflow/example_dags/example_kubernetes_executor.py
[2022-03-28 07:14:10,676] {logging_mixin.py:109} INFO - [2022-03-28 07:14:10,676] {dag.py:2398} INFO - Sync 1 DAGs
[2022-03-28 07:14:10,694] {logging_mixin.py:109} INFO - [2022-03-28 07:14:10,694] {dag.py:2937} INFO - Setting next_dagrun for example_kubernetes_executor to None
[2022-03-28 07:14:10,704] {processor.py:171} INFO - Processing /home/airflow/.local/lib/python3.7/site-packages/airflow/example_dags/example_kubernetes_executor.py took 0.083 seconds
[2022-03-28 07:14:41,261] {processor.py:163} INFO - Started process (PID=1064) to work on /home/airflow/.local/lib/python3.7/site-packages/airflow/example_dags/example_kubernetes_executor.py
[2022-03-28 07:14:41,262] {processor.py:642} INFO - Processing file /home/airflow/.local/lib/python3.7/site-packages/airflow/example_dags/example_kubernetes_executor.py for tasks to queue
[2022-03-28 07:14:41,264] {logging_mixin.py:109} INFO - [2022-03-28 07:14:41,263] {dagbag.py:500} INFO - Filling up the DagBag from /home/airflow/.local/lib/python3.7/site-packages/airflow/example_dags/example_kubernetes_executor.py
[2022-03-28 07:14:41,304] {processor.py:654} INFO - DAG(s) dict_keys(['example_kubernetes_executor']) retrieved from /home/airflow/.local/lib/python3.7/site-packages/airflow/example_dags/example_kubernetes_executor.py
[2022-03-28 07:14:41,318] {logging_mixin.py:109} INFO - [2022-03-28 07:14:41,318] {dag.py:2398} INFO - Sync 1 DAGs
[2022-03-28 07:14:41,335] {logging_mixin.py:109} INFO - [2022-03-28 07:14:41,335] {dag.py:2937} INFO - Setting next_dagrun for example_kubernetes_executor to None
[2022-03-28 07:14:41,348] {processor.py:171} INFO - Processing /home/airflow/.local/lib/python3.7/site-packages/airflow/example_dags/example_kubernetes_executor.py took 0.090 seconds
[2022-03-28 07:15:11,925] {processor.py:163} INFO - Started process (PID=1114) to work on /home/airflow/.local/lib/python3.7/site-packages/airflow/example_dags/example_kubernetes_executor.py
[2022-03-28 07:15:11,927] {processor.py:642} INFO - Processing file /home/airflow/.local/lib/python3.7/site-packages/airflow/example_dags/example_kubernetes_executor.py for tasks to queue
[2022-03-28 07:15:11,928] {logging_mixin.py:109} INFO - [2022-03-28 07:15:11,928] {dagbag.py:500} INFO - Filling up the DagBag from /home/airflow/.local/lib/python3.7/site-packages/airflow/example_dags/example_kubernetes_executor.py
[2022-03-28 07:15:11,967] {processor.py:654} INFO - DAG(s) dict_keys(['example_kubernetes_executor']) retrieved from /home/airflow/.local/lib/python3.7/site-packages/airflow/example_dags/example_kubernetes_executor.py
[2022-03-28 07:15:11,982] {logging_mixin.py:109} INFO - [2022-03-28 07:15:11,982] {dag.py:2398} INFO - Sync 1 DAGs
[2022-03-28 07:15:11,996] {logging_mixin.py:109} INFO - [2022-03-28 07:15:11,996] {dag.py:2937} INFO - Setting next_dagrun for example_kubernetes_executor to None
[2022-03-28 07:15:12,007] {processor.py:171} INFO - Processing /home/airflow/.local/lib/python3.7/site-packages/airflow/example_dags/example_kubernetes_executor.py took 0.085 seconds
[2022-03-28 07:15:42,328] {processor.py:163} INFO - Started process (PID=1175) to work on /home/airflow/.local/lib/python3.7/site-packages/airflow/example_dags/example_kubernetes_executor.py
[2022-03-28 07:15:42,330] {processor.py:642} INFO - Processing file /home/airflow/.local/lib/python3.7/site-packages/airflow/example_dags/example_kubernetes_executor.py for tasks to queue
[2022-03-28 07:15:42,332] {logging_mixin.py:109} INFO - [2022-03-28 07:15:42,332] {dagbag.py:500} INFO - Filling up the DagBag from /home/airflow/.local/lib/python3.7/site-packages/airflow/example_dags/example_kubernetes_executor.py
[2022-03-28 07:15:42,373] {processor.py:654} INFO - DAG(s) dict_keys(['example_kubernetes_executor']) retrieved from /home/airflow/.local/lib/python3.7/site-packages/airflow/example_dags/example_kubernetes_executor.py
[2022-03-28 07:15:42,389] {logging_mixin.py:109} INFO - [2022-03-28 07:15:42,389] {dag.py:2398} INFO - Sync 1 DAGs
[2022-03-28 07:15:42,408] {logging_mixin.py:109} INFO - [2022-03-28 07:15:42,408] {dag.py:2937} INFO - Setting next_dagrun for example_kubernetes_executor to None
[2022-03-28 07:15:42,420] {processor.py:171} INFO - Processing /home/airflow/.local/lib/python3.7/site-packages/airflow/example_dags/example_kubernetes_executor.py took 0.096 seconds
[2022-03-28 07:16:12,833] {processor.py:163} INFO - Started process (PID=1225) to work on /home/airflow/.local/lib/python3.7/site-packages/airflow/example_dags/example_kubernetes_executor.py
[2022-03-28 07:16:12,834] {processor.py:642} INFO - Processing file /home/airflow/.local/lib/python3.7/site-packages/airflow/example_dags/example_kubernetes_executor.py for tasks to queue
[2022-03-28 07:16:12,835] {logging_mixin.py:109} INFO - [2022-03-28 07:16:12,835] {dagbag.py:500} INFO - Filling up the DagBag from /home/airflow/.local/lib/python3.7/site-packages/airflow/example_dags/example_kubernetes_executor.py
[2022-03-28 07:16:12,870] {processor.py:654} INFO - DAG(s) dict_keys(['example_kubernetes_executor']) retrieved from /home/airflow/.local/lib/python3.7/site-packages/airflow/example_dags/example_kubernetes_executor.py
[2022-03-28 07:16:12,881] {logging_mixin.py:109} INFO - [2022-03-28 07:16:12,881] {dag.py:2398} INFO - Sync 1 DAGs
[2022-03-28 07:16:12,898] {logging_mixin.py:109} INFO - [2022-03-28 07:16:12,898] {dag.py:2937} INFO - Setting next_dagrun for example_kubernetes_executor to None
[2022-03-28 07:16:12,909] {processor.py:171} INFO - Processing /home/airflow/.local/lib/python3.7/site-packages/airflow/example_dags/example_kubernetes_executor.py took 0.079 seconds
[2022-03-28 07:16:43,490] {processor.py:163} INFO - Started process (PID=1277) to work on /home/airflow/.local/lib/python3.7/site-packages/airflow/example_dags/example_kubernetes_executor.py
[2022-03-28 07:16:43,492] {processor.py:642} INFO - Processing file /home/airflow/.local/lib/python3.7/site-packages/airflow/example_dags/example_kubernetes_executor.py for tasks to queue
[2022-03-28 07:16:43,492] {logging_mixin.py:109} INFO - [2022-03-28 07:16:43,492] {dagbag.py:500} INFO - Filling up the DagBag from /home/airflow/.local/lib/python3.7/site-packages/airflow/example_dags/example_kubernetes_executor.py
[2022-03-28 07:16:43,525] {processor.py:654} INFO - DAG(s) dict_keys(['example_kubernetes_executor']) retrieved from /home/airflow/.local/lib/python3.7/site-packages/airflow/example_dags/example_kubernetes_executor.py
[2022-03-28 07:16:43,537] {logging_mixin.py:109} INFO - [2022-03-28 07:16:43,537] {dag.py:2398} INFO - Sync 1 DAGs
[2022-03-28 07:16:43,550] {logging_mixin.py:109} INFO - [2022-03-28 07:16:43,550] {dag.py:2937} INFO - Setting next_dagrun for example_kubernetes_executor to None
[2022-03-28 07:16:43,559] {processor.py:171} INFO - Processing /home/airflow/.local/lib/python3.7/site-packages/airflow/example_dags/example_kubernetes_executor.py took 0.071 seconds
[2022-03-28 07:17:14,020] {processor.py:163} INFO - Started process (PID=1338) to work on /home/airflow/.local/lib/python3.7/site-packages/airflow/example_dags/example_kubernetes_executor.py
[2022-03-28 07:17:14,022] {processor.py:642} INFO - Processing file /home/airflow/.local/lib/python3.7/site-packages/airflow/example_dags/example_kubernetes_executor.py for tasks to queue
[2022-03-28 07:17:14,023] {logging_mixin.py:109} INFO - [2022-03-28 07:17:14,023] {dagbag.py:500} INFO - Filling up the DagBag from /home/airflow/.local/lib/python3.7/site-packages/airflow/example_dags/example_kubernetes_executor.py
[2022-03-28 07:17:14,065] {processor.py:654} INFO - DAG(s) dict_keys(['example_kubernetes_executor']) retrieved from /home/airflow/.local/lib/python3.7/site-packages/airflow/example_dags/example_kubernetes_executor.py
[2022-03-28 07:17:14,082] {logging_mixin.py:109} INFO - [2022-03-28 07:17:14,082] {dag.py:2398} INFO - Sync 1 DAGs
[2022-03-28 07:17:14,101] {logging_mixin.py:109} INFO - [2022-03-28 07:17:14,101] {dag.py:2937} INFO - Setting next_dagrun for example_kubernetes_executor to None
[2022-03-28 07:17:14,112] {processor.py:171} INFO - Processing /home/airflow/.local/lib/python3.7/site-packages/airflow/example_dags/example_kubernetes_executor.py took 0.096 seconds
[2022-03-28 07:17:44,701] {processor.py:163} INFO - Started process (PID=1390) to work on /home/airflow/.local/lib/python3.7/site-packages/airflow/example_dags/example_kubernetes_executor.py
[2022-03-28 07:17:44,702] {processor.py:642} INFO - Processing file /home/airflow/.local/lib/python3.7/site-packages/airflow/example_dags/example_kubernetes_executor.py for tasks to queue
[2022-03-28 07:17:44,703] {logging_mixin.py:109} INFO - [2022-03-28 07:17:44,703] {dagbag.py:500} INFO - Filling up the DagBag from /home/airflow/.local/lib/python3.7/site-packages/airflow/example_dags/example_kubernetes_executor.py
[2022-03-28 07:17:44,740] {processor.py:654} INFO - DAG(s) dict_keys(['example_kubernetes_executor']) retrieved from /home/airflow/.local/lib/python3.7/site-packages/airflow/example_dags/example_kubernetes_executor.py
[2022-03-28 07:17:44,751] {logging_mixin.py:109} INFO - [2022-03-28 07:17:44,751] {dag.py:2398} INFO - Sync 1 DAGs
[2022-03-28 07:17:44,765] {logging_mixin.py:109} INFO - [2022-03-28 07:17:44,765] {dag.py:2937} INFO - Setting next_dagrun for example_kubernetes_executor to None
[2022-03-28 07:17:44,775] {processor.py:171} INFO - Processing /home/airflow/.local/lib/python3.7/site-packages/airflow/example_dags/example_kubernetes_executor.py took 0.077 seconds
[2022-03-28 07:18:15,221] {processor.py:163} INFO - Started process (PID=1441) to work on /home/airflow/.local/lib/python3.7/site-packages/airflow/example_dags/example_kubernetes_executor.py
[2022-03-28 07:18:15,222] {processor.py:642} INFO - Processing file /home/airflow/.local/lib/python3.7/site-packages/airflow/example_dags/example_kubernetes_executor.py for tasks to queue
[2022-03-28 07:18:15,223] {logging_mixin.py:109} INFO - [2022-03-28 07:18:15,223] {dagbag.py:500} INFO - Filling up the DagBag from /home/airflow/.local/lib/python3.7/site-packages/airflow/example_dags/example_kubernetes_executor.py
[2022-03-28 07:18:15,254] {processor.py:654} INFO - DAG(s) dict_keys(['example_kubernetes_executor']) retrieved from /home/airflow/.local/lib/python3.7/site-packages/airflow/example_dags/example_kubernetes_executor.py
[2022-03-28 07:18:15,266] {logging_mixin.py:109} INFO - [2022-03-28 07:18:15,266] {dag.py:2398} INFO - Sync 1 DAGs
[2022-03-28 07:18:15,279] {logging_mixin.py:109} INFO - [2022-03-28 07:18:15,279] {dag.py:2937} INFO - Setting next_dagrun for example_kubernetes_executor to None
[2022-03-28 07:18:15,289] {processor.py:171} INFO - Processing /home/airflow/.local/lib/python3.7/site-packages/airflow/example_dags/example_kubernetes_executor.py took 0.072 seconds
[2022-03-28 07:18:45,593] {processor.py:163} INFO - Started process (PID=1501) to work on /home/airflow/.local/lib/python3.7/site-packages/airflow/example_dags/example_kubernetes_executor.py
[2022-03-28 07:18:45,594] {processor.py:642} INFO - Processing file /home/airflow/.local/lib/python3.7/site-packages/airflow/example_dags/example_kubernetes_executor.py for tasks to queue
[2022-03-28 07:18:45,595] {logging_mixin.py:109} INFO - [2022-03-28 07:18:45,595] {dagbag.py:500} INFO - Filling up the DagBag from /home/airflow/.local/lib/python3.7/site-packages/airflow/example_dags/example_kubernetes_executor.py
[2022-03-28 07:18:45,636] {processor.py:654} INFO - DAG(s) dict_keys(['example_kubernetes_executor']) retrieved from /home/airflow/.local/lib/python3.7/site-packages/airflow/example_dags/example_kubernetes_executor.py
[2022-03-28 07:18:45,650] {logging_mixin.py:109} INFO - [2022-03-28 07:18:45,650] {dag.py:2398} INFO - Sync 1 DAGs
[2022-03-28 07:18:45,665] {logging_mixin.py:109} INFO - [2022-03-28 07:18:45,665] {dag.py:2937} INFO - Setting next_dagrun for example_kubernetes_executor to None
[2022-03-28 07:18:45,676] {processor.py:171} INFO - Processing /home/airflow/.local/lib/python3.7/site-packages/airflow/example_dags/example_kubernetes_executor.py took 0.086 seconds
[2022-03-28 07:19:16,176] {processor.py:163} INFO - Started process (PID=1552) to work on /home/airflow/.local/lib/python3.7/site-packages/airflow/example_dags/example_kubernetes_executor.py
[2022-03-28 07:19:16,177] {processor.py:642} INFO - Processing file /home/airflow/.local/lib/python3.7/site-packages/airflow/example_dags/example_kubernetes_executor.py for tasks to queue
[2022-03-28 07:19:16,178] {logging_mixin.py:109} INFO - [2022-03-28 07:19:16,178] {dagbag.py:500} INFO - Filling up the DagBag from /home/airflow/.local/lib/python3.7/site-packages/airflow/example_dags/example_kubernetes_executor.py
[2022-03-28 07:19:16,223] {processor.py:654} INFO - DAG(s) dict_keys(['example_kubernetes_executor']) retrieved from /home/airflow/.local/lib/python3.7/site-packages/airflow/example_dags/example_kubernetes_executor.py
[2022-03-28 07:19:16,241] {logging_mixin.py:109} INFO - [2022-03-28 07:19:16,241] {dag.py:2398} INFO - Sync 1 DAGs
[2022-03-28 07:19:16,259] {logging_mixin.py:109} INFO - [2022-03-28 07:19:16,259] {dag.py:2937} INFO - Setting next_dagrun for example_kubernetes_executor to None
[2022-03-28 07:19:16,269] {processor.py:171} INFO - Processing /home/airflow/.local/lib/python3.7/site-packages/airflow/example_dags/example_kubernetes_executor.py took 0.096 seconds
[2022-03-28 07:19:46,765] {processor.py:163} INFO - Started process (PID=1604) to work on /home/airflow/.local/lib/python3.7/site-packages/airflow/example_dags/example_kubernetes_executor.py
[2022-03-28 07:19:46,766] {processor.py:642} INFO - Processing file /home/airflow/.local/lib/python3.7/site-packages/airflow/example_dags/example_kubernetes_executor.py for tasks to queue
[2022-03-28 07:19:46,768] {logging_mixin.py:109} INFO - [2022-03-28 07:19:46,768] {dagbag.py:500} INFO - Filling up the DagBag from /home/airflow/.local/lib/python3.7/site-packages/airflow/example_dags/example_kubernetes_executor.py
[2022-03-28 07:19:46,804] {processor.py:654} INFO - DAG(s) dict_keys(['example_kubernetes_executor']) retrieved from /home/airflow/.local/lib/python3.7/site-packages/airflow/example_dags/example_kubernetes_executor.py
[2022-03-28 07:19:46,816] {logging_mixin.py:109} INFO - [2022-03-28 07:19:46,815] {dag.py:2398} INFO - Sync 1 DAGs
[2022-03-28 07:19:46,830] {logging_mixin.py:109} INFO - [2022-03-28 07:19:46,829] {dag.py:2937} INFO - Setting next_dagrun for example_kubernetes_executor to None
[2022-03-28 07:19:46,838] {processor.py:171} INFO - Processing /home/airflow/.local/lib/python3.7/site-packages/airflow/example_dags/example_kubernetes_executor.py took 0.076 seconds
[2022-03-28 07:20:17,666] {processor.py:163} INFO - Started process (PID=1665) to work on /home/airflow/.local/lib/python3.7/site-packages/airflow/example_dags/example_kubernetes_executor.py
[2022-03-28 07:20:17,667] {processor.py:642} INFO - Processing file /home/airflow/.local/lib/python3.7/site-packages/airflow/example_dags/example_kubernetes_executor.py for tasks to queue
[2022-03-28 07:20:17,668] {logging_mixin.py:109} INFO - [2022-03-28 07:20:17,668] {dagbag.py:500} INFO - Filling up the DagBag from /home/airflow/.local/lib/python3.7/site-packages/airflow/example_dags/example_kubernetes_executor.py
[2022-03-28 07:20:17,710] {processor.py:654} INFO - DAG(s) dict_keys(['example_kubernetes_executor']) retrieved from /home/airflow/.local/lib/python3.7/site-packages/airflow/example_dags/example_kubernetes_executor.py
[2022-03-28 07:20:17,724] {logging_mixin.py:109} INFO - [2022-03-28 07:20:17,724] {dag.py:2398} INFO - Sync 1 DAGs
[2022-03-28 07:20:17,743] {logging_mixin.py:109} INFO - [2022-03-28 07:20:17,743] {dag.py:2937} INFO - Setting next_dagrun for example_kubernetes_executor to None
[2022-03-28 07:20:17,754] {processor.py:171} INFO - Processing /home/airflow/.local/lib/python3.7/site-packages/airflow/example_dags/example_kubernetes_executor.py took 0.094 seconds
[2022-03-28 07:20:47,813] {processor.py:163} INFO - Started process (PID=1715) to work on /home/airflow/.local/lib/python3.7/site-packages/airflow/example_dags/example_kubernetes_executor.py
[2022-03-28 07:20:47,814] {processor.py:642} INFO - Processing file /home/airflow/.local/lib/python3.7/site-packages/airflow/example_dags/example_kubernetes_executor.py for tasks to queue
[2022-03-28 07:20:47,815] {logging_mixin.py:109} INFO - [2022-03-28 07:20:47,815] {dagbag.py:500} INFO - Filling up the DagBag from /home/airflow/.local/lib/python3.7/site-packages/airflow/example_dags/example_kubernetes_executor.py
[2022-03-28 07:20:47,848] {processor.py:654} INFO - DAG(s) dict_keys(['example_kubernetes_executor']) retrieved from /home/airflow/.local/lib/python3.7/site-packages/airflow/example_dags/example_kubernetes_executor.py
[2022-03-28 07:20:47,859] {logging_mixin.py:109} INFO - [2022-03-28 07:20:47,859] {dag.py:2398} INFO - Sync 1 DAGs
[2022-03-28 07:20:47,873] {logging_mixin.py:109} INFO - [2022-03-28 07:20:47,873] {dag.py:2937} INFO - Setting next_dagrun for example_kubernetes_executor to None
[2022-03-28 07:20:47,884] {processor.py:171} INFO - Processing /home/airflow/.local/lib/python3.7/site-packages/airflow/example_dags/example_kubernetes_executor.py took 0.074 seconds
[2022-03-28 07:21:18,133] {processor.py:163} INFO - Started process (PID=1762) to work on /home/airflow/.local/lib/python3.7/site-packages/airflow/example_dags/example_kubernetes_executor.py
[2022-03-28 07:21:18,135] {processor.py:642} INFO - Processing file /home/airflow/.local/lib/python3.7/site-packages/airflow/example_dags/example_kubernetes_executor.py for tasks to queue
[2022-03-28 07:21:18,136] {logging_mixin.py:109} INFO - [2022-03-28 07:21:18,136] {dagbag.py:500} INFO - Filling up the DagBag from /home/airflow/.local/lib/python3.7/site-packages/airflow/example_dags/example_kubernetes_executor.py
[2022-03-28 07:21:18,171] {processor.py:654} INFO - DAG(s) dict_keys(['example_kubernetes_executor']) retrieved from /home/airflow/.local/lib/python3.7/site-packages/airflow/example_dags/example_kubernetes_executor.py
[2022-03-28 07:21:18,187] {logging_mixin.py:109} INFO - [2022-03-28 07:21:18,187] {dag.py:2398} INFO - Sync 1 DAGs
[2022-03-28 07:21:18,207] {logging_mixin.py:109} INFO - [2022-03-28 07:21:18,207] {dag.py:2937} INFO - Setting next_dagrun for example_kubernetes_executor to None
[2022-03-28 07:21:18,218] {processor.py:171} INFO - Processing /home/airflow/.local/lib/python3.7/site-packages/airflow/example_dags/example_kubernetes_executor.py took 0.089 seconds
[2022-03-28 07:21:48,396] {processor.py:163} INFO - Started process (PID=1823) to work on /home/airflow/.local/lib/python3.7/site-packages/airflow/example_dags/example_kubernetes_executor.py
[2022-03-28 07:21:48,398] {processor.py:642} INFO - Processing file /home/airflow/.local/lib/python3.7/site-packages/airflow/example_dags/example_kubernetes_executor.py for tasks to queue
[2022-03-28 07:21:48,399] {logging_mixin.py:109} INFO - [2022-03-28 07:21:48,399] {dagbag.py:500} INFO - Filling up the DagBag from /home/airflow/.local/lib/python3.7/site-packages/airflow/example_dags/example_kubernetes_executor.py
[2022-03-28 07:21:48,437] {processor.py:654} INFO - DAG(s) dict_keys(['example_kubernetes_executor']) retrieved from /home/airflow/.local/lib/python3.7/site-packages/airflow/example_dags/example_kubernetes_executor.py
[2022-03-28 07:21:48,451] {logging_mixin.py:109} INFO - [2022-03-28 07:21:48,451] {dag.py:2398} INFO - Sync 1 DAGs
[2022-03-28 07:21:48,468] {logging_mixin.py:109} INFO - [2022-03-28 07:21:48,467] {dag.py:2937} INFO - Setting next_dagrun for example_kubernetes_executor to None
[2022-03-28 07:21:48,477] {processor.py:171} INFO - Processing /home/airflow/.local/lib/python3.7/site-packages/airflow/example_dags/example_kubernetes_executor.py took 0.085 seconds
[2022-03-28 07:22:18,764] {processor.py:163} INFO - Started process (PID=1874) to work on /home/airflow/.local/lib/python3.7/site-packages/airflow/example_dags/example_kubernetes_executor.py
[2022-03-28 07:22:18,766] {processor.py:642} INFO - Processing file /home/airflow/.local/lib/python3.7/site-packages/airflow/example_dags/example_kubernetes_executor.py for tasks to queue
[2022-03-28 07:22:18,768] {logging_mixin.py:109} INFO - [2022-03-28 07:22:18,768] {dagbag.py:500} INFO - Filling up the DagBag from /home/airflow/.local/lib/python3.7/site-packages/airflow/example_dags/example_kubernetes_executor.py
[2022-03-28 07:22:18,811] {processor.py:654} INFO - DAG(s) dict_keys(['example_kubernetes_executor']) retrieved from /home/airflow/.local/lib/python3.7/site-packages/airflow/example_dags/example_kubernetes_executor.py
[2022-03-28 07:22:18,826] {logging_mixin.py:109} INFO - [2022-03-28 07:22:18,826] {dag.py:2398} INFO - Sync 1 DAGs
[2022-03-28 07:22:18,843] {logging_mixin.py:109} INFO - [2022-03-28 07:22:18,843] {dag.py:2937} INFO - Setting next_dagrun for example_kubernetes_executor to None
[2022-03-28 07:22:18,854] {processor.py:171} INFO - Processing /home/airflow/.local/lib/python3.7/site-packages/airflow/example_dags/example_kubernetes_executor.py took 0.093 seconds
[2022-03-28 07:22:49,266] {processor.py:163} INFO - Started process (PID=1925) to work on /home/airflow/.local/lib/python3.7/site-packages/airflow/example_dags/example_kubernetes_executor.py
[2022-03-28 07:22:49,268] {processor.py:642} INFO - Processing file /home/airflow/.local/lib/python3.7/site-packages/airflow/example_dags/example_kubernetes_executor.py for tasks to queue
[2022-03-28 07:22:49,269] {logging_mixin.py:109} INFO - [2022-03-28 07:22:49,269] {dagbag.py:500} INFO - Filling up the DagBag from /home/airflow/.local/lib/python3.7/site-packages/airflow/example_dags/example_kubernetes_executor.py
[2022-03-28 07:22:49,314] {processor.py:654} INFO - DAG(s) dict_keys(['example_kubernetes_executor']) retrieved from /home/airflow/.local/lib/python3.7/site-packages/airflow/example_dags/example_kubernetes_executor.py
[2022-03-28 07:22:49,330] {logging_mixin.py:109} INFO - [2022-03-28 07:22:49,330] {dag.py:2398} INFO - Sync 1 DAGs
[2022-03-28 07:22:49,349] {logging_mixin.py:109} INFO - [2022-03-28 07:22:49,349] {dag.py:2937} INFO - Setting next_dagrun for example_kubernetes_executor to None
[2022-03-28 07:22:49,362] {processor.py:171} INFO - Processing /home/airflow/.local/lib/python3.7/site-packages/airflow/example_dags/example_kubernetes_executor.py took 0.099 seconds
[2022-03-28 07:23:19,887] {processor.py:163} INFO - Started process (PID=1975) to work on /home/airflow/.local/lib/python3.7/site-packages/airflow/example_dags/example_kubernetes_executor.py
[2022-03-28 07:23:19,888] {processor.py:642} INFO - Processing file /home/airflow/.local/lib/python3.7/site-packages/airflow/example_dags/example_kubernetes_executor.py for tasks to queue
[2022-03-28 07:23:19,889] {logging_mixin.py:109} INFO - [2022-03-28 07:23:19,889] {dagbag.py:500} INFO - Filling up the DagBag from /home/airflow/.local/lib/python3.7/site-packages/airflow/example_dags/example_kubernetes_executor.py
[2022-03-28 07:23:19,929] {processor.py:654} INFO - DAG(s) dict_keys(['example_kubernetes_executor']) retrieved from /home/airflow/.local/lib/python3.7/site-packages/airflow/example_dags/example_kubernetes_executor.py
[2022-03-28 07:23:19,945] {logging_mixin.py:109} INFO - [2022-03-28 07:23:19,945] {dag.py:2398} INFO - Sync 1 DAGs
[2022-03-28 07:23:19,966] {logging_mixin.py:109} INFO - [2022-03-28 07:23:19,966] {dag.py:2937} INFO - Setting next_dagrun for example_kubernetes_executor to None
[2022-03-28 07:23:19,982] {processor.py:171} INFO - Processing /home/airflow/.local/lib/python3.7/site-packages/airflow/example_dags/example_kubernetes_executor.py took 0.099 seconds
[2022-03-28 07:23:50,454] {processor.py:163} INFO - Started process (PID=2027) to work on /home/airflow/.local/lib/python3.7/site-packages/airflow/example_dags/example_kubernetes_executor.py
[2022-03-28 07:23:50,456] {processor.py:642} INFO - Processing file /home/airflow/.local/lib/python3.7/site-packages/airflow/example_dags/example_kubernetes_executor.py for tasks to queue
[2022-03-28 07:23:50,457] {logging_mixin.py:109} INFO - [2022-03-28 07:23:50,457] {dagbag.py:500} INFO - Filling up the DagBag from /home/airflow/.local/lib/python3.7/site-packages/airflow/example_dags/example_kubernetes_executor.py
[2022-03-28 07:23:50,516] {processor.py:654} INFO - DAG(s) dict_keys(['example_kubernetes_executor']) retrieved from /home/airflow/.local/lib/python3.7/site-packages/airflow/example_dags/example_kubernetes_executor.py
[2022-03-28 07:23:50,532] {logging_mixin.py:109} INFO - [2022-03-28 07:23:50,532] {dag.py:2398} INFO - Sync 1 DAGs
[2022-03-28 07:23:50,552] {logging_mixin.py:109} INFO - [2022-03-28 07:23:50,552] {dag.py:2937} INFO - Setting next_dagrun for example_kubernetes_executor to None
[2022-03-28 07:23:50,568] {processor.py:171} INFO - Processing /home/airflow/.local/lib/python3.7/site-packages/airflow/example_dags/example_kubernetes_executor.py took 0.117 seconds
[2022-03-28 07:24:21,036] {processor.py:163} INFO - Started process (PID=2089) to work on /home/airflow/.local/lib/python3.7/site-packages/airflow/example_dags/example_kubernetes_executor.py
[2022-03-28 07:24:21,038] {processor.py:642} INFO - Processing file /home/airflow/.local/lib/python3.7/site-packages/airflow/example_dags/example_kubernetes_executor.py for tasks to queue
[2022-03-28 07:24:21,039] {logging_mixin.py:109} INFO - [2022-03-28 07:24:21,039] {dagbag.py:500} INFO - Filling up the DagBag from /home/airflow/.local/lib/python3.7/site-packages/airflow/example_dags/example_kubernetes_executor.py
[2022-03-28 07:24:21,082] {processor.py:654} INFO - DAG(s) dict_keys(['example_kubernetes_executor']) retrieved from /home/airflow/.local/lib/python3.7/site-packages/airflow/example_dags/example_kubernetes_executor.py
[2022-03-28 07:24:21,109] {logging_mixin.py:109} INFO - [2022-03-28 07:24:21,109] {dag.py:2398} INFO - Sync 1 DAGs
[2022-03-28 07:24:21,184] {logging_mixin.py:109} INFO - [2022-03-28 07:24:21,184] {dag.py:2937} INFO - Setting next_dagrun for example_kubernetes_executor to None
[2022-03-28 07:24:21,207] {processor.py:171} INFO - Processing /home/airflow/.local/lib/python3.7/site-packages/airflow/example_dags/example_kubernetes_executor.py took 0.174 seconds
[2022-03-28 07:24:52,227] {processor.py:163} INFO - Started process (PID=2139) to work on /home/airflow/.local/lib/python3.7/site-packages/airflow/example_dags/example_kubernetes_executor.py
[2022-03-28 07:24:52,228] {processor.py:642} INFO - Processing file /home/airflow/.local/lib/python3.7/site-packages/airflow/example_dags/example_kubernetes_executor.py for tasks to queue
[2022-03-28 07:24:52,229] {logging_mixin.py:109} INFO - [2022-03-28 07:24:52,229] {dagbag.py:500} INFO - Filling up the DagBag from /home/airflow/.local/lib/python3.7/site-packages/airflow/example_dags/example_kubernetes_executor.py
[2022-03-28 07:24:52,261] {processor.py:654} INFO - DAG(s) dict_keys(['example_kubernetes_executor']) retrieved from /home/airflow/.local/lib/python3.7/site-packages/airflow/example_dags/example_kubernetes_executor.py
[2022-03-28 07:24:52,271] {logging_mixin.py:109} INFO - [2022-03-28 07:24:52,271] {dag.py:2398} INFO - Sync 1 DAGs
[2022-03-28 07:24:52,285] {logging_mixin.py:109} INFO - [2022-03-28 07:24:52,285] {dag.py:2937} INFO - Setting next_dagrun for example_kubernetes_executor to None
[2022-03-28 07:24:52,295] {processor.py:171} INFO - Processing /home/airflow/.local/lib/python3.7/site-packages/airflow/example_dags/example_kubernetes_executor.py took 0.071 seconds
[2022-03-28 07:25:22,362] {processor.py:163} INFO - Started process (PID=2191) to work on /home/airflow/.local/lib/python3.7/site-packages/airflow/example_dags/example_kubernetes_executor.py
[2022-03-28 07:25:22,363] {processor.py:642} INFO - Processing file /home/airflow/.local/lib/python3.7/site-packages/airflow/example_dags/example_kubernetes_executor.py for tasks to queue
[2022-03-28 07:25:22,364] {logging_mixin.py:109} INFO - [2022-03-28 07:25:22,364] {dagbag.py:500} INFO - Filling up the DagBag from /home/airflow/.local/lib/python3.7/site-packages/airflow/example_dags/example_kubernetes_executor.py
[2022-03-28 07:25:22,398] {processor.py:654} INFO - DAG(s) dict_keys(['example_kubernetes_executor']) retrieved from /home/airflow/.local/lib/python3.7/site-packages/airflow/example_dags/example_kubernetes_executor.py
[2022-03-28 07:25:22,408] {logging_mixin.py:109} INFO - [2022-03-28 07:25:22,408] {dag.py:2398} INFO - Sync 1 DAGs
[2022-03-28 07:25:22,420] {logging_mixin.py:109} INFO - [2022-03-28 07:25:22,420] {dag.py:2937} INFO - Setting next_dagrun for example_kubernetes_executor to None
[2022-03-28 07:25:22,427] {processor.py:171} INFO - Processing /home/airflow/.local/lib/python3.7/site-packages/airflow/example_dags/example_kubernetes_executor.py took 0.068 seconds
[2022-03-28 07:25:53,332] {processor.py:163} INFO - Started process (PID=2251) to work on /home/airflow/.local/lib/python3.7/site-packages/airflow/example_dags/example_kubernetes_executor.py
[2022-03-28 07:25:53,333] {processor.py:642} INFO - Processing file /home/airflow/.local/lib/python3.7/site-packages/airflow/example_dags/example_kubernetes_executor.py for tasks to queue
[2022-03-28 07:25:53,334] {logging_mixin.py:109} INFO - [2022-03-28 07:25:53,334] {dagbag.py:500} INFO - Filling up the DagBag from /home/airflow/.local/lib/python3.7/site-packages/airflow/example_dags/example_kubernetes_executor.py
[2022-03-28 07:25:53,374] {processor.py:654} INFO - DAG(s) dict_keys(['example_kubernetes_executor']) retrieved from /home/airflow/.local/lib/python3.7/site-packages/airflow/example_dags/example_kubernetes_executor.py
[2022-03-28 07:25:53,390] {logging_mixin.py:109} INFO - [2022-03-28 07:25:53,390] {dag.py:2398} INFO - Sync 1 DAGs
[2022-03-28 07:25:53,407] {logging_mixin.py:109} INFO - [2022-03-28 07:25:53,407] {dag.py:2937} INFO - Setting next_dagrun for example_kubernetes_executor to None
[2022-03-28 07:25:53,418] {processor.py:171} INFO - Processing /home/airflow/.local/lib/python3.7/site-packages/airflow/example_dags/example_kubernetes_executor.py took 0.090 seconds
[2022-03-28 07:26:24,171] {processor.py:163} INFO - Started process (PID=2303) to work on /home/airflow/.local/lib/python3.7/site-packages/airflow/example_dags/example_kubernetes_executor.py
[2022-03-28 07:26:24,173] {processor.py:642} INFO - Processing file /home/airflow/.local/lib/python3.7/site-packages/airflow/example_dags/example_kubernetes_executor.py for tasks to queue
[2022-03-28 07:26:24,174] {logging_mixin.py:109} INFO - [2022-03-28 07:26:24,174] {dagbag.py:500} INFO - Filling up the DagBag from /home/airflow/.local/lib/python3.7/site-packages/airflow/example_dags/example_kubernetes_executor.py
[2022-03-28 07:26:24,219] {processor.py:654} INFO - DAG(s) dict_keys(['example_kubernetes_executor']) retrieved from /home/airflow/.local/lib/python3.7/site-packages/airflow/example_dags/example_kubernetes_executor.py
[2022-03-28 07:26:24,236] {logging_mixin.py:109} INFO - [2022-03-28 07:26:24,236] {dag.py:2398} INFO - Sync 1 DAGs
[2022-03-28 07:26:24,252] {logging_mixin.py:109} INFO - [2022-03-28 07:26:24,252] {dag.py:2937} INFO - Setting next_dagrun for example_kubernetes_executor to None
[2022-03-28 07:26:24,266] {processor.py:171} INFO - Processing /home/airflow/.local/lib/python3.7/site-packages/airflow/example_dags/example_kubernetes_executor.py took 0.097 seconds
[2022-03-28 07:26:54,911] {processor.py:163} INFO - Started process (PID=2354) to work on /home/airflow/.local/lib/python3.7/site-packages/airflow/example_dags/example_kubernetes_executor.py
[2022-03-28 07:26:54,912] {processor.py:642} INFO - Processing file /home/airflow/.local/lib/python3.7/site-packages/airflow/example_dags/example_kubernetes_executor.py for tasks to queue
[2022-03-28 07:26:54,913] {logging_mixin.py:109} INFO - [2022-03-28 07:26:54,913] {dagbag.py:500} INFO - Filling up the DagBag from /home/airflow/.local/lib/python3.7/site-packages/airflow/example_dags/example_kubernetes_executor.py
[2022-03-28 07:26:54,942] {processor.py:654} INFO - DAG(s) dict_keys(['example_kubernetes_executor']) retrieved from /home/airflow/.local/lib/python3.7/site-packages/airflow/example_dags/example_kubernetes_executor.py
[2022-03-28 07:26:54,954] {logging_mixin.py:109} INFO - [2022-03-28 07:26:54,953] {dag.py:2398} INFO - Sync 1 DAGs
[2022-03-28 07:26:54,965] {logging_mixin.py:109} INFO - [2022-03-28 07:26:54,965] {dag.py:2937} INFO - Setting next_dagrun for example_kubernetes_executor to None
[2022-03-28 07:26:54,973] {processor.py:171} INFO - Processing /home/airflow/.local/lib/python3.7/site-packages/airflow/example_dags/example_kubernetes_executor.py took 0.064 seconds
[2022-03-28 07:27:25,535] {processor.py:163} INFO - Started process (PID=2415) to work on /home/airflow/.local/lib/python3.7/site-packages/airflow/example_dags/example_kubernetes_executor.py
[2022-03-28 07:27:25,536] {processor.py:642} INFO - Processing file /home/airflow/.local/lib/python3.7/site-packages/airflow/example_dags/example_kubernetes_executor.py for tasks to queue
[2022-03-28 07:27:25,536] {logging_mixin.py:109} INFO - [2022-03-28 07:27:25,536] {dagbag.py:500} INFO - Filling up the DagBag from /home/airflow/.local/lib/python3.7/site-packages/airflow/example_dags/example_kubernetes_executor.py
[2022-03-28 07:27:25,608] {processor.py:654} INFO - DAG(s) dict_keys(['example_kubernetes_executor']) retrieved from /home/airflow/.local/lib/python3.7/site-packages/airflow/example_dags/example_kubernetes_executor.py
[2022-03-28 07:27:25,622] {logging_mixin.py:109} INFO - [2022-03-28 07:27:25,622] {dag.py:2398} INFO - Sync 1 DAGs
[2022-03-28 07:27:25,640] {logging_mixin.py:109} INFO - [2022-03-28 07:27:25,640] {dag.py:2937} INFO - Setting next_dagrun for example_kubernetes_executor to None
[2022-03-28 07:27:25,652] {processor.py:171} INFO - Processing /home/airflow/.local/lib/python3.7/site-packages/airflow/example_dags/example_kubernetes_executor.py took 0.120 seconds
[2022-03-28 07:27:56,256] {processor.py:163} INFO - Started process (PID=2466) to work on /home/airflow/.local/lib/python3.7/site-packages/airflow/example_dags/example_kubernetes_executor.py
[2022-03-28 07:27:56,258] {processor.py:642} INFO - Processing file /home/airflow/.local/lib/python3.7/site-packages/airflow/example_dags/example_kubernetes_executor.py for tasks to queue
[2022-03-28 07:27:56,259] {logging_mixin.py:109} INFO - [2022-03-28 07:27:56,259] {dagbag.py:500} INFO - Filling up the DagBag from /home/airflow/.local/lib/python3.7/site-packages/airflow/example_dags/example_kubernetes_executor.py
[2022-03-28 07:27:56,290] {processor.py:654} INFO - DAG(s) dict_keys(['example_kubernetes_executor']) retrieved from /home/airflow/.local/lib/python3.7/site-packages/airflow/example_dags/example_kubernetes_executor.py
[2022-03-28 07:27:56,302] {logging_mixin.py:109} INFO - [2022-03-28 07:27:56,302] {dag.py:2398} INFO - Sync 1 DAGs
[2022-03-28 07:27:56,316] {logging_mixin.py:109} INFO - [2022-03-28 07:27:56,316] {dag.py:2937} INFO - Setting next_dagrun for example_kubernetes_executor to None
[2022-03-28 07:27:56,326] {processor.py:171} INFO - Processing /home/airflow/.local/lib/python3.7/site-packages/airflow/example_dags/example_kubernetes_executor.py took 0.073 seconds
[2022-03-28 07:28:26,887] {processor.py:163} INFO - Started process (PID=2526) to work on /home/airflow/.local/lib/python3.7/site-packages/airflow/example_dags/example_kubernetes_executor.py
[2022-03-28 07:28:26,888] {processor.py:642} INFO - Processing file /home/airflow/.local/lib/python3.7/site-packages/airflow/example_dags/example_kubernetes_executor.py for tasks to queue
[2022-03-28 07:28:26,889] {logging_mixin.py:109} INFO - [2022-03-28 07:28:26,889] {dagbag.py:500} INFO - Filling up the DagBag from /home/airflow/.local/lib/python3.7/site-packages/airflow/example_dags/example_kubernetes_executor.py
[2022-03-28 07:28:26,921] {processor.py:654} INFO - DAG(s) dict_keys(['example_kubernetes_executor']) retrieved from /home/airflow/.local/lib/python3.7/site-packages/airflow/example_dags/example_kubernetes_executor.py
[2022-03-28 07:28:26,934] {logging_mixin.py:109} INFO - [2022-03-28 07:28:26,933] {dag.py:2398} INFO - Sync 1 DAGs
[2022-03-28 07:28:26,950] {logging_mixin.py:109} INFO - [2022-03-28 07:28:26,949] {dag.py:2937} INFO - Setting next_dagrun for example_kubernetes_executor to None
[2022-03-28 07:28:26,960] {processor.py:171} INFO - Processing /home/airflow/.local/lib/python3.7/site-packages/airflow/example_dags/example_kubernetes_executor.py took 0.076 seconds
[2022-03-28 07:28:57,670] {processor.py:163} INFO - Started process (PID=2578) to work on /home/airflow/.local/lib/python3.7/site-packages/airflow/example_dags/example_kubernetes_executor.py
[2022-03-28 07:28:57,672] {processor.py:642} INFO - Processing file /home/airflow/.local/lib/python3.7/site-packages/airflow/example_dags/example_kubernetes_executor.py for tasks to queue
[2022-03-28 07:28:57,673] {logging_mixin.py:109} INFO - [2022-03-28 07:28:57,673] {dagbag.py:500} INFO - Filling up the DagBag from /home/airflow/.local/lib/python3.7/site-packages/airflow/example_dags/example_kubernetes_executor.py
[2022-03-28 07:28:57,710] {processor.py:654} INFO - DAG(s) dict_keys(['example_kubernetes_executor']) retrieved from /home/airflow/.local/lib/python3.7/site-packages/airflow/example_dags/example_kubernetes_executor.py
[2022-03-28 07:28:57,724] {logging_mixin.py:109} INFO - [2022-03-28 07:28:57,724] {dag.py:2398} INFO - Sync 1 DAGs
[2022-03-28 07:28:57,744] {logging_mixin.py:109} INFO - [2022-03-28 07:28:57,744] {dag.py:2937} INFO - Setting next_dagrun for example_kubernetes_executor to None
[2022-03-28 07:28:57,756] {processor.py:171} INFO - Processing /home/airflow/.local/lib/python3.7/site-packages/airflow/example_dags/example_kubernetes_executor.py took 0.090 seconds
[2022-03-28 07:29:28,330] {processor.py:163} INFO - Started process (PID=2629) to work on /home/airflow/.local/lib/python3.7/site-packages/airflow/example_dags/example_kubernetes_executor.py
[2022-03-28 07:29:28,331] {processor.py:642} INFO - Processing file /home/airflow/.local/lib/python3.7/site-packages/airflow/example_dags/example_kubernetes_executor.py for tasks to queue
[2022-03-28 07:29:28,332] {logging_mixin.py:109} INFO - [2022-03-28 07:29:28,331] {dagbag.py:500} INFO - Filling up the DagBag from /home/airflow/.local/lib/python3.7/site-packages/airflow/example_dags/example_kubernetes_executor.py
[2022-03-28 07:29:28,362] {processor.py:654} INFO - DAG(s) dict_keys(['example_kubernetes_executor']) retrieved from /home/airflow/.local/lib/python3.7/site-packages/airflow/example_dags/example_kubernetes_executor.py
[2022-03-28 07:29:28,372] {logging_mixin.py:109} INFO - [2022-03-28 07:29:28,372] {dag.py:2398} INFO - Sync 1 DAGs
[2022-03-28 07:29:28,384] {logging_mixin.py:109} INFO - [2022-03-28 07:29:28,384] {dag.py:2937} INFO - Setting next_dagrun for example_kubernetes_executor to None
[2022-03-28 07:29:28,393] {processor.py:171} INFO - Processing /home/airflow/.local/lib/python3.7/site-packages/airflow/example_dags/example_kubernetes_executor.py took 0.065 seconds
[2022-03-28 07:29:59,026] {processor.py:163} INFO - Started process (PID=2691) to work on /home/airflow/.local/lib/python3.7/site-packages/airflow/example_dags/example_kubernetes_executor.py
[2022-03-28 07:29:59,027] {processor.py:642} INFO - Processing file /home/airflow/.local/lib/python3.7/site-packages/airflow/example_dags/example_kubernetes_executor.py for tasks to queue
[2022-03-28 07:29:59,028] {logging_mixin.py:109} INFO - [2022-03-28 07:29:59,028] {dagbag.py:500} INFO - Filling up the DagBag from /home/airflow/.local/lib/python3.7/site-packages/airflow/example_dags/example_kubernetes_executor.py
[2022-03-28 07:29:59,057] {processor.py:654} INFO - DAG(s) dict_keys(['example_kubernetes_executor']) retrieved from /home/airflow/.local/lib/python3.7/site-packages/airflow/example_dags/example_kubernetes_executor.py
[2022-03-28 07:29:59,068] {logging_mixin.py:109} INFO - [2022-03-28 07:29:59,068] {dag.py:2398} INFO - Sync 1 DAGs
[2022-03-28 07:29:59,080] {logging_mixin.py:109} INFO - [2022-03-28 07:29:59,080] {dag.py:2937} INFO - Setting next_dagrun for example_kubernetes_executor to None
[2022-03-28 07:29:59,088] {processor.py:171} INFO - Processing /home/airflow/.local/lib/python3.7/site-packages/airflow/example_dags/example_kubernetes_executor.py took 0.064 seconds
[2022-03-28 07:30:29,754] {processor.py:163} INFO - Started process (PID=2742) to work on /home/airflow/.local/lib/python3.7/site-packages/airflow/example_dags/example_kubernetes_executor.py
[2022-03-28 07:30:29,755] {processor.py:642} INFO - Processing file /home/airflow/.local/lib/python3.7/site-packages/airflow/example_dags/example_kubernetes_executor.py for tasks to queue
[2022-03-28 07:30:29,757] {logging_mixin.py:109} INFO - [2022-03-28 07:30:29,756] {dagbag.py:500} INFO - Filling up the DagBag from /home/airflow/.local/lib/python3.7/site-packages/airflow/example_dags/example_kubernetes_executor.py
[2022-03-28 07:30:29,800] {processor.py:654} INFO - DAG(s) dict_keys(['example_kubernetes_executor']) retrieved from /home/airflow/.local/lib/python3.7/site-packages/airflow/example_dags/example_kubernetes_executor.py
[2022-03-28 07:30:29,822] {logging_mixin.py:109} INFO - [2022-03-28 07:30:29,822] {dag.py:2398} INFO - Sync 1 DAGs
[2022-03-28 07:30:29,842] {logging_mixin.py:109} INFO - [2022-03-28 07:30:29,842] {dag.py:2937} INFO - Setting next_dagrun for example_kubernetes_executor to None
[2022-03-28 07:30:29,888] {processor.py:171} INFO - Processing /home/airflow/.local/lib/python3.7/site-packages/airflow/example_dags/example_kubernetes_executor.py took 0.136 seconds
[2022-03-28 07:30:59,917] {processor.py:163} INFO - Started process (PID=2793) to work on /home/airflow/.local/lib/python3.7/site-packages/airflow/example_dags/example_kubernetes_executor.py
[2022-03-28 07:30:59,918] {processor.py:642} INFO - Processing file /home/airflow/.local/lib/python3.7/site-packages/airflow/example_dags/example_kubernetes_executor.py for tasks to queue
[2022-03-28 07:30:59,919] {logging_mixin.py:109} INFO - [2022-03-28 07:30:59,919] {dagbag.py:500} INFO - Filling up the DagBag from /home/airflow/.local/lib/python3.7/site-packages/airflow/example_dags/example_kubernetes_executor.py
[2022-03-28 07:30:59,948] {processor.py:654} INFO - DAG(s) dict_keys(['example_kubernetes_executor']) retrieved from /home/airflow/.local/lib/python3.7/site-packages/airflow/example_dags/example_kubernetes_executor.py
[2022-03-28 07:30:59,960] {logging_mixin.py:109} INFO - [2022-03-28 07:30:59,960] {dag.py:2398} INFO - Sync 1 DAGs
[2022-03-28 07:30:59,973] {logging_mixin.py:109} INFO - [2022-03-28 07:30:59,973] {dag.py:2937} INFO - Setting next_dagrun for example_kubernetes_executor to None
[2022-03-28 07:30:59,981] {processor.py:171} INFO - Processing /home/airflow/.local/lib/python3.7/site-packages/airflow/example_dags/example_kubernetes_executor.py took 0.066 seconds
[2022-03-28 07:31:30,308] {processor.py:163} INFO - Started process (PID=2854) to work on /home/airflow/.local/lib/python3.7/site-packages/airflow/example_dags/example_kubernetes_executor.py
[2022-03-28 07:31:30,309] {processor.py:642} INFO - Processing file /home/airflow/.local/lib/python3.7/site-packages/airflow/example_dags/example_kubernetes_executor.py for tasks to queue
[2022-03-28 07:31:30,311] {logging_mixin.py:109} INFO - [2022-03-28 07:31:30,311] {dagbag.py:500} INFO - Filling up the DagBag from /home/airflow/.local/lib/python3.7/site-packages/airflow/example_dags/example_kubernetes_executor.py
[2022-03-28 07:31:30,358] {processor.py:654} INFO - DAG(s) dict_keys(['example_kubernetes_executor']) retrieved from /home/airflow/.local/lib/python3.7/site-packages/airflow/example_dags/example_kubernetes_executor.py
[2022-03-28 07:31:30,379] {logging_mixin.py:109} INFO - [2022-03-28 07:31:30,378] {dag.py:2398} INFO - Sync 1 DAGs
[2022-03-28 07:31:30,402] {logging_mixin.py:109} INFO - [2022-03-28 07:31:30,402] {dag.py:2937} INFO - Setting next_dagrun for example_kubernetes_executor to None
[2022-03-28 07:31:30,417] {processor.py:171} INFO - Processing /home/airflow/.local/lib/python3.7/site-packages/airflow/example_dags/example_kubernetes_executor.py took 0.113 seconds
[2022-03-28 07:32:00,462] {processor.py:163} INFO - Started process (PID=2906) to work on /home/airflow/.local/lib/python3.7/site-packages/airflow/example_dags/example_kubernetes_executor.py
[2022-03-28 07:32:00,464] {processor.py:642} INFO - Processing file /home/airflow/.local/lib/python3.7/site-packages/airflow/example_dags/example_kubernetes_executor.py for tasks to queue
[2022-03-28 07:32:00,465] {logging_mixin.py:109} INFO - [2022-03-28 07:32:00,465] {dagbag.py:500} INFO - Filling up the DagBag from /home/airflow/.local/lib/python3.7/site-packages/airflow/example_dags/example_kubernetes_executor.py
[2022-03-28 07:32:00,499] {processor.py:654} INFO - DAG(s) dict_keys(['example_kubernetes_executor']) retrieved from /home/airflow/.local/lib/python3.7/site-packages/airflow/example_dags/example_kubernetes_executor.py
[2022-03-28 07:32:00,512] {logging_mixin.py:109} INFO - [2022-03-28 07:32:00,512] {dag.py:2398} INFO - Sync 1 DAGs
[2022-03-28 07:32:00,529] {logging_mixin.py:109} INFO - [2022-03-28 07:32:00,528] {dag.py:2937} INFO - Setting next_dagrun for example_kubernetes_executor to None
[2022-03-28 07:32:00,539] {processor.py:171} INFO - Processing /home/airflow/.local/lib/python3.7/site-packages/airflow/example_dags/example_kubernetes_executor.py took 0.079 seconds
