[2022-03-28 07:08:54,885] {processor.py:163} INFO - Started process (PID=347) to work on /home/airflow/.local/lib/python3.7/site-packages/airflow/example_dags/example_branch_python_dop_operator_3.py
[2022-03-28 07:08:54,887] {processor.py:642} INFO - Processing file /home/airflow/.local/lib/python3.7/site-packages/airflow/example_dags/example_branch_python_dop_operator_3.py for tasks to queue
[2022-03-28 07:08:54,888] {logging_mixin.py:109} INFO - [2022-03-28 07:08:54,888] {dagbag.py:500} INFO - Filling up the DagBag from /home/airflow/.local/lib/python3.7/site-packages/airflow/example_dags/example_branch_python_dop_operator_3.py
[2022-03-28 07:08:54,928] {processor.py:654} INFO - DAG(s) dict_keys(['example_branch_dop_operator_v3']) retrieved from /home/airflow/.local/lib/python3.7/site-packages/airflow/example_dags/example_branch_python_dop_operator_3.py
[2022-03-28 07:08:57,125] {logging_mixin.py:109} INFO - [2022-03-28 07:08:57,125] {manager.py:496} INFO - Created Permission View: can read on DAG:example_branch_dop_operator_v3
[2022-03-28 07:08:57,136] {logging_mixin.py:109} INFO - [2022-03-28 07:08:57,136] {manager.py:496} INFO - Created Permission View: can edit on DAG:example_branch_dop_operator_v3
[2022-03-28 07:08:57,137] {logging_mixin.py:109} INFO - [2022-03-28 07:08:57,137] {dag.py:2398} INFO - Sync 1 DAGs
[2022-03-28 07:08:57,149] {logging_mixin.py:109} INFO - [2022-03-28 07:08:57,148] {dag.py:2417} INFO - Creating ORM DAG for example_branch_dop_operator_v3
[2022-03-28 07:08:57,167] {logging_mixin.py:109} INFO - [2022-03-28 07:08:57,167] {dag.py:2937} INFO - Setting next_dagrun for example_branch_dop_operator_v3 to 2022-03-28T07:07:00+00:00
[2022-03-28 07:08:57,184] {processor.py:171} INFO - Processing /home/airflow/.local/lib/python3.7/site-packages/airflow/example_dags/example_branch_python_dop_operator_3.py took 2.302 seconds
[2022-03-28 07:09:27,974] {processor.py:163} INFO - Started process (PID=505) to work on /home/airflow/.local/lib/python3.7/site-packages/airflow/example_dags/example_branch_python_dop_operator_3.py
[2022-03-28 07:09:27,975] {processor.py:642} INFO - Processing file /home/airflow/.local/lib/python3.7/site-packages/airflow/example_dags/example_branch_python_dop_operator_3.py for tasks to queue
[2022-03-28 07:09:27,976] {logging_mixin.py:109} INFO - [2022-03-28 07:09:27,976] {dagbag.py:500} INFO - Filling up the DagBag from /home/airflow/.local/lib/python3.7/site-packages/airflow/example_dags/example_branch_python_dop_operator_3.py
[2022-03-28 07:09:28,015] {processor.py:654} INFO - DAG(s) dict_keys(['example_branch_dop_operator_v3']) retrieved from /home/airflow/.local/lib/python3.7/site-packages/airflow/example_dags/example_branch_python_dop_operator_3.py
[2022-03-28 07:09:28,027] {logging_mixin.py:109} INFO - [2022-03-28 07:09:28,027] {dag.py:2398} INFO - Sync 1 DAGs
[2022-03-28 07:09:28,057] {logging_mixin.py:109} INFO - [2022-03-28 07:09:28,057] {dag.py:2937} INFO - Setting next_dagrun for example_branch_dop_operator_v3 to 2022-03-28T07:08:00+00:00
[2022-03-28 07:09:28,071] {processor.py:171} INFO - Processing /home/airflow/.local/lib/python3.7/site-packages/airflow/example_dags/example_branch_python_dop_operator_3.py took 0.101 seconds
[2022-03-28 07:09:58,646] {processor.py:163} INFO - Started process (PID=555) to work on /home/airflow/.local/lib/python3.7/site-packages/airflow/example_dags/example_branch_python_dop_operator_3.py
[2022-03-28 07:09:58,648] {processor.py:642} INFO - Processing file /home/airflow/.local/lib/python3.7/site-packages/airflow/example_dags/example_branch_python_dop_operator_3.py for tasks to queue
[2022-03-28 07:09:58,649] {logging_mixin.py:109} INFO - [2022-03-28 07:09:58,649] {dagbag.py:500} INFO - Filling up the DagBag from /home/airflow/.local/lib/python3.7/site-packages/airflow/example_dags/example_branch_python_dop_operator_3.py
[2022-03-28 07:09:58,687] {processor.py:654} INFO - DAG(s) dict_keys(['example_branch_dop_operator_v3']) retrieved from /home/airflow/.local/lib/python3.7/site-packages/airflow/example_dags/example_branch_python_dop_operator_3.py
[2022-03-28 07:09:58,697] {logging_mixin.py:109} INFO - [2022-03-28 07:09:58,697] {dag.py:2398} INFO - Sync 1 DAGs
[2022-03-28 07:09:58,723] {logging_mixin.py:109} INFO - [2022-03-28 07:09:58,722] {dag.py:2937} INFO - Setting next_dagrun for example_branch_dop_operator_v3 to 2022-03-28T07:08:00+00:00
[2022-03-28 07:09:58,736] {processor.py:171} INFO - Processing /home/airflow/.local/lib/python3.7/site-packages/airflow/example_dags/example_branch_python_dop_operator_3.py took 0.092 seconds
[2022-03-28 07:10:29,363] {processor.py:163} INFO - Started process (PID=616) to work on /home/airflow/.local/lib/python3.7/site-packages/airflow/example_dags/example_branch_python_dop_operator_3.py
[2022-03-28 07:10:29,365] {processor.py:642} INFO - Processing file /home/airflow/.local/lib/python3.7/site-packages/airflow/example_dags/example_branch_python_dop_operator_3.py for tasks to queue
[2022-03-28 07:10:29,366] {logging_mixin.py:109} INFO - [2022-03-28 07:10:29,366] {dagbag.py:500} INFO - Filling up the DagBag from /home/airflow/.local/lib/python3.7/site-packages/airflow/example_dags/example_branch_python_dop_operator_3.py
[2022-03-28 07:10:29,402] {processor.py:654} INFO - DAG(s) dict_keys(['example_branch_dop_operator_v3']) retrieved from /home/airflow/.local/lib/python3.7/site-packages/airflow/example_dags/example_branch_python_dop_operator_3.py
[2022-03-28 07:10:29,414] {logging_mixin.py:109} INFO - [2022-03-28 07:10:29,414] {dag.py:2398} INFO - Sync 1 DAGs
[2022-03-28 07:10:29,440] {logging_mixin.py:109} INFO - [2022-03-28 07:10:29,440] {dag.py:2937} INFO - Setting next_dagrun for example_branch_dop_operator_v3 to 2022-03-28T07:09:00+00:00
[2022-03-28 07:10:29,451] {processor.py:171} INFO - Processing /home/airflow/.local/lib/python3.7/site-packages/airflow/example_dags/example_branch_python_dop_operator_3.py took 0.090 seconds
[2022-03-28 07:10:59,868] {processor.py:163} INFO - Started process (PID=667) to work on /home/airflow/.local/lib/python3.7/site-packages/airflow/example_dags/example_branch_python_dop_operator_3.py
[2022-03-28 07:10:59,870] {processor.py:642} INFO - Processing file /home/airflow/.local/lib/python3.7/site-packages/airflow/example_dags/example_branch_python_dop_operator_3.py for tasks to queue
[2022-03-28 07:10:59,871] {logging_mixin.py:109} INFO - [2022-03-28 07:10:59,871] {dagbag.py:500} INFO - Filling up the DagBag from /home/airflow/.local/lib/python3.7/site-packages/airflow/example_dags/example_branch_python_dop_operator_3.py
[2022-03-28 07:10:59,903] {processor.py:654} INFO - DAG(s) dict_keys(['example_branch_dop_operator_v3']) retrieved from /home/airflow/.local/lib/python3.7/site-packages/airflow/example_dags/example_branch_python_dop_operator_3.py
[2022-03-28 07:10:59,916] {logging_mixin.py:109} INFO - [2022-03-28 07:10:59,916] {dag.py:2398} INFO - Sync 1 DAGs
[2022-03-28 07:10:59,940] {logging_mixin.py:109} INFO - [2022-03-28 07:10:59,940] {dag.py:2937} INFO - Setting next_dagrun for example_branch_dop_operator_v3 to 2022-03-28T07:09:00+00:00
[2022-03-28 07:10:59,952] {processor.py:171} INFO - Processing /home/airflow/.local/lib/python3.7/site-packages/airflow/example_dags/example_branch_python_dop_operator_3.py took 0.088 seconds
[2022-03-28 07:11:30,378] {processor.py:163} INFO - Started process (PID=718) to work on /home/airflow/.local/lib/python3.7/site-packages/airflow/example_dags/example_branch_python_dop_operator_3.py
[2022-03-28 07:11:30,380] {processor.py:642} INFO - Processing file /home/airflow/.local/lib/python3.7/site-packages/airflow/example_dags/example_branch_python_dop_operator_3.py for tasks to queue
[2022-03-28 07:11:30,381] {logging_mixin.py:109} INFO - [2022-03-28 07:11:30,381] {dagbag.py:500} INFO - Filling up the DagBag from /home/airflow/.local/lib/python3.7/site-packages/airflow/example_dags/example_branch_python_dop_operator_3.py
[2022-03-28 07:11:30,410] {processor.py:654} INFO - DAG(s) dict_keys(['example_branch_dop_operator_v3']) retrieved from /home/airflow/.local/lib/python3.7/site-packages/airflow/example_dags/example_branch_python_dop_operator_3.py
[2022-03-28 07:11:30,419] {logging_mixin.py:109} INFO - [2022-03-28 07:11:30,418] {dag.py:2398} INFO - Sync 1 DAGs
[2022-03-28 07:11:30,440] {logging_mixin.py:109} INFO - [2022-03-28 07:11:30,440] {dag.py:2937} INFO - Setting next_dagrun for example_branch_dop_operator_v3 to 2022-03-28T07:10:00+00:00
[2022-03-28 07:11:30,448] {processor.py:171} INFO - Processing /home/airflow/.local/lib/python3.7/site-packages/airflow/example_dags/example_branch_python_dop_operator_3.py took 0.073 seconds
[2022-03-28 07:12:00,829] {processor.py:163} INFO - Started process (PID=778) to work on /home/airflow/.local/lib/python3.7/site-packages/airflow/example_dags/example_branch_python_dop_operator_3.py
[2022-03-28 07:12:00,830] {processor.py:642} INFO - Processing file /home/airflow/.local/lib/python3.7/site-packages/airflow/example_dags/example_branch_python_dop_operator_3.py for tasks to queue
[2022-03-28 07:12:00,831] {logging_mixin.py:109} INFO - [2022-03-28 07:12:00,831] {dagbag.py:500} INFO - Filling up the DagBag from /home/airflow/.local/lib/python3.7/site-packages/airflow/example_dags/example_branch_python_dop_operator_3.py
[2022-03-28 07:12:00,877] {processor.py:654} INFO - DAG(s) dict_keys(['example_branch_dop_operator_v3']) retrieved from /home/airflow/.local/lib/python3.7/site-packages/airflow/example_dags/example_branch_python_dop_operator_3.py
[2022-03-28 07:12:00,888] {logging_mixin.py:109} INFO - [2022-03-28 07:12:00,887] {dag.py:2398} INFO - Sync 1 DAGs
[2022-03-28 07:12:00,910] {logging_mixin.py:109} INFO - [2022-03-28 07:12:00,910] {dag.py:2937} INFO - Setting next_dagrun for example_branch_dop_operator_v3 to 2022-03-28T07:11:00+00:00
[2022-03-28 07:12:00,920] {processor.py:171} INFO - Processing /home/airflow/.local/lib/python3.7/site-packages/airflow/example_dags/example_branch_python_dop_operator_3.py took 0.095 seconds
[2022-03-28 07:12:31,431] {processor.py:163} INFO - Started process (PID=830) to work on /home/airflow/.local/lib/python3.7/site-packages/airflow/example_dags/example_branch_python_dop_operator_3.py
[2022-03-28 07:12:31,432] {processor.py:642} INFO - Processing file /home/airflow/.local/lib/python3.7/site-packages/airflow/example_dags/example_branch_python_dop_operator_3.py for tasks to queue
[2022-03-28 07:12:31,433] {logging_mixin.py:109} INFO - [2022-03-28 07:12:31,433] {dagbag.py:500} INFO - Filling up the DagBag from /home/airflow/.local/lib/python3.7/site-packages/airflow/example_dags/example_branch_python_dop_operator_3.py
[2022-03-28 07:12:31,466] {processor.py:654} INFO - DAG(s) dict_keys(['example_branch_dop_operator_v3']) retrieved from /home/airflow/.local/lib/python3.7/site-packages/airflow/example_dags/example_branch_python_dop_operator_3.py
[2022-03-28 07:12:31,476] {logging_mixin.py:109} INFO - [2022-03-28 07:12:31,476] {dag.py:2398} INFO - Sync 1 DAGs
[2022-03-28 07:12:31,499] {logging_mixin.py:109} INFO - [2022-03-28 07:12:31,499] {dag.py:2937} INFO - Setting next_dagrun for example_branch_dop_operator_v3 to 2022-03-28T07:11:00+00:00
[2022-03-28 07:12:31,509] {processor.py:171} INFO - Processing /home/airflow/.local/lib/python3.7/site-packages/airflow/example_dags/example_branch_python_dop_operator_3.py took 0.082 seconds
[2022-03-28 07:13:01,950] {processor.py:163} INFO - Started process (PID=881) to work on /home/airflow/.local/lib/python3.7/site-packages/airflow/example_dags/example_branch_python_dop_operator_3.py
[2022-03-28 07:13:01,951] {processor.py:642} INFO - Processing file /home/airflow/.local/lib/python3.7/site-packages/airflow/example_dags/example_branch_python_dop_operator_3.py for tasks to queue
[2022-03-28 07:13:01,952] {logging_mixin.py:109} INFO - [2022-03-28 07:13:01,952] {dagbag.py:500} INFO - Filling up the DagBag from /home/airflow/.local/lib/python3.7/site-packages/airflow/example_dags/example_branch_python_dop_operator_3.py
[2022-03-28 07:13:01,994] {processor.py:654} INFO - DAG(s) dict_keys(['example_branch_dop_operator_v3']) retrieved from /home/airflow/.local/lib/python3.7/site-packages/airflow/example_dags/example_branch_python_dop_operator_3.py
[2022-03-28 07:13:02,007] {logging_mixin.py:109} INFO - [2022-03-28 07:13:02,006] {dag.py:2398} INFO - Sync 1 DAGs
[2022-03-28 07:13:02,036] {logging_mixin.py:109} INFO - [2022-03-28 07:13:02,036] {dag.py:2937} INFO - Setting next_dagrun for example_branch_dop_operator_v3 to 2022-03-28T07:12:00+00:00
[2022-03-28 07:13:02,049] {processor.py:171} INFO - Processing /home/airflow/.local/lib/python3.7/site-packages/airflow/example_dags/example_branch_python_dop_operator_3.py took 0.103 seconds
[2022-03-28 07:13:32,496] {processor.py:163} INFO - Started process (PID=941) to work on /home/airflow/.local/lib/python3.7/site-packages/airflow/example_dags/example_branch_python_dop_operator_3.py
[2022-03-28 07:13:32,497] {processor.py:642} INFO - Processing file /home/airflow/.local/lib/python3.7/site-packages/airflow/example_dags/example_branch_python_dop_operator_3.py for tasks to queue
[2022-03-28 07:13:32,498] {logging_mixin.py:109} INFO - [2022-03-28 07:13:32,498] {dagbag.py:500} INFO - Filling up the DagBag from /home/airflow/.local/lib/python3.7/site-packages/airflow/example_dags/example_branch_python_dop_operator_3.py
[2022-03-28 07:13:32,530] {processor.py:654} INFO - DAG(s) dict_keys(['example_branch_dop_operator_v3']) retrieved from /home/airflow/.local/lib/python3.7/site-packages/airflow/example_dags/example_branch_python_dop_operator_3.py
[2022-03-28 07:13:32,540] {logging_mixin.py:109} INFO - [2022-03-28 07:13:32,540] {dag.py:2398} INFO - Sync 1 DAGs
[2022-03-28 07:13:32,565] {logging_mixin.py:109} INFO - [2022-03-28 07:13:32,565] {dag.py:2937} INFO - Setting next_dagrun for example_branch_dop_operator_v3 to 2022-03-28T07:12:00+00:00
[2022-03-28 07:13:32,575] {processor.py:171} INFO - Processing /home/airflow/.local/lib/python3.7/site-packages/airflow/example_dags/example_branch_python_dop_operator_3.py took 0.082 seconds
[2022-03-28 07:14:03,042] {processor.py:163} INFO - Started process (PID=992) to work on /home/airflow/.local/lib/python3.7/site-packages/airflow/example_dags/example_branch_python_dop_operator_3.py
[2022-03-28 07:14:03,044] {processor.py:642} INFO - Processing file /home/airflow/.local/lib/python3.7/site-packages/airflow/example_dags/example_branch_python_dop_operator_3.py for tasks to queue
[2022-03-28 07:14:03,045] {logging_mixin.py:109} INFO - [2022-03-28 07:14:03,044] {dagbag.py:500} INFO - Filling up the DagBag from /home/airflow/.local/lib/python3.7/site-packages/airflow/example_dags/example_branch_python_dop_operator_3.py
[2022-03-28 07:14:03,075] {processor.py:654} INFO - DAG(s) dict_keys(['example_branch_dop_operator_v3']) retrieved from /home/airflow/.local/lib/python3.7/site-packages/airflow/example_dags/example_branch_python_dop_operator_3.py
[2022-03-28 07:14:03,085] {logging_mixin.py:109} INFO - [2022-03-28 07:14:03,085] {dag.py:2398} INFO - Sync 1 DAGs
[2022-03-28 07:14:03,108] {logging_mixin.py:109} INFO - [2022-03-28 07:14:03,108] {dag.py:2937} INFO - Setting next_dagrun for example_branch_dop_operator_v3 to 2022-03-28T07:13:00+00:00
[2022-03-28 07:14:03,119] {processor.py:171} INFO - Processing /home/airflow/.local/lib/python3.7/site-packages/airflow/example_dags/example_branch_python_dop_operator_3.py took 0.079 seconds
[2022-03-28 07:14:33,603] {processor.py:163} INFO - Started process (PID=1043) to work on /home/airflow/.local/lib/python3.7/site-packages/airflow/example_dags/example_branch_python_dop_operator_3.py
[2022-03-28 07:14:33,604] {processor.py:642} INFO - Processing file /home/airflow/.local/lib/python3.7/site-packages/airflow/example_dags/example_branch_python_dop_operator_3.py for tasks to queue
[2022-03-28 07:14:33,605] {logging_mixin.py:109} INFO - [2022-03-28 07:14:33,605] {dagbag.py:500} INFO - Filling up the DagBag from /home/airflow/.local/lib/python3.7/site-packages/airflow/example_dags/example_branch_python_dop_operator_3.py
[2022-03-28 07:14:33,635] {processor.py:654} INFO - DAG(s) dict_keys(['example_branch_dop_operator_v3']) retrieved from /home/airflow/.local/lib/python3.7/site-packages/airflow/example_dags/example_branch_python_dop_operator_3.py
[2022-03-28 07:14:33,646] {logging_mixin.py:109} INFO - [2022-03-28 07:14:33,646] {dag.py:2398} INFO - Sync 1 DAGs
[2022-03-28 07:14:33,667] {logging_mixin.py:109} INFO - [2022-03-28 07:14:33,667] {dag.py:2937} INFO - Setting next_dagrun for example_branch_dop_operator_v3 to 2022-03-28T07:13:00+00:00
[2022-03-28 07:14:33,678] {processor.py:171} INFO - Processing /home/airflow/.local/lib/python3.7/site-packages/airflow/example_dags/example_branch_python_dop_operator_3.py took 0.077 seconds
[2022-03-28 07:15:04,275] {processor.py:163} INFO - Started process (PID=1102) to work on /home/airflow/.local/lib/python3.7/site-packages/airflow/example_dags/example_branch_python_dop_operator_3.py
[2022-03-28 07:15:04,276] {processor.py:642} INFO - Processing file /home/airflow/.local/lib/python3.7/site-packages/airflow/example_dags/example_branch_python_dop_operator_3.py for tasks to queue
[2022-03-28 07:15:04,277] {logging_mixin.py:109} INFO - [2022-03-28 07:15:04,277] {dagbag.py:500} INFO - Filling up the DagBag from /home/airflow/.local/lib/python3.7/site-packages/airflow/example_dags/example_branch_python_dop_operator_3.py
[2022-03-28 07:15:04,311] {processor.py:654} INFO - DAG(s) dict_keys(['example_branch_dop_operator_v3']) retrieved from /home/airflow/.local/lib/python3.7/site-packages/airflow/example_dags/example_branch_python_dop_operator_3.py
[2022-03-28 07:15:04,322] {logging_mixin.py:109} INFO - [2022-03-28 07:15:04,322] {dag.py:2398} INFO - Sync 1 DAGs
[2022-03-28 07:15:04,345] {logging_mixin.py:109} INFO - [2022-03-28 07:15:04,345] {dag.py:2937} INFO - Setting next_dagrun for example_branch_dop_operator_v3 to 2022-03-28T07:14:00+00:00
[2022-03-28 07:15:04,356] {processor.py:171} INFO - Processing /home/airflow/.local/lib/python3.7/site-packages/airflow/example_dags/example_branch_python_dop_operator_3.py took 0.085 seconds
[2022-03-28 07:15:34,873] {processor.py:163} INFO - Started process (PID=1153) to work on /home/airflow/.local/lib/python3.7/site-packages/airflow/example_dags/example_branch_python_dop_operator_3.py
[2022-03-28 07:15:34,874] {processor.py:642} INFO - Processing file /home/airflow/.local/lib/python3.7/site-packages/airflow/example_dags/example_branch_python_dop_operator_3.py for tasks to queue
[2022-03-28 07:15:34,874] {logging_mixin.py:109} INFO - [2022-03-28 07:15:34,874] {dagbag.py:500} INFO - Filling up the DagBag from /home/airflow/.local/lib/python3.7/site-packages/airflow/example_dags/example_branch_python_dop_operator_3.py
[2022-03-28 07:15:34,903] {processor.py:654} INFO - DAG(s) dict_keys(['example_branch_dop_operator_v3']) retrieved from /home/airflow/.local/lib/python3.7/site-packages/airflow/example_dags/example_branch_python_dop_operator_3.py
[2022-03-28 07:15:34,913] {logging_mixin.py:109} INFO - [2022-03-28 07:15:34,913] {dag.py:2398} INFO - Sync 1 DAGs
[2022-03-28 07:15:34,935] {logging_mixin.py:109} INFO - [2022-03-28 07:15:34,935] {dag.py:2937} INFO - Setting next_dagrun for example_branch_dop_operator_v3 to 2022-03-28T07:14:00+00:00
[2022-03-28 07:15:34,945] {processor.py:171} INFO - Processing /home/airflow/.local/lib/python3.7/site-packages/airflow/example_dags/example_branch_python_dop_operator_3.py took 0.075 seconds
[2022-03-28 07:16:05,327] {processor.py:163} INFO - Started process (PID=1204) to work on /home/airflow/.local/lib/python3.7/site-packages/airflow/example_dags/example_branch_python_dop_operator_3.py
[2022-03-28 07:16:05,328] {processor.py:642} INFO - Processing file /home/airflow/.local/lib/python3.7/site-packages/airflow/example_dags/example_branch_python_dop_operator_3.py for tasks to queue
[2022-03-28 07:16:05,330] {logging_mixin.py:109} INFO - [2022-03-28 07:16:05,329] {dagbag.py:500} INFO - Filling up the DagBag from /home/airflow/.local/lib/python3.7/site-packages/airflow/example_dags/example_branch_python_dop_operator_3.py
[2022-03-28 07:16:05,360] {processor.py:654} INFO - DAG(s) dict_keys(['example_branch_dop_operator_v3']) retrieved from /home/airflow/.local/lib/python3.7/site-packages/airflow/example_dags/example_branch_python_dop_operator_3.py
[2022-03-28 07:16:05,371] {logging_mixin.py:109} INFO - [2022-03-28 07:16:05,371] {dag.py:2398} INFO - Sync 1 DAGs
[2022-03-28 07:16:05,394] {logging_mixin.py:109} INFO - [2022-03-28 07:16:05,394] {dag.py:2937} INFO - Setting next_dagrun for example_branch_dop_operator_v3 to 2022-03-28T07:15:00+00:00
[2022-03-28 07:16:05,404] {processor.py:171} INFO - Processing /home/airflow/.local/lib/python3.7/site-packages/airflow/example_dags/example_branch_python_dop_operator_3.py took 0.080 seconds
[2022-03-28 07:16:35,911] {processor.py:163} INFO - Started process (PID=1265) to work on /home/airflow/.local/lib/python3.7/site-packages/airflow/example_dags/example_branch_python_dop_operator_3.py
[2022-03-28 07:16:35,912] {processor.py:642} INFO - Processing file /home/airflow/.local/lib/python3.7/site-packages/airflow/example_dags/example_branch_python_dop_operator_3.py for tasks to queue
[2022-03-28 07:16:35,913] {logging_mixin.py:109} INFO - [2022-03-28 07:16:35,913] {dagbag.py:500} INFO - Filling up the DagBag from /home/airflow/.local/lib/python3.7/site-packages/airflow/example_dags/example_branch_python_dop_operator_3.py
[2022-03-28 07:16:35,942] {processor.py:654} INFO - DAG(s) dict_keys(['example_branch_dop_operator_v3']) retrieved from /home/airflow/.local/lib/python3.7/site-packages/airflow/example_dags/example_branch_python_dop_operator_3.py
[2022-03-28 07:16:35,951] {logging_mixin.py:109} INFO - [2022-03-28 07:16:35,951] {dag.py:2398} INFO - Sync 1 DAGs
[2022-03-28 07:16:35,976] {logging_mixin.py:109} INFO - [2022-03-28 07:16:35,976] {dag.py:2937} INFO - Setting next_dagrun for example_branch_dop_operator_v3 to 2022-03-28T07:15:00+00:00
[2022-03-28 07:16:35,984] {processor.py:171} INFO - Processing /home/airflow/.local/lib/python3.7/site-packages/airflow/example_dags/example_branch_python_dop_operator_3.py took 0.076 seconds
[2022-03-28 07:17:06,475] {processor.py:163} INFO - Started process (PID=1317) to work on /home/airflow/.local/lib/python3.7/site-packages/airflow/example_dags/example_branch_python_dop_operator_3.py
[2022-03-28 07:17:06,476] {processor.py:642} INFO - Processing file /home/airflow/.local/lib/python3.7/site-packages/airflow/example_dags/example_branch_python_dop_operator_3.py for tasks to queue
[2022-03-28 07:17:06,477] {logging_mixin.py:109} INFO - [2022-03-28 07:17:06,477] {dagbag.py:500} INFO - Filling up the DagBag from /home/airflow/.local/lib/python3.7/site-packages/airflow/example_dags/example_branch_python_dop_operator_3.py
[2022-03-28 07:17:06,504] {processor.py:654} INFO - DAG(s) dict_keys(['example_branch_dop_operator_v3']) retrieved from /home/airflow/.local/lib/python3.7/site-packages/airflow/example_dags/example_branch_python_dop_operator_3.py
[2022-03-28 07:17:06,515] {logging_mixin.py:109} INFO - [2022-03-28 07:17:06,515] {dag.py:2398} INFO - Sync 1 DAGs
[2022-03-28 07:17:06,536] {logging_mixin.py:109} INFO - [2022-03-28 07:17:06,535] {dag.py:2937} INFO - Setting next_dagrun for example_branch_dop_operator_v3 to 2022-03-28T07:16:00+00:00
[2022-03-28 07:17:06,545] {processor.py:171} INFO - Processing /home/airflow/.local/lib/python3.7/site-packages/airflow/example_dags/example_branch_python_dop_operator_3.py took 0.073 seconds
[2022-03-28 07:17:36,972] {processor.py:163} INFO - Started process (PID=1368) to work on /home/airflow/.local/lib/python3.7/site-packages/airflow/example_dags/example_branch_python_dop_operator_3.py
[2022-03-28 07:17:36,974] {processor.py:642} INFO - Processing file /home/airflow/.local/lib/python3.7/site-packages/airflow/example_dags/example_branch_python_dop_operator_3.py for tasks to queue
[2022-03-28 07:17:36,975] {logging_mixin.py:109} INFO - [2022-03-28 07:17:36,975] {dagbag.py:500} INFO - Filling up the DagBag from /home/airflow/.local/lib/python3.7/site-packages/airflow/example_dags/example_branch_python_dop_operator_3.py
[2022-03-28 07:17:37,021] {processor.py:654} INFO - DAG(s) dict_keys(['example_branch_dop_operator_v3']) retrieved from /home/airflow/.local/lib/python3.7/site-packages/airflow/example_dags/example_branch_python_dop_operator_3.py
[2022-03-28 07:17:37,031] {logging_mixin.py:109} INFO - [2022-03-28 07:17:37,031] {dag.py:2398} INFO - Sync 1 DAGs
[2022-03-28 07:17:37,056] {logging_mixin.py:109} INFO - [2022-03-28 07:17:37,055] {dag.py:2937} INFO - Setting next_dagrun for example_branch_dop_operator_v3 to 2022-03-28T07:16:00+00:00
[2022-03-28 07:17:37,067] {processor.py:171} INFO - Processing /home/airflow/.local/lib/python3.7/site-packages/airflow/example_dags/example_branch_python_dop_operator_3.py took 0.097 seconds
[2022-03-28 07:18:07,673] {processor.py:163} INFO - Started process (PID=1429) to work on /home/airflow/.local/lib/python3.7/site-packages/airflow/example_dags/example_branch_python_dop_operator_3.py
[2022-03-28 07:18:07,674] {processor.py:642} INFO - Processing file /home/airflow/.local/lib/python3.7/site-packages/airflow/example_dags/example_branch_python_dop_operator_3.py for tasks to queue
[2022-03-28 07:18:07,675] {logging_mixin.py:109} INFO - [2022-03-28 07:18:07,675] {dagbag.py:500} INFO - Filling up the DagBag from /home/airflow/.local/lib/python3.7/site-packages/airflow/example_dags/example_branch_python_dop_operator_3.py
[2022-03-28 07:18:07,711] {processor.py:654} INFO - DAG(s) dict_keys(['example_branch_dop_operator_v3']) retrieved from /home/airflow/.local/lib/python3.7/site-packages/airflow/example_dags/example_branch_python_dop_operator_3.py
[2022-03-28 07:18:07,725] {logging_mixin.py:109} INFO - [2022-03-28 07:18:07,725] {dag.py:2398} INFO - Sync 1 DAGs
[2022-03-28 07:18:07,754] {logging_mixin.py:109} INFO - [2022-03-28 07:18:07,754] {dag.py:2937} INFO - Setting next_dagrun for example_branch_dop_operator_v3 to 2022-03-28T07:17:00+00:00
[2022-03-28 07:18:07,767] {processor.py:171} INFO - Processing /home/airflow/.local/lib/python3.7/site-packages/airflow/example_dags/example_branch_python_dop_operator_3.py took 0.097 seconds
[2022-03-28 07:18:38,090] {processor.py:163} INFO - Started process (PID=1480) to work on /home/airflow/.local/lib/python3.7/site-packages/airflow/example_dags/example_branch_python_dop_operator_3.py
[2022-03-28 07:18:38,091] {processor.py:642} INFO - Processing file /home/airflow/.local/lib/python3.7/site-packages/airflow/example_dags/example_branch_python_dop_operator_3.py for tasks to queue
[2022-03-28 07:18:38,093] {logging_mixin.py:109} INFO - [2022-03-28 07:18:38,092] {dagbag.py:500} INFO - Filling up the DagBag from /home/airflow/.local/lib/python3.7/site-packages/airflow/example_dags/example_branch_python_dop_operator_3.py
[2022-03-28 07:18:38,124] {processor.py:654} INFO - DAG(s) dict_keys(['example_branch_dop_operator_v3']) retrieved from /home/airflow/.local/lib/python3.7/site-packages/airflow/example_dags/example_branch_python_dop_operator_3.py
[2022-03-28 07:18:38,135] {logging_mixin.py:109} INFO - [2022-03-28 07:18:38,134] {dag.py:2398} INFO - Sync 1 DAGs
[2022-03-28 07:18:38,160] {logging_mixin.py:109} INFO - [2022-03-28 07:18:38,160] {dag.py:2937} INFO - Setting next_dagrun for example_branch_dop_operator_v3 to 2022-03-28T07:17:00+00:00
[2022-03-28 07:18:38,170] {processor.py:171} INFO - Processing /home/airflow/.local/lib/python3.7/site-packages/airflow/example_dags/example_branch_python_dop_operator_3.py took 0.083 seconds
[2022-03-28 07:19:08,640] {processor.py:163} INFO - Started process (PID=1531) to work on /home/airflow/.local/lib/python3.7/site-packages/airflow/example_dags/example_branch_python_dop_operator_3.py
[2022-03-28 07:19:08,641] {processor.py:642} INFO - Processing file /home/airflow/.local/lib/python3.7/site-packages/airflow/example_dags/example_branch_python_dop_operator_3.py for tasks to queue
[2022-03-28 07:19:08,643] {logging_mixin.py:109} INFO - [2022-03-28 07:19:08,643] {dagbag.py:500} INFO - Filling up the DagBag from /home/airflow/.local/lib/python3.7/site-packages/airflow/example_dags/example_branch_python_dop_operator_3.py
[2022-03-28 07:19:08,679] {processor.py:654} INFO - DAG(s) dict_keys(['example_branch_dop_operator_v3']) retrieved from /home/airflow/.local/lib/python3.7/site-packages/airflow/example_dags/example_branch_python_dop_operator_3.py
[2022-03-28 07:19:08,691] {logging_mixin.py:109} INFO - [2022-03-28 07:19:08,691] {dag.py:2398} INFO - Sync 1 DAGs
[2022-03-28 07:19:08,716] {logging_mixin.py:109} INFO - [2022-03-28 07:19:08,716] {dag.py:2937} INFO - Setting next_dagrun for example_branch_dop_operator_v3 to 2022-03-28T07:18:00+00:00
[2022-03-28 07:19:08,728] {processor.py:171} INFO - Processing /home/airflow/.local/lib/python3.7/site-packages/airflow/example_dags/example_branch_python_dop_operator_3.py took 0.091 seconds
[2022-03-28 07:19:39,049] {processor.py:163} INFO - Started process (PID=1592) to work on /home/airflow/.local/lib/python3.7/site-packages/airflow/example_dags/example_branch_python_dop_operator_3.py
[2022-03-28 07:19:39,050] {processor.py:642} INFO - Processing file /home/airflow/.local/lib/python3.7/site-packages/airflow/example_dags/example_branch_python_dop_operator_3.py for tasks to queue
[2022-03-28 07:19:39,052] {logging_mixin.py:109} INFO - [2022-03-28 07:19:39,051] {dagbag.py:500} INFO - Filling up the DagBag from /home/airflow/.local/lib/python3.7/site-packages/airflow/example_dags/example_branch_python_dop_operator_3.py
[2022-03-28 07:19:39,086] {processor.py:654} INFO - DAG(s) dict_keys(['example_branch_dop_operator_v3']) retrieved from /home/airflow/.local/lib/python3.7/site-packages/airflow/example_dags/example_branch_python_dop_operator_3.py
[2022-03-28 07:19:39,103] {logging_mixin.py:109} INFO - [2022-03-28 07:19:39,103] {dag.py:2398} INFO - Sync 1 DAGs
[2022-03-28 07:19:39,130] {logging_mixin.py:109} INFO - [2022-03-28 07:19:39,130] {dag.py:2937} INFO - Setting next_dagrun for example_branch_dop_operator_v3 to 2022-03-28T07:18:00+00:00
[2022-03-28 07:19:39,140] {processor.py:171} INFO - Processing /home/airflow/.local/lib/python3.7/site-packages/airflow/example_dags/example_branch_python_dop_operator_3.py took 0.095 seconds
[2022-03-28 07:20:09,964] {processor.py:163} INFO - Started process (PID=1643) to work on /home/airflow/.local/lib/python3.7/site-packages/airflow/example_dags/example_branch_python_dop_operator_3.py
[2022-03-28 07:20:09,965] {processor.py:642} INFO - Processing file /home/airflow/.local/lib/python3.7/site-packages/airflow/example_dags/example_branch_python_dop_operator_3.py for tasks to queue
[2022-03-28 07:20:09,967] {logging_mixin.py:109} INFO - [2022-03-28 07:20:09,966] {dagbag.py:500} INFO - Filling up the DagBag from /home/airflow/.local/lib/python3.7/site-packages/airflow/example_dags/example_branch_python_dop_operator_3.py
[2022-03-28 07:20:10,012] {processor.py:654} INFO - DAG(s) dict_keys(['example_branch_dop_operator_v3']) retrieved from /home/airflow/.local/lib/python3.7/site-packages/airflow/example_dags/example_branch_python_dop_operator_3.py
[2022-03-28 07:20:10,024] {logging_mixin.py:109} INFO - [2022-03-28 07:20:10,024] {dag.py:2398} INFO - Sync 1 DAGs
[2022-03-28 07:20:10,048] {logging_mixin.py:109} INFO - [2022-03-28 07:20:10,047] {dag.py:2937} INFO - Setting next_dagrun for example_branch_dop_operator_v3 to 2022-03-28T07:19:00+00:00
[2022-03-28 07:20:10,057] {processor.py:171} INFO - Processing /home/airflow/.local/lib/python3.7/site-packages/airflow/example_dags/example_branch_python_dop_operator_3.py took 0.097 seconds
[2022-03-28 07:20:40,119] {processor.py:163} INFO - Started process (PID=1694) to work on /home/airflow/.local/lib/python3.7/site-packages/airflow/example_dags/example_branch_python_dop_operator_3.py
[2022-03-28 07:20:40,120] {processor.py:642} INFO - Processing file /home/airflow/.local/lib/python3.7/site-packages/airflow/example_dags/example_branch_python_dop_operator_3.py for tasks to queue
[2022-03-28 07:20:40,121] {logging_mixin.py:109} INFO - [2022-03-28 07:20:40,121] {dagbag.py:500} INFO - Filling up the DagBag from /home/airflow/.local/lib/python3.7/site-packages/airflow/example_dags/example_branch_python_dop_operator_3.py
[2022-03-28 07:20:40,147] {processor.py:654} INFO - DAG(s) dict_keys(['example_branch_dop_operator_v3']) retrieved from /home/airflow/.local/lib/python3.7/site-packages/airflow/example_dags/example_branch_python_dop_operator_3.py
[2022-03-28 07:20:40,155] {logging_mixin.py:109} INFO - [2022-03-28 07:20:40,155] {dag.py:2398} INFO - Sync 1 DAGs
[2022-03-28 07:20:40,174] {logging_mixin.py:109} INFO - [2022-03-28 07:20:40,174] {dag.py:2937} INFO - Setting next_dagrun for example_branch_dop_operator_v3 to 2022-03-28T07:19:00+00:00
[2022-03-28 07:20:40,184] {processor.py:171} INFO - Processing /home/airflow/.local/lib/python3.7/site-packages/airflow/example_dags/example_branch_python_dop_operator_3.py took 0.067 seconds
[2022-03-28 07:21:10,649] {processor.py:163} INFO - Started process (PID=1754) to work on /home/airflow/.local/lib/python3.7/site-packages/airflow/example_dags/example_branch_python_dop_operator_3.py
[2022-03-28 07:21:10,651] {processor.py:642} INFO - Processing file /home/airflow/.local/lib/python3.7/site-packages/airflow/example_dags/example_branch_python_dop_operator_3.py for tasks to queue
[2022-03-28 07:21:10,652] {logging_mixin.py:109} INFO - [2022-03-28 07:21:10,652] {dagbag.py:500} INFO - Filling up the DagBag from /home/airflow/.local/lib/python3.7/site-packages/airflow/example_dags/example_branch_python_dop_operator_3.py
[2022-03-28 07:21:10,695] {processor.py:654} INFO - DAG(s) dict_keys(['example_branch_dop_operator_v3']) retrieved from /home/airflow/.local/lib/python3.7/site-packages/airflow/example_dags/example_branch_python_dop_operator_3.py
[2022-03-28 07:21:10,704] {logging_mixin.py:109} INFO - [2022-03-28 07:21:10,704] {dag.py:2398} INFO - Sync 1 DAGs
[2022-03-28 07:21:10,723] {logging_mixin.py:109} INFO - [2022-03-28 07:21:10,723] {dag.py:2937} INFO - Setting next_dagrun for example_branch_dop_operator_v3 to 2022-03-28T07:20:00+00:00
[2022-03-28 07:21:10,731] {processor.py:171} INFO - Processing /home/airflow/.local/lib/python3.7/site-packages/airflow/example_dags/example_branch_python_dop_operator_3.py took 0.085 seconds
[2022-03-28 07:21:40,931] {processor.py:163} INFO - Started process (PID=1805) to work on /home/airflow/.local/lib/python3.7/site-packages/airflow/example_dags/example_branch_python_dop_operator_3.py
[2022-03-28 07:21:40,933] {processor.py:642} INFO - Processing file /home/airflow/.local/lib/python3.7/site-packages/airflow/example_dags/example_branch_python_dop_operator_3.py for tasks to queue
[2022-03-28 07:21:40,934] {logging_mixin.py:109} INFO - [2022-03-28 07:21:40,934] {dagbag.py:500} INFO - Filling up the DagBag from /home/airflow/.local/lib/python3.7/site-packages/airflow/example_dags/example_branch_python_dop_operator_3.py
[2022-03-28 07:21:40,967] {processor.py:654} INFO - DAG(s) dict_keys(['example_branch_dop_operator_v3']) retrieved from /home/airflow/.local/lib/python3.7/site-packages/airflow/example_dags/example_branch_python_dop_operator_3.py
[2022-03-28 07:21:40,977] {logging_mixin.py:109} INFO - [2022-03-28 07:21:40,976] {dag.py:2398} INFO - Sync 1 DAGs
[2022-03-28 07:21:40,996] {logging_mixin.py:109} INFO - [2022-03-28 07:21:40,996] {dag.py:2937} INFO - Setting next_dagrun for example_branch_dop_operator_v3 to 2022-03-28T07:20:00+00:00
[2022-03-28 07:21:41,005] {processor.py:171} INFO - Processing /home/airflow/.local/lib/python3.7/site-packages/airflow/example_dags/example_branch_python_dop_operator_3.py took 0.076 seconds
[2022-03-28 07:22:11,228] {processor.py:163} INFO - Started process (PID=1856) to work on /home/airflow/.local/lib/python3.7/site-packages/airflow/example_dags/example_branch_python_dop_operator_3.py
[2022-03-28 07:22:11,230] {processor.py:642} INFO - Processing file /home/airflow/.local/lib/python3.7/site-packages/airflow/example_dags/example_branch_python_dop_operator_3.py for tasks to queue
[2022-03-28 07:22:11,231] {logging_mixin.py:109} INFO - [2022-03-28 07:22:11,231] {dagbag.py:500} INFO - Filling up the DagBag from /home/airflow/.local/lib/python3.7/site-packages/airflow/example_dags/example_branch_python_dop_operator_3.py
[2022-03-28 07:22:11,260] {processor.py:654} INFO - DAG(s) dict_keys(['example_branch_dop_operator_v3']) retrieved from /home/airflow/.local/lib/python3.7/site-packages/airflow/example_dags/example_branch_python_dop_operator_3.py
[2022-03-28 07:22:11,268] {logging_mixin.py:109} INFO - [2022-03-28 07:22:11,268] {dag.py:2398} INFO - Sync 1 DAGs
[2022-03-28 07:22:11,289] {logging_mixin.py:109} INFO - [2022-03-28 07:22:11,289] {dag.py:2937} INFO - Setting next_dagrun for example_branch_dop_operator_v3 to 2022-03-28T07:21:00+00:00
[2022-03-28 07:22:11,298] {processor.py:171} INFO - Processing /home/airflow/.local/lib/python3.7/site-packages/airflow/example_dags/example_branch_python_dop_operator_3.py took 0.072 seconds
[2022-03-28 07:22:41,706] {processor.py:163} INFO - Started process (PID=1917) to work on /home/airflow/.local/lib/python3.7/site-packages/airflow/example_dags/example_branch_python_dop_operator_3.py
[2022-03-28 07:22:41,708] {processor.py:642} INFO - Processing file /home/airflow/.local/lib/python3.7/site-packages/airflow/example_dags/example_branch_python_dop_operator_3.py for tasks to queue
[2022-03-28 07:22:41,710] {logging_mixin.py:109} INFO - [2022-03-28 07:22:41,709] {dagbag.py:500} INFO - Filling up the DagBag from /home/airflow/.local/lib/python3.7/site-packages/airflow/example_dags/example_branch_python_dop_operator_3.py
[2022-03-28 07:22:41,759] {processor.py:654} INFO - DAG(s) dict_keys(['example_branch_dop_operator_v3']) retrieved from /home/airflow/.local/lib/python3.7/site-packages/airflow/example_dags/example_branch_python_dop_operator_3.py
[2022-03-28 07:22:41,775] {logging_mixin.py:109} INFO - [2022-03-28 07:22:41,775] {dag.py:2398} INFO - Sync 1 DAGs
[2022-03-28 07:22:41,810] {logging_mixin.py:109} INFO - [2022-03-28 07:22:41,810] {dag.py:2937} INFO - Setting next_dagrun for example_branch_dop_operator_v3 to 2022-03-28T07:21:00+00:00
[2022-03-28 07:22:41,827] {processor.py:171} INFO - Processing /home/airflow/.local/lib/python3.7/site-packages/airflow/example_dags/example_branch_python_dop_operator_3.py took 0.127 seconds
[2022-03-28 07:23:12,250] {processor.py:163} INFO - Started process (PID=1967) to work on /home/airflow/.local/lib/python3.7/site-packages/airflow/example_dags/example_branch_python_dop_operator_3.py
[2022-03-28 07:23:12,252] {processor.py:642} INFO - Processing file /home/airflow/.local/lib/python3.7/site-packages/airflow/example_dags/example_branch_python_dop_operator_3.py for tasks to queue
[2022-03-28 07:23:12,253] {logging_mixin.py:109} INFO - [2022-03-28 07:23:12,253] {dagbag.py:500} INFO - Filling up the DagBag from /home/airflow/.local/lib/python3.7/site-packages/airflow/example_dags/example_branch_python_dop_operator_3.py
[2022-03-28 07:23:12,295] {processor.py:654} INFO - DAG(s) dict_keys(['example_branch_dop_operator_v3']) retrieved from /home/airflow/.local/lib/python3.7/site-packages/airflow/example_dags/example_branch_python_dop_operator_3.py
[2022-03-28 07:23:12,309] {logging_mixin.py:109} INFO - [2022-03-28 07:23:12,308] {dag.py:2398} INFO - Sync 1 DAGs
[2022-03-28 07:23:12,338] {logging_mixin.py:109} INFO - [2022-03-28 07:23:12,338] {dag.py:2937} INFO - Setting next_dagrun for example_branch_dop_operator_v3 to 2022-03-28T07:22:00+00:00
[2022-03-28 07:23:12,352] {processor.py:171} INFO - Processing /home/airflow/.local/lib/python3.7/site-packages/airflow/example_dags/example_branch_python_dop_operator_3.py took 0.105 seconds
[2022-03-28 07:23:42,974] {processor.py:163} INFO - Started process (PID=2019) to work on /home/airflow/.local/lib/python3.7/site-packages/airflow/example_dags/example_branch_python_dop_operator_3.py
[2022-03-28 07:23:42,977] {processor.py:642} INFO - Processing file /home/airflow/.local/lib/python3.7/site-packages/airflow/example_dags/example_branch_python_dop_operator_3.py for tasks to queue
[2022-03-28 07:23:42,978] {logging_mixin.py:109} INFO - [2022-03-28 07:23:42,978] {dagbag.py:500} INFO - Filling up the DagBag from /home/airflow/.local/lib/python3.7/site-packages/airflow/example_dags/example_branch_python_dop_operator_3.py
[2022-03-28 07:23:43,025] {processor.py:654} INFO - DAG(s) dict_keys(['example_branch_dop_operator_v3']) retrieved from /home/airflow/.local/lib/python3.7/site-packages/airflow/example_dags/example_branch_python_dop_operator_3.py
[2022-03-28 07:23:43,040] {logging_mixin.py:109} INFO - [2022-03-28 07:23:43,039] {dag.py:2398} INFO - Sync 1 DAGs
[2022-03-28 07:23:43,083] {logging_mixin.py:109} INFO - [2022-03-28 07:23:43,083] {dag.py:2937} INFO - Setting next_dagrun for example_branch_dop_operator_v3 to 2022-03-28T07:22:00+00:00
[2022-03-28 07:23:43,100] {processor.py:171} INFO - Processing /home/airflow/.local/lib/python3.7/site-packages/airflow/example_dags/example_branch_python_dop_operator_3.py took 0.128 seconds
[2022-03-28 07:24:13,548] {processor.py:163} INFO - Started process (PID=2071) to work on /home/airflow/.local/lib/python3.7/site-packages/airflow/example_dags/example_branch_python_dop_operator_3.py
[2022-03-28 07:24:13,549] {processor.py:642} INFO - Processing file /home/airflow/.local/lib/python3.7/site-packages/airflow/example_dags/example_branch_python_dop_operator_3.py for tasks to queue
[2022-03-28 07:24:13,550] {logging_mixin.py:109} INFO - [2022-03-28 07:24:13,550] {dagbag.py:500} INFO - Filling up the DagBag from /home/airflow/.local/lib/python3.7/site-packages/airflow/example_dags/example_branch_python_dop_operator_3.py
[2022-03-28 07:24:13,593] {processor.py:654} INFO - DAG(s) dict_keys(['example_branch_dop_operator_v3']) retrieved from /home/airflow/.local/lib/python3.7/site-packages/airflow/example_dags/example_branch_python_dop_operator_3.py
[2022-03-28 07:24:13,602] {logging_mixin.py:109} INFO - [2022-03-28 07:24:13,602] {dag.py:2398} INFO - Sync 1 DAGs
[2022-03-28 07:24:13,622] {logging_mixin.py:109} INFO - [2022-03-28 07:24:13,622] {dag.py:2937} INFO - Setting next_dagrun for example_branch_dop_operator_v3 to 2022-03-28T07:23:00+00:00
[2022-03-28 07:24:13,631] {processor.py:171} INFO - Processing /home/airflow/.local/lib/python3.7/site-packages/airflow/example_dags/example_branch_python_dop_operator_3.py took 0.086 seconds
[2022-03-28 07:24:43,794] {processor.py:163} INFO - Started process (PID=2122) to work on /home/airflow/.local/lib/python3.7/site-packages/airflow/example_dags/example_branch_python_dop_operator_3.py
[2022-03-28 07:24:43,795] {processor.py:642} INFO - Processing file /home/airflow/.local/lib/python3.7/site-packages/airflow/example_dags/example_branch_python_dop_operator_3.py for tasks to queue
[2022-03-28 07:24:43,796] {logging_mixin.py:109} INFO - [2022-03-28 07:24:43,796] {dagbag.py:500} INFO - Filling up the DagBag from /home/airflow/.local/lib/python3.7/site-packages/airflow/example_dags/example_branch_python_dop_operator_3.py
[2022-03-28 07:24:43,825] {processor.py:654} INFO - DAG(s) dict_keys(['example_branch_dop_operator_v3']) retrieved from /home/airflow/.local/lib/python3.7/site-packages/airflow/example_dags/example_branch_python_dop_operator_3.py
[2022-03-28 07:24:43,834] {logging_mixin.py:109} INFO - [2022-03-28 07:24:43,834] {dag.py:2398} INFO - Sync 1 DAGs
[2022-03-28 07:24:43,853] {logging_mixin.py:109} INFO - [2022-03-28 07:24:43,853] {dag.py:2937} INFO - Setting next_dagrun for example_branch_dop_operator_v3 to 2022-03-28T07:23:00+00:00
[2022-03-28 07:24:43,862] {processor.py:171} INFO - Processing /home/airflow/.local/lib/python3.7/site-packages/airflow/example_dags/example_branch_python_dop_operator_3.py took 0.071 seconds
[2022-03-28 07:25:14,809] {processor.py:163} INFO - Started process (PID=2183) to work on /home/airflow/.local/lib/python3.7/site-packages/airflow/example_dags/example_branch_python_dop_operator_3.py
[2022-03-28 07:25:14,811] {processor.py:642} INFO - Processing file /home/airflow/.local/lib/python3.7/site-packages/airflow/example_dags/example_branch_python_dop_operator_3.py for tasks to queue
[2022-03-28 07:25:14,812] {logging_mixin.py:109} INFO - [2022-03-28 07:25:14,812] {dagbag.py:500} INFO - Filling up the DagBag from /home/airflow/.local/lib/python3.7/site-packages/airflow/example_dags/example_branch_python_dop_operator_3.py
[2022-03-28 07:25:14,842] {processor.py:654} INFO - DAG(s) dict_keys(['example_branch_dop_operator_v3']) retrieved from /home/airflow/.local/lib/python3.7/site-packages/airflow/example_dags/example_branch_python_dop_operator_3.py
[2022-03-28 07:25:14,851] {logging_mixin.py:109} INFO - [2022-03-28 07:25:14,851] {dag.py:2398} INFO - Sync 1 DAGs
[2022-03-28 07:25:14,872] {logging_mixin.py:109} INFO - [2022-03-28 07:25:14,872] {dag.py:2937} INFO - Setting next_dagrun for example_branch_dop_operator_v3 to 2022-03-28T07:24:00+00:00
[2022-03-28 07:25:14,881] {processor.py:171} INFO - Processing /home/airflow/.local/lib/python3.7/site-packages/airflow/example_dags/example_branch_python_dop_operator_3.py took 0.075 seconds
[2022-03-28 07:25:45,011] {processor.py:163} INFO - Started process (PID=2234) to work on /home/airflow/.local/lib/python3.7/site-packages/airflow/example_dags/example_branch_python_dop_operator_3.py
[2022-03-28 07:25:45,013] {processor.py:642} INFO - Processing file /home/airflow/.local/lib/python3.7/site-packages/airflow/example_dags/example_branch_python_dop_operator_3.py for tasks to queue
[2022-03-28 07:25:45,013] {logging_mixin.py:109} INFO - [2022-03-28 07:25:45,013] {dagbag.py:500} INFO - Filling up the DagBag from /home/airflow/.local/lib/python3.7/site-packages/airflow/example_dags/example_branch_python_dop_operator_3.py
[2022-03-28 07:25:45,038] {processor.py:654} INFO - DAG(s) dict_keys(['example_branch_dop_operator_v3']) retrieved from /home/airflow/.local/lib/python3.7/site-packages/airflow/example_dags/example_branch_python_dop_operator_3.py
[2022-03-28 07:25:45,047] {logging_mixin.py:109} INFO - [2022-03-28 07:25:45,047] {dag.py:2398} INFO - Sync 1 DAGs
[2022-03-28 07:25:45,064] {logging_mixin.py:109} INFO - [2022-03-28 07:25:45,064] {dag.py:2937} INFO - Setting next_dagrun for example_branch_dop_operator_v3 to 2022-03-28T07:24:00+00:00
[2022-03-28 07:25:45,072] {processor.py:171} INFO - Processing /home/airflow/.local/lib/python3.7/site-packages/airflow/example_dags/example_branch_python_dop_operator_3.py took 0.063 seconds
[2022-03-28 07:26:15,762] {processor.py:163} INFO - Started process (PID=2285) to work on /home/airflow/.local/lib/python3.7/site-packages/airflow/example_dags/example_branch_python_dop_operator_3.py
[2022-03-28 07:26:15,763] {processor.py:642} INFO - Processing file /home/airflow/.local/lib/python3.7/site-packages/airflow/example_dags/example_branch_python_dop_operator_3.py for tasks to queue
[2022-03-28 07:26:15,764] {logging_mixin.py:109} INFO - [2022-03-28 07:26:15,764] {dagbag.py:500} INFO - Filling up the DagBag from /home/airflow/.local/lib/python3.7/site-packages/airflow/example_dags/example_branch_python_dop_operator_3.py
[2022-03-28 07:26:15,788] {processor.py:654} INFO - DAG(s) dict_keys(['example_branch_dop_operator_v3']) retrieved from /home/airflow/.local/lib/python3.7/site-packages/airflow/example_dags/example_branch_python_dop_operator_3.py
[2022-03-28 07:26:15,796] {logging_mixin.py:109} INFO - [2022-03-28 07:26:15,796] {dag.py:2398} INFO - Sync 1 DAGs
[2022-03-28 07:26:15,813] {logging_mixin.py:109} INFO - [2022-03-28 07:26:15,813] {dag.py:2937} INFO - Setting next_dagrun for example_branch_dop_operator_v3 to 2022-03-28T07:25:00+00:00
[2022-03-28 07:26:15,821] {processor.py:171} INFO - Processing /home/airflow/.local/lib/python3.7/site-packages/airflow/example_dags/example_branch_python_dop_operator_3.py took 0.061 seconds
[2022-03-28 07:26:46,552] {processor.py:163} INFO - Started process (PID=2346) to work on /home/airflow/.local/lib/python3.7/site-packages/airflow/example_dags/example_branch_python_dop_operator_3.py
[2022-03-28 07:26:46,553] {processor.py:642} INFO - Processing file /home/airflow/.local/lib/python3.7/site-packages/airflow/example_dags/example_branch_python_dop_operator_3.py for tasks to queue
[2022-03-28 07:26:46,554] {logging_mixin.py:109} INFO - [2022-03-28 07:26:46,554] {dagbag.py:500} INFO - Filling up the DagBag from /home/airflow/.local/lib/python3.7/site-packages/airflow/example_dags/example_branch_python_dop_operator_3.py
[2022-03-28 07:26:46,580] {processor.py:654} INFO - DAG(s) dict_keys(['example_branch_dop_operator_v3']) retrieved from /home/airflow/.local/lib/python3.7/site-packages/airflow/example_dags/example_branch_python_dop_operator_3.py
[2022-03-28 07:26:46,589] {logging_mixin.py:109} INFO - [2022-03-28 07:26:46,589] {dag.py:2398} INFO - Sync 1 DAGs
[2022-03-28 07:26:46,608] {logging_mixin.py:109} INFO - [2022-03-28 07:26:46,608] {dag.py:2937} INFO - Setting next_dagrun for example_branch_dop_operator_v3 to 2022-03-28T07:25:00+00:00
[2022-03-28 07:26:46,620] {processor.py:171} INFO - Processing /home/airflow/.local/lib/python3.7/site-packages/airflow/example_dags/example_branch_python_dop_operator_3.py took 0.071 seconds
[2022-03-28 07:27:17,140] {processor.py:163} INFO - Started process (PID=2397) to work on /home/airflow/.local/lib/python3.7/site-packages/airflow/example_dags/example_branch_python_dop_operator_3.py
[2022-03-28 07:27:17,141] {processor.py:642} INFO - Processing file /home/airflow/.local/lib/python3.7/site-packages/airflow/example_dags/example_branch_python_dop_operator_3.py for tasks to queue
[2022-03-28 07:27:17,142] {logging_mixin.py:109} INFO - [2022-03-28 07:27:17,142] {dagbag.py:500} INFO - Filling up the DagBag from /home/airflow/.local/lib/python3.7/site-packages/airflow/example_dags/example_branch_python_dop_operator_3.py
[2022-03-28 07:27:17,168] {processor.py:654} INFO - DAG(s) dict_keys(['example_branch_dop_operator_v3']) retrieved from /home/airflow/.local/lib/python3.7/site-packages/airflow/example_dags/example_branch_python_dop_operator_3.py
[2022-03-28 07:27:17,175] {logging_mixin.py:109} INFO - [2022-03-28 07:27:17,175] {dag.py:2398} INFO - Sync 1 DAGs
[2022-03-28 07:27:17,192] {logging_mixin.py:109} INFO - [2022-03-28 07:27:17,192] {dag.py:2937} INFO - Setting next_dagrun for example_branch_dop_operator_v3 to 2022-03-28T07:26:00+00:00
[2022-03-28 07:27:17,202] {processor.py:171} INFO - Processing /home/airflow/.local/lib/python3.7/site-packages/airflow/example_dags/example_branch_python_dop_operator_3.py took 0.065 seconds
[2022-03-28 07:27:47,855] {processor.py:163} INFO - Started process (PID=2458) to work on /home/airflow/.local/lib/python3.7/site-packages/airflow/example_dags/example_branch_python_dop_operator_3.py
[2022-03-28 07:27:47,856] {processor.py:642} INFO - Processing file /home/airflow/.local/lib/python3.7/site-packages/airflow/example_dags/example_branch_python_dop_operator_3.py for tasks to queue
[2022-03-28 07:27:47,857] {logging_mixin.py:109} INFO - [2022-03-28 07:27:47,857] {dagbag.py:500} INFO - Filling up the DagBag from /home/airflow/.local/lib/python3.7/site-packages/airflow/example_dags/example_branch_python_dop_operator_3.py
[2022-03-28 07:27:47,884] {processor.py:654} INFO - DAG(s) dict_keys(['example_branch_dop_operator_v3']) retrieved from /home/airflow/.local/lib/python3.7/site-packages/airflow/example_dags/example_branch_python_dop_operator_3.py
[2022-03-28 07:27:47,893] {logging_mixin.py:109} INFO - [2022-03-28 07:27:47,893] {dag.py:2398} INFO - Sync 1 DAGs
[2022-03-28 07:27:47,915] {logging_mixin.py:109} INFO - [2022-03-28 07:27:47,915] {dag.py:2937} INFO - Setting next_dagrun for example_branch_dop_operator_v3 to 2022-03-28T07:26:00+00:00
[2022-03-28 07:27:47,925] {processor.py:171} INFO - Processing /home/airflow/.local/lib/python3.7/site-packages/airflow/example_dags/example_branch_python_dop_operator_3.py took 0.073 seconds
[2022-03-28 07:28:18,442] {processor.py:163} INFO - Started process (PID=2508) to work on /home/airflow/.local/lib/python3.7/site-packages/airflow/example_dags/example_branch_python_dop_operator_3.py
[2022-03-28 07:28:18,444] {processor.py:642} INFO - Processing file /home/airflow/.local/lib/python3.7/site-packages/airflow/example_dags/example_branch_python_dop_operator_3.py for tasks to queue
[2022-03-28 07:28:18,444] {logging_mixin.py:109} INFO - [2022-03-28 07:28:18,444] {dagbag.py:500} INFO - Filling up the DagBag from /home/airflow/.local/lib/python3.7/site-packages/airflow/example_dags/example_branch_python_dop_operator_3.py
[2022-03-28 07:28:18,476] {processor.py:654} INFO - DAG(s) dict_keys(['example_branch_dop_operator_v3']) retrieved from /home/airflow/.local/lib/python3.7/site-packages/airflow/example_dags/example_branch_python_dop_operator_3.py
[2022-03-28 07:28:18,485] {logging_mixin.py:109} INFO - [2022-03-28 07:28:18,485] {dag.py:2398} INFO - Sync 1 DAGs
[2022-03-28 07:28:18,505] {logging_mixin.py:109} INFO - [2022-03-28 07:28:18,505] {dag.py:2937} INFO - Setting next_dagrun for example_branch_dop_operator_v3 to 2022-03-28T07:27:00+00:00
[2022-03-28 07:28:18,515] {processor.py:171} INFO - Processing /home/airflow/.local/lib/python3.7/site-packages/airflow/example_dags/example_branch_python_dop_operator_3.py took 0.076 seconds
[2022-03-28 07:28:49,171] {processor.py:163} INFO - Started process (PID=2560) to work on /home/airflow/.local/lib/python3.7/site-packages/airflow/example_dags/example_branch_python_dop_operator_3.py
[2022-03-28 07:28:49,173] {processor.py:642} INFO - Processing file /home/airflow/.local/lib/python3.7/site-packages/airflow/example_dags/example_branch_python_dop_operator_3.py for tasks to queue
[2022-03-28 07:28:49,174] {logging_mixin.py:109} INFO - [2022-03-28 07:28:49,174] {dagbag.py:500} INFO - Filling up the DagBag from /home/airflow/.local/lib/python3.7/site-packages/airflow/example_dags/example_branch_python_dop_operator_3.py
[2022-03-28 07:28:49,204] {processor.py:654} INFO - DAG(s) dict_keys(['example_branch_dop_operator_v3']) retrieved from /home/airflow/.local/lib/python3.7/site-packages/airflow/example_dags/example_branch_python_dop_operator_3.py
[2022-03-28 07:28:49,216] {logging_mixin.py:109} INFO - [2022-03-28 07:28:49,216] {dag.py:2398} INFO - Sync 1 DAGs
[2022-03-28 07:28:49,237] {logging_mixin.py:109} INFO - [2022-03-28 07:28:49,237] {dag.py:2937} INFO - Setting next_dagrun for example_branch_dop_operator_v3 to 2022-03-28T07:27:00+00:00
[2022-03-28 07:28:49,245] {processor.py:171} INFO - Processing /home/airflow/.local/lib/python3.7/site-packages/airflow/example_dags/example_branch_python_dop_operator_3.py took 0.076 seconds
[2022-03-28 07:29:19,947] {processor.py:163} INFO - Started process (PID=2621) to work on /home/airflow/.local/lib/python3.7/site-packages/airflow/example_dags/example_branch_python_dop_operator_3.py
[2022-03-28 07:29:19,948] {processor.py:642} INFO - Processing file /home/airflow/.local/lib/python3.7/site-packages/airflow/example_dags/example_branch_python_dop_operator_3.py for tasks to queue
[2022-03-28 07:29:19,948] {logging_mixin.py:109} INFO - [2022-03-28 07:29:19,948] {dagbag.py:500} INFO - Filling up the DagBag from /home/airflow/.local/lib/python3.7/site-packages/airflow/example_dags/example_branch_python_dop_operator_3.py
[2022-03-28 07:29:19,973] {processor.py:654} INFO - DAG(s) dict_keys(['example_branch_dop_operator_v3']) retrieved from /home/airflow/.local/lib/python3.7/site-packages/airflow/example_dags/example_branch_python_dop_operator_3.py
[2022-03-28 07:29:19,980] {logging_mixin.py:109} INFO - [2022-03-28 07:29:19,980] {dag.py:2398} INFO - Sync 1 DAGs
[2022-03-28 07:29:19,999] {logging_mixin.py:109} INFO - [2022-03-28 07:29:19,999] {dag.py:2937} INFO - Setting next_dagrun for example_branch_dop_operator_v3 to 2022-03-28T07:28:00+00:00
[2022-03-28 07:29:20,010] {processor.py:171} INFO - Processing /home/airflow/.local/lib/python3.7/site-packages/airflow/example_dags/example_branch_python_dop_operator_3.py took 0.066 seconds
[2022-03-28 07:29:50,713] {processor.py:163} INFO - Started process (PID=2673) to work on /home/airflow/.local/lib/python3.7/site-packages/airflow/example_dags/example_branch_python_dop_operator_3.py
[2022-03-28 07:29:50,714] {processor.py:642} INFO - Processing file /home/airflow/.local/lib/python3.7/site-packages/airflow/example_dags/example_branch_python_dop_operator_3.py for tasks to queue
[2022-03-28 07:29:50,715] {logging_mixin.py:109} INFO - [2022-03-28 07:29:50,715] {dagbag.py:500} INFO - Filling up the DagBag from /home/airflow/.local/lib/python3.7/site-packages/airflow/example_dags/example_branch_python_dop_operator_3.py
[2022-03-28 07:29:50,740] {processor.py:654} INFO - DAG(s) dict_keys(['example_branch_dop_operator_v3']) retrieved from /home/airflow/.local/lib/python3.7/site-packages/airflow/example_dags/example_branch_python_dop_operator_3.py
[2022-03-28 07:29:50,750] {logging_mixin.py:109} INFO - [2022-03-28 07:29:50,750] {dag.py:2398} INFO - Sync 1 DAGs
[2022-03-28 07:29:50,769] {logging_mixin.py:109} INFO - [2022-03-28 07:29:50,769] {dag.py:2937} INFO - Setting next_dagrun for example_branch_dop_operator_v3 to 2022-03-28T07:28:00+00:00
[2022-03-28 07:29:50,778] {processor.py:171} INFO - Processing /home/airflow/.local/lib/python3.7/site-packages/airflow/example_dags/example_branch_python_dop_operator_3.py took 0.068 seconds
[2022-03-28 07:30:21,371] {processor.py:163} INFO - Started process (PID=2734) to work on /home/airflow/.local/lib/python3.7/site-packages/airflow/example_dags/example_branch_python_dop_operator_3.py
[2022-03-28 07:30:21,372] {processor.py:642} INFO - Processing file /home/airflow/.local/lib/python3.7/site-packages/airflow/example_dags/example_branch_python_dop_operator_3.py for tasks to queue
[2022-03-28 07:30:21,373] {logging_mixin.py:109} INFO - [2022-03-28 07:30:21,373] {dagbag.py:500} INFO - Filling up the DagBag from /home/airflow/.local/lib/python3.7/site-packages/airflow/example_dags/example_branch_python_dop_operator_3.py
[2022-03-28 07:30:21,399] {processor.py:654} INFO - DAG(s) dict_keys(['example_branch_dop_operator_v3']) retrieved from /home/airflow/.local/lib/python3.7/site-packages/airflow/example_dags/example_branch_python_dop_operator_3.py
[2022-03-28 07:30:21,408] {logging_mixin.py:109} INFO - [2022-03-28 07:30:21,408] {dag.py:2398} INFO - Sync 1 DAGs
[2022-03-28 07:30:21,428] {logging_mixin.py:109} INFO - [2022-03-28 07:30:21,428] {dag.py:2937} INFO - Setting next_dagrun for example_branch_dop_operator_v3 to 2022-03-28T07:29:00+00:00
[2022-03-28 07:30:21,439] {processor.py:171} INFO - Processing /home/airflow/.local/lib/python3.7/site-packages/airflow/example_dags/example_branch_python_dop_operator_3.py took 0.070 seconds
[2022-03-28 07:30:51,483] {processor.py:163} INFO - Started process (PID=2785) to work on /home/airflow/.local/lib/python3.7/site-packages/airflow/example_dags/example_branch_python_dop_operator_3.py
[2022-03-28 07:30:51,486] {processor.py:642} INFO - Processing file /home/airflow/.local/lib/python3.7/site-packages/airflow/example_dags/example_branch_python_dop_operator_3.py for tasks to queue
[2022-03-28 07:30:51,487] {logging_mixin.py:109} INFO - [2022-03-28 07:30:51,486] {dagbag.py:500} INFO - Filling up the DagBag from /home/airflow/.local/lib/python3.7/site-packages/airflow/example_dags/example_branch_python_dop_operator_3.py
[2022-03-28 07:30:51,520] {processor.py:654} INFO - DAG(s) dict_keys(['example_branch_dop_operator_v3']) retrieved from /home/airflow/.local/lib/python3.7/site-packages/airflow/example_dags/example_branch_python_dop_operator_3.py
[2022-03-28 07:30:51,531] {logging_mixin.py:109} INFO - [2022-03-28 07:30:51,530] {dag.py:2398} INFO - Sync 1 DAGs
[2022-03-28 07:30:51,555] {logging_mixin.py:109} INFO - [2022-03-28 07:30:51,555] {dag.py:2937} INFO - Setting next_dagrun for example_branch_dop_operator_v3 to 2022-03-28T07:29:00+00:00
[2022-03-28 07:30:51,571] {processor.py:171} INFO - Processing /home/airflow/.local/lib/python3.7/site-packages/airflow/example_dags/example_branch_python_dop_operator_3.py took 0.091 seconds
[2022-03-28 07:31:21,891] {processor.py:163} INFO - Started process (PID=2836) to work on /home/airflow/.local/lib/python3.7/site-packages/airflow/example_dags/example_branch_python_dop_operator_3.py
[2022-03-28 07:31:21,891] {processor.py:642} INFO - Processing file /home/airflow/.local/lib/python3.7/site-packages/airflow/example_dags/example_branch_python_dop_operator_3.py for tasks to queue
[2022-03-28 07:31:21,892] {logging_mixin.py:109} INFO - [2022-03-28 07:31:21,892] {dagbag.py:500} INFO - Filling up the DagBag from /home/airflow/.local/lib/python3.7/site-packages/airflow/example_dags/example_branch_python_dop_operator_3.py
[2022-03-28 07:31:21,919] {processor.py:654} INFO - DAG(s) dict_keys(['example_branch_dop_operator_v3']) retrieved from /home/airflow/.local/lib/python3.7/site-packages/airflow/example_dags/example_branch_python_dop_operator_3.py
[2022-03-28 07:31:21,929] {logging_mixin.py:109} INFO - [2022-03-28 07:31:21,929] {dag.py:2398} INFO - Sync 1 DAGs
[2022-03-28 07:31:21,951] {logging_mixin.py:109} INFO - [2022-03-28 07:31:21,950] {dag.py:2937} INFO - Setting next_dagrun for example_branch_dop_operator_v3 to 2022-03-28T07:30:00+00:00
[2022-03-28 07:31:21,960] {processor.py:171} INFO - Processing /home/airflow/.local/lib/python3.7/site-packages/airflow/example_dags/example_branch_python_dop_operator_3.py took 0.072 seconds
[2022-03-28 07:31:52,200] {processor.py:163} INFO - Started process (PID=2888) to work on /home/airflow/.local/lib/python3.7/site-packages/airflow/example_dags/example_branch_python_dop_operator_3.py
[2022-03-28 07:31:52,201] {processor.py:642} INFO - Processing file /home/airflow/.local/lib/python3.7/site-packages/airflow/example_dags/example_branch_python_dop_operator_3.py for tasks to queue
[2022-03-28 07:31:52,202] {logging_mixin.py:109} INFO - [2022-03-28 07:31:52,202] {dagbag.py:500} INFO - Filling up the DagBag from /home/airflow/.local/lib/python3.7/site-packages/airflow/example_dags/example_branch_python_dop_operator_3.py
[2022-03-28 07:31:52,233] {processor.py:654} INFO - DAG(s) dict_keys(['example_branch_dop_operator_v3']) retrieved from /home/airflow/.local/lib/python3.7/site-packages/airflow/example_dags/example_branch_python_dop_operator_3.py
[2022-03-28 07:31:52,243] {logging_mixin.py:109} INFO - [2022-03-28 07:31:52,243] {dag.py:2398} INFO - Sync 1 DAGs
[2022-03-28 07:31:52,269] {logging_mixin.py:109} INFO - [2022-03-28 07:31:52,269] {dag.py:2937} INFO - Setting next_dagrun for example_branch_dop_operator_v3 to 2022-03-28T07:30:00+00:00
[2022-03-28 07:31:52,280] {processor.py:171} INFO - Processing /home/airflow/.local/lib/python3.7/site-packages/airflow/example_dags/example_branch_python_dop_operator_3.py took 0.083 seconds
[2022-03-28 07:32:23,009] {processor.py:163} INFO - Started process (PID=2948) to work on /home/airflow/.local/lib/python3.7/site-packages/airflow/example_dags/example_branch_python_dop_operator_3.py
[2022-03-28 07:32:23,010] {processor.py:642} INFO - Processing file /home/airflow/.local/lib/python3.7/site-packages/airflow/example_dags/example_branch_python_dop_operator_3.py for tasks to queue
[2022-03-28 07:32:23,011] {logging_mixin.py:109} INFO - [2022-03-28 07:32:23,011] {dagbag.py:500} INFO - Filling up the DagBag from /home/airflow/.local/lib/python3.7/site-packages/airflow/example_dags/example_branch_python_dop_operator_3.py
[2022-03-28 07:32:23,046] {processor.py:654} INFO - DAG(s) dict_keys(['example_branch_dop_operator_v3']) retrieved from /home/airflow/.local/lib/python3.7/site-packages/airflow/example_dags/example_branch_python_dop_operator_3.py
[2022-03-28 07:32:23,057] {logging_mixin.py:109} INFO - [2022-03-28 07:32:23,057] {dag.py:2398} INFO - Sync 1 DAGs
[2022-03-28 07:32:23,089] {logging_mixin.py:109} INFO - [2022-03-28 07:32:23,089] {dag.py:2937} INFO - Setting next_dagrun for example_branch_dop_operator_v3 to 2022-03-28T07:31:00+00:00
[2022-03-28 07:32:23,098] {processor.py:171} INFO - Processing /home/airflow/.local/lib/python3.7/site-packages/airflow/example_dags/example_branch_python_dop_operator_3.py took 0.094 seconds
