[2022-03-28 07:08:38,662] {processor.py:163} INFO - Started process (PID=154) to work on /home/airflow/.local/lib/python3.7/site-packages/airflow/example_dags/tutorial_etl_dag.py
[2022-03-28 07:08:38,663] {processor.py:642} INFO - Processing file /home/airflow/.local/lib/python3.7/site-packages/airflow/example_dags/tutorial_etl_dag.py for tasks to queue
[2022-03-28 07:08:38,664] {logging_mixin.py:109} INFO - [2022-03-28 07:08:38,664] {dagbag.py:500} INFO - Filling up the DagBag from /home/airflow/.local/lib/python3.7/site-packages/airflow/example_dags/tutorial_etl_dag.py
[2022-03-28 07:08:38,698] {processor.py:654} INFO - DAG(s) dict_keys(['tutorial_etl_dag']) retrieved from /home/airflow/.local/lib/python3.7/site-packages/airflow/example_dags/tutorial_etl_dag.py
[2022-03-28 07:08:40,852] {logging_mixin.py:109} INFO - [2022-03-28 07:08:40,852] {manager.py:496} INFO - Created Permission View: can read on DAG:tutorial_etl_dag
[2022-03-28 07:08:40,864] {logging_mixin.py:109} INFO - [2022-03-28 07:08:40,864] {manager.py:496} INFO - Created Permission View: can edit on DAG:tutorial_etl_dag
[2022-03-28 07:08:40,865] {logging_mixin.py:109} INFO - [2022-03-28 07:08:40,865] {dag.py:2398} INFO - Sync 1 DAGs
[2022-03-28 07:08:40,873] {logging_mixin.py:109} INFO - [2022-03-28 07:08:40,873] {dag.py:2417} INFO - Creating ORM DAG for tutorial_etl_dag
[2022-03-28 07:08:40,882] {logging_mixin.py:109} INFO - [2022-03-28 07:08:40,882] {dag.py:2937} INFO - Setting next_dagrun for tutorial_etl_dag to None
[2022-03-28 07:08:40,899] {processor.py:171} INFO - Processing /home/airflow/.local/lib/python3.7/site-packages/airflow/example_dags/tutorial_etl_dag.py took 2.240 seconds
[2022-03-28 07:09:11,081] {processor.py:163} INFO - Started process (PID=479) to work on /home/airflow/.local/lib/python3.7/site-packages/airflow/example_dags/tutorial_etl_dag.py
[2022-03-28 07:09:11,083] {processor.py:642} INFO - Processing file /home/airflow/.local/lib/python3.7/site-packages/airflow/example_dags/tutorial_etl_dag.py for tasks to queue
[2022-03-28 07:09:11,084] {logging_mixin.py:109} INFO - [2022-03-28 07:09:11,084] {dagbag.py:500} INFO - Filling up the DagBag from /home/airflow/.local/lib/python3.7/site-packages/airflow/example_dags/tutorial_etl_dag.py
[2022-03-28 07:09:11,117] {processor.py:654} INFO - DAG(s) dict_keys(['tutorial_etl_dag']) retrieved from /home/airflow/.local/lib/python3.7/site-packages/airflow/example_dags/tutorial_etl_dag.py
[2022-03-28 07:09:11,128] {logging_mixin.py:109} INFO - [2022-03-28 07:09:11,128] {dag.py:2398} INFO - Sync 1 DAGs
[2022-03-28 07:09:11,146] {logging_mixin.py:109} INFO - [2022-03-28 07:09:11,145] {dag.py:2937} INFO - Setting next_dagrun for tutorial_etl_dag to None
[2022-03-28 07:09:11,157] {processor.py:171} INFO - Processing /home/airflow/.local/lib/python3.7/site-packages/airflow/example_dags/tutorial_etl_dag.py took 0.079 seconds
[2022-03-28 07:09:42,056] {processor.py:163} INFO - Started process (PID=531) to work on /home/airflow/.local/lib/python3.7/site-packages/airflow/example_dags/tutorial_etl_dag.py
[2022-03-28 07:09:42,057] {processor.py:642} INFO - Processing file /home/airflow/.local/lib/python3.7/site-packages/airflow/example_dags/tutorial_etl_dag.py for tasks to queue
[2022-03-28 07:09:42,059] {logging_mixin.py:109} INFO - [2022-03-28 07:09:42,058] {dagbag.py:500} INFO - Filling up the DagBag from /home/airflow/.local/lib/python3.7/site-packages/airflow/example_dags/tutorial_etl_dag.py
[2022-03-28 07:09:42,091] {processor.py:654} INFO - DAG(s) dict_keys(['tutorial_etl_dag']) retrieved from /home/airflow/.local/lib/python3.7/site-packages/airflow/example_dags/tutorial_etl_dag.py
[2022-03-28 07:09:42,102] {logging_mixin.py:109} INFO - [2022-03-28 07:09:42,102] {dag.py:2398} INFO - Sync 1 DAGs
[2022-03-28 07:09:42,117] {logging_mixin.py:109} INFO - [2022-03-28 07:09:42,117] {dag.py:2937} INFO - Setting next_dagrun for tutorial_etl_dag to None
[2022-03-28 07:09:42,129] {processor.py:171} INFO - Processing /home/airflow/.local/lib/python3.7/site-packages/airflow/example_dags/tutorial_etl_dag.py took 0.076 seconds
[2022-03-28 07:10:12,666] {processor.py:163} INFO - Started process (PID=582) to work on /home/airflow/.local/lib/python3.7/site-packages/airflow/example_dags/tutorial_etl_dag.py
[2022-03-28 07:10:12,667] {processor.py:642} INFO - Processing file /home/airflow/.local/lib/python3.7/site-packages/airflow/example_dags/tutorial_etl_dag.py for tasks to queue
[2022-03-28 07:10:12,668] {logging_mixin.py:109} INFO - [2022-03-28 07:10:12,668] {dagbag.py:500} INFO - Filling up the DagBag from /home/airflow/.local/lib/python3.7/site-packages/airflow/example_dags/tutorial_etl_dag.py
[2022-03-28 07:10:12,696] {processor.py:654} INFO - DAG(s) dict_keys(['tutorial_etl_dag']) retrieved from /home/airflow/.local/lib/python3.7/site-packages/airflow/example_dags/tutorial_etl_dag.py
[2022-03-28 07:10:12,704] {logging_mixin.py:109} INFO - [2022-03-28 07:10:12,704] {dag.py:2398} INFO - Sync 1 DAGs
[2022-03-28 07:10:12,718] {logging_mixin.py:109} INFO - [2022-03-28 07:10:12,718] {dag.py:2937} INFO - Setting next_dagrun for tutorial_etl_dag to None
[2022-03-28 07:10:12,729] {processor.py:171} INFO - Processing /home/airflow/.local/lib/python3.7/site-packages/airflow/example_dags/tutorial_etl_dag.py took 0.067 seconds
[2022-03-28 07:10:43,383] {processor.py:163} INFO - Started process (PID=642) to work on /home/airflow/.local/lib/python3.7/site-packages/airflow/example_dags/tutorial_etl_dag.py
[2022-03-28 07:10:43,384] {processor.py:642} INFO - Processing file /home/airflow/.local/lib/python3.7/site-packages/airflow/example_dags/tutorial_etl_dag.py for tasks to queue
[2022-03-28 07:10:43,385] {logging_mixin.py:109} INFO - [2022-03-28 07:10:43,385] {dagbag.py:500} INFO - Filling up the DagBag from /home/airflow/.local/lib/python3.7/site-packages/airflow/example_dags/tutorial_etl_dag.py
[2022-03-28 07:10:43,411] {processor.py:654} INFO - DAG(s) dict_keys(['tutorial_etl_dag']) retrieved from /home/airflow/.local/lib/python3.7/site-packages/airflow/example_dags/tutorial_etl_dag.py
[2022-03-28 07:10:43,420] {logging_mixin.py:109} INFO - [2022-03-28 07:10:43,420] {dag.py:2398} INFO - Sync 1 DAGs
[2022-03-28 07:10:43,433] {logging_mixin.py:109} INFO - [2022-03-28 07:10:43,433] {dag.py:2937} INFO - Setting next_dagrun for tutorial_etl_dag to None
[2022-03-28 07:10:43,444] {processor.py:171} INFO - Processing /home/airflow/.local/lib/python3.7/site-packages/airflow/example_dags/tutorial_etl_dag.py took 0.063 seconds
[2022-03-28 07:11:13,860] {processor.py:163} INFO - Started process (PID=694) to work on /home/airflow/.local/lib/python3.7/site-packages/airflow/example_dags/tutorial_etl_dag.py
[2022-03-28 07:11:13,862] {processor.py:642} INFO - Processing file /home/airflow/.local/lib/python3.7/site-packages/airflow/example_dags/tutorial_etl_dag.py for tasks to queue
[2022-03-28 07:11:13,863] {logging_mixin.py:109} INFO - [2022-03-28 07:11:13,863] {dagbag.py:500} INFO - Filling up the DagBag from /home/airflow/.local/lib/python3.7/site-packages/airflow/example_dags/tutorial_etl_dag.py
[2022-03-28 07:11:13,891] {processor.py:654} INFO - DAG(s) dict_keys(['tutorial_etl_dag']) retrieved from /home/airflow/.local/lib/python3.7/site-packages/airflow/example_dags/tutorial_etl_dag.py
[2022-03-28 07:11:13,901] {logging_mixin.py:109} INFO - [2022-03-28 07:11:13,901] {dag.py:2398} INFO - Sync 1 DAGs
[2022-03-28 07:11:13,916] {logging_mixin.py:109} INFO - [2022-03-28 07:11:13,916] {dag.py:2937} INFO - Setting next_dagrun for tutorial_etl_dag to None
[2022-03-28 07:11:13,927] {processor.py:171} INFO - Processing /home/airflow/.local/lib/python3.7/site-packages/airflow/example_dags/tutorial_etl_dag.py took 0.070 seconds
[2022-03-28 07:11:44,299] {processor.py:163} INFO - Started process (PID=745) to work on /home/airflow/.local/lib/python3.7/site-packages/airflow/example_dags/tutorial_etl_dag.py
[2022-03-28 07:11:44,302] {processor.py:642} INFO - Processing file /home/airflow/.local/lib/python3.7/site-packages/airflow/example_dags/tutorial_etl_dag.py for tasks to queue
[2022-03-28 07:11:44,303] {logging_mixin.py:109} INFO - [2022-03-28 07:11:44,303] {dagbag.py:500} INFO - Filling up the DagBag from /home/airflow/.local/lib/python3.7/site-packages/airflow/example_dags/tutorial_etl_dag.py
[2022-03-28 07:11:44,335] {processor.py:654} INFO - DAG(s) dict_keys(['tutorial_etl_dag']) retrieved from /home/airflow/.local/lib/python3.7/site-packages/airflow/example_dags/tutorial_etl_dag.py
[2022-03-28 07:11:44,344] {logging_mixin.py:109} INFO - [2022-03-28 07:11:44,344] {dag.py:2398} INFO - Sync 1 DAGs
[2022-03-28 07:11:44,358] {logging_mixin.py:109} INFO - [2022-03-28 07:11:44,358] {dag.py:2937} INFO - Setting next_dagrun for tutorial_etl_dag to None
[2022-03-28 07:11:44,367] {processor.py:171} INFO - Processing /home/airflow/.local/lib/python3.7/site-packages/airflow/example_dags/tutorial_etl_dag.py took 0.074 seconds
[2022-03-28 07:12:14,732] {processor.py:163} INFO - Started process (PID=805) to work on /home/airflow/.local/lib/python3.7/site-packages/airflow/example_dags/tutorial_etl_dag.py
[2022-03-28 07:12:14,734] {processor.py:642} INFO - Processing file /home/airflow/.local/lib/python3.7/site-packages/airflow/example_dags/tutorial_etl_dag.py for tasks to queue
[2022-03-28 07:12:14,735] {logging_mixin.py:109} INFO - [2022-03-28 07:12:14,735] {dagbag.py:500} INFO - Filling up the DagBag from /home/airflow/.local/lib/python3.7/site-packages/airflow/example_dags/tutorial_etl_dag.py
[2022-03-28 07:12:14,773] {processor.py:654} INFO - DAG(s) dict_keys(['tutorial_etl_dag']) retrieved from /home/airflow/.local/lib/python3.7/site-packages/airflow/example_dags/tutorial_etl_dag.py
[2022-03-28 07:12:14,788] {logging_mixin.py:109} INFO - [2022-03-28 07:12:14,788] {dag.py:2398} INFO - Sync 1 DAGs
[2022-03-28 07:12:14,810] {logging_mixin.py:109} INFO - [2022-03-28 07:12:14,810] {dag.py:2937} INFO - Setting next_dagrun for tutorial_etl_dag to None
[2022-03-28 07:12:14,822] {processor.py:171} INFO - Processing /home/airflow/.local/lib/python3.7/site-packages/airflow/example_dags/tutorial_etl_dag.py took 0.093 seconds
[2022-03-28 07:12:45,409] {processor.py:163} INFO - Started process (PID=856) to work on /home/airflow/.local/lib/python3.7/site-packages/airflow/example_dags/tutorial_etl_dag.py
[2022-03-28 07:12:45,411] {processor.py:642} INFO - Processing file /home/airflow/.local/lib/python3.7/site-packages/airflow/example_dags/tutorial_etl_dag.py for tasks to queue
[2022-03-28 07:12:45,412] {logging_mixin.py:109} INFO - [2022-03-28 07:12:45,412] {dagbag.py:500} INFO - Filling up the DagBag from /home/airflow/.local/lib/python3.7/site-packages/airflow/example_dags/tutorial_etl_dag.py
[2022-03-28 07:12:45,450] {processor.py:654} INFO - DAG(s) dict_keys(['tutorial_etl_dag']) retrieved from /home/airflow/.local/lib/python3.7/site-packages/airflow/example_dags/tutorial_etl_dag.py
[2022-03-28 07:12:45,462] {logging_mixin.py:109} INFO - [2022-03-28 07:12:45,462] {dag.py:2398} INFO - Sync 1 DAGs
[2022-03-28 07:12:45,490] {logging_mixin.py:109} INFO - [2022-03-28 07:12:45,490] {dag.py:2937} INFO - Setting next_dagrun for tutorial_etl_dag to None
[2022-03-28 07:12:45,515] {processor.py:171} INFO - Processing /home/airflow/.local/lib/python3.7/site-packages/airflow/example_dags/tutorial_etl_dag.py took 0.109 seconds
[2022-03-28 07:13:15,857] {processor.py:163} INFO - Started process (PID=907) to work on /home/airflow/.local/lib/python3.7/site-packages/airflow/example_dags/tutorial_etl_dag.py
[2022-03-28 07:13:15,859] {processor.py:642} INFO - Processing file /home/airflow/.local/lib/python3.7/site-packages/airflow/example_dags/tutorial_etl_dag.py for tasks to queue
[2022-03-28 07:13:15,860] {logging_mixin.py:109} INFO - [2022-03-28 07:13:15,860] {dagbag.py:500} INFO - Filling up the DagBag from /home/airflow/.local/lib/python3.7/site-packages/airflow/example_dags/tutorial_etl_dag.py
[2022-03-28 07:13:15,889] {processor.py:654} INFO - DAG(s) dict_keys(['tutorial_etl_dag']) retrieved from /home/airflow/.local/lib/python3.7/site-packages/airflow/example_dags/tutorial_etl_dag.py
[2022-03-28 07:13:15,899] {logging_mixin.py:109} INFO - [2022-03-28 07:13:15,899] {dag.py:2398} INFO - Sync 1 DAGs
[2022-03-28 07:13:15,914] {logging_mixin.py:109} INFO - [2022-03-28 07:13:15,914] {dag.py:2937} INFO - Setting next_dagrun for tutorial_etl_dag to None
[2022-03-28 07:13:15,924] {processor.py:171} INFO - Processing /home/airflow/.local/lib/python3.7/site-packages/airflow/example_dags/tutorial_etl_dag.py took 0.070 seconds
[2022-03-28 07:13:46,362] {processor.py:163} INFO - Started process (PID=967) to work on /home/airflow/.local/lib/python3.7/site-packages/airflow/example_dags/tutorial_etl_dag.py
[2022-03-28 07:13:46,363] {processor.py:642} INFO - Processing file /home/airflow/.local/lib/python3.7/site-packages/airflow/example_dags/tutorial_etl_dag.py for tasks to queue
[2022-03-28 07:13:46,364] {logging_mixin.py:109} INFO - [2022-03-28 07:13:46,364] {dagbag.py:500} INFO - Filling up the DagBag from /home/airflow/.local/lib/python3.7/site-packages/airflow/example_dags/tutorial_etl_dag.py
[2022-03-28 07:13:46,394] {processor.py:654} INFO - DAG(s) dict_keys(['tutorial_etl_dag']) retrieved from /home/airflow/.local/lib/python3.7/site-packages/airflow/example_dags/tutorial_etl_dag.py
[2022-03-28 07:13:46,404] {logging_mixin.py:109} INFO - [2022-03-28 07:13:46,404] {dag.py:2398} INFO - Sync 1 DAGs
[2022-03-28 07:13:46,419] {logging_mixin.py:109} INFO - [2022-03-28 07:13:46,419] {dag.py:2937} INFO - Setting next_dagrun for tutorial_etl_dag to None
[2022-03-28 07:13:46,428] {processor.py:171} INFO - Processing /home/airflow/.local/lib/python3.7/site-packages/airflow/example_dags/tutorial_etl_dag.py took 0.068 seconds
[2022-03-28 07:14:17,001] {processor.py:163} INFO - Started process (PID=1018) to work on /home/airflow/.local/lib/python3.7/site-packages/airflow/example_dags/tutorial_etl_dag.py
[2022-03-28 07:14:17,002] {processor.py:642} INFO - Processing file /home/airflow/.local/lib/python3.7/site-packages/airflow/example_dags/tutorial_etl_dag.py for tasks to queue
[2022-03-28 07:14:17,003] {logging_mixin.py:109} INFO - [2022-03-28 07:14:17,003] {dagbag.py:500} INFO - Filling up the DagBag from /home/airflow/.local/lib/python3.7/site-packages/airflow/example_dags/tutorial_etl_dag.py
[2022-03-28 07:14:17,036] {processor.py:654} INFO - DAG(s) dict_keys(['tutorial_etl_dag']) retrieved from /home/airflow/.local/lib/python3.7/site-packages/airflow/example_dags/tutorial_etl_dag.py
[2022-03-28 07:14:17,047] {logging_mixin.py:109} INFO - [2022-03-28 07:14:17,047] {dag.py:2398} INFO - Sync 1 DAGs
[2022-03-28 07:14:17,066] {logging_mixin.py:109} INFO - [2022-03-28 07:14:17,066] {dag.py:2937} INFO - Setting next_dagrun for tutorial_etl_dag to None
[2022-03-28 07:14:17,077] {processor.py:171} INFO - Processing /home/airflow/.local/lib/python3.7/site-packages/airflow/example_dags/tutorial_etl_dag.py took 0.080 seconds
[2022-03-28 07:14:47,657] {processor.py:163} INFO - Started process (PID=1069) to work on /home/airflow/.local/lib/python3.7/site-packages/airflow/example_dags/tutorial_etl_dag.py
[2022-03-28 07:14:47,658] {processor.py:642} INFO - Processing file /home/airflow/.local/lib/python3.7/site-packages/airflow/example_dags/tutorial_etl_dag.py for tasks to queue
[2022-03-28 07:14:47,660] {logging_mixin.py:109} INFO - [2022-03-28 07:14:47,660] {dagbag.py:500} INFO - Filling up the DagBag from /home/airflow/.local/lib/python3.7/site-packages/airflow/example_dags/tutorial_etl_dag.py
[2022-03-28 07:14:47,687] {processor.py:654} INFO - DAG(s) dict_keys(['tutorial_etl_dag']) retrieved from /home/airflow/.local/lib/python3.7/site-packages/airflow/example_dags/tutorial_etl_dag.py
[2022-03-28 07:14:47,696] {logging_mixin.py:109} INFO - [2022-03-28 07:14:47,696] {dag.py:2398} INFO - Sync 1 DAGs
[2022-03-28 07:14:47,711] {logging_mixin.py:109} INFO - [2022-03-28 07:14:47,711] {dag.py:2937} INFO - Setting next_dagrun for tutorial_etl_dag to None
[2022-03-28 07:14:47,722] {processor.py:171} INFO - Processing /home/airflow/.local/lib/python3.7/site-packages/airflow/example_dags/tutorial_etl_dag.py took 0.068 seconds
[2022-03-28 07:15:18,374] {processor.py:163} INFO - Started process (PID=1129) to work on /home/airflow/.local/lib/python3.7/site-packages/airflow/example_dags/tutorial_etl_dag.py
[2022-03-28 07:15:18,375] {processor.py:642} INFO - Processing file /home/airflow/.local/lib/python3.7/site-packages/airflow/example_dags/tutorial_etl_dag.py for tasks to queue
[2022-03-28 07:15:18,376] {logging_mixin.py:109} INFO - [2022-03-28 07:15:18,376] {dagbag.py:500} INFO - Filling up the DagBag from /home/airflow/.local/lib/python3.7/site-packages/airflow/example_dags/tutorial_etl_dag.py
[2022-03-28 07:15:18,405] {processor.py:654} INFO - DAG(s) dict_keys(['tutorial_etl_dag']) retrieved from /home/airflow/.local/lib/python3.7/site-packages/airflow/example_dags/tutorial_etl_dag.py
[2022-03-28 07:15:18,415] {logging_mixin.py:109} INFO - [2022-03-28 07:15:18,415] {dag.py:2398} INFO - Sync 1 DAGs
[2022-03-28 07:15:18,431] {logging_mixin.py:109} INFO - [2022-03-28 07:15:18,431] {dag.py:2937} INFO - Setting next_dagrun for tutorial_etl_dag to None
[2022-03-28 07:15:18,442] {processor.py:171} INFO - Processing /home/airflow/.local/lib/python3.7/site-packages/airflow/example_dags/tutorial_etl_dag.py took 0.071 seconds
[2022-03-28 07:15:48,708] {processor.py:163} INFO - Started process (PID=1180) to work on /home/airflow/.local/lib/python3.7/site-packages/airflow/example_dags/tutorial_etl_dag.py
[2022-03-28 07:15:48,709] {processor.py:642} INFO - Processing file /home/airflow/.local/lib/python3.7/site-packages/airflow/example_dags/tutorial_etl_dag.py for tasks to queue
[2022-03-28 07:15:48,710] {logging_mixin.py:109} INFO - [2022-03-28 07:15:48,710] {dagbag.py:500} INFO - Filling up the DagBag from /home/airflow/.local/lib/python3.7/site-packages/airflow/example_dags/tutorial_etl_dag.py
[2022-03-28 07:15:48,737] {processor.py:654} INFO - DAG(s) dict_keys(['tutorial_etl_dag']) retrieved from /home/airflow/.local/lib/python3.7/site-packages/airflow/example_dags/tutorial_etl_dag.py
[2022-03-28 07:15:48,750] {logging_mixin.py:109} INFO - [2022-03-28 07:15:48,750] {dag.py:2398} INFO - Sync 1 DAGs
[2022-03-28 07:15:48,764] {logging_mixin.py:109} INFO - [2022-03-28 07:15:48,764] {dag.py:2937} INFO - Setting next_dagrun for tutorial_etl_dag to None
[2022-03-28 07:15:48,774] {processor.py:171} INFO - Processing /home/airflow/.local/lib/python3.7/site-packages/airflow/example_dags/tutorial_etl_dag.py took 0.069 seconds
[2022-03-28 07:16:19,240] {processor.py:163} INFO - Started process (PID=1238) to work on /home/airflow/.local/lib/python3.7/site-packages/airflow/example_dags/tutorial_etl_dag.py
[2022-03-28 07:16:19,242] {processor.py:642} INFO - Processing file /home/airflow/.local/lib/python3.7/site-packages/airflow/example_dags/tutorial_etl_dag.py for tasks to queue
[2022-03-28 07:16:19,243] {logging_mixin.py:109} INFO - [2022-03-28 07:16:19,243] {dagbag.py:500} INFO - Filling up the DagBag from /home/airflow/.local/lib/python3.7/site-packages/airflow/example_dags/tutorial_etl_dag.py
[2022-03-28 07:16:19,279] {processor.py:654} INFO - DAG(s) dict_keys(['tutorial_etl_dag']) retrieved from /home/airflow/.local/lib/python3.7/site-packages/airflow/example_dags/tutorial_etl_dag.py
[2022-03-28 07:16:19,290] {logging_mixin.py:109} INFO - [2022-03-28 07:16:19,290] {dag.py:2398} INFO - Sync 1 DAGs
[2022-03-28 07:16:19,309] {logging_mixin.py:109} INFO - [2022-03-28 07:16:19,309] {dag.py:2937} INFO - Setting next_dagrun for tutorial_etl_dag to None
[2022-03-28 07:16:19,320] {processor.py:171} INFO - Processing /home/airflow/.local/lib/python3.7/site-packages/airflow/example_dags/tutorial_etl_dag.py took 0.083 seconds
[2022-03-28 07:16:49,852] {processor.py:163} INFO - Started process (PID=1292) to work on /home/airflow/.local/lib/python3.7/site-packages/airflow/example_dags/tutorial_etl_dag.py
[2022-03-28 07:16:49,853] {processor.py:642} INFO - Processing file /home/airflow/.local/lib/python3.7/site-packages/airflow/example_dags/tutorial_etl_dag.py for tasks to queue
[2022-03-28 07:16:49,855] {logging_mixin.py:109} INFO - [2022-03-28 07:16:49,854] {dagbag.py:500} INFO - Filling up the DagBag from /home/airflow/.local/lib/python3.7/site-packages/airflow/example_dags/tutorial_etl_dag.py
[2022-03-28 07:16:49,891] {processor.py:654} INFO - DAG(s) dict_keys(['tutorial_etl_dag']) retrieved from /home/airflow/.local/lib/python3.7/site-packages/airflow/example_dags/tutorial_etl_dag.py
[2022-03-28 07:16:49,902] {logging_mixin.py:109} INFO - [2022-03-28 07:16:49,902] {dag.py:2398} INFO - Sync 1 DAGs
[2022-03-28 07:16:49,924] {logging_mixin.py:109} INFO - [2022-03-28 07:16:49,924] {dag.py:2937} INFO - Setting next_dagrun for tutorial_etl_dag to None
[2022-03-28 07:16:49,934] {processor.py:171} INFO - Processing /home/airflow/.local/lib/python3.7/site-packages/airflow/example_dags/tutorial_etl_dag.py took 0.085 seconds
[2022-03-28 07:17:20,369] {processor.py:163} INFO - Started process (PID=1343) to work on /home/airflow/.local/lib/python3.7/site-packages/airflow/example_dags/tutorial_etl_dag.py
[2022-03-28 07:17:20,371] {processor.py:642} INFO - Processing file /home/airflow/.local/lib/python3.7/site-packages/airflow/example_dags/tutorial_etl_dag.py for tasks to queue
[2022-03-28 07:17:20,372] {logging_mixin.py:109} INFO - [2022-03-28 07:17:20,372] {dagbag.py:500} INFO - Filling up the DagBag from /home/airflow/.local/lib/python3.7/site-packages/airflow/example_dags/tutorial_etl_dag.py
[2022-03-28 07:17:20,401] {processor.py:654} INFO - DAG(s) dict_keys(['tutorial_etl_dag']) retrieved from /home/airflow/.local/lib/python3.7/site-packages/airflow/example_dags/tutorial_etl_dag.py
[2022-03-28 07:17:20,410] {logging_mixin.py:109} INFO - [2022-03-28 07:17:20,410] {dag.py:2398} INFO - Sync 1 DAGs
[2022-03-28 07:17:20,424] {logging_mixin.py:109} INFO - [2022-03-28 07:17:20,423] {dag.py:2937} INFO - Setting next_dagrun for tutorial_etl_dag to None
[2022-03-28 07:17:20,434] {processor.py:171} INFO - Processing /home/airflow/.local/lib/python3.7/site-packages/airflow/example_dags/tutorial_etl_dag.py took 0.069 seconds
[2022-03-28 07:17:51,015] {processor.py:163} INFO - Started process (PID=1395) to work on /home/airflow/.local/lib/python3.7/site-packages/airflow/example_dags/tutorial_etl_dag.py
[2022-03-28 07:17:51,017] {processor.py:642} INFO - Processing file /home/airflow/.local/lib/python3.7/site-packages/airflow/example_dags/tutorial_etl_dag.py for tasks to queue
[2022-03-28 07:17:51,018] {logging_mixin.py:109} INFO - [2022-03-28 07:17:51,018] {dagbag.py:500} INFO - Filling up the DagBag from /home/airflow/.local/lib/python3.7/site-packages/airflow/example_dags/tutorial_etl_dag.py
[2022-03-28 07:17:51,050] {processor.py:654} INFO - DAG(s) dict_keys(['tutorial_etl_dag']) retrieved from /home/airflow/.local/lib/python3.7/site-packages/airflow/example_dags/tutorial_etl_dag.py
[2022-03-28 07:17:51,058] {logging_mixin.py:109} INFO - [2022-03-28 07:17:51,058] {dag.py:2398} INFO - Sync 1 DAGs
[2022-03-28 07:17:51,074] {logging_mixin.py:109} INFO - [2022-03-28 07:17:51,074] {dag.py:2937} INFO - Setting next_dagrun for tutorial_etl_dag to None
[2022-03-28 07:17:51,083] {processor.py:171} INFO - Processing /home/airflow/.local/lib/python3.7/site-packages/airflow/example_dags/tutorial_etl_dag.py took 0.071 seconds
[2022-03-28 07:18:21,603] {processor.py:163} INFO - Started process (PID=1455) to work on /home/airflow/.local/lib/python3.7/site-packages/airflow/example_dags/tutorial_etl_dag.py
[2022-03-28 07:18:21,604] {processor.py:642} INFO - Processing file /home/airflow/.local/lib/python3.7/site-packages/airflow/example_dags/tutorial_etl_dag.py for tasks to queue
[2022-03-28 07:18:21,605] {logging_mixin.py:109} INFO - [2022-03-28 07:18:21,605] {dagbag.py:500} INFO - Filling up the DagBag from /home/airflow/.local/lib/python3.7/site-packages/airflow/example_dags/tutorial_etl_dag.py
[2022-03-28 07:18:21,634] {processor.py:654} INFO - DAG(s) dict_keys(['tutorial_etl_dag']) retrieved from /home/airflow/.local/lib/python3.7/site-packages/airflow/example_dags/tutorial_etl_dag.py
[2022-03-28 07:18:21,643] {logging_mixin.py:109} INFO - [2022-03-28 07:18:21,643] {dag.py:2398} INFO - Sync 1 DAGs
[2022-03-28 07:18:21,658] {logging_mixin.py:109} INFO - [2022-03-28 07:18:21,658] {dag.py:2937} INFO - Setting next_dagrun for tutorial_etl_dag to None
[2022-03-28 07:18:21,669] {processor.py:171} INFO - Processing /home/airflow/.local/lib/python3.7/site-packages/airflow/example_dags/tutorial_etl_dag.py took 0.068 seconds
[2022-03-28 07:18:51,939] {processor.py:163} INFO - Started process (PID=1506) to work on /home/airflow/.local/lib/python3.7/site-packages/airflow/example_dags/tutorial_etl_dag.py
[2022-03-28 07:18:51,941] {processor.py:642} INFO - Processing file /home/airflow/.local/lib/python3.7/site-packages/airflow/example_dags/tutorial_etl_dag.py for tasks to queue
[2022-03-28 07:18:51,942] {logging_mixin.py:109} INFO - [2022-03-28 07:18:51,942] {dagbag.py:500} INFO - Filling up the DagBag from /home/airflow/.local/lib/python3.7/site-packages/airflow/example_dags/tutorial_etl_dag.py
[2022-03-28 07:18:51,975] {processor.py:654} INFO - DAG(s) dict_keys(['tutorial_etl_dag']) retrieved from /home/airflow/.local/lib/python3.7/site-packages/airflow/example_dags/tutorial_etl_dag.py
[2022-03-28 07:18:51,983] {logging_mixin.py:109} INFO - [2022-03-28 07:18:51,983] {dag.py:2398} INFO - Sync 1 DAGs
[2022-03-28 07:18:51,997] {logging_mixin.py:109} INFO - [2022-03-28 07:18:51,997] {dag.py:2937} INFO - Setting next_dagrun for tutorial_etl_dag to None
[2022-03-28 07:18:52,007] {processor.py:171} INFO - Processing /home/airflow/.local/lib/python3.7/site-packages/airflow/example_dags/tutorial_etl_dag.py took 0.073 seconds
[2022-03-28 07:19:22,534] {processor.py:163} INFO - Started process (PID=1557) to work on /home/airflow/.local/lib/python3.7/site-packages/airflow/example_dags/tutorial_etl_dag.py
[2022-03-28 07:19:22,535] {processor.py:642} INFO - Processing file /home/airflow/.local/lib/python3.7/site-packages/airflow/example_dags/tutorial_etl_dag.py for tasks to queue
[2022-03-28 07:19:22,536] {logging_mixin.py:109} INFO - [2022-03-28 07:19:22,536] {dagbag.py:500} INFO - Filling up the DagBag from /home/airflow/.local/lib/python3.7/site-packages/airflow/example_dags/tutorial_etl_dag.py
[2022-03-28 07:19:22,569] {processor.py:654} INFO - DAG(s) dict_keys(['tutorial_etl_dag']) retrieved from /home/airflow/.local/lib/python3.7/site-packages/airflow/example_dags/tutorial_etl_dag.py
[2022-03-28 07:19:22,578] {logging_mixin.py:109} INFO - [2022-03-28 07:19:22,578] {dag.py:2398} INFO - Sync 1 DAGs
[2022-03-28 07:19:22,593] {logging_mixin.py:109} INFO - [2022-03-28 07:19:22,593] {dag.py:2937} INFO - Setting next_dagrun for tutorial_etl_dag to None
[2022-03-28 07:19:22,602] {processor.py:171} INFO - Processing /home/airflow/.local/lib/python3.7/site-packages/airflow/example_dags/tutorial_etl_dag.py took 0.072 seconds
[2022-03-28 07:19:53,112] {processor.py:163} INFO - Started process (PID=1618) to work on /home/airflow/.local/lib/python3.7/site-packages/airflow/example_dags/tutorial_etl_dag.py
[2022-03-28 07:19:53,113] {processor.py:642} INFO - Processing file /home/airflow/.local/lib/python3.7/site-packages/airflow/example_dags/tutorial_etl_dag.py for tasks to queue
[2022-03-28 07:19:53,114] {logging_mixin.py:109} INFO - [2022-03-28 07:19:53,114] {dagbag.py:500} INFO - Filling up the DagBag from /home/airflow/.local/lib/python3.7/site-packages/airflow/example_dags/tutorial_etl_dag.py
[2022-03-28 07:19:53,144] {processor.py:654} INFO - DAG(s) dict_keys(['tutorial_etl_dag']) retrieved from /home/airflow/.local/lib/python3.7/site-packages/airflow/example_dags/tutorial_etl_dag.py
[2022-03-28 07:19:53,153] {logging_mixin.py:109} INFO - [2022-03-28 07:19:53,153] {dag.py:2398} INFO - Sync 1 DAGs
[2022-03-28 07:19:53,167] {logging_mixin.py:109} INFO - [2022-03-28 07:19:53,167] {dag.py:2937} INFO - Setting next_dagrun for tutorial_etl_dag to None
[2022-03-28 07:19:53,177] {processor.py:171} INFO - Processing /home/airflow/.local/lib/python3.7/site-packages/airflow/example_dags/tutorial_etl_dag.py took 0.067 seconds
[2022-03-28 07:20:23,253] {processor.py:163} INFO - Started process (PID=1670) to work on /home/airflow/.local/lib/python3.7/site-packages/airflow/example_dags/tutorial_etl_dag.py
[2022-03-28 07:20:23,254] {processor.py:642} INFO - Processing file /home/airflow/.local/lib/python3.7/site-packages/airflow/example_dags/tutorial_etl_dag.py for tasks to queue
[2022-03-28 07:20:23,255] {logging_mixin.py:109} INFO - [2022-03-28 07:20:23,255] {dagbag.py:500} INFO - Filling up the DagBag from /home/airflow/.local/lib/python3.7/site-packages/airflow/example_dags/tutorial_etl_dag.py
[2022-03-28 07:20:23,282] {processor.py:654} INFO - DAG(s) dict_keys(['tutorial_etl_dag']) retrieved from /home/airflow/.local/lib/python3.7/site-packages/airflow/example_dags/tutorial_etl_dag.py
[2022-03-28 07:20:23,291] {logging_mixin.py:109} INFO - [2022-03-28 07:20:23,290] {dag.py:2398} INFO - Sync 1 DAGs
[2022-03-28 07:20:23,304] {logging_mixin.py:109} INFO - [2022-03-28 07:20:23,304] {dag.py:2937} INFO - Setting next_dagrun for tutorial_etl_dag to None
[2022-03-28 07:20:23,314] {processor.py:171} INFO - Processing /home/airflow/.local/lib/python3.7/site-packages/airflow/example_dags/tutorial_etl_dag.py took 0.064 seconds
[2022-03-28 07:20:54,126] {processor.py:163} INFO - Started process (PID=1721) to work on /home/airflow/.local/lib/python3.7/site-packages/airflow/example_dags/tutorial_etl_dag.py
[2022-03-28 07:20:54,127] {processor.py:642} INFO - Processing file /home/airflow/.local/lib/python3.7/site-packages/airflow/example_dags/tutorial_etl_dag.py for tasks to queue
[2022-03-28 07:20:54,128] {logging_mixin.py:109} INFO - [2022-03-28 07:20:54,128] {dagbag.py:500} INFO - Filling up the DagBag from /home/airflow/.local/lib/python3.7/site-packages/airflow/example_dags/tutorial_etl_dag.py
[2022-03-28 07:20:54,156] {processor.py:654} INFO - DAG(s) dict_keys(['tutorial_etl_dag']) retrieved from /home/airflow/.local/lib/python3.7/site-packages/airflow/example_dags/tutorial_etl_dag.py
[2022-03-28 07:20:54,165] {logging_mixin.py:109} INFO - [2022-03-28 07:20:54,165] {dag.py:2398} INFO - Sync 1 DAGs
[2022-03-28 07:20:54,180] {logging_mixin.py:109} INFO - [2022-03-28 07:20:54,179] {dag.py:2937} INFO - Setting next_dagrun for tutorial_etl_dag to None
[2022-03-28 07:20:54,189] {processor.py:171} INFO - Processing /home/airflow/.local/lib/python3.7/site-packages/airflow/example_dags/tutorial_etl_dag.py took 0.066 seconds
[2022-03-28 07:21:24,257] {processor.py:163} INFO - Started process (PID=1781) to work on /home/airflow/.local/lib/python3.7/site-packages/airflow/example_dags/tutorial_etl_dag.py
[2022-03-28 07:21:24,258] {processor.py:642} INFO - Processing file /home/airflow/.local/lib/python3.7/site-packages/airflow/example_dags/tutorial_etl_dag.py for tasks to queue
[2022-03-28 07:21:24,259] {logging_mixin.py:109} INFO - [2022-03-28 07:21:24,259] {dagbag.py:500} INFO - Filling up the DagBag from /home/airflow/.local/lib/python3.7/site-packages/airflow/example_dags/tutorial_etl_dag.py
[2022-03-28 07:21:24,291] {processor.py:654} INFO - DAG(s) dict_keys(['tutorial_etl_dag']) retrieved from /home/airflow/.local/lib/python3.7/site-packages/airflow/example_dags/tutorial_etl_dag.py
[2022-03-28 07:21:24,301] {logging_mixin.py:109} INFO - [2022-03-28 07:21:24,301] {dag.py:2398} INFO - Sync 1 DAGs
[2022-03-28 07:21:24,317] {logging_mixin.py:109} INFO - [2022-03-28 07:21:24,317] {dag.py:2937} INFO - Setting next_dagrun for tutorial_etl_dag to None
[2022-03-28 07:21:24,330] {processor.py:171} INFO - Processing /home/airflow/.local/lib/python3.7/site-packages/airflow/example_dags/tutorial_etl_dag.py took 0.076 seconds
[2022-03-28 07:21:55,247] {processor.py:163} INFO - Started process (PID=1833) to work on /home/airflow/.local/lib/python3.7/site-packages/airflow/example_dags/tutorial_etl_dag.py
[2022-03-28 07:21:55,249] {processor.py:642} INFO - Processing file /home/airflow/.local/lib/python3.7/site-packages/airflow/example_dags/tutorial_etl_dag.py for tasks to queue
[2022-03-28 07:21:55,250] {logging_mixin.py:109} INFO - [2022-03-28 07:21:55,250] {dagbag.py:500} INFO - Filling up the DagBag from /home/airflow/.local/lib/python3.7/site-packages/airflow/example_dags/tutorial_etl_dag.py
[2022-03-28 07:21:55,285] {processor.py:654} INFO - DAG(s) dict_keys(['tutorial_etl_dag']) retrieved from /home/airflow/.local/lib/python3.7/site-packages/airflow/example_dags/tutorial_etl_dag.py
[2022-03-28 07:21:55,296] {logging_mixin.py:109} INFO - [2022-03-28 07:21:55,296] {dag.py:2398} INFO - Sync 1 DAGs
[2022-03-28 07:21:55,315] {logging_mixin.py:109} INFO - [2022-03-28 07:21:55,315] {dag.py:2937} INFO - Setting next_dagrun for tutorial_etl_dag to None
[2022-03-28 07:21:55,330] {processor.py:171} INFO - Processing /home/airflow/.local/lib/python3.7/site-packages/airflow/example_dags/tutorial_etl_dag.py took 0.087 seconds
[2022-03-28 07:22:25,392] {processor.py:163} INFO - Started process (PID=1884) to work on /home/airflow/.local/lib/python3.7/site-packages/airflow/example_dags/tutorial_etl_dag.py
[2022-03-28 07:22:25,393] {processor.py:642} INFO - Processing file /home/airflow/.local/lib/python3.7/site-packages/airflow/example_dags/tutorial_etl_dag.py for tasks to queue
[2022-03-28 07:22:25,394] {logging_mixin.py:109} INFO - [2022-03-28 07:22:25,394] {dagbag.py:500} INFO - Filling up the DagBag from /home/airflow/.local/lib/python3.7/site-packages/airflow/example_dags/tutorial_etl_dag.py
[2022-03-28 07:22:25,423] {processor.py:654} INFO - DAG(s) dict_keys(['tutorial_etl_dag']) retrieved from /home/airflow/.local/lib/python3.7/site-packages/airflow/example_dags/tutorial_etl_dag.py
[2022-03-28 07:22:25,432] {logging_mixin.py:109} INFO - [2022-03-28 07:22:25,432] {dag.py:2398} INFO - Sync 1 DAGs
[2022-03-28 07:22:25,447] {logging_mixin.py:109} INFO - [2022-03-28 07:22:25,447] {dag.py:2937} INFO - Setting next_dagrun for tutorial_etl_dag to None
[2022-03-28 07:22:25,458] {processor.py:171} INFO - Processing /home/airflow/.local/lib/python3.7/site-packages/airflow/example_dags/tutorial_etl_dag.py took 0.068 seconds
[2022-03-28 07:22:56,119] {processor.py:163} INFO - Started process (PID=1944) to work on /home/airflow/.local/lib/python3.7/site-packages/airflow/example_dags/tutorial_etl_dag.py
[2022-03-28 07:22:56,121] {processor.py:642} INFO - Processing file /home/airflow/.local/lib/python3.7/site-packages/airflow/example_dags/tutorial_etl_dag.py for tasks to queue
[2022-03-28 07:22:56,122] {logging_mixin.py:109} INFO - [2022-03-28 07:22:56,122] {dagbag.py:500} INFO - Filling up the DagBag from /home/airflow/.local/lib/python3.7/site-packages/airflow/example_dags/tutorial_etl_dag.py
[2022-03-28 07:22:56,166] {processor.py:654} INFO - DAG(s) dict_keys(['tutorial_etl_dag']) retrieved from /home/airflow/.local/lib/python3.7/site-packages/airflow/example_dags/tutorial_etl_dag.py
[2022-03-28 07:22:56,180] {logging_mixin.py:109} INFO - [2022-03-28 07:22:56,180] {dag.py:2398} INFO - Sync 1 DAGs
[2022-03-28 07:22:56,199] {logging_mixin.py:109} INFO - [2022-03-28 07:22:56,199] {dag.py:2937} INFO - Setting next_dagrun for tutorial_etl_dag to None
[2022-03-28 07:22:56,214] {processor.py:171} INFO - Processing /home/airflow/.local/lib/python3.7/site-packages/airflow/example_dags/tutorial_etl_dag.py took 0.098 seconds
[2022-03-28 07:23:26,911] {processor.py:163} INFO - Started process (PID=1995) to work on /home/airflow/.local/lib/python3.7/site-packages/airflow/example_dags/tutorial_etl_dag.py
[2022-03-28 07:23:26,913] {processor.py:642} INFO - Processing file /home/airflow/.local/lib/python3.7/site-packages/airflow/example_dags/tutorial_etl_dag.py for tasks to queue
[2022-03-28 07:23:26,914] {logging_mixin.py:109} INFO - [2022-03-28 07:23:26,914] {dagbag.py:500} INFO - Filling up the DagBag from /home/airflow/.local/lib/python3.7/site-packages/airflow/example_dags/tutorial_etl_dag.py
[2022-03-28 07:23:26,958] {processor.py:654} INFO - DAG(s) dict_keys(['tutorial_etl_dag']) retrieved from /home/airflow/.local/lib/python3.7/site-packages/airflow/example_dags/tutorial_etl_dag.py
[2022-03-28 07:23:26,972] {logging_mixin.py:109} INFO - [2022-03-28 07:23:26,972] {dag.py:2398} INFO - Sync 1 DAGs
[2022-03-28 07:23:27,008] {logging_mixin.py:109} INFO - [2022-03-28 07:23:27,008] {dag.py:2937} INFO - Setting next_dagrun for tutorial_etl_dag to None
[2022-03-28 07:23:27,018] {processor.py:171} INFO - Processing /home/airflow/.local/lib/python3.7/site-packages/airflow/example_dags/tutorial_etl_dag.py took 0.110 seconds
[2022-03-28 07:23:57,519] {processor.py:163} INFO - Started process (PID=2047) to work on /home/airflow/.local/lib/python3.7/site-packages/airflow/example_dags/tutorial_etl_dag.py
[2022-03-28 07:23:57,521] {processor.py:642} INFO - Processing file /home/airflow/.local/lib/python3.7/site-packages/airflow/example_dags/tutorial_etl_dag.py for tasks to queue
[2022-03-28 07:23:57,522] {logging_mixin.py:109} INFO - [2022-03-28 07:23:57,522] {dagbag.py:500} INFO - Filling up the DagBag from /home/airflow/.local/lib/python3.7/site-packages/airflow/example_dags/tutorial_etl_dag.py
[2022-03-28 07:23:57,565] {processor.py:654} INFO - DAG(s) dict_keys(['tutorial_etl_dag']) retrieved from /home/airflow/.local/lib/python3.7/site-packages/airflow/example_dags/tutorial_etl_dag.py
[2022-03-28 07:23:57,581] {logging_mixin.py:109} INFO - [2022-03-28 07:23:57,581] {dag.py:2398} INFO - Sync 1 DAGs
[2022-03-28 07:23:57,604] {logging_mixin.py:109} INFO - [2022-03-28 07:23:57,604] {dag.py:2937} INFO - Setting next_dagrun for tutorial_etl_dag to None
[2022-03-28 07:23:57,622] {processor.py:171} INFO - Processing /home/airflow/.local/lib/python3.7/site-packages/airflow/example_dags/tutorial_etl_dag.py took 0.108 seconds
[2022-03-28 07:24:27,704] {processor.py:163} INFO - Started process (PID=2099) to work on /home/airflow/.local/lib/python3.7/site-packages/airflow/example_dags/tutorial_etl_dag.py
[2022-03-28 07:24:27,705] {processor.py:642} INFO - Processing file /home/airflow/.local/lib/python3.7/site-packages/airflow/example_dags/tutorial_etl_dag.py for tasks to queue
[2022-03-28 07:24:27,706] {logging_mixin.py:109} INFO - [2022-03-28 07:24:27,706] {dagbag.py:500} INFO - Filling up the DagBag from /home/airflow/.local/lib/python3.7/site-packages/airflow/example_dags/tutorial_etl_dag.py
[2022-03-28 07:24:27,742] {processor.py:654} INFO - DAG(s) dict_keys(['tutorial_etl_dag']) retrieved from /home/airflow/.local/lib/python3.7/site-packages/airflow/example_dags/tutorial_etl_dag.py
[2022-03-28 07:24:27,753] {logging_mixin.py:109} INFO - [2022-03-28 07:24:27,753] {dag.py:2398} INFO - Sync 1 DAGs
[2022-03-28 07:24:27,772] {logging_mixin.py:109} INFO - [2022-03-28 07:24:27,772] {dag.py:2937} INFO - Setting next_dagrun for tutorial_etl_dag to None
[2022-03-28 07:24:27,785] {processor.py:171} INFO - Processing /home/airflow/.local/lib/python3.7/site-packages/airflow/example_dags/tutorial_etl_dag.py took 0.085 seconds
[2022-03-28 07:24:58,042] {processor.py:163} INFO - Started process (PID=2149) to work on /home/airflow/.local/lib/python3.7/site-packages/airflow/example_dags/tutorial_etl_dag.py
[2022-03-28 07:24:58,043] {processor.py:642} INFO - Processing file /home/airflow/.local/lib/python3.7/site-packages/airflow/example_dags/tutorial_etl_dag.py for tasks to queue
[2022-03-28 07:24:58,043] {logging_mixin.py:109} INFO - [2022-03-28 07:24:58,043] {dagbag.py:500} INFO - Filling up the DagBag from /home/airflow/.local/lib/python3.7/site-packages/airflow/example_dags/tutorial_etl_dag.py
[2022-03-28 07:24:58,066] {processor.py:654} INFO - DAG(s) dict_keys(['tutorial_etl_dag']) retrieved from /home/airflow/.local/lib/python3.7/site-packages/airflow/example_dags/tutorial_etl_dag.py
[2022-03-28 07:24:58,074] {logging_mixin.py:109} INFO - [2022-03-28 07:24:58,074] {dag.py:2398} INFO - Sync 1 DAGs
[2022-03-28 07:24:58,085] {logging_mixin.py:109} INFO - [2022-03-28 07:24:58,085] {dag.py:2937} INFO - Setting next_dagrun for tutorial_etl_dag to None
[2022-03-28 07:24:58,093] {processor.py:171} INFO - Processing /home/airflow/.local/lib/python3.7/site-packages/airflow/example_dags/tutorial_etl_dag.py took 0.054 seconds
[2022-03-28 07:25:28,235] {processor.py:163} INFO - Started process (PID=2211) to work on /home/airflow/.local/lib/python3.7/site-packages/airflow/example_dags/tutorial_etl_dag.py
[2022-03-28 07:25:28,236] {processor.py:642} INFO - Processing file /home/airflow/.local/lib/python3.7/site-packages/airflow/example_dags/tutorial_etl_dag.py for tasks to queue
[2022-03-28 07:25:28,237] {logging_mixin.py:109} INFO - [2022-03-28 07:25:28,237] {dagbag.py:500} INFO - Filling up the DagBag from /home/airflow/.local/lib/python3.7/site-packages/airflow/example_dags/tutorial_etl_dag.py
[2022-03-28 07:25:28,267] {processor.py:654} INFO - DAG(s) dict_keys(['tutorial_etl_dag']) retrieved from /home/airflow/.local/lib/python3.7/site-packages/airflow/example_dags/tutorial_etl_dag.py
[2022-03-28 07:25:28,276] {logging_mixin.py:109} INFO - [2022-03-28 07:25:28,276] {dag.py:2398} INFO - Sync 1 DAGs
[2022-03-28 07:25:28,291] {logging_mixin.py:109} INFO - [2022-03-28 07:25:28,291] {dag.py:2937} INFO - Setting next_dagrun for tutorial_etl_dag to None
[2022-03-28 07:25:28,301] {processor.py:171} INFO - Processing /home/airflow/.local/lib/python3.7/site-packages/airflow/example_dags/tutorial_etl_dag.py took 0.069 seconds
[2022-03-28 07:25:58,943] {processor.py:163} INFO - Started process (PID=2261) to work on /home/airflow/.local/lib/python3.7/site-packages/airflow/example_dags/tutorial_etl_dag.py
[2022-03-28 07:25:58,944] {processor.py:642} INFO - Processing file /home/airflow/.local/lib/python3.7/site-packages/airflow/example_dags/tutorial_etl_dag.py for tasks to queue
[2022-03-28 07:25:58,945] {logging_mixin.py:109} INFO - [2022-03-28 07:25:58,945] {dagbag.py:500} INFO - Filling up the DagBag from /home/airflow/.local/lib/python3.7/site-packages/airflow/example_dags/tutorial_etl_dag.py
[2022-03-28 07:25:58,973] {processor.py:654} INFO - DAG(s) dict_keys(['tutorial_etl_dag']) retrieved from /home/airflow/.local/lib/python3.7/site-packages/airflow/example_dags/tutorial_etl_dag.py
[2022-03-28 07:25:58,983] {logging_mixin.py:109} INFO - [2022-03-28 07:25:58,983] {dag.py:2398} INFO - Sync 1 DAGs
[2022-03-28 07:25:58,998] {logging_mixin.py:109} INFO - [2022-03-28 07:25:58,998] {dag.py:2937} INFO - Setting next_dagrun for tutorial_etl_dag to None
[2022-03-28 07:25:59,009] {processor.py:171} INFO - Processing /home/airflow/.local/lib/python3.7/site-packages/airflow/example_dags/tutorial_etl_dag.py took 0.070 seconds
[2022-03-28 07:26:29,608] {processor.py:163} INFO - Started process (PID=2313) to work on /home/airflow/.local/lib/python3.7/site-packages/airflow/example_dags/tutorial_etl_dag.py
[2022-03-28 07:26:29,609] {processor.py:642} INFO - Processing file /home/airflow/.local/lib/python3.7/site-packages/airflow/example_dags/tutorial_etl_dag.py for tasks to queue
[2022-03-28 07:26:29,610] {logging_mixin.py:109} INFO - [2022-03-28 07:26:29,610] {dagbag.py:500} INFO - Filling up the DagBag from /home/airflow/.local/lib/python3.7/site-packages/airflow/example_dags/tutorial_etl_dag.py
[2022-03-28 07:26:29,633] {processor.py:654} INFO - DAG(s) dict_keys(['tutorial_etl_dag']) retrieved from /home/airflow/.local/lib/python3.7/site-packages/airflow/example_dags/tutorial_etl_dag.py
[2022-03-28 07:26:29,646] {logging_mixin.py:109} INFO - [2022-03-28 07:26:29,645] {dag.py:2398} INFO - Sync 1 DAGs
[2022-03-28 07:26:29,663] {logging_mixin.py:109} INFO - [2022-03-28 07:26:29,663] {dag.py:2937} INFO - Setting next_dagrun for tutorial_etl_dag to None
[2022-03-28 07:26:29,673] {processor.py:171} INFO - Processing /home/airflow/.local/lib/python3.7/site-packages/airflow/example_dags/tutorial_etl_dag.py took 0.068 seconds
[2022-03-28 07:27:00,440] {processor.py:163} INFO - Started process (PID=2374) to work on /home/airflow/.local/lib/python3.7/site-packages/airflow/example_dags/tutorial_etl_dag.py
[2022-03-28 07:27:00,442] {processor.py:642} INFO - Processing file /home/airflow/.local/lib/python3.7/site-packages/airflow/example_dags/tutorial_etl_dag.py for tasks to queue
[2022-03-28 07:27:00,443] {logging_mixin.py:109} INFO - [2022-03-28 07:27:00,443] {dagbag.py:500} INFO - Filling up the DagBag from /home/airflow/.local/lib/python3.7/site-packages/airflow/example_dags/tutorial_etl_dag.py
[2022-03-28 07:27:00,468] {processor.py:654} INFO - DAG(s) dict_keys(['tutorial_etl_dag']) retrieved from /home/airflow/.local/lib/python3.7/site-packages/airflow/example_dags/tutorial_etl_dag.py
[2022-03-28 07:27:00,477] {logging_mixin.py:109} INFO - [2022-03-28 07:27:00,476] {dag.py:2398} INFO - Sync 1 DAGs
[2022-03-28 07:27:00,490] {logging_mixin.py:109} INFO - [2022-03-28 07:27:00,489] {dag.py:2937} INFO - Setting next_dagrun for tutorial_etl_dag to None
[2022-03-28 07:27:00,498] {processor.py:171} INFO - Processing /home/airflow/.local/lib/python3.7/site-packages/airflow/example_dags/tutorial_etl_dag.py took 0.060 seconds
[2022-03-28 07:27:30,984] {processor.py:163} INFO - Started process (PID=2425) to work on /home/airflow/.local/lib/python3.7/site-packages/airflow/example_dags/tutorial_etl_dag.py
[2022-03-28 07:27:30,985] {processor.py:642} INFO - Processing file /home/airflow/.local/lib/python3.7/site-packages/airflow/example_dags/tutorial_etl_dag.py for tasks to queue
[2022-03-28 07:27:30,986] {logging_mixin.py:109} INFO - [2022-03-28 07:27:30,986] {dagbag.py:500} INFO - Filling up the DagBag from /home/airflow/.local/lib/python3.7/site-packages/airflow/example_dags/tutorial_etl_dag.py
[2022-03-28 07:27:31,012] {processor.py:654} INFO - DAG(s) dict_keys(['tutorial_etl_dag']) retrieved from /home/airflow/.local/lib/python3.7/site-packages/airflow/example_dags/tutorial_etl_dag.py
[2022-03-28 07:27:31,022] {logging_mixin.py:109} INFO - [2022-03-28 07:27:31,022] {dag.py:2398} INFO - Sync 1 DAGs
[2022-03-28 07:27:31,037] {logging_mixin.py:109} INFO - [2022-03-28 07:27:31,037] {dag.py:2937} INFO - Setting next_dagrun for tutorial_etl_dag to None
[2022-03-28 07:27:31,047] {processor.py:171} INFO - Processing /home/airflow/.local/lib/python3.7/site-packages/airflow/example_dags/tutorial_etl_dag.py took 0.065 seconds
[2022-03-28 07:28:01,717] {processor.py:163} INFO - Started process (PID=2485) to work on /home/airflow/.local/lib/python3.7/site-packages/airflow/example_dags/tutorial_etl_dag.py
[2022-03-28 07:28:01,719] {processor.py:642} INFO - Processing file /home/airflow/.local/lib/python3.7/site-packages/airflow/example_dags/tutorial_etl_dag.py for tasks to queue
[2022-03-28 07:28:01,720] {logging_mixin.py:109} INFO - [2022-03-28 07:28:01,720] {dagbag.py:500} INFO - Filling up the DagBag from /home/airflow/.local/lib/python3.7/site-packages/airflow/example_dags/tutorial_etl_dag.py
[2022-03-28 07:28:01,751] {processor.py:654} INFO - DAG(s) dict_keys(['tutorial_etl_dag']) retrieved from /home/airflow/.local/lib/python3.7/site-packages/airflow/example_dags/tutorial_etl_dag.py
[2022-03-28 07:28:01,760] {logging_mixin.py:109} INFO - [2022-03-28 07:28:01,760] {dag.py:2398} INFO - Sync 1 DAGs
[2022-03-28 07:28:01,778] {logging_mixin.py:109} INFO - [2022-03-28 07:28:01,778] {dag.py:2937} INFO - Setting next_dagrun for tutorial_etl_dag to None
[2022-03-28 07:28:01,789] {processor.py:171} INFO - Processing /home/airflow/.local/lib/python3.7/site-packages/airflow/example_dags/tutorial_etl_dag.py took 0.077 seconds
[2022-03-28 07:28:32,335] {processor.py:163} INFO - Started process (PID=2536) to work on /home/airflow/.local/lib/python3.7/site-packages/airflow/example_dags/tutorial_etl_dag.py
[2022-03-28 07:28:32,336] {processor.py:642} INFO - Processing file /home/airflow/.local/lib/python3.7/site-packages/airflow/example_dags/tutorial_etl_dag.py for tasks to queue
[2022-03-28 07:28:32,337] {logging_mixin.py:109} INFO - [2022-03-28 07:28:32,337] {dagbag.py:500} INFO - Filling up the DagBag from /home/airflow/.local/lib/python3.7/site-packages/airflow/example_dags/tutorial_etl_dag.py
[2022-03-28 07:28:32,361] {processor.py:654} INFO - DAG(s) dict_keys(['tutorial_etl_dag']) retrieved from /home/airflow/.local/lib/python3.7/site-packages/airflow/example_dags/tutorial_etl_dag.py
[2022-03-28 07:28:32,369] {logging_mixin.py:109} INFO - [2022-03-28 07:28:32,369] {dag.py:2398} INFO - Sync 1 DAGs
[2022-03-28 07:28:32,381] {logging_mixin.py:109} INFO - [2022-03-28 07:28:32,381] {dag.py:2937} INFO - Setting next_dagrun for tutorial_etl_dag to None
[2022-03-28 07:28:32,391] {processor.py:171} INFO - Processing /home/airflow/.local/lib/python3.7/site-packages/airflow/example_dags/tutorial_etl_dag.py took 0.059 seconds
[2022-03-28 07:29:03,163] {processor.py:163} INFO - Started process (PID=2588) to work on /home/airflow/.local/lib/python3.7/site-packages/airflow/example_dags/tutorial_etl_dag.py
[2022-03-28 07:29:03,164] {processor.py:642} INFO - Processing file /home/airflow/.local/lib/python3.7/site-packages/airflow/example_dags/tutorial_etl_dag.py for tasks to queue
[2022-03-28 07:29:03,165] {logging_mixin.py:109} INFO - [2022-03-28 07:29:03,165] {dagbag.py:500} INFO - Filling up the DagBag from /home/airflow/.local/lib/python3.7/site-packages/airflow/example_dags/tutorial_etl_dag.py
[2022-03-28 07:29:03,196] {processor.py:654} INFO - DAG(s) dict_keys(['tutorial_etl_dag']) retrieved from /home/airflow/.local/lib/python3.7/site-packages/airflow/example_dags/tutorial_etl_dag.py
[2022-03-28 07:29:03,209] {logging_mixin.py:109} INFO - [2022-03-28 07:29:03,209] {dag.py:2398} INFO - Sync 1 DAGs
[2022-03-28 07:29:03,225] {logging_mixin.py:109} INFO - [2022-03-28 07:29:03,225] {dag.py:2937} INFO - Setting next_dagrun for tutorial_etl_dag to None
[2022-03-28 07:29:03,236] {processor.py:171} INFO - Processing /home/airflow/.local/lib/python3.7/site-packages/airflow/example_dags/tutorial_etl_dag.py took 0.076 seconds
[2022-03-28 07:29:33,817] {processor.py:163} INFO - Started process (PID=2649) to work on /home/airflow/.local/lib/python3.7/site-packages/airflow/example_dags/tutorial_etl_dag.py
[2022-03-28 07:29:33,819] {processor.py:642} INFO - Processing file /home/airflow/.local/lib/python3.7/site-packages/airflow/example_dags/tutorial_etl_dag.py for tasks to queue
[2022-03-28 07:29:33,819] {logging_mixin.py:109} INFO - [2022-03-28 07:29:33,819] {dagbag.py:500} INFO - Filling up the DagBag from /home/airflow/.local/lib/python3.7/site-packages/airflow/example_dags/tutorial_etl_dag.py
[2022-03-28 07:29:33,851] {processor.py:654} INFO - DAG(s) dict_keys(['tutorial_etl_dag']) retrieved from /home/airflow/.local/lib/python3.7/site-packages/airflow/example_dags/tutorial_etl_dag.py
[2022-03-28 07:29:33,861] {logging_mixin.py:109} INFO - [2022-03-28 07:29:33,861] {dag.py:2398} INFO - Sync 1 DAGs
[2022-03-28 07:29:33,875] {logging_mixin.py:109} INFO - [2022-03-28 07:29:33,875] {dag.py:2937} INFO - Setting next_dagrun for tutorial_etl_dag to None
[2022-03-28 07:29:33,884] {processor.py:171} INFO - Processing /home/airflow/.local/lib/python3.7/site-packages/airflow/example_dags/tutorial_etl_dag.py took 0.069 seconds
[2022-03-28 07:30:04,519] {processor.py:163} INFO - Started process (PID=2701) to work on /home/airflow/.local/lib/python3.7/site-packages/airflow/example_dags/tutorial_etl_dag.py
[2022-03-28 07:30:04,520] {processor.py:642} INFO - Processing file /home/airflow/.local/lib/python3.7/site-packages/airflow/example_dags/tutorial_etl_dag.py for tasks to queue
[2022-03-28 07:30:04,522] {logging_mixin.py:109} INFO - [2022-03-28 07:30:04,522] {dagbag.py:500} INFO - Filling up the DagBag from /home/airflow/.local/lib/python3.7/site-packages/airflow/example_dags/tutorial_etl_dag.py
[2022-03-28 07:30:04,547] {processor.py:654} INFO - DAG(s) dict_keys(['tutorial_etl_dag']) retrieved from /home/airflow/.local/lib/python3.7/site-packages/airflow/example_dags/tutorial_etl_dag.py
[2022-03-28 07:30:04,557] {logging_mixin.py:109} INFO - [2022-03-28 07:30:04,557] {dag.py:2398} INFO - Sync 1 DAGs
[2022-03-28 07:30:04,571] {logging_mixin.py:109} INFO - [2022-03-28 07:30:04,571] {dag.py:2937} INFO - Setting next_dagrun for tutorial_etl_dag to None
[2022-03-28 07:30:04,581] {processor.py:171} INFO - Processing /home/airflow/.local/lib/python3.7/site-packages/airflow/example_dags/tutorial_etl_dag.py took 0.065 seconds
[2022-03-28 07:30:34,702] {processor.py:163} INFO - Started process (PID=2760) to work on /home/airflow/.local/lib/python3.7/site-packages/airflow/example_dags/tutorial_etl_dag.py
[2022-03-28 07:30:34,703] {processor.py:642} INFO - Processing file /home/airflow/.local/lib/python3.7/site-packages/airflow/example_dags/tutorial_etl_dag.py for tasks to queue
[2022-03-28 07:30:34,704] {logging_mixin.py:109} INFO - [2022-03-28 07:30:34,704] {dagbag.py:500} INFO - Filling up the DagBag from /home/airflow/.local/lib/python3.7/site-packages/airflow/example_dags/tutorial_etl_dag.py
[2022-03-28 07:30:34,743] {processor.py:654} INFO - DAG(s) dict_keys(['tutorial_etl_dag']) retrieved from /home/airflow/.local/lib/python3.7/site-packages/airflow/example_dags/tutorial_etl_dag.py
[2022-03-28 07:30:34,757] {logging_mixin.py:109} INFO - [2022-03-28 07:30:34,757] {dag.py:2398} INFO - Sync 1 DAGs
[2022-03-28 07:30:34,779] {logging_mixin.py:109} INFO - [2022-03-28 07:30:34,779] {dag.py:2937} INFO - Setting next_dagrun for tutorial_etl_dag to None
[2022-03-28 07:30:34,791] {processor.py:171} INFO - Processing /home/airflow/.local/lib/python3.7/site-packages/airflow/example_dags/tutorial_etl_dag.py took 0.093 seconds
[2022-03-28 07:31:05,391] {processor.py:163} INFO - Started process (PID=2812) to work on /home/airflow/.local/lib/python3.7/site-packages/airflow/example_dags/tutorial_etl_dag.py
[2022-03-28 07:31:05,392] {processor.py:642} INFO - Processing file /home/airflow/.local/lib/python3.7/site-packages/airflow/example_dags/tutorial_etl_dag.py for tasks to queue
[2022-03-28 07:31:05,393] {logging_mixin.py:109} INFO - [2022-03-28 07:31:05,393] {dagbag.py:500} INFO - Filling up the DagBag from /home/airflow/.local/lib/python3.7/site-packages/airflow/example_dags/tutorial_etl_dag.py
[2022-03-28 07:31:05,418] {processor.py:654} INFO - DAG(s) dict_keys(['tutorial_etl_dag']) retrieved from /home/airflow/.local/lib/python3.7/site-packages/airflow/example_dags/tutorial_etl_dag.py
[2022-03-28 07:31:05,427] {logging_mixin.py:109} INFO - [2022-03-28 07:31:05,427] {dag.py:2398} INFO - Sync 1 DAGs
[2022-03-28 07:31:05,442] {logging_mixin.py:109} INFO - [2022-03-28 07:31:05,442] {dag.py:2937} INFO - Setting next_dagrun for tutorial_etl_dag to None
[2022-03-28 07:31:05,451] {processor.py:171} INFO - Processing /home/airflow/.local/lib/python3.7/site-packages/airflow/example_dags/tutorial_etl_dag.py took 0.063 seconds
[2022-03-28 07:31:35,964] {processor.py:163} INFO - Started process (PID=2864) to work on /home/airflow/.local/lib/python3.7/site-packages/airflow/example_dags/tutorial_etl_dag.py
[2022-03-28 07:31:35,966] {processor.py:642} INFO - Processing file /home/airflow/.local/lib/python3.7/site-packages/airflow/example_dags/tutorial_etl_dag.py for tasks to queue
[2022-03-28 07:31:35,967] {logging_mixin.py:109} INFO - [2022-03-28 07:31:35,967] {dagbag.py:500} INFO - Filling up the DagBag from /home/airflow/.local/lib/python3.7/site-packages/airflow/example_dags/tutorial_etl_dag.py
[2022-03-28 07:31:36,017] {processor.py:654} INFO - DAG(s) dict_keys(['tutorial_etl_dag']) retrieved from /home/airflow/.local/lib/python3.7/site-packages/airflow/example_dags/tutorial_etl_dag.py
[2022-03-28 07:31:36,029] {logging_mixin.py:109} INFO - [2022-03-28 07:31:36,029] {dag.py:2398} INFO - Sync 1 DAGs
[2022-03-28 07:31:36,054] {logging_mixin.py:109} INFO - [2022-03-28 07:31:36,054] {dag.py:2937} INFO - Setting next_dagrun for tutorial_etl_dag to None
[2022-03-28 07:31:36,081] {processor.py:171} INFO - Processing /home/airflow/.local/lib/python3.7/site-packages/airflow/example_dags/tutorial_etl_dag.py took 0.124 seconds
[2022-03-28 07:32:07,096] {processor.py:163} INFO - Started process (PID=2916) to work on /home/airflow/.local/lib/python3.7/site-packages/airflow/example_dags/tutorial_etl_dag.py
[2022-03-28 07:32:07,098] {processor.py:642} INFO - Processing file /home/airflow/.local/lib/python3.7/site-packages/airflow/example_dags/tutorial_etl_dag.py for tasks to queue
[2022-03-28 07:32:07,099] {logging_mixin.py:109} INFO - [2022-03-28 07:32:07,098] {dagbag.py:500} INFO - Filling up the DagBag from /home/airflow/.local/lib/python3.7/site-packages/airflow/example_dags/tutorial_etl_dag.py
[2022-03-28 07:32:07,130] {processor.py:654} INFO - DAG(s) dict_keys(['tutorial_etl_dag']) retrieved from /home/airflow/.local/lib/python3.7/site-packages/airflow/example_dags/tutorial_etl_dag.py
[2022-03-28 07:32:07,139] {logging_mixin.py:109} INFO - [2022-03-28 07:32:07,139] {dag.py:2398} INFO - Sync 1 DAGs
[2022-03-28 07:32:07,163] {logging_mixin.py:109} INFO - [2022-03-28 07:32:07,163] {dag.py:2937} INFO - Setting next_dagrun for tutorial_etl_dag to None
[2022-03-28 07:32:07,172] {processor.py:171} INFO - Processing /home/airflow/.local/lib/python3.7/site-packages/airflow/example_dags/tutorial_etl_dag.py took 0.079 seconds
