[2022-03-28 07:08:40,954] {processor.py:163} INFO - Started process (PID=181) to work on /home/airflow/.local/lib/python3.7/site-packages/airflow/example_dags/tutorial.py
[2022-03-28 07:08:40,955] {processor.py:642} INFO - Processing file /home/airflow/.local/lib/python3.7/site-packages/airflow/example_dags/tutorial.py for tasks to queue
[2022-03-28 07:08:40,956] {logging_mixin.py:109} INFO - [2022-03-28 07:08:40,956] {dagbag.py:500} INFO - Filling up the DagBag from /home/airflow/.local/lib/python3.7/site-packages/airflow/example_dags/tutorial.py
[2022-03-28 07:08:40,989] {processor.py:654} INFO - DAG(s) dict_keys(['tutorial']) retrieved from /home/airflow/.local/lib/python3.7/site-packages/airflow/example_dags/tutorial.py
[2022-03-28 07:08:43,110] {logging_mixin.py:109} INFO - [2022-03-28 07:08:43,110] {manager.py:496} INFO - Created Permission View: can read on DAG:tutorial
[2022-03-28 07:08:43,121] {logging_mixin.py:109} INFO - [2022-03-28 07:08:43,120] {manager.py:496} INFO - Created Permission View: can edit on DAG:tutorial
[2022-03-28 07:08:43,122] {logging_mixin.py:109} INFO - [2022-03-28 07:08:43,121] {dag.py:2398} INFO - Sync 1 DAGs
[2022-03-28 07:08:43,132] {logging_mixin.py:109} INFO - [2022-03-28 07:08:43,132] {dag.py:2417} INFO - Creating ORM DAG for tutorial
[2022-03-28 07:08:43,142] {logging_mixin.py:109} INFO - [2022-03-28 07:08:43,142] {dag.py:2937} INFO - Setting next_dagrun for tutorial to 2022-03-27T07:08:43.141986+00:00
[2022-03-28 07:08:43,158] {processor.py:171} INFO - Processing /home/airflow/.local/lib/python3.7/site-packages/airflow/example_dags/tutorial.py took 2.207 seconds
[2022-03-28 07:09:13,510] {processor.py:163} INFO - Started process (PID=482) to work on /home/airflow/.local/lib/python3.7/site-packages/airflow/example_dags/tutorial.py
[2022-03-28 07:09:13,511] {processor.py:642} INFO - Processing file /home/airflow/.local/lib/python3.7/site-packages/airflow/example_dags/tutorial.py for tasks to queue
[2022-03-28 07:09:13,512] {logging_mixin.py:109} INFO - [2022-03-28 07:09:13,512] {dagbag.py:500} INFO - Filling up the DagBag from /home/airflow/.local/lib/python3.7/site-packages/airflow/example_dags/tutorial.py
[2022-03-28 07:09:13,541] {processor.py:654} INFO - DAG(s) dict_keys(['tutorial']) retrieved from /home/airflow/.local/lib/python3.7/site-packages/airflow/example_dags/tutorial.py
[2022-03-28 07:09:13,550] {logging_mixin.py:109} INFO - [2022-03-28 07:09:13,550] {dag.py:2398} INFO - Sync 1 DAGs
[2022-03-28 07:09:13,565] {logging_mixin.py:109} INFO - [2022-03-28 07:09:13,565] {dag.py:2937} INFO - Setting next_dagrun for tutorial to 2022-03-27T07:09:13.565200+00:00
[2022-03-28 07:09:13,582] {processor.py:171} INFO - Processing /home/airflow/.local/lib/python3.7/site-packages/airflow/example_dags/tutorial.py took 0.075 seconds
[2022-03-28 07:09:44,169] {processor.py:163} INFO - Started process (PID=534) to work on /home/airflow/.local/lib/python3.7/site-packages/airflow/example_dags/tutorial.py
[2022-03-28 07:09:44,171] {processor.py:642} INFO - Processing file /home/airflow/.local/lib/python3.7/site-packages/airflow/example_dags/tutorial.py for tasks to queue
[2022-03-28 07:09:44,172] {logging_mixin.py:109} INFO - [2022-03-28 07:09:44,172] {dagbag.py:500} INFO - Filling up the DagBag from /home/airflow/.local/lib/python3.7/site-packages/airflow/example_dags/tutorial.py
[2022-03-28 07:09:44,209] {processor.py:654} INFO - DAG(s) dict_keys(['tutorial']) retrieved from /home/airflow/.local/lib/python3.7/site-packages/airflow/example_dags/tutorial.py
[2022-03-28 07:09:44,222] {logging_mixin.py:109} INFO - [2022-03-28 07:09:44,221] {dag.py:2398} INFO - Sync 1 DAGs
[2022-03-28 07:09:44,239] {logging_mixin.py:109} INFO - [2022-03-28 07:09:44,239] {dag.py:2937} INFO - Setting next_dagrun for tutorial to 2022-03-27T07:09:44.239027+00:00
[2022-03-28 07:09:44,250] {processor.py:171} INFO - Processing /home/airflow/.local/lib/python3.7/site-packages/airflow/example_dags/tutorial.py took 0.083 seconds
[2022-03-28 07:10:14,697] {processor.py:163} INFO - Started process (PID=595) to work on /home/airflow/.local/lib/python3.7/site-packages/airflow/example_dags/tutorial.py
[2022-03-28 07:10:14,698] {processor.py:642} INFO - Processing file /home/airflow/.local/lib/python3.7/site-packages/airflow/example_dags/tutorial.py for tasks to queue
[2022-03-28 07:10:14,699] {logging_mixin.py:109} INFO - [2022-03-28 07:10:14,699] {dagbag.py:500} INFO - Filling up the DagBag from /home/airflow/.local/lib/python3.7/site-packages/airflow/example_dags/tutorial.py
[2022-03-28 07:10:14,731] {processor.py:654} INFO - DAG(s) dict_keys(['tutorial']) retrieved from /home/airflow/.local/lib/python3.7/site-packages/airflow/example_dags/tutorial.py
[2022-03-28 07:10:14,740] {logging_mixin.py:109} INFO - [2022-03-28 07:10:14,740] {dag.py:2398} INFO - Sync 1 DAGs
[2022-03-28 07:10:14,756] {logging_mixin.py:109} INFO - [2022-03-28 07:10:14,756] {dag.py:2937} INFO - Setting next_dagrun for tutorial to 2022-03-27T07:10:14.756320+00:00
[2022-03-28 07:10:14,769] {processor.py:171} INFO - Processing /home/airflow/.local/lib/python3.7/site-packages/airflow/example_dags/tutorial.py took 0.075 seconds
[2022-03-28 07:10:45,418] {processor.py:163} INFO - Started process (PID=645) to work on /home/airflow/.local/lib/python3.7/site-packages/airflow/example_dags/tutorial.py
[2022-03-28 07:10:45,420] {processor.py:642} INFO - Processing file /home/airflow/.local/lib/python3.7/site-packages/airflow/example_dags/tutorial.py for tasks to queue
[2022-03-28 07:10:45,421] {logging_mixin.py:109} INFO - [2022-03-28 07:10:45,420] {dagbag.py:500} INFO - Filling up the DagBag from /home/airflow/.local/lib/python3.7/site-packages/airflow/example_dags/tutorial.py
[2022-03-28 07:10:45,450] {processor.py:654} INFO - DAG(s) dict_keys(['tutorial']) retrieved from /home/airflow/.local/lib/python3.7/site-packages/airflow/example_dags/tutorial.py
[2022-03-28 07:10:45,459] {logging_mixin.py:109} INFO - [2022-03-28 07:10:45,459] {dag.py:2398} INFO - Sync 1 DAGs
[2022-03-28 07:10:45,476] {logging_mixin.py:109} INFO - [2022-03-28 07:10:45,476] {dag.py:2937} INFO - Setting next_dagrun for tutorial to 2022-03-27T07:10:45.476089+00:00
[2022-03-28 07:10:45,485] {processor.py:171} INFO - Processing /home/airflow/.local/lib/python3.7/site-packages/airflow/example_dags/tutorial.py took 0.070 seconds
[2022-03-28 07:11:15,891] {processor.py:163} INFO - Started process (PID=697) to work on /home/airflow/.local/lib/python3.7/site-packages/airflow/example_dags/tutorial.py
[2022-03-28 07:11:15,892] {processor.py:642} INFO - Processing file /home/airflow/.local/lib/python3.7/site-packages/airflow/example_dags/tutorial.py for tasks to queue
[2022-03-28 07:11:15,894] {logging_mixin.py:109} INFO - [2022-03-28 07:11:15,893] {dagbag.py:500} INFO - Filling up the DagBag from /home/airflow/.local/lib/python3.7/site-packages/airflow/example_dags/tutorial.py
[2022-03-28 07:11:15,923] {processor.py:654} INFO - DAG(s) dict_keys(['tutorial']) retrieved from /home/airflow/.local/lib/python3.7/site-packages/airflow/example_dags/tutorial.py
[2022-03-28 07:11:15,933] {logging_mixin.py:109} INFO - [2022-03-28 07:11:15,933] {dag.py:2398} INFO - Sync 1 DAGs
[2022-03-28 07:11:15,947] {logging_mixin.py:109} INFO - [2022-03-28 07:11:15,947] {dag.py:2937} INFO - Setting next_dagrun for tutorial to 2022-03-27T07:11:15.947108+00:00
[2022-03-28 07:11:15,956] {processor.py:171} INFO - Processing /home/airflow/.local/lib/python3.7/site-packages/airflow/example_dags/tutorial.py took 0.068 seconds
[2022-03-28 07:11:46,304] {processor.py:163} INFO - Started process (PID=757) to work on /home/airflow/.local/lib/python3.7/site-packages/airflow/example_dags/tutorial.py
[2022-03-28 07:11:46,306] {processor.py:642} INFO - Processing file /home/airflow/.local/lib/python3.7/site-packages/airflow/example_dags/tutorial.py for tasks to queue
[2022-03-28 07:11:46,307] {logging_mixin.py:109} INFO - [2022-03-28 07:11:46,307] {dagbag.py:500} INFO - Filling up the DagBag from /home/airflow/.local/lib/python3.7/site-packages/airflow/example_dags/tutorial.py
[2022-03-28 07:11:46,337] {processor.py:654} INFO - DAG(s) dict_keys(['tutorial']) retrieved from /home/airflow/.local/lib/python3.7/site-packages/airflow/example_dags/tutorial.py
[2022-03-28 07:11:46,348] {logging_mixin.py:109} INFO - [2022-03-28 07:11:46,348] {dag.py:2398} INFO - Sync 1 DAGs
[2022-03-28 07:11:46,365] {logging_mixin.py:109} INFO - [2022-03-28 07:11:46,365] {dag.py:2937} INFO - Setting next_dagrun for tutorial to 2022-03-27T07:11:46.365193+00:00
[2022-03-28 07:11:46,375] {processor.py:171} INFO - Processing /home/airflow/.local/lib/python3.7/site-packages/airflow/example_dags/tutorial.py took 0.074 seconds
[2022-03-28 07:12:16,857] {processor.py:163} INFO - Started process (PID=808) to work on /home/airflow/.local/lib/python3.7/site-packages/airflow/example_dags/tutorial.py
[2022-03-28 07:12:16,859] {processor.py:642} INFO - Processing file /home/airflow/.local/lib/python3.7/site-packages/airflow/example_dags/tutorial.py for tasks to queue
[2022-03-28 07:12:16,860] {logging_mixin.py:109} INFO - [2022-03-28 07:12:16,860] {dagbag.py:500} INFO - Filling up the DagBag from /home/airflow/.local/lib/python3.7/site-packages/airflow/example_dags/tutorial.py
[2022-03-28 07:12:16,890] {processor.py:654} INFO - DAG(s) dict_keys(['tutorial']) retrieved from /home/airflow/.local/lib/python3.7/site-packages/airflow/example_dags/tutorial.py
[2022-03-28 07:12:16,901] {logging_mixin.py:109} INFO - [2022-03-28 07:12:16,901] {dag.py:2398} INFO - Sync 1 DAGs
[2022-03-28 07:12:16,924] {logging_mixin.py:109} INFO - [2022-03-28 07:12:16,923] {dag.py:2937} INFO - Setting next_dagrun for tutorial to 2022-03-27T07:12:16.923519+00:00
[2022-03-28 07:12:16,934] {processor.py:171} INFO - Processing /home/airflow/.local/lib/python3.7/site-packages/airflow/example_dags/tutorial.py took 0.079 seconds
[2022-03-28 07:12:47,422] {processor.py:163} INFO - Started process (PID=859) to work on /home/airflow/.local/lib/python3.7/site-packages/airflow/example_dags/tutorial.py
[2022-03-28 07:12:47,423] {processor.py:642} INFO - Processing file /home/airflow/.local/lib/python3.7/site-packages/airflow/example_dags/tutorial.py for tasks to queue
[2022-03-28 07:12:47,424] {logging_mixin.py:109} INFO - [2022-03-28 07:12:47,424] {dagbag.py:500} INFO - Filling up the DagBag from /home/airflow/.local/lib/python3.7/site-packages/airflow/example_dags/tutorial.py
[2022-03-28 07:12:47,454] {processor.py:654} INFO - DAG(s) dict_keys(['tutorial']) retrieved from /home/airflow/.local/lib/python3.7/site-packages/airflow/example_dags/tutorial.py
[2022-03-28 07:12:47,463] {logging_mixin.py:109} INFO - [2022-03-28 07:12:47,463] {dag.py:2398} INFO - Sync 1 DAGs
[2022-03-28 07:12:47,480] {logging_mixin.py:109} INFO - [2022-03-28 07:12:47,479] {dag.py:2937} INFO - Setting next_dagrun for tutorial to 2022-03-27T07:12:47.479689+00:00
[2022-03-28 07:12:47,489] {processor.py:171} INFO - Processing /home/airflow/.local/lib/python3.7/site-packages/airflow/example_dags/tutorial.py took 0.071 seconds
[2022-03-28 07:13:17,877] {processor.py:163} INFO - Started process (PID=919) to work on /home/airflow/.local/lib/python3.7/site-packages/airflow/example_dags/tutorial.py
[2022-03-28 07:13:17,879] {processor.py:642} INFO - Processing file /home/airflow/.local/lib/python3.7/site-packages/airflow/example_dags/tutorial.py for tasks to queue
[2022-03-28 07:13:17,880] {logging_mixin.py:109} INFO - [2022-03-28 07:13:17,880] {dagbag.py:500} INFO - Filling up the DagBag from /home/airflow/.local/lib/python3.7/site-packages/airflow/example_dags/tutorial.py
[2022-03-28 07:13:17,912] {processor.py:654} INFO - DAG(s) dict_keys(['tutorial']) retrieved from /home/airflow/.local/lib/python3.7/site-packages/airflow/example_dags/tutorial.py
[2022-03-28 07:13:17,923] {logging_mixin.py:109} INFO - [2022-03-28 07:13:17,923] {dag.py:2398} INFO - Sync 1 DAGs
[2022-03-28 07:13:17,940] {logging_mixin.py:109} INFO - [2022-03-28 07:13:17,940] {dag.py:2937} INFO - Setting next_dagrun for tutorial to 2022-03-27T07:13:17.940535+00:00
[2022-03-28 07:13:17,951] {processor.py:171} INFO - Processing /home/airflow/.local/lib/python3.7/site-packages/airflow/example_dags/tutorial.py took 0.079 seconds
[2022-03-28 07:13:48,384] {processor.py:163} INFO - Started process (PID=970) to work on /home/airflow/.local/lib/python3.7/site-packages/airflow/example_dags/tutorial.py
[2022-03-28 07:13:48,386] {processor.py:642} INFO - Processing file /home/airflow/.local/lib/python3.7/site-packages/airflow/example_dags/tutorial.py for tasks to queue
[2022-03-28 07:13:48,387] {logging_mixin.py:109} INFO - [2022-03-28 07:13:48,387] {dagbag.py:500} INFO - Filling up the DagBag from /home/airflow/.local/lib/python3.7/site-packages/airflow/example_dags/tutorial.py
[2022-03-28 07:13:48,419] {processor.py:654} INFO - DAG(s) dict_keys(['tutorial']) retrieved from /home/airflow/.local/lib/python3.7/site-packages/airflow/example_dags/tutorial.py
[2022-03-28 07:13:48,435] {logging_mixin.py:109} INFO - [2022-03-28 07:13:48,435] {dag.py:2398} INFO - Sync 1 DAGs
[2022-03-28 07:13:48,457] {logging_mixin.py:109} INFO - [2022-03-28 07:13:48,457] {dag.py:2937} INFO - Setting next_dagrun for tutorial to 2022-03-27T07:13:48.456893+00:00
[2022-03-28 07:13:48,467] {processor.py:171} INFO - Processing /home/airflow/.local/lib/python3.7/site-packages/airflow/example_dags/tutorial.py took 0.085 seconds
[2022-03-28 07:14:19,021] {processor.py:163} INFO - Started process (PID=1021) to work on /home/airflow/.local/lib/python3.7/site-packages/airflow/example_dags/tutorial.py
[2022-03-28 07:14:19,022] {processor.py:642} INFO - Processing file /home/airflow/.local/lib/python3.7/site-packages/airflow/example_dags/tutorial.py for tasks to queue
[2022-03-28 07:14:19,023] {logging_mixin.py:109} INFO - [2022-03-28 07:14:19,023] {dagbag.py:500} INFO - Filling up the DagBag from /home/airflow/.local/lib/python3.7/site-packages/airflow/example_dags/tutorial.py
[2022-03-28 07:14:19,057] {processor.py:654} INFO - DAG(s) dict_keys(['tutorial']) retrieved from /home/airflow/.local/lib/python3.7/site-packages/airflow/example_dags/tutorial.py
[2022-03-28 07:14:19,068] {logging_mixin.py:109} INFO - [2022-03-28 07:14:19,068] {dag.py:2398} INFO - Sync 1 DAGs
[2022-03-28 07:14:19,087] {logging_mixin.py:109} INFO - [2022-03-28 07:14:19,087] {dag.py:2937} INFO - Setting next_dagrun for tutorial to 2022-03-27T07:14:19.087386+00:00
[2022-03-28 07:14:19,098] {processor.py:171} INFO - Processing /home/airflow/.local/lib/python3.7/site-packages/airflow/example_dags/tutorial.py took 0.080 seconds
[2022-03-28 07:14:49,674] {processor.py:163} INFO - Started process (PID=1081) to work on /home/airflow/.local/lib/python3.7/site-packages/airflow/example_dags/tutorial.py
[2022-03-28 07:14:49,675] {processor.py:642} INFO - Processing file /home/airflow/.local/lib/python3.7/site-packages/airflow/example_dags/tutorial.py for tasks to queue
[2022-03-28 07:14:49,676] {logging_mixin.py:109} INFO - [2022-03-28 07:14:49,676] {dagbag.py:500} INFO - Filling up the DagBag from /home/airflow/.local/lib/python3.7/site-packages/airflow/example_dags/tutorial.py
[2022-03-28 07:14:49,704] {processor.py:654} INFO - DAG(s) dict_keys(['tutorial']) retrieved from /home/airflow/.local/lib/python3.7/site-packages/airflow/example_dags/tutorial.py
[2022-03-28 07:14:49,715] {logging_mixin.py:109} INFO - [2022-03-28 07:14:49,715] {dag.py:2398} INFO - Sync 1 DAGs
[2022-03-28 07:14:49,733] {logging_mixin.py:109} INFO - [2022-03-28 07:14:49,733] {dag.py:2937} INFO - Setting next_dagrun for tutorial to 2022-03-27T07:14:49.733197+00:00
[2022-03-28 07:14:49,743] {processor.py:171} INFO - Processing /home/airflow/.local/lib/python3.7/site-packages/airflow/example_dags/tutorial.py took 0.072 seconds
[2022-03-28 07:15:20,393] {processor.py:163} INFO - Started process (PID=1132) to work on /home/airflow/.local/lib/python3.7/site-packages/airflow/example_dags/tutorial.py
[2022-03-28 07:15:20,395] {processor.py:642} INFO - Processing file /home/airflow/.local/lib/python3.7/site-packages/airflow/example_dags/tutorial.py for tasks to queue
[2022-03-28 07:15:20,396] {logging_mixin.py:109} INFO - [2022-03-28 07:15:20,396] {dagbag.py:500} INFO - Filling up the DagBag from /home/airflow/.local/lib/python3.7/site-packages/airflow/example_dags/tutorial.py
[2022-03-28 07:15:20,427] {processor.py:654} INFO - DAG(s) dict_keys(['tutorial']) retrieved from /home/airflow/.local/lib/python3.7/site-packages/airflow/example_dags/tutorial.py
[2022-03-28 07:15:20,436] {logging_mixin.py:109} INFO - [2022-03-28 07:15:20,436] {dag.py:2398} INFO - Sync 1 DAGs
[2022-03-28 07:15:20,452] {logging_mixin.py:109} INFO - [2022-03-28 07:15:20,452] {dag.py:2937} INFO - Setting next_dagrun for tutorial to 2022-03-27T07:15:20.451942+00:00
[2022-03-28 07:15:20,461] {processor.py:171} INFO - Processing /home/airflow/.local/lib/python3.7/site-packages/airflow/example_dags/tutorial.py took 0.071 seconds
[2022-03-28 07:15:50,722] {processor.py:163} INFO - Started process (PID=1183) to work on /home/airflow/.local/lib/python3.7/site-packages/airflow/example_dags/tutorial.py
[2022-03-28 07:15:50,723] {processor.py:642} INFO - Processing file /home/airflow/.local/lib/python3.7/site-packages/airflow/example_dags/tutorial.py for tasks to queue
[2022-03-28 07:15:50,724] {logging_mixin.py:109} INFO - [2022-03-28 07:15:50,724] {dagbag.py:500} INFO - Filling up the DagBag from /home/airflow/.local/lib/python3.7/site-packages/airflow/example_dags/tutorial.py
[2022-03-28 07:15:50,754] {processor.py:654} INFO - DAG(s) dict_keys(['tutorial']) retrieved from /home/airflow/.local/lib/python3.7/site-packages/airflow/example_dags/tutorial.py
[2022-03-28 07:15:50,767] {logging_mixin.py:109} INFO - [2022-03-28 07:15:50,767] {dag.py:2398} INFO - Sync 1 DAGs
[2022-03-28 07:15:50,783] {logging_mixin.py:109} INFO - [2022-03-28 07:15:50,782] {dag.py:2937} INFO - Setting next_dagrun for tutorial to 2022-03-27T07:15:50.782718+00:00
[2022-03-28 07:15:50,793] {processor.py:171} INFO - Processing /home/airflow/.local/lib/python3.7/site-packages/airflow/example_dags/tutorial.py took 0.074 seconds
[2022-03-28 07:16:21,373] {processor.py:163} INFO - Started process (PID=1243) to work on /home/airflow/.local/lib/python3.7/site-packages/airflow/example_dags/tutorial.py
[2022-03-28 07:16:21,375] {processor.py:642} INFO - Processing file /home/airflow/.local/lib/python3.7/site-packages/airflow/example_dags/tutorial.py for tasks to queue
[2022-03-28 07:16:21,376] {logging_mixin.py:109} INFO - [2022-03-28 07:16:21,376] {dagbag.py:500} INFO - Filling up the DagBag from /home/airflow/.local/lib/python3.7/site-packages/airflow/example_dags/tutorial.py
[2022-03-28 07:16:21,409] {processor.py:654} INFO - DAG(s) dict_keys(['tutorial']) retrieved from /home/airflow/.local/lib/python3.7/site-packages/airflow/example_dags/tutorial.py
[2022-03-28 07:16:21,420] {logging_mixin.py:109} INFO - [2022-03-28 07:16:21,420] {dag.py:2398} INFO - Sync 1 DAGs
[2022-03-28 07:16:21,438] {logging_mixin.py:109} INFO - [2022-03-28 07:16:21,438] {dag.py:2937} INFO - Setting next_dagrun for tutorial to 2022-03-27T07:16:21.437917+00:00
[2022-03-28 07:16:21,448] {processor.py:171} INFO - Processing /home/airflow/.local/lib/python3.7/site-packages/airflow/example_dags/tutorial.py took 0.077 seconds
[2022-03-28 07:16:51,984] {processor.py:163} INFO - Started process (PID=1295) to work on /home/airflow/.local/lib/python3.7/site-packages/airflow/example_dags/tutorial.py
[2022-03-28 07:16:51,986] {processor.py:642} INFO - Processing file /home/airflow/.local/lib/python3.7/site-packages/airflow/example_dags/tutorial.py for tasks to queue
[2022-03-28 07:16:51,987] {logging_mixin.py:109} INFO - [2022-03-28 07:16:51,987] {dagbag.py:500} INFO - Filling up the DagBag from /home/airflow/.local/lib/python3.7/site-packages/airflow/example_dags/tutorial.py
[2022-03-28 07:16:52,016] {processor.py:654} INFO - DAG(s) dict_keys(['tutorial']) retrieved from /home/airflow/.local/lib/python3.7/site-packages/airflow/example_dags/tutorial.py
[2022-03-28 07:16:52,025] {logging_mixin.py:109} INFO - [2022-03-28 07:16:52,025] {dag.py:2398} INFO - Sync 1 DAGs
[2022-03-28 07:16:52,039] {logging_mixin.py:109} INFO - [2022-03-28 07:16:52,039] {dag.py:2937} INFO - Setting next_dagrun for tutorial to 2022-03-27T07:16:52.039490+00:00
[2022-03-28 07:16:52,049] {processor.py:171} INFO - Processing /home/airflow/.local/lib/python3.7/site-packages/airflow/example_dags/tutorial.py took 0.067 seconds
[2022-03-28 07:17:22,386] {processor.py:163} INFO - Started process (PID=1346) to work on /home/airflow/.local/lib/python3.7/site-packages/airflow/example_dags/tutorial.py
[2022-03-28 07:17:22,387] {processor.py:642} INFO - Processing file /home/airflow/.local/lib/python3.7/site-packages/airflow/example_dags/tutorial.py for tasks to queue
[2022-03-28 07:17:22,388] {logging_mixin.py:109} INFO - [2022-03-28 07:17:22,388] {dagbag.py:500} INFO - Filling up the DagBag from /home/airflow/.local/lib/python3.7/site-packages/airflow/example_dags/tutorial.py
[2022-03-28 07:17:22,418] {processor.py:654} INFO - DAG(s) dict_keys(['tutorial']) retrieved from /home/airflow/.local/lib/python3.7/site-packages/airflow/example_dags/tutorial.py
[2022-03-28 07:17:22,429] {logging_mixin.py:109} INFO - [2022-03-28 07:17:22,429] {dag.py:2398} INFO - Sync 1 DAGs
[2022-03-28 07:17:22,444] {logging_mixin.py:109} INFO - [2022-03-28 07:17:22,444] {dag.py:2937} INFO - Setting next_dagrun for tutorial to 2022-03-27T07:17:22.444514+00:00
[2022-03-28 07:17:22,453] {processor.py:171} INFO - Processing /home/airflow/.local/lib/python3.7/site-packages/airflow/example_dags/tutorial.py took 0.070 seconds
[2022-03-28 07:17:53,117] {processor.py:163} INFO - Started process (PID=1408) to work on /home/airflow/.local/lib/python3.7/site-packages/airflow/example_dags/tutorial.py
[2022-03-28 07:17:53,119] {processor.py:642} INFO - Processing file /home/airflow/.local/lib/python3.7/site-packages/airflow/example_dags/tutorial.py for tasks to queue
[2022-03-28 07:17:53,120] {logging_mixin.py:109} INFO - [2022-03-28 07:17:53,120] {dagbag.py:500} INFO - Filling up the DagBag from /home/airflow/.local/lib/python3.7/site-packages/airflow/example_dags/tutorial.py
[2022-03-28 07:17:53,150] {processor.py:654} INFO - DAG(s) dict_keys(['tutorial']) retrieved from /home/airflow/.local/lib/python3.7/site-packages/airflow/example_dags/tutorial.py
[2022-03-28 07:17:53,161] {logging_mixin.py:109} INFO - [2022-03-28 07:17:53,161] {dag.py:2398} INFO - Sync 1 DAGs
[2022-03-28 07:17:53,177] {logging_mixin.py:109} INFO - [2022-03-28 07:17:53,177] {dag.py:2937} INFO - Setting next_dagrun for tutorial to 2022-03-27T07:17:53.177556+00:00
[2022-03-28 07:17:53,188] {processor.py:171} INFO - Processing /home/airflow/.local/lib/python3.7/site-packages/airflow/example_dags/tutorial.py took 0.074 seconds
[2022-03-28 07:18:23,620] {processor.py:163} INFO - Started process (PID=1458) to work on /home/airflow/.local/lib/python3.7/site-packages/airflow/example_dags/tutorial.py
[2022-03-28 07:18:23,622] {processor.py:642} INFO - Processing file /home/airflow/.local/lib/python3.7/site-packages/airflow/example_dags/tutorial.py for tasks to queue
[2022-03-28 07:18:23,623] {logging_mixin.py:109} INFO - [2022-03-28 07:18:23,623] {dagbag.py:500} INFO - Filling up the DagBag from /home/airflow/.local/lib/python3.7/site-packages/airflow/example_dags/tutorial.py
[2022-03-28 07:18:23,650] {processor.py:654} INFO - DAG(s) dict_keys(['tutorial']) retrieved from /home/airflow/.local/lib/python3.7/site-packages/airflow/example_dags/tutorial.py
[2022-03-28 07:18:23,659] {logging_mixin.py:109} INFO - [2022-03-28 07:18:23,659] {dag.py:2398} INFO - Sync 1 DAGs
[2022-03-28 07:18:23,673] {logging_mixin.py:109} INFO - [2022-03-28 07:18:23,673] {dag.py:2937} INFO - Setting next_dagrun for tutorial to 2022-03-27T07:18:23.673351+00:00
[2022-03-28 07:18:23,681] {processor.py:171} INFO - Processing /home/airflow/.local/lib/python3.7/site-packages/airflow/example_dags/tutorial.py took 0.064 seconds
[2022-03-28 07:18:53,988] {processor.py:163} INFO - Started process (PID=1509) to work on /home/airflow/.local/lib/python3.7/site-packages/airflow/example_dags/tutorial.py
[2022-03-28 07:18:53,990] {processor.py:642} INFO - Processing file /home/airflow/.local/lib/python3.7/site-packages/airflow/example_dags/tutorial.py for tasks to queue
[2022-03-28 07:18:53,991] {logging_mixin.py:109} INFO - [2022-03-28 07:18:53,991] {dagbag.py:500} INFO - Filling up the DagBag from /home/airflow/.local/lib/python3.7/site-packages/airflow/example_dags/tutorial.py
[2022-03-28 07:18:54,040] {processor.py:654} INFO - DAG(s) dict_keys(['tutorial']) retrieved from /home/airflow/.local/lib/python3.7/site-packages/airflow/example_dags/tutorial.py
[2022-03-28 07:18:54,057] {logging_mixin.py:109} INFO - [2022-03-28 07:18:54,057] {dag.py:2398} INFO - Sync 1 DAGs
[2022-03-28 07:18:54,078] {logging_mixin.py:109} INFO - [2022-03-28 07:18:54,078] {dag.py:2937} INFO - Setting next_dagrun for tutorial to 2022-03-27T07:18:54.078393+00:00
[2022-03-28 07:18:54,094] {processor.py:171} INFO - Processing /home/airflow/.local/lib/python3.7/site-packages/airflow/example_dags/tutorial.py took 0.109 seconds
[2022-03-28 07:19:24,558] {processor.py:163} INFO - Started process (PID=1570) to work on /home/airflow/.local/lib/python3.7/site-packages/airflow/example_dags/tutorial.py
[2022-03-28 07:19:24,560] {processor.py:642} INFO - Processing file /home/airflow/.local/lib/python3.7/site-packages/airflow/example_dags/tutorial.py for tasks to queue
[2022-03-28 07:19:24,561] {logging_mixin.py:109} INFO - [2022-03-28 07:19:24,561] {dagbag.py:500} INFO - Filling up the DagBag from /home/airflow/.local/lib/python3.7/site-packages/airflow/example_dags/tutorial.py
[2022-03-28 07:19:24,594] {processor.py:654} INFO - DAG(s) dict_keys(['tutorial']) retrieved from /home/airflow/.local/lib/python3.7/site-packages/airflow/example_dags/tutorial.py
[2022-03-28 07:19:24,604] {logging_mixin.py:109} INFO - [2022-03-28 07:19:24,604] {dag.py:2398} INFO - Sync 1 DAGs
[2022-03-28 07:19:24,619] {logging_mixin.py:109} INFO - [2022-03-28 07:19:24,619] {dag.py:2937} INFO - Setting next_dagrun for tutorial to 2022-03-27T07:19:24.619275+00:00
[2022-03-28 07:19:24,631] {processor.py:171} INFO - Processing /home/airflow/.local/lib/python3.7/site-packages/airflow/example_dags/tutorial.py took 0.076 seconds
[2022-03-28 07:19:55,137] {processor.py:163} INFO - Started process (PID=1621) to work on /home/airflow/.local/lib/python3.7/site-packages/airflow/example_dags/tutorial.py
[2022-03-28 07:19:55,139] {processor.py:642} INFO - Processing file /home/airflow/.local/lib/python3.7/site-packages/airflow/example_dags/tutorial.py for tasks to queue
[2022-03-28 07:19:55,140] {logging_mixin.py:109} INFO - [2022-03-28 07:19:55,140] {dagbag.py:500} INFO - Filling up the DagBag from /home/airflow/.local/lib/python3.7/site-packages/airflow/example_dags/tutorial.py
[2022-03-28 07:19:55,169] {processor.py:654} INFO - DAG(s) dict_keys(['tutorial']) retrieved from /home/airflow/.local/lib/python3.7/site-packages/airflow/example_dags/tutorial.py
[2022-03-28 07:19:55,179] {logging_mixin.py:109} INFO - [2022-03-28 07:19:55,179] {dag.py:2398} INFO - Sync 1 DAGs
[2022-03-28 07:19:55,194] {logging_mixin.py:109} INFO - [2022-03-28 07:19:55,194] {dag.py:2937} INFO - Setting next_dagrun for tutorial to 2022-03-27T07:19:55.193778+00:00
[2022-03-28 07:19:55,205] {processor.py:171} INFO - Processing /home/airflow/.local/lib/python3.7/site-packages/airflow/example_dags/tutorial.py took 0.071 seconds
[2022-03-28 07:20:25,272] {processor.py:163} INFO - Started process (PID=1672) to work on /home/airflow/.local/lib/python3.7/site-packages/airflow/example_dags/tutorial.py
[2022-03-28 07:20:25,274] {processor.py:642} INFO - Processing file /home/airflow/.local/lib/python3.7/site-packages/airflow/example_dags/tutorial.py for tasks to queue
[2022-03-28 07:20:25,274] {logging_mixin.py:109} INFO - [2022-03-28 07:20:25,274] {dagbag.py:500} INFO - Filling up the DagBag from /home/airflow/.local/lib/python3.7/site-packages/airflow/example_dags/tutorial.py
[2022-03-28 07:20:25,299] {processor.py:654} INFO - DAG(s) dict_keys(['tutorial']) retrieved from /home/airflow/.local/lib/python3.7/site-packages/airflow/example_dags/tutorial.py
[2022-03-28 07:20:25,307] {logging_mixin.py:109} INFO - [2022-03-28 07:20:25,307] {dag.py:2398} INFO - Sync 1 DAGs
[2022-03-28 07:20:25,321] {logging_mixin.py:109} INFO - [2022-03-28 07:20:25,321] {dag.py:2937} INFO - Setting next_dagrun for tutorial to 2022-03-27T07:20:25.321039+00:00
[2022-03-28 07:20:25,331] {processor.py:171} INFO - Processing /home/airflow/.local/lib/python3.7/site-packages/airflow/example_dags/tutorial.py took 0.061 seconds
[2022-03-28 07:20:56,152] {processor.py:163} INFO - Started process (PID=1733) to work on /home/airflow/.local/lib/python3.7/site-packages/airflow/example_dags/tutorial.py
[2022-03-28 07:20:56,153] {processor.py:642} INFO - Processing file /home/airflow/.local/lib/python3.7/site-packages/airflow/example_dags/tutorial.py for tasks to queue
[2022-03-28 07:20:56,154] {logging_mixin.py:109} INFO - [2022-03-28 07:20:56,154] {dagbag.py:500} INFO - Filling up the DagBag from /home/airflow/.local/lib/python3.7/site-packages/airflow/example_dags/tutorial.py
[2022-03-28 07:20:56,183] {processor.py:654} INFO - DAG(s) dict_keys(['tutorial']) retrieved from /home/airflow/.local/lib/python3.7/site-packages/airflow/example_dags/tutorial.py
[2022-03-28 07:20:56,193] {logging_mixin.py:109} INFO - [2022-03-28 07:20:56,193] {dag.py:2398} INFO - Sync 1 DAGs
[2022-03-28 07:20:56,208] {logging_mixin.py:109} INFO - [2022-03-28 07:20:56,208] {dag.py:2937} INFO - Setting next_dagrun for tutorial to 2022-03-27T07:20:56.208203+00:00
[2022-03-28 07:20:56,218] {processor.py:171} INFO - Processing /home/airflow/.local/lib/python3.7/site-packages/airflow/example_dags/tutorial.py took 0.068 seconds
[2022-03-28 07:21:26,291] {processor.py:163} INFO - Started process (PID=1783) to work on /home/airflow/.local/lib/python3.7/site-packages/airflow/example_dags/tutorial.py
[2022-03-28 07:21:26,292] {processor.py:642} INFO - Processing file /home/airflow/.local/lib/python3.7/site-packages/airflow/example_dags/tutorial.py for tasks to queue
[2022-03-28 07:21:26,294] {logging_mixin.py:109} INFO - [2022-03-28 07:21:26,294] {dagbag.py:500} INFO - Filling up the DagBag from /home/airflow/.local/lib/python3.7/site-packages/airflow/example_dags/tutorial.py
[2022-03-28 07:21:26,320] {processor.py:654} INFO - DAG(s) dict_keys(['tutorial']) retrieved from /home/airflow/.local/lib/python3.7/site-packages/airflow/example_dags/tutorial.py
[2022-03-28 07:21:26,328] {logging_mixin.py:109} INFO - [2022-03-28 07:21:26,328] {dag.py:2398} INFO - Sync 1 DAGs
[2022-03-28 07:21:26,341] {logging_mixin.py:109} INFO - [2022-03-28 07:21:26,341] {dag.py:2937} INFO - Setting next_dagrun for tutorial to 2022-03-27T07:21:26.341044+00:00
[2022-03-28 07:21:26,351] {processor.py:171} INFO - Processing /home/airflow/.local/lib/python3.7/site-packages/airflow/example_dags/tutorial.py took 0.063 seconds
[2022-03-28 07:21:57,367] {processor.py:163} INFO - Started process (PID=1835) to work on /home/airflow/.local/lib/python3.7/site-packages/airflow/example_dags/tutorial.py
[2022-03-28 07:21:57,368] {processor.py:642} INFO - Processing file /home/airflow/.local/lib/python3.7/site-packages/airflow/example_dags/tutorial.py for tasks to queue
[2022-03-28 07:21:57,369] {logging_mixin.py:109} INFO - [2022-03-28 07:21:57,369] {dagbag.py:500} INFO - Filling up the DagBag from /home/airflow/.local/lib/python3.7/site-packages/airflow/example_dags/tutorial.py
[2022-03-28 07:21:57,397] {processor.py:654} INFO - DAG(s) dict_keys(['tutorial']) retrieved from /home/airflow/.local/lib/python3.7/site-packages/airflow/example_dags/tutorial.py
[2022-03-28 07:21:57,408] {logging_mixin.py:109} INFO - [2022-03-28 07:21:57,408] {dag.py:2398} INFO - Sync 1 DAGs
[2022-03-28 07:21:57,424] {logging_mixin.py:109} INFO - [2022-03-28 07:21:57,424] {dag.py:2937} INFO - Setting next_dagrun for tutorial to 2022-03-27T07:21:57.424604+00:00
[2022-03-28 07:21:57,437] {processor.py:171} INFO - Processing /home/airflow/.local/lib/python3.7/site-packages/airflow/example_dags/tutorial.py took 0.072 seconds
[2022-03-28 07:22:27,503] {processor.py:163} INFO - Started process (PID=1895) to work on /home/airflow/.local/lib/python3.7/site-packages/airflow/example_dags/tutorial.py
[2022-03-28 07:22:27,505] {processor.py:642} INFO - Processing file /home/airflow/.local/lib/python3.7/site-packages/airflow/example_dags/tutorial.py for tasks to queue
[2022-03-28 07:22:27,505] {logging_mixin.py:109} INFO - [2022-03-28 07:22:27,505] {dagbag.py:500} INFO - Filling up the DagBag from /home/airflow/.local/lib/python3.7/site-packages/airflow/example_dags/tutorial.py
[2022-03-28 07:22:27,542] {processor.py:654} INFO - DAG(s) dict_keys(['tutorial']) retrieved from /home/airflow/.local/lib/python3.7/site-packages/airflow/example_dags/tutorial.py
[2022-03-28 07:22:27,555] {logging_mixin.py:109} INFO - [2022-03-28 07:22:27,555] {dag.py:2398} INFO - Sync 1 DAGs
[2022-03-28 07:22:27,580] {logging_mixin.py:109} INFO - [2022-03-28 07:22:27,580] {dag.py:2937} INFO - Setting next_dagrun for tutorial to 2022-03-27T07:22:27.579789+00:00
[2022-03-28 07:22:27,594] {processor.py:171} INFO - Processing /home/airflow/.local/lib/python3.7/site-packages/airflow/example_dags/tutorial.py took 0.094 seconds
[2022-03-28 07:22:58,242] {processor.py:163} INFO - Started process (PID=1946) to work on /home/airflow/.local/lib/python3.7/site-packages/airflow/example_dags/tutorial.py
[2022-03-28 07:22:58,244] {processor.py:642} INFO - Processing file /home/airflow/.local/lib/python3.7/site-packages/airflow/example_dags/tutorial.py for tasks to queue
[2022-03-28 07:22:58,245] {logging_mixin.py:109} INFO - [2022-03-28 07:22:58,245] {dagbag.py:500} INFO - Filling up the DagBag from /home/airflow/.local/lib/python3.7/site-packages/airflow/example_dags/tutorial.py
[2022-03-28 07:22:58,286] {processor.py:654} INFO - DAG(s) dict_keys(['tutorial']) retrieved from /home/airflow/.local/lib/python3.7/site-packages/airflow/example_dags/tutorial.py
[2022-03-28 07:22:58,303] {logging_mixin.py:109} INFO - [2022-03-28 07:22:58,303] {dag.py:2398} INFO - Sync 1 DAGs
[2022-03-28 07:22:58,326] {logging_mixin.py:109} INFO - [2022-03-28 07:22:58,326] {dag.py:2937} INFO - Setting next_dagrun for tutorial to 2022-03-27T07:22:58.326288+00:00
[2022-03-28 07:22:58,340] {processor.py:171} INFO - Processing /home/airflow/.local/lib/python3.7/site-packages/airflow/example_dags/tutorial.py took 0.102 seconds
[2022-03-28 07:23:28,936] {processor.py:163} INFO - Started process (PID=1997) to work on /home/airflow/.local/lib/python3.7/site-packages/airflow/example_dags/tutorial.py
[2022-03-28 07:23:28,939] {processor.py:642} INFO - Processing file /home/airflow/.local/lib/python3.7/site-packages/airflow/example_dags/tutorial.py for tasks to queue
[2022-03-28 07:23:28,940] {logging_mixin.py:109} INFO - [2022-03-28 07:23:28,940] {dagbag.py:500} INFO - Filling up the DagBag from /home/airflow/.local/lib/python3.7/site-packages/airflow/example_dags/tutorial.py
[2022-03-28 07:23:28,982] {processor.py:654} INFO - DAG(s) dict_keys(['tutorial']) retrieved from /home/airflow/.local/lib/python3.7/site-packages/airflow/example_dags/tutorial.py
[2022-03-28 07:23:29,005] {logging_mixin.py:109} INFO - [2022-03-28 07:23:29,005] {dag.py:2398} INFO - Sync 1 DAGs
[2022-03-28 07:23:29,028] {logging_mixin.py:109} INFO - [2022-03-28 07:23:29,027] {dag.py:2937} INFO - Setting next_dagrun for tutorial to 2022-03-27T07:23:29.027519+00:00
[2022-03-28 07:23:29,042] {processor.py:171} INFO - Processing /home/airflow/.local/lib/python3.7/site-packages/airflow/example_dags/tutorial.py took 0.111 seconds
[2022-03-28 07:23:59,660] {processor.py:163} INFO - Started process (PID=2049) to work on /home/airflow/.local/lib/python3.7/site-packages/airflow/example_dags/tutorial.py
[2022-03-28 07:23:59,662] {processor.py:642} INFO - Processing file /home/airflow/.local/lib/python3.7/site-packages/airflow/example_dags/tutorial.py for tasks to queue
[2022-03-28 07:23:59,663] {logging_mixin.py:109} INFO - [2022-03-28 07:23:59,663] {dagbag.py:500} INFO - Filling up the DagBag from /home/airflow/.local/lib/python3.7/site-packages/airflow/example_dags/tutorial.py
[2022-03-28 07:23:59,745] {processor.py:654} INFO - DAG(s) dict_keys(['tutorial']) retrieved from /home/airflow/.local/lib/python3.7/site-packages/airflow/example_dags/tutorial.py
[2022-03-28 07:23:59,762] {logging_mixin.py:109} INFO - [2022-03-28 07:23:59,761] {dag.py:2398} INFO - Sync 1 DAGs
[2022-03-28 07:23:59,793] {logging_mixin.py:109} INFO - [2022-03-28 07:23:59,793] {dag.py:2937} INFO - Setting next_dagrun for tutorial to 2022-03-27T07:23:59.793220+00:00
[2022-03-28 07:23:59,807] {processor.py:171} INFO - Processing /home/airflow/.local/lib/python3.7/site-packages/airflow/example_dags/tutorial.py took 0.151 seconds
[2022-03-28 07:24:30,728] {processor.py:163} INFO - Started process (PID=2101) to work on /home/airflow/.local/lib/python3.7/site-packages/airflow/example_dags/tutorial.py
[2022-03-28 07:24:30,730] {processor.py:642} INFO - Processing file /home/airflow/.local/lib/python3.7/site-packages/airflow/example_dags/tutorial.py for tasks to queue
[2022-03-28 07:24:30,731] {logging_mixin.py:109} INFO - [2022-03-28 07:24:30,731] {dagbag.py:500} INFO - Filling up the DagBag from /home/airflow/.local/lib/python3.7/site-packages/airflow/example_dags/tutorial.py
[2022-03-28 07:24:30,772] {processor.py:654} INFO - DAG(s) dict_keys(['tutorial']) retrieved from /home/airflow/.local/lib/python3.7/site-packages/airflow/example_dags/tutorial.py
[2022-03-28 07:24:30,787] {logging_mixin.py:109} INFO - [2022-03-28 07:24:30,787] {dag.py:2398} INFO - Sync 1 DAGs
[2022-03-28 07:24:30,810] {logging_mixin.py:109} INFO - [2022-03-28 07:24:30,810] {dag.py:2937} INFO - Setting next_dagrun for tutorial to 2022-03-27T07:24:30.809834+00:00
[2022-03-28 07:24:30,826] {processor.py:171} INFO - Processing /home/airflow/.local/lib/python3.7/site-packages/airflow/example_dags/tutorial.py took 0.103 seconds
[2022-03-28 07:25:01,061] {processor.py:163} INFO - Started process (PID=2151) to work on /home/airflow/.local/lib/python3.7/site-packages/airflow/example_dags/tutorial.py
[2022-03-28 07:25:01,062] {processor.py:642} INFO - Processing file /home/airflow/.local/lib/python3.7/site-packages/airflow/example_dags/tutorial.py for tasks to queue
[2022-03-28 07:25:01,062] {logging_mixin.py:109} INFO - [2022-03-28 07:25:01,062] {dagbag.py:500} INFO - Filling up the DagBag from /home/airflow/.local/lib/python3.7/site-packages/airflow/example_dags/tutorial.py
[2022-03-28 07:25:01,149] {processor.py:654} INFO - DAG(s) dict_keys(['tutorial']) retrieved from /home/airflow/.local/lib/python3.7/site-packages/airflow/example_dags/tutorial.py
[2022-03-28 07:25:01,158] {logging_mixin.py:109} INFO - [2022-03-28 07:25:01,158] {dag.py:2398} INFO - Sync 1 DAGs
[2022-03-28 07:25:01,177] {logging_mixin.py:109} INFO - [2022-03-28 07:25:01,177] {dag.py:2937} INFO - Setting next_dagrun for tutorial to 2022-03-27T07:25:01.177578+00:00
[2022-03-28 07:25:01,190] {processor.py:171} INFO - Processing /home/airflow/.local/lib/python3.7/site-packages/airflow/example_dags/tutorial.py took 0.132 seconds
[2022-03-28 07:25:31,258] {processor.py:163} INFO - Started process (PID=2213) to work on /home/airflow/.local/lib/python3.7/site-packages/airflow/example_dags/tutorial.py
[2022-03-28 07:25:31,259] {processor.py:642} INFO - Processing file /home/airflow/.local/lib/python3.7/site-packages/airflow/example_dags/tutorial.py for tasks to queue
[2022-03-28 07:25:31,260] {logging_mixin.py:109} INFO - [2022-03-28 07:25:31,260] {dagbag.py:500} INFO - Filling up the DagBag from /home/airflow/.local/lib/python3.7/site-packages/airflow/example_dags/tutorial.py
[2022-03-28 07:25:31,286] {processor.py:654} INFO - DAG(s) dict_keys(['tutorial']) retrieved from /home/airflow/.local/lib/python3.7/site-packages/airflow/example_dags/tutorial.py
[2022-03-28 07:25:31,294] {logging_mixin.py:109} INFO - [2022-03-28 07:25:31,294] {dag.py:2398} INFO - Sync 1 DAGs
[2022-03-28 07:25:31,306] {logging_mixin.py:109} INFO - [2022-03-28 07:25:31,306] {dag.py:2937} INFO - Setting next_dagrun for tutorial to 2022-03-27T07:25:31.306333+00:00
[2022-03-28 07:25:31,314] {processor.py:171} INFO - Processing /home/airflow/.local/lib/python3.7/site-packages/airflow/example_dags/tutorial.py took 0.058 seconds
[2022-03-28 07:26:02,133] {processor.py:163} INFO - Started process (PID=2263) to work on /home/airflow/.local/lib/python3.7/site-packages/airflow/example_dags/tutorial.py
[2022-03-28 07:26:02,134] {processor.py:642} INFO - Processing file /home/airflow/.local/lib/python3.7/site-packages/airflow/example_dags/tutorial.py for tasks to queue
[2022-03-28 07:26:02,135] {logging_mixin.py:109} INFO - [2022-03-28 07:26:02,135] {dagbag.py:500} INFO - Filling up the DagBag from /home/airflow/.local/lib/python3.7/site-packages/airflow/example_dags/tutorial.py
[2022-03-28 07:26:02,159] {processor.py:654} INFO - DAG(s) dict_keys(['tutorial']) retrieved from /home/airflow/.local/lib/python3.7/site-packages/airflow/example_dags/tutorial.py
[2022-03-28 07:26:02,166] {logging_mixin.py:109} INFO - [2022-03-28 07:26:02,166] {dag.py:2398} INFO - Sync 1 DAGs
[2022-03-28 07:26:02,180] {logging_mixin.py:109} INFO - [2022-03-28 07:26:02,180] {dag.py:2937} INFO - Setting next_dagrun for tutorial to 2022-03-27T07:26:02.180552+00:00
[2022-03-28 07:26:02,190] {processor.py:171} INFO - Processing /home/airflow/.local/lib/python3.7/site-packages/airflow/example_dags/tutorial.py took 0.060 seconds
[2022-03-28 07:26:32,871] {processor.py:163} INFO - Started process (PID=2324) to work on /home/airflow/.local/lib/python3.7/site-packages/airflow/example_dags/tutorial.py
[2022-03-28 07:26:32,872] {processor.py:642} INFO - Processing file /home/airflow/.local/lib/python3.7/site-packages/airflow/example_dags/tutorial.py for tasks to queue
[2022-03-28 07:26:32,872] {logging_mixin.py:109} INFO - [2022-03-28 07:26:32,872] {dagbag.py:500} INFO - Filling up the DagBag from /home/airflow/.local/lib/python3.7/site-packages/airflow/example_dags/tutorial.py
[2022-03-28 07:26:32,899] {processor.py:654} INFO - DAG(s) dict_keys(['tutorial']) retrieved from /home/airflow/.local/lib/python3.7/site-packages/airflow/example_dags/tutorial.py
[2022-03-28 07:26:32,908] {logging_mixin.py:109} INFO - [2022-03-28 07:26:32,908] {dag.py:2398} INFO - Sync 1 DAGs
[2022-03-28 07:26:32,922] {logging_mixin.py:109} INFO - [2022-03-28 07:26:32,922] {dag.py:2937} INFO - Setting next_dagrun for tutorial to 2022-03-27T07:26:32.922503+00:00
[2022-03-28 07:26:32,933] {processor.py:171} INFO - Processing /home/airflow/.local/lib/python3.7/site-packages/airflow/example_dags/tutorial.py took 0.065 seconds
[2022-03-28 07:27:03,615] {processor.py:163} INFO - Started process (PID=2376) to work on /home/airflow/.local/lib/python3.7/site-packages/airflow/example_dags/tutorial.py
[2022-03-28 07:27:03,617] {processor.py:642} INFO - Processing file /home/airflow/.local/lib/python3.7/site-packages/airflow/example_dags/tutorial.py for tasks to queue
[2022-03-28 07:27:03,617] {logging_mixin.py:109} INFO - [2022-03-28 07:27:03,617] {dagbag.py:500} INFO - Filling up the DagBag from /home/airflow/.local/lib/python3.7/site-packages/airflow/example_dags/tutorial.py
[2022-03-28 07:27:03,642] {processor.py:654} INFO - DAG(s) dict_keys(['tutorial']) retrieved from /home/airflow/.local/lib/python3.7/site-packages/airflow/example_dags/tutorial.py
[2022-03-28 07:27:03,652] {logging_mixin.py:109} INFO - [2022-03-28 07:27:03,652] {dag.py:2398} INFO - Sync 1 DAGs
[2022-03-28 07:27:03,665] {logging_mixin.py:109} INFO - [2022-03-28 07:27:03,665] {dag.py:2937} INFO - Setting next_dagrun for tutorial to 2022-03-27T07:27:03.665197+00:00
[2022-03-28 07:27:03,677] {processor.py:171} INFO - Processing /home/airflow/.local/lib/python3.7/site-packages/airflow/example_dags/tutorial.py took 0.064 seconds
[2022-03-28 07:27:34,172] {processor.py:163} INFO - Started process (PID=2427) to work on /home/airflow/.local/lib/python3.7/site-packages/airflow/example_dags/tutorial.py
[2022-03-28 07:27:34,173] {processor.py:642} INFO - Processing file /home/airflow/.local/lib/python3.7/site-packages/airflow/example_dags/tutorial.py for tasks to queue
[2022-03-28 07:27:34,173] {logging_mixin.py:109} INFO - [2022-03-28 07:27:34,173] {dagbag.py:500} INFO - Filling up the DagBag from /home/airflow/.local/lib/python3.7/site-packages/airflow/example_dags/tutorial.py
[2022-03-28 07:27:34,231] {processor.py:654} INFO - DAG(s) dict_keys(['tutorial']) retrieved from /home/airflow/.local/lib/python3.7/site-packages/airflow/example_dags/tutorial.py
[2022-03-28 07:27:34,244] {logging_mixin.py:109} INFO - [2022-03-28 07:27:34,244] {dag.py:2398} INFO - Sync 1 DAGs
[2022-03-28 07:27:34,274] {logging_mixin.py:109} INFO - [2022-03-28 07:27:34,273] {dag.py:2937} INFO - Setting next_dagrun for tutorial to 2022-03-27T07:27:34.273190+00:00
[2022-03-28 07:27:34,285] {processor.py:171} INFO - Processing /home/airflow/.local/lib/python3.7/site-packages/airflow/example_dags/tutorial.py took 0.116 seconds
[2022-03-28 07:28:04,923] {processor.py:163} INFO - Started process (PID=2487) to work on /home/airflow/.local/lib/python3.7/site-packages/airflow/example_dags/tutorial.py
[2022-03-28 07:28:04,924] {processor.py:642} INFO - Processing file /home/airflow/.local/lib/python3.7/site-packages/airflow/example_dags/tutorial.py for tasks to queue
[2022-03-28 07:28:04,925] {logging_mixin.py:109} INFO - [2022-03-28 07:28:04,925] {dagbag.py:500} INFO - Filling up the DagBag from /home/airflow/.local/lib/python3.7/site-packages/airflow/example_dags/tutorial.py
[2022-03-28 07:28:04,957] {processor.py:654} INFO - DAG(s) dict_keys(['tutorial']) retrieved from /home/airflow/.local/lib/python3.7/site-packages/airflow/example_dags/tutorial.py
[2022-03-28 07:28:04,971] {logging_mixin.py:109} INFO - [2022-03-28 07:28:04,971] {dag.py:2398} INFO - Sync 1 DAGs
[2022-03-28 07:28:04,988] {logging_mixin.py:109} INFO - [2022-03-28 07:28:04,988] {dag.py:2937} INFO - Setting next_dagrun for tutorial to 2022-03-27T07:28:04.987994+00:00
[2022-03-28 07:28:04,998] {processor.py:171} INFO - Processing /home/airflow/.local/lib/python3.7/site-packages/airflow/example_dags/tutorial.py took 0.078 seconds
[2022-03-28 07:28:35,505] {processor.py:163} INFO - Started process (PID=2538) to work on /home/airflow/.local/lib/python3.7/site-packages/airflow/example_dags/tutorial.py
[2022-03-28 07:28:35,506] {processor.py:642} INFO - Processing file /home/airflow/.local/lib/python3.7/site-packages/airflow/example_dags/tutorial.py for tasks to queue
[2022-03-28 07:28:35,507] {logging_mixin.py:109} INFO - [2022-03-28 07:28:35,507] {dagbag.py:500} INFO - Filling up the DagBag from /home/airflow/.local/lib/python3.7/site-packages/airflow/example_dags/tutorial.py
[2022-03-28 07:28:35,533] {processor.py:654} INFO - DAG(s) dict_keys(['tutorial']) retrieved from /home/airflow/.local/lib/python3.7/site-packages/airflow/example_dags/tutorial.py
[2022-03-28 07:28:35,541] {logging_mixin.py:109} INFO - [2022-03-28 07:28:35,541] {dag.py:2398} INFO - Sync 1 DAGs
[2022-03-28 07:28:35,554] {logging_mixin.py:109} INFO - [2022-03-28 07:28:35,554] {dag.py:2937} INFO - Setting next_dagrun for tutorial to 2022-03-27T07:28:35.554375+00:00
[2022-03-28 07:28:35,563] {processor.py:171} INFO - Processing /home/airflow/.local/lib/python3.7/site-packages/airflow/example_dags/tutorial.py took 0.061 seconds
[2022-03-28 07:29:06,383] {processor.py:163} INFO - Started process (PID=2599) to work on /home/airflow/.local/lib/python3.7/site-packages/airflow/example_dags/tutorial.py
[2022-03-28 07:29:06,385] {processor.py:642} INFO - Processing file /home/airflow/.local/lib/python3.7/site-packages/airflow/example_dags/tutorial.py for tasks to queue
[2022-03-28 07:29:06,386] {logging_mixin.py:109} INFO - [2022-03-28 07:29:06,386] {dagbag.py:500} INFO - Filling up the DagBag from /home/airflow/.local/lib/python3.7/site-packages/airflow/example_dags/tutorial.py
[2022-03-28 07:29:06,414] {processor.py:654} INFO - DAG(s) dict_keys(['tutorial']) retrieved from /home/airflow/.local/lib/python3.7/site-packages/airflow/example_dags/tutorial.py
[2022-03-28 07:29:06,425] {logging_mixin.py:109} INFO - [2022-03-28 07:29:06,425] {dag.py:2398} INFO - Sync 1 DAGs
[2022-03-28 07:29:06,442] {logging_mixin.py:109} INFO - [2022-03-28 07:29:06,442] {dag.py:2937} INFO - Setting next_dagrun for tutorial to 2022-03-27T07:29:06.442376+00:00
[2022-03-28 07:29:06,453] {processor.py:171} INFO - Processing /home/airflow/.local/lib/python3.7/site-packages/airflow/example_dags/tutorial.py took 0.074 seconds
[2022-03-28 07:29:37,015] {processor.py:163} INFO - Started process (PID=2651) to work on /home/airflow/.local/lib/python3.7/site-packages/airflow/example_dags/tutorial.py
[2022-03-28 07:29:37,017] {processor.py:642} INFO - Processing file /home/airflow/.local/lib/python3.7/site-packages/airflow/example_dags/tutorial.py for tasks to queue
[2022-03-28 07:29:37,018] {logging_mixin.py:109} INFO - [2022-03-28 07:29:37,018] {dagbag.py:500} INFO - Filling up the DagBag from /home/airflow/.local/lib/python3.7/site-packages/airflow/example_dags/tutorial.py
[2022-03-28 07:29:37,047] {processor.py:654} INFO - DAG(s) dict_keys(['tutorial']) retrieved from /home/airflow/.local/lib/python3.7/site-packages/airflow/example_dags/tutorial.py
[2022-03-28 07:29:37,056] {logging_mixin.py:109} INFO - [2022-03-28 07:29:37,056] {dag.py:2398} INFO - Sync 1 DAGs
[2022-03-28 07:29:37,071] {logging_mixin.py:109} INFO - [2022-03-28 07:29:37,071] {dag.py:2937} INFO - Setting next_dagrun for tutorial to 2022-03-27T07:29:37.071317+00:00
[2022-03-28 07:29:37,081] {processor.py:171} INFO - Processing /home/airflow/.local/lib/python3.7/site-packages/airflow/example_dags/tutorial.py took 0.069 seconds
[2022-03-28 07:30:07,706] {processor.py:163} INFO - Started process (PID=2703) to work on /home/airflow/.local/lib/python3.7/site-packages/airflow/example_dags/tutorial.py
[2022-03-28 07:30:07,707] {processor.py:642} INFO - Processing file /home/airflow/.local/lib/python3.7/site-packages/airflow/example_dags/tutorial.py for tasks to queue
[2022-03-28 07:30:07,708] {logging_mixin.py:109} INFO - [2022-03-28 07:30:07,707] {dagbag.py:500} INFO - Filling up the DagBag from /home/airflow/.local/lib/python3.7/site-packages/airflow/example_dags/tutorial.py
[2022-03-28 07:30:07,732] {processor.py:654} INFO - DAG(s) dict_keys(['tutorial']) retrieved from /home/airflow/.local/lib/python3.7/site-packages/airflow/example_dags/tutorial.py
[2022-03-28 07:30:07,740] {logging_mixin.py:109} INFO - [2022-03-28 07:30:07,739] {dag.py:2398} INFO - Sync 1 DAGs
[2022-03-28 07:30:07,752] {logging_mixin.py:109} INFO - [2022-03-28 07:30:07,752] {dag.py:2937} INFO - Setting next_dagrun for tutorial to 2022-03-27T07:30:07.752533+00:00
[2022-03-28 07:30:07,761] {processor.py:171} INFO - Processing /home/airflow/.local/lib/python3.7/site-packages/airflow/example_dags/tutorial.py took 0.058 seconds
[2022-03-28 07:30:37,845] {processor.py:163} INFO - Started process (PID=2763) to work on /home/airflow/.local/lib/python3.7/site-packages/airflow/example_dags/tutorial.py
[2022-03-28 07:30:37,846] {processor.py:642} INFO - Processing file /home/airflow/.local/lib/python3.7/site-packages/airflow/example_dags/tutorial.py for tasks to queue
[2022-03-28 07:30:37,847] {logging_mixin.py:109} INFO - [2022-03-28 07:30:37,847] {dagbag.py:500} INFO - Filling up the DagBag from /home/airflow/.local/lib/python3.7/site-packages/airflow/example_dags/tutorial.py
[2022-03-28 07:30:37,874] {processor.py:654} INFO - DAG(s) dict_keys(['tutorial']) retrieved from /home/airflow/.local/lib/python3.7/site-packages/airflow/example_dags/tutorial.py
[2022-03-28 07:30:37,883] {logging_mixin.py:109} INFO - [2022-03-28 07:30:37,883] {dag.py:2398} INFO - Sync 1 DAGs
[2022-03-28 07:30:37,897] {logging_mixin.py:109} INFO - [2022-03-28 07:30:37,896] {dag.py:2937} INFO - Setting next_dagrun for tutorial to 2022-03-27T07:30:37.896756+00:00
[2022-03-28 07:30:37,906] {processor.py:171} INFO - Processing /home/airflow/.local/lib/python3.7/site-packages/airflow/example_dags/tutorial.py took 0.063 seconds
[2022-03-28 07:31:08,581] {processor.py:163} INFO - Started process (PID=2814) to work on /home/airflow/.local/lib/python3.7/site-packages/airflow/example_dags/tutorial.py
[2022-03-28 07:31:08,582] {processor.py:642} INFO - Processing file /home/airflow/.local/lib/python3.7/site-packages/airflow/example_dags/tutorial.py for tasks to queue
[2022-03-28 07:31:08,583] {logging_mixin.py:109} INFO - [2022-03-28 07:31:08,583] {dagbag.py:500} INFO - Filling up the DagBag from /home/airflow/.local/lib/python3.7/site-packages/airflow/example_dags/tutorial.py
[2022-03-28 07:31:08,609] {processor.py:654} INFO - DAG(s) dict_keys(['tutorial']) retrieved from /home/airflow/.local/lib/python3.7/site-packages/airflow/example_dags/tutorial.py
[2022-03-28 07:31:08,619] {logging_mixin.py:109} INFO - [2022-03-28 07:31:08,618] {dag.py:2398} INFO - Sync 1 DAGs
[2022-03-28 07:31:08,634] {logging_mixin.py:109} INFO - [2022-03-28 07:31:08,634] {dag.py:2937} INFO - Setting next_dagrun for tutorial to 2022-03-27T07:31:08.633887+00:00
[2022-03-28 07:31:08,644] {processor.py:171} INFO - Processing /home/airflow/.local/lib/python3.7/site-packages/airflow/example_dags/tutorial.py took 0.066 seconds
[2022-03-28 07:31:39,316] {processor.py:163} INFO - Started process (PID=2866) to work on /home/airflow/.local/lib/python3.7/site-packages/airflow/example_dags/tutorial.py
[2022-03-28 07:31:39,318] {processor.py:642} INFO - Processing file /home/airflow/.local/lib/python3.7/site-packages/airflow/example_dags/tutorial.py for tasks to queue
[2022-03-28 07:31:39,321] {logging_mixin.py:109} INFO - [2022-03-28 07:31:39,321] {dagbag.py:500} INFO - Filling up the DagBag from /home/airflow/.local/lib/python3.7/site-packages/airflow/example_dags/tutorial.py
[2022-03-28 07:31:39,364] {processor.py:654} INFO - DAG(s) dict_keys(['tutorial']) retrieved from /home/airflow/.local/lib/python3.7/site-packages/airflow/example_dags/tutorial.py
[2022-03-28 07:31:39,381] {logging_mixin.py:109} INFO - [2022-03-28 07:31:39,381] {dag.py:2398} INFO - Sync 1 DAGs
[2022-03-28 07:31:39,399] {logging_mixin.py:109} INFO - [2022-03-28 07:31:39,399] {dag.py:2937} INFO - Setting next_dagrun for tutorial to 2022-03-27T07:31:39.399273+00:00
[2022-03-28 07:31:39,408] {processor.py:171} INFO - Processing /home/airflow/.local/lib/python3.7/site-packages/airflow/example_dags/tutorial.py took 0.098 seconds
[2022-03-28 07:32:10,305] {processor.py:163} INFO - Started process (PID=2927) to work on /home/airflow/.local/lib/python3.7/site-packages/airflow/example_dags/tutorial.py
[2022-03-28 07:32:10,306] {processor.py:642} INFO - Processing file /home/airflow/.local/lib/python3.7/site-packages/airflow/example_dags/tutorial.py for tasks to queue
[2022-03-28 07:32:10,307] {logging_mixin.py:109} INFO - [2022-03-28 07:32:10,307] {dagbag.py:500} INFO - Filling up the DagBag from /home/airflow/.local/lib/python3.7/site-packages/airflow/example_dags/tutorial.py
[2022-03-28 07:32:10,334] {processor.py:654} INFO - DAG(s) dict_keys(['tutorial']) retrieved from /home/airflow/.local/lib/python3.7/site-packages/airflow/example_dags/tutorial.py
[2022-03-28 07:32:10,343] {logging_mixin.py:109} INFO - [2022-03-28 07:32:10,343] {dag.py:2398} INFO - Sync 1 DAGs
[2022-03-28 07:32:10,359] {logging_mixin.py:109} INFO - [2022-03-28 07:32:10,359] {dag.py:2937} INFO - Setting next_dagrun for tutorial to 2022-03-27T07:32:10.359431+00:00
[2022-03-28 07:32:10,369] {processor.py:171} INFO - Processing /home/airflow/.local/lib/python3.7/site-packages/airflow/example_dags/tutorial.py took 0.067 seconds
