[2022-03-28 07:08:40,935] {processor.py:163} INFO - Started process (PID=180) to work on /home/airflow/.local/lib/python3.7/site-packages/airflow/example_dags/tutorial_taskflow_api_etl.py
[2022-03-28 07:08:40,937] {processor.py:642} INFO - Processing file /home/airflow/.local/lib/python3.7/site-packages/airflow/example_dags/tutorial_taskflow_api_etl.py for tasks to queue
[2022-03-28 07:08:40,938] {logging_mixin.py:109} INFO - [2022-03-28 07:08:40,938] {dagbag.py:500} INFO - Filling up the DagBag from /home/airflow/.local/lib/python3.7/site-packages/airflow/example_dags/tutorial_taskflow_api_etl.py
[2022-03-28 07:08:40,975] {processor.py:654} INFO - DAG(s) dict_keys(['tutorial_taskflow_api_etl']) retrieved from /home/airflow/.local/lib/python3.7/site-packages/airflow/example_dags/tutorial_taskflow_api_etl.py
[2022-03-28 07:08:43,078] {logging_mixin.py:109} INFO - [2022-03-28 07:08:43,078] {manager.py:496} INFO - Created Permission View: can read on DAG:tutorial_taskflow_api_etl
[2022-03-28 07:08:43,089] {logging_mixin.py:109} INFO - [2022-03-28 07:08:43,088] {manager.py:496} INFO - Created Permission View: can edit on DAG:tutorial_taskflow_api_etl
[2022-03-28 07:08:43,090] {logging_mixin.py:109} INFO - [2022-03-28 07:08:43,089] {dag.py:2398} INFO - Sync 1 DAGs
[2022-03-28 07:08:43,101] {logging_mixin.py:109} INFO - [2022-03-28 07:08:43,101] {dag.py:2417} INFO - Creating ORM DAG for tutorial_taskflow_api_etl
[2022-03-28 07:08:43,112] {logging_mixin.py:109} INFO - [2022-03-28 07:08:43,111] {dag.py:2937} INFO - Setting next_dagrun for tutorial_taskflow_api_etl to None
[2022-03-28 07:08:43,126] {processor.py:171} INFO - Processing /home/airflow/.local/lib/python3.7/site-packages/airflow/example_dags/tutorial_taskflow_api_etl.py took 2.193 seconds
[2022-03-28 07:09:13,199] {processor.py:163} INFO - Started process (PID=481) to work on /home/airflow/.local/lib/python3.7/site-packages/airflow/example_dags/tutorial_taskflow_api_etl.py
[2022-03-28 07:09:13,201] {processor.py:642} INFO - Processing file /home/airflow/.local/lib/python3.7/site-packages/airflow/example_dags/tutorial_taskflow_api_etl.py for tasks to queue
[2022-03-28 07:09:13,201] {logging_mixin.py:109} INFO - [2022-03-28 07:09:13,201] {dagbag.py:500} INFO - Filling up the DagBag from /home/airflow/.local/lib/python3.7/site-packages/airflow/example_dags/tutorial_taskflow_api_etl.py
[2022-03-28 07:09:13,231] {processor.py:654} INFO - DAG(s) dict_keys(['tutorial_taskflow_api_etl']) retrieved from /home/airflow/.local/lib/python3.7/site-packages/airflow/example_dags/tutorial_taskflow_api_etl.py
[2022-03-28 07:09:13,442] {logging_mixin.py:109} INFO - [2022-03-28 07:09:13,442] {dag.py:2398} INFO - Sync 1 DAGs
[2022-03-28 07:09:13,458] {logging_mixin.py:109} INFO - [2022-03-28 07:09:13,458] {dag.py:2937} INFO - Setting next_dagrun for tutorial_taskflow_api_etl to None
[2022-03-28 07:09:13,471] {processor.py:171} INFO - Processing /home/airflow/.local/lib/python3.7/site-packages/airflow/example_dags/tutorial_taskflow_api_etl.py took 0.274 seconds
[2022-03-28 07:09:44,169] {processor.py:163} INFO - Started process (PID=533) to work on /home/airflow/.local/lib/python3.7/site-packages/airflow/example_dags/tutorial_taskflow_api_etl.py
[2022-03-28 07:09:44,171] {processor.py:642} INFO - Processing file /home/airflow/.local/lib/python3.7/site-packages/airflow/example_dags/tutorial_taskflow_api_etl.py for tasks to queue
[2022-03-28 07:09:44,172] {logging_mixin.py:109} INFO - [2022-03-28 07:09:44,172] {dagbag.py:500} INFO - Filling up the DagBag from /home/airflow/.local/lib/python3.7/site-packages/airflow/example_dags/tutorial_taskflow_api_etl.py
[2022-03-28 07:09:44,214] {processor.py:654} INFO - DAG(s) dict_keys(['tutorial_taskflow_api_etl']) retrieved from /home/airflow/.local/lib/python3.7/site-packages/airflow/example_dags/tutorial_taskflow_api_etl.py
[2022-03-28 07:09:44,460] {logging_mixin.py:109} INFO - [2022-03-28 07:09:44,460] {dag.py:2398} INFO - Sync 1 DAGs
[2022-03-28 07:09:44,477] {logging_mixin.py:109} INFO - [2022-03-28 07:09:44,477] {dag.py:2937} INFO - Setting next_dagrun for tutorial_taskflow_api_etl to None
[2022-03-28 07:09:44,495] {processor.py:171} INFO - Processing /home/airflow/.local/lib/python3.7/site-packages/airflow/example_dags/tutorial_taskflow_api_etl.py took 0.329 seconds
[2022-03-28 07:10:14,697] {processor.py:163} INFO - Started process (PID=594) to work on /home/airflow/.local/lib/python3.7/site-packages/airflow/example_dags/tutorial_taskflow_api_etl.py
[2022-03-28 07:10:14,698] {processor.py:642} INFO - Processing file /home/airflow/.local/lib/python3.7/site-packages/airflow/example_dags/tutorial_taskflow_api_etl.py for tasks to queue
[2022-03-28 07:10:14,699] {logging_mixin.py:109} INFO - [2022-03-28 07:10:14,699] {dagbag.py:500} INFO - Filling up the DagBag from /home/airflow/.local/lib/python3.7/site-packages/airflow/example_dags/tutorial_taskflow_api_etl.py
[2022-03-28 07:10:14,734] {processor.py:654} INFO - DAG(s) dict_keys(['tutorial_taskflow_api_etl']) retrieved from /home/airflow/.local/lib/python3.7/site-packages/airflow/example_dags/tutorial_taskflow_api_etl.py
[2022-03-28 07:10:14,943] {logging_mixin.py:109} INFO - [2022-03-28 07:10:14,943] {dag.py:2398} INFO - Sync 1 DAGs
[2022-03-28 07:10:14,957] {logging_mixin.py:109} INFO - [2022-03-28 07:10:14,957] {dag.py:2937} INFO - Setting next_dagrun for tutorial_taskflow_api_etl to None
[2022-03-28 07:10:14,970] {processor.py:171} INFO - Processing /home/airflow/.local/lib/python3.7/site-packages/airflow/example_dags/tutorial_taskflow_api_etl.py took 0.277 seconds
[2022-03-28 07:10:45,418] {processor.py:163} INFO - Started process (PID=644) to work on /home/airflow/.local/lib/python3.7/site-packages/airflow/example_dags/tutorial_taskflow_api_etl.py
[2022-03-28 07:10:45,419] {processor.py:642} INFO - Processing file /home/airflow/.local/lib/python3.7/site-packages/airflow/example_dags/tutorial_taskflow_api_etl.py for tasks to queue
[2022-03-28 07:10:45,420] {logging_mixin.py:109} INFO - [2022-03-28 07:10:45,420] {dagbag.py:500} INFO - Filling up the DagBag from /home/airflow/.local/lib/python3.7/site-packages/airflow/example_dags/tutorial_taskflow_api_etl.py
[2022-03-28 07:10:45,453] {processor.py:654} INFO - DAG(s) dict_keys(['tutorial_taskflow_api_etl']) retrieved from /home/airflow/.local/lib/python3.7/site-packages/airflow/example_dags/tutorial_taskflow_api_etl.py
[2022-03-28 07:10:45,643] {logging_mixin.py:109} INFO - [2022-03-28 07:10:45,643] {dag.py:2398} INFO - Sync 1 DAGs
[2022-03-28 07:10:45,655] {logging_mixin.py:109} INFO - [2022-03-28 07:10:45,655] {dag.py:2937} INFO - Setting next_dagrun for tutorial_taskflow_api_etl to None
[2022-03-28 07:10:45,664] {processor.py:171} INFO - Processing /home/airflow/.local/lib/python3.7/site-packages/airflow/example_dags/tutorial_taskflow_api_etl.py took 0.249 seconds
[2022-03-28 07:11:15,891] {processor.py:163} INFO - Started process (PID=696) to work on /home/airflow/.local/lib/python3.7/site-packages/airflow/example_dags/tutorial_taskflow_api_etl.py
[2022-03-28 07:11:15,892] {processor.py:642} INFO - Processing file /home/airflow/.local/lib/python3.7/site-packages/airflow/example_dags/tutorial_taskflow_api_etl.py for tasks to queue
[2022-03-28 07:11:15,894] {logging_mixin.py:109} INFO - [2022-03-28 07:11:15,893] {dagbag.py:500} INFO - Filling up the DagBag from /home/airflow/.local/lib/python3.7/site-packages/airflow/example_dags/tutorial_taskflow_api_etl.py
[2022-03-28 07:11:15,926] {processor.py:654} INFO - DAG(s) dict_keys(['tutorial_taskflow_api_etl']) retrieved from /home/airflow/.local/lib/python3.7/site-packages/airflow/example_dags/tutorial_taskflow_api_etl.py
[2022-03-28 07:11:16,109] {logging_mixin.py:109} INFO - [2022-03-28 07:11:16,109] {dag.py:2398} INFO - Sync 1 DAGs
[2022-03-28 07:11:16,120] {logging_mixin.py:109} INFO - [2022-03-28 07:11:16,120] {dag.py:2937} INFO - Setting next_dagrun for tutorial_taskflow_api_etl to None
[2022-03-28 07:11:16,131] {processor.py:171} INFO - Processing /home/airflow/.local/lib/python3.7/site-packages/airflow/example_dags/tutorial_taskflow_api_etl.py took 0.243 seconds
[2022-03-28 07:11:46,304] {processor.py:163} INFO - Started process (PID=756) to work on /home/airflow/.local/lib/python3.7/site-packages/airflow/example_dags/tutorial_taskflow_api_etl.py
[2022-03-28 07:11:46,305] {processor.py:642} INFO - Processing file /home/airflow/.local/lib/python3.7/site-packages/airflow/example_dags/tutorial_taskflow_api_etl.py for tasks to queue
[2022-03-28 07:11:46,307] {logging_mixin.py:109} INFO - [2022-03-28 07:11:46,306] {dagbag.py:500} INFO - Filling up the DagBag from /home/airflow/.local/lib/python3.7/site-packages/airflow/example_dags/tutorial_taskflow_api_etl.py
[2022-03-28 07:11:46,342] {processor.py:654} INFO - DAG(s) dict_keys(['tutorial_taskflow_api_etl']) retrieved from /home/airflow/.local/lib/python3.7/site-packages/airflow/example_dags/tutorial_taskflow_api_etl.py
[2022-03-28 07:11:46,556] {logging_mixin.py:109} INFO - [2022-03-28 07:11:46,556] {dag.py:2398} INFO - Sync 1 DAGs
[2022-03-28 07:11:46,571] {logging_mixin.py:109} INFO - [2022-03-28 07:11:46,571] {dag.py:2937} INFO - Setting next_dagrun for tutorial_taskflow_api_etl to None
[2022-03-28 07:11:46,582] {processor.py:171} INFO - Processing /home/airflow/.local/lib/python3.7/site-packages/airflow/example_dags/tutorial_taskflow_api_etl.py took 0.281 seconds
[2022-03-28 07:12:16,857] {processor.py:163} INFO - Started process (PID=807) to work on /home/airflow/.local/lib/python3.7/site-packages/airflow/example_dags/tutorial_taskflow_api_etl.py
[2022-03-28 07:12:16,859] {processor.py:642} INFO - Processing file /home/airflow/.local/lib/python3.7/site-packages/airflow/example_dags/tutorial_taskflow_api_etl.py for tasks to queue
[2022-03-28 07:12:16,860] {logging_mixin.py:109} INFO - [2022-03-28 07:12:16,860] {dagbag.py:500} INFO - Filling up the DagBag from /home/airflow/.local/lib/python3.7/site-packages/airflow/example_dags/tutorial_taskflow_api_etl.py
[2022-03-28 07:12:16,893] {processor.py:654} INFO - DAG(s) dict_keys(['tutorial_taskflow_api_etl']) retrieved from /home/airflow/.local/lib/python3.7/site-packages/airflow/example_dags/tutorial_taskflow_api_etl.py
[2022-03-28 07:12:17,111] {logging_mixin.py:109} INFO - [2022-03-28 07:12:17,111] {dag.py:2398} INFO - Sync 1 DAGs
[2022-03-28 07:12:17,127] {logging_mixin.py:109} INFO - [2022-03-28 07:12:17,127] {dag.py:2937} INFO - Setting next_dagrun for tutorial_taskflow_api_etl to None
[2022-03-28 07:12:17,138] {processor.py:171} INFO - Processing /home/airflow/.local/lib/python3.7/site-packages/airflow/example_dags/tutorial_taskflow_api_etl.py took 0.283 seconds
[2022-03-28 07:12:47,421] {processor.py:163} INFO - Started process (PID=858) to work on /home/airflow/.local/lib/python3.7/site-packages/airflow/example_dags/tutorial_taskflow_api_etl.py
[2022-03-28 07:12:47,423] {processor.py:642} INFO - Processing file /home/airflow/.local/lib/python3.7/site-packages/airflow/example_dags/tutorial_taskflow_api_etl.py for tasks to queue
[2022-03-28 07:12:47,424] {logging_mixin.py:109} INFO - [2022-03-28 07:12:47,424] {dagbag.py:500} INFO - Filling up the DagBag from /home/airflow/.local/lib/python3.7/site-packages/airflow/example_dags/tutorial_taskflow_api_etl.py
[2022-03-28 07:12:47,456] {processor.py:654} INFO - DAG(s) dict_keys(['tutorial_taskflow_api_etl']) retrieved from /home/airflow/.local/lib/python3.7/site-packages/airflow/example_dags/tutorial_taskflow_api_etl.py
[2022-03-28 07:12:47,650] {logging_mixin.py:109} INFO - [2022-03-28 07:12:47,649] {dag.py:2398} INFO - Sync 1 DAGs
[2022-03-28 07:12:47,663] {logging_mixin.py:109} INFO - [2022-03-28 07:12:47,663] {dag.py:2937} INFO - Setting next_dagrun for tutorial_taskflow_api_etl to None
[2022-03-28 07:12:47,673] {processor.py:171} INFO - Processing /home/airflow/.local/lib/python3.7/site-packages/airflow/example_dags/tutorial_taskflow_api_etl.py took 0.255 seconds
[2022-03-28 07:13:17,876] {processor.py:163} INFO - Started process (PID=918) to work on /home/airflow/.local/lib/python3.7/site-packages/airflow/example_dags/tutorial_taskflow_api_etl.py
[2022-03-28 07:13:17,877] {processor.py:642} INFO - Processing file /home/airflow/.local/lib/python3.7/site-packages/airflow/example_dags/tutorial_taskflow_api_etl.py for tasks to queue
[2022-03-28 07:13:17,878] {logging_mixin.py:109} INFO - [2022-03-28 07:13:17,878] {dagbag.py:500} INFO - Filling up the DagBag from /home/airflow/.local/lib/python3.7/site-packages/airflow/example_dags/tutorial_taskflow_api_etl.py
[2022-03-28 07:13:17,913] {processor.py:654} INFO - DAG(s) dict_keys(['tutorial_taskflow_api_etl']) retrieved from /home/airflow/.local/lib/python3.7/site-packages/airflow/example_dags/tutorial_taskflow_api_etl.py
[2022-03-28 07:13:18,156] {logging_mixin.py:109} INFO - [2022-03-28 07:13:18,156] {dag.py:2398} INFO - Sync 1 DAGs
[2022-03-28 07:13:18,173] {logging_mixin.py:109} INFO - [2022-03-28 07:13:18,173] {dag.py:2937} INFO - Setting next_dagrun for tutorial_taskflow_api_etl to None
[2022-03-28 07:13:18,183] {processor.py:171} INFO - Processing /home/airflow/.local/lib/python3.7/site-packages/airflow/example_dags/tutorial_taskflow_api_etl.py took 0.311 seconds
[2022-03-28 07:13:48,384] {processor.py:163} INFO - Started process (PID=969) to work on /home/airflow/.local/lib/python3.7/site-packages/airflow/example_dags/tutorial_taskflow_api_etl.py
[2022-03-28 07:13:48,386] {processor.py:642} INFO - Processing file /home/airflow/.local/lib/python3.7/site-packages/airflow/example_dags/tutorial_taskflow_api_etl.py for tasks to queue
[2022-03-28 07:13:48,387] {logging_mixin.py:109} INFO - [2022-03-28 07:13:48,387] {dagbag.py:500} INFO - Filling up the DagBag from /home/airflow/.local/lib/python3.7/site-packages/airflow/example_dags/tutorial_taskflow_api_etl.py
[2022-03-28 07:13:48,426] {processor.py:654} INFO - DAG(s) dict_keys(['tutorial_taskflow_api_etl']) retrieved from /home/airflow/.local/lib/python3.7/site-packages/airflow/example_dags/tutorial_taskflow_api_etl.py
[2022-03-28 07:13:48,645] {logging_mixin.py:109} INFO - [2022-03-28 07:13:48,645] {dag.py:2398} INFO - Sync 1 DAGs
[2022-03-28 07:13:48,658] {logging_mixin.py:109} INFO - [2022-03-28 07:13:48,658] {dag.py:2937} INFO - Setting next_dagrun for tutorial_taskflow_api_etl to None
[2022-03-28 07:13:48,669] {processor.py:171} INFO - Processing /home/airflow/.local/lib/python3.7/site-packages/airflow/example_dags/tutorial_taskflow_api_etl.py took 0.287 seconds
[2022-03-28 07:14:19,021] {processor.py:163} INFO - Started process (PID=1020) to work on /home/airflow/.local/lib/python3.7/site-packages/airflow/example_dags/tutorial_taskflow_api_etl.py
[2022-03-28 07:14:19,022] {processor.py:642} INFO - Processing file /home/airflow/.local/lib/python3.7/site-packages/airflow/example_dags/tutorial_taskflow_api_etl.py for tasks to queue
[2022-03-28 07:14:19,023] {logging_mixin.py:109} INFO - [2022-03-28 07:14:19,023] {dagbag.py:500} INFO - Filling up the DagBag from /home/airflow/.local/lib/python3.7/site-packages/airflow/example_dags/tutorial_taskflow_api_etl.py
[2022-03-28 07:14:19,062] {processor.py:654} INFO - DAG(s) dict_keys(['tutorial_taskflow_api_etl']) retrieved from /home/airflow/.local/lib/python3.7/site-packages/airflow/example_dags/tutorial_taskflow_api_etl.py
[2022-03-28 07:14:19,295] {logging_mixin.py:109} INFO - [2022-03-28 07:14:19,295] {dag.py:2398} INFO - Sync 1 DAGs
[2022-03-28 07:14:19,308] {logging_mixin.py:109} INFO - [2022-03-28 07:14:19,308] {dag.py:2937} INFO - Setting next_dagrun for tutorial_taskflow_api_etl to None
[2022-03-28 07:14:19,321] {processor.py:171} INFO - Processing /home/airflow/.local/lib/python3.7/site-packages/airflow/example_dags/tutorial_taskflow_api_etl.py took 0.303 seconds
[2022-03-28 07:14:49,674] {processor.py:163} INFO - Started process (PID=1080) to work on /home/airflow/.local/lib/python3.7/site-packages/airflow/example_dags/tutorial_taskflow_api_etl.py
[2022-03-28 07:14:49,675] {processor.py:642} INFO - Processing file /home/airflow/.local/lib/python3.7/site-packages/airflow/example_dags/tutorial_taskflow_api_etl.py for tasks to queue
[2022-03-28 07:14:49,676] {logging_mixin.py:109} INFO - [2022-03-28 07:14:49,676] {dagbag.py:500} INFO - Filling up the DagBag from /home/airflow/.local/lib/python3.7/site-packages/airflow/example_dags/tutorial_taskflow_api_etl.py
[2022-03-28 07:14:49,716] {processor.py:654} INFO - DAG(s) dict_keys(['tutorial_taskflow_api_etl']) retrieved from /home/airflow/.local/lib/python3.7/site-packages/airflow/example_dags/tutorial_taskflow_api_etl.py
[2022-03-28 07:14:49,931] {logging_mixin.py:109} INFO - [2022-03-28 07:14:49,931] {dag.py:2398} INFO - Sync 1 DAGs
[2022-03-28 07:14:49,946] {logging_mixin.py:109} INFO - [2022-03-28 07:14:49,945] {dag.py:2937} INFO - Setting next_dagrun for tutorial_taskflow_api_etl to None
[2022-03-28 07:14:49,957] {processor.py:171} INFO - Processing /home/airflow/.local/lib/python3.7/site-packages/airflow/example_dags/tutorial_taskflow_api_etl.py took 0.286 seconds
[2022-03-28 07:15:20,393] {processor.py:163} INFO - Started process (PID=1131) to work on /home/airflow/.local/lib/python3.7/site-packages/airflow/example_dags/tutorial_taskflow_api_etl.py
[2022-03-28 07:15:20,394] {processor.py:642} INFO - Processing file /home/airflow/.local/lib/python3.7/site-packages/airflow/example_dags/tutorial_taskflow_api_etl.py for tasks to queue
[2022-03-28 07:15:20,396] {logging_mixin.py:109} INFO - [2022-03-28 07:15:20,395] {dagbag.py:500} INFO - Filling up the DagBag from /home/airflow/.local/lib/python3.7/site-packages/airflow/example_dags/tutorial_taskflow_api_etl.py
[2022-03-28 07:15:20,430] {processor.py:654} INFO - DAG(s) dict_keys(['tutorial_taskflow_api_etl']) retrieved from /home/airflow/.local/lib/python3.7/site-packages/airflow/example_dags/tutorial_taskflow_api_etl.py
[2022-03-28 07:15:20,610] {logging_mixin.py:109} INFO - [2022-03-28 07:15:20,610] {dag.py:2398} INFO - Sync 1 DAGs
[2022-03-28 07:15:20,622] {logging_mixin.py:109} INFO - [2022-03-28 07:15:20,622] {dag.py:2937} INFO - Setting next_dagrun for tutorial_taskflow_api_etl to None
[2022-03-28 07:15:20,635] {processor.py:171} INFO - Processing /home/airflow/.local/lib/python3.7/site-packages/airflow/example_dags/tutorial_taskflow_api_etl.py took 0.246 seconds
[2022-03-28 07:15:50,722] {processor.py:163} INFO - Started process (PID=1182) to work on /home/airflow/.local/lib/python3.7/site-packages/airflow/example_dags/tutorial_taskflow_api_etl.py
[2022-03-28 07:15:50,723] {processor.py:642} INFO - Processing file /home/airflow/.local/lib/python3.7/site-packages/airflow/example_dags/tutorial_taskflow_api_etl.py for tasks to queue
[2022-03-28 07:15:50,724] {logging_mixin.py:109} INFO - [2022-03-28 07:15:50,724] {dagbag.py:500} INFO - Filling up the DagBag from /home/airflow/.local/lib/python3.7/site-packages/airflow/example_dags/tutorial_taskflow_api_etl.py
[2022-03-28 07:15:50,760] {processor.py:654} INFO - DAG(s) dict_keys(['tutorial_taskflow_api_etl']) retrieved from /home/airflow/.local/lib/python3.7/site-packages/airflow/example_dags/tutorial_taskflow_api_etl.py
[2022-03-28 07:15:50,954] {logging_mixin.py:109} INFO - [2022-03-28 07:15:50,954] {dag.py:2398} INFO - Sync 1 DAGs
[2022-03-28 07:15:50,969] {logging_mixin.py:109} INFO - [2022-03-28 07:15:50,969] {dag.py:2937} INFO - Setting next_dagrun for tutorial_taskflow_api_etl to None
[2022-03-28 07:15:50,979] {processor.py:171} INFO - Processing /home/airflow/.local/lib/python3.7/site-packages/airflow/example_dags/tutorial_taskflow_api_etl.py took 0.260 seconds
[2022-03-28 07:16:21,373] {processor.py:163} INFO - Started process (PID=1242) to work on /home/airflow/.local/lib/python3.7/site-packages/airflow/example_dags/tutorial_taskflow_api_etl.py
[2022-03-28 07:16:21,375] {processor.py:642} INFO - Processing file /home/airflow/.local/lib/python3.7/site-packages/airflow/example_dags/tutorial_taskflow_api_etl.py for tasks to queue
[2022-03-28 07:16:21,376] {logging_mixin.py:109} INFO - [2022-03-28 07:16:21,376] {dagbag.py:500} INFO - Filling up the DagBag from /home/airflow/.local/lib/python3.7/site-packages/airflow/example_dags/tutorial_taskflow_api_etl.py
[2022-03-28 07:16:21,413] {processor.py:654} INFO - DAG(s) dict_keys(['tutorial_taskflow_api_etl']) retrieved from /home/airflow/.local/lib/python3.7/site-packages/airflow/example_dags/tutorial_taskflow_api_etl.py
[2022-03-28 07:16:21,635] {logging_mixin.py:109} INFO - [2022-03-28 07:16:21,635] {dag.py:2398} INFO - Sync 1 DAGs
[2022-03-28 07:16:21,653] {logging_mixin.py:109} INFO - [2022-03-28 07:16:21,653] {dag.py:2937} INFO - Setting next_dagrun for tutorial_taskflow_api_etl to None
[2022-03-28 07:16:21,663] {processor.py:171} INFO - Processing /home/airflow/.local/lib/python3.7/site-packages/airflow/example_dags/tutorial_taskflow_api_etl.py took 0.292 seconds
[2022-03-28 07:16:51,985] {processor.py:163} INFO - Started process (PID=1294) to work on /home/airflow/.local/lib/python3.7/site-packages/airflow/example_dags/tutorial_taskflow_api_etl.py
[2022-03-28 07:16:51,987] {processor.py:642} INFO - Processing file /home/airflow/.local/lib/python3.7/site-packages/airflow/example_dags/tutorial_taskflow_api_etl.py for tasks to queue
[2022-03-28 07:16:51,988] {logging_mixin.py:109} INFO - [2022-03-28 07:16:51,988] {dagbag.py:500} INFO - Filling up the DagBag from /home/airflow/.local/lib/python3.7/site-packages/airflow/example_dags/tutorial_taskflow_api_etl.py
[2022-03-28 07:16:52,020] {processor.py:654} INFO - DAG(s) dict_keys(['tutorial_taskflow_api_etl']) retrieved from /home/airflow/.local/lib/python3.7/site-packages/airflow/example_dags/tutorial_taskflow_api_etl.py
[2022-03-28 07:16:52,200] {logging_mixin.py:109} INFO - [2022-03-28 07:16:52,200] {dag.py:2398} INFO - Sync 1 DAGs
[2022-03-28 07:16:52,213] {logging_mixin.py:109} INFO - [2022-03-28 07:16:52,213] {dag.py:2937} INFO - Setting next_dagrun for tutorial_taskflow_api_etl to None
[2022-03-28 07:16:52,223] {processor.py:171} INFO - Processing /home/airflow/.local/lib/python3.7/site-packages/airflow/example_dags/tutorial_taskflow_api_etl.py took 0.240 seconds
[2022-03-28 07:17:22,385] {processor.py:163} INFO - Started process (PID=1345) to work on /home/airflow/.local/lib/python3.7/site-packages/airflow/example_dags/tutorial_taskflow_api_etl.py
[2022-03-28 07:17:22,387] {processor.py:642} INFO - Processing file /home/airflow/.local/lib/python3.7/site-packages/airflow/example_dags/tutorial_taskflow_api_etl.py for tasks to queue
[2022-03-28 07:17:22,388] {logging_mixin.py:109} INFO - [2022-03-28 07:17:22,388] {dagbag.py:500} INFO - Filling up the DagBag from /home/airflow/.local/lib/python3.7/site-packages/airflow/example_dags/tutorial_taskflow_api_etl.py
[2022-03-28 07:17:22,421] {processor.py:654} INFO - DAG(s) dict_keys(['tutorial_taskflow_api_etl']) retrieved from /home/airflow/.local/lib/python3.7/site-packages/airflow/example_dags/tutorial_taskflow_api_etl.py
[2022-03-28 07:17:22,607] {logging_mixin.py:109} INFO - [2022-03-28 07:17:22,607] {dag.py:2398} INFO - Sync 1 DAGs
[2022-03-28 07:17:22,620] {logging_mixin.py:109} INFO - [2022-03-28 07:17:22,620] {dag.py:2937} INFO - Setting next_dagrun for tutorial_taskflow_api_etl to None
[2022-03-28 07:17:22,630] {processor.py:171} INFO - Processing /home/airflow/.local/lib/python3.7/site-packages/airflow/example_dags/tutorial_taskflow_api_etl.py took 0.248 seconds
[2022-03-28 07:17:53,117] {processor.py:163} INFO - Started process (PID=1407) to work on /home/airflow/.local/lib/python3.7/site-packages/airflow/example_dags/tutorial_taskflow_api_etl.py
[2022-03-28 07:17:53,119] {processor.py:642} INFO - Processing file /home/airflow/.local/lib/python3.7/site-packages/airflow/example_dags/tutorial_taskflow_api_etl.py for tasks to queue
[2022-03-28 07:17:53,120] {logging_mixin.py:109} INFO - [2022-03-28 07:17:53,120] {dagbag.py:500} INFO - Filling up the DagBag from /home/airflow/.local/lib/python3.7/site-packages/airflow/example_dags/tutorial_taskflow_api_etl.py
[2022-03-28 07:17:53,153] {processor.py:654} INFO - DAG(s) dict_keys(['tutorial_taskflow_api_etl']) retrieved from /home/airflow/.local/lib/python3.7/site-packages/airflow/example_dags/tutorial_taskflow_api_etl.py
[2022-03-28 07:17:53,383] {logging_mixin.py:109} INFO - [2022-03-28 07:17:53,383] {dag.py:2398} INFO - Sync 1 DAGs
[2022-03-28 07:17:53,397] {logging_mixin.py:109} INFO - [2022-03-28 07:17:53,397] {dag.py:2937} INFO - Setting next_dagrun for tutorial_taskflow_api_etl to None
[2022-03-28 07:17:53,409] {processor.py:171} INFO - Processing /home/airflow/.local/lib/python3.7/site-packages/airflow/example_dags/tutorial_taskflow_api_etl.py took 0.294 seconds
[2022-03-28 07:18:23,619] {processor.py:163} INFO - Started process (PID=1457) to work on /home/airflow/.local/lib/python3.7/site-packages/airflow/example_dags/tutorial_taskflow_api_etl.py
[2022-03-28 07:18:23,621] {processor.py:642} INFO - Processing file /home/airflow/.local/lib/python3.7/site-packages/airflow/example_dags/tutorial_taskflow_api_etl.py for tasks to queue
[2022-03-28 07:18:23,622] {logging_mixin.py:109} INFO - [2022-03-28 07:18:23,622] {dagbag.py:500} INFO - Filling up the DagBag from /home/airflow/.local/lib/python3.7/site-packages/airflow/example_dags/tutorial_taskflow_api_etl.py
[2022-03-28 07:18:23,654] {processor.py:654} INFO - DAG(s) dict_keys(['tutorial_taskflow_api_etl']) retrieved from /home/airflow/.local/lib/python3.7/site-packages/airflow/example_dags/tutorial_taskflow_api_etl.py
[2022-03-28 07:18:23,828] {logging_mixin.py:109} INFO - [2022-03-28 07:18:23,828] {dag.py:2398} INFO - Sync 1 DAGs
[2022-03-28 07:18:23,839] {logging_mixin.py:109} INFO - [2022-03-28 07:18:23,839] {dag.py:2937} INFO - Setting next_dagrun for tutorial_taskflow_api_etl to None
[2022-03-28 07:18:23,849] {processor.py:171} INFO - Processing /home/airflow/.local/lib/python3.7/site-packages/airflow/example_dags/tutorial_taskflow_api_etl.py took 0.232 seconds
[2022-03-28 07:18:53,989] {processor.py:163} INFO - Started process (PID=1508) to work on /home/airflow/.local/lib/python3.7/site-packages/airflow/example_dags/tutorial_taskflow_api_etl.py
[2022-03-28 07:18:53,991] {processor.py:642} INFO - Processing file /home/airflow/.local/lib/python3.7/site-packages/airflow/example_dags/tutorial_taskflow_api_etl.py for tasks to queue
[2022-03-28 07:18:53,992] {logging_mixin.py:109} INFO - [2022-03-28 07:18:53,992] {dagbag.py:500} INFO - Filling up the DagBag from /home/airflow/.local/lib/python3.7/site-packages/airflow/example_dags/tutorial_taskflow_api_etl.py
[2022-03-28 07:18:54,044] {processor.py:654} INFO - DAG(s) dict_keys(['tutorial_taskflow_api_etl']) retrieved from /home/airflow/.local/lib/python3.7/site-packages/airflow/example_dags/tutorial_taskflow_api_etl.py
[2022-03-28 07:18:54,297] {logging_mixin.py:109} INFO - [2022-03-28 07:18:54,296] {dag.py:2398} INFO - Sync 1 DAGs
[2022-03-28 07:18:54,313] {logging_mixin.py:109} INFO - [2022-03-28 07:18:54,313] {dag.py:2937} INFO - Setting next_dagrun for tutorial_taskflow_api_etl to None
[2022-03-28 07:18:54,324] {processor.py:171} INFO - Processing /home/airflow/.local/lib/python3.7/site-packages/airflow/example_dags/tutorial_taskflow_api_etl.py took 0.339 seconds
[2022-03-28 07:19:24,558] {processor.py:163} INFO - Started process (PID=1569) to work on /home/airflow/.local/lib/python3.7/site-packages/airflow/example_dags/tutorial_taskflow_api_etl.py
[2022-03-28 07:19:24,560] {processor.py:642} INFO - Processing file /home/airflow/.local/lib/python3.7/site-packages/airflow/example_dags/tutorial_taskflow_api_etl.py for tasks to queue
[2022-03-28 07:19:24,561] {logging_mixin.py:109} INFO - [2022-03-28 07:19:24,561] {dagbag.py:500} INFO - Filling up the DagBag from /home/airflow/.local/lib/python3.7/site-packages/airflow/example_dags/tutorial_taskflow_api_etl.py
[2022-03-28 07:19:24,599] {processor.py:654} INFO - DAG(s) dict_keys(['tutorial_taskflow_api_etl']) retrieved from /home/airflow/.local/lib/python3.7/site-packages/airflow/example_dags/tutorial_taskflow_api_etl.py
[2022-03-28 07:19:24,859] {logging_mixin.py:109} INFO - [2022-03-28 07:19:24,859] {dag.py:2398} INFO - Sync 1 DAGs
[2022-03-28 07:19:24,886] {logging_mixin.py:109} INFO - [2022-03-28 07:19:24,886] {dag.py:2937} INFO - Setting next_dagrun for tutorial_taskflow_api_etl to None
[2022-03-28 07:19:24,899] {processor.py:171} INFO - Processing /home/airflow/.local/lib/python3.7/site-packages/airflow/example_dags/tutorial_taskflow_api_etl.py took 0.344 seconds
[2022-03-28 07:19:55,137] {processor.py:163} INFO - Started process (PID=1620) to work on /home/airflow/.local/lib/python3.7/site-packages/airflow/example_dags/tutorial_taskflow_api_etl.py
[2022-03-28 07:19:55,139] {processor.py:642} INFO - Processing file /home/airflow/.local/lib/python3.7/site-packages/airflow/example_dags/tutorial_taskflow_api_etl.py for tasks to queue
[2022-03-28 07:19:55,140] {logging_mixin.py:109} INFO - [2022-03-28 07:19:55,140] {dagbag.py:500} INFO - Filling up the DagBag from /home/airflow/.local/lib/python3.7/site-packages/airflow/example_dags/tutorial_taskflow_api_etl.py
[2022-03-28 07:19:55,172] {processor.py:654} INFO - DAG(s) dict_keys(['tutorial_taskflow_api_etl']) retrieved from /home/airflow/.local/lib/python3.7/site-packages/airflow/example_dags/tutorial_taskflow_api_etl.py
[2022-03-28 07:19:55,366] {logging_mixin.py:109} INFO - [2022-03-28 07:19:55,366] {dag.py:2398} INFO - Sync 1 DAGs
[2022-03-28 07:19:55,378] {logging_mixin.py:109} INFO - [2022-03-28 07:19:55,378] {dag.py:2937} INFO - Setting next_dagrun for tutorial_taskflow_api_etl to None
[2022-03-28 07:19:55,390] {processor.py:171} INFO - Processing /home/airflow/.local/lib/python3.7/site-packages/airflow/example_dags/tutorial_taskflow_api_etl.py took 0.255 seconds
[2022-03-28 07:20:26,351] {processor.py:163} INFO - Started process (PID=1673) to work on /home/airflow/.local/lib/python3.7/site-packages/airflow/example_dags/tutorial_taskflow_api_etl.py
[2022-03-28 07:20:26,352] {processor.py:642} INFO - Processing file /home/airflow/.local/lib/python3.7/site-packages/airflow/example_dags/tutorial_taskflow_api_etl.py for tasks to queue
[2022-03-28 07:20:26,353] {logging_mixin.py:109} INFO - [2022-03-28 07:20:26,353] {dagbag.py:500} INFO - Filling up the DagBag from /home/airflow/.local/lib/python3.7/site-packages/airflow/example_dags/tutorial_taskflow_api_etl.py
[2022-03-28 07:20:26,384] {processor.py:654} INFO - DAG(s) dict_keys(['tutorial_taskflow_api_etl']) retrieved from /home/airflow/.local/lib/python3.7/site-packages/airflow/example_dags/tutorial_taskflow_api_etl.py
[2022-03-28 07:20:26,572] {logging_mixin.py:109} INFO - [2022-03-28 07:20:26,571] {dag.py:2398} INFO - Sync 1 DAGs
[2022-03-28 07:20:26,586] {logging_mixin.py:109} INFO - [2022-03-28 07:20:26,586] {dag.py:2937} INFO - Setting next_dagrun for tutorial_taskflow_api_etl to None
[2022-03-28 07:20:26,596] {processor.py:171} INFO - Processing /home/airflow/.local/lib/python3.7/site-packages/airflow/example_dags/tutorial_taskflow_api_etl.py took 0.248 seconds
[2022-03-28 07:20:57,236] {processor.py:163} INFO - Started process (PID=1734) to work on /home/airflow/.local/lib/python3.7/site-packages/airflow/example_dags/tutorial_taskflow_api_etl.py
[2022-03-28 07:20:57,237] {processor.py:642} INFO - Processing file /home/airflow/.local/lib/python3.7/site-packages/airflow/example_dags/tutorial_taskflow_api_etl.py for tasks to queue
[2022-03-28 07:20:57,238] {logging_mixin.py:109} INFO - [2022-03-28 07:20:57,238] {dagbag.py:500} INFO - Filling up the DagBag from /home/airflow/.local/lib/python3.7/site-packages/airflow/example_dags/tutorial_taskflow_api_etl.py
[2022-03-28 07:20:57,274] {processor.py:654} INFO - DAG(s) dict_keys(['tutorial_taskflow_api_etl']) retrieved from /home/airflow/.local/lib/python3.7/site-packages/airflow/example_dags/tutorial_taskflow_api_etl.py
[2022-03-28 07:20:57,503] {logging_mixin.py:109} INFO - [2022-03-28 07:20:57,502] {dag.py:2398} INFO - Sync 1 DAGs
[2022-03-28 07:20:57,516] {logging_mixin.py:109} INFO - [2022-03-28 07:20:57,516] {dag.py:2937} INFO - Setting next_dagrun for tutorial_taskflow_api_etl to None
[2022-03-28 07:20:57,532] {processor.py:171} INFO - Processing /home/airflow/.local/lib/python3.7/site-packages/airflow/example_dags/tutorial_taskflow_api_etl.py took 0.298 seconds
[2022-03-28 07:21:28,374] {processor.py:163} INFO - Started process (PID=1784) to work on /home/airflow/.local/lib/python3.7/site-packages/airflow/example_dags/tutorial_taskflow_api_etl.py
[2022-03-28 07:21:28,376] {processor.py:642} INFO - Processing file /home/airflow/.local/lib/python3.7/site-packages/airflow/example_dags/tutorial_taskflow_api_etl.py for tasks to queue
[2022-03-28 07:21:28,377] {logging_mixin.py:109} INFO - [2022-03-28 07:21:28,377] {dagbag.py:500} INFO - Filling up the DagBag from /home/airflow/.local/lib/python3.7/site-packages/airflow/example_dags/tutorial_taskflow_api_etl.py
[2022-03-28 07:21:28,418] {processor.py:654} INFO - DAG(s) dict_keys(['tutorial_taskflow_api_etl']) retrieved from /home/airflow/.local/lib/python3.7/site-packages/airflow/example_dags/tutorial_taskflow_api_etl.py
[2022-03-28 07:21:28,657] {logging_mixin.py:109} INFO - [2022-03-28 07:21:28,657] {dag.py:2398} INFO - Sync 1 DAGs
[2022-03-28 07:21:28,671] {logging_mixin.py:109} INFO - [2022-03-28 07:21:28,671] {dag.py:2937} INFO - Setting next_dagrun for tutorial_taskflow_api_etl to None
[2022-03-28 07:21:28,689] {processor.py:171} INFO - Processing /home/airflow/.local/lib/python3.7/site-packages/airflow/example_dags/tutorial_taskflow_api_etl.py took 0.320 seconds
[2022-03-28 07:21:59,376] {processor.py:163} INFO - Started process (PID=1836) to work on /home/airflow/.local/lib/python3.7/site-packages/airflow/example_dags/tutorial_taskflow_api_etl.py
[2022-03-28 07:21:59,378] {processor.py:642} INFO - Processing file /home/airflow/.local/lib/python3.7/site-packages/airflow/example_dags/tutorial_taskflow_api_etl.py for tasks to queue
[2022-03-28 07:21:59,379] {logging_mixin.py:109} INFO - [2022-03-28 07:21:59,379] {dagbag.py:500} INFO - Filling up the DagBag from /home/airflow/.local/lib/python3.7/site-packages/airflow/example_dags/tutorial_taskflow_api_etl.py
[2022-03-28 07:21:59,417] {processor.py:654} INFO - DAG(s) dict_keys(['tutorial_taskflow_api_etl']) retrieved from /home/airflow/.local/lib/python3.7/site-packages/airflow/example_dags/tutorial_taskflow_api_etl.py
[2022-03-28 07:21:59,648] {logging_mixin.py:109} INFO - [2022-03-28 07:21:59,647] {dag.py:2398} INFO - Sync 1 DAGs
[2022-03-28 07:21:59,663] {logging_mixin.py:109} INFO - [2022-03-28 07:21:59,663] {dag.py:2937} INFO - Setting next_dagrun for tutorial_taskflow_api_etl to None
[2022-03-28 07:21:59,674] {processor.py:171} INFO - Processing /home/airflow/.local/lib/python3.7/site-packages/airflow/example_dags/tutorial_taskflow_api_etl.py took 0.301 seconds
[2022-03-28 07:22:29,714] {processor.py:163} INFO - Started process (PID=1898) to work on /home/airflow/.local/lib/python3.7/site-packages/airflow/example_dags/tutorial_taskflow_api_etl.py
[2022-03-28 07:22:29,716] {processor.py:642} INFO - Processing file /home/airflow/.local/lib/python3.7/site-packages/airflow/example_dags/tutorial_taskflow_api_etl.py for tasks to queue
[2022-03-28 07:22:29,717] {logging_mixin.py:109} INFO - [2022-03-28 07:22:29,717] {dagbag.py:500} INFO - Filling up the DagBag from /home/airflow/.local/lib/python3.7/site-packages/airflow/example_dags/tutorial_taskflow_api_etl.py
[2022-03-28 07:22:29,771] {processor.py:654} INFO - DAG(s) dict_keys(['tutorial_taskflow_api_etl']) retrieved from /home/airflow/.local/lib/python3.7/site-packages/airflow/example_dags/tutorial_taskflow_api_etl.py
[2022-03-28 07:22:30,122] {logging_mixin.py:109} INFO - [2022-03-28 07:22:30,122] {dag.py:2398} INFO - Sync 1 DAGs
[2022-03-28 07:22:30,138] {logging_mixin.py:109} INFO - [2022-03-28 07:22:30,138] {dag.py:2937} INFO - Setting next_dagrun for tutorial_taskflow_api_etl to None
[2022-03-28 07:22:30,151] {processor.py:171} INFO - Processing /home/airflow/.local/lib/python3.7/site-packages/airflow/example_dags/tutorial_taskflow_api_etl.py took 0.443 seconds
[2022-03-28 07:23:00,264] {processor.py:163} INFO - Started process (PID=1947) to work on /home/airflow/.local/lib/python3.7/site-packages/airflow/example_dags/tutorial_taskflow_api_etl.py
[2022-03-28 07:23:00,266] {processor.py:642} INFO - Processing file /home/airflow/.local/lib/python3.7/site-packages/airflow/example_dags/tutorial_taskflow_api_etl.py for tasks to queue
[2022-03-28 07:23:00,267] {logging_mixin.py:109} INFO - [2022-03-28 07:23:00,267] {dagbag.py:500} INFO - Filling up the DagBag from /home/airflow/.local/lib/python3.7/site-packages/airflow/example_dags/tutorial_taskflow_api_etl.py
[2022-03-28 07:23:00,312] {processor.py:654} INFO - DAG(s) dict_keys(['tutorial_taskflow_api_etl']) retrieved from /home/airflow/.local/lib/python3.7/site-packages/airflow/example_dags/tutorial_taskflow_api_etl.py
[2022-03-28 07:23:00,598] {logging_mixin.py:109} INFO - [2022-03-28 07:23:00,598] {dag.py:2398} INFO - Sync 1 DAGs
[2022-03-28 07:23:00,615] {logging_mixin.py:109} INFO - [2022-03-28 07:23:00,615] {dag.py:2937} INFO - Setting next_dagrun for tutorial_taskflow_api_etl to None
[2022-03-28 07:23:00,636] {processor.py:171} INFO - Processing /home/airflow/.local/lib/python3.7/site-packages/airflow/example_dags/tutorial_taskflow_api_etl.py took 0.378 seconds
[2022-03-28 07:23:31,066] {processor.py:163} INFO - Started process (PID=1998) to work on /home/airflow/.local/lib/python3.7/site-packages/airflow/example_dags/tutorial_taskflow_api_etl.py
[2022-03-28 07:23:31,068] {processor.py:642} INFO - Processing file /home/airflow/.local/lib/python3.7/site-packages/airflow/example_dags/tutorial_taskflow_api_etl.py for tasks to queue
[2022-03-28 07:23:31,069] {logging_mixin.py:109} INFO - [2022-03-28 07:23:31,069] {dagbag.py:500} INFO - Filling up the DagBag from /home/airflow/.local/lib/python3.7/site-packages/airflow/example_dags/tutorial_taskflow_api_etl.py
[2022-03-28 07:23:31,126] {processor.py:654} INFO - DAG(s) dict_keys(['tutorial_taskflow_api_etl']) retrieved from /home/airflow/.local/lib/python3.7/site-packages/airflow/example_dags/tutorial_taskflow_api_etl.py
[2022-03-28 07:23:31,470] {logging_mixin.py:109} INFO - [2022-03-28 07:23:31,470] {dag.py:2398} INFO - Sync 1 DAGs
[2022-03-28 07:23:31,494] {logging_mixin.py:109} INFO - [2022-03-28 07:23:31,494] {dag.py:2937} INFO - Setting next_dagrun for tutorial_taskflow_api_etl to None
[2022-03-28 07:23:31,513] {processor.py:171} INFO - Processing /home/airflow/.local/lib/python3.7/site-packages/airflow/example_dags/tutorial_taskflow_api_etl.py took 0.452 seconds
[2022-03-28 07:24:01,675] {processor.py:163} INFO - Started process (PID=2050) to work on /home/airflow/.local/lib/python3.7/site-packages/airflow/example_dags/tutorial_taskflow_api_etl.py
[2022-03-28 07:24:01,677] {processor.py:642} INFO - Processing file /home/airflow/.local/lib/python3.7/site-packages/airflow/example_dags/tutorial_taskflow_api_etl.py for tasks to queue
[2022-03-28 07:24:01,678] {logging_mixin.py:109} INFO - [2022-03-28 07:24:01,678] {dagbag.py:500} INFO - Filling up the DagBag from /home/airflow/.local/lib/python3.7/site-packages/airflow/example_dags/tutorial_taskflow_api_etl.py
[2022-03-28 07:24:01,744] {processor.py:654} INFO - DAG(s) dict_keys(['tutorial_taskflow_api_etl']) retrieved from /home/airflow/.local/lib/python3.7/site-packages/airflow/example_dags/tutorial_taskflow_api_etl.py
[2022-03-28 07:24:02,061] {logging_mixin.py:109} INFO - [2022-03-28 07:24:02,061] {dag.py:2398} INFO - Sync 1 DAGs
[2022-03-28 07:24:02,080] {logging_mixin.py:109} INFO - [2022-03-28 07:24:02,080] {dag.py:2937} INFO - Setting next_dagrun for tutorial_taskflow_api_etl to None
[2022-03-28 07:24:02,096] {processor.py:171} INFO - Processing /home/airflow/.local/lib/python3.7/site-packages/airflow/example_dags/tutorial_taskflow_api_etl.py took 0.425 seconds
[2022-03-28 07:24:32,873] {processor.py:163} INFO - Started process (PID=2103) to work on /home/airflow/.local/lib/python3.7/site-packages/airflow/example_dags/tutorial_taskflow_api_etl.py
[2022-03-28 07:24:32,875] {processor.py:642} INFO - Processing file /home/airflow/.local/lib/python3.7/site-packages/airflow/example_dags/tutorial_taskflow_api_etl.py for tasks to queue
[2022-03-28 07:24:32,876] {logging_mixin.py:109} INFO - [2022-03-28 07:24:32,876] {dagbag.py:500} INFO - Filling up the DagBag from /home/airflow/.local/lib/python3.7/site-packages/airflow/example_dags/tutorial_taskflow_api_etl.py
[2022-03-28 07:24:32,925] {processor.py:654} INFO - DAG(s) dict_keys(['tutorial_taskflow_api_etl']) retrieved from /home/airflow/.local/lib/python3.7/site-packages/airflow/example_dags/tutorial_taskflow_api_etl.py
[2022-03-28 07:24:33,267] {logging_mixin.py:109} INFO - [2022-03-28 07:24:33,267] {dag.py:2398} INFO - Sync 1 DAGs
[2022-03-28 07:24:33,289] {logging_mixin.py:109} INFO - [2022-03-28 07:24:33,288] {dag.py:2937} INFO - Setting next_dagrun for tutorial_taskflow_api_etl to None
[2022-03-28 07:24:33,304] {processor.py:171} INFO - Processing /home/airflow/.local/lib/python3.7/site-packages/airflow/example_dags/tutorial_taskflow_api_etl.py took 0.434 seconds
[2022-03-28 07:25:04,241] {processor.py:163} INFO - Started process (PID=2164) to work on /home/airflow/.local/lib/python3.7/site-packages/airflow/example_dags/tutorial_taskflow_api_etl.py
[2022-03-28 07:25:04,242] {processor.py:642} INFO - Processing file /home/airflow/.local/lib/python3.7/site-packages/airflow/example_dags/tutorial_taskflow_api_etl.py for tasks to queue
[2022-03-28 07:25:04,243] {logging_mixin.py:109} INFO - [2022-03-28 07:25:04,243] {dagbag.py:500} INFO - Filling up the DagBag from /home/airflow/.local/lib/python3.7/site-packages/airflow/example_dags/tutorial_taskflow_api_etl.py
[2022-03-28 07:25:04,273] {processor.py:654} INFO - DAG(s) dict_keys(['tutorial_taskflow_api_etl']) retrieved from /home/airflow/.local/lib/python3.7/site-packages/airflow/example_dags/tutorial_taskflow_api_etl.py
[2022-03-28 07:25:04,460] {logging_mixin.py:109} INFO - [2022-03-28 07:25:04,460] {dag.py:2398} INFO - Sync 1 DAGs
[2022-03-28 07:25:04,485] {logging_mixin.py:109} INFO - [2022-03-28 07:25:04,484] {dag.py:2937} INFO - Setting next_dagrun for tutorial_taskflow_api_etl to None
[2022-03-28 07:25:04,494] {processor.py:171} INFO - Processing /home/airflow/.local/lib/python3.7/site-packages/airflow/example_dags/tutorial_taskflow_api_etl.py took 0.257 seconds
[2022-03-28 07:25:35,449] {processor.py:163} INFO - Started process (PID=2216) to work on /home/airflow/.local/lib/python3.7/site-packages/airflow/example_dags/tutorial_taskflow_api_etl.py
[2022-03-28 07:25:35,450] {processor.py:642} INFO - Processing file /home/airflow/.local/lib/python3.7/site-packages/airflow/example_dags/tutorial_taskflow_api_etl.py for tasks to queue
[2022-03-28 07:25:35,451] {logging_mixin.py:109} INFO - [2022-03-28 07:25:35,451] {dagbag.py:500} INFO - Filling up the DagBag from /home/airflow/.local/lib/python3.7/site-packages/airflow/example_dags/tutorial_taskflow_api_etl.py
[2022-03-28 07:25:35,478] {processor.py:654} INFO - DAG(s) dict_keys(['tutorial_taskflow_api_etl']) retrieved from /home/airflow/.local/lib/python3.7/site-packages/airflow/example_dags/tutorial_taskflow_api_etl.py
[2022-03-28 07:25:35,485] {logging_mixin.py:109} INFO - [2022-03-28 07:25:35,485] {dag.py:2398} INFO - Sync 1 DAGs
[2022-03-28 07:25:35,497] {logging_mixin.py:109} INFO - [2022-03-28 07:25:35,497] {dag.py:2937} INFO - Setting next_dagrun for tutorial_taskflow_api_etl to None
[2022-03-28 07:25:35,505] {processor.py:171} INFO - Processing /home/airflow/.local/lib/python3.7/site-packages/airflow/example_dags/tutorial_taskflow_api_etl.py took 0.060 seconds
[2022-03-28 07:26:06,239] {processor.py:163} INFO - Started process (PID=2276) to work on /home/airflow/.local/lib/python3.7/site-packages/airflow/example_dags/tutorial_taskflow_api_etl.py
[2022-03-28 07:26:06,240] {processor.py:642} INFO - Processing file /home/airflow/.local/lib/python3.7/site-packages/airflow/example_dags/tutorial_taskflow_api_etl.py for tasks to queue
[2022-03-28 07:26:06,241] {logging_mixin.py:109} INFO - [2022-03-28 07:26:06,241] {dagbag.py:500} INFO - Filling up the DagBag from /home/airflow/.local/lib/python3.7/site-packages/airflow/example_dags/tutorial_taskflow_api_etl.py
[2022-03-28 07:26:06,274] {processor.py:654} INFO - DAG(s) dict_keys(['tutorial_taskflow_api_etl']) retrieved from /home/airflow/.local/lib/python3.7/site-packages/airflow/example_dags/tutorial_taskflow_api_etl.py
[2022-03-28 07:26:06,528] {logging_mixin.py:109} INFO - [2022-03-28 07:26:06,528] {dag.py:2398} INFO - Sync 1 DAGs
[2022-03-28 07:26:06,545] {logging_mixin.py:109} INFO - [2022-03-28 07:26:06,545] {dag.py:2937} INFO - Setting next_dagrun for tutorial_taskflow_api_etl to None
[2022-03-28 07:26:06,558] {processor.py:171} INFO - Processing /home/airflow/.local/lib/python3.7/site-packages/airflow/example_dags/tutorial_taskflow_api_etl.py took 0.322 seconds
[2022-03-28 07:26:37,007] {processor.py:163} INFO - Started process (PID=2327) to work on /home/airflow/.local/lib/python3.7/site-packages/airflow/example_dags/tutorial_taskflow_api_etl.py
[2022-03-28 07:26:37,009] {processor.py:642} INFO - Processing file /home/airflow/.local/lib/python3.7/site-packages/airflow/example_dags/tutorial_taskflow_api_etl.py for tasks to queue
[2022-03-28 07:26:37,010] {logging_mixin.py:109} INFO - [2022-03-28 07:26:37,010] {dagbag.py:500} INFO - Filling up the DagBag from /home/airflow/.local/lib/python3.7/site-packages/airflow/example_dags/tutorial_taskflow_api_etl.py
[2022-03-28 07:26:37,049] {processor.py:654} INFO - DAG(s) dict_keys(['tutorial_taskflow_api_etl']) retrieved from /home/airflow/.local/lib/python3.7/site-packages/airflow/example_dags/tutorial_taskflow_api_etl.py
[2022-03-28 07:26:37,327] {logging_mixin.py:109} INFO - [2022-03-28 07:26:37,327] {dag.py:2398} INFO - Sync 1 DAGs
[2022-03-28 07:26:37,347] {logging_mixin.py:109} INFO - [2022-03-28 07:26:37,347] {dag.py:2937} INFO - Setting next_dagrun for tutorial_taskflow_api_etl to None
[2022-03-28 07:26:37,359] {processor.py:171} INFO - Processing /home/airflow/.local/lib/python3.7/site-packages/airflow/example_dags/tutorial_taskflow_api_etl.py took 0.355 seconds
[2022-03-28 07:27:07,751] {processor.py:163} INFO - Started process (PID=2379) to work on /home/airflow/.local/lib/python3.7/site-packages/airflow/example_dags/tutorial_taskflow_api_etl.py
[2022-03-28 07:27:07,752] {processor.py:642} INFO - Processing file /home/airflow/.local/lib/python3.7/site-packages/airflow/example_dags/tutorial_taskflow_api_etl.py for tasks to queue
[2022-03-28 07:27:07,753] {logging_mixin.py:109} INFO - [2022-03-28 07:27:07,753] {dagbag.py:500} INFO - Filling up the DagBag from /home/airflow/.local/lib/python3.7/site-packages/airflow/example_dags/tutorial_taskflow_api_etl.py
[2022-03-28 07:27:07,778] {processor.py:654} INFO - DAG(s) dict_keys(['tutorial_taskflow_api_etl']) retrieved from /home/airflow/.local/lib/python3.7/site-packages/airflow/example_dags/tutorial_taskflow_api_etl.py
[2022-03-28 07:27:07,786] {logging_mixin.py:109} INFO - [2022-03-28 07:27:07,786] {dag.py:2398} INFO - Sync 1 DAGs
[2022-03-28 07:27:07,797] {logging_mixin.py:109} INFO - [2022-03-28 07:27:07,797] {dag.py:2937} INFO - Setting next_dagrun for tutorial_taskflow_api_etl to None
[2022-03-28 07:27:07,806] {processor.py:171} INFO - Processing /home/airflow/.local/lib/python3.7/site-packages/airflow/example_dags/tutorial_taskflow_api_etl.py took 0.057 seconds
[2022-03-28 07:27:38,377] {processor.py:163} INFO - Started process (PID=2439) to work on /home/airflow/.local/lib/python3.7/site-packages/airflow/example_dags/tutorial_taskflow_api_etl.py
[2022-03-28 07:27:38,379] {processor.py:642} INFO - Processing file /home/airflow/.local/lib/python3.7/site-packages/airflow/example_dags/tutorial_taskflow_api_etl.py for tasks to queue
[2022-03-28 07:27:38,380] {logging_mixin.py:109} INFO - [2022-03-28 07:27:38,379] {dagbag.py:500} INFO - Filling up the DagBag from /home/airflow/.local/lib/python3.7/site-packages/airflow/example_dags/tutorial_taskflow_api_etl.py
[2022-03-28 07:27:38,415] {processor.py:654} INFO - DAG(s) dict_keys(['tutorial_taskflow_api_etl']) retrieved from /home/airflow/.local/lib/python3.7/site-packages/airflow/example_dags/tutorial_taskflow_api_etl.py
[2022-03-28 07:27:38,611] {logging_mixin.py:109} INFO - [2022-03-28 07:27:38,611] {dag.py:2398} INFO - Sync 1 DAGs
[2022-03-28 07:27:38,623] {logging_mixin.py:109} INFO - [2022-03-28 07:27:38,622] {dag.py:2937} INFO - Setting next_dagrun for tutorial_taskflow_api_etl to None
[2022-03-28 07:27:38,632] {processor.py:171} INFO - Processing /home/airflow/.local/lib/python3.7/site-packages/airflow/example_dags/tutorial_taskflow_api_etl.py took 0.258 seconds
[2022-03-28 07:28:08,987] {processor.py:163} INFO - Started process (PID=2490) to work on /home/airflow/.local/lib/python3.7/site-packages/airflow/example_dags/tutorial_taskflow_api_etl.py
[2022-03-28 07:28:08,988] {processor.py:642} INFO - Processing file /home/airflow/.local/lib/python3.7/site-packages/airflow/example_dags/tutorial_taskflow_api_etl.py for tasks to queue
[2022-03-28 07:28:08,989] {logging_mixin.py:109} INFO - [2022-03-28 07:28:08,989] {dagbag.py:500} INFO - Filling up the DagBag from /home/airflow/.local/lib/python3.7/site-packages/airflow/example_dags/tutorial_taskflow_api_etl.py
[2022-03-28 07:28:09,040] {processor.py:654} INFO - DAG(s) dict_keys(['tutorial_taskflow_api_etl']) retrieved from /home/airflow/.local/lib/python3.7/site-packages/airflow/example_dags/tutorial_taskflow_api_etl.py
[2022-03-28 07:28:09,262] {logging_mixin.py:109} INFO - [2022-03-28 07:28:09,262] {dag.py:2398} INFO - Sync 1 DAGs
[2022-03-28 07:28:09,277] {logging_mixin.py:109} INFO - [2022-03-28 07:28:09,277] {dag.py:2937} INFO - Setting next_dagrun for tutorial_taskflow_api_etl to None
[2022-03-28 07:28:09,287] {processor.py:171} INFO - Processing /home/airflow/.local/lib/python3.7/site-packages/airflow/example_dags/tutorial_taskflow_api_etl.py took 0.303 seconds
[2022-03-28 07:28:39,655] {processor.py:163} INFO - Started process (PID=2551) to work on /home/airflow/.local/lib/python3.7/site-packages/airflow/example_dags/tutorial_taskflow_api_etl.py
[2022-03-28 07:28:39,656] {processor.py:642} INFO - Processing file /home/airflow/.local/lib/python3.7/site-packages/airflow/example_dags/tutorial_taskflow_api_etl.py for tasks to queue
[2022-03-28 07:28:39,657] {logging_mixin.py:109} INFO - [2022-03-28 07:28:39,657] {dagbag.py:500} INFO - Filling up the DagBag from /home/airflow/.local/lib/python3.7/site-packages/airflow/example_dags/tutorial_taskflow_api_etl.py
[2022-03-28 07:28:39,700] {processor.py:654} INFO - DAG(s) dict_keys(['tutorial_taskflow_api_etl']) retrieved from /home/airflow/.local/lib/python3.7/site-packages/airflow/example_dags/tutorial_taskflow_api_etl.py
[2022-03-28 07:28:39,897] {logging_mixin.py:109} INFO - [2022-03-28 07:28:39,897] {dag.py:2398} INFO - Sync 1 DAGs
[2022-03-28 07:28:39,911] {logging_mixin.py:109} INFO - [2022-03-28 07:28:39,911] {dag.py:2937} INFO - Setting next_dagrun for tutorial_taskflow_api_etl to None
[2022-03-28 07:28:39,920] {processor.py:171} INFO - Processing /home/airflow/.local/lib/python3.7/site-packages/airflow/example_dags/tutorial_taskflow_api_etl.py took 0.268 seconds
[2022-03-28 07:29:10,484] {processor.py:163} INFO - Started process (PID=2602) to work on /home/airflow/.local/lib/python3.7/site-packages/airflow/example_dags/tutorial_taskflow_api_etl.py
[2022-03-28 07:29:10,485] {processor.py:642} INFO - Processing file /home/airflow/.local/lib/python3.7/site-packages/airflow/example_dags/tutorial_taskflow_api_etl.py for tasks to queue
[2022-03-28 07:29:10,486] {logging_mixin.py:109} INFO - [2022-03-28 07:29:10,486] {dagbag.py:500} INFO - Filling up the DagBag from /home/airflow/.local/lib/python3.7/site-packages/airflow/example_dags/tutorial_taskflow_api_etl.py
[2022-03-28 07:29:10,514] {processor.py:654} INFO - DAG(s) dict_keys(['tutorial_taskflow_api_etl']) retrieved from /home/airflow/.local/lib/python3.7/site-packages/airflow/example_dags/tutorial_taskflow_api_etl.py
[2022-03-28 07:29:10,697] {logging_mixin.py:109} INFO - [2022-03-28 07:29:10,697] {dag.py:2398} INFO - Sync 1 DAGs
[2022-03-28 07:29:10,708] {logging_mixin.py:109} INFO - [2022-03-28 07:29:10,708] {dag.py:2937} INFO - Setting next_dagrun for tutorial_taskflow_api_etl to None
[2022-03-28 07:29:10,717] {processor.py:171} INFO - Processing /home/airflow/.local/lib/python3.7/site-packages/airflow/example_dags/tutorial_taskflow_api_etl.py took 0.236 seconds
[2022-03-28 07:29:41,130] {processor.py:163} INFO - Started process (PID=2654) to work on /home/airflow/.local/lib/python3.7/site-packages/airflow/example_dags/tutorial_taskflow_api_etl.py
[2022-03-28 07:29:41,132] {processor.py:642} INFO - Processing file /home/airflow/.local/lib/python3.7/site-packages/airflow/example_dags/tutorial_taskflow_api_etl.py for tasks to queue
[2022-03-28 07:29:41,133] {logging_mixin.py:109} INFO - [2022-03-28 07:29:41,133] {dagbag.py:500} INFO - Filling up the DagBag from /home/airflow/.local/lib/python3.7/site-packages/airflow/example_dags/tutorial_taskflow_api_etl.py
[2022-03-28 07:29:41,163] {processor.py:654} INFO - DAG(s) dict_keys(['tutorial_taskflow_api_etl']) retrieved from /home/airflow/.local/lib/python3.7/site-packages/airflow/example_dags/tutorial_taskflow_api_etl.py
[2022-03-28 07:29:41,364] {logging_mixin.py:109} INFO - [2022-03-28 07:29:41,364] {dag.py:2398} INFO - Sync 1 DAGs
[2022-03-28 07:29:41,378] {logging_mixin.py:109} INFO - [2022-03-28 07:29:41,378] {dag.py:2937} INFO - Setting next_dagrun for tutorial_taskflow_api_etl to None
[2022-03-28 07:29:41,390] {processor.py:171} INFO - Processing /home/airflow/.local/lib/python3.7/site-packages/airflow/example_dags/tutorial_taskflow_api_etl.py took 0.262 seconds
[2022-03-28 07:30:11,799] {processor.py:163} INFO - Started process (PID=2715) to work on /home/airflow/.local/lib/python3.7/site-packages/airflow/example_dags/tutorial_taskflow_api_etl.py
[2022-03-28 07:30:11,801] {processor.py:642} INFO - Processing file /home/airflow/.local/lib/python3.7/site-packages/airflow/example_dags/tutorial_taskflow_api_etl.py for tasks to queue
[2022-03-28 07:30:11,802] {logging_mixin.py:109} INFO - [2022-03-28 07:30:11,802] {dagbag.py:500} INFO - Filling up the DagBag from /home/airflow/.local/lib/python3.7/site-packages/airflow/example_dags/tutorial_taskflow_api_etl.py
[2022-03-28 07:30:11,843] {processor.py:654} INFO - DAG(s) dict_keys(['tutorial_taskflow_api_etl']) retrieved from /home/airflow/.local/lib/python3.7/site-packages/airflow/example_dags/tutorial_taskflow_api_etl.py
[2022-03-28 07:30:12,062] {logging_mixin.py:109} INFO - [2022-03-28 07:30:12,062] {dag.py:2398} INFO - Sync 1 DAGs
[2022-03-28 07:30:12,076] {logging_mixin.py:109} INFO - [2022-03-28 07:30:12,076] {dag.py:2937} INFO - Setting next_dagrun for tutorial_taskflow_api_etl to None
[2022-03-28 07:30:12,085] {processor.py:171} INFO - Processing /home/airflow/.local/lib/python3.7/site-packages/airflow/example_dags/tutorial_taskflow_api_etl.py took 0.289 seconds
[2022-03-28 07:30:42,189] {processor.py:163} INFO - Started process (PID=2768) to work on /home/airflow/.local/lib/python3.7/site-packages/airflow/example_dags/tutorial_taskflow_api_etl.py
[2022-03-28 07:30:42,191] {processor.py:642} INFO - Processing file /home/airflow/.local/lib/python3.7/site-packages/airflow/example_dags/tutorial_taskflow_api_etl.py for tasks to queue
[2022-03-28 07:30:42,191] {logging_mixin.py:109} INFO - [2022-03-28 07:30:42,191] {dagbag.py:500} INFO - Filling up the DagBag from /home/airflow/.local/lib/python3.7/site-packages/airflow/example_dags/tutorial_taskflow_api_etl.py
[2022-03-28 07:30:42,228] {processor.py:654} INFO - DAG(s) dict_keys(['tutorial_taskflow_api_etl']) retrieved from /home/airflow/.local/lib/python3.7/site-packages/airflow/example_dags/tutorial_taskflow_api_etl.py
[2022-03-28 07:30:42,502] {logging_mixin.py:109} INFO - [2022-03-28 07:30:42,502] {dag.py:2398} INFO - Sync 1 DAGs
[2022-03-28 07:30:42,528] {logging_mixin.py:109} INFO - [2022-03-28 07:30:42,528] {dag.py:2937} INFO - Setting next_dagrun for tutorial_taskflow_api_etl to None
[2022-03-28 07:30:42,542] {processor.py:171} INFO - Processing /home/airflow/.local/lib/python3.7/site-packages/airflow/example_dags/tutorial_taskflow_api_etl.py took 0.357 seconds
[2022-03-28 07:31:12,776] {processor.py:163} INFO - Started process (PID=2817) to work on /home/airflow/.local/lib/python3.7/site-packages/airflow/example_dags/tutorial_taskflow_api_etl.py
[2022-03-28 07:31:12,778] {processor.py:642} INFO - Processing file /home/airflow/.local/lib/python3.7/site-packages/airflow/example_dags/tutorial_taskflow_api_etl.py for tasks to queue
[2022-03-28 07:31:12,780] {logging_mixin.py:109} INFO - [2022-03-28 07:31:12,779] {dagbag.py:500} INFO - Filling up the DagBag from /home/airflow/.local/lib/python3.7/site-packages/airflow/example_dags/tutorial_taskflow_api_etl.py
[2022-03-28 07:31:12,831] {processor.py:654} INFO - DAG(s) dict_keys(['tutorial_taskflow_api_etl']) retrieved from /home/airflow/.local/lib/python3.7/site-packages/airflow/example_dags/tutorial_taskflow_api_etl.py
[2022-03-28 07:31:13,091] {logging_mixin.py:109} INFO - [2022-03-28 07:31:13,091] {dag.py:2398} INFO - Sync 1 DAGs
[2022-03-28 07:31:13,104] {logging_mixin.py:109} INFO - [2022-03-28 07:31:13,104] {dag.py:2937} INFO - Setting next_dagrun for tutorial_taskflow_api_etl to None
[2022-03-28 07:31:13,114] {processor.py:171} INFO - Processing /home/airflow/.local/lib/python3.7/site-packages/airflow/example_dags/tutorial_taskflow_api_etl.py took 0.348 seconds
[2022-03-28 07:31:43,477] {processor.py:163} INFO - Started process (PID=2879) to work on /home/airflow/.local/lib/python3.7/site-packages/airflow/example_dags/tutorial_taskflow_api_etl.py
[2022-03-28 07:31:43,479] {processor.py:642} INFO - Processing file /home/airflow/.local/lib/python3.7/site-packages/airflow/example_dags/tutorial_taskflow_api_etl.py for tasks to queue
[2022-03-28 07:31:43,480] {logging_mixin.py:109} INFO - [2022-03-28 07:31:43,480] {dagbag.py:500} INFO - Filling up the DagBag from /home/airflow/.local/lib/python3.7/site-packages/airflow/example_dags/tutorial_taskflow_api_etl.py
[2022-03-28 07:31:43,519] {processor.py:654} INFO - DAG(s) dict_keys(['tutorial_taskflow_api_etl']) retrieved from /home/airflow/.local/lib/python3.7/site-packages/airflow/example_dags/tutorial_taskflow_api_etl.py
[2022-03-28 07:31:43,865] {logging_mixin.py:109} INFO - [2022-03-28 07:31:43,864] {dag.py:2398} INFO - Sync 1 DAGs
[2022-03-28 07:31:43,885] {logging_mixin.py:109} INFO - [2022-03-28 07:31:43,884] {dag.py:2937} INFO - Setting next_dagrun for tutorial_taskflow_api_etl to None
[2022-03-28 07:31:43,899] {processor.py:171} INFO - Processing /home/airflow/.local/lib/python3.7/site-packages/airflow/example_dags/tutorial_taskflow_api_etl.py took 0.427 seconds
[2022-03-28 07:32:14,321] {processor.py:163} INFO - Started process (PID=2930) to work on /home/airflow/.local/lib/python3.7/site-packages/airflow/example_dags/tutorial_taskflow_api_etl.py
[2022-03-28 07:32:14,323] {processor.py:642} INFO - Processing file /home/airflow/.local/lib/python3.7/site-packages/airflow/example_dags/tutorial_taskflow_api_etl.py for tasks to queue
[2022-03-28 07:32:14,324] {logging_mixin.py:109} INFO - [2022-03-28 07:32:14,324] {dagbag.py:500} INFO - Filling up the DagBag from /home/airflow/.local/lib/python3.7/site-packages/airflow/example_dags/tutorial_taskflow_api_etl.py
[2022-03-28 07:32:14,354] {processor.py:654} INFO - DAG(s) dict_keys(['tutorial_taskflow_api_etl']) retrieved from /home/airflow/.local/lib/python3.7/site-packages/airflow/example_dags/tutorial_taskflow_api_etl.py
[2022-03-28 07:32:14,557] {logging_mixin.py:109} INFO - [2022-03-28 07:32:14,557] {dag.py:2398} INFO - Sync 1 DAGs
[2022-03-28 07:32:14,572] {logging_mixin.py:109} INFO - [2022-03-28 07:32:14,572] {dag.py:2937} INFO - Setting next_dagrun for tutorial_taskflow_api_etl to None
[2022-03-28 07:32:14,585] {processor.py:171} INFO - Processing /home/airflow/.local/lib/python3.7/site-packages/airflow/example_dags/tutorial_taskflow_api_etl.py took 0.267 seconds
